
Gurobi 8.1.1 (win64) logging started 07/11/20 07:00:42

Changed value of parameter LogFile to Results/instance4_50_3_BendersBnC.log
   Prev: gurobi.log  Default: 
Changed value of parameter Heuristics to 0.0
   Prev: 0.05  Min: 0.0  Max: 1.0  Default: 0.05
Changed value of parameter lazyConstraints to 1
   Prev: 0  Min: 0  Max: 1  Default: 0
Changed value of parameter timeLimit to 7154.3181047439575
   Prev: 1e+100  Min: 0.0  Max: 1e+100  Default: 1e+100
Optimize a model with 3104 rows, 776 columns and 6700 nonzeros
Variable types: 456 continuous, 320 integer (320 binary)
Coefficient statistics:
  Matrix range     [3e-02, 1e+00]
  Objective range  [3e-05, 1e-02]
  Bounds range     [1e+00, 1e+00]
  RHS range        [9e-03, 5e+01]
Presolve removed 1 rows and 0 columns
Presolve time: 0.01s
Presolved: 3103 rows, 776 columns, 9342 nonzeros
Variable types: 456 continuous, 320 integer (320 binary)

Root relaxation: objective 1.405684e-01, 1570 iterations, 0.07 seconds

    Nodes    |    Current Node    |     Objective Bounds      |     Work
 Expl Unexpl |  Obj  Depth IntInf | Incumbent    BestBd   Gap | It/Node Time

     0     0    0.14057    0   93          -    0.14057      -     -    0s
     0     0    0.15414    0   86          -    0.15414      -     -    0s
     0     0    0.15942    0   92          -    0.15942      -     -    0s
     0     0    0.16426    0   83          -    0.16426      -     -    0s
     0     0    0.16632    0   78          -    0.16632      -     -    0s
     0     0    0.16804    0   81          -    0.16804      -     -    0s
     0     0    0.16925    0   78          -    0.16925      -     -    0s
     0     0    0.16990    0   67          -    0.16990      -     -    0s
     0     0    0.17015    0   73          -    0.17015      -     -    0s
     0     0    0.17044    0   74          -    0.17044      -     -    0s
     0     0    0.17057    0   65          -    0.17057      -     -    0s
     0     0    0.17073    0   63          -    0.17073      -     -    0s
     0     0    0.17079    0   65          -    0.17079      -     -    0s
     0     0    0.17091    0   78          -    0.17091      -     -    0s
     0     0    0.17093    0   68          -    0.17093      -     -    0s
     0     0    0.17097    0   78          -    0.17097      -     -    0s
     0     0    0.17097    0   78          -    0.17097      -     -    0s
     0     2    0.17097    0   78          -    0.17097      -     -    0s
    90    91    0.18270   36   11          -    0.17121      -  65.8    7s
   107   105    0.20088   43   11          -    0.17121      -  66.7   10s
   204   191    0.23856   83    -          -    0.17121      -  47.8   18s
   234   207    0.24278   86    -          -    0.17121      -  43.7   22s
*  259   215              92       0.2639187    0.17134  35.1%  42.6   34s
*  265   222              91       0.2603837    0.17136  34.2%  42.6   42s
*  273   218              93       0.2494140    0.17137  31.3%  42.6   43s
   357   298    0.18465   20   36    0.24941    0.17137  31.3%  48.1   46s
   469   395    0.20084   52    3    0.24941    0.17137  31.3%  52.7   50s
*  470   242              53       0.2049425    0.17137  16.4%  52.7   52s
*  543   211              42       0.1967526    0.17175  12.7%  54.6   56s
   701   300     cutoff   43         0.19675    0.17188  12.6%  55.8   61s
   744   326    0.18225   21   93    0.19675    0.17750  9.79%  56.4   65s
   768   343    0.17843   10   78    0.19675    0.17843  9.31%  62.0   70s
   790   361    0.17878   28   87    0.19675    0.17878  9.14%  65.3   75s
   877   414    0.18221   38   68    0.19675    0.18056  8.23%  70.7   80s
  1019   485    0.18643   51   48    0.19675    0.18056  8.23%  73.4   86s
* 1192   527              80       0.1950580    0.18056  7.43%  70.8   92s
  1221   525    0.18828   41   67    0.19506    0.18056  7.43%  69.9   95s
* 1243   446              91       0.1915701    0.18065  5.70%  69.6   97s
  1603   525    0.18705   35   80    0.19157    0.18140  5.31%  71.5  100s
  1801   588    0.18606   39   74    0.19157    0.18140  5.31%  71.7  107s
  1873   628    0.18414   32   87    0.19157    0.18190  5.05%  72.1  110s
* 2086   676              65       0.1907695    0.18218  4.50%  72.1  116s
  2179   749    0.19040   56   38    0.19077    0.18229  4.45%  73.2  120s
* 2271   770              66       0.1903244    0.18229  4.22%  73.4  125s
* 2371   752              81       0.1897528    0.18247  3.84%  72.9  128s
  2517   813    0.18511   33   91    0.18975    0.18261  3.77%  75.2  130s
  3107  1039     cutoff   50         0.18975    0.18314  3.48%  78.0  137s
  3540  1222    0.18448   37   65    0.18975    0.18357  3.26%  78.8  140s
  3838  1343    0.18757   38   55    0.18975    0.18369  3.19%  79.6  147s
* 3876   635              66       0.1868924    0.18372  1.70%  79.9  150s
* 4237   572              78       0.1865659    0.18402  1.36%  82.3  155s
  4585   578    0.18489   34   81    0.18657    0.18436  1.18%  86.0  160s
  5044   497    0.18622   41   52    0.18657    0.18490  0.89%  89.9  165s
* 5324   342              75       0.1862587    0.18516  0.59%  91.5  170s

Cutting planes:
  Gomory: 1
  MIR: 332
  Flow cover: 808
  Lazy constraints: 524

Explored 5953 nodes (549111 simplex iterations) in 173.62 seconds
Thread count was 4 (of 4 available processors)

Solution count 10: 0.186259 0.186566 0.186892 ... 0.204942

Optimal solution found (tolerance 1.00e-04)
Best objective 1.862586863537e-01, best bound 1.862586863537e-01, gap 0.0000%
