
Gurobi 8.1.1 (win64) logging started 07/10/20 23:13:17

Changed value of parameter LogFile to Results/instance2_90_3_BnC_basic.log
   Prev: Results/instance2_90_3_BnC.log  Default: 
Changed value of parameter Presolve to 0
   Prev: -1  Min: -1  Max: 2  Default: -1
Changed value of parameter Cuts to 0
   Prev: -1  Min: -1  Max: 3  Default: -1
Optimize a model with 7421 rows, 776 columns and 25371 nonzeros
Variable types: 456 continuous, 320 integer (320 binary)
Coefficient statistics:
  Matrix range     [1e-13, 6e+00]
  Objective range  [3e-05, 1e-02]
  Bounds range     [1e+00, 1e+00]
  RHS range        [7e-03, 9e+01]
Variable types: 456 continuous, 320 integer (320 binary)

Root relaxation: objective 1.160467e-01, 2389 iterations, 0.62 seconds

    Nodes    |    Current Node    |     Objective Bounds      |     Work
 Expl Unexpl |  Obj  Depth IntInf | Incumbent    BestBd   Gap | It/Node Time

     0     0    0.11605    0   89          -    0.11605      -     -    0s
     0     0    0.11605    0   89          -    0.11605      -     -    0s
     0     2    0.11605    0   89          -    0.11605      -     -    0s
*  148   144              75       0.1467555    0.11606  20.9%  55.5    8s
   178   150     cutoff   81         0.14676    0.11606  20.9%  47.8   11s
*  196   154              86       0.1445653    0.11606  19.7%  52.5   14s
   207   163    0.12267   10   58    0.14457    0.11606  19.7%  63.4   15s
*  289   197              68       0.1333132    0.11606  12.9%  61.0   19s
   336   239    0.12192    5   90    0.13331    0.11609  12.9%  61.2   21s
   694   500    0.12886   23   42    0.13331    0.11669  12.5%  87.2   25s
   734   533    0.11832   13   87    0.13331    0.11669  12.5%  91.9   33s
   744   540    0.12029   16   86    0.13331    0.11763  11.8%  94.4   35s
   862   608    0.12934   51   25    0.13331    0.11921  10.6%   113   40s
   998   638     cutoff   85         0.13331    0.11922  10.6%   117   45s
  1076   645    0.12214   19   80    0.13331    0.11922  10.6%   116   50s
* 1216   622              62       0.1305324    0.11922  8.66%   122   54s
  1233   627    0.12811   65    -    0.13053    0.11936  8.56%   122   56s
* 1258   512              67       0.1287002    0.11941  7.22%   123   58s
  1391   536    0.12086   19  126    0.12870    0.11941  7.22%   121   63s
  1479   550    0.12822   22   58    0.12870    0.12045  6.41%   126   65s
  1738   588    0.12585   26   82    0.12870    0.12165  5.48%   138   70s
  1999   634    0.12652   29   60    0.12870    0.12214  5.10%   141   76s
  2256   695    0.12779   27   62    0.12870    0.12284  4.55%   144   83s
  2432   774    0.12689   29   59    0.12870    0.12308  4.37%   145   85s
  2618   866    0.12686   29   95    0.12870    0.12331  4.19%   145   90s
  2820  1002    0.12694   22   70    0.12870    0.12347  4.07%   144   95s
  3119  1188    0.12861   36   42    0.12870    0.12366  3.91%   143  100s
* 3254   918              58       0.1276777    0.12379  3.04%   143  105s
* 3555   902              55       0.1274552    0.12395  2.75%   144  111s
  3773   977    0.12657   25   82    0.12746    0.12409  2.64%   145  115s
  4085  1051    0.12729   28   63    0.12746    0.12426  2.51%   148  120s
  4485  1163    0.12652   26   57    0.12746    0.12445  2.36%   148  126s
  4856  1253    0.12672   24   72    0.12746    0.12457  2.26%   147  132s
  5030  1302    0.12575   26  114    0.12746    0.12469  2.17%   147  135s
  5346  1365    0.12735   52    7    0.12746    0.12479  2.09%   147  140s
* 5347  1325              53       0.1273865    0.12479  2.04%   147  141s
  5751  1417    0.12720   31   65    0.12739    0.12495  1.91%   147  146s
  6155  1461    0.12579   25   67    0.12739    0.12509  1.81%   148  152s
* 6369  1241              61       0.1270269    0.12513  1.49%   148  156s
  6767  1314     cutoff   30         0.12703    0.12523  1.42%   148  161s
  7123  1301     cutoff   34         0.12703    0.12532  1.34%   149  166s
  7552  1309     cutoff   22         0.12703    0.12545  1.24%   149  171s
  7950  1276    0.12670   23   75    0.12703    0.12557  1.15%   150  177s
  8368  1233     cutoff   26         0.12703    0.12569  1.06%   150  182s
  8781  1182    0.12702   27   58    0.12703    0.12582  0.95%   150  187s
  9207  1129     cutoff   31         0.12703    0.12592  0.87%   149  191s
  9600  1074    0.12688   30   55    0.12703    0.12599  0.82%   149  196s
 10074   972    0.12628   32   52    0.12703    0.12613  0.71%   149  201s
 10498   873    0.12651   29   63    0.12703    0.12623  0.62%   148  205s
 11032   729    0.12685   38   42    0.12703    0.12637  0.52%   146  210s
 11607   493     cutoff   18         0.12703    0.12657  0.36%   145  215s

Cutting planes:
  Lazy constraints: 341

Explored 12408 nodes (1745934 simplex iterations) in 219.75 seconds
Thread count was 4 (of 4 available processors)

Solution count 9: 0.127027 0.127386 0.127455 ... 0.146756

Optimal solution found (tolerance 1.00e-04)
Best objective 1.270268527479e-01, best bound 1.270268527479e-01, gap 0.0000%
