
Gurobi 8.1.1 (win64) logging started 07/11/20 12:07:39

Changed value of parameter LogFile to Results/instance4_90_3_BendersBnC.log
   Prev: gurobi.log  Default: 
Changed value of parameter Heuristics to 0.0
   Prev: 0.05  Min: 0.0  Max: 1.0  Default: 0.05
Changed value of parameter lazyConstraints to 1
   Prev: 0  Min: 0  Max: 1  Default: 0
Changed value of parameter timeLimit to 7139.8527183532715
   Prev: 1e+100  Min: 0.0  Max: 1e+100  Default: 1e+100
Optimize a model with 3944 rows, 776 columns and 8675 nonzeros
Variable types: 456 continuous, 320 integer (320 binary)
Coefficient statistics:
  Matrix range     [3e-02, 1e+00]
  Objective range  [3e-05, 1e-02]
  Bounds range     [1e+00, 1e+00]
  RHS range        [5e-03, 9e+01]
Presolve removed 1 rows and 0 columns
Presolve time: 0.01s
Presolved: 3943 rows, 776 columns, 12156 nonzeros
Variable types: 456 continuous, 320 integer (320 binary)

Root relaxation: objective 9.162171e-02, 1977 iterations, 0.11 seconds

    Nodes    |    Current Node    |     Objective Bounds      |     Work
 Expl Unexpl |  Obj  Depth IntInf | Incumbent    BestBd   Gap | It/Node Time

     0     0    0.09162    0  122          -    0.09162      -     -    0s
     0     0    0.09735    0  111          -    0.09735      -     -    0s
     0     0    0.10127    0  120          -    0.10127      -     -    0s
     0     0    0.10494    0  115          -    0.10494      -     -    0s
     0     0    0.10607    0  118          -    0.10607      -     -    0s
     0     0    0.10765    0   81          -    0.10765      -     -    0s
     0     0    0.10836    0  111          -    0.10836      -     -    0s
     0     0    0.10928    0  102          -    0.10928      -     -    0s
     0     0    0.10988    0   61          -    0.10988      -     -    0s
     0     0    0.11044    0   62          -    0.11044      -     -    0s
     0     0    0.11079    0  103          -    0.11079      -     -    0s
     0     0    0.11117    0   64          -    0.11117      -     -    0s
     0     0    0.11136    0  108          -    0.11136      -     -    0s
     0     0    0.11152    0   64          -    0.11152      -     -    0s
     0     0    0.11163    0   64          -    0.11163      -     -    0s
     0     0    0.11175    0   62          -    0.11175      -     -    0s
     0     0    0.11188    0   61          -    0.11188      -     -    0s
     0     0    0.11207    0   60          -    0.11207      -     -    0s
     0     0    0.11216    0   64          -    0.11216      -     -    0s
     0     0    0.11221    0   57          -    0.11221      -     -    0s
     0     0    0.11226    0   62          -    0.11226      -     -    0s
     0     0    0.11227    0   65          -    0.11227      -     -    0s
     0     0    0.11227    0   65          -    0.11227      -     -    0s
     0     2    0.11227    0   65          -    0.11227      -     -    0s
    27    28    0.12225   13   65          -    0.11228      -  86.4    5s
   168   166    0.14023   98   19          -    0.11228      -  42.0   11s
   249   239    0.16721  121    -          -    0.11228      -  38.7   18s
*  278   249             128       0.1937470    0.11235  42.0%  39.4   25s
   302   264    0.11495    6  105    0.19375    0.11247  42.0%  43.7   30s
*  452   290              92       0.1453805    0.11247  22.6%  50.3   36s
   548   376    0.12319   13   71    0.14538    0.11266  22.5%  51.6   41s
*  555   362             114       0.1435918    0.11266  21.5%  51.6   43s
*  690   388              94       0.1337950    0.11275  15.7%  53.7   47s
   732   414    0.12488   38   96    0.13379    0.11275  15.7%  53.0   50s
   759   432    0.12237   24   91    0.13379    0.11702  12.5%  51.1   55s
   777   446    0.12422   29   99    0.13379    0.11714  12.4%  60.5   60s
   792   458    0.12981   26   88    0.13379    0.11716  12.4%  67.3   65s
  1098   620    0.12170   46   62    0.13379    0.11759  12.1%  81.7   71s
  1157   631     cutoff   60         0.13379    0.11759  12.1%  81.5   75s
  1291   668    0.12442   71   31    0.13379    0.11759  12.1%  79.2   82s
  1317   686     cutoff  106         0.13379    0.11759  12.1%  78.1   85s
* 1331   519              94       0.1259086    0.11792  6.35%  78.5   87s
  1557   543     cutoff   44         0.12591    0.11825  6.08%  84.0   90s
  1876   626    0.12098   29   95    0.12591    0.11885  5.61%  93.8   95s
  2326   840    0.12555   52   55    0.12591    0.11920  5.33%  98.3  100s
  2524   940    0.12174   36   76    0.12591    0.11928  5.26%  98.1  105s
  2817  1123    0.12198   38   74    0.12591    0.11949  5.10%  97.1  110s
  3014  1215    0.12098   36   90    0.12591    0.11957  5.03%  97.5  115s
  3330  1431    0.12154   34   91    0.12591    0.11972  4.92%  96.3  120s
  3506  1545    0.12366   36   60    0.12591    0.11979  4.86%  97.0  125s
  3905  1719    0.12336   36   71    0.12591    0.11992  4.75%  99.5  133s
  4041  1761    0.12564   43   76    0.12591    0.12005  4.65%   101  135s
  4304  1901    0.12286   31   83    0.12591    0.12015  4.57%   102  140s
  4700  2116    0.12388   45   76    0.12591    0.12025  4.50%   103  148s
* 4760  2032              95       0.1253835    0.12026  4.08%   103  150s
  5064  2160    0.12356   32   80    0.12538    0.12037  4.00%   104  155s
  5525  2372     cutoff   39         0.12538    0.12047  3.92%   105  161s
* 5690  2086              91       0.1247292    0.12049  3.40%   106  163s
  5698  2119     cutoff   36         0.12473    0.12050  3.39%   106  166s
* 5822  1620              85       0.1239325    0.12051  2.76%   106  168s
  5856  1640    0.12297   33   84    0.12393    0.12058  2.71%   106  171s
  6127  1693     cutoff   39         0.12393    0.12071  2.60%   108  175s
  6409  1737    0.12235   39   69    0.12393    0.12082  2.51%   111  180s
  6567  1760    0.12314   61   48    0.12393    0.12090  2.44%   112  186s
  6709  1772     cutoff   43         0.12393    0.12099  2.38%   113  194s
  6864  1799    0.12230   40   77    0.12393    0.12107  2.31%   115  196s
  7249  1874    0.12265   39   64    0.12393    0.12124  2.17%   116  203s
  7466  1931    0.12267   40   73    0.12393    0.12130  2.12%   117  206s
  7882  1947    0.12360   43   69    0.12393    0.12144  2.01%   118  213s
  8186  1978    0.12371   46   55    0.12393    0.12154  1.93%   119  216s
* 8273   962              63       0.1228280    0.12154  1.05%   119  219s
  8387   892     cutoff   34         0.12283    0.12162  0.98%   120  222s
  8569   814     cutoff   37         0.12283    0.12173  0.89%   121  225s
* 8582   448              60       0.1224341    0.12173  0.57%   121  228s
  8716   366     cutoff   45         0.12243    0.12187  0.46%   122  230s

Cutting planes:
  MIR: 321
  Flow cover: 937
  Lazy constraints: 821

Explored 9191 nodes (1118063 simplex iterations) in 234.82 seconds
Thread count was 4 (of 4 available processors)

Solution count 10: 0.122434 0.122828 0.123933 ... 0.193747

Optimal solution found (tolerance 1.00e-04)
Best objective 1.224341444265e-01, best bound 1.224341444265e-01, gap 0.0000%
