
Gurobi 8.1.1 (win64) logging started 07/11/20 06:16:45

Changed value of parameter LogFile to Results/instance3_90_3_BnC_basic.log
   Prev: Results/instance3_90_3_BnC.log  Default: 
Changed value of parameter Presolve to 0
   Prev: -1  Min: -1  Max: 2  Default: -1
Changed value of parameter Cuts to 0
   Prev: -1  Min: -1  Max: 3  Default: -1
Optimize a model with 8469 rows, 776 columns and 29424 nonzeros
Variable types: 456 continuous, 320 integer (320 binary)
Coefficient statistics:
  Matrix range     [1e-13, 1e+01]
  Objective range  [3e-05, 1e-02]
  Bounds range     [1e+00, 1e+00]
  RHS range        [4e-03, 9e+01]
Variable types: 456 continuous, 320 integer (320 binary)

Root relaxation: objective 1.136250e-01, 2524 iterations, 0.64 seconds

    Nodes    |    Current Node    |     Objective Bounds      |     Work
 Expl Unexpl |  Obj  Depth IntInf | Incumbent    BestBd   Gap | It/Node Time

     0     0    0.11363    0   86          -    0.11363      -     -    0s
     0     0    0.11363    0   86          -    0.11363      -     -    0s
     0     2    0.11363    0   86          -    0.11363      -     -    0s
    85    85    0.11891   24   80          -    0.11364      -  87.9    5s
*  103    99              71       0.1368893    0.11364  17.0%  86.0    9s
   123   115    0.12660   75   10    0.13689    0.11364  17.0%  78.1   11s
   183   168    0.12733   98   35    0.13689    0.11364  17.0%  62.7   16s
   361   317    0.13431   64   12    0.13689    0.11420  16.6%  72.3   20s
*  362   309              68       0.1343584    0.11420  15.0%  72.4   22s
   522   435    0.11734   10   89    0.13436    0.11428  14.9%  80.4   26s
*  526   425              43       0.1302528    0.11428  12.3%  81.2   28s
*  611   453              40       0.1302526    0.11467  12.0%  88.4   31s
   727   547    0.12742  101   86    0.13025    0.11472  11.9%  94.2   37s
   729   548    0.12727   97   86    0.13025    0.11472  11.9%  94.0   40s
   736   556    0.11540   13   87    0.13025    0.11472  11.9%  98.7   45s
   784   581    0.12266   24   81    0.13025    0.11489  11.8%   115   50s
   870   625    0.12513   41   64    0.13025    0.11489  11.8%   124   56s
  1006   643    0.11739   18  102    0.13025    0.11489  11.8%   121   61s
  1123   696    0.12458   35   72    0.13025    0.11525  11.5%   130   65s
  1309   703    0.12625   80    6    0.13025    0.11525  11.5%   126   71s
* 1310   601              81       0.1264564    0.11525  8.86%   126   73s
  1345   613    0.12264   22   82    0.12646    0.11541  8.74%   128   75s
* 1422   604              68       0.1253364    0.11541  7.92%   125   79s
  1429   608    0.12472   34   44    0.12534    0.11610  7.37%   125   82s
  1495   630    0.12290   43   83    0.12534    0.11636  7.16%   127   85s
  1736   732    0.12130   26  122    0.12534    0.11638  7.15%   127   90s
  1861   765    0.12328   29   46    0.12534    0.11661  6.96%   130   95s
  2100   865    0.12520   50   51    0.12534    0.11670  6.89%   129  102s
  2236   922    0.12144   23   70    0.12534    0.11676  6.85%   129  105s
  2443  1063    0.12442   49   59    0.12534    0.11685  6.77%   129  110s
  2702  1205     cutoff   89         0.12534    0.11693  6.71%   127  117s
  2889  1367    0.11918   32   97    0.12534    0.11707  6.59%   126  120s
  3185  1579    0.12385   35   29    0.12534    0.11719  6.50%   125  125s
* 3280  1391              58       0.1244222    0.11722  5.79%   123  127s
* 3288  1387              60       0.1243867    0.11722  5.76%   123  129s
  3301  1428    0.12042   37   69    0.12439    0.11724  5.75%   123  131s
  3449  1540    0.12421   72    3    0.12439    0.11729  5.70%   122  136s
* 3451  1491              74       0.1242399    0.11729  5.59%   122  138s
  3572  1578    0.11922   24   71    0.12424    0.11734  5.55%   121  140s
* 3611   508              63       0.1206995    0.11734  2.78%   120  142s
  3766   549    0.11944   25   52    0.12070    0.11742  2.72%   121  146s
  3907   576     cutoff   19         0.12070    0.11756  2.60%   124  151s
  4032   605    0.11924   22  105    0.12070    0.11770  2.49%   127  156s
  4213   673    0.11875   22   88    0.12070    0.11794  2.29%   128  161s
  4397   716    0.11996   22   96    0.12070    0.11809  2.17%   130  168s
  4462   717     cutoff   22         0.12070    0.11815  2.11%   131  171s
  4651   744    0.11967   21   56    0.12070    0.11832  1.97%   134  177s
  4788   773    0.11913   36   81    0.12070    0.11835  1.94%   134  181s
  5070   859    0.11984   34   91    0.12070    0.11846  1.85%   134  188s
  5225   923     cutoff   26         0.12070    0.11853  1.79%   135  192s
  5326   909    0.11911   35   80    0.12070    0.11860  1.74%   136  196s
  5505   962     cutoff   24         0.12070    0.11865  1.70%   136  201s
  5644   946    0.12063   39   73    0.12070    0.11873  1.63%   136  205s
  5832   984    0.11882   28   85    0.12070    0.11882  1.56%   137  210s
  6171  1037     cutoff   31         0.12070    0.11891  1.48%   138  219s
  6369  1054    0.12045   34   90    0.12070    0.11895  1.45%   138  223s
  6541  1052     cutoff   32         0.12070    0.11903  1.39%   139  228s
  6704  1052    0.12068   27   92    0.12070    0.11911  1.32%   139  233s
  6902  1048     cutoff   28         0.12070    0.11916  1.27%   140  237s
  7058  1031    0.12045   38   76    0.12070    0.11923  1.21%   141  242s
  7271  1023    0.12019   28   58    0.12070    0.11929  1.17%   141  246s
  7446   993    0.12042   24   85    0.12070    0.11934  1.12%   141  250s
  7788   961     cutoff   18         0.12070    0.11946  1.03%   141  259s
  7963   937     cutoff   39         0.12070    0.11950  0.99%   141  263s
  8152   921     cutoff   25         0.12070    0.11954  0.96%   141  268s
  8367   918     cutoff   37         0.12070    0.11959  0.92%   141  272s
  8522   890    0.11988   25   63    0.12070    0.11964  0.88%   141  275s
* 8556   881              38       0.1206729    0.11964  0.86%   141  276s
  8778   823     cutoff   22         0.12067    0.11973  0.78%   141  283s
  8913   800     cutoff   31         0.12067    0.11977  0.75%   142  287s
  9069   769     cutoff   42         0.12067    0.11980  0.72%   142  290s
  9275   696     cutoff   34         0.12067    0.11990  0.64%   142  295s
  9548   571     cutoff   34         0.12067    0.12001  0.55%   142  301s
  9713   495    0.12012   36   72    0.12067    0.12006  0.51%   142  305s
  9955   375     cutoff   39         0.12067    0.12016  0.42%   143  310s
 10198   209     cutoff   45         0.12067    0.12028  0.33%   143  315s
*10402    29              42       0.1205308    0.12043  0.08%   142  320s

Cutting planes:
  Lazy constraints: 409

Explored 10484 nodes (1485445 simplex iterations) in 321.15 seconds
Thread count was 4 (of 4 available processors)

Solution count 10: 0.120531 0.120673 0.1207 ... 0.130253

Optimal solution found (tolerance 1.00e-04)
Best objective 1.205308141734e-01, best bound 1.205308141734e-01, gap 0.0000%
