
Gurobi 8.1.1 (win64) logging started 07/10/20 07:25:52

Changed value of parameter LogFile to Results/instance1_50_3_BendersBnC.log
   Prev: gurobi.log  Default: 
Changed value of parameter Heuristics to 0.0
   Prev: 0.05  Min: 0.0  Max: 1.0  Default: 0.05
Changed value of parameter lazyConstraints to 1
   Prev: 0  Min: 0  Max: 1  Default: 0
Changed value of parameter timeLimit to 7157.917450428009
   Prev: 1e+100  Min: 0.0  Max: 1e+100  Default: 1e+100
Optimize a model with 2872 rows, 776 columns and 6448 nonzeros
Variable types: 456 continuous, 320 integer (320 binary)
Coefficient statistics:
  Matrix range     [2e-02, 1e+00]
  Objective range  [3e-05, 1e-02]
  Bounds range     [1e+00, 1e+00]
  RHS range        [2e-02, 5e+01]
Presolve time: 0.00s
Presolved: 2872 rows, 776 columns, 8861 nonzeros
Variable types: 456 continuous, 320 integer (320 binary)

Root relaxation: objective 1.361574e-01, 1626 iterations, 0.07 seconds

    Nodes    |    Current Node    |     Objective Bounds      |     Work
 Expl Unexpl |  Obj  Depth IntInf | Incumbent    BestBd   Gap | It/Node Time

     0     0    0.13616    0   90          -    0.13616      -     -    0s
     0     0    0.14971    0   87          -    0.14971      -     -    0s
     0     0    0.15286    0   86          -    0.15286      -     -    0s
     0     0    0.15721    0   86          -    0.15721      -     -    0s
     0     0    0.15892    0   83          -    0.15892      -     -    0s
     0     0    0.16034    0   83          -    0.16034      -     -    0s
     0     0    0.16112    0   82          -    0.16112      -     -    0s
     0     0    0.16180    0   81          -    0.16180      -     -    0s
     0     0    0.16224    0   74          -    0.16224      -     -    0s
     0     0    0.16251    0   79          -    0.16251      -     -    0s
     0     0    0.16254    0   76          -    0.16254      -     -    0s
     0     0    0.16275    0   76          -    0.16275      -     -    0s
     0     0    0.16278    0   75          -    0.16278      -     -    0s
     0     0    0.16279    0   38          -    0.16279      -     -    0s
     0     0    0.16281    0   47          -    0.16281      -     -    0s
     0     0    0.16282    0   47          -    0.16282      -     -    0s
     0     0    0.16282    0   47          -    0.16282      -     -    0s
     0     2    0.16282    0   47          -    0.16282      -     -    0s
    75    73    0.18029   31   21          -    0.16286      -  54.9    6s
   108   106    0.19507   46    7          -    0.16286      -  52.9   10s
   169   151    0.21920   54    9          -    0.16295      -  47.1   16s
*  172   151              56       0.2206527    0.16295  26.2%  46.5   18s
   196   167    0.16323    3   80    0.22065    0.16295  26.2%  43.8   20s
*  198   164              80       0.2186697    0.16295  25.5%  43.8   21s
   326   280    0.17838   26   42    0.21867    0.16295  25.5%  55.6   26s
*  349   238              62       0.2053738    0.16295  20.7%  55.6   30s
   463   326    0.17309   13   80    0.20537    0.16308  20.6%  60.1   35s
   509   367    0.17534   17   56    0.20537    0.16308  20.6%  61.4   42s
*  558   302              73       0.1836483    0.16308  11.2%  58.9   44s
   686   387    0.17674   23   29    0.18365    0.16340  11.0%  57.8   46s
*  700   391              78       0.1836145    0.16371  10.8%  58.2   49s
*  709   393              76       0.1836066    0.16378  10.8%  59.1   55s
*  711   392              78       0.1835926    0.16378  10.8%  59.0   56s
   735   412    0.18193   36   83    0.18359    0.16655  9.28%  59.8   60s
   761   435    0.16972   15   86    0.18359    0.16780  8.60%  66.6   65s
   883   505    0.17401   26   57    0.18359    0.16967  7.58%  76.4   71s
   953   534    0.17913   39   18    0.18359    0.16967  7.58%  76.3   77s
   971   543     cutoff   56         0.18359    0.16967  7.58%  76.2   80s
* 1048   505              59       0.1814141    0.16985  6.37%  76.6   86s
  1280   538    0.18089   43    3    0.18141    0.17064  5.94%  75.0   90s
  1375   568    0.17935   29   29    0.18141    0.17082  5.84%  76.1   96s
* 1385   551              53       0.1813828    0.17082  5.82%  75.9   98s
  1465   562    0.17284   20   69    0.18138    0.17087  5.80%  75.7  102s
  1531   566    0.17807   33   36    0.18138    0.17087  5.80%  75.1  109s
* 1552   546              41       0.1811885    0.17087  5.70%  74.8  111s
* 1681   454              48       0.1796231    0.17131  4.63%  74.0  116s
  1750   444    0.17333   18   85    0.17962    0.17170  4.41%  75.3  120s
* 1965   538              54       0.1794297    0.17209  4.09%  76.7  126s
* 2012   535              56       0.1791525    0.17209  3.94%  76.2  128s
  2217   640    0.17824   28   55    0.17915    0.17245  3.74%  76.8  130s
  2458   707    0.17749   25   64    0.17915    0.17268  3.61%  78.7  135s
* 2472   376              37       0.1762239    0.17268  2.01%  78.8  137s
  2751   424     cutoff   24         0.17622    0.17315  1.74%  81.2  140s
  3199   443    0.17538   20   43    0.17622    0.17389  1.33%  86.8  145s
  3486   460     cutoff   30         0.17622    0.17407  1.22%  89.0  150s
  3706   470    0.17514   22   80    0.17622    0.17433  1.08%  90.1  155s
* 3762   467              32       0.1761980    0.17440  1.02%  90.6  157s
  3872   434     cutoff   36         0.17620    0.17452  0.95%  90.8  162s
* 4091   350              31       0.1759465    0.17476  0.67%  91.9  166s
* 4260   177              39       0.1755125    0.17505  0.26%  92.7  171s

Cutting planes:
  Gomory: 6
  MIR: 391
  Flow cover: 726
  Lazy constraints: 624

Explored 4512 nodes (414563 simplex iterations) in 172.60 seconds
Thread count was 4 (of 4 available processors)

Solution count 10: 0.175512 0.175946 0.176198 ... 0.181414

Optimal solution found (tolerance 1.00e-04)
Best objective 1.755124580602e-01, best bound 1.755124580602e-01, gap 0.0000%
