
Gurobi 8.1.1 (win64) logging started 07/10/20 04:01:44

Changed value of parameter LogFile to Results/instance0_70_3_BnC_basic.log
   Prev: Results/instance0_70_3_BnC.log  Default: 
Changed value of parameter Presolve to 0
   Prev: -1  Min: -1  Max: 2  Default: -1
Changed value of parameter Cuts to 0
   Prev: -1  Min: -1  Max: 3  Default: -1
Optimize a model with 9008 rows, 776 columns and 35230 nonzeros
Variable types: 456 continuous, 320 integer (320 binary)
Coefficient statistics:
  Matrix range     [1e-13, 7e+00]
  Objective range  [3e-05, 1e-02]
  Bounds range     [1e+00, 1e+00]
  RHS range        [9e-03, 7e+01]
Variable types: 456 continuous, 320 integer (320 binary)

Root relaxation: objective 1.461498e-01, 2521 iterations, 0.73 seconds

    Nodes    |    Current Node    |     Objective Bounds      |     Work
 Expl Unexpl |  Obj  Depth IntInf | Incumbent    BestBd   Gap | It/Node Time

     0     0    0.14615    0   84          -    0.14615      -     -    0s
     0     0    0.14615    0   84          -    0.14615      -     -    0s
     0     2    0.14615    0   84          -    0.14615      -     -    0s
   149   142    0.15910   72    1          -    0.14615      -  33.8    6s
*  161   148              73       0.1588162    0.14615  7.97%  31.7    9s
   169   142     cutoff   77         0.15882    0.14616  7.97%  31.3   11s
*  176   142              77       0.1586143    0.14616  7.85%  33.4   13s
   226   189    0.15063   36   50    0.15861    0.14616  7.85%  60.2   16s
*  265   161              79       0.1516428    0.14616  3.62%  55.7   18s
   340   213    0.15141   50   29    0.15164    0.14617  3.61%  63.4   21s
*  367   182              80       0.1509216    0.14617  3.15%  60.0   24s
   373   185    0.14796   29   42    0.15092    0.14618  3.14%  63.0   25s
   562   268    0.14742   41   63    0.15092    0.14620  3.13%  91.7   30s
   723   345    0.14935   36   84    0.15092    0.14621  3.12%   105   36s
   728   351    0.14679   13   85    0.15092    0.14621  3.12%   109   42s
   730   352    0.14744   14  120    0.15092    0.14676  2.76%   110   45s
   771   370    0.14918   26   42    0.15092    0.14764  2.18%   122   50s
   903   386    0.14884   22   54    0.15092    0.14767  2.16%   128   55s
  1028   426    0.15003   32   50    0.15092    0.14799  1.94%   132   62s
  1066   418     cutoff   18         0.15092    0.14820  1.80%   138   65s
  1254   425    0.14957   24   98    0.15092    0.14855  1.57%   151   70s
  1361   431    0.14943   19   81    0.15092    0.14877  1.43%   155   75s
* 1569   271              57       0.1501083    0.14889  0.81%   157   80s
  1702   218     cutoff   20         0.15011    0.14904  0.71%   161   85s
  1873   173    0.14972   31   45    0.15011    0.14930  0.54%   166   90s
  2165    56     cutoff   26         0.15011    0.14970  0.27%   167   95s

Cutting planes:
  Lazy constraints: 279

Explored 2310 nodes (379935 simplex iterations) in 96.42 seconds
Thread count was 4 (of 4 available processors)

Solution count 5: 0.150108 0.150922 0.151643 ... 0.158816

Optimal solution found (tolerance 1.00e-04)
Best objective 1.501083329019e-01, best bound 1.501083329019e-01, gap 0.0000%
