
Gurobi 8.1.1 (win64) logging started 07/10/20 12:57:40

Changed value of parameter LogFile to Results/instance1_90_3_BendersBnC.log
   Prev: gurobi.log  Default: 
Changed value of parameter Heuristics to 0.0
   Prev: 0.05  Min: 0.0  Max: 1.0  Default: 0.05
Changed value of parameter lazyConstraints to 1
   Prev: 0  Min: 0  Max: 1  Default: 0
Changed value of parameter timeLimit to 7141.970198392868
   Prev: 1e+100  Min: 0.0  Max: 1e+100  Default: 1e+100
Optimize a model with 3907 rows, 776 columns and 8784 nonzeros
Variable types: 456 continuous, 320 integer (320 binary)
Coefficient statistics:
  Matrix range     [2e-02, 1e+00]
  Objective range  [3e-05, 1e-02]
  Bounds range     [1e+00, 1e+00]
  RHS range        [2e-02, 9e+01]
Presolve time: 0.01s
Presolved: 3907 rows, 776 columns, 12232 nonzeros
Variable types: 456 continuous, 320 integer (320 binary)

Root relaxation: objective 8.379909e-02, 1801 iterations, 0.12 seconds

    Nodes    |    Current Node    |     Objective Bounds      |     Work
 Expl Unexpl |  Obj  Depth IntInf | Incumbent    BestBd   Gap | It/Node Time

     0     0    0.08380    0  104          -    0.08380      -     -    0s
     0     0    0.09095    0   93          -    0.09095      -     -    0s
     0     0    0.09248    0  113          -    0.09248      -     -    0s
     0     0    0.09464    0  110          -    0.09464      -     -    0s
     0     0    0.09638    0  102          -    0.09638      -     -    0s
     0     0    0.09827    0  117          -    0.09827      -     -    0s
     0     0    0.09898    0  116          -    0.09898      -     -    0s
     0     0    0.09994    0   83          -    0.09994      -     -    0s
     0     0    0.10038    0   88          -    0.10038      -     -    0s
     0     0    0.10093    0   84          -    0.10093      -     -    0s
     0     0    0.10129    0   88          -    0.10129      -     -    0s
     0     0    0.10176    0  120          -    0.10176      -     -    0s
     0     0    0.10212    0  128          -    0.10212      -     -    0s
     0     0    0.10241    0   93          -    0.10241      -     -    0s
     0     0    0.10269    0   90          -    0.10269      -     -    0s
     0     0    0.10286    0  128          -    0.10286      -     -    0s
     0     0    0.10296    0   90          -    0.10296      -     -    0s
     0     0    0.10315    0   87          -    0.10315      -     -    0s
     0     0    0.10330    0   88          -    0.10330      -     -    0s
     0     0    0.10340    0   85          -    0.10340      -     -    1s
     0     0    0.10344    0   87          -    0.10344      -     -    1s
     0     0    0.10352    0  121          -    0.10352      -     -    1s
     0     0    0.10361    0   88          -    0.10361      -     -    1s
     0     0    0.10365    0   88          -    0.10365      -     -    1s
     0     0    0.10370    0   85          -    0.10370      -     -    1s
     0     0    0.10375    0   84          -    0.10375      -     -    1s
     0     0    0.10379    0   86          -    0.10379      -     -    1s
     0     0    0.10385    0   88          -    0.10385      -     -    1s
     0     0    0.10387    0   87          -    0.10387      -     -    1s
     0     0    0.10391    0   86          -    0.10391      -     -    1s
     0     0    0.10391    0   86          -    0.10391      -     -    1s
     0     2    0.10391    0   86          -    0.10391      -     -    1s
    94    95    0.11975   35   48          -    0.10400      -  69.4    5s
*  169   154              75       0.1300783    0.10400  20.0%  58.1   10s
   257   204     cutoff   39         0.13008    0.10436  19.8%  57.2   16s
   334   273    0.10947   16   84    0.13008    0.10436  19.8%  61.9   21s
*  360   210              81       0.1197952    0.10436  12.9%  59.5   25s
   637   433     cutoff   63         0.11980    0.10490  12.4%  62.3   34s
   695   464    0.11260    7   90    0.11980    0.10490  12.4%  61.3   36s
*  701   429              68       0.1187512    0.10490  11.7%  61.3   38s
   734   461    0.11546   10   86    0.11875    0.10490  11.7%  62.3   40s
   756   476    0.11251    8  104    0.11875    0.10936  7.91%  60.4   45s
   771   487    0.11519   18  100    0.11875    0.10944  7.84%  68.4   50s
   786   500    0.10982   25   97    0.11875    0.10955  7.75%  73.2   55s
  1162   647     cutoff   81         0.11875    0.11005  7.33%  91.1   63s
  1195   655    0.11093   30   70    0.11875    0.11005  7.33%  92.5   67s
  1309   665    0.11337   31   92    0.11875    0.11005  7.33%  91.8   70s
  1370   682    0.11364   39   60    0.11875    0.11005  7.33%  93.9   75s
* 1424   682              82       0.1185954    0.11005  7.21%  93.0   80s
* 1545   533              79       0.1154246    0.11040  4.35%  91.7   85s
  1927   589    0.11416   42   61    0.11542    0.11084  3.97%   103   92s
  1987   623     cutoff   55         0.11542    0.11091  3.91%   102   95s
  2224   726     cutoff   42         0.11542    0.11107  3.77%   107  100s
  2450   864    0.11301   33   78    0.11542    0.11125  3.62%   112  107s
* 2473   833              53       0.1153216    0.11127  3.51%   113  109s
  2481   837    0.11273   33   81    0.11532    0.11127  3.51%   114  110s
* 2552   814              50       0.1150204    0.11127  3.26%   115  114s
  2588   817     cutoff   40         0.11502    0.11133  3.21%   116  115s
* 2630   577              49       0.1141859    0.11133  2.50%   116  117s
  2792   632    0.11214   30  105    0.11419    0.11143  2.41%   121  120s
  3165   670    0.11336   32   75    0.11419    0.11164  2.23%   133  125s
* 3235   669              51       0.1141196    0.11168  2.14%   133  128s
  3324   696     cutoff   37         0.11412    0.11176  2.07%   135  130s
* 3421   648              55       0.1139451    0.11183  1.85%   137  133s
  3592   691     cutoff   39         0.11395    0.11198  1.73%   141  135s
* 3918   475              48       0.1133526    0.11209  1.12%   148  141s
  4042   436    0.11252   36   78    0.11335    0.11225  0.98%   153  145s
  4309   322     cutoff   33         0.11335    0.11258  0.68%   161  150s
  4728     0     cutoff   37         0.11335    0.11327  0.07%   168  155s

Cutting planes:
  MIR: 266
  Flow cover: 876
  Lazy constraints: 444

Explored 4771 nodes (804188 simplex iterations) in 155.32 seconds
Thread count was 4 (of 4 available processors)

Solution count 10: 0.113353 0.113945 0.11412 ... 0.119795

Optimal solution found (tolerance 1.00e-04)
Best objective 1.133525693211e-01, best bound 1.133525693211e-01, gap 0.0000%
