
Gurobi 8.1.1 (win64) logging started 07/09/20 23:13:33

Changed value of parameter LogFile to Results/instance0_30_3_BendersBnC_basic.log
   Prev: Results/instance0_30_3_BendersBnC.log  Default: 
Changed value of parameter Presolve to 0
   Prev: -1  Min: -1  Max: 2  Default: -1
Changed value of parameter Cuts to 0
   Prev: -1  Min: -1  Max: 3  Default: -1
Optimize a model with 2608 rows, 776 columns and 5774 nonzeros
Variable types: 456 continuous, 320 integer (320 binary)
Coefficient statistics:
  Matrix range     [3e-02, 1e+00]
  Objective range  [3e-05, 1e-02]
  Bounds range     [1e+00, 1e+00]
  RHS range        [1e-02, 3e+01]
Variable types: 456 continuous, 320 integer (320 binary)

Root relaxation: objective 1.682322e-01, 2074 iterations, 0.05 seconds

    Nodes    |    Current Node    |     Objective Bounds      |     Work
 Expl Unexpl |  Obj  Depth IntInf | Incumbent    BestBd   Gap | It/Node Time

     0     0    0.16823    0   83          -    0.16823      -     -    0s
     0     0    0.16823    0   83          -    0.16823      -     -    0s
     0     2    0.16823    0   83          -    0.16823      -     -    0s
*  196   166              86       0.2335207    0.16827  27.9%  21.5    6s
*  198   166              87       0.2335119    0.16827  27.9%  21.3    7s
   429   351    0.17931   13   60    0.23351    0.16837  27.9%  43.5   11s
*  432   343              74       0.2298300    0.16837  26.7%  44.4   13s
   585   463    0.22115   64    2    0.22983    0.16867  26.6%  46.4   15s
*  586   406              65       0.2215250    0.16867  23.9%  46.3   16s
*  990   593              46       0.2200281    0.17522  20.4%  53.8   20s
* 1667   748              48       0.2186467    0.18706  14.4%  50.9   24s
  2520  1075    0.21804   41   16    0.21865    0.19158  12.4%  48.2   25s
* 3198  1371              51       0.2169501    0.19302  11.0%  46.4   29s
  5243  2276    0.20307   27   42    0.21695    0.19662  9.37%  44.0   30s
 18376  6990    0.21683   31   33    0.21695    0.20303  6.42%  39.9   35s
 32303 11042    0.21486   33   20    0.21695    0.20552  5.27%  38.3   40s
 45944 14766    0.21388   23   34    0.21695    0.20713  4.53%  37.3   45s
 57067 17314     cutoff   30         0.21695    0.20807  4.09%  36.6   50s
*61804 17709              49       0.2164292    0.20840  3.71%  36.5   53s
 65141 18409    0.21299   31   33    0.21643    0.20866  3.59%  36.3   55s
 80185 20580    0.21179   29   32    0.21643    0.20960  3.16%  35.8   60s
 94097 22427    0.21475   29   30    0.21643    0.21032  2.82%  35.5   65s
 105809 23814    0.21476   36   16    0.21643    0.21082  2.59%  35.2   70s
 117589 25071    0.21280   28   34    0.21643    0.21126  2.39%  35.0   75s
 129251 26125    0.21456   30   24    0.21643    0.21163  2.22%  34.8   80s
 140251 27060     cutoff   31         0.21643    0.21195  2.07%  34.6   85s
 151906 27698    0.21556   30   28    0.21643    0.21227  1.92%  34.4   90s
 162867 28101    0.21451   28   29    0.21643    0.21254  1.80%  34.2   95s
 173946 28181     cutoff   33         0.21643    0.21280  1.68%  34.0  100s
 185090 28228     cutoff   32         0.21643    0.21303  1.57%  33.8  105s
 195950 27887     cutoff   30         0.21643    0.21326  1.46%  33.5  110s
 206049 27117    0.21436   26   35    0.21643    0.21348  1.36%  33.4  115s
 216513 26165    0.21629   31   23    0.21643    0.21369  1.26%  33.3  120s
 226890 24799    0.21548   32   30    0.21643    0.21391  1.16%  33.1  125s
 237202 22977    0.21476   30   25    0.21643    0.21413  1.06%  32.8  130s
 247679 20720    0.21525   34   22    0.21643    0.21437  0.95%  32.6  135s
 258235 17698    0.21572   29   28    0.21643    0.21465  0.82%  32.4  140s
 269003 13599    0.21544   27   37    0.21643    0.21500  0.66%  32.1  145s
 280771  7294    0.21588   32   18    0.21643    0.21553  0.42%  31.7  150s

Cutting planes:
  Lazy constraints: 28

Explored 290533 nodes (9058071 simplex iterations) in 153.52 seconds
Thread count was 4 (of 4 available processors)

Solution count 8: 0.216429 0.21695 0.218647 ... 0.233521

Optimal solution found (tolerance 1.00e-04)
Best objective 2.164291557265e-01, best bound 2.164101985754e-01, gap 0.0088%
