
Gurobi 8.1.1 (win64) logging started 07/11/20 06:58:22

Changed value of parameter LogFile to Results/instance4_30_3_BnC_basic.log
   Prev: Results/instance4_30_3_BnC.log  Default: 
Changed value of parameter Presolve to 0
   Prev: -1  Min: -1  Max: 2  Default: -1
Changed value of parameter Cuts to 0
   Prev: -1  Min: -1  Max: 3  Default: -1
Optimize a model with 4482 rows, 776 columns and 15403 nonzeros
Variable types: 456 continuous, 320 integer (320 binary)
Coefficient statistics:
  Matrix range     [1e-13, 1e+01]
  Objective range  [3e-05, 1e-02]
  Bounds range     [1e+00, 1e+00]
  RHS range        [1e-02, 3e+01]
Variable types: 456 continuous, 320 integer (320 binary)

Root relaxation: objective 2.143833e-01, 1448 iterations, 0.11 seconds

    Nodes    |    Current Node    |     Objective Bounds      |     Work
 Expl Unexpl |  Obj  Depth IntInf | Incumbent    BestBd   Gap | It/Node Time

     0     0    0.21438    0   33          -    0.21438      -     -    0s
     0     0    0.21438    0   33          -    0.21438      -     -    0s
     0     2    0.21438    0   33          -    0.21438      -     -    0s
   146   132    0.23696   70    -          -    0.21484      -  32.0    7s
*  176   139              67       0.2272719    0.21505  5.38%  31.1   13s
   244   187    0.22725   19    5    0.22727    0.21506  5.37%  44.4   15s
*  258   189              36       0.2260276    0.21506  4.85%  45.8   18s
*  315   143              33       0.2221022    0.21506  3.17%  51.6   20s
*  362   103              27       0.2203823    0.21585  2.06%  56.0   22s
*  376   102              27       0.2202178    0.21585  1.98%  56.6   25s
   434   118    0.22001   22    3    0.22022    0.21602  1.91%  60.2   30s
*  435   111              23       0.2200178    0.21602  1.82%  60.1   31s
   951   226    0.21780   12   19    0.22002    0.21750  1.14%  71.9   35s
*  963   127              24       0.2186946    0.21750  0.55%  71.9   37s

Cutting planes:
  Lazy constraints: 458

Explored 1285 nodes (89785 simplex iterations) in 39.84 seconds
Thread count was 4 (of 4 available processors)

Solution count 7: 0.218695 0.220018 0.220218 ... 0.227272

Optimal solution found (tolerance 1.00e-04)
Best objective 2.186945627606e-01, best bound 2.186945627606e-01, gap 0.0000%
