
Gurobi 8.1.1 (win64) logging started 07/10/20 06:58:27

Changed value of parameter LogFile to Results/instance1_30_3_BendersBnC_basic.log
   Prev: Results/instance1_30_3_BendersBnC.log  Default: 
Changed value of parameter Presolve to 0
   Prev: -1  Min: -1  Max: 2  Default: -1
Changed value of parameter Cuts to 0
   Prev: -1  Min: -1  Max: 3  Default: -1
Optimize a model with 2037 rows, 776 columns and 4561 nonzeros
Variable types: 456 continuous, 320 integer (320 binary)
Coefficient statistics:
  Matrix range     [2e-02, 1e+00]
  Objective range  [3e-05, 1e-02]
  Bounds range     [1e+00, 1e+00]
  RHS range        [3e-02, 3e+01]
Variable types: 456 continuous, 320 integer (320 binary)

Root relaxation: objective 1.613420e-01, 1539 iterations, 0.04 seconds

    Nodes    |    Current Node    |     Objective Bounds      |     Work
 Expl Unexpl |  Obj  Depth IntInf | Incumbent    BestBd   Gap | It/Node Time

     0     0    0.16134    0   85          -    0.16134      -     -    0s
     0     0    0.16134    0   85          -    0.16134      -     -    0s
     0     2    0.16134    0   85          -    0.16134      -     -    0s
   199   163    0.25170   79    -          -    0.16166      -  20.7    6s
   257   198    0.16465   10   73          -    0.16176      -  22.5   10s
*  272   217              99       0.2692077    0.16176  39.9%  23.0   15s
*  507   358              82       0.2169304    0.16186  25.4%  33.8   20s
   737   540    0.18467   13   74    0.21693    0.16186  25.4%  41.6   25s
* 1099   677              61       0.2138422    0.16953  20.7%  43.6   33s
  1893   931    0.20674   26   38    0.21384    0.17843  16.6%  43.2   35s
  1986   984    0.21098   30   26    0.21384    0.17908  16.3%  42.4   42s
* 2000   961              88       0.2138405    0.17920  16.2%  42.4   44s
* 2001   936              85       0.2137885    0.17920  16.2%  42.3   46s
  2568  1282    0.18260   25   54    0.21379    0.18122  15.2%  42.6   50s
* 2658  1268              82       0.2132175    0.18132  15.0%  42.5   52s
  3586  1903    0.21188   32   27    0.21322    0.18337  14.0%  43.4   55s
* 4320  2118              69       0.2112660    0.18454  12.7%  43.6   65s
* 4441  2208              78       0.2112277    0.18469  12.6%  43.7   72s
* 4785  2330              77       0.2108147    0.18534  12.1%  43.4   76s
* 6217  2668              65       0.2082996    0.18684  10.3%  44.0   79s
  6277  2685     cutoff   29         0.20830    0.18687  10.3%  44.0   80s
 14027  6054     cutoff   42         0.20830    0.19152  8.06%  44.8   85s
 22192  9410    0.20157   33   37    0.20830    0.19372  7.00%  44.0   90s
*29493 12036              69       0.2079856    0.19487  6.31%  43.5   96s
 35042 14044     cutoff   41         0.20799    0.19560  5.95%  43.3  100s
 42819 16628    0.20069   31   45    0.20799    0.19639  5.58%  43.0  105s
 47477 18237     cutoff   48         0.20799    0.19675  5.40%  42.7  110s
 55404 20740    0.20660   31   31    0.20799    0.19733  5.13%  42.4  115s
 63940 23293    0.20257   34   31    0.20799    0.19782  4.89%  41.9  120s
 72492 25682     cutoff   38         0.20799    0.19825  4.68%  41.6  125s
 81079 27945    0.20747   39   20    0.20799    0.19864  4.50%  41.3  130s
 84821 28964    0.20669   34   31    0.20799    0.19879  4.42%  41.1  135s
 93367 31176     cutoff   43         0.20799    0.19910  4.27%  40.9  140s
*101048 32973              66       0.2079571    0.19936  4.13%  40.6  146s
 107210 34533    0.20794   33   35    0.20796    0.19954  4.05%  40.4  150s
 116092 36492     cutoff   34         0.20796    0.19980  3.92%  40.1  155s
*119478 35783              74       0.2071210    0.19988  3.50%  40.0  159s
 120704 35982     cutoff   32         0.20712    0.19992  3.48%  40.0  160s
 129802 37340    0.20191   37   26    0.20712    0.20017  3.36%  39.8  165s
 138714 38675     cutoff   40         0.20712    0.20039  3.25%  39.5  170s
 147728 39895    0.20636   36   39    0.20712    0.20060  3.15%  39.2  175s
 156342 40870     cutoff   36         0.20712    0.20079  3.06%  39.0  180s
 165716 41930    0.20526   31   38    0.20712    0.20098  2.96%  38.8  185s
 174275 42903    0.20485   36   27    0.20712    0.20115  2.88%  38.6  190s
 183482 43747    0.20636   37   22    0.20712    0.20132  2.80%  38.4  195s
 192663 44538    0.20473   39   29    0.20712    0.20148  2.73%  38.2  200s
 201736 45221     cutoff   38         0.20712    0.20163  2.65%  38.0  205s
 210908 45670    0.20240   34   29    0.20712    0.20178  2.58%  37.9  210s
 219909 46169    0.20576   34   34    0.20712    0.20191  2.52%  37.7  215s
 229115 46523    0.20705   42   17    0.20712    0.20205  2.45%  37.6  220s
 238133 46795    0.20583   34   27    0.20712    0.20218  2.39%  37.5  225s
 246748 46986     cutoff   30         0.20712    0.20229  2.33%  37.3  230s
 253021 47138    0.20501   41   22    0.20712    0.20237  2.29%  37.2  237s
 257050 47111    0.20510   39   26    0.20712    0.20243  2.26%  37.2  240s
 265013 47117    0.20522   37   24    0.20712    0.20254  2.21%  37.1  245s
 273471 47034     cutoff   39         0.20712    0.20264  2.16%  36.9  250s
 281574 46899     cutoff   40         0.20712    0.20274  2.11%  36.8  255s
 290066 46593    0.20552   37   30    0.20712    0.20285  2.06%  36.7  260s
 297568 46367     cutoff   37         0.20712    0.20294  2.02%  36.6  265s
 305736 46012    0.20566   31   36    0.20712    0.20303  1.97%  36.5  270s
 313224 45627    0.20496   31   34    0.20712    0.20313  1.93%  36.5  275s
 320691 45112     cutoff   41         0.20712    0.20322  1.88%  36.4  280s
 328099 44571    0.20564   38   31    0.20712    0.20331  1.84%  36.3  285s
 335322 43957    0.20577   32   36    0.20712    0.20340  1.80%  36.3  290s
 343015 43186     cutoff   36         0.20712    0.20350  1.75%  36.2  295s
 349925 42421     cutoff   30         0.20712    0.20359  1.71%  36.2  300s
 356994 41514    0.20522   39   24    0.20712    0.20368  1.66%  36.1  305s
 364113 40559    0.20633   36   30    0.20712    0.20377  1.62%  36.1  310s
 371692 39457    0.20549   33   32    0.20712    0.20387  1.57%  36.0  315s
 379124 38367     cutoff   26         0.20712    0.20397  1.52%  36.0  320s
 386051 37237     cutoff   36         0.20712    0.20406  1.48%  35.9  325s
 392953 35929    0.20441   32   33    0.20712    0.20415  1.43%  35.9  330s
 399865 34589     cutoff   40         0.20712    0.20424  1.39%  35.8  335s
 406643 33129     cutoff   36         0.20712    0.20435  1.34%  35.8  340s
 413671 31566    0.20591   36   30    0.20712    0.20445  1.29%  35.7  345s
 420493 29894    0.20619   34   34    0.20712    0.20456  1.24%  35.7  350s
 427769 27944    0.20575   32   29    0.20712    0.20467  1.18%  35.7  355s
 434586 25979     cutoff   36         0.20712    0.20479  1.13%  35.6  360s
 441894 23643    0.20549   38   29    0.20712    0.20493  1.06%  35.6  365s
 449400 21139     cutoff   39         0.20712    0.20507  0.99%  35.5  370s
 456810 18415     cutoff   40         0.20712    0.20524  0.91%  35.4  375s
 464897 15170     cutoff   36         0.20712    0.20544  0.81%  35.3  380s
 473166 11573     cutoff   35         0.20712    0.20568  0.70%  35.2  385s
 481870  7171    0.20690   41   24    0.20712    0.20604  0.52%  35.0  390s
 492292   459     cutoff   36         0.20712    0.20701  0.06%  34.7  395s

Cutting planes:
  Lazy constraints: 394

Explored 492834 nodes (17096289 simplex iterations) in 395.17 seconds
Thread count was 4 (of 4 available processors)

Solution count 10: 0.207121 0.207957 0.207986 ... 0.213841

Optimal solution found (tolerance 1.00e-04)
Best objective 2.071210481463e-01, best bound 2.071128079488e-01, gap 0.0040%
