
Gurobi 8.1.1 (win64) logging started 07/11/20 15:14:36

Changed value of parameter LogFile to Results/instance4_90_3_BnC_basic.log
   Prev: Results/instance4_90_3_BnC.log  Default: 
Changed value of parameter Presolve to 0
   Prev: -1  Min: -1  Max: 2  Default: -1
Changed value of parameter Cuts to 0
   Prev: -1  Min: -1  Max: 3  Default: -1
Optimize a model with 9769 rows, 776 columns and 38578 nonzeros
Variable types: 456 continuous, 320 integer (320 binary)
Coefficient statistics:
  Matrix range     [1e-13, 1e+01]
  Objective range  [3e-05, 1e-02]
  Bounds range     [1e+00, 1e+00]
  RHS range        [2e-03, 9e+01]
Variable types: 456 continuous, 320 integer (320 binary)

Root relaxation: objective 1.175778e-01, 3093 iterations, 0.95 seconds

    Nodes    |    Current Node    |     Objective Bounds      |     Work
 Expl Unexpl |  Obj  Depth IntInf | Incumbent    BestBd   Gap | It/Node Time

     0     0    0.11758    0  119          -    0.11758      -     -    1s
     0     0    0.11758    0  119          -    0.11758      -     -    1s
     0     2    0.11758    0  119          -    0.11758      -     -    1s
   105   106    0.12501   51   20          -    0.11759      -   102    5s
*  148   134              76       0.1335190    0.11759  11.9%  80.1   11s
*  156   134              78       0.1335173    0.11759  11.9%  77.0   13s
   238   210    0.12413   97   36    0.13352    0.11759  11.9%  91.7   15s
*  287   222              50       0.1320298    0.11759  10.9%  85.9   21s
   314   231     cutoff  131         0.13203    0.11761  10.9%  86.0   25s
   381   292    0.12945   24   25    0.13203    0.11761  10.9%   112   30s
*  428   294              47       0.1300698    0.11761  9.58%   104   34s
*  429   294              47       0.1300691    0.11761  9.58%   104   35s
*  478   297              48       0.1300605    0.11766  9.53%  96.9   39s
   485   304    0.11876    7  120    0.13006    0.11766  9.53%  99.5   40s
*  530   311              49       0.1300575    0.11766  9.53%   101   44s
*  531   311              48       0.1300368    0.11766  9.52%   101   46s
*  580   336              38       0.1295718    0.11771  9.15%   104   51s
   710   386    0.12886   24   54    0.12957    0.11772  9.15%   113   55s
   747   405    0.12502   52  119    0.12957    0.11772  9.15%   111   62s
   750   410    0.11827   13  117    0.12957    0.11772  9.15%   115   69s
   754   411     cutoff   14         0.12957    0.11806  8.89%   116   70s
   778   422    0.11909   20  104    0.12957    0.11859  8.47%   134   75s
   812   440    0.11957   29   82    0.12957    0.11859  8.47%   153   80s
   854   458    0.12029   41   57    0.12957    0.11859  8.47%   165   85s
   921   484    0.12212   47   56    0.12957    0.11859  8.47%   166   90s
  1106   486    0.12321   26   80    0.12957    0.11860  8.47%   160   95s
  1199   532    0.12584   36   24    0.12957    0.11860  8.47%   158  100s
* 1223   387              81       0.1231923    0.11860  3.73%   157  102s
  1278   369    0.12266   19   78    0.12319    0.11879  3.57%   157  105s
  1438   403    0.12063   27   89    0.12319    0.11944  3.04%   158  110s
  1536   403    0.12294   23  105    0.12319    0.11946  3.03%   160  115s
  1581   399    0.12050   24   90    0.12319    0.11957  2.94%   167  120s
  1705   412    0.12111   45   60    0.12319    0.11995  2.63%   168  126s
  1759   433    0.12178   41   71    0.12319    0.11998  2.61%   167  130s
* 1870   400              67       0.1228280    0.12012  2.21%   164  133s
  1949   459    0.12180   44   71    0.12283    0.12021  2.13%   162  136s
  2082   490    0.12229   21  105    0.12283    0.12033  2.04%   161  141s
  2216   567    0.12078   31   66    0.12283    0.12044  1.94%   159  145s
  2397   630    0.12202   36   85    0.12283    0.12059  1.83%   159  151s
  2501   647    0.12199   30   89    0.12283    0.12060  1.81%   161  156s
  2678   745    0.12214   28   95    0.12283    0.12066  1.76%   158  161s
  2856   810    0.12215   47   49    0.12283    0.12073  1.71%   156  166s
  3090   921     cutoff   40         0.12283    0.12086  1.60%   153  172s
  3217   980     cutoff   45         0.12283    0.12091  1.56%   152  176s
  3419  1021    0.12211   45   72    0.12283    0.12098  1.51%   150  182s
  3583  1077     cutoff   38         0.12283    0.12107  1.43%   148  186s
  3816  1103    0.12219   33   68    0.12283    0.12117  1.35%   148  193s
  3956  1128    0.12220   24   82    0.12283    0.12122  1.31%   147  197s
  4111  1178     cutoff   39         0.12283    0.12129  1.25%   147  203s
  4213  1158    0.12256   43   43    0.12283    0.12131  1.24%   147  207s
  4403  1181    0.12256   23  104    0.12283    0.12139  1.17%   146  212s
  4545  1186     cutoff   38         0.12283    0.12142  1.15%   145  216s
  4846  1173     cutoff   44         0.12283    0.12157  1.02%   144  226s
  4983  1176    0.12248   36   83    0.12283    0.12161  0.99%   144  231s
  5117  1156     cutoff   48         0.12283    0.12165  0.96%   144  235s
  5366  1121     cutoff   35         0.12283    0.12176  0.87%   143  243s
* 5429   746              66       0.1224341    0.12176  0.55%   143  244s
  5514   728     cutoff   35         0.12243    0.12180  0.52%   143  246s
  5637   659     cutoff   62         0.12243    0.12190  0.44%   143  253s
  5695   620     cutoff   43         0.12243    0.12193  0.41%   143  255s
  5906   452     cutoff   39         0.12243    0.12208  0.29%   143  261s
  6050   326     cutoff   43         0.12243    0.12219  0.20%   142  265s
  6381    32     cutoff   42         0.12243    0.12239  0.04%   138  270s

Cutting planes:
  Lazy constraints: 242

Explored 6455 nodes (890802 simplex iterations) in 270.86 seconds
Thread count was 4 (of 4 available processors)

Solution count 10: 0.122434 0.122828 0.123192 ... 0.13203

Optimal solution found (tolerance 1.00e-04)
Best objective 1.224341443917e-01, best bound 1.224341443917e-01, gap 0.0000%
