
Gurobi 8.1.1 (win64) logging started 07/10/20 15:47:09

Changed value of parameter LogFile to Results/instance1_90_3_BnC_basic.log
   Prev: Results/instance1_90_3_BnC.log  Default: 
Changed value of parameter Presolve to 0
   Prev: -1  Min: -1  Max: 2  Default: -1
Changed value of parameter Cuts to 0
   Prev: -1  Min: -1  Max: 3  Default: -1
Optimize a model with 9317 rows, 776 columns and 36960 nonzeros
Variable types: 456 continuous, 320 integer (320 binary)
Coefficient statistics:
  Matrix range     [1e-13, 8e+00]
  Objective range  [3e-05, 1e-02]
  Bounds range     [1e+00, 1e+00]
  RHS range        [3e-04, 9e+01]
Variable types: 456 continuous, 320 integer (320 binary)

Root relaxation: objective 1.081822e-01, 2659 iterations, 0.77 seconds

    Nodes    |    Current Node    |     Objective Bounds      |     Work
 Expl Unexpl |  Obj  Depth IntInf | Incumbent    BestBd   Gap | It/Node Time

     0     0    0.10818    0   89          -    0.10818      -     -    0s
     0     0    0.10818    0   89          -    0.10818      -     -    0s
     0     2    0.10818    0   89          -    0.10818      -     -    1s
   118   115    0.11872   64   46          -    0.10822      -  64.1    5s
   168   149    0.12970   77    -          -    0.10828      -  56.7   13s
*  169   150              77       0.1237779    0.10828  12.5%  56.6   14s
   187   159     cutoff   77         0.12378    0.10832  12.5%  58.4   19s
   199   174    0.10967    7  128    0.12378    0.10832  12.5%  79.2   20s
   260   233    0.11770   32   30    0.12378    0.10832  12.5%  96.4   26s
*  289   208              57       0.1173709    0.10832  7.71%  91.6   28s
   312   234    0.11207   12   86    0.11737    0.10836  7.68%   106   30s
   475   320    0.11736   35   60    0.11737    0.10853  7.53%   133   35s
   621   389    0.11615   26   56    0.11737    0.10856  7.50%   145   40s
   733   444    0.11564   27   89    0.11737    0.10859  7.48%   146   45s
   738   450    0.11012   10   94    0.11737    0.10859  7.48%   150   53s
   740   451    0.11105   11  101    0.11737    0.10859  7.48%   151   56s
   759   460    0.11307   16   81    0.11737    0.10887  7.24%   158   60s
   794   468    0.11307   26   94    0.11737    0.10887  7.24%   168   65s
   921   477    0.11379   44   56    0.11737    0.10887  7.24%   167   71s
   958   472    0.11138   15   98    0.11737    0.10888  7.24%   167   75s
  1002   495    0.11380   23   34    0.11737    0.10888  7.24%   172   80s
* 1104   452              60       0.1153965    0.10960  5.03%   171   89s
  1150   446    0.11332   20  103    0.11540    0.10960  5.03%   170   90s
  1249   472    0.11098   15   86    0.11540    0.11040  4.33%   178   95s
  1352   499    0.11451   27   81    0.11540    0.11076  4.02%   185  100s
  1435   495    0.11459   27   77    0.11540    0.11098  3.83%   188  105s
  1559   527     cutoff   32         0.11540    0.11129  3.56%   188  110s
  1671   564     cutoff   33         0.11540    0.11143  3.44%   191  116s
  1794   589    0.11520   32   82    0.11540    0.11176  3.15%   198  124s
  1817   605    0.11381   30   63    0.11540    0.11182  3.10%   198  125s
* 1843   337              56       0.1142869    0.11182  2.16%   197  127s
  1937   357     cutoff   28         0.11429    0.11187  2.11%   202  131s
  2026   381     cutoff   20         0.11429    0.11197  2.03%   204  135s
  2165   438    0.11306   19  103    0.11429    0.11215  1.87%   206  141s
  2309   488     cutoff   21         0.11429    0.11219  1.83%   210  146s
  2432   539    0.11403   28   73    0.11429    0.11227  1.77%   210  150s
* 2464   499              54       0.1141196    0.11230  1.59%   210  154s
  2524   520     cutoff   20         0.11412    0.11233  1.57%   211  156s
  2632   524    0.11406   22   94    0.11412    0.11238  1.53%   214  160s
  2801   566    0.11348   22   64    0.11412    0.11252  1.41%   216  165s
* 2933   557              49       0.1140877    0.11253  1.37%   218  169s
  2953   575     cutoff   17         0.11409    0.11254  1.36%   218  172s
  3031   580    0.11342   23   68    0.11409    0.11261  1.30%   220  175s
  3193   600     cutoff   23         0.11409    0.11267  1.24%   223  180s
  3374   612    0.11393   19   74    0.11409    0.11275  1.17%   224  187s
  3488   632    0.11331   23   91    0.11409    0.11281  1.12%   224  191s
* 3668   388              59       0.1136603    0.11285  0.71%   223  196s
  3751   397     cutoff   24         0.11366    0.11289  0.68%   224  200s
  3999   355     cutoff   25         0.11366    0.11300  0.58%   225  207s
  4137   319    0.11345   22   76    0.11366    0.11306  0.53%   226  211s
* 4261   122              43       0.1133526    0.11314  0.19%   226  213s
  4356    47     cutoff   28         0.11335    0.11322  0.12%   225  215s

Cutting planes:
  Lazy constraints: 463

Explored 4442 nodes (993783 simplex iterations) in 216.22 seconds
Thread count was 4 (of 4 available processors)

Solution count 8: 0.113353 0.11366 0.114088 ... 0.123778

Optimal solution found (tolerance 1.00e-04)
Best objective 1.133525688463e-01, best bound 1.133483514509e-01, gap 0.0037%
