
Gurobi 8.1.1 (win64) logging started 07/10/20 01:07:59

Changed value of parameter LogFile to Results/instance0_70_3_BendersBnC.log
   Prev: gurobi.log  Default: 
Changed value of parameter Heuristics to 0.0
   Prev: 0.05  Min: 0.0  Max: 1.0  Default: 0.05
Changed value of parameter lazyConstraints to 1
   Prev: 0  Min: 0  Max: 1  Default: 0
Changed value of parameter timeLimit to 7144.120229005814
   Prev: 1e+100  Min: 0.0  Max: 1e+100  Default: 1e+100
Optimize a model with 4009 rows, 776 columns and 8871 nonzeros
Variable types: 456 continuous, 320 integer (320 binary)
Coefficient statistics:
  Matrix range     [2e-02, 1e+00]
  Objective range  [3e-05, 1e-02]
  Bounds range     [1e+00, 1e+00]
  RHS range        [9e-03, 7e+01]
Presolve removed 1 rows and 0 columns
Presolve time: 0.01s
Presolved: 4008 rows, 776 columns, 12405 nonzeros
Variable types: 456 continuous, 320 integer (320 binary)

Root relaxation: objective 1.164703e-01, 1878 iterations, 0.13 seconds

    Nodes    |    Current Node    |     Objective Bounds      |     Work
 Expl Unexpl |  Obj  Depth IntInf | Incumbent    BestBd   Gap | It/Node Time

     0     0    0.11647    0  113          -    0.11647      -     -    0s
     0     0    0.12519    0  106          -    0.12519      -     -    0s
     0     0    0.12843    0  110          -    0.12843      -     -    0s
     0     0    0.13248    0   99          -    0.13248      -     -    0s
     0     0    0.13479    0  103          -    0.13479      -     -    0s
     0     0    0.13635    0  102          -    0.13635      -     -    0s
     0     0    0.13722    0  108          -    0.13722      -     -    0s
     0     0    0.13854    0  105          -    0.13854      -     -    0s
     0     0    0.13910    0  110          -    0.13910      -     -    0s
     0     0    0.13972    0  107          -    0.13972      -     -    0s
     0     0    0.13994    0  107          -    0.13994      -     -    0s
     0     0    0.14032    0  109          -    0.14032      -     -    1s
     0     0    0.14069    0  109          -    0.14069      -     -    1s
     0     0    0.14115    0  103          -    0.14115      -     -    1s
     0     0    0.14131    0  106          -    0.14131      -     -    1s
     0     0    0.14148    0  100          -    0.14148      -     -    1s
     0     0    0.14161    0   98          -    0.14161      -     -    1s
     0     0    0.14176    0  101          -    0.14176      -     -    1s
     0     0    0.14181    0   92          -    0.14181      -     -    1s
     0     0    0.14185    0   92          -    0.14185      -     -    1s
     0     0    0.14185    0   92          -    0.14185      -     -    1s
     0     2    0.14185    0   92          -    0.14185      -     -    1s
    41    42    0.14765   15   16          -    0.14186      -  74.9    5s
    57    55    0.14889   19   51          -    0.14186      -  79.6   10s
   102   100    0.15681   37    5          -    0.14186      -  69.7   16s
   120   114    0.15717   39   26          -    0.14186      -  64.5   20s
   183   168    0.15887   55   15          -    0.14186      -  49.4   27s
   235   202    0.19447   81    9          -    0.14186      -  43.8   38s
*  259   226              94       0.2144017    0.14186  33.8%  40.7   41s
*  269   170              96       0.1952051    0.14192  27.3%  40.4   43s
   431   317     cutoff   71         0.19521    0.14195  27.3%  49.3   46s
*  471   313              78       0.1830366    0.14198  22.4%  49.7   50s
   662   470    0.15533   50   10    0.18304    0.14198  22.4%  56.5   58s
*  668   250              55       0.1555240    0.14198  8.71%  56.3   59s
   713   262     cutoff   14         0.15552    0.14210  8.63%  60.9   60s
   737   279    0.14994   22   86    0.15552    0.14607  6.08%  60.7   65s
   758   294    0.14959   22   92    0.15552    0.14652  5.79%  68.1   70s
   776   309    0.14695   23   89    0.15552    0.14660  5.74%  72.0   77s
   798   327    0.14768   27   69    0.15552    0.14718  5.37%  76.0   80s
   998   438    0.15006   50   16    0.15552    0.14728  5.30%  84.5   85s
  1227   489    0.14876   31   82    0.15552    0.14744  5.19%  88.9   92s
* 1243   466              60       0.1552570    0.14744  5.03%  89.2   94s
* 1247   462              65       0.1543806    0.14744  4.49%  89.1   96s
* 1320   428              61       0.1535552    0.14744  3.98%  91.4  101s
* 1380   408              59       0.1528412    0.14744  3.53%  93.1  104s
  1403   415     cutoff   31         0.15284    0.14744  3.53%  94.1  107s
* 1436   336              58       0.1515952    0.14744  2.74%  94.2  112s
* 1515   291              51       0.1512372    0.14790  2.20%  98.2  115s
  2001   484    0.15084   27   97    0.15124    0.14840  1.88%   114  120s
  2329   548    0.15028   37   40    0.15124    0.14857  1.76%   121  128s
* 2365   548              66       0.1511516    0.14857  1.71%   121  130s
* 2598   557              55       0.1510551    0.14869  1.56%   123  135s
* 2602   546              56       0.1509999    0.14869  1.53%   123  138s
  2773   580    0.15066   34   75    0.15100    0.14884  1.43%   126  140s
* 2926   428              50       0.1505514    0.14899  1.04%   128  143s
  3084   462     cutoff   28         0.15055    0.14908  0.98%   128  148s
  3182   442    0.14978   32   79    0.15055    0.14922  0.89%   131  150s
* 3287   283              53       0.1501083    0.14924  0.58%   131  152s
  3467   116     cutoff   38         0.15011    0.14966  0.30%   133  155s

Cutting planes:
  MIR: 314
  Flow cover: 569
  Lazy constraints: 287

Explored 3674 nodes (495152 simplex iterations) in 156.83 seconds
Thread count was 4 (of 4 available processors)

Solution count 10: 0.150108 0.150551 0.151 ... 0.154381

Optimal solution found (tolerance 1.00e-04)
Best objective 1.501083331958e-01, best bound 1.501083331958e-01, gap 0.0000%
