
Gurobi 8.1.1 (win64) logging started 07/10/20 23:55:54

Changed value of parameter LogFile to Results/instance3_50_3_BendersBnC_basic.log
   Prev: Results/instance3_50_3_BendersBnC.log  Default: 
Changed value of parameter Presolve to 0
   Prev: -1  Min: -1  Max: 2  Default: -1
Changed value of parameter Cuts to 0
   Prev: -1  Min: -1  Max: 3  Default: -1
Optimize a model with 3019 rows, 776 columns and 6639 nonzeros
Variable types: 456 continuous, 320 integer (320 binary)
Coefficient statistics:
  Matrix range     [3e-02, 1e+00]
  Objective range  [3e-05, 1e-02]
  Bounds range     [1e+00, 1e+00]
  RHS range        [6e-03, 5e+01]
Variable types: 456 continuous, 320 integer (320 binary)

Root relaxation: objective 1.310239e-01, 2452 iterations, 0.08 seconds

    Nodes    |    Current Node    |     Objective Bounds      |     Work
 Expl Unexpl |  Obj  Depth IntInf | Incumbent    BestBd   Gap | It/Node Time

     0     0    0.13102    0  114          -    0.13102      -     -    0s
     0     0    0.13102    0  114          -    0.13102      -     -    0s
     0     2    0.13102    0  114          -    0.13102      -     -    0s
   201   177    0.22108   92    -          -    0.13112      -  20.6    5s
   226   185    0.21849   95    -          -    0.13115      -  22.5   10s
   359   315    0.17776   48   51          -    0.13123      -  25.3   16s
   419   350    0.18081   58   45          -    0.13123      -  25.7   20s
*  470   406              79       0.2741055    0.13123  52.1%  27.2   25s
*  501   408              80       0.2271985    0.13126  42.2%  27.1   31s
*  508   385              84       0.2157890    0.13126  39.2%  27.0   34s
   582   435    0.15083    6   93    0.21579    0.13156  39.0%  26.0   37s
   725   559    0.20397   70  114    0.21579    0.13163  39.0%  27.7   41s
  1085   783    0.18266   59   19    0.21579    0.13288  38.4%  49.1   47s
* 1113   773              82       0.2156995    0.13288  38.4%  49.0   49s
  1162   780    0.18921   68    -    0.21570    0.13288  38.4%  48.8   55s
* 1220   742              79       0.2055119    0.13288  35.3%  47.9   60s
* 1230   715              84       0.2054325    0.13288  35.3%  47.7   67s
* 1245   673              85       0.2004020    0.13288  33.7%  47.2   69s
  1434   744    0.14610   31   79    0.20040    0.13399  33.1%  45.2   72s
* 1465   727             104       0.1994340    0.13399  32.8%  45.1   79s
  1633   820    0.18462   55   24    0.19943    0.13399  32.8%  45.2   82s
* 1641   797              70       0.1981610    0.13399  32.4%  45.3   84s
  1753   827    0.19411   61   13    0.19816    0.13399  32.4%  44.6   87s
* 1781   740              70       0.1942678    0.13399  31.0%  44.5   89s
  1950   823    0.18451   52   32    0.19427    0.13656  29.7%  43.9   92s
* 4319  2607              65       0.1941900    0.14187  26.9%  44.2   99s
  4844  3024    0.19337   18   89    0.19419    0.14294  26.4%  45.0  100s
  6641  4364    0.18806   56   21    0.19419    0.14560  25.0%  45.0  107s
* 6749  4076              68       0.1906265    0.14567  23.6%  44.8  109s
  7192  4379    0.15598   35   65    0.19063    0.14632  23.2%  44.9  110s
* 7320  4226              75       0.1887464    0.14646  22.4%  44.9  112s
* 8890  5243              69       0.1879653    0.14785  21.3%  45.4  116s
* 9657  5094              69       0.1844043    0.14837  19.5%  45.5  122s
*10316  4353              72       0.1779466    0.14889  16.3%  45.5  124s
 10382  4412    0.16888   38   59    0.17795    0.14890  16.3%  45.5  125s
 15602  7386    0.17760   49   29    0.17795    0.15215  14.5%  45.1  130s
 20655 10102    0.16775   45   48    0.17795    0.15421  13.3%  44.7  135s
 26069 12808     cutoff   47         0.17795    0.15575  12.5%  44.4  140s
 31457 15463    0.16737   29   78    0.17795    0.15698  11.8%  44.2  145s
 36954 17954    0.17610   45   52    0.17795    0.15801  11.2%  43.8  150s
 42551 20494    0.16941   43   56    0.17795    0.15888  10.7%  43.4  155s
 47884 22837    0.17387   48   32    0.17795    0.15965  10.3%  43.2  160s
 53314 25255    0.16661   36   67    0.17795    0.16028  9.93%  42.9  165s
 59239 27768    0.17001   45   40    0.17795    0.16084  9.61%  42.6  170s
 64975 30054    0.16624   40   69    0.17795    0.16135  9.32%  42.4  175s
 70632 32306    0.16754   42   59    0.17795    0.16178  9.09%  42.3  180s
 76417 34462    0.17372   45   34    0.17795    0.16222  8.84%  42.2  185s
 81786 36406    0.16984   34   52    0.17795    0.16261  8.62%  42.1  190s
 87527 38506    0.17418   34   68    0.17795    0.16300  8.40%  42.0  195s
 93387 40665    0.17674   48   28    0.17795    0.16332  8.22%  41.9  200s
 98797 42463    0.17057   36   62    0.17795    0.16362  8.05%  41.8  205s
 104177 44305    0.17160   32   64    0.17795    0.16394  7.87%  41.7  210s
 109689 46165    0.17235   38   47    0.17795    0.16421  7.72%  41.6  215s
 115697 48083     cutoff   50         0.17795    0.16450  7.55%  41.5  220s
 121245 49807    0.17443   48   39    0.17795    0.16474  7.42%  41.3  225s
 126090 51264     cutoff   37         0.17795    0.16495  7.30%  41.3  230s
 131710 52976     cutoff   50         0.17795    0.16517  7.18%  41.2  235s
 137096 54580    0.17688   47   42    0.17795    0.16536  7.08%  41.1  240s
 142887 56345    0.17499   35   58    0.17795    0.16556  6.96%  41.0  245s
 148531 57859     cutoff   52         0.17795    0.16576  6.85%  40.9  250s
 154295 59440    0.17759   37   69    0.17795    0.16597  6.73%  40.7  255s
 159605 60732     cutoff   31         0.17795    0.16614  6.63%  40.7  260s
 165487 62159    0.17371   37   62    0.17795    0.16633  6.53%  40.6  265s
 170701 63417    0.17491   40   62    0.17795    0.16648  6.44%  40.5  270s
 176402 64931     cutoff   51         0.17795    0.16664  6.35%  40.4  275s
 181774 66265     cutoff   52         0.17795    0.16678  6.28%  40.3  280s
 187207 67502     cutoff   42         0.17795    0.16692  6.20%  40.2  285s
 192437 68802     cutoff   50         0.17795    0.16706  6.12%  40.1  290s
 197853 70025    0.17170   39   45    0.17795    0.16719  6.04%  40.0  295s
 203277 71277    0.17468   44   49    0.17795    0.16733  5.96%  40.0  300s
 208728 72453    0.17213   38   58    0.17795    0.16746  5.89%  39.9  305s
 214226 73536    0.17787   44   44    0.17795    0.16759  5.82%  39.8  310s
 219547 74605    0.17703   48   49    0.17795    0.16771  5.75%  39.8  315s
 224999 75744    0.17431   34   70    0.17795    0.16783  5.69%  39.8  320s
 230672 76883    0.17572   44   37    0.17795    0.16795  5.62%  39.7  325s
 236747 78139    0.17793   49   43    0.17795    0.16808  5.54%  39.6  330s
 242380 79182    0.17712   49   30    0.17795    0.16820  5.48%  39.6  335s
 248014 80304    0.17501   40   50    0.17795    0.16830  5.42%  39.6  340s
 253606 81377     cutoff   41         0.17795    0.16842  5.35%  39.5  345s
 259385 82357    0.17423   42   41    0.17795    0.16854  5.29%  39.4  350s
 264554 83251    0.17684   50   43    0.17795    0.16863  5.23%  39.4  355s
 270271 84177    0.17692   43   46    0.17795    0.16874  5.18%  39.4  360s
 275975 85115    0.17316   38   53    0.17795    0.16884  5.12%  39.3  365s
 281226 86093    0.17497   48   43    0.17795    0.16894  5.06%  39.3  370s
 286838 86997     cutoff   41         0.17795    0.16904  5.01%  39.3  375s
 292143 87829    0.17586   48   27    0.17795    0.16913  4.96%  39.2  380s
 297311 88660    0.17789   55   18    0.17795    0.16922  4.91%  39.2  385s
 303015 89655    0.17424   39   56    0.17795    0.16931  4.85%  39.2  390s
 308772 90619    0.17592   41   58    0.17795    0.16941  4.80%  39.1  395s
 314382 91406    0.17667   39   59    0.17795    0.16949  4.75%  39.1  400s
 320226 92369    0.17046   35   71    0.17795    0.16958  4.70%  39.1  405s
 325895 93233    0.17630   51   23    0.17795    0.16967  4.65%  39.1  410s
 331275 94142    0.17560   42   49    0.17795    0.16975  4.61%  39.1  415s
 336354 94824    0.17720   36   51    0.17795    0.16982  4.57%  39.1  420s
 341666 95616    0.17657   47   55    0.17795    0.16990  4.52%  39.0  425s
 347414 96323    0.17724   44   46    0.17795    0.16999  4.47%  39.0  430s
 353078 97179     cutoff   51         0.17795    0.17007  4.43%  39.0  435s
 358899 98110     cutoff   34         0.17795    0.17014  4.39%  39.0  440s
 364540 98863    0.17188   43   44    0.17795    0.17022  4.34%  39.0  445s
 370275 99681    0.17207   39   44    0.17795    0.17029  4.30%  39.0  450s
 375573 100368     cutoff   51         0.17795    0.17036  4.26%  39.0  455s
 381374 101141    0.17639   40   62    0.17795    0.17044  4.22%  38.9  460s
 387212 101888     cutoff   46         0.17795    0.17051  4.18%  38.9  465s
 392812 102650     cutoff   48         0.17795    0.17058  4.14%  38.9  470s
 398024 103268    0.17789   51   22    0.17795    0.17065  4.10%  38.9  475s
 403731 103884    0.17549   48   45    0.17795    0.17072  4.06%  38.9  480s
 409234 104598    0.17114   37   52    0.17795    0.17079  4.02%  38.9  485s
 414645 105389     cutoff   46         0.17795    0.17085  3.99%  38.9  490s
 420922 106191     cutoff   42         0.17795    0.17092  3.95%  38.9  495s
 422904 106447    0.17634   46   43    0.17795    0.17095  3.93%  38.9  500s
 428010 106965    0.17775   50   37    0.17795    0.17101  3.90%  38.9  505s
 433454 107594    0.17789   37   55    0.17795    0.17107  3.87%  38.9  510s
 438999 108128    0.17634   46   38    0.17795    0.17113  3.83%  38.9  515s
 444324 108692    0.17464   36   64    0.17795    0.17119  3.80%  38.9  520s
 449963 109322    0.17628   52   32    0.17795    0.17125  3.76%  38.9  525s
 455230 109907     cutoff   44         0.17795    0.17131  3.73%  38.9  530s
*457792 109640              75       0.1778039    0.17134  3.64%  38.9  537s
 460983 109983    0.17668   47   47    0.17780    0.17137  3.62%  38.9  540s
 466058 110451    0.17723   41   54    0.17780    0.17142  3.59%  38.9  545s
 471553 110918     cutoff   46         0.17780    0.17148  3.56%  38.9  550s
*472644 108905              71       0.1773519    0.17149  3.30%  38.9  553s
 474295 109002    0.17521   29   74    0.17735    0.17151  3.29%  38.9  555s
 479277 109354    0.17219   44   48    0.17735    0.17157  3.26%  38.9  560s
 484774 109687    0.17565   47   39    0.17735    0.17164  3.22%  38.9  565s
 489776 109966     cutoff   35         0.17735    0.17169  3.19%  38.9  570s
 495315 110341    0.17487   45   57    0.17735    0.17175  3.16%  38.9  575s
 500488 110423     cutoff   41         0.17735    0.17182  3.12%  38.9  580s
 505837 110749     cutoff   43         0.17735    0.17187  3.09%  38.9  585s
 511318 110967     cutoff   51         0.17735    0.17193  3.06%  38.9  590s
 516115 111096    0.17688   45   47    0.17735    0.17198  3.03%  38.9  595s
*517290 106103              74       0.1767115    0.17200  2.67%  38.9  598s
 518593 106007     cutoff   37         0.17671    0.17201  2.66%  38.9  600s
 523815 105765    0.17563   47   40    0.17671    0.17208  2.62%  38.9  605s
 528688 105578     cutoff   23         0.17671    0.17214  2.58%  38.9  610s
 533963 105355    0.17609   48   32    0.17671    0.17221  2.55%  38.9  615s
 538786 105134     cutoff   40         0.17671    0.17227  2.52%  38.9  620s
 544037 104869     cutoff   39         0.17671    0.17233  2.48%  38.9  625s
 548925 104475     cutoff   30         0.17671    0.17239  2.44%  38.9  630s
 554108 104036     cutoff   43         0.17671    0.17246  2.41%  38.9  635s
 559390 103645    0.17411   50   41    0.17671    0.17252  2.37%  38.9  640s
 564305 103226     cutoff   37         0.17671    0.17258  2.34%  38.9  645s
 569246 102864     cutoff   50         0.17671    0.17263  2.31%  38.9  650s
 574202 102440    0.17661   45   44    0.17671    0.17269  2.27%  38.9  655s
 579289 101912     cutoff   42         0.17671    0.17275  2.24%  38.9  660s
 584326 101338     cutoff   41         0.17671    0.17280  2.21%  38.9  665s
 589537 100835    0.17362   36   63    0.17671    0.17286  2.18%  38.9  670s
 594399 100345     cutoff   43         0.17671    0.17291  2.15%  38.9  675s
 599573 99689     cutoff   43         0.17671    0.17297  2.12%  38.9  680s
 604552 99098     cutoff   48         0.17671    0.17302  2.09%  38.9  685s
 609953 98348    0.17599   28   52    0.17671    0.17308  2.05%  38.9  690s
 614909 97630    0.17477   44   35    0.17671    0.17313  2.02%  38.9  695s
 620124 96837    0.17376   42   44    0.17671    0.17319  1.99%  38.9  700s
 624985 96038    0.17427   45   56    0.17671    0.17324  1.96%  38.9  705s
 630226 95247     cutoff   44         0.17671    0.17330  1.93%  38.8  710s
 635665 94345     cutoff   40         0.17671    0.17335  1.90%  38.8  715s
 640615 93466     cutoff   38         0.17671    0.17340  1.87%  38.8  720s
 645722 92384    0.17526   45   52    0.17671    0.17346  1.84%  38.8  725s
 650911 91435    0.17403   41   42    0.17671    0.17351  1.81%  38.8  730s
 656172 90376     cutoff   34         0.17671    0.17357  1.78%  38.8  735s
 661295 89393     cutoff   49         0.17671    0.17362  1.75%  38.8  740s
 666873 88227     cutoff   44         0.17671    0.17368  1.72%  38.8  745s
 671959 87057     cutoff   41         0.17671    0.17373  1.69%  38.8  750s
 677054 85903    0.17562   40   41    0.17671    0.17378  1.66%  38.7  755s
 682240 84639     cutoff   51         0.17671    0.17383  1.63%  38.7  760s
 687576 83415    0.17518   43   37    0.17671    0.17389  1.60%  38.7  765s
 692907 82033    0.17546   34   52    0.17671    0.17394  1.57%  38.7  770s
 698392 80606    0.17563   47   46    0.17671    0.17400  1.54%  38.7  775s
 703394 79269     cutoff   43         0.17671    0.17404  1.51%  38.7  780s
 708756 77802     cutoff   49         0.17671    0.17410  1.48%  38.6  785s
 714014 76381    0.17530   41   46    0.17671    0.17415  1.45%  38.6  790s
 719359 74765    0.17619   45   34    0.17671    0.17420  1.42%  38.6  795s
 724632 73253     cutoff   38         0.17671    0.17426  1.39%  38.6  800s
 730418 71476     cutoff   47         0.17671    0.17431  1.36%  38.6  805s
 735635 69791    0.17478   41   60    0.17671    0.17436  1.33%  38.5  810s
 741193 68004     cutoff   44         0.17671    0.17442  1.30%  38.5  815s
 746471 66155     cutoff   40         0.17671    0.17447  1.27%  38.5  820s
 752095 64259     cutoff   41         0.17671    0.17453  1.23%  38.4  825s
 757383 62180     cutoff   40         0.17671    0.17459  1.20%  38.4  830s
 762572 60120     cutoff   40         0.17671    0.17465  1.17%  38.4  835s
 767817 58146     cutoff   30         0.17671    0.17470  1.14%  38.4  840s
 773242 56132     cutoff   42         0.17671    0.17476  1.10%  38.3  845s
 778489 53935     cutoff   41         0.17671    0.17482  1.07%  38.3  850s
 784057 51472    0.17669   41   63    0.17671    0.17489  1.03%  38.3  855s
 789730 48858     cutoff   45         0.17671    0.17496  0.99%  38.2  860s
 795455 46256     cutoff   37         0.17671    0.17503  0.95%  38.2  865s
 801083 43576     cutoff   43         0.17671    0.17510  0.91%  38.2  870s
 807038 40724     cutoff   43         0.17671    0.17518  0.87%  38.1  875s
 813079 37591     cutoff   45         0.17671    0.17526  0.82%  38.1  880s
 819240 34189     cutoff   47         0.17671    0.17536  0.77%  38.0  885s
 825570 30535     cutoff   54         0.17671    0.17546  0.71%  37.9  890s
 832174 26692     cutoff   47         0.17671    0.17558  0.64%  37.8  895s
 838616 22730    0.17669   44   56    0.17671    0.17570  0.57%  37.8  900s
 845204 18357     cutoff   39         0.17671    0.17584  0.49%  37.7  905s
 852063 13619     cutoff   45         0.17671    0.17601  0.40%  37.5  910s
 859589  7935     cutoff   46         0.17671    0.17624  0.27%  37.4  915s
 868173   375     cutoff   40         0.17671    0.17668  0.02%  37.2  920s

Cutting planes:
  Lazy constraints: 420

Explored 868426 nodes (32283047 simplex iterations) in 920.12 seconds
Thread count was 4 (of 4 available processors)

Solution count 10: 0.176712 0.177352 0.177804 ... 0.194268

Optimal solution found (tolerance 1.00e-04)
Best objective 1.767115408710e-01, best bound 1.766963521811e-01, gap 0.0086%
