
Gurobi 8.1.1 (win64) logging started 07/11/20 09:06:32

Changed value of parameter LogFile to Results/instance4_50_3_BnC_basic.log
   Prev: Results/instance4_50_3_BnC.log  Default: 
Changed value of parameter Presolve to 0
   Prev: -1  Min: -1  Max: 2  Default: -1
Changed value of parameter Cuts to 0
   Prev: -1  Min: -1  Max: 3  Default: -1
Optimize a model with 6801 rows, 776 columns and 24183 nonzeros
Variable types: 456 continuous, 320 integer (320 binary)
Coefficient statistics:
  Matrix range     [1e-13, 7e+00]
  Objective range  [3e-05, 1e-02]
  Bounds range     [1e+00, 1e+00]
  RHS range        [9e-03, 5e+01]
Variable types: 456 continuous, 320 integer (320 binary)

Root relaxation: objective 1.768587e-01, 2082 iterations, 0.39 seconds

    Nodes    |    Current Node    |     Objective Bounds      |     Work
 Expl Unexpl |  Obj  Depth IntInf | Incumbent    BestBd   Gap | It/Node Time

     0     0    0.17686    0   68          -    0.17686      -     -    0s
     0     0    0.17686    0   68          -    0.17686      -     -    0s
     0     2    0.17686    0   68          -    0.17686      -     -    0s
   132   125    0.22860   60    1          -    0.17686      -  48.2    6s
   150   128    0.22417   63    6          -    0.17690      -  43.8   10s
   168   139    0.22420   67    -          -    0.17691      -  40.5   16s
*  176   145              71       0.2260143    0.17691  21.7%  39.4   18s
   189   148    0.22420   68    -    0.22601    0.17691  21.7%  37.0   21s
*  200   145              74       0.2242844    0.17691  21.1%  35.9   23s
   270   210    0.18265   29   39    0.22428    0.17692  21.1%  48.7   25s
   319   249    0.18307   31   40    0.22428    0.17692  21.1%  48.5   30s
*  322   175              75       0.1960304    0.17692  9.75%  48.6   31s
   429   239    0.18295   11   74    0.19603    0.17699  9.71%  63.4   35s
*  455   237              88       0.1956895    0.17699  9.55%  60.0   36s
   646   401    0.18048    9   62    0.19569    0.17708  9.51%  68.0   40s
   744   481    0.18049   16   78    0.19569    0.17708  9.51%  75.7   46s
   805   516    0.18279   28   60    0.19569    0.17772  9.18%  87.2   52s
   939   546    0.18855   44   20    0.19569    0.17772  9.18%  90.6   55s
*  960   496              89       0.1908854    0.17773  6.89%  90.0   57s
  1062   529     cutoff   39         0.19089    0.18077  5.30%   104   60s
* 1206   422              69       0.1879022    0.18081  3.77%   101   64s
  1226   420    0.18779   40   11    0.18790    0.18089  3.73%   102   65s
  1483   439    0.18174   27   43    0.18790    0.18127  3.53%   108   70s
* 1619   428              66       0.1873617    0.18135  3.21%   109   75s
  1971   489    0.18689   37   40    0.18736    0.18213  2.79%   114   80s
* 2008   480              64       0.1871755    0.18220  2.66%   114   81s
  2161   574     cutoff   40         0.18718    0.18227  2.62%   114   85s
  2599   695    0.18469   22   71    0.18718    0.18274  2.37%   117   90s
* 2704   737              56       0.1871186    0.18281  2.30%   118   94s
  2794   763    0.18663   32   73    0.18712    0.18290  2.26%   119   95s
  3168   939     cutoff   43         0.18712    0.18309  2.15%   118  101s
* 3508  1008              61       0.1867957    0.18323  1.91%   117  105s
  3961  1137    0.18482   28   55    0.18680    0.18350  1.77%   119  111s
  4493  1333    0.18621   28   54    0.18680    0.18374  1.63%   120  116s
  4950  1420    0.18465   30   58    0.18680    0.18388  1.56%   121  121s
* 5440  1504              64       0.1867927    0.18399  1.50%   121  126s
  5746  1615    0.18561   38   60    0.18679    0.18410  1.44%   121  130s
  6410  1748    0.18651   29   40    0.18679    0.18434  1.31%   122  135s
* 6791  1760              57       0.1867012    0.18444  1.21%   122  139s
  6866  1761     cutoff   31         0.18670    0.18444  1.21%   122  141s
  7239  1779    0.18526   27   60    0.18670    0.18458  1.14%   123  145s
  7861  1800     cutoff   29         0.18670    0.18471  1.07%   124  150s
  8561  1809     cutoff   38         0.18670    0.18488  0.98%   124  156s
* 9020  1767              58       0.1866744    0.18498  0.91%   123  161s
  9479  1730    0.18596   26   65    0.18667    0.18511  0.84%   123  166s
* 9763  1683              73       0.1866000    0.18516  0.77%   123  169s
  9933  1682    0.18622   27   49    0.18660    0.18520  0.75%   122  170s
 10349  1596     cutoff   34         0.18660    0.18530  0.69%   122  176s
 10934  1481    0.18625   26   53    0.18660    0.18546  0.61%   122  180s
 11475  1308     cutoff   40         0.18660    0.18562  0.53%   121  185s
*11758  1247              57       0.1865740    0.18567  0.48%   120  188s
 12035  1148     cutoff   35         0.18657    0.18576  0.43%   120  190s
*12434   633              76       0.1862587    0.18586  0.21%   119  194s
 12609   494     cutoff   33         0.18626    0.18594  0.17%   118  195s

Cutting planes:
  Lazy constraints: 326

Explored 13206 nodes (1519052 simplex iterations) in 196.97 seconds
Thread count was 4 (of 4 available processors)

Solution count 10: 0.186259 0.186574 0.1866 ... 0.187362

Optimal solution found (tolerance 1.00e-04)
Best objective 1.862586863511e-01, best bound 1.862586863511e-01, gap 0.0000%
