
Gurobi 8.1.1 (win64) logging started 07/09/20 23:44:34

Changed value of parameter LogFile to Results/instance0_50_3_BendersBnC_basic.log
   Prev: Results/instance0_50_3_BendersBnC.log  Default: 
Changed value of parameter Presolve to 0
   Prev: -1  Min: -1  Max: 2  Default: -1
Changed value of parameter Cuts to 0
   Prev: -1  Min: -1  Max: 3  Default: -1
Optimize a model with 3213 rows, 776 columns and 7090 nonzeros
Variable types: 456 continuous, 320 integer (320 binary)
Coefficient statistics:
  Matrix range     [2e-02, 1e+00]
  Objective range  [3e-05, 1e-02]
  Bounds range     [1e+00, 1e+00]
  RHS range        [1e-02, 5e+01]
Variable types: 456 continuous, 320 integer (320 binary)

Root relaxation: objective 1.334278e-01, 2194 iterations, 0.09 seconds

    Nodes    |    Current Node    |     Objective Bounds      |     Work
 Expl Unexpl |  Obj  Depth IntInf | Incumbent    BestBd   Gap | It/Node Time

     0     0    0.13343    0  112          -    0.13343      -     -    0s
     0     0    0.13343    0  112          -    0.13343      -     -    0s
     0     2    0.13343    0  112          -    0.13343      -     -    0s
   243   203    0.22528  104    5          -    0.13358      -  24.0    7s
*  264   211             106       0.2253909    0.13378  40.6%  24.5   12s
*  266   211             106       0.2253839    0.13378  40.6%  24.3   14s
   581   518    0.18804   63   27    0.22538    0.13378  40.6%  38.0   18s
*  608   510             104       0.2060297    0.13378  35.1%  38.7   23s
*  670   511             100       0.1972556    0.13387  32.1%  37.4   27s
   759   587    0.13718   13  111    0.19726    0.13387  32.1%  41.5   30s
*  996   686              64       0.1947013    0.13609  30.1%  50.8   35s
* 1022   663              65       0.1946584    0.13609  30.1%  51.2   39s
  1149   716    0.14082   22   98    0.19466    0.13655  29.9%  51.4   40s
  1272   751    0.15329   35   76    0.19466    0.13655  29.9%  49.6   48s
* 1304   736              64       0.1942898    0.13655  29.7%  49.0   53s
  1520   840    0.18420   56   21    0.19429    0.13752  29.2%  47.7   55s
* 1544   747             101       0.1907909    0.13863  27.3%  47.8   57s
* 1547   724              99       0.1907529    0.13863  27.3%  47.7   64s
  1789   833     cutoff   83         0.19075    0.14085  26.2%  47.5   68s
  1858   867    0.15058   28   79    0.19075    0.14161  25.8%  47.0   73s
* 1885   847              63       0.1903276    0.14161  25.6%  47.1   75s
  3070  1656    0.16578   27   69    0.19033    0.14564  23.5%  46.6   80s
  4114  2410     cutoff   65         0.19033    0.14790  22.3%  46.8   86s
  5124  3126    0.17585   31   54    0.19033    0.14908  21.7%  47.1   90s
  6109  3810    0.18795   68    2    0.19033    0.14991  21.2%  46.5   96s
* 6110  3723              69       0.1895023    0.14991  20.9%  46.5   98s
  6346  3892    0.16642   31   60    0.18950    0.15041  20.6%  46.5  101s
* 6452  3584              64       0.1868270    0.15044  19.5%  46.6  103s
  7844  4480    0.17775   27   61    0.18683    0.15160  18.9%  47.6  105s
 11613  6936    0.17177   34   68    0.18683    0.15393  17.6%  49.3  110s
 15969  9490    0.17253   35   64    0.18683    0.15622  16.4%  50.0  115s
 20478 12170    0.18045   38   55    0.18683    0.15807  15.4%  50.4  120s
 24195 14248    0.17392   41   65    0.18683    0.15912  14.8%  50.6  127s
 27188 15909    0.18541   45   50    0.18683    0.16005  14.3%  50.6  130s
 31432 18150     cutoff   43         0.18683    0.16095  13.9%  50.5  135s
 36100 20663    0.18541   41   56    0.18683    0.16185  13.4%  50.3  140s
 40730 23013    0.16719   30   61    0.18683    0.16258  13.0%  50.2  145s
 45418 25420    0.17569   39   52    0.18683    0.16318  12.7%  49.9  150s
 50149 27790    0.18000   46   45    0.18683    0.16369  12.4%  49.6  155s
 55089 30332    0.17719   37   60    0.18683    0.16422  12.1%  49.5  160s
 59604 32549    0.18408   41   58    0.18683    0.16462  11.9%  49.3  167s
 62159 33809    0.17707   40   42    0.18683    0.16487  11.8%  49.2  170s
 67003 36242    0.18116   48   35    0.18683    0.16526  11.5%  49.2  175s
*70930 38088             103       0.1867891    0.16554  11.4%  49.0  181s
*70933 38089             101       0.1867868    0.16554  11.4%  49.0  185s
*70934 38067             100       0.1867621    0.16554  11.4%  49.0  187s
 73616 39483    0.17999   34   55    0.18676    0.16578  11.2%  48.9  190s
 77906 41505     cutoff   55         0.18676    0.16607  11.1%  49.0  195s
*82620 43570              66       0.1865929    0.16639  10.8%  49.0  202s
 85288 44883    0.17991   54   28    0.18659    0.16657  10.7%  48.9  205s
 90237 47162    0.18154   45   47    0.18659    0.16688  10.6%  48.8  210s
 93587 48793     cutoff   42         0.18659    0.16705  10.5%  48.8  216s
*93871 47059              73       0.1854594    0.16706  9.92%  48.8  218s
 95249 47698    0.18022   38   51    0.18546    0.16714  9.88%  48.7  220s
 99948 49794     cutoff   41         0.18546    0.16739  9.74%  48.7  225s
 104865 51915     cutoff   50         0.18546    0.16766  9.60%  48.7  230s
 109486 53966     cutoff   53         0.18546    0.16789  9.48%  48.6  235s
 114497 56121    0.18515   47   38    0.18546    0.16812  9.35%  48.4  240s
 119062 58143    0.18069   44   37    0.18546    0.16831  9.25%  48.4  245s
 123886 60190    0.17525   41   42    0.18546    0.16853  9.13%  48.3  250s
 128538 62086     cutoff   53         0.18546    0.16873  9.02%  48.3  255s
 133257 64079     cutoff   53         0.18546    0.16891  8.92%  48.2  260s
 138011 66156    0.18245   54   26    0.18546    0.16908  8.83%  48.1  265s
 142551 68015    0.18087   37   56    0.18546    0.16923  8.75%  48.1  270s
 147130 69854     cutoff   46         0.18546    0.16940  8.66%  48.0  275s
 151872 71771    0.18277   44   39    0.18546    0.16956  8.58%  48.0  280s
 156940 73881     cutoff   54         0.18546    0.16970  8.50%  47.9  285s
 161764 75929    0.17909   47   33    0.18546    0.16985  8.42%  47.8  290s
 166320 77799    0.18541   45   40    0.18546    0.16998  8.34%  47.8  295s
 171570 79808    0.18545   35   45    0.18546    0.17014  8.26%  47.7  300s
 176309 81797    0.17333   44   51    0.18546    0.17026  8.19%  47.6  305s
 181183 83808    0.18142   41   59    0.18546    0.17040  8.12%  47.6  310s
 186399 85819    0.17920   45   48    0.18546    0.17054  8.05%  47.5  315s
 191060 87614     cutoff   48         0.18546    0.17066  7.98%  47.4  320s
 195650 89278    0.18516   48   35    0.18546    0.17077  7.92%  47.4  325s
 200667 91220    0.18533   41   53    0.18546    0.17088  7.86%  47.3  330s
 203323 92254     cutoff   51         0.18546    0.17093  7.83%  47.3  335s
 208039 93990    0.17709   44   40    0.18546    0.17104  7.77%  47.3  340s
 213068 95856    0.17823   39   60    0.18546    0.17114  7.72%  47.2  345s
 216591 97142    0.17897   44   40    0.18546    0.17121  7.68%  47.2  351s
 220116 98461    0.17681   46   44    0.18546    0.17129  7.64%  47.1  355s
*224215 86386              74       0.1831489    0.17138  6.43%  47.0  362s
 227181 87241     cutoff   51         0.18315    0.17144  6.39%  47.0  365s
 232014 88496     cutoff   43         0.18315    0.17156  6.33%  46.9  370s
 236932 89848    0.17592   47   49    0.18315    0.17167  6.27%  46.9  375s
 241727 91172    0.18027   48   44    0.18315    0.17178  6.21%  46.8  380s
 246065 92271    0.18190   44   51    0.18315    0.17188  6.15%  46.8  385s
 250742 93566     cutoff   46         0.18315    0.17198  6.10%  46.8  390s
 255405 94746    0.17445   37   46    0.18315    0.17208  6.04%  46.7  395s
 259829 95856    0.18089   47   42    0.18315    0.17217  6.00%  46.7  400s
 264562 96999     cutoff   45         0.18315    0.17226  5.95%  46.7  405s
 269688 98253    0.18070   48   35    0.18315    0.17235  5.89%  46.6  410s
 274753 99533     cutoff   39         0.18315    0.17246  5.84%  46.6  415s
 279376 100712    0.17781   46   48    0.18315    0.17254  5.79%  46.5  420s
 284408 101818    0.17642   47   47    0.18315    0.17263  5.74%  46.5  425s
 289204 103011     cutoff   49         0.18315    0.17271  5.70%  46.4  430s
 294316 104253     cutoff   42         0.18315    0.17280  5.65%  46.4  435s
 298890 105234    0.17803   43   50    0.18315    0.17288  5.61%  46.4  440s
 303620 106410    0.17646   38   59    0.18315    0.17296  5.56%  46.3  445s
 308449 107656    0.17801   45   41    0.18315    0.17303  5.52%  46.3  450s
 313287 108667    0.17979   44   33    0.18315    0.17311  5.48%  46.3  455s
 318097 109753    0.18022   43   47    0.18315    0.17319  5.44%  46.2  460s
 322904 110798    0.18176   48   32    0.18315    0.17326  5.40%  46.2  465s
 327586 111796    0.17911   34   48    0.18315    0.17333  5.36%  46.1  470s
 332973 112953    0.17695   28   64    0.18315    0.17340  5.32%  46.1  475s
 337960 113996     cutoff   52         0.18315    0.17348  5.28%  46.0  480s
 342567 115021    0.18057   50   49    0.18315    0.17355  5.24%  46.0  485s
 347251 115990     cutoff   50         0.18315    0.17362  5.20%  45.9  490s
 352526 117059    0.17710   47   42    0.18315    0.17370  5.16%  45.9  495s
 357488 118030     cutoff   46         0.18315    0.17376  5.13%  45.8  500s
 362039 119049     cutoff   51         0.18315    0.17382  5.09%  45.8  505s
 366923 120024     cutoff   45         0.18315    0.17388  5.06%  45.8  510s
 372103 121042     cutoff   44         0.18315    0.17395  5.02%  45.7  515s
 376944 121911    0.17780   48   43    0.18315    0.17402  4.99%  45.7  520s
 381719 122858    0.18263   54   29    0.18315    0.17408  4.95%  45.7  525s
 386977 124067     cutoff   51         0.18315    0.17413  4.92%  45.6  530s
 391739 125042    0.17857   49   42    0.18315    0.17419  4.89%  45.6  535s
 397065 126038    0.17872   38   46    0.18315    0.17425  4.86%  45.5  540s
 401819 126963     cutoff   42         0.18315    0.17430  4.83%  45.5  545s
 407227 128045    0.18255   47   38    0.18315    0.17436  4.80%  45.4  550s
 412426 129030    0.18125   46   40    0.18315    0.17442  4.76%  45.4  555s
 417223 129843    0.18198   47   44    0.18315    0.17447  4.74%  45.4  560s
 422479 130777    0.18161   48   36    0.18315    0.17453  4.71%  45.3  565s
 427213 131697    0.18241   48   42    0.18315    0.17459  4.68%  45.3  570s
 431964 132582    0.18045   44   53    0.18315    0.17464  4.65%  45.3  575s
 437078 133557    0.18134   47   38    0.18315    0.17470  4.61%  45.2  580s
 441885 134416    0.18047   45   37    0.18315    0.17475  4.59%  45.2  585s
 447235 135235    0.18290   53   30    0.18315    0.17480  4.56%  45.2  590s
 452421 136099     cutoff   55         0.18315    0.17485  4.53%  45.1  595s
 457293 136889    0.17959   42   53    0.18315    0.17490  4.51%  45.1  600s
 462648 137797    0.17981   44   50    0.18315    0.17495  4.48%  45.1  605s
 467775 138560     cutoff   45         0.18315    0.17500  4.45%  45.0  610s
 472634 139373    0.18059   46   44    0.18315    0.17505  4.42%  45.0  615s
 477340 140064    0.17756   38   59    0.18315    0.17509  4.40%  45.0  620s
 482657 140930    0.17983   43   50    0.18315    0.17514  4.37%  44.9  625s
 487382 141641    0.18250   38   43    0.18315    0.17519  4.34%  44.9  630s
 492198 142398    0.18052   46   49    0.18315    0.17524  4.32%  44.9  635s
 497282 143057     cutoff   50         0.18315    0.17528  4.30%  44.9  640s
 502589 143904     cutoff   46         0.18315    0.17533  4.27%  44.8  645s
 507931 144736     cutoff   40         0.18315    0.17538  4.24%  44.8  650s
 512624 145351    0.17971   51   46    0.18315    0.17542  4.22%  44.8  655s
 517920 146067    0.18306   39   42    0.18315    0.17547  4.19%  44.7  660s
 522865 146755     cutoff   54         0.18315    0.17551  4.17%  44.7  665s
 528114 147555     cutoff   48         0.18315    0.17555  4.15%  44.6  670s
 533329 148224    0.18235   50   37    0.18315    0.17559  4.13%  44.6  675s
 538136 148921    0.17772   41   60    0.18315    0.17563  4.10%  44.6  680s
 543328 149645    0.18137   36   49    0.18315    0.17568  4.08%  44.5  688s
*543703 140644              71       0.1824386    0.17568  3.70%  44.5  690s
 547902 140887    0.18201   38   50    0.18244    0.17572  3.68%  44.5  695s
 552736 141217    0.17778   40   53    0.18244    0.17576  3.66%  44.5  700s
 557939 141622     cutoff   42         0.18244    0.17581  3.63%  44.5  705s
 563172 141959     cutoff   50         0.18244    0.17586  3.61%  44.4  710s
 567882 142252     cutoff   52         0.18244    0.17590  3.58%  44.4  715s
 573169 142537     cutoff   40         0.18244    0.17594  3.56%  44.4  720s
 578535 142895     cutoff   52         0.18244    0.17599  3.53%  44.3  725s
 583262 143150    0.17812   45   36    0.18244    0.17603  3.51%  44.3  730s
 588392 143369     cutoff   46         0.18244    0.17608  3.49%  44.3  735s
 593656 143675    0.18240   46   44    0.18244    0.17612  3.46%  44.3  740s
 598454 143898    0.18138   47   30    0.18244    0.17617  3.44%  44.2  745s
 603756 144166    0.18178   50   36    0.18244    0.17621  3.41%  44.2  750s
 608529 144417     cutoff   47         0.18244    0.17625  3.39%  44.2  755s
 613752 144592    0.18078   41   50    0.18244    0.17630  3.37%  44.1  760s
 618997 144778    0.18194   45   48    0.18244    0.17634  3.34%  44.1  765s
 623690 144925    0.18197   51   36    0.18244    0.17638  3.32%  44.1  770s
 628876 145082    0.17951   47   48    0.18244    0.17643  3.30%  44.1  775s
 633852 145272     cutoff   52         0.18244    0.17647  3.27%  44.0  780s
 638953 145465    0.18182   45   34    0.18244    0.17651  3.25%  44.0  785s
 644135 145576    0.18069   48   37    0.18244    0.17655  3.23%  44.0  790s
 649221 145634     cutoff   51         0.18244    0.17659  3.20%  44.0  795s
 654581 145783    0.18082   47   37    0.18244    0.17663  3.18%  44.0  800s
 659293 145902    0.18159   52   21    0.18244    0.17667  3.16%  43.9  805s
 664053 146047    0.18053   48   35    0.18244    0.17671  3.14%  43.9  810s
 669251 146214    0.18096   36   45    0.18244    0.17675  3.12%  43.9  815s
 673990 146206    0.18007   39   52    0.18244    0.17679  3.10%  43.9  820s
 679140 146273     cutoff   42         0.18244    0.17682  3.08%  43.8  825s
 684325 146256    0.18129   50   36    0.18244    0.17686  3.06%  43.8  830s
 689480 146228    0.18145   47   32    0.18244    0.17690  3.04%  43.8  835s
 694580 146144    0.17898   48   43    0.18244    0.17694  3.01%  43.8  840s
 699806 146198    0.18156   45   40    0.18244    0.17698  2.99%  43.7  845s
 704951 146184     cutoff   46         0.18244    0.17702  2.97%  43.7  850s
 710232 146175    0.17750   41   45    0.18244    0.17705  2.95%  43.7  855s
 715561 145998    0.17987   47   40    0.18244    0.17709  2.93%  43.7  860s
 720731 145895    0.18181   53   36    0.18244    0.17713  2.91%  43.6  865s
 725823 145854    0.18198   46   41    0.18244    0.17717  2.89%  43.6  870s
 730959 145827    0.18175   51   47    0.18244    0.17721  2.87%  43.6  875s
 736014 145685     cutoff   28         0.18244    0.17724  2.85%  43.6  880s
 741124 145608    0.17894   38   51    0.18244    0.17728  2.83%  43.6  885s
 746353 145554    0.18043   44   56    0.18244    0.17731  2.81%  43.5  890s
 751347 145382    0.18150   38   50    0.18244    0.17735  2.79%  43.5  895s
 756875 145259    0.18216   53   37    0.18244    0.17739  2.77%  43.5  900s
 761819 145023     cutoff   49         0.18244    0.17743  2.75%  43.4  905s
 766903 144843     cutoff   37         0.18244    0.17746  2.73%  43.4  910s
 771845 144686    0.18220   41   62    0.18244    0.17750  2.71%  43.4  915s
 777298 144496    0.18075   44   40    0.18244    0.17753  2.69%  43.4  920s
 782301 144337    0.17965   39   45    0.18244    0.17757  2.67%  43.4  925s
 787340 144177     cutoff   39         0.18244    0.17760  2.65%  43.3  930s
 792238 144040    0.18224   42   55    0.18244    0.17763  2.63%  43.3  935s
 797151 143902     cutoff   51         0.18244    0.17767  2.62%  43.3  940s
 802521 143616    0.18063   44   43    0.18244    0.17770  2.60%  43.3  945s
 807493 143465     cutoff   43         0.18244    0.17774  2.58%  43.2  950s
 812799 143240     cutoff   43         0.18244    0.17777  2.56%  43.2  955s
 817838 143104    0.18066   45   48    0.18244    0.17780  2.54%  43.2  960s
 823077 142850    0.17914   51   39    0.18244    0.17784  2.52%  43.2  965s
 828280 142591    0.18103   49   48    0.18244    0.17787  2.50%  43.1  970s
 833549 142299     cutoff   52         0.18244    0.17791  2.48%  43.1  975s
 838366 141851    0.17991   46   45    0.18244    0.17794  2.47%  43.1  980s
 842958 141526     cutoff   47         0.18244    0.17797  2.45%  43.1  985s
 848044 141191    0.17880   39   51    0.18244    0.17800  2.43%  43.1  990s
 852711 140914    0.18229   43   61    0.18244    0.17803  2.42%  43.0  995s
 857904 140626    0.18143   46   44    0.18244    0.17806  2.40%  43.0 1000s
 862870 140260    0.18219   38   47    0.18244    0.17810  2.38%  43.0 1005s
 867855 139877     cutoff   51         0.18244    0.17813  2.36%  43.0 1010s
 873286 139497    0.17940   44   47    0.18244    0.17816  2.34%  42.9 1015s
 878488 139080     cutoff   45         0.18244    0.17820  2.32%  42.9 1020s
 883784 138641    0.17983   38   51    0.18244    0.17823  2.31%  42.9 1025s
 889122 138276    0.18068   38   44    0.18244    0.17827  2.29%  42.9 1030s
 894374 137871    0.18058   46   53    0.18244    0.17830  2.27%  42.8 1035s
 899687 137440     cutoff   38         0.18244    0.17833  2.25%  42.8 1040s
 904765 136937    0.18205   41   46    0.18244    0.17836  2.24%  42.8 1045s
 909641 136425     cutoff   44         0.18244    0.17839  2.22%  42.8 1050s
 914909 135992     cutoff   43         0.18244    0.17843  2.20%  42.8 1055s
 920194 135563     cutoff   52         0.18244    0.17846  2.18%  42.7 1060s
 925369 135126     cutoff   41         0.18244    0.17849  2.17%  42.7 1065s
 931005 134636    0.17852   32   53    0.18244    0.17852  2.15%  42.7 1070s
 936182 134047    0.18171   47   41    0.18244    0.17856  2.13%  42.6 1075s
 941752 133562     cutoff   40         0.18244    0.17859  2.11%  42.6 1080s
 947084 133020    0.17942   42   40    0.18244    0.17862  2.09%  42.6 1085s
 952496 132503     cutoff   38         0.18244    0.17865  2.08%  42.5 1090s
 957532 131913     cutoff   34         0.18244    0.17868  2.06%  42.5 1095s
 962684 131335     cutoff   40         0.18244    0.17871  2.04%  42.5 1100s
 968028 130680    0.17990   53   33    0.18244    0.17874  2.02%  42.5 1105s
 973268 129995     cutoff   39         0.18244    0.17878  2.01%  42.4 1110s
 978696 129352     cutoff   44         0.18244    0.17881  1.99%  42.4 1115s
 983928 128606     cutoff   46         0.18244    0.17884  1.97%  42.4 1120s
 989035 128009     cutoff   49         0.18244    0.17887  1.95%  42.3 1125s
 994341 127381    0.17953   38   47    0.18244    0.17891  1.94%  42.3 1130s
 1000030 126660     cutoff   45         0.18244    0.17894  1.92%  42.3 1135s
 1005212 125956     cutoff   38         0.18244    0.17897  1.90%  42.2 1140s
 1010366 125232     cutoff   43         0.18244    0.17900  1.88%  42.2 1145s
 1015637 124575    0.17946   51   39    0.18244    0.17903  1.87%  42.2 1150s
 1021049 123767    0.18173   47   45    0.18244    0.17907  1.85%  42.2 1155s
 1026142 123041    0.18122   43   43    0.18244    0.17909  1.83%  42.1 1160s
 1031548 122259    0.18156   47   43    0.18244    0.17913  1.82%  42.1 1165s
 1036893 121319     cutoff   45         0.18244    0.17916  1.80%  42.1 1170s
 1042217 120584     cutoff   40         0.18244    0.17919  1.78%  42.1 1175s
 1047377 119737     cutoff   40         0.18244    0.17922  1.76%  42.0 1180s
 1052447 118875     cutoff   41         0.18244    0.17925  1.75%  42.0 1185s
 1057897 118013    0.18012   42   55    0.18244    0.17928  1.73%  42.0 1190s
 1063167 117197    0.18207   45   45    0.18244    0.17931  1.72%  41.9 1195s
 1068495 116246     cutoff   51         0.18244    0.17934  1.70%  41.9 1200s
 1073986 115289     cutoff   44         0.18244    0.17938  1.68%  41.9 1205s
 1079539 114241     cutoff   50         0.18244    0.17941  1.66%  41.9 1210s
 1084869 113318    0.18150   47   38    0.18244    0.17944  1.64%  41.8 1215s
 1090410 112310    0.18126   51   43    0.18244    0.17947  1.63%  41.8 1220s
 1095821 111215     cutoff   45         0.18244    0.17951  1.61%  41.8 1225s
 1101492 110155     cutoff   43         0.18244    0.17954  1.59%  41.7 1230s
 1107165 109172     cutoff   42         0.18244    0.17957  1.57%  41.7 1235s
 1112498 108081     cutoff   48         0.18244    0.17960  1.55%  41.7 1240s
 1117786 107132    0.18071   41   42    0.18244    0.17963  1.54%  41.6 1245s
 1123303 106028     cutoff   39         0.18244    0.17966  1.52%  41.6 1250s
 1128672 104908    0.18074   48   39    0.18244    0.17970  1.50%  41.6 1255s
 1134474 103733     cutoff   42         0.18244    0.17973  1.48%  41.5 1260s
 1139793 102641     cutoff   43         0.18244    0.17976  1.47%  41.5 1265s
 1145176 101444     cutoff   37         0.18244    0.17980  1.45%  41.5 1270s
 1150919 100261    0.18098   54   29    0.18244    0.17983  1.43%  41.4 1275s
 1156204 99065     cutoff   40         0.18244    0.17986  1.41%  41.4 1280s
 1161836 97689     cutoff   47         0.18244    0.17989  1.39%  41.4 1285s
 1167355 96448     cutoff   48         0.18244    0.17993  1.38%  41.4 1290s
 1172801 95135     cutoff   43         0.18244    0.17996  1.36%  41.3 1295s
 1178164 93993     cutoff   36         0.18244    0.17999  1.34%  41.3 1300s
 1183438 92631     cutoff   55         0.18244    0.18003  1.32%  41.3 1305s
 1189283 91088    0.18179   48   45    0.18244    0.18006  1.30%  41.2 1310s
 1194923 89603     cutoff   44         0.18244    0.18010  1.28%  41.2 1315s
 1200548 88251     cutoff   40         0.18244    0.18013  1.26%  41.2 1320s
 1206124 86755    0.18090   48   44    0.18244    0.18017  1.24%  41.1 1325s
 1212077 85109    0.18172   40   57    0.18244    0.18021  1.22%  41.1 1330s
 1217832 83588     cutoff   49         0.18244    0.18025  1.20%  41.0 1335s
 1223560 82029     cutoff   41         0.18244    0.18028  1.18%  41.0 1340s
 1229302 80340    0.18204   47   26    0.18244    0.18032  1.16%  41.0 1345s
 1235136 78659     cutoff   28         0.18244    0.18036  1.14%  40.9 1350s
 1240559 77034     cutoff   46         0.18244    0.18039  1.12%  40.9 1355s
 1246302 75336     cutoff   41         0.18244    0.18043  1.10%  40.9 1360s
 1251927 73721    0.18100   39   44    0.18244    0.18047  1.08%  40.8 1365s
 1257534 71989     cutoff   35         0.18244    0.18051  1.06%  40.8 1370s
 1263265 70168    0.18110   35   52    0.18244    0.18055  1.04%  40.8 1375s
 1269329 68300    0.18189   53   31    0.18244    0.18059  1.02%  40.7 1380s
 1275265 66325     cutoff   54         0.18244    0.18063  0.99%  40.7 1385s
 1281047 64325    0.18118   36   43    0.18244    0.18068  0.97%  40.6 1390s
 1287023 62231     cutoff   42         0.18244    0.18072  0.94%  40.6 1395s
 1292915 60032     cutoff   54         0.18244    0.18077  0.92%  40.6 1400s
 1298982 57920     cutoff   40         0.18244    0.18081  0.89%  40.5 1405s
 1304786 55678     cutoff   50         0.18244    0.18086  0.86%  40.5 1410s
 1311033 53386    0.18240   37   43    0.18244    0.18091  0.84%  40.4 1415s
 1316989 50978    0.18199   50   31    0.18244    0.18096  0.81%  40.4 1420s
 1323159 48462     cutoff   39         0.18244    0.18102  0.78%  40.3 1425s
 1328945 45991     cutoff   42         0.18244    0.18107  0.75%  40.3 1430s
 1334896 43352     cutoff   46         0.18244    0.18113  0.72%  40.2 1435s
 1341215 40282     cutoff   44         0.18244    0.18120  0.68%  40.2 1440s
 1347432 37314     cutoff   47         0.18244    0.18127  0.64%  40.1 1445s
 1353746 34140    0.18190   33   51    0.18244    0.18134  0.60%  40.1 1450s
 1360214 30626     cutoff   47         0.18244    0.18143  0.55%  40.0 1455s
 1366845 26679    0.18191   41   42    0.18244    0.18153  0.50%  39.9 1460s
 1373509 22541     cutoff   53         0.18244    0.18164  0.44%  39.9 1465s
 1380327 18053     cutoff   34         0.18244    0.18176  0.37%  39.8 1470s
 1387615 12790     cutoff   36         0.18244    0.18192  0.28%  39.7 1475s
 1395387  6750     cutoff   58         0.18244    0.18213  0.17%  39.6 1480s

Cutting planes:
  Lazy constraints: 792

Explored 1402674 nodes (55327739 simplex iterations) in 1484.18 seconds
Thread count was 4 (of 4 available processors)

Solution count 10: 0.182439 0.183149 0.185459 ... 0.190328

Optimal solution found (tolerance 1.00e-04)
Best objective 1.824386015123e-01, best bound 1.824219454120e-01, gap 0.0091%
