
Gurobi 8.1.1 (win64) logging started 07/09/20 23:44:34

Changed value of parameter LogFile to Results/instance0_50_3_BendersBnC.log
   Prev: gurobi.log  Default: 
Changed value of parameter Heuristics to 0.0
   Prev: 0.05  Min: 0.0  Max: 1.0  Default: 0.05
Changed value of parameter lazyConstraints to 1
   Prev: 0  Min: 0  Max: 1  Default: 0
Changed value of parameter timeLimit to 7152.191906452179
   Prev: 1e+100  Min: 0.0  Max: 1e+100  Default: 1e+100
Optimize a model with 3213 rows, 776 columns and 7090 nonzeros
Variable types: 456 continuous, 320 integer (320 binary)
Coefficient statistics:
  Matrix range     [2e-02, 1e+00]
  Objective range  [3e-05, 1e-02]
  Bounds range     [1e+00, 1e+00]
  RHS range        [1e-02, 5e+01]
Presolve time: 0.00s
Presolved: 3213 rows, 776 columns, 9827 nonzeros
Variable types: 456 continuous, 320 integer (320 binary)

Root relaxation: objective 1.436561e-01, 1693 iterations, 0.08 seconds

    Nodes    |    Current Node    |     Objective Bounds      |     Work
 Expl Unexpl |  Obj  Depth IntInf | Incumbent    BestBd   Gap | It/Node Time

     0     0    0.14366    0   94          -    0.14366      -     -    0s
     0     0    0.15460    0   87          -    0.15460      -     -    0s
     0     0    0.15833    0   89          -    0.15833      -     -    0s
     0     0    0.16272    0   84          -    0.16272      -     -    0s
     0     0    0.16449    0   80          -    0.16449      -     -    0s
     0     0    0.16630    0   72          -    0.16630      -     -    0s
     0     0    0.16757    0   77          -    0.16757      -     -    0s
     0     0    0.16849    0   75          -    0.16849      -     -    0s
     0     0    0.16946    0   78          -    0.16946      -     -    0s
     0     0    0.17034    0   72          -    0.17034      -     -    0s
     0     0    0.17065    0   71          -    0.17065      -     -    0s
     0     0    0.17128    0   70          -    0.17128      -     -    0s
     0     0    0.17156    0   75          -    0.17156      -     -    0s
     0     0    0.17176    0   68          -    0.17176      -     -    0s
     0     0    0.17189    0   73          -    0.17189      -     -    0s
     0     0    0.17214    0   72          -    0.17214      -     -    0s
     0     0    0.17226    0   72          -    0.17226      -     -    0s
     0     0    0.17239    0   65          -    0.17239      -     -    0s
     0     0    0.17243    0   67          -    0.17243      -     -    0s
     0     0    0.17247    0   63          -    0.17247      -     -    0s
     0     0    0.17247    0   63          -    0.17247      -     -    0s
     0     2    0.17247    0   63          -    0.17247      -     -    0s
    78    77    0.18033   18   50          -    0.17254      -  54.8    6s
   129   125    0.18684   36   20          -    0.17254      -  50.4   10s
*  172   161              78       0.2341197    0.17254  26.3%  41.9   14s
*  178   162              82       0.2341044    0.17254  26.3%  40.8   17s
   182   164    0.18872   65    3    0.23410    0.17254  26.3%  40.9   20s
*  201   178              83       0.2340737    0.17254  26.3%  38.3   25s
   317   282    0.18624   23   20    0.23407    0.17273  26.2%  41.8   31s
   359   326    0.19391   37   11    0.23407    0.17273  26.2%  43.2   35s
   377   336    0.19617   38   10    0.23407    0.17273  26.2%  43.9   41s
*  383   268              80       0.1969269    0.17273  12.3%  44.1   42s
   441   290    0.18310   23   35    0.19693    0.17284  12.2%  48.3   45s
*  488   290              52       0.1898759    0.17287  8.95%  49.8   48s
   737   441    0.18083   30   63    0.18988    0.17308  8.84%  57.2   51s
   764   460    0.18685   19   63    0.18988    0.17734  6.60%  62.2   57s
   776   471    0.17754   22   53    0.18988    0.17754  6.50%  65.9   60s
  1100   650    0.18719   65    7    0.18988    0.17809  6.21%  68.8   66s
  1181   669     cutoff   70         0.18988    0.17856  5.96%  68.6   72s
  1227   688    0.18112   28   63    0.18988    0.17856  5.96%  68.8   75s
* 1242   608              63       0.1882612    0.17856  5.15%  69.0   77s
  1287   609    0.18648   40   47    0.18826    0.17856  5.15%  68.4   82s
  1384   643    0.18048   33   28    0.18826    0.17920  4.81%  69.4   85s
* 1602   674              56       0.1881371    0.17943  4.63%  73.6   89s
  1730   728    0.18257   31   68    0.18814    0.17943  4.63%  74.4   91s
* 1870   669              65       0.1873385    0.17971  4.07%  75.1   96s
* 1935   468              67       0.1853637    0.17971  3.05%  75.3  101s
* 2516   467              60       0.1839858    0.18056  1.86%  81.9  107s
  3084   605    0.18279   29   65    0.18399    0.18115  1.54%  86.4  110s
* 3122   426              42       0.1831489    0.18115  1.09%  86.3  112s
* 3336   212              61       0.1824386    0.18150  0.51%  87.5  115s

Cutting planes:
  Gomory: 1
  MIR: 303
  Flow cover: 764
  Lazy constraints: 338

Explored 3645 nodes (321407 simplex iterations) in 117.07 seconds
Thread count was 4 (of 4 available processors)

Solution count 10: 0.182439 0.183149 0.183986 ... 0.234074

Optimal solution found (tolerance 1.00e-04)
Best objective 1.824386015123e-01, best bound 1.824386015123e-01, gap 0.0000%
