
Gurobi 8.1.1 (win64) logging started 07/10/20 01:03:00

Changed value of parameter LogFile to Results/instance0_50_3_BnC.log
   Prev: gurobi.log  Default: 
Changed value of parameter Heuristics to 0.0
   Prev: 0.05  Min: 0.0  Max: 1.0  Default: 0.05
Changed value of parameter lazyConstraints to 1
   Prev: 0  Min: 0  Max: 1  Default: 0
Changed value of parameter timeLimit to 4128.5346755981445
   Prev: 1e+100  Min: 0.0  Max: 1e+100  Default: 1e+100
Optimize a model with 7156 rows, 776 columns and 26823 nonzeros
Variable types: 456 continuous, 320 integer (320 binary)
Coefficient statistics:
  Matrix range     [1e-13, 3e+00]
  Objective range  [3e-05, 1e-02]
  Bounds range     [1e+00, 1e+00]
  RHS range        [1e-02, 5e+01]
Presolve removed 1238 rows and 0 columns
Presolve time: 0.05s
Presolved: 5918 rows, 776 columns, 28332 nonzeros
Variable types: 456 continuous, 320 integer (320 binary)

Root relaxation: objective 1.786709e-01, 1573 iterations, 0.32 seconds

    Nodes    |    Current Node    |     Objective Bounds      |     Work
 Expl Unexpl |  Obj  Depth IntInf | Incumbent    BestBd   Gap | It/Node Time

     0     0    0.17867    0   69          -    0.17867      -     -    0s
     0     0    0.17895    0   71          -    0.17895      -     -    0s
     0     0    0.17896    0   71          -    0.17896      -     -    0s
     0     0    0.17899    0   68          -    0.17899      -     -    0s
     0     0    0.17900    0   68          -    0.17900      -     -    0s
     0     0    0.17906    0   68          -    0.17906      -     -    0s
     0     0    0.17906    0   67          -    0.17906      -     -    0s
     0     0    0.17906    0   67          -    0.17906      -     -    0s
     0     0    0.17906    0   67          -    0.17906      -     -    0s
     0     0    0.17907    0   67          -    0.17907      -     -    0s
     0     0    0.17907    0   67          -    0.17907      -     -    0s
     0     0    0.17907    0   67          -    0.17907      -     -    0s
     0     2    0.17907    0   67          -    0.17907      -     -    1s
    55    52    0.19326   17   37          -    0.17918      -   104    7s
    79    75    0.19459   28    7          -    0.17918      -  86.5   11s
*   84    80              45       0.2206011    0.17918  18.8%  83.9   15s
*  110    92              47       0.2203123    0.17929  18.6%  77.7   20s
*  113    90              45       0.2025743    0.17931  11.5%  79.0   24s
   141   115    0.18210   21   22    0.20257    0.17931  11.5%  83.6   26s
   181   146    0.18415   29   24    0.20257    0.17931  11.5%  84.6   32s
   239   183    0.18907   39   12    0.20257    0.17931  11.5%  80.1   37s
   271   213    0.19755   52    2    0.20257    0.17931  11.5%  78.3   41s
*  273   197              53       0.1978345    0.17931  9.36%  77.7   44s
*  278   192              54       0.1976563    0.17954  9.16%  79.5   46s
   382   257    0.19085   38    -    0.19766    0.17970  9.08%  78.9   50s
   520   358     cutoff   47         0.19766    0.17988  8.99%  75.5   55s
   663   457    0.18902    9   54    0.19766    0.17991  8.98%  75.6   61s
*  668   461              44       0.1975448    0.17991  8.93%  75.8   62s
   723   504    0.18548   42   67    0.19754    0.17991  8.93%  74.4   67s
   732   513    0.18501   13   67    0.19754    0.17991  8.93%  76.8   70s
   766   532    0.18109   21   25    0.19754    0.18044  8.66%  83.5   75s
   786   540    0.19004   28    -    0.19754    0.18044  8.66%  85.0   80s
*  890   524              68       0.1953597    0.18045  7.63%  85.9   84s
   901   525    0.18093   22   37    0.19536    0.18045  7.63%  87.2   85s
   943   531    0.18166   25   46    0.19536    0.18045  7.63%  87.0   91s
  1012   558    0.18510   41   15    0.19536    0.18045  7.63%  87.7   95s
  1064   560    0.19000   56    2    0.19536    0.18073  7.49%  87.7  101s
* 1067   486              59       0.1907318    0.18073  5.25%  87.6  103s
  1096   500    0.18881   26   30    0.19073    0.18073  5.25%  88.0  105s
  1166   523    0.18958   28    -    0.19073    0.18127  4.96%  88.0  110s
  1255   541    0.18607   18   47    0.19073    0.18128  4.95%  86.3  115s
* 1258   462              56       0.1886039    0.18128  3.88%  86.5  118s
  1264   470    0.18198   17   73    0.18860    0.18128  3.88%  87.2  120s
* 1272   443              59       0.1885440    0.18128  3.85%  87.0  123s
* 1342   230              45       0.1839858    0.18128  1.47%  87.1  128s
* 1380   193              49       0.1836698    0.18128  1.30%  85.5  129s
  1385   205     cutoff   30         0.18367    0.18159  1.13%  85.7  130s
* 1433   156              36       0.1831489    0.18179  0.74%  85.8  132s
* 1469    91              36       0.1824386    0.18203  0.23%  85.2  134s

Cutting planes:
  MIR: 65
  Lazy constraints: 493

Explored 1519 nodes (129730 simplex iterations) in 134.38 seconds
Thread count was 4 (of 4 available processors)

Solution count 10: 0.182439 0.183149 0.18367 ... 0.197656

Optimal solution found (tolerance 1.00e-04)
Best objective 1.824386014973e-01, best bound 1.824386014973e-01, gap 0.0000%
