
Gurobi 8.1.1 (win64) logging started 07/10/20 06:52:36

Changed value of parameter LogFile to Results/instance0_90_3_BnC_basic.log
   Prev: Results/instance0_90_3_BnC.log  Default: 
Changed value of parameter Presolve to 0
   Prev: -1  Min: -1  Max: 2  Default: -1
Changed value of parameter Cuts to 0
   Prev: -1  Min: -1  Max: 3  Default: -1
Optimize a model with 9360 rows, 776 columns and 33875 nonzeros
Variable types: 456 continuous, 320 integer (320 binary)
Coefficient statistics:
  Matrix range     [1e-13, 7e+00]
  Objective range  [3e-05, 1e-02]
  Bounds range     [1e+00, 1e+00]
  RHS range        [8e-03, 9e+01]
Variable types: 456 continuous, 320 integer (320 binary)

Root relaxation: objective 1.168857e-01, 2583 iterations, 0.69 seconds

    Nodes    |    Current Node    |     Objective Bounds      |     Work
 Expl Unexpl |  Obj  Depth IntInf | Incumbent    BestBd   Gap | It/Node Time

     0     0    0.11689    0   89          -    0.11689      -     -    0s
     0     0    0.11689    0   89          -    0.11689      -     -    0s
     0     2    0.11689    0   89          -    0.11689      -     -    0s
   111   110    0.12355   43   13          -    0.11692      -  73.4    5s
*  128   120              71       0.1274922    0.11703  8.21%  67.5   10s
   214   197    0.12606   44   21    0.12749    0.11755  7.79%   108   17s
*  222   200              49       0.1260710    0.11755  6.76%   107   18s
   267   232    0.12046   12   96    0.12607    0.11757  6.74%   116   22s
   401   292    0.12437   15   62    0.12607    0.11758  6.73%   141   25s
   618   445    0.12544   43   44    0.12607    0.11794  6.45%   150   30s
*  627   421              61       0.1251227    0.11796  5.72%   150   32s
   731   505    0.12492   34   89    0.12512    0.11801  5.69%   158   37s
   733   506    0.12375   25   89    0.12512    0.11801  5.69%   158   40s
   738   513    0.11801   13   86    0.12512    0.11801  5.69%   161   47s
   746   516    0.11841   15   83    0.12512    0.11801  5.69%   163   50s
   822   539    0.12147   39   56    0.12512    0.11801  5.69%   169   55s
   882   550    0.11913   18  127    0.12512    0.11801  5.69%   171   61s
   937   561    0.12263   27  105    0.12512    0.11822  5.51%   179   65s
  1094   588    0.12343   32  100    0.12512    0.11823  5.51%   179   71s
* 1125   514              59       0.1237977    0.11823  4.50%   178   72s
  1178   525    0.12083   19   80    0.12380    0.11883  4.01%   175   75s
  1338   554    0.12242   26   70    0.12380    0.11934  3.60%   179   80s
  1469   598    0.12109   20   81    0.12380    0.11945  3.51%   176   86s
* 1481   518              76       0.1232570    0.11945  3.09%   177   87s
  1519   524    0.12323   22   71    0.12326    0.11951  3.04%   176   90s
* 1531   486              57       0.1231950    0.11952  2.99%   176   92s
* 1598   471              57       0.1231783    0.11969  2.84%   175   96s
  1720   456    0.12313   28   48    0.12318    0.11983  2.72%   185  101s
  1835   442    0.12314   23   52    0.12318    0.12002  2.57%   190  105s
  2005   469     cutoff   19         0.12318    0.12014  2.47%   198  110s
  2165   543    0.12146   20   76    0.12318    0.12021  2.41%   198  115s
* 2303   493              58       0.1228842    0.12028  2.12%   196  120s
* 2493   381              63       0.1223711    0.12030  1.69%   196  126s
  2655   427    0.12168   22   78    0.12237    0.12040  1.61%   197  131s
  2815   482    0.12168   24   67    0.12237    0.12047  1.55%   198  137s
* 2916   463              49       0.1222745    0.12050  1.45%   197  138s
  2930   478     cutoff   20         0.12227    0.12050  1.45%   197  140s
  3114   522     cutoff   22         0.12227    0.12068  1.31%   198  145s
* 3374   539              46       0.1222650    0.12090  1.12%   198  151s
* 3552   513              48       0.1221347    0.12096  0.96%   195  158s
  3585   518     cutoff   50         0.12213    0.12098  0.95%   196  161s
  3795   508     cutoff   21         0.12213    0.12107  0.87%   197  166s
* 3948   355              46       0.1219370    0.12111  0.68%   198  171s
* 4133   300              43       0.1218582    0.12126  0.49%   198  175s
* 4257    67              22       0.1215077    0.12132  0.16%   198  181s

Cutting planes:
  Lazy constraints: 342

Explored 4390 nodes (866746 simplex iterations) in 182.69 seconds
Thread count was 4 (of 4 available processors)

Solution count 10: 0.121508 0.121858 0.121937 ... 0.123195

Optimal solution found (tolerance 1.00e-04)
Best objective 1.215076752944e-01, best bound 1.215076752944e-01, gap 0.0000%
