
Gurobi 8.1.1 (win64) logging started 07/11/20 07:00:42

Changed value of parameter LogFile to Results/instance4_50_3_BendersBnC_basic.log
   Prev: Results/instance4_50_3_BendersBnC.log  Default: 
Changed value of parameter Presolve to 0
   Prev: -1  Min: -1  Max: 2  Default: -1
Changed value of parameter Cuts to 0
   Prev: -1  Min: -1  Max: 3  Default: -1
Optimize a model with 3104 rows, 776 columns and 6700 nonzeros
Variable types: 456 continuous, 320 integer (320 binary)
Coefficient statistics:
  Matrix range     [3e-02, 1e+00]
  Objective range  [3e-05, 1e-02]
  Bounds range     [1e+00, 1e+00]
  RHS range        [9e-03, 5e+01]
Variable types: 456 continuous, 320 integer (320 binary)

Root relaxation: objective 1.314700e-01, 2352 iterations, 0.09 seconds

    Nodes    |    Current Node    |     Objective Bounds      |     Work
 Expl Unexpl |  Obj  Depth IntInf | Incumbent    BestBd   Gap | It/Node Time

     0     0    0.13147    0  111          -    0.13147      -     -    0s
     0     0    0.13147    0  111          -    0.13147      -     -    0s
     0     2    0.13147    0  111          -    0.13147      -     -    0s
   225   195    0.24371   99    -          -    0.13153      -  22.1   12s
*  250   206              99       0.2437073    0.13160  46.0%  22.9   15s
*  252   206             100       0.2436989    0.13160  46.0%  22.7   17s
   313   255    0.13441    8  102    0.24370    0.13160  46.0%  21.6   23s
   326   262    0.14399   12   91    0.24370    0.13160  46.0%  24.1   25s
*  473   309              80       0.2024843    0.13160  35.0%  34.5   29s
   693   482    0.18641   51   47    0.20248    0.13166  35.0%  35.1   32s
   736   524    0.15999   12  105    0.20248    0.13166  35.0%  38.8   35s
* 1081   637              76       0.2023527    0.13565  33.0%  45.0   40s
  1291   724     cutoff   64         0.20235    0.13660  32.5%  45.7   47s
  1319   735    0.14385   20   89    0.20235    0.13660  32.5%  46.0   50s
  1553   831     cutoff   69         0.20235    0.14171  30.0%  46.5   58s
  1692   888    0.16460   35   60    0.20235    0.14171  30.0%  45.3   61s
  1888   981    0.20192   87    -    0.20235    0.14284  29.4%  44.3   66s
  1993  1022    0.15933   30   66    0.20235    0.14318  29.2%  44.0   71s
* 2143   964             108       0.2003168    0.14367  28.3%  43.9   78s
* 2145   963             106       0.2002714    0.14367  28.3%  43.8   81s
  2676  1390     cutoff   61         0.20027    0.14489  27.7%  44.2   87s
  3066  1655    0.18161   51   37    0.20027    0.14540  27.4%  44.2   93s
* 3193  1731              71       0.2000944    0.14607  27.0%  43.5   99s
* 3625  1751              64       0.1960854    0.14648  25.3%  44.3  101s
* 3633  1718              68       0.1953659    0.14648  25.0%  44.3  104s
  4098  2053     cutoff   71         0.19537    0.14740  24.6%  44.4  107s
  4355  2250    0.17301   35   61    0.19537    0.14815  24.2%  44.6  110s
  7082  4265    0.17754   35   66    0.19537    0.15156  22.4%  45.8  116s
* 7258  4171              80       0.1929764    0.15180  21.3%  46.0  118s
  8419  4911    0.18431   52   27    0.19298    0.15299  20.7%  46.2  120s
 13260  7909    0.19239   60   11    0.19298    0.15628  19.0%  47.4  125s
*13461  7811              68       0.1922915    0.15629  18.7%  47.4  127s
 15840  9427    0.18742   44   38    0.19229    0.15742  18.1%  47.5  130s
 17665 10622     cutoff   66         0.19229    0.15810  17.8%  47.1  137s
 19679 11900    0.17426   42   53    0.19229    0.15887  17.4%  47.2  142s
 22037 13402     cutoff   56         0.19229    0.15960  17.0%  47.5  145s
 26163 15970    0.17670   33   52    0.19229    0.16053  16.5%  47.4  151s
*26339 15614              67       0.1908968    0.16056  15.9%  47.4  153s
 27496 16269    0.19036   55   27    0.19090    0.16083  15.8%  47.2  155s
 32255 19200    0.18241   52   29    0.19090    0.16174  15.3%  47.4  160s
 37003 21969    0.18567   32   50    0.19090    0.16253  14.9%  47.6  165s
 42120 24907    0.17592   33   60    0.19090    0.16320  14.5%  47.5  170s
*43522 24809              88       0.1895772    0.16333  13.8%  47.6  173s
 44907 25601    0.18553   51   30    0.18958    0.16362  13.7%  47.6  175s
 49486 28066    0.17235   39   63    0.18958    0.16416  13.4%  47.5  180s
 54806 30966    0.18391   52   30    0.18958    0.16479  13.1%  47.4  185s
 59268 33251    0.17834   43   53    0.18958    0.16528  12.8%  47.5  190s
 64375 35964    0.17634   42   49    0.18958    0.16575  12.6%  47.3  195s
 69249 38513    0.17655   40   56    0.18958    0.16620  12.3%  47.2  200s
 74120 40985    0.17788   46   51    0.18958    0.16660  12.1%  47.2  205s
 79029 43434    0.18518   39   42    0.18958    0.16695  11.9%  47.1  210s
 83923 46042    0.16974   41   54    0.18958    0.16734  11.7%  47.0  215s
 88774 48348    0.17932   39   50    0.18958    0.16766  11.6%  47.0  220s
 93820 50794    0.18581   49   39    0.18958    0.16799  11.4%  46.9  225s
 98357 53078    0.17755   36   47    0.18958    0.16829  11.2%  46.8  230s
*99338 52549              69       0.1889204    0.16832  10.9%  46.7  233s
 100451 53176    0.17438   46   40    0.18892    0.16840  10.9%  46.7  235s
 105301 55527    0.18635   48   37    0.18892    0.16867  10.7%  46.6  240s
 109807 57695    0.17494   43   45    0.18892    0.16892  10.6%  46.6  245s
 114824 59929    0.18663   46   55    0.18892    0.16916  10.5%  46.5  250s
 119880 62277    0.17997   35   51    0.18892    0.16942  10.3%  46.4  255s
 124821 64525    0.18552   50   30    0.18892    0.16966  10.2%  46.3  260s
 129500 66644    0.17430   34   55    0.18892    0.16990  10.1%  46.1  265s
 134325 68790    0.17806   48   42    0.18892    0.17010  10.0%  46.1  270s
 139252 70964    0.18276   37   51    0.18892    0.17031  9.85%  46.1  275s
 144286 73190     cutoff   50         0.18892    0.17051  9.74%  46.0  280s
 149490 75438    0.18530   33   66    0.18892    0.17071  9.64%  45.9  285s
 154261 77452    0.18715   51   25    0.18892    0.17088  9.55%  45.7  290s
 159192 79611     cutoff   54         0.18892    0.17106  9.45%  45.7  295s
 164335 81885    0.18181   48   35    0.18892    0.17122  9.37%  45.6  300s
 169437 84079    0.17962   50   43    0.18892    0.17139  9.28%  45.5  305s
 174882 86572    0.18758   52   34    0.18892    0.17157  9.19%  45.4  310s
 179947 88690    0.17249   33   60    0.18892    0.17171  9.11%  45.4  315s
 184570 90685     cutoff   50         0.18892    0.17185  9.04%  45.3  320s
 189783 92880     cutoff   45         0.18892    0.17197  8.97%  45.2  325s
 194981 95133    0.18028   47   41    0.18892    0.17210  8.91%  45.2  330s
 200153 97323    0.18278   35   43    0.18892    0.17223  8.84%  45.1  335s
 205549 99724    0.17833   44   48    0.18892    0.17235  8.77%  45.0  340s
 210837 101972    0.18774   53   22    0.18892    0.17247  8.71%  45.0  345s
 215530 103905    0.17989   47   38    0.18892    0.17259  8.65%  44.9  350s
 220874 106159    0.17736   33   56    0.18892    0.17270  8.58%  44.8  355s
 225862 108267    0.18198   49   40    0.18892    0.17282  8.52%  44.8  360s
 231259 110545    0.17715   47   41    0.18892    0.17293  8.47%  44.7  365s
 236618 112787    0.18082   42   42    0.18892    0.17304  8.41%  44.6  370s
 241859 114845    0.17759   42   40    0.18892    0.17314  8.35%  44.6  375s
 247207 117074     cutoff   58         0.18892    0.17325  8.30%  44.5  380s
 252083 119123    0.18720   52   33    0.18892    0.17334  8.25%  44.4  385s
 257414 121273    0.18837   50   35    0.18892    0.17344  8.19%  44.4  390s
 262837 123442    0.18668   58   22    0.18892    0.17354  8.14%  44.3  395s
 267819 125460    0.18565   43   52    0.18892    0.17361  8.10%  44.3  400s
 273301 127643    0.18864   49   21    0.18892    0.17370  8.05%  44.2  405s
*278179 128491              98       0.1886085    0.17378  7.86%  44.1  412s
*278181 128334              97       0.1885700    0.17378  7.84%  44.1  414s
*278182 128289              96       0.1885553    0.17378  7.84%  44.1  417s
 281107 129445    0.18310   41   42    0.18856    0.17384  7.80%  44.1  420s
 286841 131725     cutoff   56         0.18856    0.17393  7.76%  44.0  425s
 292201 133726    0.18801   48   43    0.18856    0.17401  7.71%  43.9  430s
 297821 135941    0.18679   44   39    0.18856    0.17411  7.66%  43.9  435s
 303316 138123    0.18467   42   40    0.18856    0.17418  7.62%  43.8  440s
 308365 140146     cutoff   53         0.18856    0.17425  7.59%  43.7  445s
 313812 142291    0.18645   56   21    0.18856    0.17433  7.54%  43.7  450s
 318941 144253    0.18311   50   28    0.18856    0.17441  7.50%  43.6  455s
*321845 143913              66       0.1882251    0.17445  7.32%  43.6  459s
 321866 143967    0.18121   44   42    0.18823    0.17445  7.32%  43.6  460s
 327365 145908    0.18601   56   27    0.18823    0.17453  7.28%  43.5  465s
 332634 147931    0.18545   47   38    0.18823    0.17460  7.24%  43.5  470s
 337818 149941    0.18460   42   46    0.18823    0.17466  7.21%  43.4  475s
 343403 151888    0.18495   49   41    0.18823    0.17473  7.17%  43.4  480s
 348816 153928    0.18820   44   43    0.18823    0.17480  7.13%  43.3  485s
 354075 155931    0.17828   40   51    0.18823    0.17486  7.10%  43.2  490s
 359364 157839     cutoff   55         0.18823    0.17493  7.07%  43.2  495s
 364878 159866     cutoff   55         0.18823    0.17499  7.03%  43.1  500s
*365697 158289              85       0.1879022    0.17500  6.87%  43.1  506s
 369758 159720    0.18117   43   38    0.18790    0.17505  6.84%  43.1  510s
 374992 161564    0.17955   41   50    0.18790    0.17511  6.81%  43.0  515s
 380119 163345    0.17886   42   43    0.18790    0.17518  6.77%  43.0  520s
 385353 165050     cutoff   57         0.18790    0.17524  6.74%  43.0  525s
 390695 166901    0.18136   40   49    0.18790    0.17530  6.71%  42.9  530s
 395441 168491    0.18790   49   35    0.18790    0.17536  6.68%  42.9  535s
 400642 170286    0.18766   52   35    0.18790    0.17542  6.64%  42.8  540s
 405750 172064    0.18082   52   26    0.18790    0.17547  6.62%  42.8  545s
 410941 173752    0.17804   40   47    0.18790    0.17552  6.59%  42.8  550s
 415808 175329    0.18498   44   51    0.18790    0.17558  6.56%  42.7  555s
 421190 177175     cutoff   57         0.18790    0.17563  6.53%  42.7  560s
 426405 178946     cutoff   46         0.18790    0.17568  6.51%  42.6  565s
 431711 180765    0.18612   47   39    0.18790    0.17573  6.48%  42.6  570s
 437001 182535    0.18073   38   46    0.18790    0.17578  6.45%  42.5  575s
 442410 184369    0.18649   50   36    0.18790    0.17583  6.43%  42.5  580s
 447549 186072     cutoff   52         0.18790    0.17587  6.40%  42.4  585s
 452782 187763    0.18503   34   50    0.18790    0.17592  6.38%  42.4  590s
 457391 189329     cutoff   50         0.18790    0.17596  6.36%  42.4  595s
 462721 191137     cutoff   54         0.18790    0.17600  6.33%  42.3  600s
 468159 192980    0.17884   45   48    0.18790    0.17606  6.30%  42.3  605s
 473998 194909     cutoff   52         0.18790    0.17611  6.28%  42.2  610s
 479146 196574     cutoff   48         0.18790    0.17615  6.25%  42.2  615s
 484795 198563    0.18419   51   31    0.18790    0.17620  6.23%  42.1  620s
 490100 200324     cutoff   52         0.18790    0.17625  6.20%  42.1  625s
 495365 201998     cutoff   55         0.18790    0.17629  6.18%  42.1  630s
 500575 203596    0.17728   44   47    0.18790    0.17633  6.16%  42.0  635s
 506320 205548    0.18415   50   36    0.18790    0.17638  6.13%  42.0  640s
 511510 207279    0.18541   48   37    0.18790    0.17642  6.11%  41.9  645s
 516804 208884    0.18079   52   26    0.18790    0.17646  6.09%  41.9  650s
 522133 210591    0.18231   51   38    0.18790    0.17651  6.06%  41.9  655s
 527236 212239     cutoff   43         0.18790    0.17654  6.04%  41.8  660s
 532517 214002     cutoff   40         0.18790    0.17659  6.02%  41.8  665s
 537771 215652    0.18653   56   24    0.18790    0.17663  6.00%  41.8  670s
 543471 217543    0.17855   37   45    0.18790    0.17667  5.98%  41.7  675s
 548830 219233    0.18244   45   48    0.18790    0.17670  5.96%  41.7  680s
 554219 220983    0.17868   37   45    0.18790    0.17674  5.94%  41.7  685s
 559960 222827    0.18580   44   42    0.18790    0.17678  5.92%  41.6  690s
 565029 224440    0.18656   52   27    0.18790    0.17681  5.90%  41.6  695s
 570441 226116    0.18705   44   34    0.18790    0.17685  5.88%  41.6  700s
 575564 227645    0.18653   63   16    0.18790    0.17688  5.86%  41.5  705s
 581346 229440    0.17937   38   53    0.18790    0.17692  5.84%  41.5  710s
 586688 231088    0.18591   50   36    0.18790    0.17696  5.83%  41.5  715s
 591881 232667    0.18765   49   38    0.18790    0.17699  5.81%  41.4  720s
 597603 234425     cutoff   38         0.18790    0.17702  5.79%  41.4  725s
 602881 236100    0.18557   44   46    0.18790    0.17706  5.77%  41.4  730s
 608595 237792    0.18439   37   54    0.18790    0.17710  5.75%  41.3  735s
 613750 239448    0.18773   52   34    0.18790    0.17713  5.73%  41.3  740s
 619017 241110    0.18430   51   33    0.18790    0.17716  5.71%  41.3  745s
 624171 242634    0.18348   34   53    0.18790    0.17720  5.70%  41.2  750s
 629360 244222    0.18366   47   35    0.18790    0.17723  5.68%  41.2  755s
*633486 243269              81       0.1876864    0.17725  5.56%  41.2  761s
 637012 244328    0.18745   55   26    0.18769    0.17728  5.55%  41.2  765s
 642729 246025     cutoff   52         0.18769    0.17731  5.53%  41.2  770s
 647724 247567    0.18111   48   32    0.18769    0.17734  5.51%  41.1  775s
 653126 249227    0.18241   50   40    0.18769    0.17737  5.49%  41.1  780s
 658270 250850    0.18651   47   33    0.18769    0.17740  5.48%  41.0  785s
 664028 252538    0.18003   49   34    0.18769    0.17744  5.46%  41.0  790s
 669242 254065    0.18485   53   34    0.18769    0.17747  5.44%  41.0  795s
 674904 255633    0.18480   42   56    0.18769    0.17750  5.43%  41.0  800s
 680254 257331    0.18200   50   30    0.18769    0.17753  5.41%  40.9  805s
 685279 258724    0.18699   55   27    0.18769    0.17756  5.40%  40.9  810s
 690485 260275    0.18674   46   42    0.18769    0.17758  5.38%  40.9  815s
 695700 261727    0.18498   43   39    0.18769    0.17761  5.37%  40.9  820s
*701280 261329              80       0.1875151    0.17764  5.27%  40.8  827s
 703959 262235     cutoff   50         0.18752    0.17766  5.26%  40.8  830s
 709125 263749     cutoff   25         0.18752    0.17768  5.24%  40.8  835s
 714322 265260    0.18401   47   43    0.18752    0.17771  5.23%  40.8  840s
 719217 266593    0.18486   53   35    0.18752    0.17773  5.22%  40.8  845s
 724509 267981    0.18065   41   43    0.18752    0.17776  5.20%  40.7  850s
 729899 269539     cutoff   54         0.18752    0.17778  5.19%  40.7  855s
 735013 270784    0.18378   46   32    0.18752    0.17781  5.17%  40.7  860s
 740339 272200    0.18608   57   24    0.18752    0.17784  5.16%  40.7  865s
 745446 273699    0.18430   50   28    0.18752    0.17787  5.15%  40.6  870s
 750532 275017    0.18003   31   48    0.18752    0.17789  5.13%  40.6  875s
 755823 276495    0.18586   50   40    0.18752    0.17792  5.12%  40.6  880s
 761453 278085    0.18079   39   44    0.18752    0.17795  5.10%  40.6  885s
 766778 279518     cutoff   48         0.18752    0.17797  5.09%  40.6  890s
 771989 280802    0.18285   48   33    0.18752    0.17800  5.08%  40.6  895s
 777668 282324    0.18738   51   30    0.18752    0.17803  5.06%  40.6  900s
 782338 283510    0.18196   44   50    0.18752    0.17805  5.05%  40.5  905s
 787587 284839    0.18388   50   34    0.18752    0.17808  5.03%  40.5  910s
 792955 286199     cutoff   56         0.18752    0.17810  5.02%  40.5  915s
 798772 287790    0.18365   44   40    0.18752    0.17813  5.00%  40.5  920s
 803982 289096     cutoff   54         0.18752    0.17815  4.99%  40.5  925s
 809432 290585    0.18658   51   36    0.18752    0.17818  4.98%  40.4  930s
 815177 292048    0.18376   52   34    0.18752    0.17820  4.97%  40.4  935s
 820341 293486    0.18388   39   57    0.18752    0.17823  4.95%  40.4  940s
 826150 295078     cutoff   52         0.18752    0.17825  4.94%  40.4  945s
 831416 296436     cutoff   52         0.18752    0.17828  4.93%  40.4  950s
 837269 298040    0.18522   50   39    0.18752    0.17830  4.91%  40.3  955s
 842780 299478    0.18711   45   42    0.18752    0.17833  4.90%  40.3  960s
 848102 300953    0.18465   46   44    0.18752    0.17835  4.89%  40.3  965s
 853203 302226    0.18282   48   33    0.18752    0.17838  4.87%  40.3  970s
 858918 303648     cutoff   56         0.18752    0.17840  4.86%  40.3  975s
 864171 304964    0.18249   48   39    0.18752    0.17842  4.85%  40.3  980s
 870093 306543     cutoff   53         0.18752    0.17845  4.84%  40.2  985s
 875376 307979    0.18062   44   40    0.18752    0.17847  4.82%  40.2  990s
 880935 309448     cutoff   53         0.18752    0.17849  4.81%  40.2  995s
 886266 310925    0.18558   43   44    0.18752    0.17851  4.80%  40.2 1000s
 891989 312325    0.18309   47   42    0.18752    0.17854  4.79%  40.2 1005s
 897593 313715    0.18373   44   47    0.18752    0.17856  4.77%  40.2 1010s
 903062 315052    0.18633   44   43    0.18752    0.17859  4.76%  40.1 1015s
 908556 316432    0.17973   45   38    0.18752    0.17861  4.75%  40.1 1020s
 914035 317914     cutoff   56         0.18752    0.17863  4.74%  40.1 1025s
*918981 316646              75       0.1873617    0.17864  4.65%  40.1 1032s
 922262 317439     cutoff   39         0.18736    0.17866  4.64%  40.1 1035s
 927983 319004     cutoff   60         0.18736    0.17868  4.63%  40.0 1040s
 933201 320293     cutoff   52         0.18736    0.17870  4.62%  40.0 1045s
 938275 321532     cutoff   51         0.18736    0.17872  4.61%  40.0 1050s
 944079 322945    0.18528   42   49    0.18736    0.17874  4.60%  40.0 1055s
 949303 324166    0.18029   45   37    0.18736    0.17876  4.59%  40.0 1060s
 955033 325477     cutoff   39         0.18736    0.17879  4.58%  40.0 1065s
 960320 326689    0.18581   40   53    0.18736    0.17881  4.57%  39.9 1070s
 966006 328013    0.18191   53   33    0.18736    0.17883  4.55%  39.9 1075s
 971706 329338    0.18650   38   50    0.18736    0.17885  4.54%  39.9 1080s
 977031 330598    0.18142   39   46    0.18736    0.17887  4.53%  39.9 1085s
 982198 331963    0.18616   53   36    0.18736    0.17889  4.52%  39.9 1090s
 988061 333343    0.18608   52   35    0.18736    0.17891  4.51%  39.9 1095s
 993300 334684    0.18546   50   31    0.18736    0.17893  4.50%  39.8 1100s
 999041 336067    0.18554   46   49    0.18736    0.17895  4.49%  39.8 1105s
 1004721 337462     cutoff   53         0.18736    0.17898  4.48%  39.8 1110s
 1009908 338620     cutoff   48         0.18736    0.17899  4.47%  39.8 1115s
 1015647 340133    0.18365   43   45    0.18736    0.17901  4.46%  39.8 1120s
 1021320 341378    0.18183   48   38    0.18736    0.17903  4.45%  39.8 1125s
 1026427 342579    0.18628   48   30    0.18736    0.17905  4.44%  39.8 1130s
 1032209 344135    0.18416   47   33    0.18736    0.17907  4.42%  39.7 1135s
 1037531 345486     cutoff   49         0.18736    0.17909  4.41%  39.7 1140s
 1043371 346858    0.18574   50   38    0.18736    0.17911  4.40%  39.7 1145s
 1048421 347925    0.18559   51   34    0.18736    0.17913  4.40%  39.7 1150s
 1053655 348996    0.18704   47   33    0.18736    0.17915  4.39%  39.7 1155s
 1058974 350311    0.18694   53   31    0.18736    0.17916  4.38%  39.7 1160s
*1062786 347668              81       0.1871755    0.17918  4.27%  39.7 1165s
 1067695 348766     cutoff   55         0.18718    0.17919  4.26%  39.7 1170s
 1073006 349803    0.18713   52   33    0.18718    0.17921  4.25%  39.6 1175s
 1078526 351036    0.18326   42   39    0.18718    0.17923  4.24%  39.6 1180s
 1084378 352167    0.18688   54   21    0.18718    0.17925  4.23%  39.6 1185s
 1090064 353432    0.18536   44   41    0.18718    0.17928  4.22%  39.6 1190s
 1095335 354605    0.18292   43   37    0.18718    0.17929  4.21%  39.6 1195s
 1101167 355838     cutoff   51         0.18718    0.17931  4.20%  39.6 1200s
 1106673 356855    0.18503   51   32    0.18718    0.17933  4.19%  39.6 1205s
 1112023 357888    0.18448   58   16    0.18718    0.17935  4.18%  39.6 1210s
 1117551 359175     cutoff   60         0.18718    0.17937  4.17%  39.6 1215s
 1123296 360443     cutoff   49         0.18718    0.17939  4.16%  39.5 1220s
 1128567 361546    0.18619   49   34    0.18718    0.17941  4.15%  39.5 1225s
 1134350 362744    0.18156   43   44    0.18718    0.17942  4.14%  39.5 1230s
 1140015 364051     cutoff   48         0.18718    0.17944  4.13%  39.5 1235s
 1145882 365321    0.18564   47   40    0.18718    0.17946  4.12%  39.5 1240s
 1151568 366647    0.18644   47   39    0.18718    0.17948  4.11%  39.5 1245s
 1156868 367704     cutoff   57         0.18718    0.17950  4.10%  39.5 1250s
 1162582 368901    0.18544   38   57    0.18718    0.17951  4.09%  39.5 1255s
 1168384 370235    0.18352   48   41    0.18718    0.17953  4.08%  39.4 1260s
 1174182 371341     cutoff   43         0.18718    0.17955  4.07%  39.4 1265s
 1179798 372481     cutoff   43         0.18718    0.17957  4.06%  39.4 1270s
 1185634 373717     cutoff   50         0.18718    0.17959  4.05%  39.4 1275s
 1191348 374980    0.18716   33   51    0.18718    0.17960  4.05%  39.4 1280s
 1196964 376134     cutoff   43         0.18718    0.17962  4.04%  39.4 1285s
 1202707 377248     cutoff   39         0.18718    0.17964  4.03%  39.4 1290s
 1208488 378427    0.18224   44   35    0.18718    0.17966  4.02%  39.3 1295s
 1213663 379427     cutoff   56         0.18718    0.17967  4.01%  39.3 1300s
 1219395 380606    0.18494   50   40    0.18718    0.17969  4.00%  39.3 1305s
 1225130 381634    0.18323   50   38    0.18718    0.17971  3.99%  39.3 1310s
 1230685 382816    0.18542   47   39    0.18718    0.17973  3.98%  39.3 1315s
 1236414 384145    0.18133   39   45    0.18718    0.17974  3.97%  39.3 1320s
 1242142 385195    0.18199   51   28    0.18718    0.17976  3.96%  39.3 1325s
 1247866 386307     cutoff   45         0.18718    0.17978  3.95%  39.3 1330s
 1253242 387525    0.18508   52   25    0.18718    0.17979  3.95%  39.3 1335s
 1259014 388728    0.18574   49   34    0.18718    0.17981  3.94%  39.2 1340s
 1261965 389435     cutoff   77         0.18718    0.17982  3.93%  39.2 1345s
*1265084 387184              75       0.1870586    0.17982  3.87%  39.2 1351s
 1268891 388057    0.18440   49   37    0.18706    0.17984  3.86%  39.2 1355s
 1274453 389076    0.18164   33   52    0.18706    0.17985  3.85%  39.2 1360s
 1279563 390059     cutoff   49         0.18706    0.17987  3.85%  39.2 1365s
 1284749 391046    0.18294   48   46    0.18706    0.17988  3.84%  39.2 1370s
 1290093 391980    0.18533   49   40    0.18706    0.17990  3.83%  39.2 1375s
 1295241 393014    0.18541   43   48    0.18706    0.17991  3.82%  39.2 1380s
 1301093 394252    0.18075   40   44    0.18706    0.17993  3.81%  39.2 1385s
 1306440 395337     cutoff   54         0.18706    0.17994  3.80%  39.2 1390s
 1311181 396215    0.18362   42   52    0.18706    0.17995  3.80%  39.2 1395s
 1316914 397349    0.18619   57   28    0.18706    0.17997  3.79%  39.1 1400s
 1322188 398335    0.18407   51   33    0.18706    0.17998  3.78%  39.1 1405s
 1327258 399276    0.18458   46   39    0.18706    0.18000  3.77%  39.1 1410s
 1332686 400206    0.18160   37   54    0.18706    0.18001  3.77%  39.1 1415s
 1337879 401151    0.18083   47   45    0.18706    0.18003  3.76%  39.1 1420s
 1343103 402090    0.18535   48   33    0.18706    0.18004  3.75%  39.1 1425s
 1347829 403051     cutoff   51         0.18706    0.18006  3.74%  39.1 1430s
 1353265 404117    0.18687   54   30    0.18706    0.18007  3.74%  39.1 1435s
 1358357 405046     cutoff   53         0.18706    0.18008  3.73%  39.1 1440s
 1362992 405907    0.18264   38   44    0.18706    0.18010  3.72%  39.1 1445s
 1368332 406809    0.18284   51   36    0.18706    0.18011  3.71%  39.1 1450s
 1373156 407719    0.18657   51   33    0.18706    0.18012  3.71%  39.1 1455s
 1377899 408631    0.18216   49   39    0.18706    0.18013  3.70%  39.0 1460s
 1383138 409417     cutoff   48         0.18706    0.18015  3.69%  39.0 1465s
 1388382 410349     cutoff   45         0.18706    0.18016  3.69%  39.0 1470s
 1393537 411408    0.18274   47   38    0.18706    0.18018  3.68%  39.0 1475s
 1398385 412188    0.18105   44   49    0.18706    0.18019  3.67%  39.0 1480s
 1404120 413022     cutoff   54         0.18706    0.18020  3.66%  39.0 1485s
 1408798 413828     cutoff   40         0.18706    0.18022  3.66%  39.0 1490s
 1414135 414797    0.18463   46   42    0.18706    0.18023  3.65%  39.0 1495s
 1419373 415788     cutoff   50         0.18706    0.18024  3.64%  39.0 1500s
 1425022 416841    0.18073   43   40    0.18706    0.18026  3.64%  39.0 1505s
 1430259 417865     cutoff   49         0.18706    0.18027  3.63%  39.0 1510s
 1435403 418800    0.18631   54   40    0.18706    0.18028  3.62%  39.0 1515s
 1440626 419672    0.18524   46   40    0.18706    0.18030  3.62%  39.0 1520s
 1445913 420765    0.18618   53   41    0.18706    0.18031  3.61%  39.0 1525s
 1451205 421632     cutoff   58         0.18706    0.18032  3.60%  39.0 1530s
 1456544 422501    0.18648   53   29    0.18706    0.18033  3.59%  38.9 1535s
 1461765 423407    0.18571   49   37    0.18706    0.18035  3.59%  38.9 1540s
 1466940 424387    0.18545   44   43    0.18706    0.18036  3.58%  38.9 1545s
 1472127 425382    0.18151   42   40    0.18706    0.18037  3.57%  38.9 1550s
 1477348 426385    0.18550   56   26    0.18706    0.18039  3.57%  38.9 1555s
 1482735 427327    0.18167   47   38    0.18706    0.18040  3.56%  38.9 1560s
 1488418 428157    0.18705   53   28    0.18706    0.18041  3.55%  38.9 1565s
 1493551 429090     cutoff   59         0.18706    0.18043  3.55%  38.9 1570s
 1498742 430088    0.18623   46   31    0.18706    0.18044  3.54%  38.9 1575s
 1503590 431050     cutoff   53         0.18706    0.18045  3.53%  38.9 1580s
 1508928 431893     cutoff   48         0.18706    0.18046  3.53%  38.9 1585s
 1513698 432813    0.18049   36   46    0.18706    0.18048  3.52%  38.9 1590s
 1518989 433632     cutoff   50         0.18706    0.18049  3.51%  38.9 1595s
 1524228 434487     cutoff   51         0.18706    0.18050  3.51%  38.9 1600s
 1529399 435311    0.18101   49   41    0.18706    0.18051  3.50%  38.9 1605s
 1535213 436424    0.18442   35   46    0.18706    0.18053  3.49%  38.9 1610s
 1540482 437370    0.18239   45   36    0.18706    0.18054  3.49%  38.8 1615s
 1545830 438355    0.18124   42   43    0.18706    0.18055  3.48%  38.8 1620s
 1551143 439232    0.18502   53   24    0.18706    0.18056  3.47%  38.8 1625s
 1556264 440012    0.18344   50   24    0.18706    0.18058  3.47%  38.8 1630s
 1562177 441011     cutoff   40         0.18706    0.18059  3.46%  38.8 1635s
 1567297 441893    0.18238   45   36    0.18706    0.18060  3.45%  38.8 1640s
 1571991 442780     cutoff   46         0.18706    0.18061  3.45%  38.8 1645s
 1576209 443567     cutoff   56         0.18706    0.18062  3.44%  38.8 1650s
 1580964 444402    0.18187   36   43    0.18706    0.18063  3.44%  38.8 1655s
 1585732 445196    0.18503   52   28    0.18706    0.18064  3.43%  38.8 1660s
 1591289 446178    0.18550   47   37    0.18706    0.18066  3.42%  38.8 1665s
 1596412 447113    0.18411   47   36    0.18706    0.18067  3.42%  38.8 1670s
 1601605 447909    0.18641   41   57    0.18706    0.18068  3.41%  38.8 1675s
 1607271 448687    0.18561   35   53    0.18706    0.18069  3.40%  38.8 1680s
 1612510 449402    0.18642   49   33    0.18706    0.18070  3.40%  38.8 1685s
 1617550 450119    0.18598   48   36    0.18706    0.18072  3.39%  38.7 1690s
 1622806 451013     cutoff   49         0.18706    0.18073  3.38%  38.7 1695s
 1628233 452088    0.18591   48   33    0.18706    0.18074  3.38%  38.7 1700s
 1632867 452888    0.18615   47   30    0.18706    0.18075  3.37%  38.7 1705s
 1638154 453586     cutoff   54         0.18706    0.18076  3.37%  38.7 1710s
 1643303 454356     cutoff   50         0.18706    0.18077  3.36%  38.7 1715s
 1648209 455071    0.18234   49   40    0.18706    0.18079  3.35%  38.7 1720s
 1653822 455957    0.18656   46   45    0.18706    0.18080  3.35%  38.7 1725s
 1658640 456778    0.18695   56   18    0.18706    0.18081  3.34%  38.7 1730s
 1664349 457751    0.18171   40   41    0.18706    0.18082  3.33%  38.7 1735s
 1669691 458570     cutoff   49         0.18706    0.18083  3.33%  38.7 1740s
 1674441 459428    0.18667   48   40    0.18706    0.18084  3.32%  38.7 1745s
 1679677 460256    0.18443   46   43    0.18706    0.18085  3.32%  38.7 1750s
 1684788 460975     cutoff   51         0.18706    0.18087  3.31%  38.7 1755s
 1690003 461967    0.18457   56   16    0.18706    0.18088  3.30%  38.7 1760s
 1695175 462536    0.18517   53   33    0.18706    0.18089  3.30%  38.7 1765s
 1700538 463260     cutoff   38         0.18706    0.18090  3.29%  38.7 1770s
*1702063 454466              81       0.1867957    0.18091  3.15%  38.7 1774s
 1703330 454578    0.18585   55   30    0.18680    0.18091  3.15%  38.7 1775s
 1708502 455291    0.18570   48   32    0.18680    0.18092  3.14%  38.7 1780s
 1713827 456069    0.18358   46   40    0.18680    0.18093  3.14%  38.7 1785s
 1719500 456915     cutoff   52         0.18680    0.18095  3.13%  38.6 1790s
*1723585 452332              77       0.1866744    0.18096  3.06%  38.6 1796s
 1727100 452727    0.18449   45   42    0.18667    0.18096  3.06%  38.6 1800s
 1732756 453484     cutoff   53         0.18667    0.18098  3.05%  38.6 1805s
 1737976 454078    0.18641   53   28    0.18667    0.18099  3.05%  38.6 1810s
 1743775 454808    0.18314   39   41    0.18667    0.18100  3.04%  38.6 1815s
 1748894 455412    0.18487   50   39    0.18667    0.18101  3.03%  38.6 1820s
 1754223 456151    0.18370   43   37    0.18667    0.18102  3.03%  38.6 1825s
 1759282 456698    0.18379   45   45    0.18667    0.18104  3.02%  38.6 1830s
 1764516 457419    0.18596   36   52    0.18667    0.18105  3.01%  38.6 1835s
 1770181 458149    0.18601   56   30    0.18667    0.18106  3.01%  38.6 1840s
 1775607 458891     cutoff   52         0.18667    0.18107  3.00%  38.6 1845s
 1780684 459702    0.18644   51   32    0.18667    0.18108  2.99%  38.6 1850s
 1786182 460372     cutoff   53         0.18667    0.18110  2.99%  38.6 1855s
 1791466 460905    0.18457   46   38    0.18667    0.18111  2.98%  38.6 1860s
 1796736 461574     cutoff   48         0.18667    0.18112  2.98%  38.6 1865s
 1801952 462177    0.18367   46   50    0.18667    0.18113  2.97%  38.6 1870s
 1807267 462870     cutoff   44         0.18667    0.18114  2.96%  38.6 1875s
 1812553 463349    0.18597   37   58    0.18667    0.18115  2.96%  38.6 1880s
 1817931 463900    0.18446   44   43    0.18667    0.18117  2.95%  38.5 1885s
 1823108 464434     cutoff   48         0.18667    0.18118  2.95%  38.5 1890s
 1828237 464902    0.18454   48   34    0.18667    0.18119  2.94%  38.5 1895s
 1833605 465567     cutoff   36         0.18667    0.18120  2.93%  38.5 1900s
 1839138 466017    0.18224   39   43    0.18667    0.18121  2.93%  38.5 1905s
 1844316 466600    0.18655   57   23    0.18667    0.18122  2.92%  38.5 1910s
 1849618 467272    0.18551   41   47    0.18667    0.18123  2.91%  38.5 1915s
 1855230 467969    0.18595   51   32    0.18667    0.18124  2.91%  38.5 1920s
 1860828 468582    0.18665   44   45    0.18667    0.18126  2.90%  38.5 1925s
 1866017 469267     cutoff   54         0.18667    0.18127  2.90%  38.5 1930s
 1871119 469741     cutoff   52         0.18667    0.18128  2.89%  38.5 1935s
 1876973 470474     cutoff   43         0.18667    0.18129  2.88%  38.5 1940s
 1882153 471015    0.18654   54   20    0.18667    0.18130  2.88%  38.5 1945s
 1886869 471525    0.18536   50   32    0.18667    0.18131  2.87%  38.5 1950s
 1891907 472017     cutoff   36         0.18667    0.18132  2.87%  38.5 1955s
 1895577 472428    0.18601   52   30    0.18667    0.18133  2.86%  38.5 1960s
 1900291 472858     cutoff   44         0.18667    0.18134  2.86%  38.5 1965s
 1905367 473249     cutoff   51         0.18667    0.18135  2.85%  38.5 1970s
*1906241 450120              75       0.1862587    0.18135  2.63%  38.5 1973s
 1907672 450095    0.18560   49   29    0.18626    0.18136  2.63%  38.5 1975s
 1912665 450486    0.18542   54   29    0.18626    0.18137  2.63%  38.5 1980s
 1917832 450735    0.18487   46   41    0.18626    0.18138  2.62%  38.5 1985s
 1922941 451045    0.18594   52   30    0.18626    0.18139  2.61%  38.5 1990s
 1928005 451455    0.18363   41   41    0.18626    0.18140  2.61%  38.5 1995s
 1933546 451775    0.18410   48   35    0.18626    0.18141  2.60%  38.5 2000s
 1938696 452234    0.18383   45   45    0.18626    0.18143  2.59%  38.4 2005s
 1943618 452642     cutoff   50         0.18626    0.18144  2.59%  38.4 2010s
 1948917 453028    0.18600   57   21    0.18626    0.18145  2.58%  38.4 2015s
 1953816 453274    0.18356   50   31    0.18626    0.18146  2.58%  38.4 2020s
 1958816 453730    0.18217   52   36    0.18626    0.18147  2.57%  38.4 2025s
 1963815 454080    0.18423   47   36    0.18626    0.18148  2.57%  38.4 2030s
 1968986 454567    0.18181   47   32    0.18626    0.18149  2.56%  38.4 2035s
 1974042 454803    0.18476   44   40    0.18626    0.18150  2.55%  38.4 2040s
 1978765 455193    0.18281   51   35    0.18626    0.18151  2.55%  38.4 2045s
 1983707 455454    0.18325   42   40    0.18626    0.18153  2.54%  38.4 2050s
 1988657 455648    0.18241   31   52    0.18626    0.18154  2.54%  38.4 2055s
 1993594 455982     cutoff   45         0.18626    0.18155  2.53%  38.4 2060s
 1998831 456277     cutoff   46         0.18626    0.18156  2.52%  38.4 2065s
 2003770 456625    0.18545   51   35    0.18626    0.18157  2.52%  38.4 2070s
 2008907 456835    0.18458   44   40    0.18626    0.18158  2.51%  38.4 2075s
 2013775 457060    0.18348   42   52    0.18626    0.18159  2.51%  38.4 2080s
 2018524 457225     cutoff   29         0.18626    0.18160  2.50%  38.4 2085s
 2023569 457600     cutoff   49         0.18626    0.18161  2.49%  38.4 2090s
 2028692 457887     cutoff   45         0.18626    0.18162  2.49%  38.4 2095s
 2033177 458090     cutoff   48         0.18626    0.18163  2.48%  38.4 2100s
 2038813 458371     cutoff   54         0.18626    0.18165  2.48%  38.4 2105s
 2043876 458647     cutoff   44         0.18626    0.18166  2.47%  38.4 2110s
 2049017 459027     cutoff   46         0.18626    0.18167  2.47%  38.4 2115s
 2053954 459274    0.18299   42   40    0.18626    0.18168  2.46%  38.4 2120s
 2059232 459653     cutoff   53         0.18626    0.18169  2.45%  38.4 2125s
 2064235 459929    0.18422   43   56    0.18626    0.18170  2.45%  38.4 2130s
 2068691 460145    0.18431   47   29    0.18626    0.18171  2.44%  38.4 2135s
 2073488 460377     cutoff   48         0.18626    0.18172  2.44%  38.4 2140s
 2078291 460637    0.18310   48   31    0.18626    0.18173  2.43%  38.4 2145s
 2083185 460836    0.18522   50   43    0.18626    0.18174  2.43%  38.4 2150s
 2088146 461088    0.18443   43   43    0.18626    0.18175  2.42%  38.4 2155s
 2093170 461360    0.18401   48   43    0.18626    0.18176  2.41%  38.4 2160s
 2098232 461729    0.18611   45   33    0.18626    0.18177  2.41%  38.3 2165s
 2103119 461938     cutoff   45         0.18626    0.18178  2.40%  38.3 2170s
 2108366 462069    0.18510   39   39    0.18626    0.18179  2.40%  38.3 2175s
 2113308 462278     cutoff   35         0.18626    0.18180  2.39%  38.3 2180s
 2118212 462534     cutoff   50         0.18626    0.18181  2.39%  38.3 2185s
 2123644 462680    0.18377   46   40    0.18626    0.18183  2.38%  38.3 2190s
 2128322 462869     cutoff   54         0.18626    0.18184  2.37%  38.3 2195s
 2133440 463113    0.18463   40   43    0.18626    0.18185  2.37%  38.3 2200s
 2138530 463384    0.18321   46   36    0.18626    0.18186  2.36%  38.3 2205s
 2143945 463596     cutoff   38         0.18626    0.18187  2.36%  38.3 2210s
 2149171 463818    0.18486   44   36    0.18626    0.18188  2.35%  38.3 2215s
 2154069 464129     cutoff   58         0.18626    0.18189  2.35%  38.3 2220s
 2159392 464330    0.18607   38   57    0.18626    0.18190  2.34%  38.3 2225s
 2164732 464440    0.18303   32   57    0.18626    0.18191  2.34%  38.3 2230s
 2169671 464745    0.18618   43   43    0.18626    0.18192  2.33%  38.3 2235s
 2174992 464930     cutoff   47         0.18626    0.18193  2.32%  38.3 2240s
 2180183 465113    0.18344   50   37    0.18626    0.18194  2.32%  38.3 2245s
 2184860 465350     cutoff   55         0.18626    0.18195  2.31%  38.3 2250s
 2189636 465512     cutoff   48         0.18626    0.18196  2.31%  38.3 2255s
 2194924 465741    0.18334   34   48    0.18626    0.18197  2.30%  38.3 2260s
 2199864 465939    0.18610   51   37    0.18626    0.18198  2.30%  38.3 2265s
 2204959 465989    0.18312   49   40    0.18626    0.18199  2.29%  38.3 2270s
 2210268 466221    0.18387   47   38    0.18626    0.18200  2.29%  38.3 2275s
 2215477 466404     cutoff   47         0.18626    0.18201  2.28%  38.2 2280s
 2220362 466589    0.18478   53   23    0.18626    0.18202  2.27%  38.2 2285s
 2225551 466769    0.18437   36   43    0.18626    0.18203  2.27%  38.2 2290s
 2230284 466768    0.18567   48   27    0.18626    0.18204  2.26%  38.2 2295s
 2235243 466932    0.18582   43   39    0.18626    0.18205  2.26%  38.2 2300s
 2240152 467147    0.18444   48   37    0.18626    0.18206  2.25%  38.2 2305s
 2245508 467428    0.18504   54   27    0.18626    0.18207  2.25%  38.2 2310s
 2250224 467594     cutoff   38         0.18626    0.18208  2.24%  38.2 2315s
 2255594 467841    0.18464   49   29    0.18626    0.18209  2.24%  38.2 2320s
 2260475 468068     cutoff   34         0.18626    0.18210  2.23%  38.2 2325s
 2265745 468269    0.18385   50   36    0.18626    0.18211  2.23%  38.2 2330s
 2270624 468491    0.18393   47   44    0.18626    0.18212  2.22%  38.2 2335s
 2275905 468743     cutoff   51         0.18626    0.18213  2.22%  38.2 2340s
 2281116 468918     cutoff   47         0.18626    0.18214  2.21%  38.2 2345s
 2285732 468893    0.18458   48   35    0.18626    0.18215  2.21%  38.2 2350s
 2290568 468969     cutoff   44         0.18626    0.18216  2.20%  38.2 2355s
 2295740 469065    0.18513   42   44    0.18626    0.18217  2.20%  38.2 2360s
 2300981 469154    0.18471   42   37    0.18626    0.18218  2.19%  38.2 2365s
 2306068 469160     cutoff   39         0.18626    0.18219  2.19%  38.2 2370s
 2311385 469304     cutoff   51         0.18626    0.18220  2.18%  38.2 2375s
 2316107 469398    0.18383   51   38    0.18626    0.18221  2.18%  38.2 2380s
 2321331 469600     cutoff   54         0.18626    0.18222  2.17%  38.2 2385s
 2326674 469728     cutoff   40         0.18626    0.18223  2.16%  38.1 2390s
 2331861 469823    0.18389   38   41    0.18626    0.18224  2.16%  38.1 2395s
 2337360 469976     cutoff   50         0.18626    0.18225  2.15%  38.1 2400s
 2342579 470161     cutoff   45         0.18626    0.18226  2.15%  38.1 2405s
 2347607 470248    0.18586   51   34    0.18626    0.18227  2.14%  38.1 2410s
 2352757 470291    0.18285   48   40    0.18626    0.18228  2.14%  38.1 2415s
 2358087 470222     cutoff   42         0.18626    0.18229  2.13%  38.1 2420s
 2363185 470213    0.18398   43   42    0.18626    0.18229  2.13%  38.1 2425s
 2368084 470297     cutoff   46         0.18626    0.18230  2.12%  38.1 2430s
 2372970 470427    0.18437   55   27    0.18626    0.18231  2.12%  38.1 2435s
 2377659 470548     cutoff   44         0.18626    0.18232  2.11%  38.1 2440s
 2381840 470667    0.18389   48   34    0.18626    0.18233  2.11%  38.1 2445s
 2387073 470759     cutoff   44         0.18626    0.18234  2.11%  38.1 2450s
 2392392 470954    0.18443   41   45    0.18626    0.18235  2.10%  38.1 2455s
 2397511 471032    0.18529   40   51    0.18626    0.18236  2.10%  38.1 2460s
 2402605 471056    0.18460   45   43    0.18626    0.18236  2.09%  38.1 2465s
 2407794 471097    0.18437   49   37    0.18626    0.18237  2.09%  38.1 2470s
 2412787 471058    0.18562   48   44    0.18626    0.18238  2.08%  38.1 2475s
 2418048 471271    0.18565   51   22    0.18626    0.18239  2.08%  38.1 2480s
 2423067 471318     cutoff   45         0.18626    0.18240  2.07%  38.0 2485s
 2428298 471522    0.18296   50   40    0.18626    0.18241  2.07%  38.0 2490s
 2433563 471504     cutoff   47         0.18626    0.18242  2.06%  38.0 2495s
 2438156 471560    0.18295   51   38    0.18626    0.18243  2.06%  38.0 2500s
 2443608 471649     cutoff   36         0.18626    0.18244  2.05%  38.0 2505s
 2448543 471602    0.18558   43   39    0.18626    0.18245  2.05%  38.0 2510s
 2454011 471618     cutoff   42         0.18626    0.18246  2.04%  38.0 2515s
 2459064 471730    0.18413   43   48    0.18626    0.18246  2.04%  38.0 2520s
 2464070 471740     cutoff   48         0.18626    0.18247  2.03%  38.0 2525s
 2469666 471900    0.18462   40   55    0.18626    0.18248  2.03%  38.0 2530s
 2474525 471794    0.18529   47   33    0.18626    0.18249  2.02%  38.0 2535s
 2479935 471762     cutoff   47         0.18626    0.18250  2.02%  38.0 2540s
 2484583 471759     cutoff   32         0.18626    0.18251  2.01%  38.0 2545s
 2489444 471813     cutoff   40         0.18626    0.18252  2.01%  38.0 2550s
 2494550 471790     cutoff   47         0.18626    0.18253  2.00%  38.0 2555s
 2499396 471810    0.18259   31   53    0.18626    0.18253  2.00%  38.0 2560s
 2504663 471797    0.18458   50   41    0.18626    0.18254  1.99%  38.0 2565s
 2509689 471887     cutoff   42         0.18626    0.18255  1.99%  38.0 2570s
 2514785 471770    0.18352   50   37    0.18626    0.18256  1.98%  37.9 2575s
 2520253 471884    0.18338   53   34    0.18626    0.18257  1.98%  37.9 2580s
 2525429 471852    0.18477   38   42    0.18626    0.18258  1.97%  37.9 2585s
 2530278 471772     cutoff   36         0.18626    0.18259  1.97%  37.9 2590s
 2535587 471770     cutoff   45         0.18626    0.18260  1.97%  37.9 2595s
 2540626 471800     cutoff   50         0.18626    0.18261  1.96%  37.9 2600s
 2545993 471772     cutoff   35         0.18626    0.18261  1.96%  37.9 2605s
 2550594 471697     cutoff   45         0.18626    0.18262  1.95%  37.9 2610s
 2555929 471750    0.18497   48   42    0.18626    0.18263  1.95%  37.9 2615s
 2561176 471745     cutoff   36         0.18626    0.18264  1.94%  37.9 2620s
 2565728 471576    0.18571   48   40    0.18626    0.18265  1.94%  37.9 2625s
 2570898 471407    0.18470   43   39    0.18626    0.18266  1.93%  37.9 2630s
 2575890 471403     cutoff   47         0.18626    0.18267  1.93%  37.9 2635s
 2580492 471186     cutoff   38         0.18626    0.18267  1.92%  37.9 2640s
 2585794 471171    0.18287   46   34    0.18626    0.18268  1.92%  37.9 2645s
 2590424 470997     cutoff   43         0.18626    0.18269  1.92%  37.9 2650s
 2595594 470969    0.18431   51   38    0.18626    0.18270  1.91%  37.9 2655s
 2600628 470933     cutoff   49         0.18626    0.18271  1.91%  37.9 2660s
 2605919 470791     cutoff   47         0.18626    0.18272  1.90%  37.9 2665s
 2610644 470788    0.18351   47   36    0.18626    0.18272  1.90%  37.9 2670s
 2615762 470663    0.18463   43   35    0.18626    0.18273  1.89%  37.8 2675s
 2620546 470688     cutoff   39         0.18626    0.18274  1.89%  37.8 2680s
 2625589 470685     cutoff   41         0.18626    0.18275  1.88%  37.8 2685s
 2630590 470499     cutoff   51         0.18626    0.18276  1.88%  37.8 2690s
 2635865 470531     cutoff   36         0.18626    0.18277  1.87%  37.8 2695s
 2641284 470423     cutoff   58         0.18626    0.18278  1.87%  37.8 2700s
 2646798 470327     cutoff   51         0.18626    0.18279  1.86%  37.8 2705s
 2651613 470298     cutoff   34         0.18626    0.18279  1.86%  37.8 2710s
 2656821 470057     cutoff   48         0.18626    0.18280  1.86%  37.8 2715s
 2662095 469966    0.18495   49   37    0.18626    0.18281  1.85%  37.8 2720s
 2667269 469876    0.18539   45   34    0.18626    0.18282  1.85%  37.8 2725s
 2672050 469893     cutoff   39         0.18626    0.18283  1.84%  37.8 2730s
 2677290 469802     cutoff   46         0.18626    0.18284  1.84%  37.8 2735s
 2682809 469616    0.18534   50   32    0.18626    0.18284  1.83%  37.8 2740s
 2687634 469489     cutoff   48         0.18626    0.18285  1.83%  37.8 2745s
 2692927 469229    0.18290   45   36    0.18626    0.18286  1.82%  37.8 2750s
 2698031 469055    0.18408   39   47    0.18626    0.18287  1.82%  37.8 2755s
 2703462 468809    0.18353   50   33    0.18626    0.18288  1.82%  37.7 2760s
 2708610 468509     cutoff   44         0.18626    0.18289  1.81%  37.7 2765s
 2713667 468405    0.18327   48   40    0.18626    0.18289  1.81%  37.7 2770s
 2718574 468160     cutoff   40         0.18626    0.18290  1.80%  37.7 2775s
 2723941 467945    0.18550   47   39    0.18626    0.18291  1.80%  37.7 2780s
 2728900 467881    0.18377   50   34    0.18626    0.18292  1.79%  37.7 2785s
 2734103 467560    0.18594   41   39    0.18626    0.18293  1.79%  37.7 2790s
 2739531 467433    0.18521   50   40    0.18626    0.18294  1.78%  37.7 2795s
 2744511 467301     cutoff   37         0.18626    0.18294  1.78%  37.7 2800s
 2749574 467142     cutoff   40         0.18626    0.18295  1.78%  37.7 2805s
 2754861 466888     cutoff   46         0.18626    0.18296  1.77%  37.7 2810s
 2760249 466656     cutoff   40         0.18626    0.18297  1.77%  37.7 2815s
 2765114 466451    0.18554   47   38    0.18626    0.18298  1.76%  37.7 2820s
 2770299 466191    0.18544   47   36    0.18626    0.18298  1.76%  37.7 2825s
 2775253 465982    0.18537   51   34    0.18626    0.18299  1.75%  37.7 2830s
 2780369 465706    0.18385   44   33    0.18626    0.18300  1.75%  37.7 2835s
 2785661 465415     cutoff   47         0.18626    0.18301  1.74%  37.7 2840s
 2790620 465184    0.18480   42   49    0.18626    0.18302  1.74%  37.6 2845s
 2795745 464869     cutoff   50         0.18626    0.18302  1.74%  37.6 2850s
 2801110 464723     cutoff   48         0.18626    0.18303  1.73%  37.6 2855s
 2806210 464543    0.18337   43   43    0.18626    0.18304  1.73%  37.6 2860s
 2810955 464281    0.18579   45   31    0.18626    0.18305  1.72%  37.6 2865s
 2816257 464124    0.18311   38   47    0.18626    0.18306  1.72%  37.6 2870s
 2821274 463873    0.18518   48   43    0.18626    0.18306  1.71%  37.6 2875s
 2826464 463630     cutoff   44         0.18626    0.18307  1.71%  37.6 2880s
 2831584 463481     cutoff   47         0.18626    0.18308  1.71%  37.6 2885s
 2836815 463246     cutoff   44         0.18626    0.18309  1.70%  37.6 2890s
 2841981 462931    0.18568   50   34    0.18626    0.18310  1.70%  37.6 2895s
 2846987 462766     cutoff   50         0.18626    0.18310  1.69%  37.6 2900s
 2851898 462503    0.18393   46   36    0.18626    0.18311  1.69%  37.6 2905s
 2856999 462297     cutoff   48         0.18626    0.18312  1.69%  37.6 2910s
 2862356 461913     cutoff   38         0.18626    0.18313  1.68%  37.6 2915s
 2867499 461764    0.18589   49   40    0.18626    0.18313  1.68%  37.6 2920s
 2872645 461463     cutoff   51         0.18626    0.18314  1.67%  37.6 2925s
 2877525 461193     cutoff   55         0.18626    0.18315  1.67%  37.6 2930s
 2882629 460896     cutoff   46         0.18626    0.18316  1.66%  37.5 2935s
 2888065 460637     cutoff   53         0.18626    0.18317  1.66%  37.5 2940s
 2893066 460306    0.18469   47   43    0.18626    0.18317  1.66%  37.5 2945s
 2898194 459997    0.18511   54   31    0.18626    0.18318  1.65%  37.5 2950s
 2903184 459661     cutoff   45         0.18626    0.18319  1.65%  37.5 2955s
 2908411 459493     cutoff   43         0.18626    0.18320  1.64%  37.5 2960s
 2913289 459226    0.18566   49   35    0.18626    0.18321  1.64%  37.5 2965s
 2918408 458884     cutoff   49         0.18626    0.18321  1.63%  37.5 2970s
 2923364 458607     cutoff   37         0.18626    0.18322  1.63%  37.5 2975s
 2928552 458324     cutoff   49         0.18626    0.18323  1.63%  37.5 2980s
 2933846 457964    0.18577   41   42    0.18626    0.18324  1.62%  37.5 2985s
 2938577 457605    0.18378   52   30    0.18626    0.18325  1.62%  37.5 2990s
 2943759 457240     cutoff   39         0.18626    0.18325  1.61%  37.5 2995s
 2948892 456934    0.18335   36   48    0.18626    0.18326  1.61%  37.5 3000s
 2953966 456509    0.18385   38   45    0.18626    0.18327  1.61%  37.5 3005s
 2959269 456195     cutoff   43         0.18626    0.18328  1.60%  37.5 3010s
 2964386 455786    0.18367   55   29    0.18626    0.18328  1.60%  37.4 3015s
 2969644 455436     cutoff   50         0.18626    0.18329  1.59%  37.4 3020s
 2974665 455144    0.18563   49   40    0.18626    0.18330  1.59%  37.4 3025s
 2979887 454817     cutoff   54         0.18626    0.18331  1.58%  37.4 3030s
 2985390 454414    0.18614   43   40    0.18626    0.18332  1.58%  37.4 3035s
 2990608 454027     cutoff   49         0.18626    0.18332  1.58%  37.4 3040s
 2995694 453776    0.18483   51   33    0.18626    0.18333  1.57%  37.4 3045s
 3000642 453341     cutoff   40         0.18626    0.18334  1.57%  37.4 3050s
 3005614 453094    0.18471   41   44    0.18626    0.18335  1.56%  37.4 3055s
 3011148 452652     cutoff   50         0.18626    0.18335  1.56%  37.4 3060s
 3016348 452234     cutoff   32         0.18626    0.18336  1.56%  37.4 3065s
 3021540 451794    0.18597   51   34    0.18626    0.18337  1.55%  37.4 3070s
 3026739 451423     cutoff   51         0.18626    0.18338  1.55%  37.4 3075s
 3031908 450987     cutoff   53         0.18626    0.18338  1.54%  37.4 3080s
 3037133 450697    0.18387   52   37    0.18626    0.18339  1.54%  37.4 3085s
 3042397 450350     cutoff   52         0.18626    0.18340  1.54%  37.3 3090s
 3047594 450035     cutoff   43         0.18626    0.18341  1.53%  37.3 3095s
 3052440 449626    0.18394   46   38    0.18626    0.18341  1.53%  37.3 3100s
 3057555 449255    0.18465   49   34    0.18626    0.18342  1.52%  37.3 3105s
 3062815 448999     cutoff   36         0.18626    0.18343  1.52%  37.3 3110s
 3067937 448628     cutoff   45         0.18626    0.18344  1.52%  37.3 3115s
 3073230 448130     cutoff   50         0.18626    0.18344  1.51%  37.3 3120s
 3078242 447832    0.18422   43   36    0.18626    0.18345  1.51%  37.3 3125s
 3083619 447412     cutoff   43         0.18626    0.18346  1.50%  37.3 3130s
 3089167 447020     cutoff   43         0.18626    0.18347  1.50%  37.3 3135s
 3094355 446590     cutoff   48         0.18626    0.18347  1.49%  37.3 3140s
 3099601 446076    0.18351   44   36    0.18626    0.18348  1.49%  37.3 3145s
 3104805 445707     cutoff   43         0.18626    0.18349  1.49%  37.3 3150s
 3109850 445220    0.18432   41   37    0.18626    0.18350  1.48%  37.3 3155s
 3115026 444783     cutoff   50         0.18626    0.18350  1.48%  37.3 3160s
 3120389 444520     cutoff   39         0.18626    0.18351  1.47%  37.2 3165s
 3125606 444185     cutoff   29         0.18626    0.18352  1.47%  37.2 3170s
 3130819 443768     cutoff   52         0.18626    0.18353  1.47%  37.2 3175s
 3136077 443320     cutoff   39         0.18626    0.18353  1.46%  37.2 3180s
 3141692 443024     cutoff   42         0.18626    0.18354  1.46%  37.2 3185s
 3146829 442700    0.18362   40   40    0.18626    0.18355  1.45%  37.2 3190s
 3152365 442308     cutoff   38         0.18626    0.18356  1.45%  37.2 3195s
 3157652 441911     cutoff   49         0.18626    0.18356  1.45%  37.2 3200s
 3163057 441369    0.18409   45   46    0.18626    0.18357  1.44%  37.2 3205s
 3168370 440832    0.18407   42   43    0.18626    0.18358  1.44%  37.2 3210s
 3173762 440415     cutoff   52         0.18626    0.18359  1.43%  37.2 3215s
 3178945 439910     cutoff   51         0.18626    0.18359  1.43%  37.2 3220s
 3184288 439278    0.18515   54   27    0.18626    0.18360  1.43%  37.2 3225s
 3189192 438786    0.18595   53   35    0.18626    0.18361  1.42%  37.1 3230s
 3194042 438243    0.18442   46   36    0.18626    0.18362  1.42%  37.1 3235s
 3199174 437640     cutoff   39         0.18626    0.18362  1.41%  37.1 3240s
 3204617 437308    0.18454   49   41    0.18626    0.18363  1.41%  37.1 3245s
 3209473 436784     cutoff   40         0.18626    0.18364  1.41%  37.1 3250s
 3214678 436246    0.18612   45   42    0.18626    0.18365  1.40%  37.1 3255s
 3219803 435754    0.18551   47   41    0.18626    0.18365  1.40%  37.1 3260s
 3225064 435225     cutoff   44         0.18626    0.18366  1.39%  37.1 3265s
 3230246 434747     cutoff   45         0.18626    0.18367  1.39%  37.1 3270s
 3235376 434275    0.18385   38   48    0.18626    0.18368  1.39%  37.1 3275s
 3241026 433721     cutoff   38         0.18626    0.18368  1.38%  37.1 3280s
 3246131 433134    0.18468   38   54    0.18626    0.18369  1.38%  37.1 3285s
 3251213 432562    0.18611   49   29    0.18626    0.18370  1.37%  37.1 3290s
 3256410 432063     cutoff   48         0.18626    0.18371  1.37%  37.0 3295s
 3262030 431482     cutoff   46         0.18626    0.18371  1.37%  37.0 3300s
 3267346 430897    0.18455   42   38    0.18626    0.18372  1.36%  37.0 3305s
 3272827 430407     cutoff   40         0.18626    0.18373  1.36%  37.0 3310s
 3278115 429881     cutoff   49         0.18626    0.18374  1.35%  37.0 3315s
 3283630 429244    0.18477   51   33    0.18626    0.18374  1.35%  37.0 3320s
 3289189 428790    0.18574   45   43    0.18626    0.18375  1.35%  37.0 3325s
 3294442 428254    0.18611   59   18    0.18626    0.18376  1.34%  37.0 3330s
 3299340 427645    0.18549   41   45    0.18626    0.18377  1.34%  37.0 3335s
 3304376 427171     cutoff   46         0.18626    0.18377  1.33%  37.0 3340s
 3310096 426458     cutoff   47         0.18626    0.18378  1.33%  37.0 3345s
 3315245 425792    0.18434   44   37    0.18626    0.18379  1.33%  37.0 3350s
 3320392 425076     cutoff   44         0.18626    0.18380  1.32%  37.0 3355s
 3325654 424486     cutoff   50         0.18626    0.18380  1.32%  36.9 3360s
 3331112 423725    0.18434   37   41    0.18626    0.18381  1.31%  36.9 3365s
 3336528 422913     cutoff   38         0.18626    0.18382  1.31%  36.9 3370s
 3341758 422337     cutoff   44         0.18626    0.18383  1.31%  36.9 3375s
 3347291 421623    0.18448   37   41    0.18626    0.18383  1.30%  36.9 3380s
 3352368 420972     cutoff   50         0.18626    0.18384  1.30%  36.9 3385s
 3357757 420281     cutoff   43         0.18626    0.18385  1.29%  36.9 3390s
 3363230 419607     cutoff   45         0.18626    0.18386  1.29%  36.9 3395s
 3368825 418867    0.18521   57   27    0.18626    0.18386  1.29%  36.9 3400s
 3374004 418218     cutoff   44         0.18626    0.18387  1.28%  36.9 3405s
 3379474 417502     cutoff   50         0.18626    0.18388  1.28%  36.9 3410s
 3384592 416817     cutoff   55         0.18626    0.18389  1.27%  36.9 3415s
 3389912 416091    0.18524   49   39    0.18626    0.18389  1.27%  36.9 3420s
 3395034 415307     cutoff   50         0.18626    0.18390  1.27%  36.8 3425s
 3400608 414447    0.18399   38   42    0.18626    0.18391  1.26%  36.8 3430s
 3405923 413723     cutoff   43         0.18626    0.18392  1.26%  36.8 3435s
 3411238 413003     cutoff   49         0.18626    0.18393  1.25%  36.8 3440s
 3416585 412294     cutoff   45         0.18626    0.18393  1.25%  36.8 3445s
 3422016 411581     cutoff   42         0.18626    0.18394  1.24%  36.8 3450s
 3427473 410762     cutoff   49         0.18626    0.18395  1.24%  36.8 3455s
 3432837 409972     cutoff   43         0.18626    0.18396  1.24%  36.8 3460s
 3438103 409306     cutoff   33         0.18626    0.18396  1.23%  36.8 3465s
 3443543 408506    0.18478   41   36    0.18626    0.18397  1.23%  36.8 3470s
 3448735 407889     cutoff   45         0.18626    0.18398  1.22%  36.8 3475s
 3454177 407140    0.18470   53   34    0.18626    0.18399  1.22%  36.8 3480s
 3459253 406507     cutoff   44         0.18626    0.18399  1.22%  36.8 3485s
 3464851 405700     cutoff   40         0.18626    0.18400  1.21%  36.7 3490s
 3470402 404750    0.18570   47   42    0.18626    0.18401  1.21%  36.7 3495s
 3475550 403791     cutoff   42         0.18626    0.18402  1.20%  36.7 3500s
 3480555 402921     cutoff   46         0.18626    0.18402  1.20%  36.7 3505s
 3485853 402199    0.18571   53   36    0.18626    0.18403  1.20%  36.7 3510s
 3490842 401406     cutoff   49         0.18626    0.18404  1.19%  36.7 3515s
 3496040 400478     cutoff   39         0.18626    0.18404  1.19%  36.7 3520s
 3501196 399679    0.18512   45   36    0.18626    0.18405  1.19%  36.7 3525s
 3506182 398943    0.18406   47   36    0.18626    0.18406  1.18%  36.7 3530s
 3510899 398163    0.18441   37   46    0.18626    0.18406  1.18%  36.7 3535s
 3515951 397430     cutoff   30         0.18626    0.18407  1.17%  36.7 3540s
 3520957 396676     cutoff   39         0.18626    0.18408  1.17%  36.7 3545s
 3525678 395846    0.18484   44   36    0.18626    0.18408  1.17%  36.7 3550s
 3530910 394963    0.18549   40   37    0.18626    0.18409  1.16%  36.6 3555s
 3535989 394259     cutoff   55         0.18626    0.18410  1.16%  36.6 3560s
 3541153 393534     cutoff   45         0.18626    0.18411  1.16%  36.6 3565s
 3546024 392798    0.18616   48   37    0.18626    0.18411  1.15%  36.6 3570s
 3551054 391981    0.18550   53   31    0.18626    0.18412  1.15%  36.6 3575s
 3556056 390967     cutoff   44         0.18626    0.18413  1.15%  36.6 3580s
 3561052 390068     cutoff   35         0.18626    0.18413  1.14%  36.6 3585s
 3565960 389220     cutoff   47         0.18626    0.18414  1.14%  36.6 3590s
 3570861 388373    0.18531   48   41    0.18626    0.18415  1.13%  36.6 3595s
 3575663 387491    0.18448   51   29    0.18626    0.18415  1.13%  36.6 3600s
 3580643 386621     cutoff   46         0.18626    0.18416  1.13%  36.6 3605s
 3585908 385801     cutoff   47         0.18626    0.18417  1.12%  36.6 3610s
 3590756 384764     cutoff   54         0.18626    0.18418  1.12%  36.6 3615s
 3596069 383816    0.18545   51   40    0.18626    0.18418  1.11%  36.5 3620s
 3601260 382878     cutoff   53         0.18626    0.18419  1.11%  36.5 3625s
 3606227 381870    0.18538   43   40    0.18626    0.18420  1.11%  36.5 3630s
 3611425 380956    0.18615   50   32    0.18626    0.18420  1.10%  36.5 3635s
 3616595 379984    0.18515   51   29    0.18626    0.18421  1.10%  36.5 3640s
 3621585 379003    0.18446   37   49    0.18626    0.18422  1.10%  36.5 3645s
 3626837 378140     cutoff   51         0.18626    0.18423  1.09%  36.5 3650s
 3631811 377330     cutoff   49         0.18626    0.18423  1.09%  36.5 3655s
 3636635 376464     cutoff   48         0.18626    0.18424  1.08%  36.5 3660s
 3641708 375508     cutoff   50         0.18626    0.18425  1.08%  36.5 3665s
 3646931 374592     cutoff   34         0.18626    0.18425  1.08%  36.5 3670s
 3651779 373668     cutoff   33         0.18626    0.18426  1.07%  36.5 3675s
 3656887 372784    0.18597   53   31    0.18626    0.18427  1.07%  36.4 3680s
 3662039 371716     cutoff   41         0.18626    0.18427  1.07%  36.4 3685s
 3667022 370713    0.18455   44   38    0.18626    0.18428  1.06%  36.4 3690s
 3672078 369705     cutoff   45         0.18626    0.18429  1.06%  36.4 3695s
 3676969 368677     cutoff   45         0.18626    0.18429  1.05%  36.4 3700s
 3681909 367573     cutoff   43         0.18626    0.18430  1.05%  36.4 3705s
 3686601 366657     cutoff   37         0.18626    0.18431  1.05%  36.4 3710s
 3691057 365699     cutoff   47         0.18626    0.18431  1.04%  36.4 3715s
 3695373 364760    0.18481   50   28    0.18626    0.18432  1.04%  36.4 3720s
 3700669 363617     cutoff   35         0.18626    0.18433  1.04%  36.4 3725s
 3705661 362518    0.18504   45   35    0.18626    0.18434  1.03%  36.4 3730s
 3710728 361450    0.18499   45   37    0.18626    0.18434  1.03%  36.4 3735s
 3715985 360400     cutoff   41         0.18626    0.18435  1.02%  36.4 3740s
 3720784 359438    0.18473   39   41    0.18626    0.18436  1.02%  36.3 3745s
 3726061 358262     cutoff   53         0.18626    0.18436  1.02%  36.3 3750s
 3731258 357203    0.18437   52   30    0.18626    0.18437  1.01%  36.3 3755s
 3736342 356082     cutoff   49         0.18626    0.18438  1.01%  36.3 3760s
 3741820 355014    0.18622   49   39    0.18626    0.18439  1.01%  36.3 3765s
 3747092 353833    0.18614   47   34    0.18626    0.18439  1.00%  36.3 3770s
 3752032 352827     cutoff   50         0.18626    0.18440  1.00%  36.3 3775s
 3757154 351728     cutoff   45         0.18626    0.18441  0.99%  36.3 3780s
 3762239 350681    0.18481   46   41    0.18626    0.18441  0.99%  36.3 3785s
 3767326 349584     cutoff   49         0.18626    0.18442  0.99%  36.3 3790s
 3772349 348448     cutoff   53         0.18626    0.18443  0.98%  36.3 3795s
 3777693 347150     cutoff   46         0.18626    0.18444  0.98%  36.2 3800s
 3782644 345891     cutoff   45         0.18626    0.18444  0.97%  36.2 3805s
 3787703 344773     cutoff   56         0.18626    0.18445  0.97%  36.2 3810s
 3792585 343469     cutoff   47         0.18626    0.18446  0.97%  36.2 3815s
 3797380 342314     cutoff   51         0.18626    0.18446  0.96%  36.2 3820s
 3802673 341052     cutoff   49         0.18626    0.18447  0.96%  36.2 3825s
 3807697 339850     cutoff   45         0.18626    0.18448  0.96%  36.2 3830s
 3813303 338540    0.18458   40   47    0.18626    0.18449  0.95%  36.2 3835s
 3818337 337264     cutoff   48         0.18626    0.18449  0.95%  36.2 3840s
 3823901 335947     cutoff   50         0.18626    0.18450  0.94%  36.2 3845s
 3829101 334660     cutoff   59         0.18626    0.18451  0.94%  36.2 3850s
 3834517 333200    0.18469   43   45    0.18626    0.18452  0.94%  36.2 3855s
 3839640 331747    0.18461   47   35    0.18626    0.18452  0.93%  36.1 3860s
 3845182 330402    0.18453   42   40    0.18626    0.18453  0.93%  36.1 3865s
 3850670 328880     cutoff   40         0.18626    0.18454  0.92%  36.1 3870s
 3856036 327490    0.18536   47   36    0.18626    0.18455  0.92%  36.1 3875s
 3861690 326049    0.18525   42   45    0.18626    0.18456  0.91%  36.1 3880s
 3867010 324655     cutoff   44         0.18626    0.18456  0.91%  36.1 3885s
 3872687 323090    0.18600   55   29    0.18626    0.18457  0.91%  36.1 3890s
 3878055 321593     cutoff   54         0.18626    0.18458  0.90%  36.1 3895s
 3883443 320043    0.18476   39   43    0.18626    0.18459  0.90%  36.1 3900s
 3888945 318519     cutoff   43         0.18626    0.18460  0.89%  36.1 3905s
 3894573 316944     cutoff   47         0.18626    0.18461  0.89%  36.1 3910s
 3899823 315362    0.18507   40   41    0.18626    0.18461  0.88%  36.0 3915s
 3905504 313770    0.18567   53   29    0.18626    0.18462  0.88%  36.0 3920s
 3911097 312131     cutoff   47         0.18626    0.18463  0.87%  36.0 3925s
 3916592 310523    0.18626   57   30    0.18626    0.18464  0.87%  36.0 3930s
 3922251 308946     cutoff   35         0.18626    0.18465  0.87%  36.0 3935s
 3927571 307467     cutoff   41         0.18626    0.18465  0.86%  36.0 3940s
 3933128 305836    0.18566   48   47    0.18626    0.18466  0.86%  36.0 3945s
 3938396 304226    0.18523   43   35    0.18626    0.18467  0.85%  36.0 3950s
 3944291 302471     cutoff   41         0.18626    0.18468  0.85%  36.0 3955s
 3949494 300906     cutoff   44         0.18626    0.18469  0.84%  36.0 3960s
 3954970 299384     cutoff   48         0.18626    0.18469  0.84%  35.9 3965s
 3960120 297809     cutoff   53         0.18626    0.18470  0.84%  35.9 3970s
 3965553 296134     cutoff   43         0.18626    0.18471  0.83%  35.9 3975s
 3971347 294314     cutoff   55         0.18626    0.18472  0.83%  35.9 3980s
 3977077 292537     cutoff   43         0.18626    0.18473  0.82%  35.9 3985s
 3982456 290813    0.18474   46   33    0.18626    0.18474  0.82%  35.9 3990s
 3988399 288976    0.18563   54   23    0.18626    0.18475  0.81%  35.9 3995s
 3993841 287216    0.18479   45   35    0.18626    0.18475  0.81%  35.9 4000s
 3999542 285356     cutoff   48         0.18626    0.18476  0.80%  35.9 4005s
 4005079 283531     cutoff   46         0.18626    0.18477  0.80%  35.9 4010s
 4010692 281680     cutoff   57         0.18626    0.18478  0.79%  35.8 4015s
 4016352 279868     cutoff   47         0.18626    0.18479  0.79%  35.8 4020s
 4021699 277980     cutoff   54         0.18626    0.18480  0.78%  35.8 4025s
 4027386 275964     cutoff   41         0.18626    0.18481  0.78%  35.8 4030s
 4033102 273910     cutoff   47         0.18626    0.18482  0.77%  35.8 4035s
 4038709 272106     cutoff   38         0.18626    0.18483  0.77%  35.8 4040s
 4044394 270164     cutoff   52         0.18626    0.18483  0.76%  35.8 4045s
 4049671 268178     cutoff   46         0.18626    0.18484  0.76%  35.8 4050s
 4055823 266009     cutoff   49         0.18626    0.18485  0.75%  35.8 4055s
 4061247 264001     cutoff   39         0.18626    0.18486  0.75%  35.7 4060s
 4066959 262031    0.18523   49   42    0.18626    0.18487  0.74%  35.7 4065s
 4072720 259929    0.18548   53   33    0.18626    0.18488  0.74%  35.7 4070s
 4078532 257760     cutoff   45         0.18626    0.18489  0.73%  35.7 4075s
 4083982 255710     cutoff   49         0.18626    0.18490  0.73%  35.7 4080s
 4089834 253474     cutoff   44         0.18626    0.18491  0.72%  35.7 4085s
 4095486 251271     cutoff   47         0.18626    0.18492  0.72%  35.7 4090s
 4101221 248898    0.18494   34   51    0.18626    0.18493  0.71%  35.7 4095s
 4106942 246641     cutoff   52         0.18626    0.18494  0.71%  35.7 4100s
 4112616 244326    0.18593   52   33    0.18626    0.18495  0.70%  35.6 4105s
 4118276 242024     cutoff   52         0.18626    0.18496  0.70%  35.6 4110s
 4124236 239687    0.18610   52   24    0.18626    0.18497  0.69%  35.6 4115s
 4129824 237293     cutoff   35         0.18626    0.18498  0.69%  35.6 4120s
 4135662 235091     cutoff   50         0.18626    0.18499  0.68%  35.6 4125s
 4141233 232681    0.18555   53   23    0.18626    0.18500  0.67%  35.6 4130s
 4147134 230246     cutoff   38         0.18626    0.18501  0.67%  35.6 4135s
 4152824 227959     cutoff   46         0.18626    0.18502  0.66%  35.6 4140s
 4158363 225655    0.18547   45   36    0.18626    0.18503  0.66%  35.5 4145s
 4164074 223573     cutoff   39         0.18626    0.18504  0.65%  35.5 4150s
 4169762 221166     cutoff   36         0.18626    0.18505  0.65%  35.5 4155s
 4175924 218549    0.18520   42   43    0.18626    0.18506  0.64%  35.5 4160s
 4182109 215841     cutoff   53         0.18626    0.18508  0.63%  35.5 4165s
 4187651 213436     cutoff   47         0.18626    0.18509  0.63%  35.5 4170s
 4193958 210846     cutoff   55         0.18626    0.18510  0.62%  35.5 4175s
 4199761 208205     cutoff   50         0.18626    0.18511  0.62%  35.5 4180s
 4205608 205641     cutoff   40         0.18626    0.18512  0.61%  35.4 4185s
 4211767 202891     cutoff   47         0.18626    0.18513  0.60%  35.4 4190s
 4217811 199946     cutoff   53         0.18626    0.18514  0.60%  35.4 4195s
 4223680 197235     cutoff   50         0.18626    0.18516  0.59%  35.4 4200s
 4229758 194402     cutoff   43         0.18626    0.18517  0.59%  35.4 4205s
 4235741 191619    0.18546   46   45    0.18626    0.18518  0.58%  35.4 4210s
 4241885 188577     cutoff   51         0.18626    0.18519  0.57%  35.4 4215s
 4248243 185555     cutoff   56         0.18626    0.18521  0.56%  35.3 4220s
 4254379 182476     cutoff   45         0.18626    0.18522  0.56%  35.3 4225s
 4260900 179512     cutoff   40         0.18626    0.18523  0.55%  35.3 4230s
 4266929 176568     cutoff   45         0.18626    0.18524  0.54%  35.3 4235s
 4273036 173507     cutoff   59         0.18626    0.18526  0.54%  35.3 4240s
 4279272 170584     cutoff   37         0.18626    0.18527  0.53%  35.3 4245s
 4285712 167308     cutoff   48         0.18626    0.18528  0.52%  35.2 4250s
 4292091 164117     cutoff   56         0.18626    0.18530  0.52%  35.2 4255s
 4298593 160711     cutoff   48         0.18626    0.18531  0.51%  35.2 4260s
 4305078 157394     cutoff   44         0.18626    0.18533  0.50%  35.2 4265s
 4311412 154027     cutoff   45         0.18626    0.18534  0.49%  35.2 4270s
 4317879 150693     cutoff   45         0.18626    0.18536  0.48%  35.2 4275s
 4324295 147455    0.18584   54   27    0.18626    0.18537  0.48%  35.1 4280s
 4330598 144082     cutoff   43         0.18626    0.18538  0.47%  35.1 4285s
 4337255 140588     cutoff   49         0.18626    0.18540  0.46%  35.1 4290s
 4343811 137053    0.18541   46   41    0.18626    0.18541  0.45%  35.1 4295s
 4350472 133610     cutoff   44         0.18626    0.18543  0.44%  35.1 4300s
 4357112 129982     cutoff   48         0.18626    0.18545  0.44%  35.0 4305s
 4363970 126123    0.18593   50   36    0.18626    0.18546  0.43%  35.0 4310s
 4370862 122219     cutoff   32         0.18626    0.18548  0.42%  35.0 4315s
 4377748 118344     cutoff   54         0.18626    0.18550  0.41%  35.0 4320s
 4384426 114633     cutoff   48         0.18626    0.18552  0.40%  34.9 4325s
 4390939 110988     cutoff   45         0.18626    0.18553  0.39%  34.9 4330s
 4397855 106924     cutoff   50         0.18626    0.18555  0.38%  34.9 4335s
 4404759 102839     cutoff   43         0.18626    0.18557  0.37%  34.9 4340s
 4411762 98583    0.18619   52   29    0.18626    0.18559  0.36%  34.9 4345s
 4418816 94408     cutoff   45         0.18626    0.18561  0.35%  34.8 4350s
 4426083 89963     cutoff   44         0.18626    0.18564  0.33%  34.8 4355s
 4433107 85582    0.18566   46   37    0.18626    0.18566  0.32%  34.8 4360s
 4440413 80867     cutoff   56         0.18626    0.18568  0.31%  34.8 4365s
 4447757 76053     cutoff   51         0.18626    0.18571  0.30%  34.7 4370s
 4454909 71301     cutoff   43         0.18626    0.18573  0.28%  34.7 4375s
 4462150 66460     cutoff   53         0.18626    0.18576  0.27%  34.7 4380s
 4469590 61304     cutoff   44         0.18626    0.18579  0.25%  34.6 4385s
 4476892 56205     cutoff   42         0.18626    0.18582  0.24%  34.6 4390s
 4484674 50682     cutoff   43         0.18626    0.18585  0.22%  34.6 4395s
 4492320 45070    0.18603   39   43    0.18626    0.18589  0.20%  34.6 4400s
 4500177 39208     cutoff   41         0.18626    0.18593  0.18%  34.5 4405s
 4508109 33253     cutoff   50         0.18626    0.18597  0.15%  34.5 4410s
 4516131 26874     cutoff   48         0.18626    0.18602  0.13%  34.5 4415s
 4524284 20159     cutoff   43         0.18626    0.18607  0.10%  34.4 4420s
 4532748 12852    0.18621   46   39    0.18626    0.18614  0.07%  34.4 4425s
 4541304  4956     cutoff   44         0.18626    0.18621  0.03%  34.3 4430s

Cutting planes:
  Lazy constraints: 912

Explored 4544684 nodes (155966353 simplex iterations) in 4432.01 seconds
Thread count was 4 (of 4 available processors)

Solution count 10: 0.186259 0.186674 0.186796 ... 0.188225

Optimal solution found (tolerance 1.00e-04)
Best objective 1.862586863537e-01, best bound 1.862406281157e-01, gap 0.0097%
