
Gurobi 8.1.1 (win64) logging started 07/10/20 15:53:45

Changed value of parameter LogFile to Results/instance2_30_3_BendersBnC_basic.log
   Prev: Results/instance2_30_3_BendersBnC.log  Default: 
Changed value of parameter Presolve to 0
   Prev: -1  Min: -1  Max: 2  Default: -1
Changed value of parameter Cuts to 0
   Prev: -1  Min: -1  Max: 3  Default: -1
Optimize a model with 2115 rows, 776 columns and 4701 nonzeros
Variable types: 456 continuous, 320 integer (320 binary)
Coefficient statistics:
  Matrix range     [4e-02, 1e+00]
  Objective range  [3e-05, 1e-02]
  Bounds range     [1e+00, 1e+00]
  RHS range        [4e-02, 3e+01]
Variable types: 456 continuous, 320 integer (320 binary)

Root relaxation: objective 1.703622e-01, 2036 iterations, 0.05 seconds

    Nodes    |    Current Node    |     Objective Bounds      |     Work
 Expl Unexpl |  Obj  Depth IntInf | Incumbent    BestBd   Gap | It/Node Time

     0     0    0.17036    0   83          -    0.17036      -     -    0s
     0     0    0.17036    0   83          -    0.17036      -     -    0s
     0     2    0.17036    0   83          -    0.17036      -     -    0s
   201   179    0.25795   92    -          -    0.17047      -  18.7    7s
*  238   194              98       0.2534005    0.17059  32.7%  19.8    9s
*  240   194              98       0.2533197    0.17059  32.7%  19.6   10s
*  251   204              94       0.2527821    0.17059  32.5%  20.0   12s
*  253   204              95       0.2527604    0.17059  32.5%  19.8   14s
   405   347    0.21610   36   47    0.25276    0.17059  32.5%  26.3   16s
   438   370    0.21049   42   29    0.25276    0.17059  32.5%  26.7   20s
*  454   383              71       0.2485962    0.17059  31.4%  26.9   21s
   623   511     cutoff   85         0.24860    0.17099  31.2%  26.5   26s
*  624   479              84       0.2373825    0.17099  28.0%  26.6   28s
   703   522     cutoff   34         0.23738    0.17106  27.9%  29.7   30s
   926   633     cutoff   46         0.23738    0.17887  24.7%  36.1   38s
  1051   678    0.19694   29   41    0.23738    0.17888  24.6%  36.4   41s
* 1078   660              62       0.2371088    0.17888  24.6%  36.1   49s
  1138   659    0.21316   37   24    0.23711    0.17888  24.6%  36.0   51s
* 1241   636              57       0.2285220    0.18533  18.9%  36.8   56s
* 1335   582              48       0.2268375    0.18533  18.3%  35.8   61s
* 1339   555              60       0.2263478    0.18533  18.1%  35.8   65s
* 1383   537              59       0.2262890    0.18533  18.1%  35.4   70s
  1672   660    0.21809   45   13    0.22629    0.18893  16.5%  35.7   76s
  1753   688    0.20037   31   43    0.22629    0.19010  16.0%  36.0   81s
* 1759   645              56       0.2256633    0.19010  15.8%  36.1   83s
  1839   671    0.22496   64    9    0.22566    0.19077  15.5%  36.3   88s
* 1886   673              52       0.2255490    0.19077  15.4%  36.2   90s
* 2108   798              59       0.2252418    0.19140  15.0%  37.4   93s
* 3098  1291              63       0.2234878    0.19480  12.8%  40.2   98s
* 3698  1589              56       0.2232428    0.19573  12.3%  41.7  101s
* 4440  1942              86       0.2231833    0.19722  11.6%  42.2  104s
  4515  2021    0.20603   30   43    0.22318    0.19730  11.6%  42.3  106s
* 4556  2046              83       0.2231775    0.19731  11.6%  42.3  108s
  6067  2852    0.22307   38   28    0.22318    0.19960  10.6%  43.7  110s
* 6781  2988              57       0.2220926    0.20003  9.93%  43.9  112s
* 7800  3350              54       0.2213265    0.20109  9.14%  44.4  115s
 11385  4880     cutoff   57         0.22133    0.20321  8.19%  44.7  121s
 14870  6258    0.21516   38   22    0.22133    0.20464  7.54%  44.7  125s
 17374  7249    0.21410   38   26    0.22133    0.20539  7.20%  44.7  131s
*20848  8103              47       0.2202649    0.20622  6.38%  44.8  135s
 27773 10247    0.21653   32   42    0.22026    0.20759  5.75%  44.6  140s
 31151 11254    0.21374   27   39    0.22026    0.20809  5.53%  44.4  145s
 38711 13243     cutoff   42         0.22026    0.20900  5.11%  44.1  150s
 46722 15184    0.21586   34   36    0.22026    0.20983  4.74%  43.7  155s
 54881 16836    0.21815   37   30    0.22026    0.21050  4.43%  43.2  160s
 60584 18040    0.21487   36   31    0.22026    0.21091  4.25%  42.8  165s
*60694 17570              48       0.2197532    0.21091  4.02%  42.8  168s
 63975 18113    0.21445   27   45    0.21975    0.21114  3.92%  42.7  170s
 72239 19385    0.21661   37   35    0.21975    0.21162  3.70%  42.2  175s
 81010 20447    0.21685   34   33    0.21975    0.21209  3.49%  41.7  180s
 89390 21362    0.21910   33   35    0.21975    0.21248  3.31%  41.3  185s
 98457 22188    0.21860   38   28    0.21975    0.21283  3.15%  40.9  190s
 106985 22748     cutoff   39         0.21975    0.21315  3.00%  40.5  195s
 116199 23344    0.21930   42   28    0.21975    0.21348  2.85%  40.1  200s
 125046 23729    0.21837   36   27    0.21975    0.21377  2.72%  39.8  205s
 133941 23951    0.21826   35   30    0.21975    0.21405  2.60%  39.5  210s
 143152 24103     cutoff   30         0.21975    0.21430  2.48%  39.2  215s
 152654 24156    0.21729   36   27    0.21975    0.21457  2.36%  38.9  220s
 161850 23985    0.21903   40   23    0.21975    0.21483  2.24%  38.6  225s
 171020 23680    0.21888   44   18    0.21975    0.21508  2.13%  38.4  230s
 180630 23253    0.21885   35   31    0.21975    0.21532  2.02%  38.1  235s
 190098 22581     cutoff   35         0.21975    0.21557  1.90%  37.9  240s
 199711 21702    0.21647   35   39    0.21975    0.21584  1.78%  37.6  245s
 209261 20649    0.21891   34   32    0.21975    0.21609  1.66%  37.4  250s
 218023 19535    0.21876   30   42    0.21975    0.21633  1.56%  37.3  255s
 227120 18041     cutoff   37         0.21975    0.21658  1.44%  37.1  260s
 236804 16179    0.21811   40   29    0.21975    0.21687  1.31%  36.9  265s
 245838 14165    0.21719   34   32    0.21975    0.21715  1.19%  36.7  270s
 255573 11599    0.21970   39   25    0.21975    0.21750  1.02%  36.4  275s
 265457  8408     cutoff   31         0.21975    0.21794  0.83%  36.1  280s
 276757  3657     cutoff   38         0.21975    0.21869  0.48%  35.7  285s

Cutting planes:
  Lazy constraints: 571

Explored 282609 nodes (9971437 simplex iterations) in 287.26 seconds
Thread count was 4 (of 4 available processors)

Solution count 10: 0.219753 0.220265 0.221326 ... 0.225549

Optimal solution found (tolerance 1.00e-04)
Best objective 2.197532331531e-01, best bound 2.197347333751e-01, gap 0.0084%
