
Gurobi 8.1.1 (win64) logging started 07/10/20 16:21:57

Changed value of parameter LogFile to Results/instance2_50_3_BendersBnC_basic.log
   Prev: Results/instance2_50_3_BendersBnC.log  Default: 
Changed value of parameter Presolve to 0
   Prev: -1  Min: -1  Max: 2  Default: -1
Changed value of parameter Cuts to 0
   Prev: -1  Min: -1  Max: 3  Default: -1
Optimize a model with 2653 rows, 776 columns and 5842 nonzeros
Variable types: 456 continuous, 320 integer (320 binary)
Coefficient statistics:
  Matrix range     [3e-02, 1e+00]
  Objective range  [3e-05, 1e-02]
  Bounds range     [1e+00, 1e+00]
  RHS range        [3e-02, 5e+01]
Variable types: 456 continuous, 320 integer (320 binary)

Root relaxation: objective 1.347198e-01, 2206 iterations, 0.09 seconds

    Nodes    |    Current Node    |     Objective Bounds      |     Work
 Expl Unexpl |  Obj  Depth IntInf | Incumbent    BestBd   Gap | It/Node Time

     0     0    0.13472    0  111          -    0.13472      -     -    0s
     0     0    0.13472    0  111          -    0.13472      -     -    0s
     0     2    0.13472    0  111          -    0.13472      -     -    0s
   187   177    0.18074   82   28          -    0.13472      -  26.1    5s
   210   188    0.20951   88   11          -    0.13472      -  27.7   10s
*  251   209             104       0.2401334    0.13472  43.9%  26.3   25s
*  253   207             105       0.2315923    0.13472  41.8%  26.2   27s
*  263   208             110       0.2198945    0.13472  38.7%  26.0   34s
   296   232    0.13683    3  107    0.21989    0.13492  38.6%  26.5   36s
*  561   449             103       0.2002084    0.13492  32.6%  40.0   41s
   726   580    0.17675   40  111    0.20021    0.13503  32.6%  44.0   45s
   975   733    0.18967   43   38    0.20021    0.14094  29.6%  55.5   50s
*  988   709              70       0.1981556    0.14094  28.9%  56.1   52s
  1189   779    0.16538   33   78    0.19816    0.14101  28.8%  54.6   55s
  1366   864    0.18894   57   32    0.19816    0.14101  28.8%  52.1   61s
  1903  1117    0.16829   33   59    0.19816    0.14644  26.1%  48.9   65s
  2257  1276     cutoff   81         0.19816    0.14644  26.1%  48.6   72s
  2738  1597    0.18358   29   78    0.19816    0.14852  25.0%  47.2   75s
  3411  2147     cutoff   93         0.19816    0.15043  24.1%  46.9   81s
* 3437  2142              76       0.1968989    0.15055  23.5%  46.9   83s
  3574  2201    0.18395   54   41    0.19690    0.15074  23.4%  46.2   86s
* 4340  2578             104       0.1951660    0.15200  22.1%  45.4  106s
  4699  2850     cutoff  105         0.19517    0.15272  21.7%  44.9  114s
* 4724  2858              69       0.1949999    0.15276  21.7%  45.0  116s
  5382  3366     cutoff   63         0.19500    0.15336  21.4%  44.6  122s
  5961  3794    0.16748   47   51    0.19500    0.15430  20.9%  44.8  126s
  6670  4316    0.16883   40   66    0.19500    0.15508  20.5%  44.0  132s
* 6860  4420              87       0.1946551    0.15514  20.3%  43.9  134s
  7395  4807    0.16533   41   52    0.19466    0.15566  20.0%  43.8  135s
* 8272  5340              89       0.1943837    0.15609  19.7%  43.5  143s
* 8430  5083             105       0.1928006    0.15636  18.9%  43.4  150s
* 8432  5079             103       0.1927843    0.15636  18.9%  43.4  152s
* 8705  5260             102       0.1927425    0.15652  18.8%  43.5  156s
 11228  6956     cutoff   71         0.19274    0.15825  17.9%  43.6  161s
*12358  7521              71       0.1922575    0.15874  17.4%  43.5  167s
 14273  8790    0.16545   41   54    0.19226    0.15962  17.0%  43.5  172s
 14595  9012    0.18171   45   45    0.19226    0.15973  16.9%  43.6  175s
*14851  8819              67       0.1912443    0.15979  16.4%  43.6  177s
 17169 10223    0.17313   45   54    0.19124    0.16056  16.0%  43.8  180s
 19726 11819    0.19058   58   31    0.19124    0.16131  15.7%  44.1  185s
 24964 14993    0.17887   38   54    0.19124    0.16250  15.0%  44.0  190s
*28078 15055              67       0.1882992    0.16308  13.4%  44.0  195s
 33125 17830    0.18317   40   46    0.18830    0.16397  12.9%  43.9  200s
 39012 20990    0.17259   42   55    0.18830    0.16476  12.5%  43.6  205s
 44340 23977     cutoff   51         0.18830    0.16538  12.2%  43.5  210s
*47472 24847              70       0.1875002    0.16571  11.6%  43.4  215s
 53058 27652    0.17577   35   57    0.18750    0.16630  11.3%  43.2  220s
 58787 30511     cutoff   57         0.18750    0.16676  11.1%  43.0  225s
 64496 33257     cutoff   47         0.18750    0.16720  10.8%  42.9  230s
 69950 36019    0.18590   27   57    0.18750    0.16764  10.6%  42.7  235s
 76312 39043    0.17561   36   65    0.18750    0.16803  10.4%  42.4  240s
*80149 38254              70       0.1858842    0.16823  9.50%  42.3  245s
 84948 40529     cutoff   51         0.18588    0.16849  9.36%  42.1  250s
 91075 43255    0.18373   52   38    0.18588    0.16884  9.17%  41.9  255s
 97075 45818    0.17413   46   54    0.18588    0.16914  9.01%  41.7  260s
 102628 48206    0.17252   45   60    0.18588    0.16941  8.86%  41.6  265s
 108537 50734    0.17120   45   56    0.18588    0.16964  8.74%  41.4  270s
 114721 53306    0.17357   40   53    0.18588    0.16987  8.61%  41.1  275s
 120804 55880    0.17623   37   63    0.18588    0.17010  8.49%  40.9  280s
 126925 58528    0.17418   39   66    0.18588    0.17030  8.39%  40.7  285s
 133347 61307    0.17669   49   40    0.18588    0.17050  8.28%  40.6  290s
 139424 63850    0.18205   45   43    0.18588    0.17068  8.18%  40.4  295s
 146046 66544     cutoff   54         0.18588    0.17087  8.07%  40.2  300s
 152455 69231    0.17907   44   58    0.18588    0.17104  7.98%  40.0  305s
 158895 71869     cutoff   53         0.18588    0.17120  7.90%  39.8  310s
 164910 74354    0.17613   47   54    0.18588    0.17134  7.82%  39.7  315s
 171386 77021     cutoff   56         0.18588    0.17150  7.74%  39.6  320s
 177891 79704    0.18006   39   60    0.18588    0.17165  7.66%  39.4  325s
 184373 82299    0.17250   40   49    0.18588    0.17179  7.58%  39.3  330s
 191197 85069    0.18489   57   23    0.18588    0.17192  7.51%  39.1  335s
 197820 87525    0.17782   50   31    0.18588    0.17206  7.44%  39.0  340s
 204215 90053    0.18087   48   51    0.18588    0.17218  7.37%  38.9  345s
 210882 92816     cutoff   59         0.18588    0.17230  7.31%  38.8  350s
 217003 95363     cutoff   53         0.18588    0.17241  7.25%  38.8  355s
 223523 97995    0.18153   56   27    0.18588    0.17253  7.18%  38.7  360s
 229893 100494    0.17801   46   43    0.18588    0.17264  7.13%  38.6  365s
 236748 103156    0.18585   53   34    0.18588    0.17275  7.07%  38.5  370s
 242750 105421     cutoff   52         0.18588    0.17283  7.02%  38.4  375s
 249640 107969    0.18179   49   45    0.18588    0.17293  6.97%  38.3  380s
 256131 110506    0.18236   57   29    0.18588    0.17303  6.92%  38.2  385s
 262590 113062    0.17736   48   39    0.18588    0.17312  6.87%  38.1  390s
 269574 115730    0.18197   50   46    0.18588    0.17322  6.82%  38.0  395s
 275684 118007    0.18120   40   49    0.18588    0.17329  6.78%  37.9  400s
 282691 120595    0.18241   49   43    0.18588    0.17337  6.73%  37.9  405s
 288715 122875    0.18493   47   51    0.18588    0.17345  6.69%  37.8  410s
 295263 125234    0.17582   37   57    0.18588    0.17353  6.65%  37.7  415s
 302037 127769    0.18090   50   48    0.18588    0.17361  6.60%  37.7  420s
 308709 130272     cutoff   53         0.18588    0.17368  6.57%  37.6  425s
 315479 132680     cutoff   40         0.18588    0.17376  6.52%  37.5  430s
 321628 134897    0.17893   46   43    0.18588    0.17383  6.48%  37.5  435s
 327795 137072    0.18033   49   32    0.18588    0.17390  6.45%  37.4  440s
 334747 139569    0.18031   50   36    0.18588    0.17396  6.41%  37.3  445s
 341494 141999    0.18518   55   30    0.18588    0.17404  6.37%  37.2  450s
 347592 144208    0.17908   54   30    0.18588    0.17410  6.34%  37.2  455s
 353744 146402    0.18570   58   26    0.18588    0.17416  6.31%  37.1  460s
 360433 148712     cutoff   51         0.18588    0.17423  6.27%  37.0  465s
 366268 150699     cutoff   59         0.18588    0.17428  6.24%  37.0  470s
 372424 152875    0.18200   47   45    0.18588    0.17433  6.21%  36.9  475s
 378554 155073     cutoff   51         0.18588    0.17439  6.19%  36.9  480s
 384802 157173    0.18559   54   32    0.18588    0.17444  6.16%  36.8  485s
 391642 159545    0.18513   54   38    0.18588    0.17450  6.13%  36.8  490s
 398097 161802    0.18460   51   44    0.18588    0.17455  6.10%  36.7  495s
 404315 163927    0.18057   45   52    0.18588    0.17461  6.07%  36.7  500s
 410581 165993    0.18282   55   38    0.18588    0.17465  6.04%  36.6  505s
 417361 168330    0.18434   57   32    0.18588    0.17471  6.01%  36.6  510s
 423935 170558    0.18420   56   33    0.18588    0.17476  5.99%  36.5  515s
 430181 172648    0.18535   46   47    0.18588    0.17480  5.96%  36.5  520s
*432109 172134              69       0.1857054    0.17481  5.87%  36.5  524s
 432930 172388    0.17516   51   53    0.18571    0.17482  5.86%  36.5  525s
 439287 174472    0.18259   38   57    0.18571    0.17487  5.83%  36.4  530s
 445415 176594    0.18486   52   42    0.18571    0.17492  5.81%  36.4  535s
 451218 178495    0.17734   50   36    0.18571    0.17496  5.79%  36.3  540s
 456770 180330    0.17818   45   55    0.18571    0.17500  5.76%  36.3  545s
 463007 182372    0.18419   59   20    0.18571    0.17505  5.74%  36.3  550s
 468280 184114     cutoff   59         0.18571    0.17509  5.72%  36.2  555s
 474448 186042    0.18240   55   33    0.18571    0.17514  5.69%  36.2  560s
 480622 187962    0.17743   47   51    0.18571    0.17518  5.67%  36.2  565s
 486873 189812    0.17818   53   37    0.18571    0.17523  5.64%  36.1  570s
 493026 191614    0.18299   58   31    0.18571    0.17527  5.62%  36.1  575s
 499284 193594    0.17977   48   50    0.18571    0.17531  5.60%  36.0  580s
 506007 195694    0.18461   50   41    0.18571    0.17535  5.57%  36.0  585s
 512132 197589    0.18380   48   44    0.18571    0.17540  5.55%  36.0  590s
 518503 199554    0.18359   44   48    0.18571    0.17544  5.53%  35.9  595s
 525235 201605    0.17844   50   35    0.18571    0.17548  5.51%  35.9  600s
 531306 203469    0.18488   51   42    0.18571    0.17552  5.49%  35.9  605s
 537901 205624    0.18154   42   53    0.18571    0.17555  5.47%  35.8  610s
 544335 207464     cutoff   49         0.18571    0.17559  5.45%  35.8  615s
 550524 209124    0.18074   48   47    0.18571    0.17563  5.43%  35.8  620s
 556711 210898    0.18407   49   43    0.18571    0.17567  5.41%  35.7  625s
 562974 212845     cutoff   49         0.18571    0.17570  5.39%  35.7  630s
 569977 214873    0.18348   52   44    0.18571    0.17574  5.37%  35.7  635s
 576722 216911    0.17873   47   47    0.18571    0.17578  5.34%  35.6  640s
 583299 218850     cutoff   54         0.18571    0.17582  5.32%  35.6  645s
 590014 220816     cutoff   50         0.18571    0.17585  5.30%  35.6  650s
 596724 222657     cutoff   51         0.18571    0.17589  5.29%  35.5  655s
 603142 224482     cutoff   59         0.18571    0.17592  5.27%  35.5  660s
 609919 226637    0.17853   44   51    0.18571    0.17596  5.25%  35.5  665s
 616915 228651    0.18331   50   47    0.18571    0.17600  5.23%  35.4  670s
 623586 230533     cutoff   52         0.18571    0.17603  5.21%  35.4  675s
 630582 232524    0.18363   54   36    0.18571    0.17607  5.19%  35.4  680s
 636832 234393    0.17942   44   59    0.18571    0.17610  5.17%  35.4  685s
 643447 236347     cutoff   52         0.18571    0.17613  5.16%  35.3  690s
 650172 238258     cutoff   52         0.18571    0.17616  5.14%  35.3  695s
 657343 240236    0.18150   48   52    0.18571    0.17620  5.12%  35.3  700s
 663939 241964    0.18488   53   37    0.18571    0.17623  5.10%  35.2  705s
 670707 243910    0.18185   52   34    0.18571    0.17626  5.09%  35.2  710s
 677341 245877    0.18330   45   42    0.18571    0.17629  5.07%  35.2  715s
 684065 247771    0.18512   41   47    0.18571    0.17632  5.05%  35.2  720s
 690686 249535    0.18287   50   36    0.18571    0.17635  5.04%  35.1  725s
 697192 251313    0.18279   48   44    0.18571    0.17638  5.02%  35.1  730s
 703312 252954    0.18008   49   48    0.18571    0.17641  5.00%  35.1  735s
 710041 254801    0.18540   53   30    0.18571    0.17644  4.99%  35.1  740s
 716291 256434    0.17957   48   39    0.18571    0.17647  4.97%  35.1  745s
 722872 258101    0.18279   50   48    0.18571    0.17650  4.96%  35.0  750s
 729525 259854    0.18274   52   41    0.18571    0.17653  4.94%  35.0  755s
 736320 261655    0.18564   59   19    0.18571    0.17656  4.93%  35.0  760s
 742998 263370    0.18502   51   49    0.18571    0.17658  4.91%  35.0  765s
 749834 265255    0.18375   45   49    0.18571    0.17661  4.90%  35.0  770s
 756485 267037    0.18407   53   40    0.18571    0.17664  4.88%  34.9  775s
 763078 268661     cutoff   57         0.18571    0.17667  4.87%  34.9  780s
 769774 270455    0.18252   46   54    0.18571    0.17670  4.85%  34.9  785s
 776511 272219    0.18325   57   38    0.18571    0.17672  4.84%  34.9  790s
 782944 273922    0.18371   51   36    0.18571    0.17675  4.82%  34.9  795s
 789732 275715    0.18437   46   49    0.18571    0.17678  4.81%  34.8  800s
 796256 277339     cutoff   52         0.18571    0.17681  4.79%  34.8  805s
 803367 279243    0.18534   58   31    0.18571    0.17683  4.78%  34.8  810s
 809916 280898    0.17899   44   49    0.18571    0.17686  4.76%  34.8  815s
 816703 282550    0.18536   52   36    0.18571    0.17689  4.75%  34.7  820s
 823429 284236    0.18489   53   36    0.18571    0.17691  4.74%  34.7  825s
*824150 268818              77       0.1846058    0.17691  4.17%  34.7  827s
 827345 269407    0.18276   54   29    0.18461    0.17693  4.16%  34.7  830s
 833836 270674    0.18163   53   33    0.18461    0.17695  4.14%  34.7  835s
 841087 271985     cutoff   50         0.18461    0.17699  4.13%  34.6  840s
 847683 273211    0.18175   50   41    0.18461    0.17701  4.11%  34.6  845s
 854004 274235    0.18294   56   36    0.18461    0.17704  4.10%  34.6  850s
 860628 275461    0.17971   49   30    0.18461    0.17706  4.08%  34.6  855s
 866918 276595    0.18107   45   40    0.18461    0.17709  4.07%  34.6  860s
 873578 277699     cutoff   51         0.18461    0.17712  4.05%  34.5  865s
 879660 278907    0.18443   58   26    0.18461    0.17714  4.04%  34.5  870s
 885818 280041    0.17858   52   34    0.18461    0.17717  4.03%  34.5  875s
 892554 281261    0.17990   50   48    0.18461    0.17719  4.02%  34.5  880s
 898780 282306     cutoff   51         0.18461    0.17722  4.00%  34.5  885s
 905057 283363    0.18400   56   29    0.18461    0.17724  3.99%  34.4  890s
 911627 284408     cutoff   49         0.18461    0.17727  3.98%  34.4  895s
 918704 285597     cutoff   46         0.18461    0.17729  3.96%  34.4  900s
 925428 286732    0.18212   47   46    0.18461    0.17732  3.95%  34.4  905s
 931560 287754    0.18003   43   45    0.18461    0.17734  3.93%  34.4  910s
 938304 288984     cutoff   50         0.18461    0.17737  3.92%  34.3  915s
 945030 290144    0.18071   50   49    0.18461    0.17739  3.91%  34.3  920s
 951587 291287     cutoff   54         0.18461    0.17741  3.90%  34.3  925s
 957852 292348    0.18291   47   45    0.18461    0.17744  3.88%  34.3  930s
 964586 293383    0.18188   55   34    0.18461    0.17746  3.87%  34.3  935s
 971186 294626    0.17837   47   48    0.18461    0.17749  3.86%  34.3  940s
 978232 295718    0.18199   47   50    0.18461    0.17751  3.84%  34.2  945s
 984365 296754     cutoff   57         0.18461    0.17753  3.83%  34.2  950s
 990674 297698    0.18229   41   55    0.18461    0.17756  3.82%  34.2  955s
 997475 298865    0.18411   49   43    0.18461    0.17758  3.81%  34.2  960s
 1004579 300048    0.18341   55   33    0.18461    0.17761  3.79%  34.2  965s
 1010729 301103     cutoff   57         0.18461    0.17763  3.78%  34.2  970s
 1017357 302164     cutoff   54         0.18461    0.17765  3.77%  34.2  975s
 1024035 303191    0.18231   48   54    0.18461    0.17767  3.76%  34.1  980s
 1030228 304212    0.18448   51   47    0.18461    0.17769  3.74%  34.1  985s
 1037163 305287    0.18037   53   48    0.18461    0.17771  3.73%  34.1  990s
 1043247 306277     cutoff   53         0.18461    0.17773  3.72%  34.1  995s
 1049979 307478    0.18447   49   40    0.18461    0.17775  3.71%  34.1 1000s
 1057087 308640     cutoff   49         0.18461    0.17778  3.70%  34.1 1005s
 1063141 309623     cutoff   52         0.18461    0.17780  3.69%  34.1 1010s
 1069893 310519    0.18173   44   47    0.18461    0.17782  3.68%  34.0 1015s
 1076647 311660    0.17952   46   49    0.18461    0.17784  3.66%  34.0 1020s
 1083426 312790     cutoff   49         0.18461    0.17786  3.65%  34.0 1025s
 1090074 313838    0.18212   46   51    0.18461    0.17788  3.64%  34.0 1030s
 1096627 314920    0.18373   54   29    0.18461    0.17790  3.63%  34.0 1035s
 1102907 315835    0.18178   53   33    0.18461    0.17792  3.62%  34.0 1040s
 1109576 316871    0.17979   43   45    0.18461    0.17794  3.61%  34.0 1045s
 1116137 317788     cutoff   50         0.18461    0.17796  3.60%  34.0 1050s
 1122377 318672     cutoff   53         0.18461    0.17798  3.59%  33.9 1055s
 1129152 319647     cutoff   51         0.18461    0.17800  3.58%  33.9 1060s
 1135830 320562    0.18000   43   46    0.18461    0.17802  3.57%  33.9 1065s
 1142490 321536    0.18426   55   27    0.18461    0.17804  3.56%  33.9 1070s
 1148740 322420    0.17977   51   40    0.18461    0.17806  3.55%  33.9 1075s
 1155532 323305    0.18372   47   42    0.18461    0.17808  3.54%  33.9 1080s
 1162298 324195    0.17897   38   54    0.18461    0.17810  3.52%  33.9 1085s
 1169326 325178     cutoff   51         0.18461    0.17812  3.51%  33.8 1090s
 1176013 326060     cutoff   47         0.18461    0.17814  3.50%  33.8 1095s
 1182950 327030     cutoff   56         0.18461    0.17816  3.49%  33.8 1100s
 1189222 327834     cutoff   55         0.18461    0.17818  3.48%  33.8 1105s
 1196451 328635    0.18439   46   50    0.18461    0.17820  3.47%  33.8 1110s
 1202609 329511     cutoff   56         0.18461    0.17822  3.46%  33.8 1115s
 1209387 330394    0.18130   58   33    0.18461    0.17824  3.45%  33.8 1120s
 1216459 331360    0.17901   47   45    0.18461    0.17826  3.44%  33.8 1125s
 1223041 332242    0.18144   56   40    0.18461    0.17827  3.43%  33.7 1130s
 1229717 333111    0.18282   55   29    0.18461    0.17829  3.42%  33.7 1135s
 1236371 333974    0.18345   55   27    0.18461    0.17831  3.41%  33.7 1140s
 1243433 334971    0.18440   29   76    0.18461    0.17833  3.40%  33.7 1145s
 1249584 335631    0.18412   50   39    0.18461    0.17835  3.39%  33.7 1150s
 1256954 336530    0.18070   43   44    0.18461    0.17837  3.38%  33.7 1155s
 1263568 337359    0.17981   47   40    0.18461    0.17838  3.37%  33.7 1160s
 1270292 338234    0.18285   48   49    0.18461    0.17840  3.36%  33.7 1165s
 1277040 339045     cutoff   59         0.18461    0.17842  3.35%  33.7 1170s
 1283695 339797    0.18457   58   24    0.18461    0.17844  3.34%  33.7 1175s
 1289968 340538     cutoff   42         0.18461    0.17845  3.33%  33.6 1180s
 1296538 341458    0.18203   52   44    0.18461    0.17847  3.32%  33.6 1185s
*1301592 341657              74       0.1845919    0.17848  3.31%  33.6 1191s
 1306180 342173    0.18138   50   37    0.18459    0.17850  3.30%  33.6 1195s
 1312846 342861    0.18420   51   45    0.18459    0.17851  3.29%  33.6 1200s
 1319515 343613    0.18358   50   43    0.18459    0.17853  3.28%  33.6 1205s
 1325717 344389    0.18373   49   39    0.18459    0.17855  3.28%  33.6 1210s
 1331475 345027    0.18383   50   34    0.18459    0.17856  3.27%  33.6 1215s
 1337182 345607    0.18341   53   27    0.18459    0.17858  3.26%  33.6 1220s
 1342793 346346     cutoff   46         0.18459    0.17859  3.25%  33.6 1225s
 1348486 346985    0.18241   52   42    0.18459    0.17861  3.24%  33.6 1230s
 1354567 347686     cutoff   49         0.18459    0.17862  3.23%  33.6 1235s
 1360349 348448    0.18420   50   46    0.18459    0.17863  3.23%  33.5 1240s
 1366025 349127    0.18228   56   30    0.18459    0.17865  3.22%  33.5 1245s
 1371942 349922    0.18042   47   39    0.18459    0.17866  3.21%  33.5 1250s
 1377638 350505    0.18040   42   46    0.18459    0.17868  3.21%  33.5 1255s
 1383408 351234     cutoff   56         0.18459    0.17869  3.20%  33.5 1260s
 1388730 351781    0.18233   51   32    0.18459    0.17870  3.19%  33.5 1265s
 1395538 352500    0.18353   43   59    0.18459    0.17872  3.18%  33.5 1270s
 1402230 353080    0.18440   51   38    0.18459    0.17874  3.17%  33.5 1275s
 1408795 353801     cutoff   59         0.18459    0.17875  3.16%  33.5 1280s
 1415009 354369     cutoff   57         0.18459    0.17876  3.16%  33.5 1285s
 1421560 355170     cutoff   48         0.18459    0.17878  3.15%  33.5 1290s
 1427762 355921    0.18171   54   37    0.18459    0.17879  3.14%  33.4 1295s
 1434446 356654     cutoff   51         0.18459    0.17881  3.13%  33.4 1300s
 1440403 357288    0.18237   52   39    0.18459    0.17882  3.12%  33.4 1305s
 1447180 357999    0.18396   46   42    0.18459    0.17884  3.12%  33.4 1310s
 1453418 358712    0.18066   44   41    0.18459    0.17885  3.11%  33.4 1315s
 1460315 359561    0.18361   46   49    0.18459    0.17887  3.10%  33.4 1320s
 1466512 360174     cutoff   46         0.18459    0.17888  3.09%  33.4 1325s
 1472206 360781    0.18276   55   27    0.18459    0.17890  3.09%  33.4 1330s
 1477701 361353     cutoff   52         0.18459    0.17891  3.08%  33.4 1335s
 1483492 362036    0.18426   55   29    0.18459    0.17892  3.07%  33.4 1340s
 1489698 362573     cutoff   45         0.18459    0.17894  3.06%  33.4 1345s
 1496376 363208    0.18390   52   41    0.18459    0.17895  3.06%  33.4 1350s
 1502995 363883    0.18087   48   36    0.18459    0.17896  3.05%  33.4 1355s
 1509808 364620     cutoff   49         0.18459    0.17898  3.04%  33.4 1360s
 1516395 365292     cutoff   52         0.18459    0.17900  3.03%  33.4 1365s
 1522669 365884    0.18393   59   23    0.18459    0.17901  3.02%  33.3 1370s
 1529368 366488    0.18260   45   45    0.18459    0.17902  3.02%  33.3 1375s
 1535901 367159    0.18293   48   44    0.18459    0.17904  3.01%  33.3 1380s
 1542671 367793    0.18190   51   38    0.18459    0.17905  3.00%  33.3 1385s
 1549864 368431    0.18254   50   45    0.18459    0.17907  2.99%  33.3 1390s
 1556733 369165     cutoff   57         0.18459    0.17908  2.98%  33.3 1395s
 1563752 369851     cutoff   54         0.18459    0.17910  2.98%  33.3 1400s
 1570358 370484    0.18169   45   39    0.18459    0.17911  2.97%  33.3 1405s
 1577186 371038    0.18449   58   23    0.18459    0.17913  2.96%  33.3 1410s
 1583758 371639    0.17993   48   49    0.18459    0.17914  2.95%  33.3 1415s
 1591016 372409    0.17977   48   42    0.18459    0.17915  2.95%  33.3 1420s
 1597667 372966    0.18374   52   30    0.18459    0.17917  2.94%  33.3 1425s
 1604333 373457    0.18368   52   43    0.18459    0.17918  2.93%  33.3 1430s
 1611053 374184    0.18377   51   35    0.18459    0.17920  2.92%  33.2 1435s
 1617746 374824    0.18313   48   38    0.18459    0.17921  2.92%  33.2 1440s
 1625013 375505     cutoff   47         0.18459    0.17922  2.91%  33.2 1445s
 1631698 376003     cutoff   54         0.18459    0.17924  2.90%  33.2 1450s
 1638838 376608    0.18304   55   28    0.18459    0.17925  2.89%  33.2 1455s
 1645356 377172    0.18110   49   39    0.18459    0.17926  2.89%  33.2 1460s
 1651933 377743     cutoff   53         0.18459    0.17928  2.88%  33.2 1465s
 1658637 378281    0.18423   58   28    0.18459    0.17929  2.87%  33.2 1470s
 1665292 378848    0.18232   41   49    0.18459    0.17930  2.86%  33.2 1475s
 1672162 379387    0.18148   45   46    0.18459    0.17932  2.86%  33.2 1480s
 1679411 379923     cutoff   52         0.18459    0.17933  2.85%  33.2 1485s
 1685539 380411     cutoff   52         0.18459    0.17934  2.84%  33.2 1490s
 1692149 380921    0.18134   47   32    0.18459    0.17936  2.84%  33.2 1495s
 1698769 381346    0.18435   51   43    0.18459    0.17937  2.83%  33.1 1500s
 1705542 381785     cutoff   54         0.18459    0.17938  2.82%  33.1 1505s
 1712505 382210     cutoff   52         0.18459    0.17940  2.81%  33.1 1510s
 1719653 382757    0.18199   46   44    0.18459    0.17941  2.81%  33.1 1515s
 1726401 383234    0.18437   55   44    0.18459    0.17942  2.80%  33.1 1520s
 1733589 383820     cutoff   53         0.18459    0.17944  2.79%  33.1 1525s
 1740327 384296    0.18235   40   41    0.18459    0.17945  2.78%  33.1 1530s
 1747425 384925    0.18406   54   33    0.18459    0.17946  2.78%  33.1 1535s
 1754116 385359    0.18149   42   50    0.18459    0.17948  2.77%  33.1 1540s
 1761139 385944    0.18267   60   18    0.18459    0.17949  2.76%  33.1 1545s
 1767738 386336    0.18216   56   32    0.18459    0.17950  2.76%  33.1 1550s
 1774659 386742     cutoff   54         0.18459    0.17951  2.75%  33.1 1555s
 1781397 387278    0.18446   48   46    0.18459    0.17953  2.74%  33.1 1560s
 1788445 387849    0.18227   45   36    0.18459    0.17954  2.74%  33.1 1565s
 1795518 388289    0.18107   43   50    0.18459    0.17955  2.73%  33.1 1570s
 1802243 388733    0.18371   52   43    0.18459    0.17957  2.72%  33.0 1575s
 1809420 389136    0.18245   57   34    0.18459    0.17958  2.72%  33.0 1580s
 1816169 389545     cutoff   52         0.18459    0.17959  2.71%  33.0 1585s
 1823187 390011     cutoff   49         0.18459    0.17960  2.70%  33.0 1590s
 1829772 390458     cutoff   57         0.18459    0.17961  2.70%  33.0 1595s
 1836962 390953    0.18037   53   38    0.18459    0.17963  2.69%  33.0 1600s
 1843636 391304    0.18163   52   46    0.18459    0.17964  2.68%  33.0 1605s
 1850814 391731     cutoff   43         0.18459    0.17965  2.68%  33.0 1610s
 1857371 392097     cutoff   52         0.18459    0.17966  2.67%  33.0 1615s
 1864085 392584    0.18347   45   44    0.18459    0.17968  2.66%  33.0 1620s
 1870773 393034    0.18441   54   34    0.18459    0.17969  2.66%  33.0 1625s
 1878158 393625    0.18252   46   50    0.18459    0.17970  2.65%  33.0 1630s
 1885178 394137     cutoff   37         0.18459    0.17971  2.64%  33.0 1635s
 1891938 394452    0.18195   52   43    0.18459    0.17972  2.64%  33.0 1640s
 1899255 394814    0.18427   47   52    0.18459    0.17974  2.63%  33.0 1645s
 1905704 395213     cutoff   55         0.18459    0.17975  2.62%  32.9 1650s
 1912283 395517    0.18095   46   47    0.18459    0.17976  2.62%  32.9 1655s
 1919573 395928     cutoff   54         0.18459    0.17977  2.61%  32.9 1660s
 1926230 396285     cutoff   48         0.18459    0.17978  2.61%  32.9 1665s
 1932704 396641     cutoff   52         0.18459    0.17979  2.60%  32.9 1670s
 1939450 396938     cutoff   46         0.18459    0.17981  2.59%  32.9 1675s
 1946141 397211     cutoff   52         0.18459    0.17982  2.59%  32.9 1680s
 1952731 397485    0.18211   49   46    0.18459    0.17983  2.58%  32.9 1685s
 1960094 397875     cutoff   52         0.18459    0.17984  2.57%  32.9 1690s
 1967217 398109    0.18361   52   45    0.18459    0.17985  2.57%  32.9 1695s
 1973765 398436     cutoff   44         0.18459    0.17986  2.56%  32.9 1700s
 1980611 398674    0.18146   42   56    0.18459    0.17987  2.56%  32.9 1705s
 1987750 399130     cutoff   53         0.18459    0.17988  2.55%  32.9 1710s
 1994756 399428    0.18104   49   49    0.18459    0.17990  2.54%  32.9 1715s
 2001518 399774     cutoff   55         0.18459    0.17991  2.54%  32.9 1720s
 2008740 400188     cutoff   49         0.18459    0.17992  2.53%  32.9 1725s
 2015431 400370    0.18381   57   29    0.18459    0.17993  2.53%  32.9 1730s
 2022612 400661     cutoff   48         0.18459    0.17994  2.52%  32.8 1735s
 2029320 401016     cutoff   54         0.18459    0.17995  2.51%  32.8 1740s
 2036295 401305    0.18363   50   33    0.18459    0.17996  2.51%  32.8 1745s
 2043095 401527     cutoff   58         0.18459    0.17998  2.50%  32.8 1750s
 2050104 401751    0.18281   44   39    0.18459    0.17999  2.49%  32.8 1755s
 2056676 401852     cutoff   53         0.18459    0.18000  2.49%  32.8 1760s
 2063516 402136     cutoff   56         0.18459    0.18001  2.48%  32.8 1765s
 2070676 402390     cutoff   50         0.18459    0.18002  2.48%  32.8 1770s
 2076769 402563     cutoff   50         0.18459    0.18003  2.47%  32.8 1775s
 2083512 402746     cutoff   43         0.18459    0.18004  2.47%  32.8 1780s
 2090138 403036    0.18345   51   41    0.18459    0.18005  2.46%  32.8 1785s
 2096759 403216    0.18453   52   41    0.18459    0.18006  2.45%  32.8 1790s
 2103592 403488    0.18226   43   41    0.18459    0.18007  2.45%  32.8 1795s
 2110177 403685    0.18235   58   31    0.18459    0.18008  2.44%  32.8 1800s
 2116774 403876    0.18197   49   39    0.18459    0.18009  2.44%  32.8 1805s
 2123783 404058    0.18333   53   32    0.18459    0.18011  2.43%  32.8 1810s
 2130668 404334     cutoff   51         0.18459    0.18012  2.42%  32.8 1815s
 2137255 404574    0.18393   46   46    0.18459    0.18013  2.42%  32.7 1820s
 2144094 404777    0.18427   54   28    0.18459    0.18014  2.41%  32.7 1825s
 2150557 404957     cutoff   50         0.18459    0.18015  2.41%  32.7 1830s
 2157171 405091     cutoff   55         0.18459    0.18016  2.40%  32.7 1835s
 2164295 405090    0.18383   51   39    0.18459    0.18017  2.40%  32.7 1840s
 2170834 405178    0.18100   45   52    0.18459    0.18018  2.39%  32.7 1845s
 2177774 405387    0.18455   53   42    0.18459    0.18019  2.39%  32.7 1850s
 2183847 405584    0.18442   55   28    0.18459    0.18020  2.38%  32.7 1855s
 2190630 405608    0.18223   50   30    0.18459    0.18021  2.38%  32.7 1860s
 2197334 405701     cutoff   50         0.18459    0.18022  2.37%  32.7 1865s
 2203959 405851     cutoff   49         0.18459    0.18023  2.36%  32.7 1870s
 2211122 405972    0.18443   56   27    0.18459    0.18024  2.36%  32.7 1875s
 2218302 406062    0.18235   52   30    0.18459    0.18025  2.35%  32.7 1880s
 2225262 406114    0.18445   48   38    0.18459    0.18026  2.35%  32.7 1885s
 2232536 406157    0.18124   49   48    0.18459    0.18027  2.34%  32.7 1890s
 2239457 406277    0.18339   54   46    0.18459    0.18028  2.34%  32.7 1895s
 2246147 406384     cutoff   51         0.18459    0.18029  2.33%  32.7 1900s
 2253402 406449    0.18435   54   32    0.18459    0.18030  2.32%  32.7 1905s
 2260500 406508    0.18353   47   49    0.18459    0.18031  2.32%  32.6 1910s
 2267029 406568    0.18179   45   39    0.18459    0.18032  2.31%  32.6 1915s
 2273640 406676    0.18417   56   35    0.18459    0.18033  2.31%  32.6 1920s
 2280310 406771    0.18300   49   42    0.18459    0.18034  2.30%  32.6 1925s
 2287465 406834    0.18292   50   41    0.18459    0.18035  2.30%  32.6 1930s
 2294451 406859     cutoff   60         0.18459    0.18036  2.29%  32.6 1935s
 2301098 406901     cutoff   49         0.18459    0.18037  2.29%  32.6 1940s
 2308332 406975    0.18090   43   47    0.18459    0.18038  2.28%  32.6 1945s
 2314927 407007     cutoff   48         0.18459    0.18039  2.27%  32.6 1950s
 2322007 406932    0.18114   43   46    0.18459    0.18040  2.27%  32.6 1955s
 2329135 406888     cutoff   50         0.18459    0.18041  2.26%  32.6 1960s
 2335869 407018     cutoff   55         0.18459    0.18042  2.26%  32.6 1965s
 2342837 406945    0.18400   47   41    0.18459    0.18043  2.25%  32.6 1970s
 2349568 406845     cutoff   52         0.18459    0.18044  2.25%  32.6 1975s
 2356596 406784    0.18416   53   41    0.18459    0.18045  2.24%  32.6 1980s
 2363714 406790     cutoff   58         0.18459    0.18046  2.24%  32.6 1985s
 2370580 406774    0.18403   38   49    0.18459    0.18047  2.23%  32.6 1990s
 2377789 406721     cutoff   64         0.18459    0.18049  2.22%  32.6 1995s
 2384798 406710    0.18416   52   43    0.18459    0.18050  2.22%  32.5 2000s
 2391336 406719    0.18444   53   36    0.18459    0.18050  2.21%  32.5 2005s
 2398476 406637    0.18397   50   46    0.18459    0.18051  2.21%  32.5 2010s
 2405559 406614    0.18373   49   41    0.18459    0.18052  2.20%  32.5 2015s
 2412730 406637    0.18411   52   43    0.18459    0.18053  2.20%  32.5 2020s
 2419893 406587     cutoff   50         0.18459    0.18054  2.19%  32.5 2025s
 2426840 406644    0.18361   53   46    0.18459    0.18055  2.19%  32.5 2030s
 2433815 406557     cutoff   54         0.18459    0.18056  2.18%  32.5 2035s
 2440401 406531    0.18176   45   39    0.18459    0.18057  2.18%  32.5 2040s
 2447456 406444     cutoff   49         0.18459    0.18058  2.17%  32.5 2045s
 2454135 406314    0.18369   51   41    0.18459    0.18059  2.17%  32.5 2050s
 2460645 406182    0.18350   47   48    0.18459    0.18060  2.16%  32.5 2055s
 2468038 406072    0.18300   51   40    0.18459    0.18061  2.16%  32.5 2060s
 2474929 405920    0.18210   50   42    0.18459    0.18062  2.15%  32.5 2065s
 2481914 405821     cutoff   51         0.18459    0.18063  2.15%  32.5 2070s
 2488988 405641    0.18283   49   39    0.18459    0.18064  2.14%  32.5 2075s
 2495489 405543    0.18250   45   41    0.18459    0.18065  2.14%  32.5 2080s
 2502438 405432    0.18113   49   46    0.18459    0.18066  2.13%  32.5 2085s
 2509553 405289    0.18137   47   48    0.18459    0.18067  2.13%  32.4 2090s
 2516547 405083    0.18413   48   42    0.18459    0.18068  2.12%  32.4 2095s
 2523727 404913     cutoff   51         0.18459    0.18069  2.11%  32.4 2100s
 2530653 404696    0.18399   52   39    0.18459    0.18070  2.11%  32.4 2105s
 2537112 404544     cutoff   55         0.18459    0.18071  2.10%  32.4 2110s
 2544141 404375     cutoff   53         0.18459    0.18072  2.10%  32.4 2115s
 2551537 404169    0.18169   44   47    0.18459    0.18073  2.09%  32.4 2120s
 2558548 403944     cutoff   55         0.18459    0.18074  2.09%  32.4 2125s
 2565611 403815     cutoff   50         0.18459    0.18075  2.08%  32.4 2130s
 2572454 403587    0.18189   53   43    0.18459    0.18075  2.08%  32.4 2135s
 2579414 403424    0.18448   50   45    0.18459    0.18076  2.07%  32.4 2140s
 2586522 403150    0.18383   51   43    0.18459    0.18077  2.07%  32.4 2145s
 2593050 403004    0.18314   55   34    0.18459    0.18078  2.06%  32.4 2150s
 2600061 402784    0.18453   50   45    0.18459    0.18079  2.06%  32.4 2155s
 2607059 402589     cutoff   52         0.18459    0.18080  2.05%  32.4 2160s
 2613594 402399     cutoff   46         0.18459    0.18081  2.05%  32.4 2165s
 2620682 402161    0.18253   51   40    0.18459    0.18082  2.04%  32.4 2170s
 2627475 401910     cutoff   50         0.18459    0.18083  2.04%  32.4 2175s
 2634817 401576    0.18291   52   39    0.18459    0.18084  2.03%  32.4 2180s
 2641799 401257    0.18415   44   49    0.18459    0.18085  2.03%  32.4 2185s
 2648737 400928     cutoff   63         0.18459    0.18086  2.02%  32.4 2190s
 2655664 400678     cutoff   50         0.18459    0.18087  2.02%  32.3 2195s
 2662563 400451    0.18339   49   44    0.18459    0.18088  2.01%  32.3 2200s
 2669680 400165    0.18215   46   49    0.18459    0.18089  2.01%  32.3 2205s
 2676127 400014    0.18189   48   47    0.18459    0.18089  2.00%  32.3 2210s
 2683085 399747     cutoff   52         0.18459    0.18090  2.00%  32.3 2215s
 2690011 399397     cutoff   50         0.18459    0.18091  1.99%  32.3 2220s
 2696885 399034    0.18212   46   46    0.18459    0.18092  1.99%  32.3 2225s
 2703545 398788     cutoff   55         0.18459    0.18093  1.98%  32.3 2230s
 2710520 398389    0.18121   39   49    0.18459    0.18094  1.98%  32.3 2235s
 2717503 398119     cutoff   57         0.18459    0.18095  1.97%  32.3 2240s
 2724289 397772    0.18424   51   46    0.18459    0.18096  1.97%  32.3 2245s
 2731112 397427     cutoff   46         0.18459    0.18097  1.96%  32.3 2250s
 2738334 397067     cutoff   44         0.18459    0.18098  1.96%  32.3 2255s
 2744729 396705     cutoff   45         0.18459    0.18099  1.95%  32.3 2260s
 2751674 396372    0.18308   55   37    0.18459    0.18099  1.95%  32.3 2265s
 2758889 395912    0.18315   49   35    0.18459    0.18100  1.94%  32.3 2270s
 2765754 395539     cutoff   56         0.18459    0.18101  1.94%  32.3 2275s
 2772630 395152    0.18259   53   40    0.18459    0.18102  1.93%  32.3 2280s
 2779789 394723     cutoff   44         0.18459    0.18103  1.93%  32.3 2285s
 2786163 394370     cutoff   50         0.18459    0.18104  1.92%  32.3 2290s
 2793454 393969    0.18212   49   42    0.18459    0.18105  1.92%  32.3 2295s
 2800233 393605    0.18453   53   40    0.18459    0.18106  1.91%  32.3 2300s
 2807117 393243    0.18433   51   43    0.18459    0.18107  1.91%  32.3 2305s
 2813940 392865     cutoff   53         0.18459    0.18108  1.90%  32.2 2310s
 2820886 392266     cutoff   46         0.18459    0.18109  1.90%  32.2 2315s
 2827566 391819    0.18393   57   24    0.18459    0.18110  1.89%  32.2 2320s
 2834843 391476    0.18217   50   53    0.18459    0.18111  1.89%  32.2 2325s
 2841850 390939    0.18297   44   52    0.18459    0.18111  1.88%  32.2 2330s
 2848526 390409    0.18410   53   37    0.18459    0.18112  1.88%  32.2 2335s
 2855781 389962     cutoff   57         0.18459    0.18113  1.87%  32.2 2340s
 2862610 389457     cutoff   39         0.18459    0.18114  1.87%  32.2 2345s
 2869319 388996     cutoff   57         0.18459    0.18115  1.86%  32.2 2350s
 2876024 388587    0.18161   42   46    0.18459    0.18116  1.86%  32.2 2355s
 2882771 388010    0.18160   43   42    0.18459    0.18117  1.85%  32.2 2360s
 2889735 387421     cutoff   49         0.18459    0.18118  1.85%  32.2 2365s
 2896674 386873    0.18397   46   44    0.18459    0.18119  1.84%  32.2 2370s
 2903501 386365    0.18136   48   43    0.18459    0.18120  1.84%  32.2 2375s
 2910093 385793    0.18250   52   36    0.18459    0.18120  1.84%  32.2 2380s
 2916692 385286    0.18382   56   24    0.18459    0.18121  1.83%  32.2 2385s
 2923698 384706     cutoff   47         0.18459    0.18122  1.83%  32.2 2390s
 2930652 384026     cutoff   49         0.18459    0.18123  1.82%  32.2 2395s
 2937322 383542    0.18352   50   38    0.18459    0.18124  1.82%  32.2 2400s
 2943921 382911    0.18347   47   48    0.18459    0.18125  1.81%  32.2 2405s
 2951023 382305    0.18295   48   41    0.18459    0.18126  1.81%  32.2 2410s
 2957075 381732    0.18411   46   44    0.18459    0.18127  1.80%  32.2 2415s
 2963732 381008    0.18436   51   53    0.18459    0.18128  1.80%  32.1 2420s
 2971042 380499    0.18215   48   45    0.18459    0.18129  1.79%  32.1 2425s
 2977914 379883    0.18459   52   40    0.18459    0.18129  1.79%  32.1 2430s
 2985031 379302    0.18437   50   45    0.18459    0.18130  1.78%  32.1 2435s
 2991719 378762    0.18440   55   27    0.18459    0.18131  1.78%  32.1 2440s
 2999005 378143    0.18442   52   34    0.18459    0.18132  1.77%  32.1 2445s
 3005836 377517    0.18458   49   34    0.18459    0.18133  1.77%  32.1 2450s
 3012702 376820    0.18440   48   46    0.18459    0.18134  1.76%  32.1 2455s
 3019617 376291    0.18334   51   39    0.18459    0.18135  1.76%  32.1 2460s
 3026393 375641     cutoff   47         0.18459    0.18136  1.75%  32.1 2465s
 3033197 374962    0.18344   56   35    0.18459    0.18136  1.75%  32.1 2470s
 3039635 374353     cutoff   38         0.18459    0.18137  1.74%  32.1 2475s
 3046573 373658     cutoff   45         0.18459    0.18138  1.74%  32.1 2480s
 3053576 372989    0.18443   48   38    0.18459    0.18139  1.73%  32.1 2485s
 3060752 372291     cutoff   38         0.18459    0.18140  1.73%  32.1 2490s
 3067548 371616     cutoff   50         0.18459    0.18141  1.72%  32.1 2495s
 3074287 370914    0.18337   51   40    0.18459    0.18142  1.72%  32.1 2500s
 3081052 370218    0.18382   54   36    0.18459    0.18143  1.71%  32.1 2505s
 3087760 369524     cutoff   52         0.18459    0.18144  1.71%  32.1 2510s
 3094517 368811    0.18166   50   30    0.18459    0.18144  1.71%  32.1 2515s
 3101318 368072    0.18387   54   25    0.18459    0.18145  1.70%  32.1 2520s
 3107932 367277     cutoff   52         0.18459    0.18146  1.70%  32.1 2525s
 3114491 366551     cutoff   47         0.18459    0.18147  1.69%  32.1 2530s
 3120969 365763    0.18342   54   25    0.18459    0.18148  1.69%  32.0 2535s
 3127486 365042     cutoff   45         0.18459    0.18149  1.68%  32.0 2540s
 3134501 364230     cutoff   43         0.18459    0.18150  1.68%  32.0 2545s
 3141550 363437     cutoff   51         0.18459    0.18151  1.67%  32.0 2550s
 3148132 362767    0.18405   51   43    0.18459    0.18152  1.67%  32.0 2555s
 3155105 361999    0.18455   47   46    0.18459    0.18152  1.66%  32.0 2560s
 3162112 361190    0.18232   50   37    0.18459    0.18153  1.66%  32.0 2565s
 3168655 360498    0.18228   47   41    0.18459    0.18154  1.65%  32.0 2570s
 3175735 359657    0.18295   53   36    0.18459    0.18155  1.65%  32.0 2575s
 3182367 358891     cutoff   49         0.18459    0.18156  1.64%  32.0 2580s
 3189230 358072     cutoff   50         0.18459    0.18157  1.64%  32.0 2585s
 3196171 357227    0.18223   40   48    0.18459    0.18158  1.63%  32.0 2590s
 3202854 356379    0.18243   49   44    0.18459    0.18159  1.63%  32.0 2595s
 3209483 355599    0.18330   57   26    0.18459    0.18160  1.62%  32.0 2600s
 3216337 354720     cutoff   43         0.18459    0.18161  1.62%  32.0 2605s
 3223053 353876    0.18300   48   44    0.18459    0.18162  1.61%  32.0 2610s
 3229858 352942    0.18373   50   40    0.18459    0.18162  1.61%  32.0 2615s
 3236636 352077    0.18452   48   43    0.18459    0.18163  1.60%  32.0 2620s
 3243633 351124     cutoff   45         0.18459    0.18164  1.60%  32.0 2625s
 3250235 350253    0.18293   52   45    0.18459    0.18165  1.59%  32.0 2630s
 3256975 349480     cutoff   49         0.18459    0.18166  1.59%  32.0 2635s
 3263784 348517     cutoff   47         0.18459    0.18167  1.58%  32.0 2640s
 3270920 347428    0.18381   54   38    0.18459    0.18168  1.58%  32.0 2645s
 3277247 346562    0.18307   50   41    0.18459    0.18169  1.57%  32.0 2650s
 3284017 345686     cutoff   54         0.18459    0.18170  1.57%  31.9 2655s
 3290571 344758     cutoff   40         0.18459    0.18170  1.56%  31.9 2660s
 3297179 343842     cutoff   49         0.18459    0.18171  1.56%  31.9 2665s
 3303385 342957    0.18214   47   53    0.18459    0.18172  1.56%  31.9 2670s
 3309875 342022     cutoff   40         0.18459    0.18173  1.55%  31.9 2675s
 3316593 340994     cutoff   53         0.18459    0.18174  1.55%  31.9 2680s
 3323138 340044    0.18175   46   46    0.18459    0.18175  1.54%  31.9 2685s
 3329788 339035     cutoff   46         0.18459    0.18176  1.54%  31.9 2690s
 3337095 338055    0.18400   52   34    0.18459    0.18177  1.53%  31.9 2695s
 3343609 337190    0.18301   55   35    0.18459    0.18177  1.53%  31.9 2700s
 3350692 336125     cutoff   46         0.18459    0.18179  1.52%  31.9 2705s
 3357212 335060     cutoff   53         0.18459    0.18179  1.52%  31.9 2710s
 3363973 333946     cutoff   47         0.18459    0.18180  1.51%  31.9 2715s
 3370300 332937    0.18197   41   45    0.18459    0.18181  1.51%  31.9 2720s
 3377134 331807    0.18306   53   37    0.18459    0.18182  1.50%  31.9 2725s
 3383716 330720     cutoff   46         0.18459    0.18183  1.50%  31.9 2730s
 3390676 329585    0.18275   53   40    0.18459    0.18184  1.49%  31.9 2735s
 3397474 328470    0.18302   53   33    0.18459    0.18185  1.49%  31.9 2740s
 3404416 327399     cutoff   47         0.18459    0.18186  1.48%  31.9 2745s
 3410724 326429     cutoff   47         0.18459    0.18187  1.48%  31.9 2750s
 3417790 325193    0.18391   55   35    0.18459    0.18188  1.47%  31.9 2755s
 3424522 324074     cutoff   48         0.18459    0.18189  1.46%  31.9 2760s
 3431282 322920    0.18289   52   41    0.18459    0.18190  1.46%  31.9 2765s
 3438023 321726    0.18316   46   40    0.18459    0.18191  1.45%  31.9 2770s
 3444916 320711     cutoff   44         0.18459    0.18192  1.45%  31.9 2775s
 3451633 319554    0.18245   53   32    0.18459    0.18193  1.44%  31.9 2780s
 3458377 318442    0.18292   49   35    0.18459    0.18194  1.44%  31.8 2785s
 3464845 317274     cutoff   51         0.18459    0.18195  1.43%  31.8 2790s
 3471686 316034    0.18277   50   43    0.18459    0.18196  1.43%  31.8 2795s
 3478208 314844     cutoff   47         0.18459    0.18197  1.42%  31.8 2800s
 3485218 313608     cutoff   48         0.18459    0.18198  1.42%  31.8 2805s
 3492008 312400    0.18283   54   35    0.18459    0.18199  1.41%  31.8 2810s
 3498811 311207     cutoff   53         0.18459    0.18200  1.41%  31.8 2815s
 3505448 309932    0.18401   47   45    0.18459    0.18201  1.40%  31.8 2820s
 3512237 308687    0.18368   48   45    0.18459    0.18202  1.40%  31.8 2825s
 3519205 307332     cutoff   45         0.18459    0.18203  1.39%  31.8 2830s
 3526011 306047    0.18356   47   50    0.18459    0.18204  1.38%  31.8 2835s
 3532814 304909    0.18288   49   39    0.18459    0.18204  1.38%  31.8 2840s
 3539394 303609    0.18325   49   43    0.18459    0.18205  1.37%  31.8 2845s
 3545746 302256     cutoff   43         0.18459    0.18206  1.37%  31.8 2850s
 3552751 300953    0.18449   43   47    0.18459    0.18207  1.36%  31.8 2855s
 3559725 299608    0.18392   52   42    0.18459    0.18208  1.36%  31.8 2860s
 3566333 298323    0.18345   49   42    0.18459    0.18209  1.35%  31.8 2865s
 3573081 297047    0.18340   53   41    0.18459    0.18210  1.35%  31.8 2870s
 3579653 295648    0.18249   50   38    0.18459    0.18211  1.34%  31.8 2875s
 3586629 294202    0.18330   49   45    0.18459    0.18213  1.34%  31.8 2880s
 3593138 292908     cutoff   51         0.18459    0.18214  1.33%  31.8 2885s
 3599874 291590     cutoff   34         0.18459    0.18215  1.33%  31.7 2890s
 3606873 290106     cutoff   44         0.18459    0.18216  1.32%  31.7 2895s
 3613671 288728    0.18307   39   52    0.18459    0.18217  1.31%  31.7 2900s
 3619984 287421     cutoff   52         0.18459    0.18218  1.31%  31.7 2905s
 3626915 285973    0.18408   49   42    0.18459    0.18219  1.30%  31.7 2910s
 3633488 284599    0.18342   51   34    0.18459    0.18220  1.30%  31.7 2915s
 3640411 283132    0.18341   46   47    0.18459    0.18221  1.29%  31.7 2920s
 3647272 281618     cutoff   54         0.18459    0.18222  1.29%  31.7 2925s
 3653781 280219    0.18357   49   41    0.18459    0.18223  1.28%  31.7 2930s
 3660379 278861    0.18358   53   40    0.18459    0.18224  1.28%  31.7 2935s
 3667337 277254    0.18341   53   38    0.18459    0.18225  1.27%  31.7 2940s
 3674059 275638     cutoff   43         0.18459    0.18226  1.26%  31.7 2945s
 3680882 274116     cutoff   51         0.18459    0.18227  1.26%  31.7 2950s
 3687721 272642     cutoff   58         0.18459    0.18228  1.25%  31.7 2955s
 3693649 271151     cutoff   52         0.18459    0.18229  1.25%  31.7 2960s
 3700187 269631     cutoff   49         0.18459    0.18230  1.24%  31.7 2965s
 3706832 268026     cutoff   50         0.18459    0.18231  1.24%  31.7 2970s
 3713614 266419    0.18340   41   43    0.18459    0.18232  1.23%  31.7 2975s
 3720562 264754     cutoff   54         0.18459    0.18233  1.22%  31.7 2980s
 3727055 263122    0.18343   49   46    0.18459    0.18235  1.22%  31.7 2985s
 3734112 261486     cutoff   52         0.18459    0.18236  1.21%  31.6 2990s
 3740837 259787     cutoff   55         0.18459    0.18237  1.20%  31.6 2995s
 3747144 258239     cutoff   50         0.18459    0.18238  1.20%  31.6 3000s
 3753708 256593     cutoff   41         0.18459    0.18239  1.19%  31.6 3005s
 3760173 254961    0.18367   46   48    0.18459    0.18240  1.19%  31.6 3010s
 3766955 253235     cutoff   49         0.18459    0.18241  1.18%  31.6 3015s
 3773532 251643     cutoff   46         0.18459    0.18242  1.18%  31.6 3020s
 3779722 250103    0.18442   46   52    0.18459    0.18243  1.17%  31.6 3025s
 3786548 248408     cutoff   48         0.18459    0.18245  1.16%  31.6 3030s
 3793413 246592     cutoff   53         0.18459    0.18246  1.16%  31.6 3035s
 3800358 244789     cutoff   43         0.18459    0.18247  1.15%  31.6 3040s
 3807434 242960     cutoff   47         0.18459    0.18248  1.14%  31.6 3045s
 3814145 241132     cutoff   50         0.18459    0.18249  1.14%  31.6 3050s
 3820984 239296     cutoff   46         0.18459    0.18251  1.13%  31.6 3055s
 3827612 237437     cutoff   43         0.18459    0.18252  1.12%  31.6 3060s
 3834310 235577    0.18360   52   35    0.18459    0.18253  1.12%  31.6 3065s
 3840885 233745     cutoff   51         0.18459    0.18254  1.11%  31.6 3070s
 3847600 231833    0.18381   51   43    0.18459    0.18255  1.10%  31.6 3075s
 3854531 229900    0.18418   55   34    0.18459    0.18257  1.10%  31.6 3080s
 3861524 227835    0.18286   50   43    0.18459    0.18258  1.09%  31.5 3085s
 3868522 225742    0.18353   48   41    0.18459    0.18259  1.08%  31.5 3090s
 3875445 223818     cutoff   45         0.18459    0.18260  1.08%  31.5 3095s
 3882225 221904     cutoff   55         0.18459    0.18262  1.07%  31.5 3100s
 3889243 219853    0.18388   40   48    0.18459    0.18263  1.06%  31.5 3105s
 3895981 217910    0.18325   51   45    0.18459    0.18264  1.06%  31.5 3110s
 3903048 215900    0.18382   53   36    0.18459    0.18265  1.05%  31.5 3115s
 3909848 213991     cutoff   55         0.18459    0.18267  1.04%  31.5 3120s
 3916964 211889     cutoff   55         0.18459    0.18268  1.04%  31.5 3125s
 3924081 209681     cutoff   58         0.18459    0.18269  1.03%  31.5 3130s
 3930989 207558     cutoff   54         0.18459    0.18271  1.02%  31.5 3135s
 3937765 205401    0.18457   49   41    0.18459    0.18272  1.01%  31.5 3140s
 3944732 203334     cutoff   52         0.18459    0.18273  1.01%  31.5 3145s
 3951470 201188     cutoff   52         0.18459    0.18275  1.00%  31.5 3150s
 3958411 199052     cutoff   41         0.18459    0.18276  0.99%  31.5 3155s
 3965317 196940     cutoff   47         0.18459    0.18277  0.99%  31.4 3160s
 3971746 194882     cutoff   53         0.18459    0.18279  0.98%  31.4 3165s
 3978139 192819    0.18433   47   42    0.18459    0.18280  0.97%  31.4 3170s
 3985128 190516    0.18366   49   40    0.18459    0.18281  0.96%  31.4 3175s
 3991815 188356     cutoff   39         0.18459    0.18283  0.96%  31.4 3180s
 3998645 186035     cutoff   51         0.18459    0.18284  0.95%  31.4 3185s
 4005419 183788     cutoff   39         0.18459    0.18285  0.94%  31.4 3190s
 4012250 181458     cutoff   47         0.18459    0.18287  0.93%  31.4 3195s
 4019085 179041    0.18349   48   37    0.18459    0.18288  0.93%  31.4 3200s
 4026097 176660    0.18406   53   37    0.18459    0.18290  0.92%  31.4 3205s
 4032753 174227    0.18361   51   33    0.18459    0.18291  0.91%  31.4 3210s
 4039909 171760     cutoff   58         0.18459    0.18293  0.90%  31.4 3215s
 4047177 169282     cutoff   48         0.18459    0.18295  0.89%  31.4 3220s
 4054292 166764     cutoff   52         0.18459    0.18296  0.88%  31.4 3225s
 4061396 164187     cutoff   47         0.18459    0.18298  0.87%  31.3 3230s
 4068565 161606    0.18329   47   41    0.18459    0.18299  0.87%  31.3 3235s
 4075623 159013     cutoff   46         0.18459    0.18301  0.86%  31.3 3240s
 4082804 156300    0.18346   49   44    0.18459    0.18303  0.85%  31.3 3245s
 4089731 153778     cutoff   48         0.18459    0.18304  0.84%  31.3 3250s
 4096687 151174     cutoff   53         0.18459    0.18306  0.83%  31.3 3255s
 4103808 148403     cutoff   51         0.18459    0.18308  0.82%  31.3 3260s
 4110967 145615     cutoff   46         0.18459    0.18310  0.81%  31.3 3265s
 4118012 142896    0.18334   54   38    0.18459    0.18311  0.80%  31.3 3270s
 4124892 140218    0.18383   42   52    0.18459    0.18313  0.79%  31.3 3275s
 4131873 137507     cutoff   50         0.18459    0.18315  0.78%  31.3 3280s
 4139256 134654     cutoff   57         0.18459    0.18317  0.77%  31.3 3285s
 4146519 131799     cutoff   50         0.18459    0.18319  0.76%  31.2 3290s
 4153240 128998     cutoff   49         0.18459    0.18320  0.75%  31.2 3298s
 4156250 127811     cutoff   45         0.18459    0.18321  0.75%  31.2 3300s
 4163046 124992     cutoff   52         0.18459    0.18323  0.74%  31.2 3305s
 4170142 121997     cutoff   50         0.18459    0.18325  0.73%  31.2 3310s
 4177179 119013     cutoff   58         0.18459    0.18327  0.72%  31.2 3315s
 4184176 116019    0.18419   61   23    0.18459    0.18329  0.70%  31.2 3320s
 4191478 112862     cutoff   48         0.18459    0.18331  0.69%  31.2 3325s
 4198522 109779    0.18445   53   40    0.18459    0.18334  0.68%  31.2 3330s
 4205747 106501     cutoff   49         0.18459    0.18336  0.67%  31.2 3335s
 4212954 103330    0.18354   40   47    0.18459    0.18338  0.65%  31.1 3340s
 4220446 99996     cutoff   53         0.18459    0.18341  0.64%  31.1 3345s
 4227649 96739    0.18387   50   35    0.18459    0.18343  0.63%  31.1 3350s
 4234983 93286     cutoff   44         0.18459    0.18346  0.61%  31.1 3355s
 4242109 90019     cutoff   43         0.18459    0.18348  0.60%  31.1 3360s
 4249568 86618     cutoff   44         0.18459    0.18351  0.59%  31.1 3365s
 4256974 83092     cutoff   51         0.18459    0.18354  0.57%  31.1 3370s
 4264374 79462    0.18437   52   40    0.18459    0.18357  0.55%  31.0 3375s
 4271928 75744    0.18419   52   40    0.18459    0.18360  0.54%  31.0 3380s
 4279576 71957    0.18363   48   42    0.18459    0.18363  0.52%  31.0 3385s
 4287021 68236    0.18449   40   48    0.18459    0.18366  0.50%  31.0 3390s
 4294768 64345    0.18376   48   42    0.18459    0.18370  0.48%  31.0 3395s
 4302700 60280     cutoff   51         0.18459    0.18374  0.46%  31.0 3400s
 4310393 56203    0.18401   52   41    0.18459    0.18378  0.44%  30.9 3405s
 4318487 51787     cutoff   52         0.18459    0.18382  0.42%  30.9 3410s
 4326420 47535     cutoff   42         0.18459    0.18387  0.39%  30.9 3415s
 4334469 43018    0.18436   49   35    0.18459    0.18392  0.36%  30.9 3420s
 4342697 38243     cutoff   54         0.18459    0.18398  0.33%  30.9 3425s
 4351237 33044    0.18450   53   33    0.18459    0.18404  0.30%  30.8 3430s
 4359816 27753     cutoff   52         0.18459    0.18411  0.26%  30.8 3435s
 4368611 22041     cutoff   53         0.18459    0.18420  0.21%  30.8 3440s
 4377539 15825     cutoff   47         0.18459    0.18430  0.16%  30.7 3445s
 4386538  8853     cutoff   49         0.18459    0.18442  0.09%  30.7 3450s

Cutting planes:
  Lazy constraints: 972

Explored 4395774 nodes (134807038 simplex iterations) in 3454.61 seconds
Thread count was 4 (of 4 available processors)

Solution count 10: 0.184592 0.184606 0.185705 ... 0.192784

Optimal solution found (tolerance 1.00e-04)
Best objective 1.845919323177e-01, best bound 1.845750777207e-01, gap 0.0091%
