
Gurobi 8.1.1 (win64) logging started 07/10/20 23:19:45

Changed value of parameter LogFile to Results/instance3_30_3_BendersBnC_basic.log
   Prev: Results/instance3_30_3_BendersBnC.log  Default: 
Changed value of parameter Presolve to 0
   Prev: -1  Min: -1  Max: 2  Default: -1
Changed value of parameter Cuts to 0
   Prev: -1  Min: -1  Max: 3  Default: -1
Optimize a model with 2205 rows, 776 columns and 4944 nonzeros
Variable types: 456 continuous, 320 integer (320 binary)
Coefficient statistics:
  Matrix range     [3e-02, 1e+00]
  Objective range  [3e-05, 1e-02]
  Bounds range     [1e+00, 1e+00]
  RHS range        [6e-03, 3e+01]
Variable types: 456 continuous, 320 integer (320 binary)

Root relaxation: objective 1.669306e-01, 1837 iterations, 0.05 seconds

    Nodes    |    Current Node    |     Objective Bounds      |     Work
 Expl Unexpl |  Obj  Depth IntInf | Incumbent    BestBd   Gap | It/Node Time

     0     0    0.16693    0   81          -    0.16693      -     -    0s
     0     0    0.16693    0   81          -    0.16693      -     -    0s
     0     2    0.16693    0   81          -    0.16693      -     -    0s
   185   169    0.25973   83    -          -    0.16706      -  21.1    9s
*  191   176              82       0.2598691    0.16731  35.6%  22.1   10s
*  494   425              80       0.2409567    0.16733  30.6%  36.3   15s
*  503   399              84       0.2265144    0.16733  26.1%  36.2   19s
*  624   439              37       0.2218049    0.16779  24.4%  37.1   23s
   738   532    0.19566   10   81    0.22180    0.16779  24.4%  40.2   25s
  1011   643     cutoff   52         0.22180    0.17297  22.0%  46.8   31s
* 1050   630              40       0.2215270    0.17297  21.9%  46.8   33s
  1204   677    0.20714   30   40    0.22153    0.17635  20.4%  47.5   36s
  1669   843     cutoff   45         0.22153    0.17924  19.1%  46.9   41s
  2326  1098    0.21411   35   29    0.22153    0.18215  17.8%  46.5   47s
  2415  1148    0.19386   17   62    0.22153    0.18215  17.8%  46.1   50s
* 2600  1093              45       0.2181827    0.18245  16.4%  46.3   55s
* 5463  2767              41       0.2179633    0.18939  13.1%  47.7   62s
  6662  3424     cutoff   51         0.21796    0.19097  12.4%  47.5   65s
* 8697  4358              42       0.2169256    0.19272  11.2%  46.8   70s
 16244  7832    0.20253   27   47    0.21693    0.19688  9.24%  44.5   75s
 19449  9186    0.21013   30   41    0.21693    0.19789  8.77%  43.6   80s
 27660 12668     cutoff   33         0.21693    0.19973  7.93%  42.5   85s
 34118 15290    0.20798   31   37    0.21693    0.20077  7.45%  41.8   92s
 39154 17317    0.20922   28   31    0.21693    0.20142  7.15%  41.4   95s
 47518 20347     cutoff   36         0.21693    0.20226  6.76%  40.8  100s
 55018 22965    0.21580   29   37    0.21693    0.20287  6.48%  40.4  105s
 63389 25758    0.21658   39   26    0.21693    0.20351  6.19%  40.0  110s
 72378 28677    0.21576   36   32    0.21693    0.20408  5.92%  39.5  115s
 80776 31266    0.21572   41   22    0.21693    0.20453  5.71%  39.2  120s
 89714 33888    0.21198   30   38    0.21693    0.20495  5.52%  39.0  125s
 98715 36558    0.21483   29   37    0.21693    0.20533  5.35%  38.7  130s
 107682 39038     cutoff   35         0.21693    0.20569  5.18%  38.5  135s
 116386 41400    0.21222   33   35    0.21693    0.20600  5.04%  38.3  140s
 125630 43991    0.21649   30   36    0.21693    0.20630  4.90%  38.2  145s
 134546 46294    0.21294   28   36    0.21693    0.20655  4.78%  38.0  150s
 143837 48568    0.21269   35   28    0.21693    0.20681  4.66%  37.8  155s
 152900 50719    0.21692   35   40    0.21693    0.20704  4.56%  37.7  160s
 161658 52789    0.21569   33   31    0.21693    0.20725  4.46%  37.5  165s
 170924 55014     cutoff   31         0.21693    0.20745  4.37%  37.4  170s
 180231 57086     cutoff   40         0.21693    0.20763  4.28%  37.3  175s
 189343 59033    0.21423   33   27    0.21693    0.20781  4.20%  37.2  180s
 194480 60064    0.21403   34   33    0.21693    0.20791  4.15%  37.1  185s
 203435 61889    0.21552   40   20    0.21693    0.20807  4.08%  37.0  190s
 212945 63943    0.21516   32   32    0.21693    0.20824  4.00%  36.9  195s
 222151 65741     cutoff   40         0.21693    0.20839  3.94%  36.8  200s
 231855 67568     cutoff   35         0.21693    0.20854  3.87%  36.7  205s
 241468 69405    0.21261   31   36    0.21693    0.20868  3.80%  36.6  210s
 250433 71129    0.21663   36   21    0.21693    0.20880  3.74%  36.5  215s
*253289 70634              59       0.2165555    0.20884  3.56%  36.5  221s
 260004 71809     cutoff   33         0.21656    0.20893  3.52%  36.4  225s
 269072 73280    0.21642   30   37    0.21656    0.20905  3.47%  36.3  230s
 278261 74719    0.21626   40   21    0.21656    0.20917  3.41%  36.2  235s
 287854 76121    0.21173   29   33    0.21656    0.20930  3.35%  36.1  240s
 296870 77380     cutoff   34         0.21656    0.20941  3.30%  36.0  245s
 306303 78656     cutoff   33         0.21656    0.20952  3.25%  35.9  250s
 315537 79919    0.21519   38   21    0.21656    0.20962  3.20%  35.8  255s
 324493 80997     cutoff   40         0.21656    0.20972  3.16%  35.8  260s
 334111 82184     cutoff   40         0.21656    0.20983  3.11%  35.7  265s
 343725 83303     cutoff   37         0.21656    0.20992  3.06%  35.6  270s
 353348 84484    0.21618   36   27    0.21656    0.21003  3.02%  35.5  275s
 362490 85546    0.21557   35   28    0.21656    0.21011  2.97%  35.5  280s
 372074 86622    0.21276   35   31    0.21656    0.21020  2.93%  35.4  285s
 380680 87495     cutoff   29         0.21656    0.21028  2.90%  35.4  290s
 390239 88494     cutoff   39         0.21656    0.21036  2.86%  35.3  295s
 399319 89518     cutoff   39         0.21656    0.21044  2.82%  35.2  300s
 408520 90475     cutoff   40         0.21656    0.21052  2.79%  35.2  305s
 418100 91403    0.21339   33   25    0.21656    0.21059  2.75%  35.1  310s
 427637 92275    0.21577   40   25    0.21656    0.21067  2.72%  35.0  315s
 437223 93073    0.21341   36   27    0.21656    0.21075  2.68%  35.0  320s
 446881 93942    0.21297   31   27    0.21656    0.21082  2.65%  34.9  325s
 456448 94581    0.21575   29   35    0.21656    0.21090  2.61%  34.8  330s
 466081 95252    0.21564   41   19    0.21656    0.21097  2.58%  34.8  335s
 475660 95858    0.21449   29   33    0.21656    0.21104  2.55%  34.7  340s
 484652 96465     cutoff   22         0.21656    0.21111  2.52%  34.7  345s
 493868 96997     cutoff   36         0.21656    0.21118  2.48%  34.6  350s
 502844 97450    0.21622   36   26    0.21656    0.21124  2.45%  34.6  355s
 512370 97918    0.21650   37   29    0.21656    0.21131  2.42%  34.5  360s
 521503 98313     cutoff   29         0.21656    0.21137  2.39%  34.5  365s
 530196 98718    0.21474   37   28    0.21656    0.21143  2.37%  34.4  370s
 539326 98993     cutoff   33         0.21656    0.21149  2.34%  34.4  375s
 548478 99260    0.21430   35   20    0.21656    0.21155  2.31%  34.3  380s
 557591 99653    0.21393   37   33    0.21656    0.21161  2.28%  34.3  385s
 566139 99813     cutoff   37         0.21656    0.21167  2.26%  34.2  390s
 575252 100066    0.21406   34   32    0.21656    0.21173  2.23%  34.2  395s
 584385 100379     cutoff   38         0.21656    0.21178  2.20%  34.1  400s
 593924 100550     cutoff   39         0.21656    0.21184  2.18%  34.1  405s
 602417 100721     cutoff   29         0.21656    0.21189  2.15%  34.1  410s
 611642 100871    0.21452   35   31    0.21656    0.21195  2.13%  34.0  415s
 620698 100905    0.21517   30   26    0.21656    0.21200  2.10%  34.0  420s
*623567 100411              45       0.2164780    0.21202  2.06%  33.9  424s
 625457 100410    0.21472   34   29    0.21648    0.21203  2.05%  33.9  425s
 634834 100399    0.21603   28   37    0.21648    0.21209  2.03%  33.9  430s
 644451 100254    0.21544   45   12    0.21648    0.21214  2.00%  33.8  435s
 653727 100030     cutoff   37         0.21648    0.21220  1.98%  33.8  440s
 663211 99863     cutoff   36         0.21648    0.21225  1.95%  33.7  445s
 672991 99524    0.21576   32   33    0.21648    0.21231  1.93%  33.7  450s
 682370 99265     cutoff   41         0.21648    0.21236  1.90%  33.7  455s
 692149 98926     cutoff   34         0.21648    0.21241  1.88%  33.6  460s
 701534 98561    0.21559   32   27    0.21648    0.21247  1.85%  33.6  465s
 710865 98180     cutoff   33         0.21648    0.21252  1.83%  33.5  470s
 719715 97739    0.21441   35   32    0.21648    0.21257  1.81%  33.5  475s
 729034 97229     cutoff   37         0.21648    0.21262  1.78%  33.4  480s
 739063 96623     cutoff   32         0.21648    0.21267  1.76%  33.4  485s
 748593 95958    0.21585   35   28    0.21648    0.21272  1.74%  33.3  490s
 758141 95376    0.21469   36   35    0.21648    0.21277  1.71%  33.2  495s
 767931 94594    0.21600   29   32    0.21648    0.21282  1.69%  33.2  500s
 777632 93780    0.21405   34   30    0.21648    0.21287  1.67%  33.1  505s
 787463 92941    0.21388   31   27    0.21648    0.21292  1.64%  33.1  510s
 796619 92091    0.21613   34   34    0.21648    0.21297  1.62%  33.0  515s
 806276 91165    0.21397   37   31    0.21648    0.21302  1.60%  33.0  520s
 815939 90213    0.21593   35   30    0.21648    0.21307  1.58%  32.9  525s
 824757 89273    0.21430   34   33    0.21648    0.21311  1.56%  32.9  530s
 833669 88236     cutoff   35         0.21648    0.21315  1.54%  32.9  535s
 843586 87090    0.21543   38   22    0.21648    0.21320  1.51%  32.8  540s
 853223 85899     cutoff   35         0.21648    0.21325  1.49%  32.8  545s
 863099 84579    0.21436   32   36    0.21648    0.21330  1.47%  32.7  550s
 872641 83281    0.21457   35   30    0.21648    0.21335  1.45%  32.6  555s
 882196 81889    0.21562   30   34    0.21648    0.21339  1.42%  32.6  560s
*885587 74401              47       0.2157691    0.21341  1.09%  32.6  564s
 887116 73925    0.21485   34   33    0.21577    0.21342  1.09%  32.6  565s
 896701 71139    0.21503   39   19    0.21577    0.21350  1.05%  32.5  570s
 906681 68175    0.21418   36   31    0.21577    0.21357  1.02%  32.4  575s
 916451 65005    0.21473   39   24    0.21577    0.21365  0.98%  32.4  580s
 926238 61662    0.21487   37   25    0.21577    0.21373  0.95%  32.3  585s
 936163 58057     cutoff   36         0.21577    0.21382  0.91%  32.2  590s
 945758 54350     cutoff   35         0.21577    0.21390  0.86%  32.1  595s
 955571 50290    0.21477   39   23    0.21577    0.21400  0.82%  32.1  600s
 965387 45977     cutoff   28         0.21577    0.21410  0.77%  32.0  605s
 975588 41169    0.21493   28   34    0.21577    0.21421  0.72%  31.9  610s
 986052 35822    0.21507   30   30    0.21577    0.21434  0.66%  31.8  615s
 997036 29715     cutoff   36         0.21577    0.21449  0.59%  31.7  620s
 1008006 23010     cutoff   33         0.21577    0.21468  0.50%  31.6  625s
 1019737 15123     cutoff   34         0.21577    0.21493  0.39%  31.4  630s
 1032327  5548     cutoff   37         0.21577    0.21537  0.19%  31.2  635s

Cutting planes:
  Lazy constraints: 290

Explored 1038318 nodes (32315854 simplex iterations) in 636.99 seconds
Thread count was 4 (of 4 available processors)

Solution count 10: 0.215769 0.216478 0.216555 ... 0.240957

Optimal solution found (tolerance 1.00e-04)
Best objective 2.157691328267e-01, best bound 2.157492681059e-01, gap 0.0092%
