
Gurobi 8.1.1 (win64) logging started 07/11/20 06:25:48

Changed value of parameter LogFile to Results/instance4_30_3_BendersBnC_basic.log
   Prev: Results/instance4_30_3_BendersBnC.log  Default: 
Changed value of parameter Presolve to 0
   Prev: -1  Min: -1  Max: 2  Default: -1
Changed value of parameter Cuts to 0
   Prev: -1  Min: -1  Max: 3  Default: -1
Optimize a model with 2420 rows, 776 columns and 5306 nonzeros
Variable types: 456 continuous, 320 integer (320 binary)
Coefficient statistics:
  Matrix range     [3e-02, 1e+00]
  Objective range  [3e-05, 1e-02]
  Bounds range     [1e+00, 1e+00]
  RHS range        [1e-02, 3e+01]
Variable types: 456 continuous, 320 integer (320 binary)

Root relaxation: objective 1.686638e-01, 1902 iterations, 0.05 seconds

    Nodes    |    Current Node    |     Objective Bounds      |     Work
 Expl Unexpl |  Obj  Depth IntInf | Incumbent    BestBd   Gap | It/Node Time

     0     0    0.16866    0   80          -    0.16866      -     -    0s
     0     0    0.16866    0   80          -    0.16866      -     -    0s
     0     2    0.16866    0   80          -    0.16866      -     -    0s
   201   170    0.27482   94    -          -    0.16870      -  23.5    5s
*  222   185              96       0.2742977    0.16878  38.5%  26.8    9s
*  224   185              96       0.2742616    0.16878  38.5%  26.5   11s
   390   343    0.24711   76    2    0.27426    0.16885  38.4%  37.7   16s
   419   364    0.18769    9   68    0.27426    0.16885  38.4%  40.2   20s
*  477   317              57       0.2311981    0.16885  27.0%  41.4   24s
   592   387    0.20559   21   40    0.23120    0.16885  27.0%  41.3   26s
*  598   380              66       0.2306272    0.16885  26.8%  41.3   28s
   661   432    0.22308   32   12    0.23063    0.16885  26.8%  43.5   31s
*  697   363              35       0.2238423    0.16885  24.6%  42.1   32s
   739   388    0.19584   18   80    0.22384    0.17003  24.0%  43.0   35s
  1313   619    0.20345   22   54    0.22384    0.17914  20.0%  50.5   42s
  2234   977    0.20524   25   44    0.22384    0.18672  16.6%  48.0   45s
* 2302  1011              58       0.2232733    0.18688  16.3%  47.9   47s
* 2882  1360              48       0.2228344    0.18816  15.6%  48.0   50s
* 4006  2024              49       0.2222523    0.19089  14.1%  48.0   57s
  5169  2743    0.20016   22   52    0.22225    0.19301  13.2%  47.6   60s
  7469  4061    0.21197   23   46    0.22225    0.19540  12.1%  47.1   65s
* 7709  4130              54       0.2218445    0.19553  11.9%  47.0   67s
  8393  4502     cutoff   55         0.22184    0.19602  11.6%  46.7   71s
*10560  5323              53       0.2206206    0.19735  10.5%  47.1   75s
 14195  6939    0.20603   26   44    0.22062    0.19924  9.69%  47.2   80s
 17083  8181    0.21775   33   24    0.22062    0.20041  9.16%  47.3   85s
 23450 10579     cutoff   39         0.22062    0.20228  8.31%  47.1   90s
 30074 12920    0.20897   28   35    0.22062    0.20377  7.64%  46.9   95s
*30920 12222              51       0.2187636    0.20392  6.79%  46.9   97s
 33972 13119    0.21271   30   36    0.21876    0.20443  6.55%  46.7  100s
 41293 15105     cutoff   26         0.21876    0.20565  5.99%  46.0  105s
 48908 16738    0.21439   30   32    0.21876    0.20667  5.53%  45.5  110s
 56547 18310    0.21461   30   31    0.21876    0.20754  5.13%  44.9  115s
 64280 19767     cutoff   33         0.21876    0.20821  4.82%  44.4  120s
 72487 21162     cutoff   33         0.21876    0.20887  4.52%  43.8  125s
 80125 22355    0.21354   29   32    0.21876    0.20935  4.30%  43.3  130s
 88247 23499    0.21478   27   33    0.21876    0.20988  4.06%  42.9  135s
 96403 24630     cutoff   32         0.21876    0.21031  3.86%  42.4  140s
 104932 25798     cutoff   29         0.21876    0.21069  3.69%  41.9  145s
 113476 26928    0.21784   37   20    0.21876    0.21106  3.52%  41.4  150s
 121967 27925    0.21498   30   33    0.21876    0.21142  3.36%  41.0  155s
 131390 29060     cutoff   37         0.21876    0.21177  3.19%  40.5  160s
 140191 29987     cutoff   32         0.21876    0.21208  3.06%  40.1  165s
 149715 31008    0.21560   29   41    0.21876    0.21238  2.92%  39.7  170s
 158842 31940     cutoff   35         0.21876    0.21266  2.79%  39.3  175s
 168640 32671     cutoff   31         0.21876    0.21292  2.67%  38.8  180s
 178413 33591     cutoff   31         0.21876    0.21317  2.56%  38.4  185s
 187584 34295    0.21800   30   30    0.21876    0.21339  2.46%  38.1  190s
 197489 34920     cutoff   32         0.21876    0.21361  2.36%  37.6  195s
 207683 35566    0.21670   35   23    0.21876    0.21384  2.25%  37.3  200s
 217854 36071     cutoff   32         0.21876    0.21405  2.15%  36.9  205s
 228399 36498    0.21874   33   26    0.21876    0.21426  2.06%  36.5  210s
 238871 36626    0.21814   34   20    0.21876    0.21445  1.97%  36.1  215s
 249712 36859    0.21832   31   32    0.21876    0.21463  1.89%  35.8  220s
 260380 36803    0.21825   31   30    0.21876    0.21483  1.80%  35.4  225s
 271527 36757     cutoff   32         0.21876    0.21501  1.71%  35.1  230s
 282119 36784    0.21830   37   17    0.21876    0.21519  1.63%  34.8  235s
 293233 36566     cutoff   35         0.21876    0.21536  1.55%  34.4  240s
 303704 35970    0.21676   32   28    0.21876    0.21553  1.48%  34.1  245s
 314984 35273    0.21709   31   29    0.21876    0.21571  1.40%  33.8  250s
 325351 34582     cutoff   39         0.21876    0.21586  1.33%  33.6  255s
 336205 33424    0.21829   31   33    0.21876    0.21601  1.26%  33.3  260s
 347148 32156     cutoff   37         0.21876    0.21617  1.19%  33.0  265s
 358259 30568    0.21762   29   30    0.21876    0.21634  1.11%  32.7  270s
 369542 28667     cutoff   33         0.21876    0.21650  1.03%  32.4  275s
 380801 26525     cutoff   30         0.21876    0.21667  0.95%  32.1  280s
 391567 24146     cutoff   31         0.21876    0.21685  0.88%  31.9  285s
*397617 22418              52       0.2186946    0.21695  0.80%  31.7  290s
 408074 19115     cutoff   35         0.21869    0.21715  0.71%  31.5  295s
 419367 15233     cutoff   35         0.21869    0.21738  0.60%  31.2  300s
 430729 10484     cutoff   33         0.21869    0.21769  0.46%  30.9  305s
 442915  4147     cutoff   45         0.21869    0.21817  0.24%  30.5  310s

Cutting planes:
  Lazy constraints: 255

Explored 449509 nodes (13628950 simplex iterations) in 312.55 seconds
Thread count was 4 (of 4 available processors)

Solution count 10: 0.218695 0.218764 0.220621 ... 0.231198

Optimal solution found (tolerance 1.00e-04)
Best objective 2.186945627630e-01, best bound 2.186738915536e-01, gap 0.0095%
