
Gurobi 8.1.1 (win64) logging started 07/11/20 00:56:50

Changed value of parameter LogFile to Results/instance3_70_3_BendersBnC.log
   Prev: gurobi.log  Default: 
Changed value of parameter Heuristics to 0.0
   Prev: 0.05  Min: 0.0  Max: 1.0  Default: 0.05
Changed value of parameter lazyConstraints to 1
   Prev: 0  Min: 0  Max: 1  Default: 0
Changed value of parameter timeLimit to 7145.618394374847
   Prev: 1e+100  Min: 0.0  Max: 1e+100  Default: 1e+100
Optimize a model with 3585 rows, 776 columns and 7946 nonzeros
Variable types: 456 continuous, 320 integer (320 binary)
Coefficient statistics:
  Matrix range     [3e-02, 1e+00]
  Objective range  [3e-05, 1e-02]
  Bounds range     [1e+00, 1e+00]
  RHS range        [4e-03, 7e+01]
Presolve removed 2 rows and 0 columns
Presolve time: 0.01s
Presolved: 3583 rows, 776 columns, 11049 nonzeros
Variable types: 456 continuous, 320 integer (320 binary)

Root relaxation: objective 1.149338e-01, 1854 iterations, 0.10 seconds

    Nodes    |    Current Node    |     Objective Bounds      |     Work
 Expl Unexpl |  Obj  Depth IntInf | Incumbent    BestBd   Gap | It/Node Time

     0     0    0.11493    0  109          -    0.11493      -     -    0s
     0     0    0.12282    0  105          -    0.12282      -     -    0s
     0     0    0.12613    0  113          -    0.12613      -     -    0s
     0     0    0.13110    0  108          -    0.13110      -     -    0s
     0     0    0.13317    0  109          -    0.13317      -     -    0s
     0     0    0.13503    0  103          -    0.13503      -     -    0s
     0     0    0.13594    0  103          -    0.13594      -     -    0s
     0     0    0.13714    0  101          -    0.13714      -     -    0s
     0     0    0.13797    0  106          -    0.13797      -     -    0s
     0     0    0.13853    0  102          -    0.13853      -     -    0s
     0     0    0.13887    0   60          -    0.13887      -     -    0s
     0     0    0.13909    0  106          -    0.13909      -     -    0s
     0     0    0.13911    0   65          -    0.13911      -     -    0s
     0     0    0.13913    0  105          -    0.13913      -     -    0s
     0     0    0.13913    0  101          -    0.13913      -     -    0s
     0     0    0.13914    0  103          -    0.13914      -     -    0s
     0     0    0.13914    0  103          -    0.13914      -     -    0s
     0     2    0.13914    0  103          -    0.13914      -     -    0s
   111   107    0.14359   41    4          -    0.13914      -  65.4    7s
   123   118    0.15052   42   22          -    0.13914      -  65.9   10s
*  151   146              62       0.1657706    0.13914  16.1%  60.2   14s
*  185   133              73       0.1553822    0.13914  10.5%  54.6   16s
   218   161    0.14348    9   82    0.15538    0.13918  10.4%  62.5   20s
   314   247    0.14919   50   15    0.15538    0.13918  10.4%  60.5   25s
   404   325    0.14791   26   43    0.15538    0.13921  10.4%  68.9   31s
*  531   245              93       0.1494400    0.13922  6.84%  63.3   36s
   722   363    0.14122    7  103    0.14944    0.13922  6.84%  66.5   42s
   736   372    0.14807   44  108    0.14944    0.14239  4.72%  65.2   45s
   752   385    0.14481   15  106    0.14944    0.14248  4.66%  71.8   50s
   789   411    0.14309   31   56    0.14944    0.14267  4.53%  80.4   55s
   889   466    0.14434   45   50    0.14944    0.14267  4.53%  84.6   61s
  1035   490    0.14775   65    -    0.14944    0.14267  4.53%  83.4   66s
* 1097   385              75       0.1471020    0.14267  3.02%  80.6   68s
  1122   397    0.14368   31   50    0.14710    0.14270  2.99%  81.3   72s
  1161   407     cutoff   45         0.14710    0.14270  2.99%  81.5   75s
* 1208   375              52       0.1470018    0.14293  2.77%  80.4   77s
  1224   386     cutoff   48         0.14700    0.14300  2.72%  80.5   80s
  1289   411    0.14447   33   61    0.14700    0.14300  2.72%  80.2   87s
* 1323   289              62       0.1451410    0.14300  1.48%  80.2   92s
  1633   225     cutoff   35         0.14514    0.14374  0.97%  80.5   97s
* 1654   193              41       0.1450160    0.14374  0.88%  80.9   99s
  1657   198     cutoff   38         0.14502    0.14378  0.85%  81.0  100s
* 1830   105              44       0.1445581    0.14398  0.40%  83.4  103s
  1908    48     cutoff   49         0.14456    0.14419  0.26%  84.5  107s
  1942     0     cutoff   37         0.14456    0.14427  0.20%  84.4  113s

Cutting planes:
  Gomory: 1
  MIR: 205
  Flow cover: 500
  Lazy constraints: 436

Explored 1994 nodes (171224 simplex iterations) in 113.65 seconds
Thread count was 4 (of 4 available processors)

Solution count 8: 0.144558 0.145016 0.145141 ... 0.165771

Optimal solution found (tolerance 1.00e-04)
Best objective 1.445581471882e-01, best bound 1.445581471882e-01, gap 0.0000%
