
Gurobi 8.1.1 (win64) logging started 07/11/20 03:34:49

Changed value of parameter LogFile to Results/instance3_90_3_BendersBnC.log
   Prev: gurobi.log  Default: 
Changed value of parameter Heuristics to 0.0
   Prev: 0.05  Min: 0.0  Max: 1.0  Default: 0.05
Changed value of parameter lazyConstraints to 1
   Prev: 0  Min: 0  Max: 1  Default: 0
Changed value of parameter timeLimit to 7140.609763383865
   Prev: 1e+100  Min: 0.0  Max: 1e+100  Default: 1e+100
Optimize a model with 3976 rows, 776 columns and 8766 nonzeros
Variable types: 456 continuous, 320 integer (320 binary)
Coefficient statistics:
  Matrix range     [3e-02, 1e+00]
  Objective range  [3e-05, 1e-02]
  Bounds range     [1e+00, 1e+00]
  RHS range        [4e-03, 9e+01]
Presolve removed 2 rows and 0 columns
Presolve time: 0.01s
Presolved: 3974 rows, 776 columns, 12261 nonzeros
Variable types: 456 continuous, 320 integer (320 binary)

Root relaxation: objective 9.101784e-02, 1762 iterations, 0.13 seconds

    Nodes    |    Current Node    |     Objective Bounds      |     Work
 Expl Unexpl |  Obj  Depth IntInf | Incumbent    BestBd   Gap | It/Node Time

     0     0    0.09102    0  102          -    0.09102      -     -    0s
     0     0    0.09646    0   92          -    0.09646      -     -    0s
     0     0    0.09939    0   93          -    0.09939      -     -    0s
     0     0    0.10280    0   99          -    0.10280      -     -    0s
     0     0    0.10399    0   98          -    0.10399      -     -    0s
     0     0    0.10582    0  112          -    0.10582      -     -    0s
     0     0    0.10652    0  120          -    0.10652      -     -    0s
     0     0    0.10731    0   95          -    0.10731      -     -    0s
     0     0    0.10787    0   96          -    0.10787      -     -    0s
     0     0    0.10855    0   98          -    0.10855      -     -    0s
     0     0    0.10896    0  115          -    0.10896      -     -    0s
     0     0    0.10935    0  114          -    0.10935      -     -    0s
     0     0    0.10950    0  114          -    0.10950      -     -    0s
     0     0    0.10998    0  116          -    0.10998      -     -    0s
     0     0    0.11010    0  117          -    0.11010      -     -    0s
     0     0    0.11039    0  116          -    0.11039      -     -    0s
     0     0    0.11047    0  118          -    0.11047      -     -    0s
     0     0    0.11058    0  116          -    0.11058      -     -    1s
     0     0    0.11065    0  118          -    0.11065      -     -    1s
     0     0    0.11079    0  118          -    0.11079      -     -    1s
     0     0    0.11084    0  118          -    0.11084      -     -    1s
     0     0    0.11092    0  119          -    0.11092      -     -    1s
     0     0    0.11094    0  117          -    0.11094      -     -    1s
     0     0    0.11097    0  117          -    0.11097      -     -    1s
     0     0    0.11097    0  117          -    0.11097      -     -    1s
     0     2    0.11097    0  117          -    0.11097      -     -    1s
    92    91    0.13355   38   34          -    0.11104      -  66.9    5s
   248   240    0.14327  102    9          -    0.11104      -  47.3   10s
*  273   231             111       0.1485731    0.11109  25.2%  48.4   14s
   337   280    0.11896   13   75    0.14857    0.11109  25.2%  54.2   18s
   368   313    0.11989   21   42    0.14857    0.11109  25.2%  55.9   21s
*  397   176              55       0.1278950    0.11109  13.1%  55.0   25s
   492   245    0.11363    6  117    0.12789    0.11152  12.8%  59.9   30s
*  615   333              74       0.1277912    0.11170  12.6%  57.4   34s
   631   348    0.11402    7  113    0.12779    0.11170  12.6%  58.6   38s
   734   442    0.12093   54  117    0.12779    0.11170  12.6%  62.1   43s
   739   445    0.12317   17  120    0.12779    0.11272  11.8%  61.7   45s
   761   460    0.12281   45  118    0.12779    0.11399  10.8%  59.9   50s
   821   503    0.12415   24   45    0.12779    0.11539  9.70%  78.9   55s
  1010   587    0.12346   40   25    0.12779    0.11539  9.70%  88.4   60s
  1225   689    0.12320   31   76    0.12779    0.11554  9.59%  90.7   66s
* 1249   663              67       0.1277904    0.11555  9.58%  90.0   69s
  1297   688     cutoff   66         0.12779    0.11563  9.52%  89.2   75s
  1605   808    0.11898   24  111    0.12779    0.11601  9.22%  93.2   81s
  1772   884    0.12065   36   43    0.12779    0.11622  9.05%  98.7   85s
  1792   892    0.12643   70    -    0.12779    0.11622  9.05%  99.4   90s
* 1797   818              70       0.1265239    0.11622  8.14%  99.1   95s
* 1830   803              71       0.1264710    0.11622  8.10%   100   98s
  1971   843    0.12202   30   57    0.12647    0.11628  8.06%   101  101s
* 2013   753              79       0.1254128    0.11636  7.22%   101  108s
  2076   789    0.11876   29   89    0.12541    0.11643  7.17%   102  111s
  2214   883    0.12205   36   53    0.12541    0.11643  7.17%   102  115s
  2358   992     cutoff   77         0.12541    0.11661  7.02%   103  121s
* 2391   993              72       0.1252373    0.11661  6.89%   103  124s
  2479  1062    0.12423   56   47    0.12524    0.11668  6.84%   103  125s
* 2625   879              82       0.1238115    0.11668  5.76%   104  128s
  2731   987     cutoff   42         0.12381    0.11686  5.61%   108  130s
  2989  1122     cutoff   46         0.12381    0.11701  5.49%   112  138s
  3106  1202    0.11842   21  107    0.12381    0.11717  5.36%   114  142s
* 3143  1093              53       0.1232652    0.11720  4.92%   114  144s
  3191  1121    0.12127   24   70    0.12327    0.11727  4.87%   115  145s
  3529  1299    0.12036   27   59    0.12327    0.11741  4.75%   120  152s
  3629  1326    0.11909   25   78    0.12327    0.11743  4.73%   120  156s
  3875  1469    0.12070   23   67    0.12327    0.11754  4.64%   124  160s
  4063  1543    0.12155   44   63    0.12327    0.11759  4.60%   124  165s
* 4196  1596              50       0.1232545    0.11761  4.58%   125  171s
  4300  1644    0.12086   29  101    0.12325    0.11767  4.53%   125  176s
  4592  1770    0.12063   42   59    0.12325    0.11782  4.41%   128  181s
* 4608  1189              58       0.1218488    0.11782  3.30%   128  183s
  4690  1230     cutoff   30         0.12185    0.11787  3.27%   130  186s
  4992  1333    0.12004   37   72    0.12185    0.11805  3.12%   133  190s
  5352  1429    0.12157   36   78    0.12185    0.11817  3.02%   137  195s
* 5490   749              39       0.1205234    0.11828  1.86%   139  199s
  5580   766     cutoff   24         0.12052    0.11830  1.85%   140  200s
  5874   746     cutoff   32         0.12052    0.11847  1.70%   146  206s
  6173   706     cutoff   31         0.12052    0.11883  1.40%   153  211s
  6373   657     cutoff   24         0.12052    0.11905  1.22%   158  215s
  6715   528     cutoff   30         0.12052    0.11932  1.00%   165  222s
  7029   382     cutoff   27         0.12052    0.11964  0.73%   168  226s
  7369   134     cutoff   27         0.12052    0.12009  0.36%   173  231s

Cutting planes:
  MIR: 499
  Flow cover: 882
  Lazy constraints: 963

Explored 7589 nodes (1309201 simplex iterations) in 232.17 seconds
Thread count was 4 (of 4 available processors)

Solution count 10: 0.120523 0.121849 0.123254 ... 0.12779

Optimal solution found (tolerance 1.00e-04)
Best objective 1.205233528055e-01, best bound 1.205233528055e-01, gap 0.0000%
