
Gurobi 9.0.3 (win64) logging started Mon Jan  3 23:22:53 2022

Changed value of parameter LogFile to Results/sslp3_50_40_50_var_BendersBnC.log
   Prev:   Default: 
Changed value of parameter Heuristics to 0.0
   Prev: 0.05  Min: 0.0  Max: 1.0  Default: 0.05
Changed value of parameter lazyConstraints to 1
   Prev: 0  Min: 0  Max: 1  Default: 0
Changed value of parameter timeLimit to 7186.303589344025
   Prev: inf  Min: 0.0  Max: inf  Default: inf
Gurobi Optimizer version 9.0.3 build v9.0.3rc0 (win64)
Optimize a model with 858 rows, 150 columns and 57152 nonzeros
Model fingerprint: 0x91bc0441
Variable types: 100 continuous, 50 integer (50 binary)
Coefficient statistics:
  Matrix range     [1e-13, 4e+05]
  Objective range  [2e-02, 4e+01]
  Bounds range     [1e+00, 1e+00]
  RHS range        [9e-16, 5e+03]
Warning: Model contains large matrix coefficient range
         Consider reformulating model or setting NumericFocus parameter
         to avoid numerical issues.
Presolve added 0 rows and 10 columns
Presolve removed 188 rows and 0 columns
Presolve time: 0.14s
Presolved: 670 rows, 160 columns, 30779 nonzeros
Variable types: 109 continuous, 51 integer (50 binary)

Root relaxation: objective -4.649634e+02, 288 iterations, 0.04 seconds

    Nodes    |    Current Node    |     Objective Bounds      |     Work
 Expl Unexpl |  Obj  Depth IntInf | Incumbent    BestBd   Gap | It/Node Time

     0     0 -464.96341    0   26          - -464.96341      -     -    0s
     0     0 -463.78156    0   21          - -463.78156      -     -    0s
     0     0 -463.62726    0   21          - -463.62726      -     -    0s
     0     0 -463.60813    0   22          - -463.60813      -     -    0s
     0     0 -463.60774    0   22          - -463.60774      -     -    0s
     0     0 -463.60122    0   22          - -463.60122      -     -    0s
     0     0 -463.59624    0   21          - -463.59624      -     -    0s
     0     0 -462.98675    0   21          - -462.98675      -     -    0s
     0     0 -462.88436    0   20          - -462.88436      -     -    0s
     0     0 -462.80312    0   20          - -462.80312      -     -    0s
     0     0 -462.77881    0   20          - -462.77881      -     -    0s
     0     0 -462.72240    0   21          - -462.72240      -     -    0s
     0     0 -462.71229    0   19          - -462.71229      -     -    0s
     0     0 -462.69820    0   19          - -462.69820      -     -    0s
     0     0 -462.68971    0   19          - -462.68971      -     -    1s
     0     0 -462.68823    0   19          - -462.68823      -     -    1s
     0     0 -462.68741    0   19          - -462.68741      -     -    1s
     0     0 -462.68725    0   19          - -462.68725      -     -    1s
     0     0 -462.41757    0   19          - -462.41757      -     -    1s
     0     0 -462.29690    0   18          - -462.29690      -     -    1s
     0     0 -462.26495    0   19          - -462.26495      -     -    1s
     0     0 -462.24002    0   17          - -462.24002      -     -    1s
     0     0 -462.19020    0   18          - -462.19020      -     -    1s
     0     0 -462.18489    0   18          - -462.18489      -     -    1s
     0     0 -462.16823    0   19          - -462.16823      -     -    1s
     0     0 -462.16185    0   19          - -462.16185      -     -    1s
     0     0 -462.15950    0   20          - -462.15950      -     -    1s
     0     0 -462.15705    0   20          - -462.15705      -     -    1s
     0     0 -462.13974    0   18          - -462.13974      -     -    1s
     0     0 -462.13760    0   19          - -462.13760      -     -    1s
     0     0 -462.13517    0   19          - -462.13517      -     -    1s
     0     0 -462.13490    0   19          - -462.13490      -     -    2s
     0     0 -462.01802    0   18          - -462.01802      -     -    2s
     0     0 -461.96098    0   19          - -461.96098      -     -    2s
     0     0 -461.92875    0   19          - -461.92875      -     -    2s
     0     0 -461.90742    0   18          - -461.90742      -     -    2s
     0     0 -461.90001    0   19          - -461.90001      -     -    2s
     0     0 -461.89830    0   18          - -461.89830      -     -    2s
     0     0 -461.89530    0   18          - -461.89530      -     -    2s
     0     0 -461.89315    0   18          - -461.89315      -     -    2s
     0     0 -461.89165    0   18          - -461.89165      -     -    2s
     0     0 -461.88623    0   17          - -461.88623      -     -    2s
     0     0 -461.88493    0   18          - -461.88493      -     -    2s
     0     0 -461.88346    0   18          - -461.88346      -     -    2s
     0     0 -461.87982    0   17          - -461.87982      -     -    2s
     0     0 -461.87857    0   19          - -461.87857      -     -    2s
     0     0 -461.87238    0   18          - -461.87238      -     -    2s
     0     0 -461.86785    0   20          - -461.86785      -     -    3s
     0     0 -461.86695    0   20          - -461.86695      -     -    3s
     0     0 -461.86673    0   19          - -461.86673      -     -    3s
     0     0 -461.84548    0   19          - -461.84548      -     -    3s
     0     0 -461.82700    0   19          - -461.82700      -     -    3s
     0     0 -461.82158    0   19          - -461.82158      -     -    3s
     0     0 -461.81841    0   19          - -461.81841      -     -    3s
     0     0 -461.81589    0   19          - -461.81589      -     -    3s
     0     0 -461.81455    0   19          - -461.81455      -     -    3s
     0     0 -461.81173    0   18          - -461.81173      -     -    3s
     0     0 -461.81109    0   20          - -461.81109      -     -    3s
     0     0 -461.79107    0   21          - -461.79107      -     -    3s
     0     0 -461.76378    0   20          - -461.76378      -     -    3s
     0     0 -461.76036    0   22          - -461.76036      -     -    3s
     0     0 -461.74434    0   20          - -461.74434      -     -    3s
     0     0 -461.74226    0   19          - -461.74226      -     -    3s
     0     0 -461.73370    0   20          - -461.73370      -     -    3s
     0     0 -461.72675    0   18          - -461.72675      -     -    4s
     0     0 -461.72331    0   20          - -461.72331      -     -    4s
     0     0 -461.72297    0   20          - -461.72297      -     -    4s
     0     0 -461.70730    0   19          - -461.70730      -     -    4s
     0     0 -461.68755    0   19          - -461.68755      -     -    4s
     0     0 -461.68401    0   19          - -461.68401      -     -    4s
     0     0 -461.68151    0   20          - -461.68151      -     -    4s
     0     0 -461.67962    0   19          - -461.67962      -     -    4s
     0     0 -461.67736    0   21          - -461.67736      -     -    4s
     0     0 -461.67621    0   20          - -461.67621      -     -    4s
     0     0 -461.67598    0   21          - -461.67598      -     -    4s
     0     0 -461.65503    0   20          - -461.65503      -     -    4s
     0     0 -461.64598    0   18          - -461.64598      -     -    4s
     0     0 -461.64015    0   19          - -461.64015      -     -    4s
     0     0 -461.63924    0   18          - -461.63924      -     -    4s
     0     0 -461.63094    0   22          - -461.63094      -     -    5s
     0     0 -461.62563    0   21          - -461.62563      -     -    5s
     0     0 -461.62083    0   22          - -461.62083      -     -    5s
     0     0 -461.61413    0   21          - -461.61413      -     -    5s
     0     0 -461.60941    0   21          - -461.60941      -     -    5s
     0     0 -461.60694    0   20          - -461.60694      -     -    5s
     0     0 -461.60577    0   20          - -461.60577      -     -    5s
     0     0 -461.58445    0   21          - -461.58445      -     -    5s
     0     0 -461.57823    0   22          - -461.57823      -     -    5s
     0     0 -461.56644    0   21          - -461.56644      -     -    5s
     0     0 -461.56347    0   20          - -461.56347      -     -    5s
     0     0 -461.56136    0   21          - -461.56136      -     -    5s
     0     0 -461.55807    0   20          - -461.55807      -     -    5s
     0     0 -461.55634    0   20          - -461.55634      -     -    5s
     0     0 -461.55493    0   19          - -461.55493      -     -    5s
     0     0 -461.55311    0   21          - -461.55311      -     -    5s
     0     0 -461.54914    0   19          - -461.54914      -     -    5s
     0     0 -461.54749    0   20          - -461.54749      -     -    5s
     0     0 -461.54632    0   21          - -461.54632      -     -    6s
     0     0 -461.54057    0   20          - -461.54057      -     -    6s
     0     0 -461.53960    0   20          - -461.53960      -     -    6s
     0     0 -461.53468    0   21          - -461.53468      -     -    6s
     0     0 -461.52572    0   23          - -461.52572      -     -    6s
     0     0 -461.52323    0   24          - -461.52323      -     -    6s
     0     0 -461.52074    0   23          - -461.52074      -     -    6s
     0     0 -461.51858    0   25          - -461.51858      -     -    6s
     0     0 -461.51819    0   24          - -461.51819      -     -    6s
     0     0 -461.47465    0   20          - -461.47465      -     -    6s
     0     0 -461.46130    0   22          - -461.46130      -     -    6s
     0     0 -461.44130    0   22          - -461.44130      -     -    6s
     0     0 -461.43833    0   23          - -461.43833      -     -    6s
     0     0 -461.43610    0   22          - -461.43610      -     -    6s
     0     0 -461.43307    0   22          - -461.43307      -     -    7s
     0     0 -461.43017    0   20          - -461.43017      -     -    7s
     0     0 -461.42873    0   22          - -461.42873      -     -    7s
     0     0 -461.42748    0   21          - -461.42748      -     -    7s
     0     0 -461.42525    0   23          - -461.42525      -     -    7s
     0     0 -461.42287    0   21          - -461.42287      -     -    7s
     0     0 -461.42117    0   22          - -461.42117      -     -    7s
     0     0 -461.41840    0   21          - -461.41840      -     -    7s
     0     0 -461.41722    0   21          - -461.41722      -     -    7s
     0     0 -461.40161    0   20          - -461.40161      -     -    7s
     0     0 -461.39597    0   22          - -461.39597      -     -    7s
     0     0 -461.39200    0   23          - -461.39200      -     -    7s
     0     0 -461.39086    0   23          - -461.39086      -     -    7s
     0     0 -461.38226    0   23          - -461.38226      -     -    7s
     0     0 -461.37704    0   20          - -461.37704      -     -    7s
     0     0 -461.37568    0   20          - -461.37568      -     -    7s
     0     0 -461.37490    0   22          - -461.37490      -     -    8s
     0     0 -461.36983    0   21          - -461.36983      -     -    8s
     0     0 -461.36536    0   20          - -461.36536      -     -    8s
     0     0 -461.36368    0   19          - -461.36368      -     -    8s
     0     0 -461.36324    0   21          - -461.36324      -     -    8s
     0     0 -461.34954    0   22          - -461.34954      -     -    8s
     0     0 -461.33990    0   21          - -461.33990      -     -    8s
     0     0 -461.33480    0   19          - -461.33480      -     -    8s
     0     0 -461.33219    0   19          - -461.33219      -     -    8s
     0     0 -461.33125    0   20          - -461.33125      -     -    8s
     0     0 -461.32855    0   21          - -461.32855      -     -    8s
     0     0 -461.32693    0   23          - -461.32693      -     -    8s
     0     0 -461.32357    0   22          - -461.32357      -     -    8s
     0     0 -461.32257    0   21          - -461.32257      -     -    8s
     0     0 -461.30227    0   20          - -461.30227      -     -    9s
     0     0 -461.29185    0   20          - -461.29185      -     -    9s
     0     0 -461.28252    0   20          - -461.28252      -     -    9s
     0     0 -461.27810    0   20          - -461.27810      -     -    9s
     0     0 -461.27693    0   19          - -461.27693      -     -    9s
     0     0 -461.27548    0   20          - -461.27548      -     -    9s
     0     0 -461.26889    0   20          - -461.26889      -     -    9s
     0     0 -461.26686    0   20          - -461.26686      -     -    9s
     0     0 -461.26542    0   19          - -461.26542      -     -    9s
     0     0 -461.26283    0   19          - -461.26283      -     -    9s
     0     0 -461.26149    0   19          - -461.26149      -     -    9s
     0     0 -461.26048    0   20          - -461.26048      -     -    9s
     0     0 -461.25289    0   20          - -461.25289      -     -    9s
     0     0 -461.25187    0   19          - -461.25187      -     -    9s
     0     0 -461.24854    0   18          - -461.24854      -     -   10s
     0     0 -461.24854    0   18          - -461.24854      -     -   10s
     0     2 -461.24854    0   18          - -461.24854      -     -   10s
*  105    98              50    -234.8929943 -461.23089  96.4%  25.6   13s
   116   107 -458.45390    3   10 -234.89299 -461.11083  96.3%  28.6   15s
*  198   179              50    -303.9799919 -461.11083  51.7%  27.1   17s
   226   191 -440.57241   48    2 -303.97999 -461.11083  51.7%  25.6   20s
   308   264 -451.82566   36    3 -303.97999 -460.92032  51.6%  26.2   25s
   367   273     cutoff   50      -303.97999 -460.59087  51.5%  25.5   31s
   465   345     cutoff   50      -303.97999 -460.26296  51.4%  24.6   35s
   493   348     cutoff   50      -303.97999 -460.08051  51.4%  25.0   40s
   588   413 -432.09269   49    2 -303.97999 -459.89323  51.3%  25.3   45s
   625   439 -453.88493    6    2 -303.97999 -459.59477  51.2%  25.9   50s
*  677   468              50    -321.7599918 -459.59477  42.8%  24.8   51s
*  692   472              50    -323.4599910 -459.48414  42.1%  24.8   54s
   698   474     cutoff   50      -323.45999 -459.48325  42.1%  25.0   55s
   731   495 -457.13856   24   22 -323.45999 -459.47738  42.1%  24.6   60s
   751   508 -454.12616    6   21 -323.45999 -459.47738  42.1%  23.9   65s
   760   514 -457.12262   16   16 -323.45999 -459.47738  42.1%  23.6   70s
   766   518 -436.55150   40   22 -323.45999 -459.47738  42.1%  23.4   75s
   771   523 -459.47738   16   20 -323.45999 -459.47738  42.1%  25.9   80s
   808   528 -459.47738   23   17 -323.45999 -459.47738  42.1%  27.7   85s
   834   530     cutoff   26      -323.45999 -459.46664  42.0%  28.5   90s
   867   531     cutoff   31      -323.45999 -458.46073  41.7%  29.0   95s
   915   536 -451.51590   42    5 -323.45999 -457.63831  41.5%  29.7  101s
   949   534     cutoff   46      -323.45999 -457.63831  41.5%  29.9  106s
  1026   542 -439.86542   63    2 -323.45999 -457.63042  41.5%  30.3  110s
  1074   556 -454.95400   29   10 -323.45999 -457.62322  41.5%  30.6  116s
* 1093   525              28    -342.9999907 -457.62322  33.4%  30.6  119s
  1128   558 -450.67758   43    2 -342.99999 -457.62322  33.4%  30.3  120s
  1172   564 -424.88920   58    4 -342.99999 -456.54544  33.1%  29.9  126s
  1203   569 -384.97982   66    2 -342.99999 -456.23160  33.0%  29.7  130s
  1287   612 -444.41508   54    5 -342.99999 -456.12497  33.0%  29.5  135s
  1327   614 -408.38702   64    2 -342.99999 -456.01103  32.9%  29.3  141s
  1374   630 -448.19132   34    3 -342.99999 -455.49755  32.8%  29.7  146s
  1440   648 -440.84639   61    2 -342.99999 -455.43417  32.8%  29.2  154s
  1460   650 -437.29820   64    2 -342.99999 -455.43207  32.8%  29.3  157s
  1487   666     cutoff   65      -342.99999 -455.40743  32.8%  29.3  162s
  1527   670 -405.08861   65    2 -342.99999 -455.34151  32.8%  29.1  167s
  1548   671     cutoff   66      -342.99999 -455.32562  32.7%  29.2  170s
  1592   687 -357.05999   45    - -342.99999 -455.24854  32.7%  29.2  176s
  1653   699 -390.10978   64    2 -342.99999 -454.87143  32.6%  29.0  185s
  1683   709 -387.55366   66    2 -342.99999 -454.86157  32.6%  28.9  190s
  1747   715     cutoff   67      -342.99999 -454.50913  32.5%  28.6  197s
  1770   744 -413.76853   35    2 -342.99999 -454.45054  32.5%  28.8  202s
  1824   740 -390.10367   44    2 -342.99999 -454.41466  32.5%  28.5  207s
  1856   751 -387.46875   49    6 -342.99999 -454.40053  32.5%  28.5  212s
  1889   763 -383.92354   63    4 -342.99999 -454.38606  32.5%  28.5  215s
  1934   768 -432.61492   47    7 -342.99999 -454.33130  32.5%  28.5  221s
  1959   775     cutoff   68      -342.99999 -454.29059  32.4%  28.4  225s
  2019   784 -426.99013   61    3 -342.99999 -454.19909  32.4%  28.5  231s
  2038   785     cutoff   65      -342.99999 -454.00508  32.4%  28.6  236s
  2078   808     cutoff   66      -342.99999 -453.94571  32.3%  28.6  244s
  2103   809 -428.72576   37    5 -342.99999 -453.85318  32.3%  28.6  248s
  2156   807     cutoff   67      -342.99999 -453.85204  32.3%  28.3  257s
  2200   798 -381.75939   43    - -342.99999 -453.82602  32.3%  28.3  264s
  2212   799     cutoff   67      -342.99999 -453.82500  32.3%  28.4  266s
  2235   823 -354.10204   45    2 -342.99999 -453.79703  32.3%  28.4  272s
  2274   835 -348.90202   61    3 -342.99999 -453.74117  32.3%  28.4  277s
  2292   842     cutoff   67      -342.99999 -453.71200  32.3%  28.4  280s
  2362   887 -346.06654   66    2 -342.99999 -453.56499  32.2%  28.4  295s
  2392   909     cutoff   68      -342.99999 -453.50341  32.2%  28.3  300s
  2446   938 -425.78720   45    3 -342.99999 -453.48853  32.2%  28.2  310s
  2489   953 -394.05754   54    4 -342.99999 -453.47050  32.2%  28.1  317s
  2520   983 -359.15026   60    2 -342.99999 -453.39159  32.2%  28.1  324s
  2566  1006 -357.76859   66    2 -342.99999 -453.28349  32.2%  28.1  332s
  2596  1013 -356.65999   35    - -342.99999 -453.19794  32.1%  28.0  336s
  2613  1020     cutoff   33      -342.99999 -453.10852  32.1%  28.1  343s
  2679  1051 -392.19264   65    2 -342.99999 -453.10263  32.1%  28.0  355s
  2714  1074 -443.19370   45    - -342.99999 -453.08048  32.1%  28.0  362s
  2766  1105 -383.88657   64    2 -342.99999 -453.02422  32.1%  27.9  372s
  2810  1121     cutoff   67      -342.99999 -452.99818  32.1%  27.9  380s
  2862  1149     cutoff   67      -342.99999 -452.93318  32.1%  27.9  392s
  2907  1177 -436.27092   22    2 -342.99999 -452.91882  32.0%  27.9  401s
  2960  1211 -427.60702   41    6 -342.99999 -452.89829  32.0%  27.9  412s
* 2984  1210              20    -346.5799912 -452.88378  30.7%  27.9  415s
  2998  1237 -395.31356   49    4 -346.57999 -452.88237  30.7%  28.0  420s
  3056  1267 -362.90391   56    3 -346.57999 -452.86965  30.7%  27.9  429s
  3081  1272     cutoff   67      -346.57999 -452.84914  30.7%  27.9  431s
  3093  1300 -430.31220   38    3 -346.57999 -452.79598  30.6%  28.0  436s
  3189  1338 -387.73068   64    2 -346.57999 -452.73296  30.6%  27.6  454s
  3252  1365     cutoff   67      -346.57999 -452.63665  30.6%  27.6  465s
  3294  1400     cutoff   67      -346.57999 -452.56164  30.6%  27.7  473s
  3352  1443 -396.28205   52    2 -346.57999 -452.47542  30.6%  27.7  485s
  3425  1491 -391.93996   60    2 -346.57999 -452.44890  30.5%  27.6  497s
* 3436  1478              27    -350.1399911 -452.44890  29.2%  27.5  499s
  3452  1480 -378.12929   52    2 -350.13999 -452.39577  29.2%  27.6  500s
  3496  1489     cutoff   67      -350.13999 -452.38865  29.2%  27.5  507s
  3522  1496 -360.91870   62    2 -350.13999 -452.38865  29.2%  27.5  511s
  3544  1507 -354.87047   66    2 -350.13999 -452.38865  29.2%  27.6  522s
  3589  1524 -397.99444   47    2 -350.13999 -452.34921  29.2%  27.7  534s
  3632  1570     cutoff   53      -350.13999 -452.28585  29.2%  27.7  545s
  3698  1599 -440.45013   62    2 -350.13999 -452.25899  29.2%  27.6  558s
  3766  1636     cutoff   65      -350.13999 -452.21771  29.2%  27.6  572s
  3842  1683     cutoff   66      -350.13999 -452.14914  29.1%  27.5  587s
  3891  1709 -418.53029   44    4 -350.13999 -452.13436  29.1%  27.6  596s
  3951  1760     cutoff   66      -350.13999 -452.07077  29.1%  27.6  609s
  4031  1807 -384.37163   66    2 -350.13999 -452.03775  29.1%  27.4  623s
  4059  1815 -371.74802   64    - -350.13999 -451.99036  29.1%  27.4  627s
  4117  1843     cutoff   67      -350.13999 -451.96651  29.1%  27.3  639s
  4137  1848     cutoff   66      -350.13999 -451.93360  29.1%  27.4  642s
  4175  1877 -410.10978   46    4 -350.13999 -451.90570  29.1%  27.3  655s
  4259  1954 -383.64795   52    3 -350.13999 -451.88442  29.1%  27.3  677s
  4353  2011 infeasible   68      -350.13999 -451.88261  29.1%  27.2  691s
  4437  2052     cutoff   48      -350.13999 -451.86998  29.1%  27.2  705s
  4474  2065     cutoff   62      -350.13999 -451.84164  29.0%  27.1  711s
  4526  2111 -398.65868   52    2 -350.13999 -451.83017  29.0%  27.0  723s
  4609  2145 -395.00168   65    2 -350.13999 -451.75603  29.0%  27.0  737s
  4677  2172     cutoff   67      -350.13999 -451.72210  29.0%  27.0  755s
  4734  2219 -374.43111   48    2 -350.13999 -451.66341  29.0%  27.1  771s
  4811  2280 -369.92005   56    2 -350.13999 -451.56217  29.0%  27.1  789s
  4889  2312     cutoff   67      -350.13999 -451.51040  29.0%  27.0  805s
  4969  2366 -398.51829   47    2 -350.13999 -451.41392  28.9%  27.0  826s
  5052  2405 -394.42641   60    3 -350.13999 -451.38041  28.9%  27.0  845s
  5132  2452 -391.95407   66    2 -350.13999 -451.32539  28.9%  26.9  864s
  5171  2460 -429.42877   50    3 -350.13999 -451.31416  28.9%  26.9  867s
  5217  2505     cutoff   67      -350.13999 -451.29934  28.9%  26.8  885s
  5308  2525 -414.06802   61   18 -350.13999 -451.23446  28.9%  26.8  913s
  5310  2526 -421.06614   50   26 -350.13999 -451.23446  28.9%  26.8  985s
  5311  2527 -427.80172   60   20 -350.13999 -451.23446  28.9%  26.8  994s
  5312  2528 -431.95771   39   17 -350.13999 -451.23446  28.9%  26.8  997s
  5313  2528 -436.97839   31   19 -350.13999 -451.23446  28.9%  26.8 1000s
  5316  2530 -430.58006   34   18 -350.13999 -451.23446  28.9%  26.7 1005s
  5319  2532 -401.78156   44   18 -350.13999 -451.23446  28.9%  26.7 1015s
  5320  2533 -393.35624   43   18 -350.13999 -451.23446  28.9%  26.7 1022s
  5322  2534 -405.77223   63   18 -350.13999 -451.23446  28.9%  26.7 1026s
  5324  2536 -431.56316   39   17 -350.13999 -451.23446  28.9%  26.7 1030s
  5327  2538 -351.44202   67   17 -350.13999 -451.23446  28.9%  26.7 1035s
  5330  2540 -443.93047   51   18 -350.13999 -451.23446  28.9%  26.7 1045s
  5331  2540 -385.85281   65   19 -350.13999 -451.23446  28.9%  26.7 1052s
  5333  2542 -426.08051   44   19 -350.13999 -451.23446  28.9%  26.7 1056s
  5335  2543 -435.19313   27   20 -350.13999 -451.23446  28.9%  26.6 1064s
  5336  2544 -362.23126   50   16 -350.13999 -451.23446  28.9%  26.6 1071s
  5338  2545 -429.18506   34   19 -350.13999 -451.23446  28.9%  26.6 1080s
  5339  2546 -444.39748   56   19 -350.13999 -451.23446  28.9%  26.6 1088s
  5340  2546 -403.27004   46   19 -350.13999 -451.23446  28.9%  26.6 1094s
  5341  2547 -430.68114   31   19 -350.13999 -451.23446  28.9%  26.6 1102s
  5342  2548 -426.98095   47   15 -350.13999 -451.23446  28.9%  26.6 1108s
  5343  2548 -427.21371   44   20 -350.13999 -451.23446  28.9%  26.6 1117s
  5344  2549 -428.24685   42   21 -350.13999 -451.23446  28.9%  26.6 1124s
  5345  2550 -430.09310   38   21 -350.13999 -451.23446  28.9%  26.6 1133s
  5346  2550 -392.13662   63   23 -350.13999 -451.23446  28.9%  26.6 1141s
  5347  2551 -429.83508   38   19 -350.13999 -451.23446  28.9%  26.6 1149s
  5348  2552 -447.19700   48   17 -350.13999 -451.23446  28.9%  26.6 1156s
  5349  2552 -430.96597   33   18 -350.13999 -451.23446  28.9%  26.6 1176s
  5350  2553 -380.51057   53   18 -350.13999 -451.23446  28.9%  26.6 1183s
  5352  2557 -451.23446   24   21 -350.13999 -451.23446  28.9%  26.9 1234s
  5354  2559 -451.23446   25   18 -350.13999 -451.23446  28.9%  27.0 1249s
  5356  2558     cutoff   25      -350.13999 -451.23446  28.9%  27.0 1258s
  5358  2559 -451.23446   26   18 -350.13999 -451.23446  28.9%  27.0 1273s
  5360  2559     cutoff   26      -350.13999 -451.23446  28.9%  27.0 1281s
  5362  2560 -451.23446   27   19 -350.13999 -451.23446  28.9%  27.0 1294s
  5364  2561     cutoff   27      -350.13999 -451.23446  28.9%  27.0 1306s
  5368  2562     cutoff   28      -350.13999 -451.23446  28.9%  27.1 1315s
  5372  2563     cutoff   29      -350.13999 -451.23446  28.9%  27.1 1320s
  5376  2563     cutoff   30      -350.13999 -451.23446  28.9%  27.1 1326s
  5380  2565     cutoff   31      -350.13999 -451.23446  28.9%  27.2 1333s
  5385  2566     cutoff   32      -350.13999 -451.23446  28.9%  27.2 1339s
  5390  2569     cutoff   33      -350.13999 -451.23446  28.9%  27.2 1344s
  5396  2571     cutoff   34      -350.13999 -451.23446  28.9%  27.2 1350s
  5407  2573     cutoff   36      -350.13999 -451.23446  28.9%  27.3 1360s
  5414  2575     cutoff   38      -350.13999 -451.23446  28.9%  27.3 1366s
  5420  2577     cutoff   39      -350.13999 -451.23446  28.9%  27.4 1371s
  5428  2579 -451.23446   41   10 -350.13999 -451.23446  28.9%  27.4 1377s
  5437  2584 -451.23446   43   11 -350.13999 -451.23446  28.9%  27.4 1384s
  5448  2587     cutoff   44      -350.13999 -451.23446  28.9%  27.5 1391s
  5459  2589     cutoff   46      -350.13999 -451.23446  28.9%  27.5 1399s
  5468  2588     cutoff   48      -350.13999 -451.23446  28.9%  27.6 1407s
  5480  2591 -451.23446   52    5 -350.13999 -451.23446  28.9%  27.6 1416s
  5494  2589     cutoff   56      -350.13999 -451.23446  28.9%  27.6 1424s
  5507  2593 -451.23446   61    4 -350.13999 -451.23446  28.9%  27.7 1431s
  5524  2594 -451.23446   67    5 -350.13999 -451.23446  28.9%  27.7 1437s
  5549  2604 -451.23446   28   14 -350.13999 -451.23446  28.9%  27.7 1446s
  5570  2617 -451.23446   31    3 -350.13999 -451.23446  28.9%  27.8 1452s
  5590  2630 -451.23446   35    3 -350.13999 -451.23446  28.9%  27.9 1459s
  5618  2633 -451.23446   39    2 -350.13999 -451.23446  28.9%  27.9 1470s
  5647  2659 -451.23446   44    7 -350.13999 -451.23446  28.9%  28.0 1481s
  5685  2685 -432.76957   49    8 -350.13999 -451.23446  28.9%  28.0 1490s
  5742  2681 -429.88125   60    5 -350.13999 -451.23446  28.9%  27.9 1504s
  5786  2679 -428.67226   71    3 -350.13999 -451.23446  28.9%  27.9 1517s
  5801  2687 -425.69252   74    2 -350.13999 -451.23446  28.9%  28.0 1527s
  5822  2685     cutoff   75      -350.13999 -451.23446  28.9%  28.0 1539s
  5832  2683     cutoff   39      -350.13999 -451.23446  28.9%  28.1 1540s
  5854  2697 -396.01414   75    2 -350.13999 -451.23446  28.9%  28.1 1553s
  5885  2701     cutoff   76      -350.13999 -451.23446  28.9%  28.1 1563s
  5912  2723 -428.89128   39    2 -350.13999 -451.23446  28.9%  28.1 1576s
  5962  2726 -423.83500   48    - -350.13999 -451.23446  28.9%  28.1 1590s
  5997  2758 -431.78386   58    2 -350.13999 -451.23446  28.9%  28.1 1601s
  6060  2753 -418.93724   70    2 -350.13999 -451.23446  28.9%  27.9 1616s
  6071  2755 -387.83999   74    - -350.13999 -451.23446  28.9%  28.0 1620s
  6087  2756 -424.36024   73    2 -350.13999 -451.23446  28.9%  28.0 1631s
* 6111  2619              36    -362.9799904 -451.23446  24.3%  28.1 1633s
  6112  2634     cutoff   75      -362.97999 -451.23446  24.3%  28.1 1645s
  6157  2632 -389.08532   75    2 -362.97999 -451.23446  24.3%  28.1 1664s
  6178  2634 -427.04330   58    - -362.97999 -451.23446  24.3%  28.1 1668s
  6211  2644     cutoff   76      -362.97999 -451.23446  24.3%  28.1 1682s
  6248  2689 -411.35800   42    2 -362.97999 -451.23446  24.3%  28.1 1698s
  6324  2678     cutoff   76      -362.97999 -451.23446  24.3%  28.0 1714s
  6361  2711     cutoff   36      -362.97999 -451.23446  24.3%  28.0 1732s
  6431  2746 -429.65616   45    4 -362.97999 -451.23446  24.3%  28.0 1749s
  6509  2784 -429.84599   53    4 -362.97999 -451.23446  24.3%  27.8 1768s
  6581  2828 -436.32551   32    6 -362.97999 -451.23446  24.3%  27.8 1784s
  6635  2818 -425.30896   72    2 -362.97999 -451.23446  24.3%  27.7 1787s
  6681  2819     cutoff   33      -362.97999 -451.23446  24.3%  27.6 1804s
  6715  2812 -420.30375   74    2 -362.97999 -451.23446  24.3%  27.6 1805s
  6743  2835     cutoff   75      -362.97999 -451.23446  24.3%  27.6 1828s
  6781  2833     cutoff   75      -362.97999 -451.23446  24.3%  27.6 1832s
  6803  2887 -379.59586   44    2 -362.97999 -451.23446  24.3%  27.6 1850s
  6910  2912 -436.11639   34    7 -362.97999 -451.23446  24.3%  27.4 1873s
  7000  2936 -396.84557   66    3 -362.97999 -451.23446  24.3%  27.3 1899s
  7037  2933 -423.63408   57    3 -362.97999 -451.23446  24.3%  27.4 1903s
  7085  2960 -391.66615   75    2 -362.97999 -451.23446  24.3%  27.3 1926s
  7168  2948 -369.25289   44    2 -362.97999 -451.23446  24.3%  27.2 1951s
  7232  2968     cutoff   47      -362.97999 -451.23446  24.3%  27.3 1977s
  7278  2994 -433.17703   56    3 -362.97999 -451.23446  24.3%  27.3 2005s
  7396  3024 -419.58537   70    2 -362.97999 -451.23446  24.3%  27.2 2040s
  7495  3031 -381.40018   75    2 -362.97999 -451.23446  24.3%  27.1 2071s
  7571  3084     cutoff   75      -362.97999 -451.23446  24.3%  27.1 2096s
  7663  3121 -431.50362   55    2 -362.97999 -451.23446  24.3%  27.0 2123s
  7732  3109     cutoff   75      -362.97999 -451.23446  24.3%  27.0 2127s
  7783  3187 -417.57618   73    2 -362.97999 -451.23446  24.3%  27.0 2152s
  7925  3191     cutoff   75      -362.97999 -451.23446  24.3%  26.8 2183s
  8018  3210 -383.09819   75    2 -362.97999 -451.23446  24.3%  26.7 2217s
  8057  3207     cutoff   75      -362.97999 -451.23446  24.3%  26.8 2222s
  8106  3296     cutoff   76      -362.97999 -451.23446  24.3%  26.8 2252s
  8279  3295 -405.13757   74    2 -362.97999 -451.23446  24.3%  26.6 2289s
  8392  3351     cutoff   75      -362.97999 -451.23446  24.3%  26.5 2329s
  8455  3335     cutoff   75      -362.97999 -451.23446  24.3%  26.5 2331s
  8522  3426 -418.25395   74    2 -362.97999 -451.23446  24.3%  26.5 2361s
  8667  3443     cutoff   75      -362.97999 -451.23446  24.3%  26.3 2393s
  8820  3470 -386.11635   75    2 -362.97999 -451.23446  24.3%  26.2 2434s
  8890  3462 -379.15162   75    2 -362.97999 -451.23446  24.3%  26.2 2441s
  8949  3472 -408.85683   57    2 -362.97999 -451.23446  24.3%  26.2 2477s
  9060  3500 -413.80696   74    2 -362.97999 -451.23446  24.3%  26.2 2527s
  9108  3498 -430.97449   42    3 -362.97999 -451.23446  24.3%  26.2 2533s
  9186  3545     cutoff   75      -362.97999 -451.23446  24.3%  26.2 2578s
  9247  3541     cutoff   74      -362.97999 -451.23446  24.3%  26.2 2586s
  9322  3576 -380.33734   75    2 -362.97999 -451.23446  24.3%  26.1 2632s
  9398  3564     cutoff   75      -362.97999 -451.23446  24.3%  26.1 2638s
  9434  3625 -411.37067   74    2 -362.97999 -451.23446  24.3%  26.2 2682s
  9605  3650     cutoff   75      -362.97999 -451.23446  24.3%  26.1 2742s
  9652  3648 -396.44158   63    2 -362.97999 -451.23446  24.3%  26.1 2747s
  9740  3678 -393.50082   74    2 -362.97999 -451.23446  24.3%  26.0 2792s
  9790  3675 -391.07929   75    2 -362.97999 -451.23446  24.3%  26.1 2798s
  9841  3778 -379.94164   75    2 -362.97999 -451.23446  24.3%  26.0 2842s
  9951  3755 -430.92284   61    2 -362.97999 -451.23446  24.3%  25.9 2848s
 10071  3788     cutoff   74      -362.97999 -451.23446  24.3%  25.9 2897s
 10246  3853     cutoff   75      -362.97999 -451.23446  24.3%  25.8 2948s
 10370  3835     cutoff   76      -362.97999 -451.23446  24.3%  25.7 2957s
 10485  3845 -431.60742   70    2 -362.97999 -451.23446  24.3%  25.6 3013s
 10657  3884     cutoff   74      -362.97999 -451.23446  24.3%  25.6 3080s
 10733  3879 -406.72866   74    2 -362.97999 -451.23446  24.3%  25.6 3089s
 10813  3922     cutoff   75      -362.97999 -451.23446  24.3%  25.7 3145s
 11000  3957     cutoff   75      -362.97999 -451.23446  24.3%  25.6 3213s
 11066  3953 -370.76626   75    2 -362.97999 -451.23446  24.3%  25.6 3220s
 11148  4001 -371.92902   75    2 -362.97999 -451.23446  24.3%  25.6 3270s
 11248  3995 -413.02915   74    2 -362.97999 -451.23446  24.3%  25.6 3281s
 11366  4033 -411.86967   74    2 -362.97999 -451.21012  24.3%  25.5 3337s
 11529  4038     cutoff   75      -362.97999 -451.08863  24.3%  25.5 3407s
 11589  4035     cutoff   49      -362.97999 -450.95143  24.2%  25.6 3413s
 11662  4057 -450.17467   47    2 -362.97999 -450.93483  24.2%  25.6 3474s
 11823  4094 -418.22402   74    2 -362.97999 -450.66215  24.2%  25.6 3543s
 11986  4129     cutoff   75      -362.97999 -450.55997  24.1%  25.6 3614s
 12173  4152 -387.54448   75    2 -362.97999 -450.37383  24.1%  25.5 3682s
 12249  4153 -388.87798   73    2 -362.97999 -450.23782  24.0%  25.5 3693s
 12340  4168     cutoff   76      -362.97999 -450.21900  24.0%  25.5 3754s
 12412  4161 -387.01219   75    2 -362.97999 -450.02710  24.0%  25.5 3760s
 12503  4200 -448.98742   60    2 -362.97999 -450.00763  24.0%  25.5 3819s
 12596  4198     cutoff   76      -362.97999 -449.82070  23.9%  25.5 3831s
 12684  4302     cutoff   74      -362.97999 -449.81148  23.9%  25.5 3884s
 12775  4315 -410.02773   74    2 -362.97999 -449.65307  23.9%  25.4 3889s
 12861  4399 -390.77093   75    2 -362.97999 -449.59203  23.9%  25.4 3940s
 12936  4416 -386.59758   74    2 -362.97999 -449.55485  23.9%  25.4 3947s
 13042  4467     cutoff   74      -362.97999 -449.41789  23.8%  25.3 3997s
 13175  4536     cutoff   75      -362.97999 -449.25786  23.8%  25.3 4062s
 13251  4564     cutoff   75      -362.97999 -449.14274  23.7%  25.3 4073s
 13350  4668 -425.34238   51    2 -362.97999 -449.14176  23.7%  25.2 4128s
 13581  4756     cutoff   75      -362.97999 -448.97252  23.7%  25.1 4193s
 13761  4809 -428.85256   45    2 -362.97999 -448.74127  23.6%  25.0 4255s
 13892  4886 -419.05767   74    2 -362.97999 -448.69390  23.6%  25.0 4319s
 14085  5010     cutoff   75      -362.97999 -448.45687  23.5%  24.9 4390s
 14256  5100     cutoff   75      -362.97999 -448.35917  23.5%  24.9 4446s
 14348  5118 -415.28071   74    2 -362.97999 -448.35892  23.5%  24.8 4453s
 14422  5193     cutoff   75      -362.97999 -448.21447  23.5%  24.8 4507s
 14592  5248 -366.53133   75    2 -362.97999 -448.04346  23.4%  24.8 4568s
 14667  5262     cutoff   75      -362.97999 -447.92946  23.4%  24.8 4574s
 14742  5316 -411.95367   74    2 -362.97999 -447.89577  23.4%  24.8 4635s
 14891  5372 -438.87502   58    2 -362.97999 -447.70170  23.3%  24.7 4713s
 15033  5499 -389.86653   65    2 -362.97999 -447.65155  23.3%  24.7 4781s
 15129  5520     cutoff   75      -362.97999 -447.55104  23.3%  24.7 4789s
 15207  5596     cutoff   75      -362.97999 -447.53533  23.3%  24.7 4837s
 15304  5614     cutoff   75      -362.97999 -447.44689  23.3%  24.6 4844s
 15394  5655     cutoff   75      -362.97999 -447.43578  23.3%  24.6 4895s
 15557  5745     cutoff   75      -362.97999 -447.32644  23.2%  24.5 4962s
 15635  5761     cutoff   75      -362.97999 -447.23466  23.2%  24.5 4969s
 15711  5812     cutoff   75      -362.97999 -447.23069  23.2%  24.5 5032s
 15791  5828 -412.79249   74    2 -362.97999 -447.16875  23.2%  24.5 5041s
 15854  5885     cutoff   75      -362.97999 -447.15788  23.2%  24.5 5092s
 15933  5904     cutoff   54      -362.97999 -446.94947  23.1%  24.5 5101s
 16015  5942     cutoff   75      -362.97999 -446.92068  23.1%  24.5 5163s
 16162  6040 -387.68371   71    2 -362.97999 -446.62735  23.0%  24.5 5224s
 16260  6058 -385.91606   55    2 -362.97999 -446.59005  23.0%  24.4 5234s
 16343  6133     cutoff   75      -362.97999 -446.52482  23.0%  24.4 5295s
 16511  6198     cutoff   74      -362.97999 -446.37576  23.0%  24.3 5356s
 16674  6268     cutoff   75      -362.97999 -446.13722  22.9%  24.3 5419s
 16750  6281 -397.58213   74    2 -362.97999 -446.01066  22.9%  24.3 5425s
 16831  6338 -379.21668   75    2 -362.97999 -445.97141  22.9%  24.3 5489s
 16923  6362     cutoff   75      -362.97999 -445.93833  22.9%  24.2 5501s
 17010  6408     cutoff   75      -362.97999 -445.93108  22.9%  24.2 5566s
 17091  6430     cutoff   75      -362.97999 -445.77609  22.8%  24.2 5576s
 17153  6477 -440.26704   49    2 -362.97999 -445.76848  22.8%  24.2 5643s
 17301  6558 -398.79130   74    2 -362.97999 -445.72513  22.8%  24.2 5709s
 17477  6604     cutoff   75      -362.97999 -445.63846  22.8%  24.1 5771s
 17650  6675 -393.60897   73    2 -362.97999 -445.39723  22.7%  24.1 5845s
 17782  6708 -409.97549   74    2 -362.97999 -445.27829  22.7%  24.1 5901s
 17857  6723     cutoff   75      -362.97999 -445.19084  22.6%  24.1 5908s
 17929  6751     cutoff   75      -362.97999 -445.15631  22.6%  24.1 5962s
 18007  6775 -382.81777   69    2 -362.97999 -444.95226  22.6%  24.0 5974s
 18076  6812     cutoff   65      -362.97999 -444.94782  22.6%  24.0 6033s
 18160  6829     cutoff   75      -362.97999 -444.84304  22.6%  24.0 6041s
 18216  6862     cutoff   75      -362.97999 -444.83233  22.6%  24.0 6100s
 18301  6887     cutoff   75      -362.97999 -444.70934  22.5%  24.0 6112s
 18381  6930     cutoff   74      -362.97999 -444.62635  22.5%  24.0 6163s
 18439  6944     cutoff   75      -362.97999 -444.29599  22.4%  24.0 6170s
 18520  6985     cutoff   75      -362.97999 -444.26240  22.4%  24.0 6233s
 18673  7034 -408.80432   73    2 -362.97999 -444.06131  22.3%  24.0 6303s
 18752  7055     cutoff   75      -362.97999 -443.78860  22.3%  23.9 6313s
 18826  7099 -376.19205   75    2 -362.97999 -443.77286  22.3%  23.9 6372s
 18967  7127 -377.07129   75    2 -362.97999 -443.59806  22.2%  23.9 6429s
 19033  7143 -396.19190   74    2 -362.97999 -443.53077  22.2%  23.9 6437s
 19105  7172 -386.01968   74    2 -362.97999 -443.22171  22.1%  23.9 6498s
 19257  7241     cutoff   75      -362.97999 -442.88919  22.0%  23.9 6567s
 19421  7295 -402.39738   74    2 -362.97999 -442.43972  21.9%  23.8 6629s
 19570  7342     cutoff   75      -362.97999 -442.13728  21.8%  23.8 6693s
 19720  7392     cutoff   75      -362.97999 -441.85978  21.7%  23.8 6753s
 19878  7454     cutoff   61      -362.97999 -441.48610  21.6%  23.8 6811s
 20030  7479 -399.57196   74    2 -362.97999 -441.17855  21.5%  23.7 6870s
 20105  7496     cutoff   75      -362.97999 -441.11473  21.5%  23.7 6879s
 20183  7544     cutoff   75      -362.97999 -440.77886  21.4%  23.7 6934s
 20258  7558     cutoff   75      -362.97999 -440.26668  21.3%  23.7 6940s
 20325  7585 -365.75720   75    2 -362.97999 -440.26161  21.3%  23.7 6993s
 20409  7603 -400.75767   74    2 -362.97999 -439.83863  21.2%  23.7 7004s
 20481  7617 -379.98427   74    2 -362.97999 -439.83238  21.2%  23.7 7074s
 20624  7675     cutoff   75      -362.97999 -439.58372  21.1%  23.6 7151s
 20697  7694     cutoff   75      -362.97999 -439.35853  21.0%  23.6 7160s
 20760  7711     cutoff   75      -362.97999 -439.34680  21.0%  23.6 7186s

Cutting planes:
  MIR: 56
  Flow cover: 19
  Lazy constraints: 174045

Explored 20792 nodes (495029 simplex iterations) in 7190.43 seconds
Thread count was 4 (of 4 available processors)

Solution count 8: -362.98 -350.14 -346.58 ... -234.893

Time limit reached
Best objective -3.629799903780e+02, best bound -4.392419358538e+02, gap 21.0100%

User-callback calls 228529, time in user-callback 2054.31 sec
