
Gurobi 8.1.1 (win64) logging started 07/06/20 19:40:45

Changed value of parameter LogFile to Results/sslp2_30_70_200_BendersBnC.log
   Prev: gurobi.log  Default: 
Changed value of parameter Heuristics to 0.0
   Prev: 0.05  Min: 0.0  Max: 1.0  Default: 0.05
Changed value of parameter lazyConstraints to 1
   Prev: 0  Min: 0  Max: 1  Default: 0
Changed value of parameter timeLimit to 7177.411353588104
   Prev: 1e+100  Min: 0.0  Max: 1e+100  Default: 1e+100
Optimize a model with 2835 rows, 230 columns and 51235 nonzeros
Variable types: 200 continuous, 30 integer (30 binary)
Coefficient statistics:
  Matrix range     [3e-13, 1e+06]
  Objective range  [5e-03, 8e+01]
  Bounds range     [1e+00, 1e+00]
  RHS range        [1e-13, 3e+04]
Warning: Model contains large matrix coefficient range
         Consider reformulating model or setting NumericFocus parameter
         to avoid numerical issues.
Presolve removed 272 rows and 0 columns
Presolve time: 0.05s
Presolved: 2563 rows, 230 columns, 49431 nonzeros
Variable types: 200 continuous, 30 integer (30 binary)

Root relaxation: objective -7.974248e+02, 248 iterations, 0.06 seconds

    Nodes    |    Current Node    |     Objective Bounds      |     Work
 Expl Unexpl |  Obj  Depth IntInf | Incumbent    BestBd   Gap | It/Node Time

     0     0 -797.42481    0   16          - -797.42481      -     -    0s
     0     0 -797.11205    0   16          - -797.11205      -     -    0s
     0     0 -796.86626    0   16          - -796.86626      -     -    0s
     0     0 -796.64839    0   15          - -796.64839      -     -    0s
     0     0 -796.53265    0   16          - -796.53265      -     -    0s
     0     0 -796.40067    0   16          - -796.40067      -     -    0s
     0     0 -796.23317    0   16          - -796.23317      -     -    0s
     0     0 -796.12268    0   16          - -796.12268      -     -    0s
     0     0 -796.00970    0   16          - -796.00970      -     -    0s
     0     0 -795.90141    0   16          - -795.90141      -     -    0s
     0     0 -795.80642    0   15          - -795.80642      -     -    0s
     0     0 -795.73183    0   16          - -795.73183      -     -    0s
     0     0 -795.66000    0   16          - -795.66000      -     -    0s
     0     0 -795.58450    0   16          - -795.58450      -     -    0s
     0     0 -795.50352    0   15          - -795.50352      -     -    0s
     0     0 -795.42956    0   15          - -795.42956      -     -    0s
     0     0 -795.38593    0   15          - -795.38593      -     -    0s
     0     0 -795.33468    0   15          - -795.33468      -     -    0s
     0     0 -795.25596    0   15          - -795.25596      -     -    0s
     0     0 -795.22015    0   16          - -795.22015      -     -    0s
     0     0 -795.15346    0   16          - -795.15346      -     -    0s
     0     0 -795.10477    0   15          - -795.10477      -     -    0s
     0     0 -795.05637    0   14          - -795.05637      -     -    0s
     0     0 -795.01583    0   15          - -795.01583      -     -    0s
     0     0 -794.99619    0   14          - -794.99619      -     -    0s
     0     0 -794.94422    0   15          - -794.94422      -     -    0s
     0     0 -794.88716    0   15          - -794.88716      -     -    0s
     0     0 -794.86205    0   15          - -794.86205      -     -    0s
     0     0 -794.79699    0   15          - -794.79699      -     -    0s
     0     0 -794.75214    0   15          - -794.75214      -     -    0s
     0     0 -794.70527    0   14          - -794.70527      -     -    0s
     0     0 -794.67145    0   15          - -794.67145      -     -    0s
     0     0 -794.64217    0   15          - -794.64217      -     -    0s
     0     0 -794.62185    0   13          - -794.62185      -     -    0s
     0     0 -794.56406    0   14          - -794.56406      -     -    0s
     0     0 -794.52460    0   14          - -794.52460      -     -    0s
     0     0 -794.49151    0   15          - -794.49151      -     -    1s
     0     0 -794.44000    0   15          - -794.44000      -     -    1s
     0     0 -794.40904    0   14          - -794.40904      -     -    1s
     0     0 -794.37186    0   15          - -794.37186      -     -    1s
     0     0 -794.34030    0   15          - -794.34030      -     -    1s
     0     0 -794.30299    0   15          - -794.30299      -     -    1s
     0     0 -794.26025    0   13          - -794.26025      -     -    1s
     0     0 -794.23122    0   13          - -794.23122      -     -    1s
     0     0 -794.19860    0   14          - -794.19860      -     -    1s
     0     0 -794.17880    0   14          - -794.17880      -     -    1s
     0     0 -794.14232    0   14          - -794.14232      -     -    1s
     0     0 -794.11665    0   14          - -794.11665      -     -    1s
     0     0 -794.07147    0   13          - -794.07147      -     -    1s
     0     0 -794.05235    0   14          - -794.05235      -     -    1s
     0     0 -794.02398    0   15          - -794.02398      -     -    1s
     0     0 -793.99615    0   14          - -793.99615      -     -    1s
     0     0 -793.97755    0   14          - -793.97755      -     -    1s
     0     0 -793.94686    0   14          - -793.94686      -     -    1s
     0     0 -793.92940    0   15          - -793.92940      -     -    1s
     0     0 -793.90698    0   15          - -793.90698      -     -    1s
     0     0 -793.88029    0   14          - -793.88029      -     -    1s
     0     0 -793.85515    0   14          - -793.85515      -     -    1s
     0     0 -793.81633    0   14          - -793.81633      -     -    1s
     0     0 -793.77985    0   15          - -793.77985      -     -    1s
     0     0 -793.76835    0   13          - -793.76835      -     -    1s
     0     0 -793.74553    0   14          - -793.74553      -     -    1s
     0     0 -793.72607    0   14          - -793.72607      -     -    1s
     0     0 -793.69206    0   13          - -793.69206      -     -    1s
     0     0 -793.67795    0   14          - -793.67795      -     -    1s
     0     0 -793.66353    0   14          - -793.66353      -     -    1s
     0     0 -793.64683    0   13          - -793.64683      -     -    1s
     0     0 -793.62491    0   14          - -793.62491      -     -    1s
     0     0 -793.59950    0   14          - -793.59950      -     -    1s
     0     0 -793.57512    0   13          - -793.57512      -     -    1s
     0     0 -793.53802    0   14          - -793.53802      -     -    1s
     0     0 -793.51026    0   13          - -793.51026      -     -    1s
     0     0 -793.48902    0   13          - -793.48902      -     -    1s
     0     0 -793.47567    0   13          - -793.47567      -     -    1s
     0     0 -793.46239    0   11          - -793.46239      -     -    1s
     0     0 -793.44420    0   12          - -793.44420      -     -    1s
     0     0 -793.42128    0   14          - -793.42128      -     -    1s
     0     0 -793.41073    0   13          - -793.41073      -     -    1s
     0     0 -793.39485    0   14          - -793.39485      -     -    1s
     0     0 -793.38031    0   12          - -793.38031      -     -    1s
     0     0 -793.37430    0   11          - -793.37430      -     -    1s
     0     0 -793.35609    0   14          - -793.35609      -     -    1s
     0     0 -793.33823    0   12          - -793.33823      -     -    1s
     0     0 -793.33277    0   13          - -793.33277      -     -    1s
     0     0 -793.32368    0   13          - -793.32368      -     -    1s
     0     0 -793.30724    0   14          - -793.30724      -     -    1s
     0     0 -793.28299    0   12          - -793.28299      -     -    1s
     0     0 -793.27799    0   13          - -793.27799      -     -    1s
     0     0 -793.27525    0   13          - -793.27525      -     -    1s
     0     0 -793.26953    0   11          - -793.26953      -     -    2s
     0     0 -793.25262    0   11          - -793.25262      -     -    2s
     0     0 -793.25046    0   10          - -793.25046      -     -    2s
     0     0 -793.23301    0   10          - -793.23301      -     -    2s
     0     0 -793.21767    0   12          - -793.21767      -     -    2s
     0     0 -793.21200    0   12          - -793.21200      -     -    2s
     0     0 -793.18966    0   12          - -793.18966      -     -    2s
     0     0 -793.18035    0    9          - -793.18035      -     -    2s
     0     0 -793.17072    0   12          - -793.17072      -     -    2s
     0     0 -793.16789    0   12          - -793.16789      -     -    2s
     0     0 -793.15815    0   12          - -793.15815      -     -    2s
     0     0 -793.15405    0   12          - -793.15405      -     -    2s
     0     0 -793.15152    0   13          - -793.15152      -     -    2s
     0     0 -793.14814    0   12          - -793.14814      -     -    2s
     0     0 -793.13408    0   10          - -793.13408      -     -    2s
     0     0 -793.11764    0   11          - -793.11764      -     -    2s
     0     0 -793.11118    0   11          - -793.11118      -     -    2s
     0     0 -793.10640    0   11          - -793.10640      -     -    2s
     0     0 -793.10454    0   12          - -793.10454      -     -    2s
     0     0 -793.10378    0   11          - -793.10378      -     -    2s
     0     0 -793.10100    0   11          - -793.10100      -     -    2s
     0     0 -793.09961    0   12          - -793.09961      -     -    2s
     0     0 -793.09842    0   11          - -793.09842      -     -    2s
     0     0 -793.09777    0   11          - -793.09777      -     -    2s
     0     0 -793.09408    0   11          - -793.09408      -     -    2s
     0     0 -793.09102    0   12          - -793.09102      -     -    2s
     0     0 -793.08712    0   12          - -793.08712      -     -    2s
     0     0 -793.07721    0   11          - -793.07721      -     -    2s
     0     0 -793.07429    0   11          - -793.07429      -     -    2s
     0     0 -793.05637    0   12          - -793.05637      -     -    2s
     0     0 -793.04367    0   13          - -793.04367      -     -    2s
     0     0 -793.04118    0   11          - -793.04118      -     -    2s
     0     0 -793.04009    0   12          - -793.04009      -     -    2s
     0     0 -793.03770    0   11          - -793.03770      -     -    2s
     0     0 -793.03702    0   11          - -793.03702      -     -    2s
     0     0 -793.03538    0   11          - -793.03538      -     -    2s
     0     0 -793.03301    0   11          - -793.03301      -     -    2s
     0     0 -793.02631    0   12          - -793.02631      -     -    2s
     0     0 -793.02557    0   11          - -793.02557      -     -    2s
     0     0 -793.02399    0   12          - -793.02399      -     -    2s
     0     0 -793.01773    0   12          - -793.01773      -     -    2s
     0     0 -793.01417    0   10          - -793.01417      -     -    2s
     0     0 -793.01080    0   12          - -793.01080      -     -    2s
     0     0 -793.00996    0   12          - -793.00996      -     -    2s
     0     0 -793.00625    0   12          - -793.00625      -     -    2s
     0     0 -793.00147    0   12          - -793.00147      -     -    2s
     0     0 -792.99850    0   12          - -792.99850      -     -    2s
     0     0 -792.99320    0   13          - -792.99320      -     -    2s
     0     0 -792.98986    0   11          - -792.98986      -     -    2s
     0     0 -792.98783    0   12          - -792.98783      -     -    2s
     0     0 -792.98334    0   11          - -792.98334      -     -    2s
     0     0 -792.97935    0   12          - -792.97935      -     -    2s
     0     0 -792.97565    0   12          - -792.97565      -     -    2s
     0     0 -792.97215    0   11          - -792.97215      -     -    2s
     0     0 -792.96912    0   12          - -792.96912      -     -    2s
     0     0 -792.96477    0   11          - -792.96477      -     -    2s
     0     0 -792.96407    0   12          - -792.96407      -     -    3s
     0     0 -792.95790    0   12          - -792.95790      -     -    3s
     0     0 -792.95552    0   12          - -792.95552      -     -    3s
     0     0 -792.95042    0   12          - -792.95042      -     -    3s
     0     0 -792.94249    0   12          - -792.94249      -     -    3s
     0     0 -792.94079    0   12          - -792.94079      -     -    3s
     0     0 -792.93779    0   12          - -792.93779      -     -    3s
     0     0 -792.93701    0   12          - -792.93701      -     -    3s
     0     0 -792.93549    0   12          - -792.93549      -     -    3s
     0     0 -792.93389    0   12          - -792.93389      -     -    3s
     0     0 -792.93378    0   12          - -792.93378      -     -    3s
     0     0 -792.93138    0   12          - -792.93138      -     -    3s
     0     0 -792.92746    0   13          - -792.92746      -     -    3s
     0     0 -792.92642    0   13          - -792.92642      -     -    3s
     0     0 -792.92517    0   13          - -792.92517      -     -    3s
     0     0 -792.92372    0   12          - -792.92372      -     -    3s
     0     0 -792.92276    0   12          - -792.92276      -     -    3s
     0     0 -792.92209    0   12          - -792.92209      -     -    3s
     0     0 -792.92187    0   12          - -792.92187      -     -    3s
     0     0 -792.92031    0   13          - -792.92031      -     -    3s
     0     0 -792.91942    0   13          - -792.91942      -     -    3s
     0     0 -792.91866    0   13          - -792.91866      -     -    3s
     0     0 -792.91670    0   13          - -792.91670      -     -    3s
     0     0 -792.91566    0   13          - -792.91566      -     -    3s
     0     0 -792.91510    0   13          - -792.91510      -     -    3s
     0     0 -792.91495    0   13          - -792.91495      -     -    3s
     0     0 -792.91453    0   12          - -792.91453      -     -    3s
     0     0 -792.91264    0   12          - -792.91264      -     -    3s
     0     0 -792.91249    0   12          - -792.91249      -     -    3s
     0     0 -792.90770    0   13          - -792.90770      -     -    3s
     0     0 -792.90726    0   13          - -792.90726      -     -    3s
     0     0 -792.90725    0   13          - -792.90725      -     -    3s
     0     0 -792.87098    0   12          - -792.87098      -     -    3s
     0     0 -792.85143    0   12          - -792.85143      -     -    3s
     0     0 -792.83728    0   12          - -792.83728      -     -    3s
     0     0 -792.80693    0   13          - -792.80693      -     -    3s
     0     0 -792.78779    0   10          - -792.78779      -     -    3s
     0     0 -792.75705    0   11          - -792.75705      -     -    3s
     0     0 -792.74839    0   11          - -792.74839      -     -    3s
     0     0 -792.72931    0   12          - -792.72931      -     -    3s
     0     0 -792.72009    0   12          - -792.72009      -     -    3s
     0     0 -792.68668    0   11          - -792.68668      -     -    3s
     0     0 -792.67691    0   12          - -792.67691      -     -    3s
     0     0 -792.66723    0    9          - -792.66723      -     -    3s
     0     0 -792.65902    0   11          - -792.65902      -     -    3s
     0     0 -792.65328    0   12          - -792.65328      -     -    3s
     0     0 -792.63759    0   10          - -792.63759      -     -    3s
     0     0 -792.62698    0   12          - -792.62698      -     -    3s
     0     0 -792.61740    0   11          - -792.61740      -     -    3s
     0     0 -792.61307    0   11          - -792.61307      -     -    3s
     0     0 -792.60498    0   12          - -792.60498      -     -    3s
     0     0 -792.60115    0   12          - -792.60115      -     -    3s
     0     0 -792.59003    0   12          - -792.59003      -     -    3s
     0     0 -792.56525    0   12          - -792.56525      -     -    3s
     0     0 -792.55655    0   12          - -792.55655      -     -    4s
     0     0 -792.55265    0   13          - -792.55265      -     -    4s
     0     0 -792.53845    0   12          - -792.53845      -     -    4s
     0     0 -792.52805    0   12          - -792.52805      -     -    4s
     0     0 -792.52406    0   11          - -792.52406      -     -    4s
     0     0 -792.51119    0   12          - -792.51119      -     -    4s
     0     0 -792.50632    0   12          - -792.50632      -     -    4s
     0     0 -792.49983    0   12          - -792.49983      -     -    4s
     0     0 -792.49386    0   11          - -792.49386      -     -    4s
     0     0 -792.48932    0   12          - -792.48932      -     -    4s
     0     0 -792.48708    0   12          - -792.48708      -     -    4s
     0     0 -792.48051    0   12          - -792.48051      -     -    4s
     0     0 -792.45875    0   12          - -792.45875      -     -    4s
     0     0 -792.44524    0   10          - -792.44524      -     -    4s
     0     0 -792.43001    0   11          - -792.43001      -     -    4s
     0     0 -792.42408    0   12          - -792.42408      -     -    4s
     0     0 -792.41608    0   11          - -792.41608      -     -    4s
     0     0 -792.40983    0   10          - -792.40983      -     -    4s
     0     0 -792.40833    0   11          - -792.40833      -     -    4s
     0     0 -792.40353    0   12          - -792.40353      -     -    4s
     0     0 -792.39513    0   11          - -792.39513      -     -    4s
     0     0 -792.39027    0   11          - -792.39027      -     -    4s
     0     0 -792.38829    0   13          - -792.38829      -     -    4s
     0     0 -792.38775    0   13          - -792.38775      -     -    4s
     0     0 -792.36606    0   13          - -792.36606      -     -    4s
     0     0 -792.36134    0   12          - -792.36134      -     -    4s
     0     0 -792.35372    0   11          - -792.35372      -     -    4s
     0     0 -792.34192    0   12          - -792.34192      -     -    4s
     0     0 -792.32847    0   10          - -792.32847      -     -    4s
     0     0 -792.32082    0   11          - -792.32082      -     -    4s
     0     0 -792.31626    0   12          - -792.31626      -     -    4s
     0     0 -792.30382    0   11          - -792.30382      -     -    4s
     0     0 -792.29634    0   12          - -792.29634      -     -    4s
     0     0 -792.29430    0   12          - -792.29430      -     -    4s
     0     0 -792.27464    0   11          - -792.27464      -     -    4s
     0     0 -792.27387    0   12          - -792.27387      -     -    4s
     0     0 -792.25770    0   11          - -792.25770      -     -    4s
     0     0 -792.24169    0   12          - -792.24169      -     -    4s
     0     0 -792.23685    0   12          - -792.23685      -     -    4s
     0     0 -792.23278    0   11          - -792.23278      -     -    4s
     0     0 -792.22055    0   12          - -792.22055      -     -    4s
     0     0 -792.20454    0   12          - -792.20454      -     -    4s
     0     0 -792.19713    0   13          - -792.19713      -     -    4s
     0     0 -792.18753    0   11          - -792.18753      -     -    4s
     0     0 -792.18147    0   12          - -792.18147      -     -    4s
     0     0 -792.18018    0   12          - -792.18018      -     -    4s
     0     0 -792.16291    0   11          - -792.16291      -     -    4s
     0     0 -792.15813    0   12          - -792.15813      -     -    4s
     0     0 -792.15777    0   12          - -792.15777      -     -    4s
     0     0 -792.14695    0   13          - -792.14695      -     -    5s
     0     0 -792.13538    0   13          - -792.13538      -     -    5s
     0     0 -792.12652    0   14          - -792.12652      -     -    5s
     0     0 -792.12338    0   14          - -792.12338      -     -    5s
     0     0 -792.10963    0   12          - -792.10963      -     -    5s
     0     0 -792.10501    0   13          - -792.10501      -     -    5s
     0     0 -792.09773    0   12          - -792.09773      -     -    5s
     0     0 -792.09264    0   11          - -792.09264      -     -    5s
     0     0 -792.08396    0   13          - -792.08396      -     -    5s
     0     0 -792.08201    0   12          - -792.08201      -     -    5s
     0     0 -792.07425    0   13          - -792.07425      -     -    5s
     0     0 -792.06640    0   12          - -792.06640      -     -    5s
     0     0 -792.04925    0   12          - -792.04925      -     -    5s
     0     0 -792.04608    0   11          - -792.04608      -     -    5s
     0     0 -792.04387    0   12          - -792.04387      -     -    5s
     0     0 -792.02404    0   12          - -792.02404      -     -    5s
     0     0 -792.02118    0   13          - -792.02118      -     -    5s
     0     0 -792.01518    0   13          - -792.01518      -     -    5s
     0     0 -792.01332    0   14          - -792.01332      -     -    5s
     0     0 -792.01006    0   13          - -792.01006      -     -    5s
     0     0 -792.00906    0   13          - -792.00906      -     -    5s
     0     0 -791.99776    0   12          - -791.99776      -     -    5s
     0     0 -791.98865    0   10          - -791.98865      -     -    5s
     0     0 -791.98802    0   12          - -791.98802      -     -    5s
     0     0 -791.98554    0   12          - -791.98554      -     -    5s
     0     0 -791.98472    0   12          - -791.98472      -     -    5s
     0     0 -791.98346    0   14          - -791.98346      -     -    5s
     0     2 -791.98346    0   14          - -791.98346      -     -    5s
    17    12 -791.35064    8    8          - -791.90973      -  36.3   11s
    20    16 -790.95863    9    8          - -791.90973      -  36.0   15s
    29    20 -788.63290   12    -          - -791.90973      -  38.9   21s
    37    27 -746.67107   13    -          - -791.90973      -  39.0   29s
    41    28 -740.46664   12    -          - -791.90973      -  39.5   31s
    46    33 -786.88290   16    7          - -791.90973      -  41.0   35s
    59    42 -775.31836   21    7          - -791.90973      -  48.8   41s
    70    49 -756.65323   25    1          - -791.90973      -  50.9   45s
    76    50 -729.60065   27    3          - -791.90973      -  54.1   51s
    80    57 -717.10507   28    2          - -791.90973      -  53.1   55s
*   87    56              30    -486.6849871 -791.89252  62.7%  56.2   63s
    91    60 -722.70057   24    6 -486.68499 -791.89252  62.7%  58.1   67s
*   92    56              30    -511.6449856 -791.78066  54.8%  59.6   69s
    97    54     cutoff   30      -511.64499 -791.69277  54.7%  62.9   73s
   100    58 -743.08514    4    5 -511.64499 -791.69277  54.7%  64.6   77s
   106    63 -742.21008    6    6 -511.64499 -791.69277  54.7%  62.7   81s
   112    64 -740.85755    9    6 -511.64499 -791.69277  54.7%  61.7   86s
   117    67 -740.37160   11    5 -511.64499 -791.69277  54.7%  61.3   92s
   124    74 -738.21669   16    - -511.64499 -791.69277  54.7%  61.7   96s
*  133    75              30    -530.2149846 -791.69277  49.3%  63.9  100s
   145    77 -734.63670   23    - -530.21498 -791.46247  49.3%  62.4  106s
   153    85 -733.29323   23    - -530.21498 -791.46247  49.3%  61.2  118s
   156    88 -703.40335    8    2 -530.21498 -791.46247  49.3%  60.7  120s
   168    96 -680.23786   23    3 -530.21498 -791.46247  49.3%  59.9  127s
   179   104 -682.87617   22    2 -530.21498 -791.46247  49.3%  58.7  135s
   186   102 -662.49597   23    2 -530.21498 -791.46247  49.3%  58.4  142s
   193   103 -679.70409   24    - -530.21498 -791.46247  49.3%  58.6  152s
   200   113 -719.36125   25    2 -530.21498 -791.46247  49.3%  59.2  156s
   203   106 -719.32434   26    - -530.21498 -791.46247  49.3%  58.8  161s
   206   111 -723.75273   27    - -530.21498 -791.46247  49.3%  58.4  166s
   210   114 -674.34604   26    - -530.21498 -791.46247  49.3%  58.1  173s
   211   115 -676.61763   28    - -530.21498 -791.46247  49.3%  58.2  175s
   216   112 -650.42274   26    - -530.21498 -791.46247  49.3%  59.6  182s
   221   113 -645.89727   26    - -530.21498 -791.46247  49.3%  59.3  188s
   226   117 -642.37535   26    4 -530.21498 -791.46247  49.3%  59.3  193s
   229   116 -649.54023   25    - -530.21498 -791.46247  49.3%  59.5  199s
   234   112 -689.02495   29    - -530.21498 -791.46247  49.3%  59.3  205s
   241   118 -537.74843   28    2 -530.21498 -791.46247  49.3%  60.8  213s
   242   113 -632.55244   28    - -530.21498 -791.22480  49.2%  60.9  216s
   245   116     cutoff   29      -530.21498 -790.80087  49.1%  60.9  220s
   251   114 -572.29258   28    - -530.21498 -790.80087  49.1%  62.2  226s
   256   118 -605.50171   28    - -530.21498 -790.80087  49.1%  62.8  231s
   259   120 -560.50671   28    - -530.21498 -790.80087  49.1%  63.0  235s
   272   124 -706.59907   12    - -530.21498 -788.90741  48.8%  63.3  247s
   287   133 -743.61298   18    3 -530.21498 -788.90741  48.8%  62.1  250s
   296   143 -739.33604   20    - -530.21498 -788.90741  48.8%  61.9  257s
   304   146 -732.60064   26    - -530.21498 -787.98459  48.6%  61.8  261s
   315   146 -715.84049   27    3 -530.21498 -787.98459  48.6%  61.6  272s
   318   151 -648.78403   24    2 -530.21498 -787.98459  48.6%  61.7  276s
   324   159 -686.60603   28    - -530.21498 -787.98459  48.6%  61.5  285s
   337   163     cutoff   30      -530.21498 -787.98459  48.6%  62.5  294s
   340   164 -588.68815   26    4 -530.21498 -787.98459  48.6%  63.3  296s
   349   162 -745.97296   15    3 -530.21498 -787.76286  48.6%  63.7  301s
   353   166 -742.68087   16    - -530.21498 -787.76286  48.6%  63.7  305s
   370   176     cutoff   28      -530.21498 -787.76286  48.6%  62.7  310s
   377   178 -604.74801   28    2 -530.21498 -787.38990  48.5%  63.0  318s
   382   173 -631.61155   28    - -530.21498 -787.38990  48.5%  63.2  325s
   387   177     cutoff   29      -530.21498 -787.38990  48.5%  63.5  332s
   391   174 -611.98480   29    - -530.21498 -787.38990  48.5%  64.1  337s
   397   178     cutoff   29      -530.21498 -787.38990  48.5%  63.9  342s
   404   176     cutoff   30      -530.21498 -787.38990  48.5%  64.9  345s
   409   177 -740.85376   18    - -530.21498 -787.38990  48.5%  65.6  350s
   428   179 -557.99646   29    - -530.21498 -786.03137  48.2%  65.3  368s
   437   182     cutoff   29      -530.21498 -783.87786  47.8%  65.2  375s
   445   194 -738.00569   15    - -530.21498 -783.87786  47.8%  65.8  388s
   450   195 -622.90772   29    - -530.21498 -783.87786  47.8%  65.7  390s
   462   196     cutoff   30      -530.21498 -782.45346  47.6%  65.4  401s
   469   191 -732.09561   22    2 -530.21498 -780.75887  47.3%  65.6  405s
   477   199 -720.40095   23    4 -530.21498 -778.07247  46.7%  66.0  416s
   486   212 -690.82919   26    4 -530.21498 -778.07247  46.7%  66.1  422s
   491   204 -689.15433   27    - -530.21498 -778.07247  46.7%  66.0  425s
   495   209 -697.70592   22    - -530.21498 -778.07247  46.7%  65.8  433s
   501   208 -670.80977   27    - -530.21498 -778.07247  46.7%  66.0  443s
   513   216 -626.00523   28    - -530.21498 -778.07247  46.7%  65.9  456s
   520   219 -568.73733   28    2 -530.21498 -778.07247  46.7%  66.3  461s
   527   216     cutoff   30      -530.21498 -776.83781  46.5%  66.7  468s
   535   221     cutoff   30      -530.21498 -776.83781  46.5%  66.9  480s
   540   224 -580.20408   29    - -530.21498 -775.19366  46.2%  67.8  487s
   547   221 -744.10753   23    - -530.21498 -767.42394  44.7%  69.0  491s
   556   226 -557.11940   29    - -530.21498 -767.42394  44.7%  68.5  499s
   562   229 -736.71450   28    - -530.21498 -767.42394  44.7%  68.5  504s
   570   228 -625.15893   29    1 -530.21498 -767.42394  44.7%  69.3  506s
   577   233 -566.79999   30    - -530.21498 -767.42394  44.7%  69.5  514s
   583   228     cutoff   30      -530.21498 -748.86136  41.2%  69.7  520s
*  584   224              30    -549.2949854 -748.86136  36.3%  69.9  522s
   605   222 -634.96920   29    - -549.29499 -748.64817  36.3%  70.0  542s
   621   223     cutoff   30      -549.29499 -748.01643  36.2%  69.8  558s
   635   234 -744.90797   11    5 -549.29499 -747.54867  36.1%  69.7  570s
   646   238 -743.53997   13    6 -549.29499 -747.54867  36.1%  69.2  582s
   659   236 -739.73091   17    2 -549.29499 -747.52134  36.1%  68.7  594s
   666   244 -698.93169    9    - -549.29499 -746.89113  36.0%  68.4  608s
   675   242 -733.37650   18    2 -549.29499 -746.89113  36.0%  68.1  623s
   687   258 -730.03757   21    6 -549.29499 -746.89113  36.0%  67.6  636s
   697   259 -727.46011   24    6 -549.29499 -746.89113  36.0%  67.2  645s
   714   267 -722.34346   27    - -549.29499 -746.89113  36.0%  66.4  663s
   731   270 -697.09134   29    - -549.29499 -746.68347  35.9%  66.0  681s
   740   278 -653.26023   24    5 -549.29499 -746.68347  35.9%  65.8  688s
   749   278     cutoff   30      -549.29499 -746.46538  35.9%  65.6  698s
   762   278     cutoff   29      -549.29499 -745.99037  35.8%  66.1  714s
   773   288     cutoff   30      -549.29499 -745.57613  35.7%  65.7  726s
   782   281 -700.69008   14    2 -549.29499 -745.55077  35.7%  65.7  738s
   805   287 -700.89231   24    3 -549.29499 -745.40591  35.7%  64.9  762s
   830   300 -636.81075   29    - -549.29499 -745.37630  35.7%  64.4  792s
   845   311     cutoff   30      -549.29499 -745.37630  35.7%  64.1  806s
   853   314 -734.80556   21    4 -549.29499 -745.37630  35.7%  64.2  810s
   858   321 -590.27539   29    - -549.29499 -745.37630  35.7%  64.6  818s
   860   322 -727.88770   24    - -549.29499 -745.37630  35.7%  64.7  820s
   875   319 -649.61932   28    2 -549.29499 -745.36423  35.7%  64.9  839s
   886   314     cutoff   30      -549.29499 -745.14049  35.7%  65.6  846s
   902   322 -644.21938   29    1 -549.29499 -744.44899  35.5%  65.5  860s
   916   312 -699.97538   11    3 -549.29499 -744.43493  35.5%  65.6  877s
   940   333 -701.21737   15    - -549.29499 -744.11843  35.5%  64.9  906s
   949   326 -643.42609   23    4 -549.29499 -744.11843  35.5%  64.7  919s
   970   345 -638.45326   27    2 -549.29499 -744.11843  35.5%  64.4  942s
   983   352 -566.46168   28    - -549.29499 -744.11843  35.5%  64.3  963s
   988   355 -699.72969   20    3 -549.29499 -744.11843  35.5%  64.4  967s
  1003   364 -582.59856   29    - -549.29499 -743.94606  35.4%  64.0  984s
  1017   376 -563.39983   29    1 -549.29499 -743.93469  35.4%  63.8  990s
  1023   365     cutoff   30      -549.29499 -743.91192  35.4%  63.9 1000s
  1048   373 -691.63289   26    3 -549.29499 -743.90979  35.4%  63.5 1027s
  1058   379 -559.60999   30    - -549.29499 -743.76951  35.4%  63.8 1042s
  1072   391     cutoff   29      -549.29499 -743.59479  35.4%  63.7 1062s
  1090   375 -700.52009    6    2 -549.29499 -743.52675  35.4%  63.5 1083s
  1103   396 -581.34006   29    1 -549.29499 -743.52675  35.4%  63.4 1099s
  1109   396 -655.66334   17    2 -549.29499 -743.52675  35.4%  63.4 1105s
  1131   417 -633.08396   28    - -549.29499 -743.52675  35.4%  63.0 1126s
  1144   407 -580.45811   29    1 -549.29499 -743.13055  35.3%  63.0 1134s
  1159   419     cutoff   30      -549.29499 -743.08115  35.3%  63.3 1154s
  1173   421 -693.99408   18   11 -549.29499 -743.07339  35.3%  63.7 1168s
  1187   422 -693.35670   20    9 -549.29499 -743.07339  35.3%  63.6 1184s
  1204   429 -691.88821   22    7 -549.29499 -743.07339  35.3%  63.3 1203s
  1208   433 -697.29379   18    - -549.29499 -743.07339  35.3%  63.2 1205s
  1220   445 -682.39287   26    4 -549.29499 -743.07339  35.3%  63.1 1217s
  1226   444 -655.49512   29    1 -549.29499 -742.90184  35.2%  63.2 1222s
  1238   453 -669.05785   27    3 -549.29499 -742.90184  35.2%  63.5 1230s
  1245   439 -699.68458    5    - -549.29499 -742.84077  35.2%  63.7 1243s
  1276   437 -698.75811   11    2 -549.29499 -742.52562  35.2%  64.2 1283s
  1290   453 -736.80702   20    9 -549.29499 -742.25499  35.1%  64.4 1301s
  1307   464 -730.28955   23    7 -549.29499 -742.25499  35.1%  64.2 1318s
  1321   470 -720.20040   26    4 -549.29499 -742.25499  35.1%  64.3 1330s
  1335   474 -694.24588   28    1 -549.29499 -741.96053  35.1%  64.4 1342s
  1363   477     cutoff   30      -549.29499 -741.74971  35.0%  64.6 1368s
  1376   484 -655.44987   22    1 -549.29499 -741.74971  35.0%  64.8 1379s
  1387   488     cutoff   30      -549.29499 -741.70140  35.0%  64.7 1395s
  1409   501 -737.82939   17    5 -549.29499 -741.70140  35.0%  64.6 1420s
  1421   503 -734.69613   22    2 -549.29499 -741.62323  35.0%  64.6 1434s
  1450   499 -689.29026   23    - -549.29499 -741.58524  35.0%  64.5 1477s
  1470   513 -723.86744   25    2 -549.29499 -741.58524  35.0%  64.6 1500s
  1475   518 -690.47740   11    - -549.29499 -741.58524  35.0%  64.5 1509s
  1484   523 -720.19983   26    4 -549.29499 -741.58524  35.0%  64.5 1524s
  1501   529     cutoff   30      -549.29499 -741.38321  35.0%  64.3 1541s
  1512   536 -637.64854   24    2 -549.29499 -740.99089  34.9%  64.5 1553s
  1520   536 -649.99183   28    1 -549.29499 -740.99089  34.9%  64.4 1569s
  1544   534     cutoff   30      -549.29499 -740.87049  34.9%  64.5 1608s
  1579   538     cutoff   30      -549.29499 -740.58940  34.8%  64.2 1655s
  1614   554 -622.97295   29    - -549.29499 -740.28732  34.8%  64.0 1701s
  1632   568     cutoff   29      -549.29499 -740.10576  34.7%  64.1 1728s
  1648   574 -736.23454   13   10 -549.29499 -740.10167  34.7%  64.2 1750s
  1678   585 -730.20607   22    4 -549.29499 -740.10167  34.7%  63.5 1786s
  1686   592 -658.57594   20    2 -549.29499 -740.10167  34.7%  63.5 1792s
  1702   600 -680.34614   24    2 -549.29499 -740.10167  34.7%  63.4 1812s
  1719   600 -700.22284   29    - -549.29499 -739.93645  34.7%  63.4 1846s
  1754   605     cutoff   29      -549.29499 -739.23252  34.6%  63.1 1896s
  1770   614 -647.02397   20    4 -549.29499 -739.20680  34.6%  63.2 1919s
  1782   628     cutoff   29      -549.29499 -739.15597  34.6%  63.0 1933s
  1796   621 -682.02624   25    3 -549.29499 -739.04030  34.5%  62.9 1963s
  1814   632 -623.74239   28    - -549.29499 -738.54373  34.5%  62.7 1996s
  1822   641 -731.43792   17    3 -549.29499 -738.54373  34.5%  62.8 2008s
  1831   640 -570.83022   28    2 -549.29499 -738.19258  34.4%  62.7 2023s
  1840   649 -721.52877   23    5 -549.29499 -738.07967  34.4%  62.7 2033s
  1850   644 -554.64399   28    2 -549.29499 -738.05943  34.4%  62.7 2056s
  1871   640     cutoff   29      -549.29499 -737.85386  34.3%  62.5 2096s
  1911   646 -614.95077   29    - -549.29499 -737.10457  34.2%  62.2 2156s
  1932   657     cutoff   29      -549.29499 -736.71806  34.1%  62.6 2187s
  1952   658     cutoff   30      -549.29499 -736.62627  34.1%  62.6 2219s
  1967   660 -676.85662   26    - -549.29499 -736.25075  34.0%  62.6 2254s
  1992   665 -655.52874   26    - -549.29499 -735.83369  34.0%  62.5 2298s
  2010   673 -652.54278   26    4 -549.29499 -735.41505  33.9%  62.5 2330s
  2019   682 -691.91207   21    4 -549.29499 -735.41505  33.9%  62.5 2336s
  2033   692     cutoff   30      -549.29499 -735.32335  33.9%  62.4 2363s
  2042   697 -607.63613   27    - -549.29499 -735.16912  33.8%  62.4 2374s
  2052   694 -568.97362   28    2 -549.29499 -735.05122  33.8%  62.5 2395s
  2059   702 -603.85401   28    - -549.29499 -734.84719  33.8%  62.5 2403s
  2069   696     cutoff   29      -549.29499 -734.76661  33.8%  62.5 2430s
  2103   707 -629.76280   26    2 -549.29499 -734.41537  33.7%  62.2 2476s
  2117   726     cutoff   28      -549.29499 -734.16471  33.7%  62.2 2493s
  2121   716 -668.46238   27    - -549.29499 -734.13070  33.6%  62.2 2509s
  2133   733 -725.81363   23    7 -549.29499 -734.13070  33.6%  62.2 2528s
  2135   725 -554.80713   28    - -549.29499 -734.13070  33.6%  62.4 2542s
  2145   730     cutoff   29      -549.29499 -734.05626  33.6%  62.6 2559s
  2154   735 -647.11747   29    1 -549.29499 -733.63099  33.6%  62.6 2570s
  2170   723     cutoff   28      -549.29499 -733.53943  33.5%  62.7 2595s
  2192   737     cutoff   30      -549.29499 -733.04011  33.5%  62.6 2615s
  2209   725     cutoff   30      -549.29499 -732.98003  33.4%  62.8 2646s
  2237   748     cutoff   30      -549.29499 -732.79344  33.4%  62.6 2676s
  2251   734     cutoff   30      -549.29499 -732.67565  33.4%  62.5 2704s
  2285   741     cutoff   30      -549.29499 -731.65624  33.2%  62.5 2763s
  2298   759     cutoff   29      -549.29499 -730.65027  33.0%  62.4 2776s
  2329   760 -670.42759   24    6 -549.29499 -730.65027  33.0%  62.3 2822s
  2340   781 -661.25991   27    3 -549.29499 -730.50473  33.0%  62.3 2843s
  2350   788 -722.93153   22    6 -549.29499 -730.50473  33.0%  62.4 2850s
  2356   783     cutoff   30      -549.29499 -730.34598  33.0%  62.4 2866s
  2368   791 -695.71641   28    - -549.29499 -729.96920  32.9%  62.3 2883s
  2380   782 -582.74710   28    2 -549.29499 -729.92665  32.9%  62.5 2912s
  2396   797     cutoff   30      -549.29499 -729.64592  32.8%  62.4 2927s
  2409   792     cutoff   30      -549.29499 -729.58534  32.8%  62.7 2954s
  2421   802 -654.29090   24    2 -549.29499 -729.28263  32.8%  62.8 2963s
  2449   800     cutoff   30      -549.29499 -729.19919  32.8%  62.7 3011s
  2491   808     cutoff   30      -549.29499 -728.47699  32.6%  62.6 3062s
  2509   825     cutoff   30      -549.29499 -728.20813  32.6%  62.6 3081s
  2520   814 -598.55145   29    1 -549.29499 -728.02561  32.5%  62.7 3109s
  2546   824 -589.10301   29    - -549.29499 -727.42201  32.4%  62.9 3164s
  2562   836 -677.83732   26    3 -549.29499 -726.75023  32.3%  62.9 3174s
  2576   840     cutoff   29      -549.29499 -726.69281  32.3%  62.9 3207s
  2598   846 -713.57528   23    5 -549.29499 -726.43523  32.2%  62.8 3239s
  2606   853     cutoff   29      -549.29499 -726.43523  32.2%  62.9 3244s
  2621   845 -691.85744   29    - -549.29499 -726.17111  32.2%  62.9 3288s
  2643   860 -642.21127   28    1 -549.29499 -723.85074  31.8%  62.8 3312s
  2655   850     cutoff   29      -549.29499 -723.75371  31.8%  62.9 3347s
  2682   860 -580.50493   29    1 -549.29499 -722.72169  31.6%  63.2 3403s
  2707   869     cutoff   30      -549.29499 -722.46501  31.5%  63.3 3440s
  2731   872 -671.85190   27    3 -549.29499 -722.26759  31.5%  63.6 3478s
  2752   872     cutoff   30      -549.29499 -721.49519  31.3%  63.7 3519s
  2769   884 -588.65626   29    - -549.29499 -721.17394  31.3%  63.8 3540s
  2779   884 -714.55573   25    5 -549.29499 -721.17394  31.3%  63.8 3572s
  2803   894 -643.72034   28    1 -549.29499 -719.82319  31.0%  64.0 3601s
  2822   910 -637.46941   28    1 -549.29499 -718.38446  30.8%  64.2 3611s
  2838   905     cutoff   30      -549.29499 -718.26239  30.8%  64.4 3643s
  2860   905     cutoff   30      -549.29499 -718.11412  30.7%  64.8 3677s
  2890   907     cutoff   30      -549.29499 -715.02531  30.2%  64.9 3723s
  2910   920     cutoff   30      -549.29499 -715.02531  30.2%  64.9 3740s
  2918   914     cutoff   30      -549.29499 -713.32378  29.9%  65.0 3766s
  2934   927 -697.88706   27    1 -549.29499 -708.10355  28.9%  65.2 3778s
  2946   925 -553.57499   30    - -549.29499 -707.89602  28.9%  65.5 3814s
  2964   937 -674.51213   26    - -549.29499 -707.05754  28.7%  65.7 3829s
  2970   931     cutoff   30      -549.29499 -705.94579  28.5%  65.8 3853s
  2985   941     cutoff   30      -549.29499 -705.67296  28.5%  66.1 3861s
  2997   919     cutoff   30      -549.29499 -705.58953  28.5%  66.3 3920s
  3074   910     cutoff   30      -549.29499 -704.82378  28.3%  65.8 4060s
  3148   930     cutoff   30      -549.29499 -704.80925  28.3%  65.2 4185s
  3186   971     cutoff   30      -549.29499 -703.55463  28.1%  64.9 4231s
  3227   958     cutoff   30      -549.29499 -703.40024  28.1%  64.5 4342s
  3309  1001 -658.29056    5    - -549.29499 -702.07371  27.8%  63.6 4468s
  3353  1041 -641.75364   29    1 -549.29499 -701.51035  27.7%  63.3 4561s
  3392  1073 -617.20288   28    - -549.29499 -701.17733  27.7%  63.1 4605s
  3401  1043     cutoff   30      -549.29499 -701.10084  27.6%  63.3 4665s
  3444  1085 -575.20288   28    - -549.29499 -700.92008  27.6%  63.1 4715s
  3482  1057     cutoff   30      -549.29499 -700.92008  27.6%  62.7 4810s
  3516  1096     cutoff   28      -549.29499 -700.92008  27.6%  62.5 4854s
  3539  1094 -649.15367   26    1 -549.29499 -700.64880  27.6%  62.4 4934s
  3567  1128 -634.66490   28    - -549.29499 -700.37048  27.5%  62.3 4971s
  3600  1121 -583.26970   28    - -549.29499 -700.37048  27.5%  62.1 5046s
  3608  1141 -570.72847   28    2 -549.29499 -700.37048  27.5%  62.3 5053s
  3620  1143 -576.23873   29    1 -549.29499 -700.31980  27.5%  62.3 5099s
  3640  1157     cutoff   30      -549.29499 -700.18600  27.5%  62.3 5117s
  3655  1143     cutoff   30      -549.29499 -700.16106  27.5%  62.4 5184s
  3687  1164 -634.79477   28    - -549.29499 -700.13506  27.5%  62.2 5217s
  3727  1131 -693.68649   20    2 -549.29499 -700.02791  27.4%  62.0 5324s
  3797  1169 -561.00195   29    1 -549.29499 -699.63095  27.4%  61.7 5469s
  3825  1206 -567.28420   29    1 -549.29499 -699.63095  27.4%  61.7 5500s
  3853  1205     cutoff   30      -549.29499 -699.35962  27.3%  61.8 5579s
  3895  1216 -641.06374   28    - -549.29499 -698.99135  27.3%  61.9 5674s
  3966  1217     cutoff   30      -549.29499 -698.87270  27.2%  61.6 5814s
  4027  1238     cutoff   29      -549.29499 -698.70744  27.2%  61.4 5966s
  4110  1271 -580.97295   29    - -549.29499 -698.36920  27.1%  61.2 6141s
  4169  1321 -592.77853   29    - -549.29499 -698.27743  27.1%  61.0 6193s
  4218  1309 -636.68851   29    - -549.29499 -698.27429  27.1%  60.8 6305s
  4275  1357     cutoff   30      -549.29499 -698.20222  27.1%  60.9 6404s
  4316  1393     cutoff   30      -549.29499 -698.20222  27.1%  60.7 6453s
  4326  1379 -584.09607   28    - -549.29499 -698.15432  27.1%  60.8 6515s
  4370  1389 -584.18590   28    - -549.29499 -697.95262  27.1%  60.9 6631s
  4416  1401     cutoff   29      -549.29499 -697.82665  27.0%  61.0 6752s
  4499  1426 -606.55008   27    1 -549.29499 -697.73196  27.0%  60.8 6920s
  4532  1464 -575.95498   29    - -549.29499 -697.73196  27.0%  60.8 6964s
  4564  1437 -694.92456   12    - -549.29499 -697.57646  27.0%  60.8 7064s
  4595  1482     cutoff   29      -549.29499 -697.34639  27.0%  60.8 7113s

Cutting planes:
  MIR: 207
  Lazy constraints: 889600

Explored 4658 nodes (286030 simplex iterations) in 7193.66 seconds
Thread count was 4 (of 4 available processors)

Solution count 4: -549.295 -530.215 -511.645 -486.685 

Time limit reached
Best objective -5.492949854424e+02, best bound -6.973463857414e+02, gap 26.9530%
