
Gurobi 9.0.3 (win64) logging started Sun Jan  2 05:41:00 2022

Changed value of parameter LogFile to Results/sslp2_30_70_50_var_BendersBnC.log
   Prev:   Default: 
Changed value of parameter Heuristics to 0.0
   Prev: 0.05  Min: 0.0  Max: 1.0  Default: 0.05
Changed value of parameter lazyConstraints to 1
   Prev: 0  Min: 0  Max: 1  Default: 0
Changed value of parameter timeLimit to 7191.419476270676
   Prev: inf  Min: 0.0  Max: inf  Default: inf
Gurobi Optimizer version 9.0.3 build v9.0.3rc0 (win64)
Optimize a model with 870 rows, 110 columns and 33890 nonzeros
Model fingerprint: 0x0fa79a3e
Variable types: 80 continuous, 30 integer (30 binary)
Coefficient statistics:
  Matrix range     [1e-13, 7e+05]
  Objective range  [2e-02, 4e+01]
  Bounds range     [1e+00, 1e+00]
  RHS range        [4e-15, 3e+04]
Warning: Model contains large matrix coefficient range
         Consider reformulating model or setting NumericFocus parameter
         to avoid numerical issues.
Presolve added 0 rows and 3 columns
Presolve removed 207 rows and 0 columns
Presolve time: 0.04s
Presolved: 663 rows, 113 columns, 16369 nonzeros
Variable types: 82 continuous, 31 integer (30 binary)

Root relaxation: objective -8.016012e+02, 244 iterations, 0.02 seconds

    Nodes    |    Current Node    |     Objective Bounds      |     Work
 Expl Unexpl |  Obj  Depth IntInf | Incumbent    BestBd   Gap | It/Node Time

     0     0 -801.60123    0   26          - -801.60123      -     -    0s
     0     0 -798.94061    0   22          - -798.94061      -     -    0s
     0     0 -798.70615    0   19          - -798.70615      -     -    0s
     0     0 -798.70382    0   19          - -798.70382      -     -    0s
     0     0 -797.49883    0   23          - -797.49883      -     -    0s
     0     0 -797.18114    0   21          - -797.18114      -     -    0s
     0     0 -796.75028    0   15          - -796.75028      -     -    0s
     0     0 -796.44947    0   18          - -796.44947      -     -    0s
     0     0 -796.35197    0   20          - -796.35197      -     -    0s
     0     0 -796.34262    0   19          - -796.34262      -     -    0s
     0     0 -796.32142    0   19          - -796.32142      -     -    0s
     0     0 -796.30641    0   19          - -796.30641      -     -    0s
     0     0 -796.30216    0   19          - -796.30216      -     -    0s
     0     0 -796.29673    0   18          - -796.29673      -     -    0s
     0     0 -796.28826    0   20          - -796.28826      -     -    0s
     0     0 -796.28576    0   21          - -796.28576      -     -    0s
     0     0 -796.28356    0   21          - -796.28356      -     -    0s
     0     0 -796.28317    0   20          - -796.28317      -     -    0s
     0     0 -795.22025    0   17          - -795.22025      -     -    0s
     0     0 -794.98755    0   19          - -794.98755      -     -    0s
     0     0 -794.95537    0   20          - -794.95537      -     -    0s
     0     0 -794.88314    0   21          - -794.88314      -     -    0s
     0     0 -794.83918    0   20          - -794.83918      -     -    0s
     0     0 -794.83532    0   19          - -794.83532      -     -    0s
     0     0 -794.83068    0   20          - -794.83068      -     -    0s
     0     0 -794.82852    0   22          - -794.82852      -     -    0s
     0     0 -794.82843    0   22          - -794.82843      -     -    0s
     0     0 -794.62610    0   17          - -794.62610      -     -    0s
     0     0 -794.47504    0   22          - -794.47504      -     -    0s
     0     0 -794.43691    0   23          - -794.43691      -     -    0s
     0     0 -794.39811    0   21          - -794.39811      -     -    0s
     0     0 -794.38741    0   23          - -794.38741      -     -    0s
     0     0 -794.35417    0   23          - -794.35417      -     -    0s
     0     0 -794.34457    0   22          - -794.34457      -     -    0s
     0     0 -794.33932    0   23          - -794.33932      -     -    0s
     0     0 -794.33866    0   23          - -794.33866      -     -    0s
     0     0 -794.15666    0   20          - -794.15666      -     -    0s
     0     0 -794.14009    0   20          - -794.14009      -     -    0s
     0     0 -794.12861    0   20          - -794.12861      -     -    0s
     0     0 -794.12063    0   20          - -794.12063      -     -    0s
     0     0 -794.11673    0   21          - -794.11673      -     -    0s
     0     0 -794.11667    0   21          - -794.11667      -     -    0s
     0     0 -794.03926    0   20          - -794.03926      -     -    0s
     0     0 -794.02282    0   19          - -794.02282      -     -    0s
     0     0 -794.00592    0   21          - -794.00592      -     -    1s
     0     0 -793.99449    0   21          - -793.99449      -     -    1s
     0     0 -793.98635    0   21          - -793.98635      -     -    1s
     0     0 -793.98591    0   21          - -793.98591      -     -    1s
     0     0 -793.94218    0   20          - -793.94218      -     -    1s
     0     0 -793.93061    0   21          - -793.93061      -     -    1s
     0     0 -793.92173    0   21          - -793.92173      -     -    1s
     0     0 -793.92099    0   21          - -793.92099      -     -    1s
     0     0 -793.90579    0   22          - -793.90579      -     -    1s
     0     0 -793.89565    0   21          - -793.89565      -     -    1s
     0     0 -793.88716    0   22          - -793.88716      -     -    1s
     0     0 -793.88417    0   23          - -793.88417      -     -    1s
     0     0 -793.88272    0   23          - -793.88272      -     -    1s
     0     0 -793.86980    0   22          - -793.86980      -     -    1s
     0     0 -793.85492    0   21          - -793.85492      -     -    1s
     0     0 -793.85144    0   24          - -793.85144      -     -    1s
     0     0 -793.84775    0   21          - -793.84775      -     -    1s
     0     0 -793.84505    0   21          - -793.84505      -     -    1s
     0     0 -793.83968    0   19          - -793.83968      -     -    1s
     0     0 -793.83431    0   20          - -793.83431      -     -    1s
     0     0 -793.83291    0   20          - -793.83291      -     -    1s
     0     0 -793.75370    0   22          - -793.75370      -     -    1s
     0     0 -793.70394    0   22          - -793.70394      -     -    1s
     0     0 -793.68171    0   23          - -793.68171      -     -    1s
     0     0 -793.67232    0   24          - -793.67232      -     -    1s
     0     0 -793.66854    0   24          - -793.66854      -     -    1s
     0     0 -793.66633    0   25          - -793.66633      -     -    1s
     0     0 -793.62857    0   20          - -793.62857      -     -    1s
     0     0 -793.61267    0   20          - -793.61267      -     -    1s
     0     0 -793.60693    0   19          - -793.60693      -     -    1s
     0     0 -793.60385    0   21          - -793.60385      -     -    1s
     0     0 -793.60110    0   21          - -793.60110      -     -    1s
     0     0 -793.60057    0   22          - -793.60057      -     -    1s
     0     0 -793.58580    0   21          - -793.58580      -     -    1s
     0     0 -793.57945    0   20          - -793.57945      -     -    1s
     0     0 -793.57308    0   21          - -793.57308      -     -    1s
     0     0 -793.56779    0   24          - -793.56779      -     -    1s
     0     0 -793.56456    0   23          - -793.56456      -     -    1s
     0     0 -793.56415    0   25          - -793.56415      -     -    1s
     0     0 -793.55779    0   21          - -793.55779      -     -    1s
     0     0 -793.55715    0   23          - -793.55715      -     -    1s
     0     0 -793.54858    0   23          - -793.54858      -     -    1s
     0     0 -793.54858    0   23          - -793.54858      -     -    1s
     0     2 -793.54858    0   23          - -793.54858      -     -    1s
*   68    61              30    20299.679546 -793.41223   104%  29.3    4s
*   69    61              30    -423.8999901 -793.41223  87.2%  28.9    4s
*   77    62              30    -517.5799872 -793.41223  53.3%  29.7    5s
*   83    64              30    -525.0599869 -793.41223  51.1%  29.8    6s
   141   106     cutoff   30      -525.05999 -793.35361  51.1%  27.2   10s
*  145   106              30    -529.7199867 -793.35361  49.8%  27.2   10s
*  164   112              30    -536.9799858 -793.35361  47.7%  27.8   13s
*  165   112              30    -537.0399856 -793.35361  47.7%  28.0   13s
*  176   121              30    -538.7399849 -793.35361  47.3%  28.0   14s
   205   146     cutoff   30      -538.73998 -793.35361  47.3%  28.0   15s
*  223   150              30    -547.9999855 -793.04600  44.7%  28.2   17s
   262   165 -744.52052   30    - -547.99999 -792.93201  44.7%  28.1   20s
   314   192 -735.89441   29    2 -547.99999 -792.07751  44.5%  27.7   25s
*  335   196              30    -553.8199852 -791.82202  43.0%  28.3   27s
*  338   196              30    -562.7599850 -791.82202  40.7%  28.3   27s
   377   213 -743.96020   29    2 -562.75998 -791.34606  40.6%  27.6   32s
   396   210 -714.77858   29    - -562.75998 -791.03760  40.6%  27.4   35s
*  401   213              30    -578.8199855 -790.97253  36.7%  27.7   36s
*  402   213              30    -589.2199853 -790.97253  34.2%  27.7   36s
*  412   214              30    -594.1999846 -790.91460  33.1%  28.0   38s
   436   238 -762.76893   18    3 -594.19998 -790.89673  33.1%  27.6   40s
*  453   242              30    -605.2399839 -790.89673  30.7%  27.2   42s
   477   251 -696.54803   29    2 -605.23998 -790.76013  30.7%  26.7   45s
   538   277 -784.97063   29    2 -605.23998 -790.44967  30.6%  26.0   50s
   574   296 -783.25655    6    2 -605.23998 -790.40967  30.6%  25.8   55s
   633   317     cutoff   30      -605.23998 -790.31159  30.6%  25.0   61s
   663   323 -762.02621   11    - -605.23998 -790.22247  30.6%  25.2   65s
   694   348 -761.97626   15    2 -605.23998 -790.22247  30.6%  25.2   70s
   737   370 -733.42741   20    - -605.23998 -790.22247  30.6%  24.4   76s
   769   377 -761.97111   24    2 -605.23998 -790.22247  30.6%  24.1   80s
   798   393 -784.26344   12    6 -605.23998 -790.12397  30.5%  23.9   85s
   837   404     cutoff   30      -605.23998 -790.11482  30.5%  23.5   90s
   907   440 -777.52306   28    2 -605.23998 -789.98239  30.5%  23.3   95s
   943   442 -784.04964    8    2 -605.23998 -789.88315  30.5%  23.5  100s
   970   460 -764.04238   12    2 -605.23998 -789.88315  30.5%  23.6  106s
   996   478 -739.27963   15    2 -605.23998 -789.88315  30.5%  23.6  110s
  1023   496 -760.72029   18    4 -605.23998 -789.88315  30.5%  23.3  115s
  1062   509 -650.91900   24    - -605.23998 -789.88315  30.5%  22.9  122s
  1088   515     cutoff   30      -605.23998 -789.88169  30.5%  22.6  127s
  1152   547     cutoff   30      -605.23998 -789.62152  30.5%  22.3  132s
  1188   554     cutoff   30      -605.23998 -789.52730  30.4%  22.4  136s
  1241   577     cutoff   30      -605.23998 -789.46646  30.4%  22.3  140s
  1278   591     cutoff   30      -605.23998 -789.34706  30.4%  22.5  147s
  1312   610 -730.60318   21    2 -605.23998 -789.34706  30.4%  22.2  151s
* 1347   615              30    -622.0799836 -789.24663  26.9%  22.1  156s
  1412   649 -750.27779   28    2 -622.07998 -789.12560  26.9%  21.9  162s
  1440   672 -782.82024   17    2 -622.07998 -788.97566  26.8%  21.8  166s
  1475   674     cutoff   30      -622.07998 -788.95432  26.8%  21.6  170s
  1512   696     cutoff   30      -622.07998 -788.86868  26.8%  21.6  175s
  1558   708     cutoff   30      -622.07998 -788.78563  26.8%  21.5  181s
  1597   725 -786.11423   12    6 -622.07998 -788.73783  26.8%  21.5  185s
  1647   744     cutoff   30      -622.07998 -788.59661  26.8%  21.4  190s
  1725   780     cutoff   30      -622.07998 -788.45292  26.7%  21.4  197s
  1746   784 -757.97771   19    - -622.07998 -788.41966  26.7%  21.5  201s
  1782   814 -781.52098   11    2 -622.07998 -788.41966  26.7%  21.4  207s
  1819   833 -656.23079   29    2 -622.07998 -788.34064  26.7%  21.3  210s
  1870   860 -781.89687   26    2 -622.07998 -788.28607  26.7%  21.2  216s
  1900   870 -705.45796   27    2 -622.07998 -788.22435  26.7%  21.1  220s
  1944   885     cutoff   30      -622.07998 -788.19436  26.7%  21.0  227s
  1985   912     cutoff   30      -622.07998 -788.10751  26.7%  20.9  232s
  2011   944 -781.86250   14    4 -622.07998 -788.02963  26.7%  20.9  236s
  2059   963 -751.25668   29    2 -622.07998 -787.98751  26.7%  20.7  240s
  2126   974     cutoff   30      -622.07998 -787.91035  26.7%  20.6  248s
  2157   988 -782.74957   16    3 -622.07998 -787.90553  26.7%  20.7  254s
  2169   992 -653.53516   29    2 -622.07998 -787.90553  26.7%  20.7  255s
  2237  1023     cutoff   30      -622.07998 -787.76236  26.6%  20.5  265s
  2275  1035     cutoff   30      -622.07998 -787.73083  26.6%  20.6  271s
  2333  1069 -728.67775   30    - -622.07998 -787.58240  26.6%  20.6  277s
  2370  1076     cutoff   30      -622.07998 -787.43010  26.6%  20.5  283s
  2401  1101     cutoff   30      -622.07998 -787.36529  26.6%  20.5  288s
  2452  1116     cutoff   30      -622.07998 -787.30458  26.6%  20.4  293s
  2495  1156     cutoff   30      -622.07998 -787.11846  26.5%  20.4  300s
  2547  1163 -783.75274   10   23 -622.07998 -787.08918  26.5%  20.2  310s
  2549  1164 -714.25291   26   26 -622.07998 -787.08918  26.5%  20.2  333s
  2550  1165 -781.58527   17   23 -622.07998 -787.08918  26.5%  20.2  342s
  2552  1166 -781.51992   15   18 -622.07998 -787.08918  26.5%  20.2  345s
  2556  1169 -781.34871   19   19 -622.07998 -787.08918  26.5%  20.1  351s
  2557  1170 -782.56492   15   21 -622.07998 -787.08918  26.5%  20.1  355s
  2561  1172 -762.03290   23   23 -622.07998 -787.08918  26.5%  20.1  362s
  2563  1174 -776.09684   20   20 -622.07998 -787.08918  26.5%  20.1  365s
  2565  1175 -785.53183   26   20 -622.07998 -787.08918  26.5%  20.1  371s
  2567  1176 -781.78953   25   22 -622.07998 -787.08918  26.5%  20.0  375s
  2569  1178 -781.22219   25   22 -622.07998 -787.08918  26.5%  20.0  381s
  2571  1179 -644.81150   30   17 -622.07998 -787.08918  26.5%  20.0  386s
  2573  1180 -755.86179   26   19 -622.07998 -787.08918  26.5%  20.0  392s
  2574  1181 -767.88421   25   21 -622.07998 -787.08918  26.5%  20.0  395s
  2577  1183 -781.93218   23   17 -622.07998 -787.08918  26.5%  20.0  401s
  2578  1184 -775.14226   21   21 -622.07998 -787.08918  26.5%  20.0  410s
  2581  1189 -787.08918   14   21 -622.07998 -787.08918  26.5%  20.7  426s
  2583  1190 -787.08918   15   18 -622.07998 -787.08918  26.5%  20.8  435s
  2585  1189 -787.08918   15   17 -622.07998 -787.08918  26.5%  20.9  441s
  2587  1191 -787.08918   16   13 -622.07998 -787.08918  26.5%  20.9  446s
  2591  1190 -787.08918   17   17 -622.07998 -787.08918  26.5%  21.0  450s
  2597  1190 -787.08918   18   14 -622.07998 -787.08918  26.5%  21.1  455s
  2610  1196     cutoff   21      -622.07998 -787.08918  26.5%  21.2  460s
  2628  1199     cutoff   24      -622.07998 -787.08918  26.5%  21.5  465s
  2657  1195 -787.08918   28   13 -622.07998 -787.08918  26.5%  21.7  471s
  2680  1197     cutoff   31      -622.07998 -787.08918  26.5%  21.8  476s
  2706  1198 -787.08918   34    7 -622.07998 -787.08918  26.5%  21.8  482s
  2721  1200 -787.08918   36    6 -622.07998 -787.08918  26.5%  21.9  485s
  2749  1192 -778.52356   18    2 -622.07998 -787.08918  26.5%  22.3  490s
  2768  1200 -742.83403   22    - -622.07998 -787.08918  26.5%  22.4  495s
  2803  1209 -744.76101   25    4 -622.07998 -787.08918  26.5%  22.6  501s
  2815  1215 -765.48183   28    2 -622.07998 -787.08918  26.5%  22.7  505s
  2836  1223 -764.49497   36    - -622.07998 -787.08918  26.5%  22.8  510s
  2874  1224 -753.97363   44    2 -622.07998 -787.08918  26.5%  22.7  517s
* 2884  1163              32    -624.0199837 -787.08918  26.1%  22.7  518s
  2893  1180     cutoff   45      -624.01998 -787.08918  26.1%  22.8  522s
* 2912  1117              46    -631.1599829 -787.08918  24.7%  22.8  523s
  2924  1122     cutoff   46      -631.15998 -787.08918  24.7%  22.8  527s
  2940  1126 -784.83894   27    7 -631.15998 -787.08918  24.7%  22.9  530s
  2967  1129 -757.20929   35    2 -631.15998 -787.08918  24.7%  22.9  536s
  3001  1129     cutoff   45      -631.15998 -787.08918  24.7%  23.0  541s
  3032  1140 -725.99812   44    2 -631.15998 -787.08918  24.7%  23.0  548s
  3057  1141 -763.75432   27    3 -631.15998 -787.08918  24.7%  23.1  553s
  3091  1150     cutoff   29      -631.15998 -787.08918  24.7%  23.1  561s
  3112  1156 -783.99921   31    4 -631.15998 -787.08918  24.7%  23.2  566s
  3139  1160 -772.40485   36    3 -631.15998 -787.08918  24.7%  23.4  570s
  3176  1173 -744.83536   44    2 -631.15998 -787.08918  24.7%  23.5  576s
  3210  1179 -761.34166   42    3 -631.15998 -787.08918  24.7%  23.6  580s
  3264  1193     cutoff   45      -631.15998 -787.08918  24.7%  23.6  587s
  3313  1186     cutoff   46      -631.15998 -786.62158  24.6%  23.7  593s
  3335  1186 -780.97046   23    2 -631.15998 -786.58415  24.6%  23.8  598s
  3363  1199 -765.91621   26    3 -631.15998 -786.46836  24.6%  23.9  605s
  3404  1215 -741.28319   35    2 -631.15998 -786.40321  24.6%  23.9  613s
  3424  1213 -763.60328   34    4 -631.15998 -786.39736  24.6%  23.9  615s
  3441  1212 -736.73745   45    2 -631.15998 -786.36868  24.6%  24.0  620s
  3463  1222     cutoff   46      -631.15998 -786.24808  24.6%  24.1  627s
  3508  1232 -702.98878   46    2 -631.15998 -786.13573  24.6%  24.3  635s
  3541  1231 -765.66046   34    2 -631.15998 -785.98632  24.5%  24.4  643s
  3584  1256     cutoff   45      -631.15998 -785.80491  24.5%  24.5  653s
  3656  1264     cutoff   46      -631.15998 -785.68701  24.5%  24.5  664s
  3690  1265 -729.39915   45    2 -631.15998 -785.57206  24.5%  24.5  669s
  3727  1295 -701.21863   46    2 -631.15998 -785.53038  24.5%  24.4  676s
  3792  1285     cutoff   47      -631.15998 -785.39145  24.4%  24.4  683s
  3834  1286 -693.42058   46    2 -631.15998 -785.22278  24.4%  24.3  689s
  3855  1294 -762.98816   39    2 -631.15998 -785.18654  24.4%  24.4  698s
  3870  1293     cutoff   47      -631.15998 -785.18175  24.4%  24.5  700s
  3893  1300 -753.49568   44    2 -631.15998 -785.13816  24.4%  24.5  707s
  3946  1310     cutoff   45      -631.15998 -784.99884  24.4%  24.6  718s
  4018  1313     cutoff   45      -631.15998 -784.96144  24.4%  24.6  733s
  4041  1313     cutoff   45      -631.15998 -784.94720  24.4%  24.7  736s
  4067  1326 -730.08934   44    2 -631.15998 -784.90514  24.4%  24.7  745s
  4096  1330 -721.41781   45    2 -631.15998 -784.87645  24.4%  24.7  750s
  4116  1341 -720.59406   45    2 -631.15998 -784.87164  24.4%  24.8  756s
  4181  1331     cutoff   34      -631.15998 -784.70166  24.3%  24.9  769s
  4251  1357 -762.98101   35    2 -631.15998 -784.53212  24.3%  25.1  786s
  4287  1357 -733.22997   45    2 -631.15998 -784.47278  24.3%  25.2  791s
  4338  1366 -760.28994   37    4 -631.15998 -784.44153  24.3%  25.2  801s
  4415  1373 -754.11139   43    2 -631.15998 -784.35795  24.3%  25.3  817s
  4475  1390     cutoff   45      -631.15998 -784.31429  24.3%  25.4  833s
  4550  1408     cutoff   45      -631.15998 -784.25140  24.3%  25.4  847s
  4629  1420     cutoff   44      -631.15998 -784.10558  24.2%  25.5  861s
  4718  1412 -754.74143   44    2 -631.15998 -783.99015  24.2%  25.5  879s
  4774  1414     cutoff   46      -631.15998 -783.80871  24.2%  25.5  886s
  4827  1425     cutoff   45      -631.15998 -783.80140  24.2%  25.5  903s
* 4831  1367              45    -634.2599836 -783.80140  23.6%  25.5  904s
  4940  1374 -763.16311   37    2 -634.25998 -783.65285  23.6%  25.6  924s
  4996  1375     cutoff   45      -634.25998 -783.59915  23.5%  25.5  930s
  5050  1379 -745.79210   44    2 -634.25998 -783.33000  23.5%  25.5  943s
  5104  1379     cutoff   44      -634.25998 -783.15818  23.5%  25.5  950s
  5173  1383     cutoff   45      -634.25998 -783.05062  23.5%  25.5  967s
  5302  1381 -729.76653   45    2 -634.25998 -782.58248  23.4%  25.5  991s
  5356  1381 -727.59237   45    2 -634.25998 -782.46640  23.4%  25.5  998s
  5428  1401     cutoff   46      -634.25998 -782.40759  23.4%  25.5 1015s
  5547  1397     cutoff   47      -634.25998 -781.85798  23.3%  25.6 1037s
  5641  1425 -637.09998   44    - -634.25998 -781.51069  23.2%  25.6 1059s
  5767  1484     cutoff   45      -634.25998 -781.30348  23.2%  25.6 1082s
  5901  1542     cutoff   46      -634.25998 -780.89338  23.1%  25.6 1106s
  6009  1577     cutoff   45      -634.25998 -780.70347  23.1%  25.6 1128s
  6133  1614 -745.19074   44    2 -634.25998 -780.35929  23.0%  25.6 1157s
  6241  1668     cutoff   45      -634.25998 -779.99094  23.0%  25.7 1184s
  6380  1705     cutoff   46      -634.25998 -779.76558  22.9%  25.6 1214s
  6452  1721     cutoff   45      -634.25998 -779.62935  22.9%  25.7 1220s
  6488  1717     cutoff   45      -634.25998 -779.54402  22.9%  25.7 1237s
  6609  1759     cutoff   45      -634.25998 -778.42625  22.7%  25.8 1265s
  6748  1817     cutoff   46      -634.25998 -778.22404  22.7%  25.8 1292s
  6923  1850 -751.04408   37    2 -634.25998 -777.30801  22.6%  25.7 1318s
  6965  1856 -718.05572   45    2 -634.25998 -776.51912  22.4%  25.8 1320s
  7036  1830     cutoff   45      -634.25998 -776.49537  22.4%  25.8 1341s
  7112  1846     cutoff   46      -634.25998 -775.63813  22.3%  25.8 1347s
  7177  1843     cutoff   45      -634.25998 -774.81149  22.2%  25.9 1370s
  7261  1875 -682.60099   46    2 -634.25998 -773.70650  22.0%  25.9 1381s
  7326  1882     cutoff   46      -634.25998 -773.63011  22.0%  25.9 1405s
  7385  1899     cutoff   47      -634.25998 -772.30685  21.8%  26.0 1410s
  7461  1908     cutoff   45      -634.25998 -772.29696  21.8%  26.0 1438s
  7609  1977 -709.35243   45    2 -634.25998 -771.06246  21.6%  26.0 1475s
  7697  2003     cutoff   44      -634.25998 -769.34517  21.3%  26.0 1483s
  7764  2028     cutoff   46      -634.25998 -769.31515  21.3%  26.0 1509s
  7825  2047 -760.49897   33    2 -634.25998 -767.03549  20.9%  26.0 1515s
  7893  2083     cutoff   45      -634.25998 -766.66021  20.9%  26.0 1546s
  7961  2107     cutoff   44      -634.25998 -765.93458  20.8%  26.0 1554s
  8061  2144 -689.10731   46    2 -634.25998 -765.86490  20.7%  26.0 1587s
  8113  2168     cutoff   46      -634.25998 -765.73024  20.7%  26.0 1595s
  8166  2217     cutoff   47      -634.25998 -765.71527  20.7%  26.0 1625s
  8291  2263     cutoff   44      -634.25998 -765.59460  20.7%  26.0 1661s
  8399  2305 -741.10322   30    2 -634.25998 -765.56173  20.7%  26.0 1698s
  8469  2332 -642.35998   36    - -634.25998 -765.54380  20.7%  26.0 1706s
  8519  2348     cutoff   47      -634.25998 -765.54377  20.7%  26.0 1732s
  8615  2392     cutoff   45      -634.25998 -765.45778  20.7%  26.1 1765s
  8663  2408     cutoff   47      -634.25998 -765.09668  20.6%  26.1 1771s
  8717  2443 -763.94080   39    6 -634.25998 -765.09592  20.6%  26.1 1802s
  8773  2462 -762.47892   31    2 -634.25998 -764.98946  20.6%  26.1 1809s
  8838  2494 -739.79556   36    3 -634.25998 -764.97592  20.6%  26.1 1840s
  8896  2514     cutoff   45      -634.25998 -764.96759  20.6%  26.1 1846s
  8969  2544 -728.08965   45    2 -634.25998 -764.86327  20.6%  26.1 1884s
  9033  2572     cutoff   46      -634.25998 -764.78127  20.6%  26.1 1893s
  9098  2596     cutoff   46      -634.25998 -764.78109  20.6%  26.1 1929s
  9169  2625 -724.83241   45    2 -634.25998 -764.74648  20.6%  26.1 1938s
  9227  2648     cutoff   45      -634.25998 -764.71834  20.6%  26.1 1975s
  9300  2680     cutoff   46      -634.25998 -764.56959  20.5%  26.0 1985s
  9344  2718 -734.66403   45    2 -634.25998 -764.56379  20.5%  26.1 2020s
  9427  2751 -690.64768   46    2 -634.25998 -764.55449  20.5%  26.0 2031s
  9491  2791     cutoff   46      -634.25998 -764.47718  20.5%  26.0 2065s
  9564  2816     cutoff   47      -634.25998 -764.41480  20.5%  26.0 2073s
  9605  2841 -762.52135   33    3 -634.25998 -764.41427  20.5%  26.0 2104s
  9679  2869 -761.41232   33    - -634.25998 -764.37479  20.5%  26.0 2113s
  9740  2916 -738.87971   41    2 -634.25998 -764.32742  20.5%  26.0 2143s
  9864  2943 -734.00945   45    2 -634.25998 -764.23248  20.5%  25.9 2180s
  9969  2975 -757.86418   38    2 -634.25998 -764.15174  20.5%  26.0 2222s
 10060  3026 -736.43109   41    2 -634.25998 -764.05790  20.5%  26.0 2263s
 10175  3073 -725.75124   45    2 -634.25998 -763.97751  20.5%  26.0 2302s
 10291  3116     cutoff   46      -634.25998 -763.91819  20.4%  26.0 2343s
 10344  3135 -753.95020   44    2 -634.25998 -763.85908  20.4%  26.0 2350s
 10389  3171 -695.88351   46    2 -634.25998 -763.85054  20.4%  26.0 2381s
 10517  3208     cutoff   47      -634.25998 -763.76891  20.4%  26.0 2424s
 10620  3253     cutoff   45      -634.25998 -763.68786  20.4%  26.1 2466s
 10667  3273     cutoff   36      -634.25998 -763.66636  20.4%  26.1 2473s
 10735  3302     cutoff   46      -634.25998 -763.65750  20.4%  26.1 2507s
 10777  3316 -727.10640   45    2 -634.25998 -763.50413  20.4%  26.1 2512s
 10835  3348 -760.36120   36    2 -634.25998 -763.48599  20.4%  26.1 2545s
 10948  3389 -759.82274   39    2 -634.25998 -763.42077  20.4%  26.1 2591s
 11060  3423     cutoff   37      -634.25998 -763.37275  20.4%  26.1 2637s
 11170  3456     cutoff   46      -634.25998 -763.32615  20.3%  26.1 2681s
 11274  3508 -738.28334   37    2 -634.25998 -763.20468  20.3%  26.1 2721s
 11381  3543 -731.57864   44    2 -634.25998 -763.16758  20.3%  26.1 2765s
 11503  3583     cutoff   46      -634.25998 -763.11284  20.3%  26.1 2811s
 11628  3630 -695.40165   46    2 -634.25998 -763.03711  20.3%  26.1 2856s
 11674  3643 -757.18141   40    2 -634.25998 -763.02179  20.3%  26.1 2860s
 11720  3657     cutoff   47      -634.25998 -762.95941  20.3%  26.1 2901s
 11775  3673     cutoff   42      -634.25998 -762.94813  20.3%  26.2 2906s
 11838  3716 -727.27404   45    2 -634.25998 -762.81611  20.3%  26.1 2946s
 11885  3735 -755.70421   38    2 -634.25998 -762.80384  20.3%  26.1 2952s
 11922  3741     cutoff   46      -634.25998 -762.79948  20.3%  26.1 2989s
 11983  3766 -761.31919   33    2 -634.25998 -762.77897  20.3%  26.1 2997s
 12052  3803 -728.50157   45    2 -634.25998 -762.72640  20.3%  26.1 3043s
 12201  3865     cutoff   46      -634.25998 -762.68299  20.2%  26.0 3092s
 12275  3892     cutoff   46      -634.25998 -762.63594  20.2%  26.0 3101s
 12319  3904 -694.94313   46    2 -634.25998 -762.63152  20.2%  26.0 3140s
 12380  3929 -689.38631   46    2 -634.25998 -762.57851  20.2%  26.0 3148s
 12423  3956     cutoff   47      -634.25998 -762.51522  20.2%  26.1 3190s
 12546  3998 -735.82069   45    2 -634.25998 -762.44916  20.2%  26.1 3234s
 12678  4036 -714.41853   46    2 -634.25998 -762.42099  20.2%  26.1 3286s
 12791  4087     cutoff   47      -634.25998 -762.28971  20.2%  26.1 3337s
 12894  4134     cutoff   39      -634.25998 -762.24683  20.2%  26.0 3385s
 12954  4152     cutoff   46      -634.25998 -762.22031  20.2%  26.1 3390s
 13015  4178     cutoff   45      -634.25998 -762.20243  20.2%  26.0 3429s
 13078  4196 -701.01696   46    2 -634.25998 -762.18717  20.2%  26.0 3436s
 13143  4222 -732.02424   45    2 -634.25998 -762.16931  20.2%  26.0 3477s
 13199  4244     cutoff   47      -634.25998 -762.15548  20.2%  26.0 3485s
 13265  4270 -755.60486   41    2 -634.25998 -762.08402  20.2%  26.0 3529s
 13377  4315 -724.85193   45    2 -634.25998 -762.03422  20.1%  26.0 3575s
 13434  4340 -728.36958   45    2 -634.25998 -762.02339  20.1%  26.0 3584s
 13505  4370     cutoff   46      -634.25998 -761.99473  20.1%  26.0 3627s
 13636  4419 -693.22976   46    2 -634.25998 -761.93621  20.1%  26.0 3678s
 13753  4453     cutoff   47      -634.25998 -761.90139  20.1%  26.0 3731s
 13803  4475     cutoff   45      -634.25998 -761.88555  20.1%  26.0 3738s
 13867  4496     cutoff   28      -634.25998 -761.85739  20.1%  26.0 3785s
 13986  4547     cutoff   39      -634.25998 -761.78891  20.1%  26.0 3833s
 14060  4571     cutoff   45      -634.25998 -761.76461  20.1%  25.9 3840s
 14110  4595 -723.80210   44    2 -634.25998 -761.71837  20.1%  26.0 3878s
 14225  4646 -740.87507   29    2 -634.25998 -761.64483  20.1%  25.9 3932s
 14264  4661     cutoff   27      -634.25998 -761.61822  20.1%  26.0 3938s
 14336  4674 -735.27459   40    - -634.25998 -761.60185  20.1%  25.9 3983s
 14399  4701     cutoff   44      -634.25998 -761.57850  20.1%  25.9 3992s
 14467  4728 -718.02899   39    2 -634.25998 -761.54209  20.1%  25.9 4038s
 14581  4773 -711.89221   46    2 -634.25998 -761.49995  20.1%  25.9 4095s
 14677  4807     cutoff   47      -634.25998 -761.45290  20.1%  25.9 4150s
 14778  4845     cutoff   41      -634.25998 -761.37909  20.0%  25.9 4207s
 14914  4892     cutoff   45      -634.25998 -761.31615  20.0%  25.9 4267s
 14967  4913 -740.78596   29    2 -634.25998 -761.30086  20.0%  25.9 4275s
 15024  4933     cutoff   46      -634.25998 -761.27363  20.0%  25.9 4325s
 15084  4958 -730.31912   45    2 -634.25998 -761.22736  20.0%  25.9 4334s
 15145  4987 -700.46931   46    2 -634.25998 -761.20079  20.0%  25.9 4384s
 15227  5015     cutoff   46      -634.25998 -761.17192  20.0%  25.8 4394s
 15293  5034     cutoff   47      -634.25998 -761.14106  20.0%  25.8 4442s
 15345  5055 -697.78230   46    2 -634.25998 -761.10004  20.0%  25.9 4449s
 15405  5072 -732.43809   45    2 -634.25998 -761.08863  20.0%  25.9 4499s
 15455  5091     cutoff   47      -634.25998 -761.05655  20.0%  25.9 4506s
 15513  5124     cutoff   46      -634.25998 -761.01873  20.0%  25.9 4558s
 15584  5148     cutoff   45      -634.25998 -761.00228  20.0%  25.8 4566s
 15645  5164 -711.27390   46    2 -634.25998 -760.99608  20.0%  25.8 4613s
 15761  5201     cutoff   47      -634.25998 -760.91654  20.0%  25.8 4670s
 15857  5253     cutoff   34      -634.25998 -760.86763  20.0%  25.8 4728s
 15927  5269     cutoff   47      -634.25998 -760.84095  20.0%  25.8 4734s
 15988  5283     cutoff   46      -634.25998 -760.81194  20.0%  25.8 4787s
 16044  5304 -733.09153   44    2 -634.25998 -760.79735  20.0%  25.8 4795s
 16113  5332 -726.75585   45    2 -634.25998 -760.74296  19.9%  25.8 4848s
 16246  5374     cutoff   46      -634.25998 -760.67759  19.9%  25.8 4905s
 16337  5393 -693.40409   46    2 -634.25998 -760.61106  19.9%  25.8 4965s
 16480  5438     cutoff   47      -634.25998 -760.50303  19.9%  25.8 5026s
 16519  5453 -711.58358   45    2 -634.25998 -760.48924  19.9%  25.8 5031s
 16598  5470 -739.72124   40    2 -634.25998 -760.43945  19.9%  25.8 5089s
 16676  5502     cutoff   47      -634.25998 -760.35832  19.9%  25.7 5101s
 16729  5517 -730.55729   45    2 -634.25998 -760.33337  19.9%  25.8 5156s
 16869  5560     cutoff   46      -634.25998 -760.26319  19.9%  25.7 5224s
 16914  5576     cutoff   46      -634.25998 -760.24328  19.9%  25.7 5230s
 16984  5600 -706.37532   46    2 -634.25998 -760.22426  19.9%  25.7 5282s
 17116  5634 -754.61004   41    2 -634.25998 -760.15484  19.8%  25.7 5344s
 17187  5660     cutoff   45      -634.25998 -760.13912  19.8%  25.7 5353s
 17239  5667 -725.01817   45    2 -634.25998 -760.08814  19.8%  25.7 5404s
 17352  5696     cutoff   46      -634.25998 -759.99848  19.8%  25.7 5469s
 17480  5741 -694.99898   46    2 -634.25998 -759.90484  19.8%  25.7 5534s
 17587  5774     cutoff   47      -634.25998 -759.80622  19.8%  25.7 5594s
 17645  5794     cutoff   45      -634.25998 -759.78897  19.8%  25.7 5601s
 17692  5819     cutoff   45      -634.25998 -759.72959  19.8%  25.7 5654s
 17751  5838 -759.70766   34    3 -634.25998 -759.71378  19.8%  25.7 5661s
 17820  5859     cutoff   45      -634.25998 -759.67838  19.8%  25.7 5723s
 17955  5897 -754.41230   39    2 -634.25998 -759.64023  19.8%  25.7 5790s
 18022  5919     cutoff   46      -634.25998 -759.62277  19.8%  25.7 5799s
 18089  5943     cutoff   45      -634.25998 -759.55890  19.8%  25.6 5860s
 18208  5975 -733.43482   36    4 -634.25998 -759.51296  19.7%  25.6 5922s
 18272  6003 -732.21737   45    2 -634.25998 -759.48598  19.7%  25.6 5932s
 18332  6007 -729.94041   45    2 -634.25998 -759.44822  19.7%  25.6 5987s
 18399  6028     cutoff   46      -634.25998 -759.41586  19.7%  25.6 5995s
 18455  6034     cutoff   46      -634.25998 -759.34967  19.7%  25.6 6050s
 18505  6054 -701.95256   46    2 -634.25998 -759.31466  19.7%  25.6 6058s
 18571  6053 -697.92385   46    2 -634.25998 -759.28608  19.7%  25.6 6116s
 18642  6080     cutoff   47      -634.25998 -759.26562  19.7%  25.6 6128s
 18695  6086     cutoff   47      -634.25998 -759.16346  19.7%  25.6 6186s
 18809  6127     cutoff   45      -634.25998 -759.06829  19.7%  25.6 6259s
 18874  6156 -732.42890   44    2 -634.25998 -759.04132  19.7%  25.6 6270s
 18937  6177     cutoff   46      -634.25998 -759.03222  19.7%  25.6 6335s
 18985  6190 -711.88575   45    2 -634.25998 -758.98872  19.7%  25.6 6340s
 19056  6223 -734.04271   32    2 -634.25998 -758.97979  19.7%  25.6 6401s
 19130  6250     cutoff   46      -634.25998 -758.96226  19.7%  25.6 6411s
 19192  6270     cutoff   45      -634.25998 -758.92125  19.7%  25.6 6470s
 19265  6296     cutoff   47      -634.25998 -758.90634  19.7%  25.5 6480s
 19325  6313 -729.58486   44    2 -634.25998 -758.86878  19.6%  25.5 6540s
 19391  6334 -729.35935   43    2 -634.25998 -758.83514  19.6%  25.5 6548s
 19437  6340 -718.37302   45    2 -634.25998 -758.77420  19.6%  25.5 6608s
 19497  6364 -719.64591   45    2 -634.25998 -758.73371  19.6%  25.5 6616s
 19556  6390 -756.77819   42    2 -634.25998 -758.70905  19.6%  25.5 6679s
 19621  6409     cutoff   46      -634.25998 -758.69105  19.6%  25.5 6686s
 19673  6405     cutoff   45      -634.25998 -758.64469  19.6%  25.5 6747s
 19809  6450 -729.34560   44    2 -634.25998 -758.53960  19.6%  25.5 6824s
 19948  6512 -718.17699   45    2 -634.25998 -758.41243  19.6%  25.5 6898s
 20087  6540     cutoff   46      -634.25998 -758.35666  19.6%  25.5 6965s
 20155  6567     cutoff   46      -634.25998 -758.33198  19.6%  25.5 6975s
 20217  6575 -715.04503   44    2 -634.25998 -758.31280  19.6%  25.5 7034s
 20349  6603     cutoff   45      -634.25998 -758.22074  19.5%  25.4 7111s
 20490  6656 -757.14438   29    2 -634.25998 -758.11599  19.5%  25.4 7186s
 20554  6681 -754.60373   39    2 -634.25998 -758.08556  19.5%  25.4 7195s

Cutting planes:
  MIR: 317
  Flow cover: 84
  Lazy constraints: 291697

Explored 20629 nodes (527166 simplex iterations) in 7204.14 seconds
Thread count was 4 (of 4 available processors)

Solution count 10: -634.26 -631.16 -624.02 ... -553.82

Time limit reached
Best objective -6.342599835657e+02, best bound -7.580438553374e+02, gap 19.5163%

User-callback calls 173600, time in user-callback 2325.86 sec
