
Gurobi 8.1.1 (win64) logging started 07/07/20 16:39:04

Changed value of parameter LogFile to Results/sslp3_30_70_50_BendersBnC.log
   Prev: gurobi.log  Default: 
Changed value of parameter Heuristics to 0.0
   Prev: 0.05  Min: 0.0  Max: 1.0  Default: 0.05
Changed value of parameter lazyConstraints to 1
   Prev: 0  Min: 0  Max: 1  Default: 0
Changed value of parameter timeLimit to 7188.183611631393
   Prev: 1e+100  Min: 0.0  Max: 1e+100  Default: 1e+100
Optimize a model with 803 rows, 80 columns and 14541 nonzeros
Variable types: 50 continuous, 30 integer (30 binary)
Coefficient statistics:
  Matrix range     [1e-13, 1e+06]
  Objective range  [2e-02, 8e+01]
  Bounds range     [1e+00, 1e+00]
  RHS range        [1e-13, 2e+04]
Warning: Model contains large matrix coefficient range
         Consider reformulating model or setting NumericFocus parameter
         to avoid numerical issues.
Presolve removed 57 rows and 0 columns
Presolve time: 0.05s
Presolved: 746 rows, 80 columns, 14292 nonzeros
Variable types: 50 continuous, 30 integer (30 binary)

Root relaxation: objective -8.159310e+02, 83 iterations, 0.03 seconds

    Nodes    |    Current Node    |     Objective Bounds      |     Work
 Expl Unexpl |  Obj  Depth IntInf | Incumbent    BestBd   Gap | It/Node Time

     0     0 -815.93097    0   14          - -815.93097      -     -    0s
     0     0 -815.42608    0   13          - -815.42608      -     -    0s
     0     0 -815.14020    0   13          - -815.14020      -     -    0s
     0     0 -814.88679    0   13          - -814.88679      -     -    0s
     0     0 -814.63778    0   14          - -814.63778      -     -    0s
     0     0 -814.42167    0   14          - -814.42167      -     -    0s
     0     0 -814.21198    0   13          - -814.21198      -     -    0s
     0     0 -814.09233    0   14          - -814.09233      -     -    0s
     0     0 -813.92622    0   12          - -813.92622      -     -    0s
     0     0 -813.73888    0   10          - -813.73888      -     -    0s
     0     0 -813.57284    0   11          - -813.57284      -     -    0s
     0     0 -813.41930    0    9          - -813.41930      -     -    0s
     0     0 -813.23881    0   11          - -813.23881      -     -    0s
     0     0 -813.09348    0   10          - -813.09348      -     -    0s
     0     0 -812.95249    0   11          - -812.95249      -     -    0s
     0     0 -812.81134    0   11          - -812.81134      -     -    0s
     0     0 -812.64554    0   10          - -812.64554      -     -    0s
     0     0 -812.49760    0   11          - -812.49760      -     -    0s
     0     0 -812.37329    0   12          - -812.37329      -     -    0s
     0     0 -812.27032    0   11          - -812.27032      -     -    0s
     0     0 -812.09491    0   10          - -812.09491      -     -    0s
     0     0 -811.93984    0    9          - -811.93984      -     -    0s
     0     0 -811.81282    0   11          - -811.81282      -     -    0s
     0     0 -811.72792    0   10          - -811.72792      -     -    0s
     0     0 -811.69933    0   10          - -811.69933      -     -    0s
     0     0 -811.62023    0    8          - -811.62023      -     -    0s
     0     0 -811.53468    0    7          - -811.53468      -     -    0s
     0     0 -811.51292    0    9          - -811.51292      -     -    0s
     0     0 -811.48498    0    9          - -811.48498      -     -    0s
     0     0 -811.42223    0   10          - -811.42223      -     -    0s
     0     0 -811.41570    0   11          - -811.41570      -     -    0s
     0     0 -811.38707    0   10          - -811.38707      -     -    1s
     0     0 -811.30086    0   10          - -811.30086      -     -    1s
     0     0 -811.24506    0   10          - -811.24506      -     -    1s
     0     0 -811.22673    0   11          - -811.22673      -     -    1s
     0     0 -811.20252    0    9          - -811.20252      -     -    1s
     0     0 -811.20034    0    9          - -811.20034      -     -    1s
     0     0 -811.16364    0    9          - -811.16364      -     -    1s
     0     0 -811.11904    0    9          - -811.11904      -     -    1s
     0     0 -811.11480    0    8          - -811.11480      -     -    1s
     0     0 -811.10869    0   10          - -811.10869      -     -    1s
     0     0 -811.08343    0   10          - -811.08343      -     -    1s
     0     0 -811.05622    0    8          - -811.05622      -     -    1s
     0     0 -811.04466    0    9          - -811.04466      -     -    1s
     0     0 -811.03743    0    9          - -811.03743      -     -    1s
     0     0 -811.03371    0   10          - -811.03371      -     -    1s
     0     0 -811.02359    0    9          - -811.02359      -     -    1s
     0     0 -811.00702    0   12          - -811.00702      -     -    1s
     0     0 -811.00085    0   11          - -811.00085      -     -    1s
     0     0 -810.99738    0   12          - -810.99738      -     -    1s
     0     0 -810.95845    0   10          - -810.95845      -     -    1s
     0     0 -810.94817    0   10          - -810.94817      -     -    1s
     0     0 -810.94511    0   12          - -810.94511      -     -    1s
     0     0 -810.94115    0   11          - -810.94115      -     -    1s
     0     0 -810.94076    0   12          - -810.94076      -     -    1s
     0     0 -810.92955    0   12          - -810.92955      -     -    1s
     0     0 -810.92501    0   12          - -810.92501      -     -    1s
     0     0 -810.92363    0   11          - -810.92363      -     -    1s
     0     0 -810.91724    0    9          - -810.91724      -     -    1s
     0     0 -810.91033    0    9          - -810.91033      -     -    1s
     0     0 -810.90799    0   10          - -810.90799      -     -    1s
     0     0 -810.90010    0   10          - -810.90010      -     -    1s
     0     0 -810.89215    0   10          - -810.89215      -     -    1s
     0     0 -810.88652    0   10          - -810.88652      -     -    2s
     0     0 -810.88045    0   11          - -810.88045      -     -    2s
     0     0 -810.87866    0   11          - -810.87866      -     -    2s
     0     0 -810.87783    0   11          - -810.87783      -     -    2s
     0     0 -810.87555    0   10          - -810.87555      -     -    2s
     0     0 -810.87030    0   12          - -810.87030      -     -    2s
     0     0 -810.86309    0   12          - -810.86309      -     -    2s
     0     0 -810.86276    0   13          - -810.86276      -     -    2s
     0     0 -810.86117    0   12          - -810.86117      -     -    2s
     0     0 -810.86036    0   12          - -810.86036      -     -    2s
     0     0 -810.86020    0   13          - -810.86020      -     -    2s
     0     0 -810.86009    0   12          - -810.86009      -     -    2s
     0     0 -810.80153    0   11          - -810.80153      -     -    2s
     0     0 -810.75637    0   10          - -810.75637      -     -    2s
     0     0 -810.71577    0   10          - -810.71577      -     -    2s
     0     0 -810.70174    0   11          - -810.70174      -     -    2s
     0     0 -810.65894    0   12          - -810.65894      -     -    2s
     0     0 -810.63723    0   11          - -810.63723      -     -    2s
     0     0 -810.62895    0    9          - -810.62895      -     -    2s
     0     0 -810.61895    0   10          - -810.61895      -     -    2s
     0     0 -810.59020    0   11          - -810.59020      -     -    2s
     0     0 -810.58130    0   10          - -810.58130      -     -    2s
     0     0 -810.56751    0   10          - -810.56751      -     -    2s
     0     0 -810.55811    0   10          - -810.55811      -     -    2s
     0     0 -810.55633    0    9          - -810.55633      -     -    2s
     0     0 -810.55396    0   11          - -810.55396      -     -    2s
     0     0 -810.55054    0   11          - -810.55054      -     -    2s
     0     0 -810.53971    0   11          - -810.53971      -     -    2s
     0     0 -810.53398    0    9          - -810.53398      -     -    2s
     0     0 -810.51411    0    9          - -810.51411      -     -    2s
     0     0 -810.49857    0    9          - -810.49857      -     -    2s
     0     0 -810.48998    0   10          - -810.48998      -     -    3s
     0     0 -810.46229    0    9          - -810.46229      -     -    3s
     0     0 -810.46208    0   10          - -810.46208      -     -    3s
     0     0 -810.39298    0   10          - -810.39298      -     -    3s
     0     0 -810.37465    0   11          - -810.37465      -     -    3s
     0     0 -810.35950    0    8          - -810.35950      -     -    3s
     0     0 -810.35737    0    7          - -810.35737      -     -    3s
     0     0 -810.33885    0    9          - -810.33885      -     -    3s
     0     0 -810.33417    0    9          - -810.33417      -     -    3s
     0     0 -810.31315    0   10          - -810.31315      -     -    3s
     0     0 -810.30098    0   11          - -810.30098      -     -    3s
     0     0 -810.30063    0   11          - -810.30063      -     -    3s
     0     0 -810.29459    0    9          - -810.29459      -     -    3s
     0     0 -810.20521    0    9          - -810.20521      -     -    3s
     0     0 -810.19248    0   10          - -810.19248      -     -    3s
     0     0 -810.17100    0   10          - -810.17100      -     -    3s
     0     0 -810.15642    0   10          - -810.15642      -     -    3s
     0     0 -810.13694    0   10          - -810.13694      -     -    3s
     0     0 -810.11925    0   10          - -810.11925      -     -    3s
     0     0 -810.11743    0   11          - -810.11743      -     -    3s
     0     0 -810.11562    0   11          - -810.11562      -     -    3s
     0     0 -810.09450    0    9          - -810.09450      -     -    3s
     0     0 -810.06871    0    8          - -810.06871      -     -    3s
     0     0 -810.06615    0   10          - -810.06615      -     -    3s
     0     0 -810.04642    0   12          - -810.04642      -     -    3s
     0     0 -810.04565    0   14          - -810.04565      -     -    3s
     0     0 -810.02413    0   10          - -810.02413      -     -    3s
     0     0 -810.02007    0   10          - -810.02007      -     -    3s
     0     0 -809.99751    0   10          - -809.99751      -     -    4s
     0     0 -809.97281    0   12          - -809.97281      -     -    4s
     0     0 -809.97000    0   10          - -809.97000      -     -    4s
     0     0 -809.96568    0   11          - -809.96568      -     -    4s
     0     0 -809.95905    0   10          - -809.95905      -     -    4s
     0     0 -809.94878    0   11          - -809.94878      -     -    4s
     0     0 -809.94217    0   11          - -809.94217      -     -    4s
     0     0 -809.93967    0   11          - -809.93967      -     -    4s
     0     0 -809.93692    0   12          - -809.93692      -     -    4s
     0     0 -809.93593    0   13          - -809.93593      -     -    4s
     0     0 -809.93209    0   13          - -809.93209      -     -    4s
     0     0 -809.89473    0   13          - -809.89473      -     -    4s
     0     0 -809.87915    0   10          - -809.87915      -     -    4s
     0     0 -809.86186    0   10          - -809.86186      -     -    4s
     0     0 -809.85750    0   11          - -809.85750      -     -    4s
     0     0 -809.85732    0   12          - -809.85732      -     -    4s
     0     0 -809.85094    0   10          - -809.85094      -     -    4s
     0     0 -809.82986    0    9          - -809.82986      -     -    4s
     0     0 -809.81824    0    9          - -809.81824      -     -    4s
     0     0 -809.81772    0   10          - -809.81772      -     -    4s
     0     0 -809.80299    0    9          - -809.80299      -     -    4s
     0     0 -809.79788    0   10          - -809.79788      -     -    4s
     0     0 -809.78225    0    7          - -809.78225      -     -    4s
     0     0 -809.77990    0    7          - -809.77990      -     -    4s
     0     0 -809.76714    0    7          - -809.76714      -     -    4s
     0     0 -809.74808    0    7          - -809.74808      -     -    4s
     0     0 -809.74485    0    6          - -809.74485      -     -    4s
     0     0 -809.74046    0    7          - -809.74046      -     -    4s
     0     0 -809.73093    0    9          - -809.73093      -     -    4s
     0     0 -809.72529    0    8          - -809.72529      -     -    5s
     0     0 -809.71925    0    8          - -809.71925      -     -    5s
     0     0 -809.71885    0    6          - -809.71885      -     -    5s
     0     0 -809.71869    0    7          - -809.71869      -     -    5s
     0     0 -809.70569    0    7          - -809.70569      -     -    5s
     0     0 -809.70422    0    7          - -809.70422      -     -    5s
     0     0 -809.70146    0    6          - -809.70146      -     -    5s
     0     0 -809.69753    0    6          - -809.69753      -     -    5s
     0     0 -809.68603    0    7          - -809.68603      -     -    5s
     0     0 -809.68098    0    8          - -809.68098      -     -    5s
     0     0 -809.67151    0    7          - -809.67151      -     -    5s
     0     0 -809.66516    0    7          - -809.66516      -     -    5s
     0     0 -809.66081    0    7          - -809.66081      -     -    5s
     0     0 -809.65490    0    6          - -809.65490      -     -    5s
     0     0 -809.65455    0    7          - -809.65455      -     -    5s
     0     0 -809.63733    0    3          - -809.63733      -     -    5s
     0     0 -809.63402    0    6          - -809.63402      -     -    5s
     0     0 -809.61818    0    5          - -809.61818      -     -    5s
     0     0 -809.61756    0    6          - -809.61756      -     -    5s
     0     0 -809.61499    0    6          - -809.61499      -     -    5s
     0     0 -809.61063    0    7          - -809.61063      -     -    5s
     0     0 -809.60082    0    8          - -809.60082      -     -    5s
     0     0 -809.59850    0    7          - -809.59850      -     -    5s
     0     0 -809.59422    0    9          - -809.59422      -     -    5s
     0     0 -809.59139    0    8          - -809.59139      -     -    5s
     0     0 -809.59096    0    9          - -809.59096      -     -    5s
     0     0 -809.56447    0    8          - -809.56447      -     -    5s
     0     0 -809.41911    0    7          - -809.41911      -     -    5s
     0     0 -809.40664    0    6          - -809.40664      -     -    5s
     0     0 -809.40566    0    6          - -809.40566      -     -    6s
     0     0 -809.38888    0    5          - -809.38888      -     -    6s
     0     0 -809.37414    0    6          - -809.37414      -     -    6s
     0     0 -809.37329    0    7          - -809.37329      -     -    6s
     0     0 -809.36457    0    7          - -809.36457      -     -    6s
     0     0 -809.35899    0    5          - -809.35899      -     -    6s
     0     0 -809.34612    0    6          - -809.34612      -     -    6s
     0     0 -809.34299    0    7          - -809.34299      -     -    6s
     0     0 -809.33480    0    6          - -809.33480      -     -    6s
     0     0 -809.33221    0    6          - -809.33221      -     -    6s
     0     0 -809.33179    0    6          - -809.33179      -     -    6s
     0     0 -809.33118    0    6          - -809.33118      -     -    6s
     0     0 -809.32783    0    7          - -809.32783      -     -    6s
     0     0 -809.32391    0    7          - -809.32391      -     -    6s
     0     0 -809.32201    0    8          - -809.32201      -     -    6s
     0     0 -809.31627    0    8          - -809.31627      -     -    6s
     0     0 -809.30558    0    7          - -809.30558      -     -    6s
     0     0 -809.30390    0    8          - -809.30390      -     -    6s
     0     0 -809.29994    0    8          - -809.29994      -     -    6s
     0     0 -809.28747    0    8          - -809.28747      -     -    6s
     0     0 -809.28402    0    8          - -809.28402      -     -    6s
     0     0 -809.28097    0    8          - -809.28097      -     -    6s
     0     0 -809.28050    0    9          - -809.28050      -     -    6s
     0     0 -809.25505    0    8          - -809.25505      -     -    6s
     0     0 -809.25296    0    7          - -809.25296      -     -    6s
     0     0 -809.25289    0    9          - -809.25289      -     -    6s
     0     0 -809.25107    0    9          - -809.25107      -     -    6s
     0     0 -809.25104    0    9          - -809.25104      -     -    6s
     0     0 -809.23087    0    9          - -809.23087      -     -    6s
     0     0 -809.23037    0    9          - -809.23037      -     -    7s
     0     0 -809.22717    0    6          - -809.22717      -     -    7s
     0     0 -809.22713    0    7          - -809.22713      -     -    7s
     0     0 -809.22424    0    6          - -809.22424      -     -    7s
     0     0 -809.22372    0    8          - -809.22372      -     -    7s
     0     0 -809.22049    0    7          - -809.22049      -     -    7s
     0     2 -809.22049    0    7          - -809.22049      -     -    7s
    19    18 -807.72823   10    6          - -809.02961      -  16.1   10s
    42    25 -794.13965   21    7          - -809.02961      -  16.9   16s
    48    27 -790.88983   22    -          - -809.02961      -  17.8   20s
    63    35 -776.40093   24    5          - -809.02961      -  18.6   28s
    67    38 -766.84590   25    4          - -809.02961      -  18.8   30s
    83    44 -696.46153   29    1          - -809.02961      -  18.7   37s
*   91    43              30    -531.6199861 -809.02961  52.2%  18.9   42s
*   93    43              30    -551.6999847 -809.02961  46.6%  19.0   42s
    99    44 -805.24793    2    - -551.69998 -808.67753  46.6%  19.1   46s
   113    54 -725.66888    9    2 -551.69998 -808.44156  46.5%  18.9   52s
   121    58 -722.64756   10    2 -551.69998 -808.44156  46.5%  19.0   57s
   130    60 -715.35825   11    1 -551.69998 -808.44156  46.5%  18.5   60s
   140    63 -714.68936   12    1 -551.69998 -808.44156  46.5%  18.1   65s
   153    69 -749.50163   15   13 -551.69998 -808.44156  46.5%  18.7   71s
   167    80 -748.77796   19    9 -551.69998 -808.44156  46.5%  18.2   76s
   184    89 -731.49035   24    6 -551.69998 -808.44156  46.5%  18.6   82s
   190    94 -703.76508   23    - -551.69998 -808.44156  46.5%  18.7   86s
   200    93 -656.35107   24    - -551.69998 -808.44156  46.5%  18.8   91s
   212   103 -697.47805   27    3 -551.69998 -808.44156  46.5%  19.4   96s
   219   109 -650.68976   28    1 -551.69998 -808.44156  46.5%  19.5  100s
*  231   115              30    -573.1199832 -808.44156  41.1%  20.7  102s
   245   112     cutoff   30      -573.11998 -808.38226  41.0%  21.1  105s
   265   118 -719.04144   11    - -573.11998 -808.12580  41.0%  22.2  110s
   280   124 -673.21075   15    1 -573.11998 -808.12580  41.0%  22.0  115s
   294   132 -655.69664   19    - -573.11998 -808.12580  41.0%  21.6  121s
   309   142 -709.46090   25    5 -573.11998 -808.12580  41.0%  21.6  127s
   320   143 -701.70050   30    - -573.11998 -808.12580  41.0%  21.4  130s
   334   151 -584.63464   28    - -573.11998 -808.12580  41.0%  21.3  135s
   350   156 -758.10887    6    - -573.11998 -807.66686  40.9%  21.6  140s
   379   178 -749.88500   18    7 -573.11998 -807.66686  40.9%  21.4  146s
   397   191 -715.24366   24    4 -573.11998 -807.66686  40.9%  21.2  150s
   406   190 -738.46144   23    - -573.11998 -807.66686  40.9%  21.3  155s
   421   198 -673.46971   26    2 -573.11998 -807.66686  40.9%  21.1  162s
   429   197 -660.87353   28    - -573.11998 -807.66686  40.9%  21.3  165s
   459   200 -765.52644   12    6 -573.11998 -806.34219  40.7%  21.6  173s
   469   204 -724.91741   13    5 -573.11998 -806.34219  40.7%  21.6  178s
   479   202 -721.01607   14    3 -573.11998 -806.34219  40.7%  21.6  181s
   495   218 -713.64139   20    5 -573.11998 -806.34219  40.7%  21.5  190s
   508   219 -670.87126   19    5 -573.11998 -806.34219  40.7%  21.5  196s
   524   225 -710.13741   22    - -573.11998 -806.34219  40.7%  21.3  205s
   543   238 -648.84194   24    - -573.11998 -806.34219  40.7%  21.3  210s
   556   241 -646.74977   27    - -573.11998 -806.34219  40.7%  21.2  217s
   574   249     cutoff   30      -573.11998 -803.50900  40.2%  21.4  223s
   583   250     cutoff   29      -573.11998 -802.19935  40.0%  21.5  225s
   596   260 -712.32611   19    4 -573.11998 -802.19935  40.0%  21.7  230s
   623   266 -739.92110   24    6 -573.11998 -802.19935  40.0%  22.0  239s
   635   273 -723.10764   26    3 -573.11998 -802.19935  40.0%  22.0  244s
   641   276 -706.65272   28    - -573.11998 -802.19935  40.0%  22.1  246s
   661   288 -751.95277   23    6 -573.11998 -780.34471  36.2%  22.5  251s
   676   285 -593.07998   30    - -573.11998 -770.48701  34.4%  22.7  255s
   707   284 -718.69478   20    2 -573.11998 -768.63837  34.1%  23.0  266s
   720   295     cutoff   30      -573.11998 -768.63837  34.1%  22.9  270s
   731   291 -694.81662   28    - -573.11998 -768.63837  34.1%  22.9  275s
   745   300 -686.95808   28    1 -573.11998 -768.41213  34.1%  22.8  281s
   766   302 -619.20117   29    - -573.11998 -767.35129  33.9%  22.7  292s
   782   306     cutoff   29      -573.11998 -765.25571  33.5%  22.7  299s
   801   311 -664.24780   12    - -573.11998 -765.10584  33.5%  22.6  310s
   818   320 -659.49203   12    2 -573.11998 -765.10584  33.5%  22.5  318s
   832   331 -707.30404   17    - -573.11998 -765.10584  33.5%  22.4  326s
   842   331 -713.52624   19    5 -573.11998 -765.10584  33.5%  22.5  330s
   862   337 -707.71054   21    - -573.11998 -765.10584  33.5%  22.3  339s
   876   346 -706.75129   26    - -573.11998 -765.10584  33.5%  22.3  344s
   882   353     cutoff   28      -573.11998 -765.10584  33.5%  22.3  345s
   900   363 -756.59022   10   13 -573.11998 -762.96142  33.1%  22.3  353s
   916   363     cutoff   29      -573.11998 -762.67029  33.1%  22.4  357s
   929   374 -752.11744   13    7 -573.11998 -762.67029  33.1%  22.3  361s
   971   405     cutoff   30      -573.11998 -762.11326  33.0%  22.7  369s
   979   395     cutoff   30      -573.11998 -761.84315  32.9%  22.7  372s
  1016   403     cutoff   30      -573.11998 -761.08895  32.8%  22.5  384s
  1027   416     cutoff   29      -573.11998 -760.73915  32.7%  22.4  386s
  1040   419 -705.81784   28    2 -573.11998 -760.70940  32.7%  22.4  391s
  1052   426 -720.35321    3    - -573.11998 -760.61344  32.7%  22.3  397s
  1063   435 -705.39424   21    4 -573.11998 -760.46253  32.7%  22.3  403s
  1070   428 -757.11540    4    2 -573.11998 -760.34351  32.7%  22.4  406s
  1084   440 -755.49623   14   12 -573.11998 -760.23176  32.6%  22.3  416s
  1099   448 -754.17617   17   11 -573.11998 -760.23176  32.6%  22.3  422s
  1119   453 -753.70395   20    8 -573.11998 -760.23176  32.6%  22.2  428s
  1135   464 -745.30525   25    5 -573.11998 -760.23176  32.6%  22.2  435s
  1151   473     cutoff   30      -573.11998 -758.88980  32.4%  22.2  440s
  1188   479     cutoff   30      -573.11998 -757.14704  32.1%  22.0  454s
  1218   496     cutoff   30      -573.11998 -756.99940  32.1%  22.0  467s
  1238   515 -594.09164   17    5 -573.11998 -756.99940  32.1%  21.9  473s
  1247   507 -629.38327   29    - -573.11998 -756.74434  32.0%  21.9  477s
  1256   519 -581.36083   21    3 -573.11998 -756.66361  32.0%  22.0  481s
  1268   514     cutoff   29      -573.11998 -756.62284  32.0%  21.9  489s
  1291   513     cutoff   29      -573.11998 -756.45200  32.0%  22.0  501s
  1308   527     cutoff   29      -573.11998 -756.00567  31.9%  22.0  511s
  1331   537 -744.80617   21    7 -573.11998 -755.79325  31.9%  22.0  517s
  1356   543 -717.22189   28    2 -573.11998 -755.61706  31.8%  21.9  526s
  1376   546     cutoff   30      -573.11998 -755.36143  31.8%  22.0  535s
  1400   555     cutoff   30      -573.11998 -755.20495  31.8%  22.0  546s
  1431   566 -741.21494   21    7 -573.11998 -755.08443  31.7%  21.8  560s
  1449   589 -712.03061   28    - -573.11998 -755.05791  31.7%  21.7  565s
  1467   603 -746.47746   26    4 -573.11998 -755.05791  31.7%  21.7  570s
  1483   607     cutoff   30      -573.11998 -754.82385  31.7%  21.8  577s
  1494   595 -582.49787   28    2 -573.11998 -754.80818  31.7%  21.9  581s
  1511   602 -646.03691   28    - -573.11998 -754.45650  31.6%  21.9  590s
  1524   609 -606.06661   28    - -573.11998 -754.36129  31.6%  22.0  596s
  1539   607     cutoff   28      -573.11998 -754.19915  31.6%  22.1  602s
  1544   615 -632.56573   27    3 -573.11998 -753.92642  31.5%  22.1  606s
  1552   617 -705.75467   14    - -573.11998 -753.62459  31.5%  22.2  610s
  1575   621 -665.81556   21    1 -573.11998 -753.31168  31.4%  22.1  619s
  1587   636 -644.23984   26    3 -573.11998 -753.21500  31.4%  22.2  623s
  1599   632 -575.54134   27    - -573.11998 -753.17036  31.4%  22.2  629s
  1623   637 -573.50007   29    - -573.11998 -752.73596  31.3%  22.2  641s
  1640   639     cutoff   29      -573.11998 -752.27402  31.3%  22.3  647s
  1673   646 -681.61509   23    - -573.11998 -752.00990  31.2%  22.2  662s
  1681   658     cutoff   30      -573.11998 -751.88553  31.2%  22.2  666s
  1694   656 -730.33019   26    4 -573.11998 -751.84615  31.2%  22.3  672s
  1709   672     cutoff   30      -573.11998 -751.80590  31.2%  22.2  676s
  1721   662     cutoff   30      -573.11998 -751.76597  31.2%  22.3  681s
* 1725   661              30    -579.4599840 -751.76597  29.7%  22.3  683s
  1733   670 -699.38569   17    - -579.45998 -751.62766  29.7%  22.3  688s
  1746   672     cutoff   30      -579.45998 -751.54892  29.7%  22.3  695s
  1771   673     cutoff   30      -579.45998 -751.45507  29.7%  22.3  703s
  1785   688 -715.66361   26    - -579.45998 -751.01839  29.6%  22.4  710s
  1796   685 -717.11696   24    - -579.45998 -750.95556  29.6%  22.4  715s
  1825   696     cutoff   30      -579.45998 -750.42415  29.5%  22.5  725s
  1858   706     cutoff   30      -579.45998 -750.42415  29.5%  22.5  737s
  1876   713 -724.38398   23    7 -579.45998 -750.42415  29.5%  22.6  743s
  1883   703 -609.56408   30    - -579.45998 -750.17037  29.5%  22.6  747s
  1930   701     cutoff   30      -579.45998 -750.09249  29.4%  22.7  764s
  1949   725     cutoff   30      -579.45998 -749.88433  29.4%  22.6  767s
  1963   714 -735.56595   22    5 -579.45998 -749.77620  29.4%  22.6  775s
  1979   726 -708.88433    9    - -579.45998 -749.25640  29.3%  22.6  787s
  1993   734 -738.91744   18   11 -579.45998 -749.22833  29.3%  22.7  796s
  2003   744 -735.22313   20   10 -579.45998 -749.22833  29.3%  22.7  805s
  2034   752 -721.69152   24    6 -579.45998 -749.22833  29.3%  22.6  816s
  2062   764 -628.71773   28    2 -579.45998 -748.62142  29.2%  22.6  829s
  2083   771 -591.37763   29    1 -579.45998 -747.62903  29.0%  22.7  840s
  2107   775 -659.05072   27    1 -579.45998 -747.13948  28.9%  22.7  853s
  2133   785 -705.97841   12    - -579.45998 -746.70104  28.9%  22.8  864s
  2163   790 -681.05112   26    1 -579.45998 -746.21412  28.8%  22.8  881s
  2198   814 -646.90191   17    2 -579.45998 -745.93815  28.7%  22.7  897s
  2226   822 -675.96361   25    5 -579.45998 -745.86454  28.7%  22.7  910s
  2236   842 -665.47227   24    - -579.45998 -745.86454  28.7%  22.7  916s
  2247   830 -602.04758   28    - -579.45998 -745.51781  28.7%  22.7  923s
  2274   830     cutoff   30      -579.45998 -744.99450  28.6%  22.8  937s
  2296   850 -590.81998   30    - -579.45998 -744.99450  28.6%  22.8  949s
  2311   827 -685.59882   20    2 -579.45998 -744.58915  28.5%  22.9  961s
  2356   841 -698.69322   23    - -579.45998 -743.41153  28.3%  22.7  990s
  2372   867 -684.61694   27    - -579.45998 -743.20982  28.3%  22.7  996s
  2402   865     cutoff   30      -579.45998 -743.12799  28.2%  22.8 1007s
  2424   871     cutoff   30      -579.45998 -743.01153  28.2%  22.9 1018s
  2447   881 -686.04263   28    2 -579.45998 -742.86220  28.2%  22.9 1023s
  2464   879     cutoff   30      -579.45998 -742.27998  28.1%  22.9 1029s
  2500   877     cutoff   30      -579.45998 -741.81435  28.0%  23.0 1041s
  2523   892     cutoff   30      -579.45998 -741.74298  28.0%  23.0 1051s
  2540   881     cutoff   30      -579.45998 -741.74298  28.0%  23.0 1060s
* 2554   896              30    -583.1599840 -741.74298  27.2%  23.1 1065s
  2573   892 -591.81998   30    - -583.15998 -740.22761  26.9%  23.2 1076s
  2615   891 -694.19436   15    - -583.15998 -739.60823  26.8%  23.2 1091s
  2633   905 -737.01277   16   13 -583.15998 -739.60823  26.8%  23.3 1103s
  2653   909 -681.18339   18    - -583.15998 -739.60823  26.8%  23.3 1117s
  2681   909 -685.00071   21    2 -583.15998 -739.60823  26.8%  23.3 1130s
  2701   920 -687.20172   20    - -583.15998 -739.60823  26.8%  23.3 1147s
  2728   924 -657.46123   27    3 -583.15998 -738.04877  26.6%  23.4 1159s
  2757   922     cutoff   30      -583.15998 -736.39742  26.3%  23.4 1176s
  2790   928 -607.93393   28    - -583.15998 -735.94007  26.2%  23.4 1198s
* 2821   944              30    -584.9599840 -735.83753  25.8%  23.5 1217s
  2854   959     cutoff   30      -584.95998 -733.30965  25.4%  23.5 1229s
  2886   955 -689.50622   26    2 -584.95998 -732.76439  25.3%  23.6 1243s
  2926   971 -690.93705   26    - -584.95998 -728.34660  24.5%  23.6 1264s
  2953   993     cutoff   30      -584.95998 -728.09709  24.5%  23.6 1273s
  2980   992 -599.24850   29    1 -584.95998 -728.09709  24.5%  23.6 1285s
  3032  1014     cutoff   30      -584.95998 -727.39169  24.3%  23.5 1304s
  3076  1038 -669.68712   21    3 -584.95998 -726.22153  24.1%  23.5 1326s
  3122  1068     cutoff   30      -584.95998 -725.57468  24.0%  23.5 1345s
  3150  1088     cutoff   28      -584.95998 -725.12993  24.0%  23.4 1356s
  3179  1083 -682.94083   13    1 -584.95998 -724.47121  23.8%  23.4 1370s
  3243  1115 -652.84390   28    2 -584.95998 -724.31121  23.8%  23.3 1401s
  3278  1150     cutoff   30      -584.95998 -724.31121  23.8%  23.2 1412s
  3304  1150 -586.19999   29    - -584.95998 -723.81150  23.7%  23.3 1422s
  3348  1186     cutoff   30      -584.95998 -723.68276  23.7%  23.2 1438s
  3372  1172     cutoff   30      -584.95998 -723.40418  23.7%  23.2 1451s
  3441  1210 -675.80193    5    - -584.95998 -723.24433  23.6%  23.1 1481s
  3517  1242 -674.70917    5    2 -584.95998 -722.76556  23.6%  23.0 1513s
  3592  1284 -659.80731   27    3 -584.95998 -722.34620  23.5%  22.9 1546s
* 3597  1284              30    -587.8199836 -722.34620  22.9%  22.9 1549s
  3618  1315     cutoff   28      -587.81998 -722.13308  22.8%  22.9 1555s
  3640  1315     cutoff   29      -587.81998 -721.67029  22.8%  22.9 1573s
  3685  1347 -716.02326    7    2 -587.81998 -721.04558  22.7%  22.9 1591s
  3730  1337     cutoff   30      -587.81998 -720.99356  22.7%  22.8 1615s
  3791  1372     cutoff   30      -587.81998 -720.78767  22.6%  22.8 1647s
  3832  1406 -714.90039    7    2 -587.81998 -720.72547  22.6%  22.8 1660s
  3854  1401     cutoff   30      -587.81998 -720.44053  22.6%  22.8 1680s
  3901  1440 -691.73959   25    4 -587.81998 -720.22586  22.5%  22.7 1698s
  3915  1429 -680.14201   17    2 -587.81998 -720.19414  22.5%  22.7 1710s
  3971  1483 -717.54764   11    - -587.81998 -719.81616  22.5%  22.6 1732s
  3988  1468     cutoff   30      -587.81998 -719.77427  22.4%  22.6 1742s
  4021  1516 -709.42476   24    5 -587.81998 -719.57935  22.4%  22.6 1752s
  4051  1539 -668.87777   16    7 -587.81998 -719.57935  22.4%  22.6 1786s
  4053  1540 -656.42878   20   28 -587.81998 -719.57935  22.4%  22.5 1837s
  4054  1541 -667.71864   24   28 -587.81998 -719.57935  22.4%  22.5 1840s
  4056  1545 -719.57935   10   27 -587.81998 -719.57935  22.4%  22.7 1912s
  4058  1547 -719.57935   11   28 -587.81998 -719.57935  22.4%  22.7 1925s
  4060  1546 -719.57935   11   21 -587.81998 -719.57935  22.4%  22.8 1966s
  4062  1546 -719.57935   12   27 -587.81998 -719.57935  22.4%  22.8 2012s
  4064  1549 -719.57935   12   23 -587.81998 -719.57935  22.4%  22.9 2063s
  4066  1549 -719.57935   13   26 -587.81998 -719.57935  22.4%  22.9 2085s
  4069  1550 -719.57935   13   22 -587.81998 -719.57935  22.4%  23.0 2107s
  4072  1547 -719.57935   14   25 -587.81998 -719.57935  22.4%  23.0 2124s
  4075  1550 -719.57935   14   20 -587.81998 -719.57935  22.4%  23.0 2136s
  4079  1552 -719.57935   15   24 -587.81998 -719.57935  22.4%  23.1 2148s
  4084  1552 -719.57935   16   23 -587.81998 -719.57935  22.4%  23.1 2156s
  4088  1554 -719.57935   16   20 -587.81998 -719.57935  22.4%  23.2 2164s
  4093  1556 -719.57935   17   22 -587.81998 -719.57935  22.4%  23.2 2173s
  4098  1562 -719.57935   17   16 -587.81998 -719.57935  22.4%  23.3 2179s
  4104  1561 -719.57935   18   21 -587.81998 -719.57935  22.4%  23.3 2188s
  4110  1565 -719.57935   19   20 -587.81998 -719.57935  22.4%  23.4 2196s
  4117  1570 -719.57935   19   19 -587.81998 -719.57935  22.4%  23.4 2202s
  4126  1570 -719.57935   20   16 -587.81998 -719.57935  22.4%  23.5 2208s
  4135  1576 -719.57935   21   18 -587.81998 -719.57935  22.4%  23.5 2218s
  4146  1574 -719.57935   22   17 -587.81998 -719.57935  22.4%  23.6 2227s
  4158  1577 -719.57935   23   16 -587.81998 -719.57935  22.4%  23.7 2235s
  4164  1583 -719.57935   24   15 -587.81998 -719.57935  22.4%  23.7 2240s
  4176  1592 -719.57935   26   13 -587.81998 -719.57935  22.4%  23.9 2250s
  4184  1595 -719.57935   28   11 -587.81998 -719.57935  22.4%  24.0 2256s
  4197  1597 -719.57935   30    9 -587.81998 -719.57935  22.4%  24.1 2265s
  4212  1597 -719.57935   32    7 -587.81998 -719.57935  22.4%  24.2 2277s
  4232  1601 -703.16783   36    3 -587.81998 -719.57935  22.4%  24.3 2291s
  4254  1603     cutoff   38      -587.81998 -719.57935  22.4%  24.3 2301s
  4268  1609 -719.57935   19   19 -587.81998 -719.57935  22.4%  24.4 2309s
  4280  1617 -719.57935   24   15 -587.81998 -719.57935  22.4%  24.4 2314s
  4291  1623 -719.57935   27   12 -587.81998 -719.57935  22.4%  24.5 2321s
  4308  1620 -715.55193   31    - -587.81998 -719.57935  22.4%  24.6 2330s
  4343  1617 -714.21834   31    - -587.81998 -719.57935  22.4%  24.7 2350s
  4376  1613     cutoff   39      -587.81998 -719.57935  22.4%  24.9 2367s
  4401  1620 -719.57935   17   17 -587.81998 -719.57935  22.4%  25.0 2383s
  4435  1618 -719.36135   23   15 -587.81998 -719.57935  22.4%  25.0 2397s
  4446  1626 -715.55118   29   10 -587.81998 -719.57935  22.4%  25.1 2405s
  4466  1636 -696.73392   26    - -587.81998 -719.57935  22.4%  25.3 2415s
  4478  1634 -695.54683   26    8 -587.81998 -719.57935  22.4%  25.4 2424s
  4504  1650     cutoff   37      -587.81998 -719.57935  22.4%  25.5 2438s
  4548  1644     cutoff   37      -587.81998 -719.57935  22.4%  25.6 2453s
  4554  1651     cutoff   39      -587.81998 -719.57935  22.4%  25.7 2455s
  4566  1640 -603.29765   36    3 -587.81998 -719.57935  22.4%  25.8 2467s
  4611  1646 -610.17296   35    4 -587.81998 -719.57935  22.4%  25.8 2492s
  4642  1662 -668.20427   36    3 -587.81998 -719.57935  22.4%  26.0 2507s
  4687  1656     cutoff   39      -587.81998 -719.57935  22.4%  26.1 2524s
  4727  1676 -707.53269   21    - -587.81998 -719.57935  22.4%  26.2 2541s
  4748  1672 -704.09458   29    - -587.81998 -719.57935  22.4%  26.4 2561s
  4766  1680 -637.99712   37    - -587.81998 -719.57935  22.4%  26.4 2566s
  4785  1670 -660.03703   34    - -587.81998 -719.57935  22.4%  26.5 2583s
  4826  1692 -629.98797   37    2 -587.81998 -719.57935  22.4%  26.6 2601s
  4871  1695     cutoff   38      -587.81998 -719.57935  22.4%  26.8 2622s
  4904  1695 -706.32666   17    3 -587.81998 -719.57935  22.4%  26.9 2644s
  4959  1696 -688.03351   32    7 -587.81998 -719.57935  22.4%  27.0 2671s
  5005  1732 -630.64862   37    - -587.81998 -719.57935  22.4%  27.1 2689s
  5034  1718     cutoff   37      -587.81998 -719.57935  22.4%  27.3 2706s
  5081  1731 -708.53581   34    5 -587.81998 -719.57935  22.4%  27.4 2730s
  5110  1737 -687.12839   27    8 -587.81998 -719.57935  22.4%  27.5 2735s
* 5140  1662              39    -590.6799839 -719.57935  21.8%  27.5 2758s
  5163  1671 -710.66727   19   11 -590.67998 -719.57935  21.8%  27.6 2763s
  5177  1677     cutoff   39      -590.67998 -719.57935  21.8%  27.7 2776s
  5209  1691 -701.54433   33    6 -590.67998 -719.57935  21.8%  27.8 2780s
  5238  1684     cutoff   39      -590.67998 -719.57935  21.8%  27.9 2800s
  5265  1694     cutoff   39      -590.67998 -719.57935  21.8%  27.9 2808s
  5281  1687 -697.35802   35    4 -590.67998 -719.57935  21.8%  28.0 2827s
  5341  1692     cutoff   38      -590.67998 -719.57935  21.8%  28.1 2857s
  5381  1708 -659.53160   36    3 -590.67998 -719.57935  21.8%  28.3 2884s
  5416  1721 -601.52956   37    2 -590.67998 -719.57935  21.8%  28.4 2889s
  5464  1713 -602.57341   38    1 -590.67998 -719.57935  21.8%  28.4 2921s
  5488  1727     cutoff   38      -590.67998 -719.57935  21.8%  28.5 2926s
  5513  1730     cutoff   39      -590.67998 -719.57935  21.8%  28.6 2955s
  5547  1748     cutoff   38      -590.67998 -719.57935  21.8%  28.7 2964s
  5581  1733     cutoff   38      -590.67998 -719.57935  21.8%  28.7 3001s
  5611  1750 -665.65595   34    5 -590.67998 -719.57935  21.8%  28.8 3009s
  5643  1747     cutoff   39      -590.67998 -719.57935  21.8%  29.0 3037s
  5717  1752 -607.01345   38    - -590.67998 -719.57935  21.8%  29.1 3096s
  5772  1761 -719.57935   30    9 -590.67998 -719.57935  21.8%  29.3 3128s
  5840  1771 -691.93880   35    4 -590.67998 -719.57935  21.8%  29.5 3168s
  5882  1800 -702.62975   24    - -590.67998 -719.57935  21.8%  29.6 3180s
  5929  1768     cutoff   39      -590.67998 -719.57935  21.8%  29.7 3215s
  6036  1763     cutoff   39      -590.67998 -719.57935  21.8%  29.9 3272s
  6149  1785     cutoff   38      -590.67998 -719.57935  21.8%  30.0 3329s
  6253  1774 -615.56662   37    - -590.67998 -719.57935  21.8%  30.2 3384s
  6315  1807 -694.72944   35    - -590.67998 -719.57935  21.8%  30.2 3396s
  6368  1790     cutoff   38      -590.67998 -719.57935  21.8%  30.3 3440s
  6473  1792 -625.06016   38    1 -590.67998 -719.57935  21.8%  30.5 3503s
  6517  1829     cutoff   38      -590.67998 -719.57935  21.8%  30.5 3513s
  6588  1814     cutoff   39      -590.67998 -719.57935  21.8%  30.5 3564s
  6659  1844     cutoff   38      -590.67998 -719.57935  21.8%  30.6 3584s
  6711  1833 -638.88458   29    2 -590.67998 -719.57935  21.8%  30.6 3621s
  6816  1872     cutoff   39      -590.67998 -719.13239  21.7%  30.6 3675s
  6982  1885     cutoff   39      -590.67998 -718.01976  21.6%  30.6 3755s
  7113  1921     cutoff   39      -590.67998 -717.63760  21.5%  30.7 3823s
  7244  1924     cutoff   39      -590.67998 -717.09740  21.4%  30.8 3907s
  7349  1985     cutoff   39      -590.67998 -717.00124  21.4%  30.8 3941s
  7422  1937     cutoff   39      -590.67998 -716.53987  21.3%  30.8 4011s
  7559  2013 -607.34430   38    1 -590.67998 -714.44080  21.0%  30.7 4062s
  7668  1921 -633.29179   31    1 -590.67998 -714.38841  20.9%  30.6 4149s
  7890  2000     cutoff   38      -590.67998 -713.72637  20.8%  30.5 4264s
  8054  2086     cutoff   39      -590.67998 -713.72637  20.8%  30.3 4318s
  8141  2030     cutoff   39      -590.67998 -713.71755  20.8%  30.4 4399s
  8285  2133 -599.79599   33    5 -590.67998 -712.81578  20.7%  30.3 4442s
  8412  2063     cutoff   39      -590.67998 -712.02333  20.5%  30.2 4531s
  8532  2181     cutoff   38      -590.67998 -711.54386  20.5%  30.1 4570s
  8653  2180     cutoff   39      -590.67998 -711.54386  20.5%  30.1 4673s
  8952  2320     cutoff   39      -590.67998 -710.13024  20.2%  29.8 4841s
  9261  2477     cutoff   39      -590.67998 -709.14321  20.1%  29.5 5012s
  9434  2656     cutoff   38      -590.67998 -708.64200  20.0%  29.3 5066s
  9563  2692     cutoff   39      -590.67998 -708.64200  20.0%  29.3 5161s
  9807  2841     cutoff   39      -590.67998 -708.08864  19.9%  29.2 5285s
  9930  2977     cutoff   39      -590.67998 -707.76517  19.8%  29.1 5323s
  9982  2938 -698.51011   19    8 -590.67998 -707.71703  19.8%  29.2 5400s
 10089  3064 -653.37217   25    - -590.67998 -707.32381  19.7%  29.1 5438s
 10196  3022 -608.00674   37    2 -590.67998 -707.32381  19.7%  29.1 5550s
 10301  3137 -640.83133   32    - -590.67998 -707.32381  19.7%  29.0 5587s
 10459  3113 -594.16620   37    2 -590.67998 -706.82533  19.7%  28.9 5712s
 10592  3249     cutoff   39      -590.67998 -705.67907  19.5%  28.8 5760s
 10702  3258 -689.04652   23    - -590.67998 -705.66522  19.5%  28.7 5866s
 10889  3383     cutoff   39      -590.67998 -705.23454  19.4%  28.7 5999s
 11099  3493     cutoff   39      -590.67998 -704.95076  19.3%  28.6 6124s
 11217  3609     cutoff   39      -590.67998 -704.95076  19.3%  28.5 6164s
 11310  3612     cutoff   37      -590.67998 -704.24964  19.2%  28.5 6259s
 11426  3731     cutoff   38      -590.67998 -704.24964  19.2%  28.4 6292s
 11499  3695     cutoff   39      -590.67998 -703.99450  19.2%  28.5 6372s
 11684  3768     cutoff   38      -590.67998 -702.83928  19.0%  28.4 6506s
 11777  3862     cutoff   37      -590.67998 -702.82629  19.0%  28.3 6540s
 11894  3863     cutoff   39      -590.67998 -702.25572  18.9%  28.3 6636s
 12024  3952 -699.34459   21    - -590.67998 -702.00554  18.8%  28.3 6748s
 12112  4046     cutoff   38      -590.67998 -701.31603  18.7%  28.2 6784s
 12217  4023     cutoff   39      -590.67998 -701.30630  18.7%  28.2 6894s
 12288  4113     cutoff   39      -590.67998 -701.22929  18.7%  28.2 6910s
 12426  4113     cutoff   39      -590.67998 -701.21098  18.7%  28.1 7029s
 12512  4193     cutoff   39      -590.67998 -700.64578  18.6%  28.1 7062s
 12632  4206     cutoff   39      -590.67998 -700.64070  18.6%  28.0 7166s

Cutting planes:
  Lazy constraints: 323498

Explored 12797 nodes (359118 simplex iterations) in 7225.76 seconds
Thread count was 4 (of 4 available processors)

Solution count 8: -590.68 -587.82 -584.96 ... -531.62

Time limit reached
Best objective -5.906799838915e+02, best bound -7.003901675340e+02, gap 18.5735%
