
Gurobi 9.0.3 (win64) logging started Sun Jan  2 20:12:25 2022

Changed value of parameter LogFile to Results/sslp2_40_50_200_var_BnC.log
   Prev:   Default: 
Changed value of parameter Heuristics to 0.0
   Prev: 0.05  Min: 0.0  Max: 1.0  Default: 0.05
Changed value of parameter lazyConstraints to 1
   Prev: 0  Min: 0  Max: 1  Default: 0
Changed value of parameter timeLimit to 663.4993479251862
   Prev: inf  Min: 0.0  Max: inf  Default: inf
Gurobi Optimizer version 9.0.3 build v9.0.3rc0 (win64)
Optimize a model with 9150 rows, 280 columns and 596810 nonzeros
Model fingerprint: 0x0e5fc089
Variable types: 240 continuous, 40 integer (40 binary)
Coefficient statistics:
  Matrix range     [1e-13, 5e+05]
  Objective range  [5e-03, 4e+01]
  Bounds range     [1e+00, 1e+00]
  RHS range        [4e-15, 2e+04]
Warning: Model contains large matrix coefficient range
         Consider reformulating model or setting NumericFocus parameter
         to avoid numerical issues.
Presolve added 0 rows and 273 columns
Presolve removed 743 rows and 0 columns
Presolve time: 0.56s
Presolved: 8407 rows, 553 columns, 487023 nonzeros
Variable types: 512 continuous, 41 integer (40 binary)

Root relaxation: objective -4.666281e+02, 1187 iterations, 1.30 seconds

    Nodes    |    Current Node    |     Objective Bounds      |     Work
 Expl Unexpl |  Obj  Depth IntInf | Incumbent    BestBd   Gap | It/Node Time

     0     0 -466.62812    0   28          - -466.62812      -     -    2s
     0     0 -466.62812    0   28          - -466.62812      -     -    3s
     0     0 -466.62812    0   28          - -466.62812      -     -    3s
     0     0 -466.62812    0   28          - -466.62812      -     -    4s
     0     0 -466.62812    0   28          - -466.62812      -     -    4s
     0     0 -466.62812    0   28          - -466.62812      -     -    5s
     0     0 -466.62812    0   28          - -466.62812      -     -    6s
     0     2 -466.62812    0   28          - -466.62812      -     -    7s
    51    56 -463.91208   10   12          - -466.37184      -   104   13s
*   61    59              40    -462.3399876 -466.37184  0.87%  93.4   14s
    70    63 -463.37800   12   13 -462.33999 -466.37184  0.87%  99.2   15s
   204   157     cutoff   15      -462.33999 -465.59867  0.70%  86.0   20s
   321   198 -464.00824    6   12 -462.33999 -465.40123  0.66%  75.2   25s
   425   260 -463.96894    6   14 -462.33999 -465.35612  0.65%  77.6   30s
   552   356 -464.33269   14   15 -462.33999 -465.15742  0.61%  72.5   37s
   628   376 -462.70258   12    3 -462.33999 -465.11512  0.60%  71.5   41s
   726   402 -464.69852   21   28 -462.33999 -464.99855  0.58%  70.3   50s
   728   403 -462.98825    9   28 -462.33999 -464.99855  0.58%  70.1   55s
   731   408 -464.99855   12   25 -462.33999 -464.99855  0.58%  72.1   60s
   735   411 -464.99855   13   20 -462.33999 -464.99855  0.58%  72.8   66s
   751   422 -464.99855   17   23 -462.33999 -464.99855  0.58%  76.6   70s
   793   431 -463.95678   27   14 -462.33999 -464.99855  0.58%  80.7   75s
   870   416 -464.82111   18   17 -462.33999 -464.99855  0.58%  79.0   80s
   964   461 -464.71524   38    7 -462.33999 -464.99855  0.58%  76.7   85s
  1029   477 -463.67363   25   15 -462.33999 -464.99855  0.58%  75.4   90s
  1153   473 -463.05460   23   13 -462.33999 -464.99855  0.58%  72.3   95s
  1231   479 -464.70411   21   20 -462.33999 -464.99855  0.58%  70.5  100s
  1356   457 -464.47109   20   18 -462.33999 -464.97680  0.57%  69.2  107s
  1404   443     cutoff   33      -462.33999 -464.90793  0.56%  68.9  111s
  1476   423     cutoff   18      -462.33999 -464.82013  0.54%  69.2  115s
  1607   422 -463.28156   22    9 -462.33999 -464.71241  0.51%  68.2  120s
  1677   435 -462.40732   26   11 -462.33999 -464.68429  0.51%  67.3  125s
  1751   412     cutoff   33      -462.33999 -464.64866  0.50%  67.2  130s
  1865   397     cutoff   30      -462.33999 -464.55676  0.48%  66.7  135s
  1972   406     cutoff   29      -462.33999 -464.47417  0.46%  66.3  142s
  2016   414     cutoff   23      -462.33999 -464.45718  0.46%  66.2  145s
  2123   414 -462.63793   26   14 -462.33999 -464.36774  0.44%  65.8  151s
  2153   427     cutoff   20      -462.33999 -464.34755  0.43%  66.2  155s
  2261   436 -463.82522   19   13 -462.33999 -464.31539  0.43%  66.1  162s
  2341   448 -463.34534   31    2 -462.33999 -464.29713  0.42%  65.4  166s
  2440   467 -463.60836   32   12 -462.33999 -464.24929  0.41%  65.5  172s
  2516   479 -463.07439   33    3 -462.33999 -464.19862  0.40%  64.9  176s
  2590   488 -463.38557   17   12 -462.33999 -464.16574  0.39%  64.5  180s
  2746   504     cutoff   40      -462.33999 -464.09500  0.38%  63.8  190s
  2843   502     cutoff   26      -462.33999 -464.05550  0.37%  63.4  195s
  3013   579 -463.72468   20   15 -462.33999 -463.96728  0.35%  63.0  204s
  3087   581     cutoff   37      -462.33999 -463.95224  0.35%  62.4  207s
  3153   587     cutoff   40      -462.33999 -463.94232  0.35%  62.0  212s
  3240   614 -462.42679   25   10 -462.33999 -463.92321  0.34%  61.8  218s
  3358   625     cutoff   27      -462.33999 -463.90448  0.34%  61.1  224s
  3449   649 -462.84901   33    7 -462.33999 -463.89461  0.34%  60.8  229s
  3581   640     cutoff   41      -462.33999 -463.84046  0.32%  60.1  236s
  3675   632     cutoff   39      -462.33999 -463.79470  0.31%  60.0  245s
  3795   630 -463.41850   32   13 -462.33999 -463.72119  0.30%  59.5  251s
  3916   616 -463.58212   28   11 -462.33999 -463.65230  0.28%  59.0  258s
  4062   623     cutoff   42      -462.33999 -463.56239  0.26%  58.4  265s
  4178   630 -462.73525   34    2 -462.33999 -463.50141  0.25%  58.1  273s
  4305   587     cutoff   38      -462.33999 -463.43182  0.24%  57.7  281s
  4439   551     cutoff   35      -462.33999 -463.29913  0.21%  57.4  288s
  4582   493 -462.62180   38    4 -462.33999 -463.24841  0.20%  57.1  294s
  4745   398     cutoff   26      -462.33999 -463.12487  0.17%  56.4  301s
  4946   286     cutoff   28      -462.33999 -462.96872  0.14%  55.5  308s
  5135   164     cutoff   38      -462.33999 -462.85044  0.11%  54.5  313s
  5283    29     cutoff   33      -462.33999 -462.73833  0.09%  53.7  319s
  5457     0     cutoff   37      -462.33999 -462.57488  0.05%  52.8  322s

Cutting planes:
  Lazy constraints: 8546

Explored 5511 nodes (290003 simplex iterations) in 324.68 seconds
Thread count was 4 (of 4 available processors)

Solution count 1: -462.34 

Optimal solution found (tolerance 1.00e-04)
Warning: max constraint violation (5.2661e-06) exceeds tolerance
Best objective -4.623399876386e+02, best bound -4.623759268944e+02, gap 0.0078%

User-callback calls 20105, time in user-callback 67.79 sec
