
Gurobi 9.0.3 (win64) logging started Mon Jan  3 03:04:01 2022

Changed value of parameter LogFile to Results/sslp3_20_100_50_var_BendersBnC.log
   Prev:   Default: 
Changed value of parameter Heuristics to 0.0
   Prev: 0.05  Min: 0.0  Max: 1.0  Default: 0.05
Changed value of parameter lazyConstraints to 1
   Prev: 0  Min: 0  Max: 1  Default: 0
Changed value of parameter timeLimit to 7191.461097478867
   Prev: inf  Min: 0.0  Max: inf  Default: inf
Gurobi Optimizer version 9.0.3 build v9.0.3rc0 (win64)
Optimize a model with 797 rows, 90 columns and 21441 nonzeros
Model fingerprint: 0xd7bddd91
Variable types: 70 continuous, 20 integer (20 binary)
Coefficient statistics:
  Matrix range     [2e-13, 9e+05]
  Objective range  [2e-02, 4e+01]
  Bounds range     [1e+00, 1e+00]
  RHS range        [7e-15, 5e+04]
Warning: Model contains large matrix coefficient range
         Consider reformulating model or setting NumericFocus parameter
         to avoid numerical issues.
Presolve added 0 rows and 3 columns
Presolve removed 208 rows and 0 columns
Presolve time: 0.04s
Presolved: 589 rows, 93 columns, 9818 nonzeros
Variable types: 72 continuous, 21 integer (20 binary)

Root relaxation: objective -1.185151e+03, 206 iterations, 0.02 seconds

    Nodes    |    Current Node    |     Objective Bounds      |     Work
 Expl Unexpl |  Obj  Depth IntInf | Incumbent    BestBd   Gap | It/Node Time

     0     0 -1185.1509    0   21          - -1185.1509      -     -    0s
     0     0 -1180.6165    0   17          - -1180.6165      -     -    0s
     0     0 -1179.7919    0   19          - -1179.7919      -     -    0s
     0     0 -1179.5381    0   20          - -1179.5381      -     -    0s
     0     0 -1179.4046    0   20          - -1179.4046      -     -    0s
     0     0 -1179.3619    0   20          - -1179.3619      -     -    0s
     0     0 -1179.3579    0   20          - -1179.3579      -     -    0s
     0     0 -1179.3381    0   20          - -1179.3381      -     -    0s
     0     0 -1179.3340    0   20          - -1179.3340      -     -    0s
     0     0 -1179.3340    0   20          - -1179.3340      -     -    0s
     0     0 -1177.7877    0   18          - -1177.7877      -     -    0s
     0     0 -1176.2424    0   19          - -1176.2424      -     -    0s
     0     0 -1175.8187    0   16          - -1175.8187      -     -    0s
     0     0 -1175.0801    0   17          - -1175.0801      -     -    0s
     0     0 -1174.9403    0   18          - -1174.9403      -     -    0s
     0     0 -1174.7202    0   18          - -1174.7202      -     -    0s
     0     0 -1174.6620    0   18          - -1174.6620      -     -    0s
     0     0 -1174.6221    0   19          - -1174.6221      -     -    0s
     0     0 -1174.6187    0   19          - -1174.6187      -     -    0s
     0     0 -1174.6127    0   19          - -1174.6127      -     -    0s
     0     0 -1174.6120    0   19          - -1174.6120      -     -    0s
     0     0 -1174.0334    0   15          - -1174.0334      -     -    0s
     0     0 -1173.6328    0   14          - -1173.6328      -     -    0s
     0     0 -1173.5398    0   17          - -1173.5398      -     -    0s
     0     0 -1173.4619    0   15          - -1173.4619      -     -    0s
     0     0 -1173.4251    0   16          - -1173.4251      -     -    0s
     0     0 -1173.3899    0   18          - -1173.3899      -     -    0s
     0     0 -1173.3580    0   18          - -1173.3580      -     -    0s
     0     0 -1173.3372    0   19          - -1173.3372      -     -    0s
     0     0 -1173.3210    0   19          - -1173.3210      -     -    0s
     0     0 -1173.3105    0   18          - -1173.3105      -     -    0s
     0     0 -1173.2982    0   17          - -1173.2982      -     -    0s
     0     0 -1173.2843    0   18          - -1173.2843      -     -    1s
     0     0 -1173.2814    0   19          - -1173.2814      -     -    1s
     0     0 -1172.8162    0   17          - -1172.8162      -     -    1s
     0     0 -1172.6324    0   18          - -1172.6324      -     -    1s
     0     0 -1172.6020    0   17          - -1172.6020      -     -    1s
     0     0 -1172.5700    0   18          - -1172.5700      -     -    1s
     0     0 -1172.5316    0   17          - -1172.5316      -     -    1s
     0     0 -1172.5291    0   19          - -1172.5291      -     -    1s
     0     0 -1172.2434    0   11          - -1172.2434      -     -    1s
     0     0 -1172.2002    0   16          - -1172.2002      -     -    1s
     0     0 -1172.1854    0   14          - -1172.1854      -     -    1s
     0     0 -1172.1761    0   17          - -1172.1761      -     -    1s
     0     0 -1172.1744    0   18          - -1172.1744      -     -    1s
     0     0 -1172.1145    0   16          - -1172.1145      -     -    1s
     0     0 -1172.0310    0   16          - -1172.0310      -     -    1s
     0     0 -1172.0112    0   17          - -1172.0112      -     -    1s
     0     0 -1171.9851    0   18          - -1171.9851      -     -    1s
     0     0 -1171.9772    0   18          - -1171.9772      -     -    1s
     0     0 -1171.9751    0   17          - -1171.9751      -     -    1s
     0     0 -1171.9668    0   15          - -1171.9668      -     -    1s
     0     0 -1171.9626    0   16          - -1171.9626      -     -    1s
     0     0 -1171.9591    0   19          - -1171.9591      -     -    1s
     0     0 -1171.9453    0   18          - -1171.9453      -     -    1s
     0     0 -1171.9443    0   18          - -1171.9443      -     -    1s
     0     0 -1171.8562    0   17          - -1171.8562      -     -    1s
     0     0 -1171.8224    0   16          - -1171.8224      -     -    1s
     0     0 -1171.8131    0   19          - -1171.8131      -     -    1s
     0     0 -1171.7961    0   18          - -1171.7961      -     -    1s
     0     0 -1171.7939    0   17          - -1171.7939      -     -    1s
     0     0 -1171.7403    0   16          - -1171.7403      -     -    1s
     0     0 -1171.6982    0   15          - -1171.6982      -     -    1s
     0     0 -1171.6918    0   14          - -1171.6918      -     -    2s
     0     0 -1171.6872    0   15          - -1171.6872      -     -    2s
     0     0 -1171.6839    0   15          - -1171.6839      -     -    2s
     0     0 -1171.6357    0   13          - -1171.6357      -     -    2s
     0     0 -1171.6001    0   16          - -1171.6001      -     -    2s
     0     0 -1171.5842    0   19          - -1171.5842      -     -    2s
     0     0 -1171.5791    0   20          - -1171.5791      -     -    2s
     0     0 -1171.5754    0   19          - -1171.5754      -     -    2s
     0     0 -1171.5682    0   19          - -1171.5682      -     -    2s
     0     0 -1171.5664    0   19          - -1171.5664      -     -    2s
     0     0 -1171.5627    0   19          - -1171.5627      -     -    2s
     0     0 -1171.5547    0   19          - -1171.5547      -     -    2s
     0     0 -1171.5531    0   18          - -1171.5531      -     -    2s
     0     0 -1171.5014    0   17          - -1171.5014      -     -    2s
     0     0 -1171.4780    0   19          - -1171.4780      -     -    2s
     0     0 -1171.4679    0   16          - -1171.4679      -     -    2s
     0     0 -1171.4558    0   19          - -1171.4558      -     -    2s
     0     0 -1171.4525    0   19          - -1171.4525      -     -    2s
     0     0 -1171.4344    0   17          - -1171.4344      -     -    2s
     0     0 -1171.4248    0   19          - -1171.4248      -     -    2s
     0     0 -1171.4168    0   18          - -1171.4168      -     -    2s
     0     0 -1171.4118    0   18          - -1171.4118      -     -    2s
     0     0 -1171.4100    0   18          - -1171.4100      -     -    2s
     0     0 -1171.4029    0   20          - -1171.4029      -     -    2s
     0     0 -1171.3956    0   20          - -1171.3956      -     -    2s
     0     0 -1171.3878    0   19          - -1171.3878      -     -    2s
     0     0 -1171.3862    0   19          - -1171.3862      -     -    2s
     0     0 -1171.3811    0   20          - -1171.3811      -     -    2s
     0     2 -1171.3811    0   20          - -1171.3811      -     -    2s
*   44    37              20    -602.4799859 -1171.3468  94.4%  20.2    5s
*   46    37              20    -817.7799806 -1171.3468  43.2%  20.5    5s
*   65    40              20    -839.4799787 -1171.2727  39.5%  23.8    7s
   100    70 -894.88627   19    2 -839.47998 -1171.2727  39.5%  24.6   10s
*  118    80              20    -839.6399790 -1171.2727  39.5%  24.4   12s
*  120    80              20    -848.1999788 -1171.2727  38.1%  24.5   12s
*  133    77              20    -860.1199777 -1171.1244  36.2%  25.7   14s
   141    80     cutoff   20      -860.11998 -1170.8346  36.1%  26.3   15s
*  186    97              20    -889.4399783 -1170.8346  31.6%  24.8   21s
*  198    97              20    -895.7999779 -1170.8346  30.7%  24.5   23s
*  200    97              20    -924.1999769 -1170.8346  26.7%  24.5   23s
   212    95     cutoff   20      -924.19998 -1169.7043  26.6%  25.3   25s
*  214    95              20    -924.5599776 -1169.7043  26.5%  25.3   25s
*  215    95              20    -928.2799761 -1169.7043  26.0%  25.5   25s
*  221    96              20    -939.7999767 -1168.6406  24.3%  25.5   27s
   261   123     cutoff   20      -939.79998 -1168.6406  24.3%  23.3   30s
   298   122     cutoff   20      -939.79998 -1167.7680  24.3%  23.6   36s
   328   129     cutoff   20      -939.79998 -1167.5005  24.2%  23.3   41s
   365   130 -1138.0469   19    2 -939.79998 -1167.2027  24.2%  23.1   46s
*  373   134              20    -953.9199762 -1167.0223  22.3%  23.4   47s
   402   137     cutoff   20      -953.91998 -1166.8049  22.3%  22.9   52s
   429   143 -1134.3666   17    2 -953.91998 -1166.7766  22.3%  22.5   55s
   475   142 -1077.9747   19    2 -953.91998 -1166.4462  22.3%  22.3   61s
*  494   147              20    -956.4199760 -1166.4204  22.0%  22.4   64s
   508   153 -1162.6751   12    3 -956.41998 -1166.4204  22.0%  22.1   66s
*  520   154              20    -966.3599751 -1166.4204  20.7%  22.2   67s
   540   152 -1133.2008   17    2 -966.35998 -1166.3986  20.7%  21.9   71s
   579   154     cutoff   20      -966.35998 -1166.0401  20.7%  21.9   76s
   613   154 -1158.9716   16    2 -966.35998 -1165.9983  20.7%  21.8   80s
   651   175     cutoff   20      -966.35998 -1165.9983  20.7%  21.4   85s
   718   196     cutoff   20      -966.35998 -1165.8007  20.6%  20.9   91s
   747   198     cutoff   20      -966.35998 -1165.6629  20.6%  21.0   95s
   789   207     cutoff   20      -966.35998 -1165.5523  20.6%  21.0  101s
*  804   209              20    -968.2799758 -1165.4158  20.4%  20.9  103s
   834   223     cutoff   20      -968.27998 -1165.4158  20.4%  20.6  105s
   873   241 -1143.6703    9    2 -968.27998 -1165.3172  20.3%  20.6  110s
   906   242     cutoff   20      -968.27998 -1165.1993  20.3%  20.5  115s
   954   264 -1161.7166   13    4 -968.27998 -1164.8796  20.3%  20.6  120s
   996   264 -1078.0363   19    2 -968.27998 -1164.8184  20.3%  20.5  125s
  1048   278     cutoff   20      -968.27998 -1164.6928  20.3%  20.4  131s
  1079   286 -970.88681   19    2 -968.27998 -1164.5322  20.3%  20.6  136s
  1109   304     cutoff   20      -968.27998 -1164.4676  20.3%  20.5  140s
  1173   317     cutoff   20      -968.27998 -1164.3097  20.2%  20.3  147s
  1203   317     cutoff   20      -968.27998 -1164.2553  20.2%  20.4  150s
  1235   332     cutoff   20      -968.27998 -1164.2057  20.2%  20.3  155s
  1282   346     cutoff   20      -968.27998 -1163.9456  20.2%  20.3  160s
  1322   363 -977.75283   19    2 -968.27998 -1163.5639  20.2%  20.2  166s
  1370   371     cutoff   20      -968.27998 -1163.5176  20.2%  20.2  170s
  1418   378     cutoff   20      -968.27998 -1163.4704  20.2%  20.0  175s
  1464   382     cutoff   20      -968.27998 -1163.4213  20.2%  19.9  181s
  1487   396     cutoff   20      -968.27998 -1163.4208  20.2%  19.9  185s
  1545   399     cutoff   20      -968.27998 -1163.3484  20.1%  19.8  191s
  1587   404 -1010.9879   19    2 -968.27998 -1163.2085  20.1%  19.8  198s
  1603   408     cutoff   20      -968.27998 -1163.1924  20.1%  19.8  200s
  1639   407     cutoff   20      -968.27998 -1163.1052  20.1%  19.8  206s
  1663   423     cutoff   20      -968.27998 -1163.0368  20.1%  19.8  211s
  1701   430 -1075.3676   18    2 -968.27998 -1162.9144  20.1%  19.7  216s
  1738   442     cutoff   20      -968.27998 -1162.8491  20.1%  19.7  220s
  1777   454     cutoff   20      -968.27998 -1162.6733  20.1%  19.6  226s
  1821   463     cutoff   20      -968.27998 -1162.6295  20.1%  19.5  231s
  1863   474 -1091.5754   19    2 -968.27998 -1162.4802  20.1%  19.6  237s
  1892   486     cutoff   20      -968.27998 -1162.4317  20.1%  19.6  241s
  1940   500 -1130.2208   18    2 -968.27998 -1162.3320  20.0%  19.7  245s
  1975   508     cutoff   20      -968.27998 -1162.1569  20.0%  19.6  250s
  2009   531 -1113.1712   19    2 -968.27998 -1162.1303  20.0%  19.6  255s
  2079   529     cutoff   20      -968.27998 -1162.0386  20.0%  19.5  264s
  2100   528 -1129.7272   17    2 -968.27998 -1161.9552  20.0%  19.5  268s
  2127   536     cutoff   20      -968.27998 -1161.9552  20.0%  19.5  273s
  2164   533     cutoff   20      -968.27998 -1161.9552  20.0%  19.4  278s
  2174   539     cutoff   20      -968.27998 -1161.7662  20.0%  19.4  281s
  2224   550     cutoff   20      -968.27998 -1161.7431  20.0%  19.3  289s
  2241   555     cutoff   20      -968.27998 -1161.7404  20.0%  19.2  291s
  2291   560     cutoff   20      -968.27998 -1161.5253  20.0%  19.2  298s
  2308   566 -1067.4682   20    - -968.27998 -1161.4351  19.9%  19.1  301s
  2355   584     cutoff   20      -968.27998 -1161.0671  19.9%  19.1  310s
  2402   594 -1140.2491   19    2 -968.27998 -1161.0626  19.9%  19.1  315s
  2461   629 -1133.3190   18    2 -968.27998 -1161.0626  19.9%  18.9  325s
  2507   646 -1041.8780   18    2 -968.27998 -1161.0626  19.9%  18.7  333s
  2545   660     cutoff   20      -968.27998 -1161.0626  19.9%  18.7  338s
  2586   661 -1099.8395   17    3 -968.27998 -1161.0626  19.9%  18.7  343s
  2634   658     cutoff   20      -968.27998 -1161.0626  19.9%  18.6  349s
  2670   651     cutoff   20      -968.27998 -1161.0626  19.9%  18.7  354s
  2702   638     cutoff   20      -968.27998 -1161.0626  19.9%  18.8  356s
  2737   632     cutoff   20      -968.27998 -1161.0626  19.9%  19.0  360s
  2801   628     cutoff   20      -968.27998 -1161.0626  19.9%  19.1  367s
  2844   655     cutoff   20      -968.27998 -1161.0615  19.9%  19.1  373s
  2887   668 -1134.5585   16    2 -968.27998 -1160.8210  19.9%  19.1  377s
  2915   677 -1128.5968   18    2 -968.27998 -1160.8199  19.9%  19.0  381s
  2991   690     cutoff   20      -968.27998 -1160.6214  19.9%  18.9  390s
  3029   698     cutoff   20      -968.27998 -1160.6214  19.9%  19.0  398s
  3061   710     cutoff   20      -968.27998 -1160.6214  19.9%  18.9  403s
  3086   707     cutoff   20      -968.27998 -1160.6214  19.9%  18.9  407s
  3140   710     cutoff   20      -968.27998 -1160.4937  19.9%  18.8  414s
  3183   722     cutoff   20      -968.27998 -1160.3429  19.8%  18.9  422s
  3202   731     cutoff   20      -968.27998 -1160.2752  19.8%  18.9  426s
  3253   746     cutoff   20      -968.27998 -1160.2472  19.8%  19.0  433s
  3283   759     cutoff   20      -968.27998 -1160.0731  19.8%  18.9  439s
  3339   771     cutoff   20      -968.27998 -1159.9157  19.8%  18.9  448s
  3361   780     cutoff   20      -968.27998 -1159.7860  19.8%  18.9  451s
  3387   798     cutoff   20      -968.27998 -1159.7825  19.8%  18.9  456s
  3442   819     cutoff   20      -968.27998 -1159.6568  19.8%  18.9  461s
  3504   836     cutoff   20      -968.27998 -1159.5500  19.8%  18.8  470s
  3555   859 -986.95608   19    2 -968.27998 -1159.4383  19.7%  18.9  476s
  3588   868     cutoff   20      -968.27998 -1159.4292  19.7%  18.8  480s
  3641   878     cutoff   20      -968.27998 -1159.3802  19.7%  18.8  490s
  3673   898     cutoff   20      -968.27998 -1159.2129  19.7%  18.8  496s
  3720   922 -1131.4632   13    2 -968.27998 -1159.0515  19.7%  18.8  503s
  3752   927 -1139.3796   13    2 -968.27998 -1158.8864  19.7%  18.7  505s
  3782   941 -1097.9068   19    2 -968.27998 -1158.8773  19.7%  18.7  511s
  3850   971     cutoff   20      -968.27998 -1158.6913  19.7%  18.6  523s
  3885   980 -1130.3895   17    - -968.27998 -1158.6687  19.7%  18.6  527s
  3906   995     cutoff   20      -968.27998 -1158.5943  19.7%  18.7  532s
  3971  1014     cutoff   20      -968.27998 -1158.4575  19.6%  18.6  541s
  4000  1024 -1158.4575   14    3 -968.27998 -1158.4575  19.6%  18.6  545s
  4023  1026     cutoff   20      -968.27998 -1158.3285  19.6%  18.6  550s
  4082  1047     cutoff   20      -968.27998 -1158.0951  19.6%  18.6  561s
  4109  1056     cutoff   20      -968.27998 -1157.9850  19.6%  18.7  565s
  4144  1059     cutoff   20      -968.27998 -1157.9096  19.6%  18.6  572s
  4171  1069     cutoff   20      -968.27998 -1157.7416  19.6%  18.7  575s
  4207  1082     cutoff   20      -968.27998 -1157.5747  19.5%  18.6  582s
  4268  1094 -1139.2890   15    2 -968.27998 -1157.4208  19.5%  18.7  589s
  4339  1117 -1129.7597   14    2 -968.27998 -1157.1753  19.5%  18.7  601s
  4400  1137     cutoff   20      -968.27998 -1156.7994  19.5%  18.7  611s
  4436  1147     cutoff   20      -968.27998 -1156.7124  19.5%  18.7  615s
  4474  1149     cutoff   20      -968.27998 -1156.6634  19.5%  18.7  623s
  4501  1154     cutoff   20      -968.27998 -1156.6049  19.4%  18.7  625s
  4535  1161 -1122.5638   18    2 -968.27998 -1156.5925  19.4%  18.8  632s
  4571  1173     cutoff   20      -968.27998 -1156.2721  19.4%  18.7  637s
  4602  1193     cutoff   20      -968.27998 -1155.9480  19.4%  18.8  644s
  4675  1219 -1136.5635    9    2 -968.27998 -1155.5114  19.3%  18.7  654s
  4742  1226     cutoff   20      -968.27998 -1155.1906  19.3%  18.8  664s
  4779  1238     cutoff   20      -968.27998 -1155.1700  19.3%  18.8  669s
  4814  1242     cutoff   20      -968.27998 -1154.6005  19.2%  18.8  674s
  4846  1250     cutoff   20      -968.27998 -1153.8055  19.2%  18.8  678s
  4885  1271 -1132.7763   18    2 -968.27998 -1153.6055  19.1%  18.8  686s
  4929  1287 -1139.4404   11    2 -968.27998 -1153.0921  19.1%  18.8  692s
  4974  1306 -1113.4368   15    2 -968.27998 -1153.0780  19.1%  18.8  701s
  5021  1326     cutoff   20      -968.27998 -1152.8894  19.1%  18.7  708s
  5054  1326     cutoff   20      -968.27998 -1152.7301  19.0%  18.7  715s
  5135  1358     cutoff   20      -968.27998 -1152.1066  19.0%  18.7  730s
  5179  1372 -1141.6236   10    3 -968.27998 -1150.9251  18.9%  18.8  735s
  5223  1379     cutoff   20      -968.27998 -1150.7098  18.8%  18.8  742s
* 5224  1377              20    -968.9399760 -1150.7098  18.8%  18.8  743s
  5257  1386     cutoff   20      -968.93998 -1150.5093  18.7%  18.8  746s
  5292  1407     cutoff   20      -968.93998 -1150.2490  18.7%  18.8  753s
  5374  1432     cutoff   20      -968.93998 -1149.4558  18.6%  18.7  767s
  5455  1448 -1091.6381   18    2 -968.93998 -1148.4004  18.5%  18.7  780s
  5525  1477     cutoff   20      -968.93998 -1147.7984  18.5%  18.7  793s
  5567  1493 -1109.6858   20    - -968.93998 -1147.2385  18.4%  18.7  799s
  5607  1500     cutoff   20      -968.93998 -1147.1113  18.4%  18.7  807s
  5679  1523     cutoff   20      -968.93998 -1146.3849  18.3%  18.7  821s
  5740  1528     cutoff   20      -968.93998 -1146.0691  18.3%  18.7  833s
  5802  1540     cutoff   20      -968.93998 -1145.4224  18.2%  18.7  847s
  5844  1557     cutoff   20      -968.93998 -1144.8571  18.2%  18.7  853s
  5874  1567     cutoff   20      -968.93998 -1144.8565  18.2%  18.7  863s
* 5876  1558              20    -971.0199754 -1144.8565  17.9%  18.7  863s
* 5920  1575              20    -971.1399756 -1144.8562  17.9%  18.7  870s
  5949  1588     cutoff   20      -971.13998 -1144.4728  17.8%  18.7  879s
  5999  1607     cutoff   20      -971.13998 -1144.0344  17.8%  18.6  887s
  6026  1616 -1138.4650   10    3 -971.13998 -1143.9316  17.8%  18.6  895s
  6106  1639     cutoff   20      -971.13998 -1143.7748  17.8%  18.5  912s
  6179  1668     cutoff   20      -971.13998 -1143.4518  17.7%  18.5  928s
  6251  1687     cutoff   20      -971.13998 -1143.2255  17.7%  18.5  944s
  6273  1697     cutoff   20      -971.13998 -1143.2237  17.7%  18.5  948s
  6314  1699     cutoff   20      -971.13998 -1143.0671  17.7%  18.4  958s
  6348  1713     cutoff   20      -971.13998 -1142.8114  17.7%  18.4  963s
  6377  1738     cutoff   20      -971.13998 -1142.7748  17.7%  18.4  973s
  6462  1767 -1130.6672   11    2 -971.13998 -1142.5046  17.6%  18.4  988s
  6545  1802     cutoff   20      -971.13998 -1142.3567  17.6%  18.3 1002s
  6630  1834     cutoff   20      -971.13998 -1142.0912  17.6%  18.3 1017s
  6709  1860     cutoff   20      -971.13998 -1142.0150  17.6%  18.2 1032s
  6760  1875 -1110.8766   20    - -971.13998 -1141.9569  17.6%  18.2 1039s
  6789  1870     cutoff   20      -971.13998 -1141.7438  17.6%  18.2 1050s
  6855  1903     cutoff   20      -971.13998 -1141.6441  17.6%  18.2 1066s
* 6856  1846              20    -984.0799753 -1141.6441  16.0%  18.2 1066s
  6900  1863 -1128.1592   14    2 -984.07998 -1141.4849  16.0%  18.2 1073s
  6945  1858     cutoff   20      -984.07998 -1141.4286  16.0%  18.1 1082s
  6996  1870     cutoff   20      -984.07998 -1141.2764  16.0%  18.1 1097s
  7043  1890 -1117.1295   10    2 -984.07998 -1141.2219  16.0%  18.1 1105s
  7079  1907 -1107.8387   20    - -984.07998 -1141.1939  16.0%  18.1 1117s
  7147  1929 -1118.1782    9    2 -984.07998 -1141.1067  16.0%  18.1 1131s
  7181  1943     cutoff   20      -984.07998 -1140.9890  15.9%  18.1 1135s
  7219  1973 -1106.1348   17    2 -984.07998 -1140.9883  15.9%  18.1 1145s
  7302  2004     cutoff   20      -984.07998 -1140.9050  15.9%  18.0 1160s
  7390  2036 -1133.9964   14   20 -984.07998 -1140.7793  15.9%  17.9 1185s
  7392  2037 -1104.2968   16   21 -984.07998 -1140.7793  15.9%  17.9 1211s
  7395  2042 -1140.7793   13   18 -984.07998 -1140.7793  15.9%  18.0 1244s
  7397  2044 -1140.7793   14   16 -984.07998 -1140.7793  15.9%  18.0 1260s
  7399  2042 -1140.7793   14    9 -984.07998 -1140.7793  15.9%  18.0 1269s
  7401  2043 -1140.7793   15   13 -984.07998 -1140.7793  15.9%  18.0 1285s
  7403  2043 -1140.7793   15    5 -984.07998 -1140.7793  15.9%  18.0 1292s
  7405  2044 -1140.7793   16   12 -984.07998 -1140.7793  15.9%  18.0 1303s
  7407  2044 -1140.7793   16    5 -984.07998 -1140.7793  15.9%  18.0 1308s
  7409  2046 -1140.7793   17   12 -984.07998 -1140.7793  15.9%  18.1 1318s
  7411  2049 -1140.7793   17    5 -984.07998 -1140.7793  15.9%  18.1 1326s
  7415  2051 -1140.7793   18    6 -984.07998 -1140.7793  15.9%  18.1 1333s
  7419  2054 -1140.7793   19    6 -984.07998 -1140.7793  15.9%  18.1 1339s
  7424  2060 -1140.7793   20    4 -984.07998 -1140.7793  15.9%  18.1 1344s
  7431  2065 -1140.7793   22    4 -984.07998 -1140.7793  15.9%  18.2 1347s
  7446  2078 -1140.7793   25    4 -984.07998 -1140.7793  15.9%  18.2 1352s
  7466  2078 -1140.7793   29    3 -984.07998 -1140.7793  15.9%  18.2 1356s
  7499  2073     cutoff   33      -984.07998 -1140.7793  15.9%  18.3 1363s
  7515  2078     cutoff   34      -984.07998 -1140.7793  15.9%  18.3 1365s
  7551  2080 -1131.7080   30    2 -984.07998 -1140.7793  15.9%  18.4 1372s
  7574  2079 -1087.1493   34    2 -984.07998 -1140.7793  15.9%  18.4 1375s
  7609  2071 -1137.7588   26    2 -984.07998 -1140.7793  15.9%  18.4 1381s
  7627  2072 -1082.3468   30    2 -984.07998 -1140.7793  15.9%  18.5 1385s
  7670  2083 -1140.7793   21    5 -984.07998 -1140.7793  15.9%  18.5 1393s
  7690  2083 -1134.6055   26    3 -984.07998 -1140.7793  15.9%  18.5 1397s
  7708  2084 -1101.0317   29    2 -984.07998 -1140.7793  15.9%  18.5 1401s
  7723  2087 -1094.3319   34    2 -984.07998 -1140.7793  15.9%  18.6 1405s
  7753  2090 -1057.6543   35    2 -984.07998 -1140.7793  15.9%  18.6 1414s
  7781  2094     cutoff   36      -984.07998 -1140.7793  15.9%  18.6 1420s
  7807  2094 -1123.6045   26    7 -984.07998 -1140.7793  15.9%  18.6 1425s
  7848  2107 -1140.1909   22    5 -984.07998 -1140.7793  15.9%  18.7 1432s
  7879  2101 -1132.7494   27    2 -984.07998 -1140.7793  15.9%  18.7 1435s
  7909  2107 -1112.7387   28    2 -984.07998 -1140.7793  15.9%  18.7 1442s
  7929  2104     cutoff   35      -984.07998 -1140.7793  15.9%  18.7 1447s
  7949  2108 -1072.3880   35    2 -984.07998 -1140.7793  15.9%  18.8 1453s
  7982  2117     cutoff   36      -984.07998 -1140.7793  15.9%  18.8 1460s
  8024  2114     cutoff   35      -984.07998 -1140.7793  15.9%  18.8 1467s
  8075  2114     cutoff   36      -984.07998 -1140.7793  15.9%  18.8 1475s
  8118  2112 -1083.0664   31    2 -984.07998 -1140.7793  15.9%  18.8 1483s
  8156  2123 -1081.1948   33    2 -984.07998 -1140.7793  15.9%  18.9 1490s
  8202  2117     cutoff   36      -984.07998 -1140.7793  15.9%  18.9 1498s
  8218  2118 -1041.7368   36    2 -984.07998 -1140.7793  15.9%  18.9 1503s
  8254  2125     cutoff   37      -984.07998 -1140.7793  15.9%  18.9 1511s
  8298  2130     cutoff   35      -984.07998 -1140.7793  15.9%  18.9 1520s
  8340  2135     cutoff   36      -984.07998 -1140.7793  15.9%  18.9 1528s
  8369  2131     cutoff   35      -984.07998 -1140.7793  15.9%  19.0 1530s
  8394  2147     cutoff   34      -984.07998 -1140.7793  15.9%  19.0 1538s
  8435  2150     cutoff   35      -984.07998 -1140.7793  15.9%  19.0 1545s
  8493  2156     cutoff   34      -984.07998 -1140.7793  15.9%  19.0 1556s
  8555  2162     cutoff   35      -984.07998 -1140.7793  15.9%  19.0 1565s
  8624  2156 -1071.8822   32    2 -984.07998 -1140.7793  15.9%  19.1 1573s
  8655  2149     cutoff   38      -984.07998 -1140.7793  15.9%  19.1 1575s
  8694  2152     cutoff   34      -984.07998 -1140.7793  15.9%  19.1 1583s
  8784  2139 -1097.6375   34    2 -984.07998 -1140.7793  15.9%  19.2 1592s
  8863  2123     cutoff   35      -984.07998 -1140.7793  15.9%  19.2 1603s
  8950  2123 -1089.1458   34    2 -984.07998 -1140.7793  15.9%  19.3 1615s
  9044  2091     cutoff   36      -984.07998 -1140.7793  15.9%  19.3 1628s
  9109  2080 -1069.9000   32    2 -984.07998 -1140.7793  15.9%  19.4 1639s
  9161  2074     cutoff   35      -984.07998 -1140.7793  15.9%  19.4 1644s
  9215  2066 -1067.1550   36    2 -984.07998 -1140.7793  15.9%  19.4 1656s
  9322  2032 -1036.7667   37    2 -984.07998 -1140.7793  15.9%  19.4 1671s
  9415  2033     cutoff   38      -984.07998 -1140.7793  15.9%  19.5 1685s
  9522  2036     cutoff   38      -984.07998 -1140.7793  15.9%  19.5 1701s
  9619  2026     cutoff   35      -984.07998 -1140.7793  15.9%  19.5 1716s
  9721  2015     cutoff   26      -984.07998 -1140.7793  15.9%  19.6 1732s
  9781  2006 -1121.1385   29    2 -984.07998 -1140.7793  15.9%  19.6 1736s
  9826  2027     cutoff   35      -984.07998 -1140.7793  15.9%  19.6 1753s
  9938  2036 -1077.3441   35    2 -984.07998 -1140.7793  15.9%  19.6 1773s
 10051  2046     cutoff   36      -984.07998 -1140.7793  15.9%  19.7 1793s
 10119  2035 -1058.1534   36    2 -984.07998 -1140.7793  15.9%  19.7 1797s
 10188  2043 -1113.9011   31    2 -984.07998 -1140.7793  15.9%  19.7 1814s
 10320  2051     cutoff   35      -984.07998 -1140.7793  15.9%  19.7 1840s
 10387  2049     cutoff   36      -984.07998 -1140.7793  15.9%  19.7 1847s
 10466  2057 -1095.2146   35    2 -984.07998 -1140.7793  15.9%  19.7 1867s
 10623  2065     cutoff   36      -984.07998 -1140.7793  15.9%  19.7 1895s
 10784  2069 -1067.2158   36    2 -984.07998 -1140.7793  15.9%  19.7 1921s
 10942  2066 -1110.3754   32    2 -984.07998 -1140.7793  15.9%  19.7 1947s
 11068  2074 -1072.9727   35    2 -984.07998 -1140.7793  15.9%  19.7 1975s
 11220  2086 -1114.0675   26    2 -984.07998 -1140.7793  15.9%  19.7 2008s
 11401  2108     cutoff   35      -984.07998 -1140.7793  15.9%  19.7 2041s
 11589  2095 -1103.1764   34    2 -984.07998 -1140.7793  15.9%  19.7 2071s
 11677  2089     cutoff   35      -984.07998 -1140.5879  15.9%  19.7 2078s
 11757  2098     cutoff   35      -984.07998 -1140.5551  15.9%  19.8 2102s
 11946  2098 -1116.3688   28    2 -984.07998 -1140.0618  15.9%  19.8 2134s
 12143  2105     cutoff   35      -984.07998 -1139.8851  15.8%  19.8 2170s
 12214  2096 -1022.0334   37    2 -984.07998 -1139.6494  15.8%  19.8 2175s
 12311  2103 -1102.6780   34    2 -984.07998 -1139.4888  15.8%  19.8 2200s
 12404  2097 -1118.5500   23    2 -984.07998 -1139.3571  15.8%  19.8 2209s
 12473  2098 -1067.0465   36    2 -984.07998 -1139.2817  15.8%  19.8 2234s
 12545  2095 -1067.6433   35    2 -984.07998 -1139.1913  15.8%  19.9 2242s
*12546  1989              36    -984.3799746 -1139.1913  15.7%  19.9 2242s
 12659  1991 -1094.5269   33    2 -984.37997 -1139.0836  15.7%  19.9 2274s
 12772  1986 -1042.2591   37    2 -984.37997 -1138.7548  15.7%  19.9 2283s
 12875  2004 -1018.2575   35    2 -984.37997 -1138.6969  15.7%  19.9 2314s
 12997  1989     cutoff   38      -984.37997 -1138.6969  15.7%  19.8 2322s
 13096  2003     cutoff   36      -984.37997 -1138.3241  15.6%  19.9 2351s
 13278  2037     cutoff   37      -984.37997 -1138.1893  15.6%  19.9 2385s
 13372  2054 -1119.0032   25    2 -984.37997 -1138.1643  15.6%  19.9 2390s
 13484  2095     cutoff   36      -984.37997 -1137.6425  15.6%  19.9 2420s
 13693  2168     cutoff   37      -984.37997 -1137.3161  15.5%  19.9 2456s
 13797  2195     cutoff   35      -984.37997 -1137.1380  15.5%  19.9 2465s
 13879  2231     cutoff   37      -984.37997 -1136.7779  15.5%  19.9 2492s
 14100  2284     cutoff   35      -984.37997 -1136.4501  15.4%  19.9 2535s
 14182  2298     cutoff   37      -984.37997 -1136.2911  15.4%  19.9 2541s
 14292  2355     cutoff   36      -984.37997 -1136.2740  15.4%  19.9 2570s
 14478  2392     cutoff   37      -984.37997 -1135.7897  15.4%  19.9 2606s
 14680  2444     cutoff   35      -984.37997 -1135.3946  15.3%  19.9 2648s
 14879  2477     cutoff   35      -984.37997 -1134.9128  15.3%  20.0 2689s
 15071  2502     cutoff   36      -984.37997 -1134.2095  15.2%  20.0 2733s
 15163  2521     cutoff   36      -984.37997 -1133.5737  15.2%  20.0 2741s
 15253  2511 -1069.7949   35    2 -984.37997 -1133.3522  15.1%  20.1 2771s
 15425  2529 -1128.3274   31    4 -984.37997 -1132.2512  15.0%  20.1 2805s
 15612  2544     cutoff   36      -984.37997 -1131.5748  15.0%  20.1 2838s
 15800  2531     cutoff   35      -984.37997 -1130.5961  14.9%  20.2 2872s
 15969  2548 -1056.6711   35    2 -984.37997 -1128.6531  14.7%  20.2 2903s
 16147  2543     cutoff   36      -984.37997 -1127.3286  14.5%  20.2 2935s
 16229  2567     cutoff   37      -984.37997 -1126.5621  14.4%  20.3 2944s
 16310  2576 -1063.7059   34    2 -984.37997 -1124.5570  14.2%  20.3 2973s
 16407  2604 -1057.6697   35    - -984.37997 -1123.9041  14.2%  20.3 2984s
 16484  2626 -1031.9862   37    2 -984.37997 -1123.7172  14.2%  20.3 3013s
 16554  2642 -1093.4158   33    2 -984.37997 -1123.0875  14.1%  20.3 3018s
 16638  2665 -1096.6786   29    2 -984.37997 -1123.0529  14.1%  20.3 3051s
 16799  2698 -1060.9961   36    2 -984.37997 -1122.4711  14.0%  20.3 3091s
 16982  2763     cutoff   37      -984.37997 -1122.1177  14.0%  20.3 3135s
 17151  2809 -1024.0981   37    2 -984.37997 -1121.4506  13.9%  20.3 3175s
 17241  2841     cutoff   36      -984.37997 -1121.1349  13.9%  20.3 3187s
 17329  2867 -1114.8302   30    2 -984.37997 -1121.0649  13.9%  20.3 3220s
 17417  2895     cutoff   37      -984.37997 -1120.9950  13.9%  20.3 3229s
 17496  2899     cutoff   36      -984.37997 -1120.8081  13.9%  20.4 3259s
 17593  2928     cutoff   36      -984.37997 -1120.5352  13.8%  20.4 3270s
 17677  2946 -1050.9482   37    2 -984.37997 -1120.2500  13.8%  20.4 3304s
 17847  2991     cutoff   38      -984.37997 -1120.0566  13.8%  20.4 3346s
 18048  3034     cutoff   39      -984.37997 -1119.6148  13.7%  20.4 3386s
 18213  3079 -1119.3606   26    2 -984.37997 -1119.3698  13.7%  20.4 3430s
 18308  3109     cutoff   36      -984.37997 -1119.0434  13.7%  20.4 3440s
 18402  3134     cutoff   36      -984.37997 -1119.0330  13.7%  20.4 3475s
 18483  3156 -1113.3043   28    2 -984.37997 -1118.9585  13.7%  20.4 3483s
 18567  3185     cutoff   35      -984.37997 -1118.7936  13.7%  20.4 3517s
 18714  3233 -1080.6172   31    2 -984.37997 -1118.6273  13.6%  20.4 3557s
 18786  3258     cutoff   37      -984.37997 -1118.4813  13.6%  20.4 3565s
 18879  3278 -1060.2989   36    2 -984.37997 -1118.4754  13.6%  20.4 3599s
 19058  3322 -1031.9275   37    2 -984.37997 -1118.2857  13.6%  20.4 3639s
 19206  3363 -1107.6586   24    2 -984.37997 -1118.0381  13.6%  20.4 3679s
 19378  3416     cutoff   35      -984.37997 -1117.7917  13.6%  20.4 3724s
 19566  3479     cutoff   36      -984.37997 -1117.4987  13.5%  20.4 3775s
 19739  3518     cutoff   36      -984.37997 -1117.4134  13.5%  20.4 3820s
 19916  3571 -1069.8795   36    2 -984.37997 -1117.1226  13.5%  20.4 3862s
 20004  3593 -1064.8429   36    2 -984.37997 -1117.0458  13.5%  20.4 3869s
 20084  3621     cutoff   37      -984.37997 -1116.9571  13.5%  20.4 3904s
 20160  3643 -1105.6125   33    2 -984.37997 -1116.9257  13.5%  20.4 3913s
 20241  3683 -1041.4758   37    2 -984.37997 -1116.7540  13.4%  20.4 3947s
 20412  3731     cutoff   38      -984.37997 -1116.5701  13.4%  20.4 3989s
 20574  3763     cutoff   36      -984.37997 -1116.2831  13.4%  20.4 4031s
 20674  3790 -1081.3161   35    2 -984.37997 -1116.1515  13.4%  20.4 4041s
 20763  3813 -1081.1458   35    2 -984.37997 -1116.1023  13.4%  20.4 4078s
 20847  3836     cutoff   36      -984.37997 -1115.9576  13.4%  20.4 4086s
 20919  3867     cutoff   36      -984.37997 -1115.8765  13.4%  20.4 4122s
 21081  3905 -1051.5191   36    2 -984.37997 -1115.7482  13.3%  20.4 4166s
 21251  3960     cutoff   37      -984.37997 -1115.5175  13.3%  20.4 4216s
 21335  3986     cutoff   36      -984.37997 -1115.4742  13.3%  20.4 4226s
 21440  4006 -1018.3514   37    2 -984.37997 -1115.3359  13.3%  20.4 4266s
 21618  4054     cutoff   38      -984.37997 -1115.1269  13.3%  20.4 4312s
 21699  4078     cutoff   37      -984.37997 -1115.1131  13.3%  20.4 4320s
 21779  4090 -1061.0213   35    2 -984.37997 -1114.9755  13.3%  20.4 4356s
 21942  4138     cutoff   37      -984.37997 -1114.7790  13.2%  20.4 4402s
 22107  4183     cutoff   37      -984.37997 -1114.6704  13.2%  20.4 4451s
 22186  4207     cutoff   36      -984.37997 -1114.6600  13.2%  20.4 4460s
 22273  4240     cutoff   35      -984.37997 -1114.5098  13.2%  20.4 4498s
 22441  4289     cutoff   36      -984.37997 -1114.3765  13.2%  20.4 4546s
 22524  4311 -1055.1620   33    2 -984.37997 -1114.2423  13.2%  20.4 4554s
 22608  4334 -1049.6452   36    2 -984.37997 -1114.2069  13.2%  20.4 4591s
 22775  4366     cutoff   37      -984.37997 -1113.9996  13.2%  20.4 4638s
 22947  4400 -1077.2243   35    2 -984.37997 -1113.7993  13.1%  20.4 4684s
 23026  4430     cutoff   37      -984.37997 -1113.7634  13.1%  20.4 4695s
 23110  4421     cutoff   36      -984.37997 -1113.5687  13.1%  20.4 4731s
 23203  4451 -1046.6303   36    2 -984.37997 -1113.5256  13.1%  20.4 4743s
 23278  4463 -1039.7928   36    2 -984.37997 -1113.2792  13.1%  20.4 4781s
 23458  4510     cutoff   37      -984.37997 -1113.1897  13.1%  20.4 4827s
 23540  4530     cutoff   37      -984.37997 -1113.0786  13.1%  20.4 4834s
 23621  4531     cutoff   36      -984.37997 -1113.0771  13.1%  20.4 4873s
 23710  4560 -1111.1290   31    2 -984.37997 -1112.9794  13.1%  20.4 4884s
 23797  4575 -1039.6240   36    2 -984.37997 -1112.7617  13.0%  20.4 4924s
 23974  4608     cutoff   37      -984.37997 -1112.6324  13.0%  20.4 4974s
 24052  4634     cutoff   36      -984.37997 -1112.6324  13.0%  20.4 4984s
 24131  4647 -1068.9664   35    2 -984.37997 -1112.4307  13.0%  20.4 5023s
 24284  4672     cutoff   36      -984.37997 -1112.1701  13.0%  20.4 5070s
 24447  4697     cutoff   37      -984.37997 -1111.8950  13.0%  20.4 5116s
 24599  4740 -1073.9230   35    2 -984.37997 -1111.7425  12.9%  20.4 5164s
 24688  4762     cutoff   37      -984.37997 -1111.7421  12.9%  20.4 5173s
 24774  4771     cutoff   36      -984.37997 -1111.4729  12.9%  20.4 5214s
 24931  4814     cutoff   36      -984.37997 -1111.3312  12.9%  20.4 5263s
 25103  4859 -1050.8727   36    2 -984.37997 -1111.1268  12.9%  20.3 5311s
 25187  4885 -1091.3468   27    2 -984.37997 -1111.0524  12.9%  20.3 5321s
 25270  4874     cutoff   37      -984.37997 -1110.9459  12.9%  20.3 5360s
 25357  4905     cutoff   37      -984.37997 -1110.6737  12.8%  20.3 5372s
 25427  4919 -1013.7994   37    2 -984.37997 -1110.6472  12.8%  20.3 5410s
 25578  4939     cutoff   35      -984.37997 -1110.5415  12.8%  20.3 5454s
 25650  4958     cutoff   38      -984.37997 -1110.5295  12.8%  20.3 5461s
 25721  4951     cutoff   35      -984.37997 -1110.2234  12.8%  20.3 5500s
 25800  4974 -1105.2670   29    2 -984.37997 -1110.1942  12.8%  20.3 5509s
 25876  4973 -1047.3297   36    2 -984.37997 -1109.9777  12.8%  20.3 5550s
 25955  4996     cutoff   35      -984.37997 -1109.9687  12.8%  20.3 5559s
 26037  4987     cutoff   37      -984.37997 -1109.8203  12.7%  20.3 5597s
 26113  5010     cutoff   35      -984.37997 -1109.8147  12.7%  20.3 5606s
 26192  5021     cutoff   36      -984.37997 -1109.8034  12.7%  20.3 5647s
 26277  5041 -1089.5947   28    2 -984.37997 -1109.5415  12.7%  20.3 5655s
 26345  5045     cutoff   36      -984.37997 -1109.5415  12.7%  20.3 5695s
 26492  5074 -1107.1305   31    2 -984.37997 -1109.2809  12.7%  20.3 5747s
 26670  5114 -1071.8405   35    2 -984.37997 -1109.0653  12.7%  20.3 5799s
 26832  5138 -1108.4738   29    2 -984.37997 -1108.8157  12.6%  20.2 5849s
 26992  5155     cutoff   36      -984.37997 -1108.4176  12.6%  20.2 5900s
 27153  5175 -1038.1996   35    2 -984.37997 -1108.2137  12.6%  20.2 5952s
 27310  5187     cutoff   33      -984.37997 -1107.9512  12.6%  20.2 6002s
 27464  5209     cutoff   35      -984.37997 -1107.7399  12.5%  20.2 6053s
 27535  5228     cutoff   37      -984.37997 -1107.7178  12.5%  20.2 6061s
 27610  5209     cutoff   35      -984.37997 -1107.5255  12.5%  20.2 6103s
 27685  5233     cutoff   35      -984.37997 -1107.4853  12.5%  20.2 6113s
 27768  5235     cutoff   35      -984.37997 -1107.3106  12.5%  20.2 6160s
 27846  5256 -1107.0728   31    2 -984.37997 -1107.2725  12.5%  20.2 6173s
 27934  5255     cutoff   36      -984.37997 -1107.0451  12.5%  20.2 6214s
 28021  5277     cutoff   35      -984.37997 -1107.0442  12.5%  20.2 6223s
 28107  5259 -1038.7252   36    2 -984.37997 -1106.8871  12.4%  20.2 6266s
 28184  5283 -990.77997   35    - -984.37997 -1106.8727  12.4%  20.2 6276s
 28259  5282     cutoff   37      -984.37997 -1106.4791  12.4%  20.2 6320s
 28434  5294     cutoff   36      -984.37997 -1106.2672  12.4%  20.2 6375s
 28599  5327 -1103.9395   33    2 -984.37997 -1106.0187  12.4%  20.2 6429s
 28771  5345     cutoff   35      -984.37997 -1105.7301  12.3%  20.2 6484s
 28931  5349 -1068.9685   35    2 -984.37997 -1105.4133  12.3%  20.2 6546s
 29016  5377     cutoff   35      -984.37997 -1105.3888  12.3%  20.1 6562s
 29093  5369     cutoff   36      -984.37997 -1105.1520  12.3%  20.1 6619s
 29183  5394     cutoff   36      -984.37997 -1105.1443  12.3%  20.1 6640s
 29264  5411     cutoff   36      -984.37997 -1104.9534  12.2%  20.1 6690s
 29350  5433     cutoff   37      -984.37997 -1104.8955  12.2%  20.1 6699s
 29443  5418     cutoff   36      -984.37997 -1104.7244  12.2%  20.1 6744s
 29613  5437     cutoff   37      -984.37997 -1104.4545  12.2%  20.1 6800s
 29706  5464 -1038.4128   36    2 -984.37997 -1104.4292  12.2%  20.1 6812s
 29787  5462     cutoff   35      -984.37997 -1104.2284  12.2%  20.1 6858s
 29875  5485     cutoff   37      -984.37997 -1104.2147  12.2%  20.1 6867s
 29957  5478 -1102.0377   33    2 -984.37997 -1103.9687  12.1%  20.1 6913s
 30112  5484 -1073.5205   34    2 -984.37997 -1103.6289  12.1%  20.1 6966s
 30284  5494     cutoff   36      -984.37997 -1103.2791  12.1%  20.0 7024s
 30460  5502     cutoff   36      -984.37997 -1102.9552  12.0%  20.0 7079s
 30622  5523     cutoff   36      -984.37997 -1102.4840  12.0%  20.0 7139s
 30797  5554 -1033.5602   35    2 -984.37997 -1102.2050  12.0%  20.0 7191s
 30858  5572     cutoff   36      -984.37997 -1102.1508  12.0%  20.0 7198s

Cutting planes:
  Lazy constraints: 280699

Explored 30928 nodes (620900 simplex iterations) in 7206.91 seconds
Thread count was 4 (of 4 available processors)

Solution count 10: -984.38 -984.08 -971.14 ... -939.8

Time limit reached
Best objective -9.843799746219e+02, best bound -1.101976954029e+03, gap 11.9463%

User-callback calls 117322, time in user-callback 3077.11 sec
