
Gurobi 8.1.1 (win64) logging started 07/06/20 00:58:44

Changed value of parameter LogFile to Results/sslp1_40_50_50_BendersBnC.log
   Prev: gurobi.log  Default: 
Changed value of parameter Heuristics to 0.0
   Prev: 0.05  Min: 0.0  Max: 1.0  Default: 0.05
Changed value of parameter lazyConstraints to 1
   Prev: 0  Min: 0  Max: 1  Default: 0
Changed value of parameter timeLimit to 7193.13836979866
   Prev: 1e+100  Min: 0.0  Max: 1e+100  Default: 1e+100
Optimize a model with 701 rows, 90 columns and 17574 nonzeros
Variable types: 50 continuous, 40 integer (40 binary)
Coefficient statistics:
  Matrix range     [2e-13, 9e+05]
  Objective range  [2e-02, 8e+01]
  Bounds range     [1e+00, 1e+00]
  RHS range        [1e-13, 1e+04]
Warning: Model contains large matrix coefficient range
         Consider reformulating model or setting NumericFocus parameter
         to avoid numerical issues.
Presolve removed 67 rows and 0 columns
Presolve time: 0.02s
Presolved: 634 rows, 90 columns, 16862 nonzeros
Variable types: 50 continuous, 40 integer (40 binary)

Root relaxation: objective -5.623400e+02, 152 iterations, 0.01 seconds

    Nodes    |    Current Node    |     Objective Bounds      |     Work
 Expl Unexpl |  Obj  Depth IntInf | Incumbent    BestBd   Gap | It/Node Time

     0     0 -562.33996    0   14          - -562.33996      -     -    0s
     0     0 -561.84974    0   12          - -561.84974      -     -    0s
     0     0 -561.60557    0   10          - -561.60557      -     -    0s
     0     0 -561.20118    0   10          - -561.20118      -     -    0s
     0     0 -560.92288    0   11          - -560.92288      -     -    0s
     0     0 -560.70077    0   15          - -560.70077      -     -    0s
     0     0 -560.53824    0   13          - -560.53824      -     -    0s
     0     0 -560.46460    0   13          - -560.46460      -     -    0s
     0     0 -560.32095    0   13          - -560.32095      -     -    0s
     0     0 -560.26950    0   12          - -560.26950      -     -    0s
     0     0 -560.11448    0   13          - -560.11448      -     -    0s
     0     0 -559.99999    0   13          - -559.99999      -     -    0s
     0     0 -559.85169    0   13          - -559.85169      -     -    0s
     0     0 -559.78480    0   11          - -559.78480      -     -    0s
     0     0 -559.71975    0   12          - -559.71975      -     -    0s
     0     0 -559.63140    0   11          - -559.63140      -     -    0s
     0     0 -559.54076    0   11          - -559.54076      -     -    0s
     0     0 -559.44389    0   12          - -559.44389      -     -    0s
     0     0 -559.33062    0   11          - -559.33062      -     -    0s
     0     0 -559.20644    0   11          - -559.20644      -     -    0s
     0     0 -559.15338    0   12          - -559.15338      -     -    0s
     0     0 -559.06539    0   12          - -559.06539      -     -    0s
     0     0 -559.03265    0   11          - -559.03265      -     -    0s
     0     0 -558.99216    0   11          - -558.99216      -     -    0s
     0     0 -558.90751    0   10          - -558.90751      -     -    0s
     0     0 -558.82322    0   11          - -558.82322      -     -    0s
     0     0 -558.79674    0   10          - -558.79674      -     -    0s
     0     0 -558.77875    0   10          - -558.77875      -     -    0s
     0     0 -558.73260    0    9          - -558.73260      -     -    0s
     0     0 -558.56766    0    9          - -558.56766      -     -    0s
     0     0 -558.54456    0    8          - -558.54456      -     -    0s
     0     0 -558.47542    0    8          - -558.47542      -     -    0s
     0     0 -558.46389    0    8          - -558.46389      -     -    0s
     0     0 -558.45020    0    8          - -558.45020      -     -    0s
     0     0 -558.44203    0   10          - -558.44203      -     -    0s
     0     0 -558.42694    0    9          - -558.42694      -     -    0s
     0     0 -558.41810    0    6          - -558.41810      -     -    0s
     0     0 -558.41315    0    7          - -558.41315      -     -    0s
     0     0 -558.40537    0    6          - -558.40537      -     -    0s
     0     0 -558.39386    0    7          - -558.39386      -     -    0s
     0     0 -558.38442    0    7          - -558.38442      -     -    0s
     0     0 -558.36466    0    7          - -558.36466      -     -    0s
     0     0 -558.36191    0    8          - -558.36191      -     -    0s
     0     0 -558.36142    0    8          - -558.36142      -     -    0s
     0     0 -558.35997    0    8          - -558.35997      -     -    0s
     0     0 -558.35049    0    9          - -558.35049      -     -    0s
     0     0 -558.34323    0    8          - -558.34323      -     -    0s
     0     0 -558.34252    0    9          - -558.34252      -     -    0s
     0     0 -558.34045    0    8          - -558.34045      -     -    0s
     0     0 -558.33624    0    9          - -558.33624      -     -    0s
     0     0 -558.33419    0   10          - -558.33419      -     -    0s
     0     0 -558.33257    0   10          - -558.33257      -     -    0s
     0     0 -558.32594    0   10          - -558.32594      -     -    0s
     0     0 -558.24195    0    8          - -558.24195      -     -    0s
     0     0 -558.18669    0    8          - -558.18669      -     -    0s
     0     0 -558.17832    0    5          - -558.17832      -     -    0s
     0     0 -558.17607    0    6          - -558.17607      -     -    0s
     0     0 -558.16133    0    6          - -558.16133      -     -    0s
     0     0 -558.12714    0    6          - -558.12714      -     -    0s
     0     0 -558.12016    0    5          - -558.12016      -     -    0s
     0     0 -558.11788    0    6          - -558.11788      -     -    0s
     0     0 -558.11145    0    6          - -558.11145      -     -    0s
     0     0 -558.10788    0    7          - -558.10788      -     -    0s
     0     0 -558.10737    0    7          - -558.10737      -     -    0s
     0     0 -558.06140    0    6          - -558.06140      -     -    0s
     0     0 -558.03217    0    7          - -558.03217      -     -    0s
     0     0 -557.98000    0    7          - -557.98000      -     -    0s
     0     0 -557.95716    0    8          - -557.95716      -     -    0s
     0     0 -557.94739    0    6          - -557.94739      -     -    0s
     0     0 -557.94202    0    8          - -557.94202      -     -    0s
     0     0 -557.93719    0    6          - -557.93719      -     -    0s
     0     0 -557.93610    0    6          - -557.93610      -     -    0s
     0     0 -557.91804    0    6          - -557.91804      -     -    0s
     0     0 -557.91558    0    6          - -557.91558      -     -    0s
     0     0 -557.90905    0    9          - -557.90905      -     -    0s
     0     0 -557.90506    0    7          - -557.90506      -     -    0s
     0     0 -557.89975    0    6          - -557.89975      -     -    0s
     0     0 -557.89822    0    7          - -557.89822      -     -    0s
     0     0 -557.89726    0    3          - -557.89726      -     -    0s
     0     0 -557.89678    0    4          - -557.89678      -     -    0s
     0     0 -557.89527    0    4          - -557.89527      -     -    0s
     0     0 -557.89527    0    4          - -557.89527      -     -    0s
     0     2 -557.89527    0    4          - -557.89527      -     -    0s
    57    47 -541.59461   24    7          - -557.66418      -  21.8    5s
    96    72 -493.96749   40    -          - -556.96569      -  21.8   11s
*  100    75              40    9110.8797964 -556.96569   106%  22.2   11s
*  104    70              40    -321.8799910 -556.70017  73.0%  23.2   12s
   111    75 -521.00115    5    4 -321.87999 -556.70017  73.0%  24.0   15s
   138    93 -515.15203   17    - -321.87999 -556.70017  73.0%  22.6   20s
   165   111 -491.78028   29    8 -321.87999 -556.70017  73.0%  22.7   25s
   189   120 -500.14648   27    - -321.87999 -556.70017  73.0%  23.1   30s
   205   130 -431.18482   34    - -321.87999 -556.70017  73.0%  23.2   35s
   223   134 -428.50789   26    2 -321.87999 -556.70017  73.0%  23.4   40s
*  234   138              40    -333.9599900 -556.70017  66.7%  23.8   44s
   243   134 -490.01850   33    - -333.95999 -556.70017  66.7%  24.0   45s
   275   160 -416.29664   34    2 -333.95999 -556.70017  66.7%  23.8   50s
   295   170 -433.41777   37    2 -333.95999 -556.70017  66.7%  24.0   55s
   318   179 -419.82690   38    2 -333.95999 -556.70017  66.7%  24.1   60s
   344   174     cutoff   40      -333.95999 -556.00784  66.5%  24.1   66s
   375   188 -503.15295   22    - -333.95999 -556.00784  66.5%  24.2   70s
   399   201 -491.01149   26    7 -333.95999 -556.00784  66.5%  24.2   76s
   432   216 -481.64172   35    5 -333.95999 -556.00784  66.5%  23.7   81s
   459   225     cutoff   40      -333.95999 -556.00784  66.5%  23.6   86s
   474   238 -380.52734   38    2 -333.95999 -556.00784  66.5%  23.5   90s
   494   241     cutoff   39      -333.95999 -556.00784  66.5%  23.4   95s
   519   240 -360.02124   38    - -333.95999 -556.00784  66.5%  23.6  101s
   544   237 -371.81885   36    1 -333.95999 -551.12502  65.0%  23.9  107s
   558   246     cutoff   38      -333.95999 -549.26748  64.5%  23.8  111s
   582   261 -511.73970   19    4 -333.95999 -548.39616  64.2%  23.6  116s
   607   276 -486.73155   26    8 -333.95999 -548.39616  64.2%  23.7  120s
   633   291 -472.44827   38    2 -333.95999 -548.39616  64.2%  23.6  125s
*  645   296              40    -334.7199903 -547.28774  63.5%  23.7  127s
*  646   296              40    -335.7199894 -547.28774  63.0%  23.7  128s
   656   297     cutoff   40      -335.71999 -546.59215  62.8%  23.8  130s
   679   307 -406.70692   38    2 -335.71999 -541.57182  61.3%  23.9  135s
*  683   308              40    -338.5399895 -541.57182  60.0%  23.9  136s
   697   311 -475.87537   26    3 -338.53999 -540.02894  59.5%  24.2  141s
   727   334 -464.25607   38    - -338.53999 -539.81103  59.5%  24.0  145s
   755   342     cutoff   40      -338.53999 -539.60992  59.4%  24.1  150s
   780   354 -392.19424   31    - -338.53999 -538.37371  59.0%  24.1  156s
   807   362 -425.24104   35    4 -338.53999 -538.37371  59.0%  23.8  161s
   823   370 -421.83544   40    - -338.53999 -538.32977  59.0%  23.7  166s
   845   372 -495.26791   33    - -338.53999 -538.20938  59.0%  23.7  170s
*  887   387              40    -340.2599895 -537.26407  57.9%  23.9  179s
   915   391     cutoff   40      -340.25999 -536.62757  57.7%  23.8  184s
*  917   391              40    -341.3399905 -536.62757  57.2%  23.9  185s
*  939   389              40    -358.6599892 -535.61014  49.3%  23.9  190s
   993   399 -423.02892   36    3 -358.65999 -526.96764  46.9%  23.8  196s
  1010   391 -419.96184   37    - -358.65999 -521.76251  45.5%  23.9  201s
  1035   389 -452.57993   40    - -358.65999 -520.83003  45.2%  23.8  210s
  1054   409     cutoff   40      -358.65999 -519.60412  44.9%  23.8  215s
  1086   427     cutoff   40      -358.65999 -519.46360  44.8%  23.6  220s
  1121   442 -468.58090   20    - -358.65999 -519.35016  44.8%  23.3  225s
  1146   460 -408.77719   24    - -358.65999 -518.98645  44.7%  23.3  233s
  1158   470 -458.18842   27    3 -358.65999 -518.92471  44.7%  23.3  236s
  1174   479 -440.70205    6    3 -358.65999 -518.92471  44.7%  23.3  241s
  1192   487 -434.06641   11    2 -358.65999 -518.92471  44.7%  23.3  245s
  1225   515 -430.00190   39    - -358.65999 -518.92471  44.7%  23.3  252s
  1251   509 -415.96871   20    2 -358.65999 -518.85584  44.7%  23.1  258s
  1272   528 -407.52260   24    1 -358.65999 -518.71910  44.6%  23.2  263s
  1290   534     cutoff   28      -358.65999 -518.57426  44.6%  23.2  267s
  1305   544 -397.22924   28    4 -358.65999 -518.57426  44.6%  23.3  270s
  1326   554 -389.16644   38    - -358.65999 -518.47150  44.6%  23.4  275s
  1345   557     cutoff   38      -358.65999 -518.45781  44.6%  23.3  280s
  1387   571 -408.65727   24    - -358.65999 -518.44047  44.5%  23.1  290s
  1413   589 -399.80139   27    - -358.65999 -518.31408  44.5%  23.0  299s
  1438   602 -394.58421   27    - -358.65999 -518.31408  44.5%  22.9  305s
  1464   615 -393.20244   30    - -358.65999 -518.31408  44.5%  22.9  312s
  1480   628 -449.60081   33    7 -358.65999 -518.31408  44.5%  22.9  315s
  1500   639 -389.38412   36    - -358.65999 -518.03083  44.4%  22.9  320s
  1516   646 -383.79475   36    - -358.65999 -518.03083  44.4%  23.0  325s
  1547   668 -485.55653   32    8 -358.65999 -517.98546  44.4%  23.0  331s
  1569   673 -459.62843   26    - -358.65999 -517.97795  44.4%  23.1  336s
  1595   685 -453.40768   31    3 -358.65999 -517.97795  44.4%  23.0  343s
  1621   701 -444.59863   40    - -358.65999 -517.87571  44.4%  22.9  350s
  1663   714     cutoff   40      -358.65999 -517.76774  44.4%  22.8  359s
  1697   740     cutoff   39      -358.65999 -517.57551  44.3%  22.7  367s
  1727   756 -469.41396   23    2 -358.65999 -517.51620  44.3%  22.6  373s
  1747   774 -360.47202   23    - -358.65999 -517.51620  44.3%  22.5  378s
  1752   768 -437.39715    8    4 -358.65999 -517.51620  44.3%  22.6  381s
  1774   792 -453.58764   25    - -358.65999 -517.51620  44.3%  22.5  385s
  1797   806 -447.63716   28    6 -358.65999 -517.51620  44.3%  22.5  392s
  1822   806 -409.89557   23    - -358.65999 -517.51620  44.3%  22.6  401s
  1837   820 -443.09879   35    5 -358.65999 -517.51620  44.3%  22.5  405s
  1863   819 -458.85693   26    - -358.65999 -517.51620  44.3%  22.7  412s
  1872   829     cutoff   38      -358.65999 -517.51620  44.3%  22.7  416s
  1891   838 -398.41456   26    - -358.65999 -517.51620  44.3%  22.6  422s
  1913   840 -398.20079   26    - -358.65999 -517.51620  44.3%  22.6  427s
  1921   853 -395.57794   34    - -358.65999 -517.51620  44.3%  22.6  430s
* 1932   841              40    -372.3199884 -517.51620  39.0%  22.6  432s
  1935   840 -395.42688   26    - -372.31999 -517.51620  39.0%  22.7  436s
  1962   849 -392.31439   26    - -372.31999 -517.51620  39.0%  22.6  444s
  1998   867 -387.09272   26    - -372.31999 -517.51620  39.0%  22.6  452s
  2021   877 -386.28870   26    2 -372.31999 -517.51620  39.0%  22.5  459s
  2039   891 -388.37004   36    - -372.31999 -517.51620  39.0%  22.6  466s
  2066   894 -385.25341   36    - -372.31999 -516.96111  38.8%  22.6  475s
  2104   901 -397.61806   37    - -372.31999 -516.77837  38.8%  22.5  487s
  2152   922     cutoff   37      -372.31999 -516.60333  38.8%  22.4  499s
  2193   946 -475.59799   16    1 -372.31999 -516.39136  38.7%  22.2  509s
* 2221   963              40    -374.2599895 -516.35729  38.0%  22.2  515s
  2231   966 -454.85545   27    3 -374.25999 -516.35540  38.0%  22.2  520s
  2251   987     cutoff   39      -374.25999 -516.28780  37.9%  22.2  525s
  2280   989 -419.25445   19    4 -374.25999 -516.27485  37.9%  22.1  533s
  2297  1009 -456.95916   27    1 -374.25999 -516.27485  37.9%  22.1  537s
  2317  1010 -408.06909   24    - -374.25999 -516.26103  37.9%  22.1  544s
  2332  1026 -440.78288   40    - -374.25999 -516.21297  37.9%  22.0  547s
  2357  1021 -399.27132   28    - -374.25999 -516.21297  37.9%  22.0  558s
  2404  1045 -448.63818   34    6 -374.25999 -516.06738  37.9%  21.9  570s
  2437  1070 -389.22183   38    - -374.25999 -515.85313  37.8%  21.9  582s
  2491  1083 -382.83549   38    - -374.25999 -515.63397  37.8%  21.8  597s
  2532  1105     cutoff   38      -374.25999 -515.41862  37.7%  21.7  610s
  2554  1129     cutoff   40      -374.25999 -515.18012  37.7%  21.7  615s
  2575  1132 -475.33881    6    2 -374.25999 -515.14061  37.6%  21.7  621s
  2616  1152 -475.57709   13    3 -374.25999 -515.12300  37.6%  21.6  632s
  2635  1176 -492.80729   24    - -374.25999 -515.07695  37.6%  21.7  638s
  2674  1193 -421.38560   27    - -374.25999 -514.90815  37.6%  21.7  650s
  2722  1216 -447.76910   29    5 -374.25999 -514.79075  37.5%  21.6  661s
  2755  1239 -398.05840   38    2 -374.25999 -514.61951  37.5%  21.6  669s
  2772  1251 -399.16641   24    - -374.25999 -514.61951  37.5%  21.6  673s
  2786  1250 -415.56974   18    1 -374.25999 -514.36041  37.4%  21.7  680s
  2828  1270 -435.87016   21    1 -374.25999 -514.31815  37.4%  21.6  695s
  2891  1287     cutoff   26      -374.25999 -514.28947  37.4%  21.5  714s
  2904  1310     cutoff   39      -374.25999 -514.28947  37.4%  21.5  716s
  2912  1321 -395.17551   33    4 -374.25999 -514.13171  37.4%  21.6  720s
  2939  1333     cutoff   39      -374.25999 -513.98528  37.3%  21.5  729s
  2973  1358 -496.18350   20    6 -374.25999 -513.98528  37.3%  21.5  736s
  2984  1369 -429.64139   13    4 -374.25999 -513.98528  37.3%  21.5  758s
  2986  1370 -470.54022   22   23 -374.25999 -513.98528  37.3%  21.5  786s
  2989  1375 -513.98528   12   23 -374.25999 -513.98528  37.3%  21.6  835s
  2991  1377 -513.98528   13   25 -374.25999 -513.98528  37.3%  21.7  846s
  2993  1378 -513.59505   13   16 -374.25999 -513.98528  37.3%  21.8  866s
  2995  1379 -513.98528   14   24 -374.25999 -513.98528  37.3%  21.8  896s
  2997  1381 -509.41872   14   13 -374.25999 -513.98528  37.3%  21.9  904s
  2999  1383 -513.98528   15   23 -374.25999 -513.98528  37.3%  21.9  917s
  3002  1381 -513.98528   16   23 -374.25999 -513.98528  37.3%  22.0  927s
  3005  1385 -510.18878   16   15 -374.25999 -513.98528  37.3%  22.2  930s
  3008  1385 -513.98528   17   23 -374.25999 -513.98528  37.3%  22.2  936s
  3013  1389 -513.98528   18   22 -374.25999 -513.98528  37.3%  22.3  941s
  3024  1396 -513.98528   20   20 -374.25999 -513.98528  37.3%  22.5  949s
  3030  1398 -513.98528   21   19 -374.25999 -513.98528  37.3%  22.6  957s
  3034  1402 -513.98528   21   15 -374.25999 -513.98528  37.3%  22.7  968s
  3038  1404 -512.85619   22   12 -374.25999 -513.98528  37.3%  22.8  976s
  3043  1405 -512.48590   23   14 -374.25999 -513.98528  37.3%  22.9  984s
  3049  1411 -506.15495   24    8 -374.25999 -513.98528  37.3%  23.0  991s
  3053  1413 -503.63698   25    7 -374.25999 -513.98528  37.3%  23.1 1001s
  3057  1416 -511.37235   26   14 -374.25999 -513.98528  37.3%  23.2 1006s
  3063  1419 -505.22008   27    8 -374.25999 -513.98528  37.3%  23.3 1010s
  3068  1422 -505.92838   28   12 -374.25999 -513.98528  37.3%  23.4 1022s
  3072  1422 -511.02955   29   10 -374.25999 -513.98528  37.3%  23.5 1027s
  3077  1426 -477.65616   30    7 -374.25999 -513.98528  37.3%  23.6 1036s
  3084  1429 -513.98528   32   18 -374.25999 -513.98528  37.3%  23.7 1043s
  3092  1431 -480.48332   33   10 -374.25999 -513.98528  37.3%  23.9 1048s
  3102  1439 -513.98528   35   16 -374.25999 -513.98528  37.3%  24.1 1056s
  3118  1435 -513.98528   37   14 -374.25999 -513.98528  37.3%  24.3 1063s
  3138  1440 -479.57066   39    8 -374.25999 -513.98528  37.3%  24.4 1072s
  3160  1446 -466.71936   42    2 -374.25999 -513.98528  37.3%  24.5 1083s
  3179  1445 -494.24855   46    5 -374.25999 -513.98528  37.3%  24.6 1092s
  3206  1462     cutoff   51      -374.25999 -513.98528  37.3%  24.7 1098s
  3228  1472 -512.08502   21   14 -374.25999 -513.98528  37.3%  24.7 1104s
  3266  1479 -505.14756   34   10 -374.25999 -513.98528  37.3%  24.7 1113s
  3295  1484 -480.06085   47    3 -374.25999 -513.98528  37.3%  24.8 1126s
  3349  1482 -399.76731   50    1 -374.25999 -513.98528  37.3%  24.8 1146s
  3407  1482 -511.45737   25   13 -374.25999 -513.98528  37.3%  24.8 1166s
  3440  1501 -505.22113   33   11 -374.25999 -513.98528  37.3%  24.8 1179s
  3481  1512 -490.16329   46    5 -374.25999 -513.60937  37.2%  24.7 1191s
  3528  1532     cutoff   51      -374.25999 -512.94908  37.1%  24.8 1203s
  3554  1543     cutoff   51      -374.25999 -512.94908  37.1%  24.8 1207s
  3562  1532     cutoff   51      -374.25999 -512.72819  37.0%  24.8 1214s
  3571  1542 -405.58870   49    - -374.25999 -512.52691  36.9%  24.9 1215s
  3591  1545 -497.66721   31   13 -374.25999 -512.52691  36.9%  24.9 1225s
  3621  1552 -492.09973   42    9 -374.25999 -512.52691  36.9%  24.9 1238s
  3634  1558 -460.83116   32    7 -374.25999 -512.52691  36.9%  25.0 1240s
  3679  1560 -383.86932   49    2 -374.25999 -511.88168  36.8%  24.9 1258s
  3728  1567 -440.51561   24    1 -374.25999 -511.29102  36.6%  24.9 1276s
  3769  1595 -503.88877   32   14 -374.25999 -511.29102  36.6%  24.8 1283s
  3775  1591     cutoff   49      -374.25999 -511.19453  36.6%  24.9 1289s
  3793  1606 -504.30607   32   12 -374.25999 -511.19453  36.6%  25.0 1296s
  3832  1611 -492.02640   45    6 -374.25999 -511.05012  36.5%  25.0 1309s
  3850  1614 -385.15045   49    2 -374.25999 -510.62852  36.4%  25.1 1310s
  3881  1629 -504.86520   33   10 -374.25999 -510.62852  36.4%  25.1 1321s
  3917  1641 -492.45313   45    6 -374.25999 -510.56691  36.4%  25.1 1335s
  3978  1660 -410.50925   50    1 -374.25999 -510.24227  36.3%  25.1 1354s
  4058  1661 -476.77814   20    2 -374.25999 -509.94112  36.3%  25.1 1378s
  4121  1683 -398.21557   38    3 -374.25999 -509.60475  36.2%  25.0 1402s
  4158  1715     cutoff   49      -374.25999 -509.56243  36.2%  25.0 1405s
  4189  1712     cutoff   50      -374.25999 -509.36248  36.1%  25.0 1422s
  4276  1731 -440.03082   22    1 -374.25999 -508.85636  36.0%  24.9 1448s
  4309  1749     cutoff   51      -374.25999 -508.74411  35.9%  24.9 1451s
  4348  1765     cutoff   51      -374.25999 -508.48927  35.9%  25.0 1465s
  4425  1776 -451.62730   36    - -374.25999 -508.17666  35.8%  24.9 1494s
  4532  1771 -465.65404   31    3 -374.25999 -507.96154  35.7%  24.8 1529s
  4552  1791 -402.83279   50    1 -374.25999 -507.83328  35.7%  24.8 1532s
  4589  1824 -461.08995   35    3 -374.25999 -507.81816  35.7%  24.8 1552s
  4641  1854     cutoff   51      -374.25999 -507.37356  35.6%  24.8 1559s
  4669  1841 -441.74312   44    5 -374.25999 -507.23245  35.5%  24.8 1577s
  4760  1851 -385.62577   50    1 -374.25999 -506.91041  35.4%  24.8 1606s
  4851  1880     cutoff   51      -374.25999 -506.27458  35.3%  24.7 1636s
  4880  1906     cutoff   51      -374.25999 -506.16230  35.2%  24.8 1640s
  4941  1901 -446.38282   47    4 -374.25999 -506.14347  35.2%  24.7 1667s
  4987  1925     cutoff   51      -374.25999 -506.11081  35.2%  24.7 1670s
  5004  1942     cutoff   51      -374.25999 -506.08531  35.2%  24.8 1689s
  5087  1947 -440.43037   49    2 -374.25999 -505.85060  35.2%  24.8 1722s
  5110  1971 -396.95702   49    - -374.25999 -505.75805  35.1%  24.9 1725s
  5171  1949 -473.30550   35    1 -374.25999 -505.74989  35.1%  24.8 1757s
  5225  1972 -386.12402   49    - -374.25999 -505.05870  34.9%  24.8 1771s
  5275  1975 -403.93487   50    1 -374.25999 -505.01821  34.9%  24.8 1798s
  5397  1987     cutoff   51      -374.25999 -504.52067  34.8%  24.7 1841s
  5470  2029 -494.70721   42    9 -374.25999 -503.85598  34.6%  24.7 1872s
  5562  2031 -405.06539   49    2 -374.25999 -503.28688  34.5%  24.8 1918s
  5705  2057 -475.25639   38    3 -374.25999 -502.80818  34.3%  24.7 1969s
  5812  2100 -449.32513   48    3 -374.25999 -502.02950  34.1%  24.7 2008s
  5905  2128     cutoff   50      -374.25999 -501.45068  34.0%  24.7 2044s
  5952  2158     cutoff   51      -374.25999 -501.14394  33.9%  24.7 2050s
  5996  2153     cutoff   50      -374.25999 -501.04677  33.9%  24.7 2079s
  6097  2165     cutoff   51      -374.25999 -500.55794  33.7%  24.7 2121s
  6204  2171 -424.03932   33    1 -374.25999 -500.22262  33.7%  24.7 2173s
  6340  2168 -393.53265   43    - -374.25999 -499.68858  33.5%  24.7 2226s
  6419  2213     cutoff   50      -374.25999 -498.82829  33.3%  24.8 2268s
  6476  2238     cutoff   49      -374.25999 -497.41327  32.9%  24.8 2280s
  6546  2227     cutoff   51      -374.25999 -497.40453  32.9%  24.7 2319s
  6610  2256     cutoff   51      -374.25999 -496.98218  32.8%  24.7 2330s
  6657  2233     cutoff   51      -374.25999 -496.98218  32.8%  24.8 2365s
  6769  2247     cutoff   51      -374.25999 -496.13576  32.6%  24.8 2413s
  6881  2246     cutoff   51      -374.25999 -495.35977  32.4%  24.8 2468s
  7002  2254     cutoff   51      -374.25999 -494.34188  32.1%  24.9 2525s
  7124  2263     cutoff   51      -374.25999 -494.19197  32.0%  24.9 2575s
  7216  2293     cutoff   51      -374.25999 -493.06046  31.7%  25.0 2631s
  7340  2319     cutoff   50      -374.25999 -490.48698  31.1%  25.0 2704s
  7406  2377 -423.36366   46    - -374.25999 -490.48698  31.1%  25.0 2725s
  7473  2363     cutoff   51      -374.25999 -488.47227  30.5%  25.0 2778s
  7617  2416     cutoff   51      -374.25999 -487.10342  30.2%  25.0 2856s
  7765  2484 -378.64810   49    1 -374.25999 -485.83542  29.8%  25.0 2932s
  7849  2547     cutoff   50      -374.25999 -483.84566  29.3%  25.0 2948s
  7938  2558     cutoff   51      -374.25999 -483.51859  29.2%  25.0 3016s
  8026  2661     cutoff   49      -374.25999 -481.32962  28.6%  24.9 3031s
  8114  2662     cutoff   51      -374.25999 -480.91875  28.5%  24.9 3128s
* 8241  2674              51    -384.6199884 -480.91875  25.0%  24.8 3146s
  8419  2784     cutoff   51      -384.61999 -479.72377  24.7%  24.7 3264s
  8664  2943     cutoff   28      -384.61999 -479.27189  24.6%  24.6 3389s
  8958  3108     cutoff   50      -384.61999 -478.64813  24.4%  24.3 3528s
  9133  3287     cutoff   51      -384.61999 -478.16015  24.3%  24.2 3558s
  9315  3336     cutoff   51      -384.61999 -478.14125  24.3%  24.0 3671s
  9497  3510     cutoff   50      -384.61999 -478.08444  24.3%  23.9 3711s
  9598  3496     cutoff   51      -384.61999 -477.82731  24.2%  23.9 3787s
  9772  3681 -438.75908   29    1 -384.61999 -477.61978  24.2%  23.8 3884s
  9940  3827 -439.03526   28    3 -384.61999 -477.33777  24.1%  23.7 3918s
 10063  3798 -438.27958   27    2 -384.61999 -477.30977  24.1%  23.7 4007s
 10295  3958     cutoff   51      -384.61999 -477.10401  24.0%  23.5 4124s
 10543  4075 -438.84961   21    1 -384.61999 -476.58249  23.9%  23.4 4263s
 10712  4237     cutoff   41      -384.61999 -476.41154  23.9%  23.3 4290s
 10844  4245     cutoff   51      -384.61999 -476.37740  23.9%  23.2 4400s
 11067  4407     cutoff   51      -384.61999 -476.16112  23.8%  23.1 4511s
 11187  4534     cutoff   35      -384.61999 -476.08365  23.8%  23.1 4534s
 11239  4517     cutoff   51      -384.61999 -476.06735  23.8%  23.1 4617s
 11429  4602     cutoff   51      -384.61999 -475.90376  23.7%  23.0 4739s
 11566  4740 -417.96111   49    1 -384.61999 -475.54107  23.6%  23.0 4768s
 11696  4726     cutoff   51      -384.61999 -475.52380  23.6%  22.9 4855s
 11807  4859 -431.74198   40    2 -384.61999 -475.44020  23.6%  22.9 4876s
 11874  4875     cutoff   51      -384.61999 -475.41154  23.6%  22.8 4975s
 12132  4982     cutoff   51      -384.61999 -475.06823  23.5%  22.7 5110s
*12218  4988              51    -390.2799882 -475.06823  21.7%  22.7 5124s
 12371  5104     cutoff   51      -390.27999 -474.92493  21.7%  22.6 5237s
 12479  5205 -435.14679   18    4 -390.27999 -474.89899  21.7%  22.6 5260s
 12585  5230 -407.95773   47    2 -390.27999 -474.89899  21.7%  22.5 5356s
 12791  5348     cutoff   50      -390.27999 -474.63398  21.6%  22.5 5471s
 12872  5438     cutoff   51      -390.27999 -474.63398  21.6%  22.4 5494s
 12980  5446     cutoff   50      -390.27999 -474.36298  21.5%  22.4 5598s
 13088  5556     cutoff   51      -390.27999 -474.07538  21.5%  22.4 5621s
 13195  5558     cutoff   51      -390.27999 -474.03978  21.5%  22.3 5722s
 13404  5700     cutoff   51      -390.27999 -473.80750  21.4%  22.2 5830s
 13594  5825     cutoff   51      -390.27999 -473.67147  21.4%  22.2 5943s
 13814  5935     cutoff   51      -390.27999 -473.40597  21.3%  22.1 6037s
 13917  6028     cutoff   50      -390.27999 -473.27803  21.3%  22.1 6146s
 14143  6087     cutoff   51      -390.27999 -473.06790  21.2%  22.0 6274s
 14240  6191     cutoff   51      -390.27999 -472.94996  21.2%  21.9 6300s
 14339  6211 -440.67970   46    5 -390.27999 -472.93479  21.2%  21.9 6383s
 14447  6322 -435.06213   47    4 -390.27999 -472.86056  21.2%  21.9 6468s
 14567  6390     cutoff   51      -390.27999 -472.77658  21.1%  21.9 6571s
 14754  6466     cutoff   31      -390.27999 -472.45950  21.1%  21.8 6687s
 14853  6562     cutoff   51      -390.27999 -472.33706  21.0%  21.8 6707s
 14925  6557 -390.89108   29    1 -390.27999 -472.30592  21.0%  21.8 6806s
 15016  6647     cutoff   51      -390.27999 -472.20868  21.0%  21.7 6825s
 15094  6631     cutoff   50      -390.27999 -472.19755  21.0%  21.7 6926s
 15152  6700     cutoff   48      -390.27999 -471.92220  20.9%  21.7 6940s
 15242  6715     cutoff   50      -390.27999 -471.91196  20.9%  21.7 7047s
 15343  6797 -423.33190   47    4 -390.27999 -471.70796  20.9%  21.7 7070s
 15424  6806 -398.94695   50    - -390.27999 -471.66968  20.9%  21.6 7157s
 15506  6898     cutoff   50      -390.27999 -471.66209  20.9%  21.6 7179s
 15525  6897     cutoff   51      -390.27999 -471.65181  20.8%  21.6 7193s
 15540  6943     cutoff   48      -390.27999 -471.60350  20.8%  21.6 7196s

Cutting planes:
  Lazy constraints: 434694

Explored 15543 nodes (337155 simplex iterations) in 7197.47 seconds
Thread count was 4 (of 4 available processors)

Solution count 10: -390.28 -384.62 -374.26 ... -334.72

Time limit reached
Best objective -3.902799881920e+02, best bound -4.716035027189e+02, gap 20.8372%
