
Gurobi 8.1.1 (win64) logging started 07/06/20 06:23:54

Changed value of parameter LogFile to Results/sslp1_40_50_200_BnC.log
   Prev: gurobi.log  Default: 
Changed value of parameter Heuristics to 0.0
   Prev: 0.05  Min: 0.0  Max: 1.0  Default: 0.05
Changed value of parameter lazyConstraints to 1
   Prev: 0  Min: 0  Max: 1  Default: 0
Changed value of parameter timeLimit to 3334.4282853603363
   Prev: 1e+100  Min: 0.0  Max: 1e+100  Default: 1e+100
Optimize a model with 6671 rows, 240 columns and 203008 nonzeros
Variable types: 200 continuous, 40 integer (40 binary)
Coefficient statistics:
  Matrix range     [1e-13, 9e+05]
  Objective range  [5e-03, 8e+01]
  Bounds range     [1e+00, 1e+00]
  RHS range        [1e-13, 1e+04]
Warning: Model contains large matrix coefficient range
         Consider reformulating model or setting NumericFocus parameter
         to avoid numerical issues.
Presolve removed 237 rows and 0 columns
Presolve time: 0.17s
Presolved: 6434 rows, 240 columns, 201726 nonzeros
Variable types: 200 continuous, 40 integer (40 binary)

Root relaxation: objective -3.981097e+02, 828 iterations, 0.35 seconds

    Nodes    |    Current Node    |     Objective Bounds      |     Work
 Expl Unexpl |  Obj  Depth IntInf | Incumbent    BestBd   Gap | It/Node Time

     0     0 -398.10968    0   17          - -398.10968      -     -    0s
     0     0 -398.10501    0   18          - -398.10501      -     -    0s
     0     0 -398.09973    0   18          - -398.09973      -     -    0s
     0     0 -398.09628    0   18          - -398.09628      -     -    1s
     0     0 -398.09099    0   18          - -398.09099      -     -    1s
     0     0 -398.08431    0   18          - -398.08431      -     -    1s
     0     0 -398.08123    0   19          - -398.08123      -     -    1s
     0     0 -398.06283    0   21          - -398.06283      -     -    1s
     0     0 -398.06111    0   21          - -398.06111      -     -    1s
     0     0 -398.05699    0   20          - -398.05699      -     -    2s
     0     0 -398.05490    0   20          - -398.05490      -     -    2s
     0     0 -398.05302    0   21          - -398.05302      -     -    2s
     0     0 -398.05114    0   21          - -398.05114      -     -    2s
     0     0 -398.04721    0   21          - -398.04721      -     -    3s
     0     0 -398.04401    0   20          - -398.04401      -     -    3s
     0     0 -398.03714    0   20          - -398.03714      -     -    3s
     0     0 -398.03714    0   20          - -398.03714      -     -    3s
     0     2 -398.03714    0   20          - -398.03714      -     -    3s
    68    67 -391.66576   31    6          - -397.81090      -  56.3   10s
*   83    71              40    -373.9249895 -397.81090  6.39%  58.2   12s
*   87    71              40    -383.4799902 -397.81090  3.74%  61.5   13s
   115    94 -395.81580   11    9 -383.47999 -397.29723  3.60%  63.3   18s
   161   123 -389.71768   31    1 -383.47999 -396.85404  3.49%  60.2   20s
   224   166 -390.48635   29    2 -383.47999 -396.74013  3.46%  58.1   26s
   259   182 -395.20877   16    7 -383.47999 -396.61923  3.43%  56.5   30s
*  293   188              32    -384.5949895 -396.61923  3.13%  57.6   35s
   321   206 -395.65538    6   11 -384.59499 -396.41586  3.07%  57.4   41s
*  345   189              34    -391.5549886 -396.41586  1.24%  58.5   45s
   429   218 -393.43737   20    4 -391.55499 -396.04847  1.15%  57.0   51s
   456   229 -394.95133    6   10 -391.55499 -396.02781  1.14%  56.6   55s
   513   253 -393.36588   20    - -391.55499 -396.00921  1.14%  55.2   61s
   546   246     cutoff   10      -391.55499 -395.88281  1.11%  54.9   65s
   571   250     cutoff   15      -391.55499 -395.81630  1.09%  54.1   70s
   640   269 -393.08495   23    2 -391.55499 -395.70579  1.06%  53.4   76s
   679   286     cutoff   13      -391.55499 -395.62040  1.04%  52.5   80s
   743   296     cutoff   24      -391.55499 -395.53817  1.02%  51.2   87s
   777   310 -391.60124   20    1 -391.55499 -395.48861  1.00%  50.2   92s
   818   324     cutoff   22      -391.55499 -395.47081  1.00%  49.6   96s
   889   355 -393.32769   21    3 -391.55499 -395.36263  0.97%  48.9  102s
   901   353 -392.44741   20    5 -391.55499 -395.36009  0.97%  49.0  105s
   959   379     cutoff   20      -391.55499 -395.33417  0.97%  48.5  111s
  1005   392     cutoff   21      -391.55499 -395.29016  0.95%  48.3  116s
  1035   396 -393.78733    8    7 -391.55499 -395.26315  0.95%  48.0  120s
  1073   408 -392.58955   18    3 -391.55499 -395.25350  0.94%  47.3  127s
  1105   411     cutoff   13      -391.55499 -395.23097  0.94%  46.9  131s
  1151   424     cutoff   22      -391.55499 -395.20454  0.93%  47.1  136s
  1186   442 -392.09312   22    2 -391.55499 -395.16654  0.92%  46.7  140s
  1231   451     cutoff   20      -391.55499 -395.12923  0.91%  46.4  148s
  1254   454     cutoff   25      -391.55499 -395.12738  0.91%  46.1  151s
  1293   470 -394.78062   20    1 -391.55499 -395.10954  0.91%  45.9  156s
  1320   477 -393.40486   21    2 -391.55499 -395.08533  0.90%  45.7  161s
  1386   481     cutoff   20      -391.55499 -395.04090  0.89%  45.1  168s
  1427   484     cutoff   12      -391.55499 -395.00765  0.88%  44.9  177s
  1455   486 -392.05455   19    2 -391.55499 -394.97482  0.87%  44.9  182s
  1474   493     cutoff   15      -391.55499 -394.96809  0.87%  45.0  185s
  1520   499     cutoff   21      -391.55499 -394.92166  0.86%  44.9  191s
  1585   482     cutoff    8      -391.55499 -394.82879  0.84%  44.9  196s
  1629   482     cutoff   21      -391.55499 -394.80321  0.83%  44.6  205s
  1670   490 -392.01939   17    5 -391.55499 -394.75597  0.82%  44.5  210s
  1719   494     cutoff   21      -391.55499 -394.73652  0.81%  44.0  215s
  1762   487     cutoff   17      -391.55499 -394.71137  0.81%  43.7  221s
  1789   498 -392.11564   20    2 -391.55499 -394.66963  0.80%  43.5  225s
  1811   496     cutoff   22      -391.55499 -394.66922  0.80%  43.5  231s
  1840   489     cutoff   12      -391.55499 -394.61039  0.78%  43.4  236s
  1875   487     cutoff   20      -391.55499 -394.56005  0.77%  43.4  241s
  1931   496 -392.95164   14    4 -391.55499 -394.52690  0.76%  43.2  245s
  1963   501     cutoff   18      -391.55499 -394.51959  0.76%  42.9  250s
  2031   493 -393.66045   20    3 -391.55499 -394.47358  0.75%  42.7  259s
  2076   494     cutoff   24      -391.55499 -394.44390  0.74%  42.6  265s
  2119   492     cutoff   20      -391.55499 -394.32869  0.71%  42.4  271s
  2145   487     cutoff   15      -391.55499 -394.32869  0.71%  42.5  275s
  2204   491     cutoff   19      -391.55499 -394.24662  0.69%  42.1  287s
  2232   496     cutoff   16      -391.55499 -394.22313  0.68%  42.1  291s
  2341   517 -391.81246   21    2 -391.55499 -394.13970  0.66%  41.5  304s
  2376   523 -391.78493   16    4 -391.55499 -394.10238  0.65%  41.5  308s
  2413   520 -392.52355   19    3 -391.55499 -394.08653  0.65%  41.5  313s
  2453   526     cutoff   24      -391.55499 -394.03298  0.63%  41.5  319s
  2492   512 -391.70745   20    2 -391.55499 -394.02623  0.63%  41.6  326s
  2582   519 -392.83998   12    9 -391.55499 -393.90110  0.60%  41.5  332s
  2633   515     cutoff   18      -391.55499 -393.87358  0.59%  41.3  337s
  2692   494 -393.44732   16    3 -391.55499 -393.79550  0.57%  41.1  342s
  2746   479     cutoff   21      -391.55499 -393.72791  0.55%  41.0  350s
  2814   465     cutoff   15      -391.55499 -393.62405  0.53%  40.6  357s
  2879   418 -391.56161   13    6 -391.55499 -393.54954  0.51%  40.4  365s
  2957   406     cutoff   20      -391.55499 -393.43769  0.48%  39.9  375s
  3030   385     cutoff   22      -391.55499 -393.39651  0.47%  39.6  383s
  3072   390     cutoff   10      -391.55499 -393.26269  0.44%  39.5  385s
  3113   375     cutoff   19      -391.55499 -393.26042  0.44%  39.3  393s
  3188   357     cutoff   12      -391.55499 -393.21348  0.42%  39.0  398s
  3255   331     cutoff   13      -391.55499 -393.11606  0.40%  38.8  405s
  3342   310     cutoff   15      -391.55499 -392.99426  0.37%  38.4  414s
  3370   312     cutoff   23      -391.55499 -392.90250  0.34%  38.3  416s
  3395   284     cutoff   15      -391.55499 -392.90250  0.34%  38.2  421s
  3477   252     cutoff   11      -391.55499 -392.81898  0.32%  37.9  426s
  3544   220     cutoff    9      -391.55499 -392.71368  0.30%  37.6  436s
  3671   147     cutoff   14      -391.55499 -392.50370  0.24%  37.1  447s
  3720   106     cutoff   12      -391.55499 -392.36580  0.21%  36.9  450s
  3793    73     cutoff   18      -391.55499 -392.20187  0.17%  36.6  456s
  3845    33     cutoff   18      -391.55499 -392.19721  0.16%  36.3  460s
  3937     0     cutoff   14      -391.55499 -391.61322  0.01%  35.7  466s

Cutting planes:
  Gomory: 2
  MIR: 18
  Lazy constraints: 67402

Explored 3940 nodes (141490 simplex iterations) in 466.26 seconds
Thread count was 4 (of 4 available processors)

Solution count 4: -391.555 -384.595 -383.48 -373.925 

Optimal solution found (tolerance 1.00e-04)
Warning: max constraint violation (3.0503e-06) exceeds tolerance
Best objective -3.915549885608e+02, best bound -3.915902556631e+02, gap 0.0090%
