
Gurobi 8.1.1 (win64) logging started 07/05/20 14:46:14

Changed value of parameter LogFile to Results/sslp1_20_100_50_BendersBnC.log
   Prev: gurobi.log  Default: 
Changed value of parameter Heuristics to 0.0
   Prev: 0.05  Min: 0.0  Max: 1.0  Default: 0.05
Changed value of parameter lazyConstraints to 1
   Prev: 0  Min: 0  Max: 1  Default: 0
Changed value of parameter timeLimit to 7196.474435806274
   Prev: 1e+100  Min: 0.0  Max: 1e+100  Default: 1e+100
Optimize a model with 634 rows, 70 columns and 7173 nonzeros
Variable types: 50 continuous, 20 integer (20 binary)
Coefficient statistics:
  Matrix range     [4e-13, 2e+06]
  Objective range  [2e-02, 8e+01]
  Bounds range     [1e+00, 1e+00]
  RHS range        [2e-13, 6e+04]
Warning: Model contains large matrix coefficient range
         Consider reformulating model or setting NumericFocus parameter
         to avoid numerical issues.
Presolve removed 66 rows and 0 columns
Presolve time: 0.00s
Presolved: 568 rows, 70 columns, 7004 nonzeros
Variable types: 50 continuous, 20 integer (20 binary)

Root relaxation: objective -1.143866e+03, 87 iterations, 0.00 seconds

    Nodes    |    Current Node    |     Objective Bounds      |     Work
 Expl Unexpl |  Obj  Depth IntInf | Incumbent    BestBd   Gap | It/Node Time

     0     0 -1143.8659    0   10          - -1143.8659      -     -    0s
     0     0 -1143.1673    0   12          - -1143.1673      -     -    0s
     0     0 -1142.7129    0   12          - -1142.7129      -     -    0s
     0     0 -1142.3382    0   11          - -1142.3382      -     -    0s
     0     0 -1142.0674    0   12          - -1142.0674      -     -    0s
     0     0 -1141.8898    0   12          - -1141.8898      -     -    0s
     0     0 -1141.7840    0   11          - -1141.7840      -     -    0s
     0     0 -1141.5590    0   12          - -1141.5590      -     -    0s
     0     0 -1141.3179    0   11          - -1141.3179      -     -    0s
     0     0 -1141.2390    0   11          - -1141.2390      -     -    0s
     0     0 -1141.0111    0   13          - -1141.0111      -     -    0s
     0     0 -1140.8565    0   11          - -1140.8565      -     -    0s
     0     0 -1140.7008    0   11          - -1140.7008      -     -    0s
     0     0 -1140.5947    0   11          - -1140.5947      -     -    0s
     0     0 -1140.5472    0   10          - -1140.5472      -     -    0s
     0     0 -1140.4264    0   11          - -1140.4264      -     -    0s
     0     0 -1140.2762    0   12          - -1140.2762      -     -    0s
     0     0 -1140.2252    0   11          - -1140.2252      -     -    0s
     0     0 -1140.1064    0   11          - -1140.1064      -     -    0s
     0     0 -1139.9264    0   12          - -1139.9264      -     -    0s
     0     0 -1139.8499    0    9          - -1139.8499      -     -    0s
     0     0 -1139.8154    0   10          - -1139.8154      -     -    0s
     0     0 -1139.7864    0   12          - -1139.7864      -     -    0s
     0     0 -1139.6992    0   10          - -1139.6992      -     -    0s
     0     0 -1139.6026    0   11          - -1139.6026      -     -    0s
     0     0 -1139.5220    0   10          - -1139.5220      -     -    0s
     0     0 -1139.5113    0   11          - -1139.5113      -     -    0s
     0     0 -1139.4457    0   10          - -1139.4457      -     -    0s
     0     0 -1139.4016    0    8          - -1139.4016      -     -    0s
     0     0 -1139.3957    0   10          - -1139.3957      -     -    0s
     0     0 -1139.3893    0   10          - -1139.3893      -     -    0s
     0     0 -1139.3880    0   10          - -1139.3880      -     -    0s
     0     0 -1139.3874    0   10          - -1139.3874      -     -    0s
     0     0 -1139.3868    0   10          - -1139.3868      -     -    0s
     0     0 -1139.3853    0   10          - -1139.3853      -     -    0s
     0     0 -1139.3789    0   10          - -1139.3789      -     -    0s
     0     0 -1139.3769    0   10          - -1139.3769      -     -    0s
     0     0 -1139.3624    0   10          - -1139.3624      -     -    0s
     0     0 -1139.3497    0   10          - -1139.3497      -     -    0s
     0     0 -1139.3468    0   10          - -1139.3468      -     -    0s
     0     0 -1139.3460    0   10          - -1139.3460      -     -    0s
     0     0 -1139.3395    0   10          - -1139.3395      -     -    0s
     0     0 -1139.3386    0   10          - -1139.3386      -     -    0s
     0     0 -1139.3372    0   10          - -1139.3372      -     -    0s
     0     0 -1139.3354    0   10          - -1139.3354      -     -    0s
     0     0 -1139.3346    0   10          - -1139.3346      -     -    0s
     0     0 -1139.3239    0   10          - -1139.3239      -     -    0s
     0     0 -1139.3198    0   10          - -1139.3198      -     -    0s
     0     0 -1139.3178    0   10          - -1139.3178      -     -    0s
     0     0 -1139.3173    0   10          - -1139.3173      -     -    0s
     0     0 -1139.2586    0    9          - -1139.2586      -     -    0s
     0     0 -1139.1647    0   10          - -1139.1647      -     -    0s
     0     0 -1139.0763    0    9          - -1139.0763      -     -    0s
     0     0 -1139.0601    0    9          - -1139.0601      -     -    0s
     0     0 -1139.0177    0    8          - -1139.0177      -     -    0s
     0     0 -1138.9514    0   10          - -1138.9514      -     -    0s
     0     0 -1138.9157    0    8          - -1138.9157      -     -    0s
     0     0 -1138.8846    0   10          - -1138.8846      -     -    0s
     0     0 -1138.8359    0   10          - -1138.8359      -     -    0s
     0     0 -1138.7762    0   10          - -1138.7762      -     -    0s
     0     0 -1138.7716    0   10          - -1138.7716      -     -    0s
     0     0 -1138.7320    0   10          - -1138.7320      -     -    0s
     0     0 -1138.7156    0   10          - -1138.7156      -     -    0s
     0     0 -1138.7089    0   11          - -1138.7089      -     -    0s
     0     0 -1138.6993    0   11          - -1138.6993      -     -    0s
     0     0 -1138.6668    0    9          - -1138.6668      -     -    0s
     0     0 -1138.6657    0   10          - -1138.6657      -     -    0s
     0     0 -1138.6339    0   10          - -1138.6339      -     -    0s
     0     0 -1138.6327    0   10          - -1138.6327      -     -    0s
     0     0 -1138.6200    0   10          - -1138.6200      -     -    0s
     0     0 -1138.5954    0    9          - -1138.5954      -     -    0s
     0     0 -1138.5890    0   11          - -1138.5890      -     -    0s
     0     0 -1138.5730    0   11          - -1138.5730      -     -    0s
     0     0 -1138.3212    0   11          - -1138.3212      -     -    0s
     0     0 -1138.1518    0   10          - -1138.1518      -     -    0s
     0     0 -1138.0507    0    9          - -1138.0507      -     -    0s
     0     0 -1138.0030    0    9          - -1138.0030      -     -    0s
     0     0 -1137.9673    0   10          - -1137.9673      -     -    0s
     0     0 -1137.9547    0    9          - -1137.9547      -     -    0s
     0     0 -1137.9338    0   10          - -1137.9338      -     -    0s
     0     0 -1137.9088    0   11          - -1137.9088      -     -    0s
     0     0 -1137.8800    0   10          - -1137.8800      -     -    0s
     0     0 -1137.8531    0   10          - -1137.8531      -     -    0s
     0     0 -1137.8394    0    9          - -1137.8394      -     -    0s
     0     0 -1137.8215    0   10          - -1137.8215      -     -    0s
     0     0 -1137.8165    0    9          - -1137.8165      -     -    0s
     0     0 -1137.8130    0    9          - -1137.8130      -     -    0s
     0     0 -1137.7539    0    9          - -1137.7539      -     -    0s
     0     0 -1137.7234    0    9          - -1137.7234      -     -    0s
     0     0 -1137.6890    0    9          - -1137.6890      -     -    0s
     0     0 -1137.6735    0   10          - -1137.6735      -     -    0s
     0     0 -1137.6494    0   10          - -1137.6494      -     -    0s
     0     0 -1137.6443    0   10          - -1137.6443      -     -    0s
     0     0 -1137.6168    0   10          - -1137.6168      -     -    0s
     0     0 -1137.6077    0   10          - -1137.6077      -     -    0s
     0     0 -1137.6066    0   10          - -1137.6066      -     -    0s
     0     0 -1137.5151    0   10          - -1137.5151      -     -    0s
     0     0 -1137.4273    0   10          - -1137.4273      -     -    0s
     0     0 -1137.4062    0    9          - -1137.4062      -     -    0s
     0     0 -1137.3702    0    9          - -1137.3702      -     -    0s
     0     0 -1137.3589    0   10          - -1137.3589      -     -    0s
     0     0 -1137.3238    0   10          - -1137.3238      -     -    0s
     0     0 -1137.3109    0    9          - -1137.3109      -     -    0s
     0     0 -1137.3033    0   10          - -1137.3033      -     -    0s
     0     0 -1137.2826    0    9          - -1137.2826      -     -    0s
     0     0 -1137.2755    0    9          - -1137.2755      -     -    0s
     0     0 -1137.2539    0   10          - -1137.2539      -     -    0s
     0     0 -1137.2533    0   10          - -1137.2533      -     -    0s
     0     0 -1137.1715    0   10          - -1137.1715      -     -    0s
     0     0 -1137.1200    0   10          - -1137.1200      -     -    0s
     0     0 -1137.1124    0    9          - -1137.1124      -     -    0s
     0     0 -1137.0841    0   11          - -1137.0841      -     -    0s
     0     0 -1137.0268    0    9          - -1137.0268      -     -    0s
     0     0 -1137.0188    0   10          - -1137.0188      -     -    0s
     0     0 -1137.0049    0    8          - -1137.0049      -     -    0s
     0     0 -1136.9998    0    9          - -1136.9998      -     -    0s
     0     0 -1136.9007    0    9          - -1136.9007      -     -    0s
     0     0 -1136.8701    0    8          - -1136.8701      -     -    0s
     0     0 -1136.8639    0    8          - -1136.8639      -     -    0s
     0     0 -1136.8617    0   10          - -1136.8617      -     -    0s
     0     0 -1136.8577    0    9          - -1136.8577      -     -    0s
     0     2 -1136.8577    0    9          - -1136.8577      -     -    0s
    43    20 -1045.6024   15    2          - -1136.6555      -  16.7    5s
    70    29 -1040.5376   17    -          - -1136.3206      -  15.0   11s
*   93    38              20    -810.0999786 -1136.3206  40.3%  14.4   15s
*  108    41              20    -832.5999771 -1135.2088  36.3%  15.5   17s
   129    45 -1089.7221    8    - -832.59998 -1134.6629  36.3%  15.1   20s
   159    50 -1041.1580   13    - -832.59998 -1134.6629  36.3%  13.8   26s
   178    56 -1036.9822   14    - -832.59998 -1134.6629  36.3%  13.9   30s
   202    63 -1042.0619   18    - -832.59998 -1134.6629  36.3%  13.7   35s
   253    63 -1050.6939    6    - -832.59998 -1133.0111  36.1%  14.5   40s
   281    74 -1071.5827   13    5 -832.59998 -1127.3940  35.4%  14.4   45s
   312    84 -1050.5534   18    - -832.59998 -1126.6106  35.3%  14.7   51s
   341    87 -842.48745   18    2 -832.59998 -1126.6106  35.3%  15.5   56s
   365    88     cutoff   19      -832.59998 -1109.9309  33.3%  15.4   60s
   405   100 -1056.4775   11    - -832.59998 -1099.1823  32.0%  16.1   65s
   438   109 -840.38093   19    1 -832.59998 -1098.2250  31.9%  16.2   70s
*  452   115              20    -851.3399768 -1098.2250  29.0%  16.2   72s
   475   114 -872.36257   19    1 -851.33998 -1094.8256  28.6%  16.6   75s
*  484   120              20    -866.4999766 -1094.8256  26.4%  16.6   75s
   511   122 -1081.9244    7    5 -866.49998 -1093.7052  26.2%  16.5   80s
   539   126 -955.23473   18    - -866.49998 -1093.6922  26.2%  16.3   85s
   575   138 -1021.1747   18    - -866.49998 -1093.1292  26.2%  16.2   90s
   602   138 -1014.8184   16    4 -866.49998 -1092.3101  26.1%  16.4   95s
   634   144     cutoff   19      -866.49998 -1089.6242  25.8%  16.4  101s
   659   153 -1042.9655   15    5 -866.49998 -1087.4494  25.5%  16.5  105s
*  695   161              20    -884.0799771 -1086.9467  22.9%  16.8  110s
   730   154 -1018.3318   17    2 -884.07998 -1085.9897  22.8%  16.9  116s
   748   161 -1011.2566   18    - -884.07998 -1085.9897  22.8%  16.7  120s
   776   171     cutoff   20      -884.07998 -1078.7271  22.0%  16.7  125s
   810   175 -887.77998   20    - -884.07998 -1074.7659  21.6%  17.2  130s
   847   177     cutoff   20      -884.07998 -1073.4947  21.4%  17.1  135s
   873   187 -1007.8881   18    2 -884.07998 -1073.4947  21.4%  17.0  140s
   902   192 -1036.5888   16    - -884.07998 -1073.4947  21.4%  17.1  145s
   937   206 -1004.4523   17    3 -884.07998 -1073.4947  21.4%  17.2  150s
   958   203 -987.85419   18    - -884.07998 -1073.4947  21.4%  17.2  155s
   993   200     cutoff   19      -884.07998 -1073.4947  21.4%  17.4  161s
  1013   197 -979.80142   17    - -884.07998 -1073.4947  21.4%  17.4  165s
  1032   204 -967.55350   17    3 -884.07998 -1073.4947  21.4%  17.3  170s
  1054   211 -993.40721   18    - -884.07998 -1073.4947  21.4%  17.4  175s
  1086   212 -906.82315   19    - -884.07998 -1073.4947  21.4%  17.4  182s
  1103   215     cutoff   19      -884.07998 -1073.4947  21.4%  17.5  186s
  1134   202 -900.28268   19    - -884.07998 -1073.4947  21.4%  17.6  191s
  1155   208 -915.02498   19    - -884.07998 -1056.8978  19.5%  17.6  195s
  1197   203     cutoff   18      -884.07998 -1055.8989  19.4%  17.7  201s
  1224   205 -1006.9080   17    2 -884.07998 -1054.8921  19.3%  17.5  207s
  1249   218 -966.12517   18    2 -884.07998 -1053.6939  19.2%  17.5  213s
  1261   232 -1005.0316   17    - -884.07998 -1053.6593  19.2%  17.4  215s
  1283   237 -1005.0574   18    - -884.07998 -1053.4852  19.2%  17.4  221s
  1314   241 -1046.9652    8    2 -884.07998 -1052.9134  19.1%  17.2  227s
  1329   232 -1012.6989   12    3 -884.07998 -1052.9071  19.1%  17.1  232s
  1351   244 -1011.6126    5    - -884.07998 -1052.3442  19.0%  17.0  238s
  1363   259 -1019.8973   17    3 -884.07998 -1051.9745  19.0%  17.0  241s
  1377   246 -1034.2556   11    5 -884.07998 -1051.5232  18.9%  16.9  245s
  1406   256 -1024.5670   15    2 -884.07998 -1050.8703  18.9%  16.8  253s
  1416   268 -945.57482   18    2 -884.07998 -1049.8246  18.7%  16.8  255s
  1447   284 -975.51092   20    - -884.07998 -1049.8246  18.7%  16.7  263s
  1468   284     cutoff   20      -884.07998 -1049.8246  18.7%  16.8  266s
  1496   284     cutoff   20      -884.07998 -1049.0621  18.7%  16.9  270s
  1522   272     cutoff   20      -884.07998 -1048.6294  18.6%  16.9  275s
  1555   278 -1043.5350   13    3 -884.07998 -1048.0121  18.5%  16.7  285s
  1582   289 -1033.9889   15    5 -884.07998 -1047.7825  18.5%  16.6  292s
  1596   310 -1036.2671   17    3 -884.07998 -1047.1011  18.4%  16.5  296s
  1623   315     cutoff   19      -884.07998 -1045.9845  18.3%  16.5  302s
  1637   289 -966.96037   18    2 -884.07998 -1045.8113  18.3%  16.4  307s
  1652   312 -975.69952   18    2 -884.07998 -1045.4675  18.3%  16.4  311s
* 1656   313              20    -884.6199760 -1045.4675  18.2%  16.4  312s
  1664   302     cutoff   19      -884.61998 -1045.1668  18.1%  16.4  315s
  1689   297     cutoff   19      -884.61998 -1044.8207  18.1%  16.4  321s
  1721   296 -918.57635   18    2 -884.61998 -1044.3796  18.1%  16.3  331s
  1746   315     cutoff   19      -884.61998 -1043.3894  17.9%  16.2  339s
  1757   334 -967.72219   17    3 -884.61998 -1043.3894  17.9%  16.2  341s
  1783   322     cutoff   19      -884.61998 -1042.3780  17.8%  16.4  347s
  1816   313 -944.47711   18    2 -884.61998 -1041.4708  17.7%  16.3  355s
  1843   329     cutoff   19      -884.61998 -1041.0760  17.7%  16.2  364s
  1858   348 -991.16511   16    2 -884.61998 -1040.2645  17.6%  16.2  368s
  1875   358 -948.61066   17    - -884.61998 -1039.9244  17.6%  16.2  373s
  1888   373 -982.45564   16    4 -884.61998 -1039.9244  17.6%  16.2  376s
  1923   366     cutoff   19      -884.61998 -1039.2833  17.5%  16.3  383s
  1936   383     cutoff   20      -884.61998 -1039.2597  17.5%  16.3  385s
  1969   372     cutoff   19      -884.61998 -1039.1567  17.5%  16.3  392s
  1985   380     cutoff   19      -884.61998 -1039.1567  17.5%  16.3  395s
  2001   361 -997.52887   15    - -884.61998 -1038.7306  17.4%  16.2  401s
  2027   378 -995.79846   15    - -884.61998 -1037.5728  17.3%  16.2  409s
  2042   397 -1007.3998   17    - -884.61998 -1037.5207  17.3%  16.2  411s
  2052   384 -1022.1033   15    2 -884.61998 -1037.5207  17.3%  16.2  415s
  2080   394 -1024.2297   16    4 -884.61998 -1037.0783  17.2%  16.2  424s
  2112   407     cutoff   19      -884.61998 -1035.5636  17.1%  16.1  432s
  2137   414 -950.04712   18    - -884.61998 -1035.1555  17.0%  16.2  439s
  2149   431     cutoff   20      -884.61998 -1034.6263  17.0%  16.1  441s
  2164   422     cutoff   18      -884.61998 -1034.6091  17.0%  16.2  445s
  2194   429     cutoff   19      -884.61998 -1034.2192  16.9%  16.1  452s
  2223   439 -890.03442   18    2 -884.61998 -1034.0350  16.9%  16.1  459s
  2251   438 -992.50647   11    - -884.61998 -1033.5555  16.8%  16.1  466s
  2285   447 -992.26613   10    - -884.61998 -1033.4636  16.8%  16.1  476s
  2315   459 -968.94892   17    3 -884.61998 -1033.3007  16.8%  16.1  484s
  2334   475 -909.80433   18    2 -884.61998 -1032.4560  16.7%  16.1  485s
  2350   469     cutoff   20      -884.61998 -1032.4255  16.7%  16.1  491s
  2380   474 -1002.0682   16    - -884.61998 -1032.0578  16.7%  16.1  498s
  2418   471 -991.14483   16    - -884.61998 -1031.7307  16.6%  16.0  508s
  2452   480 -983.46585   18    - -884.61998 -1031.6806  16.6%  16.0  518s
  2467   498 -992.07355   18    - -884.61998 -1031.2936  16.6%  16.0  522s
  2485   487 -943.46585   18    - -884.61998 -1030.8902  16.5%  15.9  529s
  2514   501     cutoff   18      -884.61998 -1030.2153  16.5%  15.9  538s
  2555   507 -987.07084   10    - -884.61998 -1029.7085  16.4%  15.9  548s
  2592   519 -1003.9844   16    4 -884.61998 -1029.7085  16.4%  15.9  558s
  2624   531 -993.65111   17    - -884.61998 -1029.0990  16.3%  15.9  568s
  2669   526 -985.90414   17    - -884.61998 -1028.7965  16.3%  15.8  580s
  2684   553 -1016.5749   15    2 -884.61998 -1028.0592  16.2%  15.8  585s
  2706   543 -975.36626   16    - -884.61998 -1028.0592  16.2%  15.7  594s
  2741   560     cutoff   19      -884.61998 -1027.9777  16.2%  15.7  604s
  2782   565     cutoff   19      -884.61998 -1027.1782  16.1%  15.7  616s
  2803   585 -940.38209   18    - -884.61998 -1026.7085  16.1%  15.7  620s
  2821   570     cutoff   19      -884.61998 -1026.6895  16.1%  15.7  628s
  2843   597     cutoff   18      -884.61998 -1026.0784  16.0%  15.6  633s
  2865   576 -994.85783   18    - -884.61998 -1025.9738  16.0%  15.6  642s
  2889   603     cutoff   18      -884.61998 -1025.6103  15.9%  15.6  647s
  2911   589 -953.40721   18    - -884.61998 -1025.6103  15.9%  15.5  657s
  2939   602     cutoff   19      -884.61998 -1024.9132  15.9%  15.6  667s
  2957   625     cutoff   20      -884.61998 -1024.3043  15.8%  15.6  672s
  2981   604 -940.36236   18    2 -884.61998 -1024.1952  15.8%  15.6  680s
  3026   618     cutoff   19      -884.61998 -1023.8430  15.7%  15.5  694s
  3050   649 -980.67356   13    - -884.61998 -1023.5880  15.7%  15.5  699s
  3063   628 -973.61026   15    - -884.61998 -1023.4970  15.7%  15.5  706s
  3080   655 -977.46561   18    - -884.61998 -1023.3414  15.7%  15.5  711s
  3099   636 -980.25228   18    - -884.61998 -1023.3211  15.7%  15.5  719s
  3124   664 -999.84230   17    3 -884.61998 -1022.4962  15.6%  15.5  724s
  3141   653 -981.64837   15    - -884.61998 -1022.4838  15.6%  15.5  730s
  3180   659     cutoff   20      -884.61998 -1022.2508  15.6%  15.6  739s
  3208   682     cutoff   20      -884.61998 -1022.2508  15.6%  15.6  744s
  3228   657     cutoff   20      -884.61998 -1021.9409  15.5%  15.6  752s
  3276   658     cutoff   20      -884.61998 -1020.5341  15.4%  15.6  767s
  3319   668 -977.85081   18    - -884.61998 -1020.2957  15.3%  15.5  784s
  3373   683 -976.54096   16    - -884.61998 -1018.7497  15.2%  15.5  800s
  3432   702 -980.68837   18    - -884.61998 -1017.6263  15.0%  15.5  816s
  3456   728     cutoff   20      -884.61998 -1017.6263  15.0%  15.5  821s
  3486   712     cutoff   20      -884.61998 -1017.1870  15.0%  15.5  830s
  3532   716 -976.13138   12    - -884.61998 -1016.5673  14.9%  15.5  846s
  3560   748     cutoff   19      -884.61998 -1016.5673  14.9%  15.5  853s
  3589   731 -974.49411   12    2 -884.61998 -1016.2956  14.9%  15.5  864s
  3649   742 -972.86291   18    - -884.61998 -1015.2069  14.8%  15.4  883s
  3672   775     cutoff   20      -884.61998 -1014.5565  14.7%  15.4  888s
  3704   763 -1011.3184    7    - -884.61998 -1013.8660  14.6%  15.4  899s
  3770   775 -939.35850   17    1 -884.61998 -1013.1470  14.5%  15.5  917s
  3793   802     cutoff   20      -884.61998 -1012.9346  14.5%  15.5  920s
  3823   786     cutoff   20      -884.61998 -1012.9071  14.5%  15.5  931s
  3854   810     cutoff   20      -884.61998 -1012.8541  14.5%  15.5  938s
  3882   793 -975.74971   18    - -884.61998 -1012.6417  14.5%  15.5  949s
  3898   814 -1006.5129   15    3 -884.61998 -1011.6126  14.4%  15.6  951s
  3927   801     cutoff   19      -884.61998 -1011.5302  14.3%  15.5  965s
  3983   798 -919.53130   19    1 -884.61998 -1010.9842  14.3%  15.5  985s
  4021   840     cutoff   20      -884.61998 -1010.6391  14.2%  15.5  993s
  4057   805     cutoff   20      -884.61998 -1010.6391  14.2%  15.5 1007s
  4090   847     cutoff   20      -884.61998 -1010.6391  14.2%  15.5 1015s
  4118   818 -923.50551   18    2 -884.61998 -1010.3732  14.2%  15.5 1029s
  4176   844     cutoff   19      -884.61998 -1008.4938  14.0%  15.5 1049s
  4203   868 -927.41547   18    - -884.61998 -1008.4938  14.0%  15.5 1054s
  4227   847     cutoff   20      -884.61998 -1007.9156  13.9%  15.5 1065s
  4255   877     cutoff   18      -884.61998 -1007.7893  13.9%  15.5 1072s
  4289   851 -966.21594   18    - -884.61998 -1007.4546  13.9%  15.5 1088s
  4352   867     cutoff   20      -884.61998 -1006.8496  13.8%  15.5 1107s
  4413   868     cutoff   19      -884.61998 -1006.3713  13.8%  15.5 1129s
  4488   863 -963.44845   19    - -884.61998 -1005.8050  13.7%  15.5 1158s
  4545   880 -994.97424   12    - -884.61998 -1004.9528  13.6%  15.5 1183s
  4599   884     cutoff   19      -884.61998 -1004.6409  13.6%  15.5 1208s
  4623   925 -973.57489   15    2 -884.61998 -1004.6409  13.6%  15.5 1216s
  4654   890 -990.68829   17    - -884.61998 -1004.4246  13.5%  15.5 1235s
  4713   916 -915.28076   18    2 -884.61998 -1003.4151  13.4%  15.5 1260s
  4773   931     cutoff   19      -884.61998 -1002.8959  13.4%  15.5 1280s
  4836   911     cutoff   18      -884.61998 -1002.1185  13.3%  15.5 1308s
  4898   930     cutoff   20      -884.61998 -1001.4710  13.2%  15.5 1337s
  4965   932     cutoff   19      -884.61998 -1001.2455  13.2%  15.5 1365s
  5001   976 -948.94201   18    - -884.61998 -1000.7522  13.1%  15.5 1376s
  5033   942     cutoff   19      -884.61998 -999.91312  13.0%  15.5 1396s
  5069   992 -907.09721   18    - -884.61998 -999.91312  13.0%  15.5 1406s
  5101   956     cutoff   19      -884.61998 -999.70936  13.0%  15.5 1426s
  5134  1000     cutoff   19      -884.61998 -998.97811  12.9%  15.5 1433s
  5170   977     cutoff   18      -884.61998 -998.97811  12.9%  15.5 1454s
  5227   983     cutoff   19      -884.61998 -998.53497  12.9%  15.5 1480s
  5252  1020 -985.52753   15    4 -884.61998 -998.07759  12.8%  15.5 1489s
  5285   995     cutoff   19      -884.61998 -997.99178  12.8%  15.5 1509s
  5313  1035     cutoff   19      -884.61998 -997.94543  12.8%  15.5 1517s
  5340  1008     cutoff   19      -884.61998 -997.66662  12.8%  15.5 1534s
  5412  1015 -955.75036   17    - -884.61998 -997.30591  12.7%  15.5 1564s
  5490  1041 -924.50627   18    2 -884.61998 -997.26710  12.7%  15.4 1595s
  5551  1059     cutoff   19      -884.61998 -996.80649  12.7%  15.5 1619s
  5630  1063 -925.70147   18    2 -884.61998 -996.39668  12.6%  15.4 1651s
  5695  1080 -988.73111   12    - -884.61998 -996.18898  12.6%  15.4 1679s
  5760  1105     cutoff   19      -884.61998 -995.70962  12.6%  15.4 1710s
  5819  1119     cutoff   19      -884.61998 -995.54357  12.5%  15.4 1736s
  5846  1153     cutoff   19      -884.61998 -995.19461  12.5%  15.4 1742s
  5880  1127     cutoff   20      -884.61998 -994.94787  12.5%  15.4 1765s
  5914  1161     cutoff   19      -884.61998 -994.76928  12.5%  15.4 1774s
  5939  1138     cutoff   20      -884.61998 -994.76928  12.5%  15.4 1793s
  5970  1174 -961.78655   18    2 -884.61998 -994.76928  12.5%  15.4 1799s
  5999  1161     cutoff   19      -884.61998 -994.38544  12.4%  15.4 1822s
  6057  1172 -984.39055   10    6 -884.61998 -994.24863  12.4%  15.4 1850s
  6112  1171 -949.94565   18    - -884.61998 -993.43381  12.3%  15.4 1880s
  6145  1216 -987.43217    8    - -884.61998 -993.43381  12.3%  15.4 1891s
  6175  1180 -985.44114    6    - -884.61998 -993.21922  12.3%  15.4 1914s
  6235  1201 -917.77229   18    2 -884.61998 -992.43494  12.2%  15.4 1944s
  6300  1208     cutoff   19      -884.61998 -992.21065  12.2%  15.4 1977s
  6360  1231     cutoff   19      -884.61998 -991.55545  12.1%  15.4 2007s
  6422  1248 -962.51899   16    4 -884.61998 -991.38797  12.1%  15.4 2035s
  6471  1246 -940.64429   18    - -884.61998 -990.58999  12.0%  15.4 2063s
  6534  1257 -901.36561   18    2 -884.61998 -990.26613  11.9%  15.4 2097s
  6592  1288     cutoff   19      -884.61998 -990.05784  11.9%  15.4 2126s
  6651  1285     cutoff   19      -884.61998 -989.68550  11.9%  15.4 2155s
  6680  1326 -981.57363   16    - -884.61998 -989.68550  11.9%  15.3 2166s
  6712  1278 -925.37175   18    2 -884.61998 -989.49134  11.9%  15.3 2191s
  6787  1301     cutoff   19      -884.61998 -989.02412  11.8%  15.3 2229s
  6819  1349 -899.80464   18    - -884.61998 -988.68550  11.8%  15.3 2238s
  6849  1321     cutoff   19      -884.61998 -988.43048  11.7%  15.3 2263s
  6884  1364     cutoff   18      -884.61998 -988.43048  11.7%  15.3 2273s
  6913  1337     cutoff   18      -884.61998 -988.03080  11.7%  15.3 2296s
  6984  1351 -956.65017   18    - -884.61998 -987.58590  11.6%  15.2 2330s
  7051  1374 -946.71980   15    - -884.61998 -987.42888  11.6%  15.2 2365s
  7123  1398 -951.87132   16    - -884.61998 -986.93392  11.6%  15.2 2399s
  7156  1440     cutoff   19      -884.61998 -986.66243  11.5%  15.2 2408s
  7189  1415     cutoff   19      -884.61998 -986.65266  11.5%  15.2 2432s
  7219  1459 -949.67915   17    - -884.61998 -986.31469  11.5%  15.2 2442s
  7254  1429 -943.47649   18    - -884.61998 -986.29031  11.5%  15.2 2467s
  7316  1444     cutoff   19      -884.61998 -986.04032  11.5%  15.2 2501s
  7344  1485     cutoff   18      -884.61998 -986.04032  11.5%  15.2 2511s
  7380  1468 -976.74819    9    5 -884.61998 -985.61218  11.4%  15.1 2537s
  7404  1503 -941.86038   14    - -884.61998 -985.39666  11.4%  15.2 2543s
  7434  1468 -950.43975   18    - -884.61998 -985.39666  11.4%  15.1 2572s
  7462  1507 -930.16649   18    - -884.61998 -985.39666  11.4%  15.1 2583s
  7497  1474 -910.52053   18    2 -884.61998 -984.94686  11.3%  15.1 2610s
  7556  1506     cutoff   19      -884.61998 -984.68950  11.3%  15.1 2645s
  7581  1544     cutoff   18      -884.61998 -984.68950  11.3%  15.1 2652s
  7609  1512     cutoff   19      -884.61998 -984.34561  11.3%  15.1 2679s
  7639  1548     cutoff   19      -884.61998 -984.07700  11.2%  15.1 2689s
  7679  1516     cutoff   19      -884.61998 -984.07700  11.2%  15.1 2718s
  7741  1536 -947.80710   17    - -884.61998 -983.74418  11.2%  15.1 2757s
  7772  1580     cutoff   19      -884.61998 -983.61688  11.2%  15.1 2766s
  7805  1553 -927.56522   18    - -884.61998 -983.26495  11.2%  15.1 2796s
  7866  1569 -887.56522   18    - -884.61998 -982.90619  11.1%  15.1 2830s
  7920  1574     cutoff   19      -884.61998 -982.61026  11.1%  15.1 2863s
  7972  1592     cutoff   20      -884.61998 -982.30500  11.0%  15.1 2898s
  8007  1633     cutoff   19      -884.61998 -981.98770  11.0%  15.1 2909s
  8037  1600     cutoff   20      -884.61998 -981.94087  11.0%  15.1 2934s
  8101  1611     cutoff   19      -884.61998 -981.58485  11.0%  15.1 2970s
  8135  1655 -954.09517   13    - -884.61998 -981.57394  11.0%  15.1 2982s
  8157  1633 -932.80306   18    - -884.61998 -981.41551  10.9%  15.1 3006s
  8220  1650     cutoff   19      -884.61998 -981.28673  10.9%  15.1 3042s
  8287  1651 -955.57690   15    - -884.61998 -980.67356  10.9%  15.1 3085s
  8347  1674 -938.27009   18    2 -884.61998 -980.33758  10.8%  15.1 3125s
  8379  1721     cutoff   19      -884.61998 -980.05918  10.8%  15.1 3134s
  8414  1691     cutoff   19      -884.61998 -980.05918  10.8%  15.1 3163s
  8476  1699     cutoff   18      -884.61998 -979.69445  10.7%  15.1 3204s
  8505  1744     cutoff   18      -884.61998 -979.41558  10.7%  15.1 3213s
  8540  1716     cutoff   19      -884.61998 -979.41558  10.7%  15.1 3244s
  8603  1718     cutoff   18      -884.61998 -979.22901  10.7%  15.1 3287s
  8675  1733     cutoff   18      -884.61998 -978.52159  10.6%  15.1 3343s
  8738  1752 -964.53775   16    - -884.61998 -978.27282  10.6%  15.1 3386s
  8774  1802     cutoff   19      -884.61998 -978.14862  10.6%  15.0 3399s
  8808  1767     cutoff   18      -884.61998 -978.05918  10.6%  15.0 3430s
  8871  1789 -952.54013   17    - -884.61998 -977.80294  10.5%  15.0 3476s
  8905  1834     cutoff   18      -884.61998 -977.80294  10.5%  15.0 3486s
  8938  1809 -931.49058   18    2 -884.61998 -977.62634  10.5%  15.0 3518s
  8970  1852     cutoff   19      -884.61998 -976.99436  10.4%  15.0 3527s
  9000  1830     cutoff   19      -884.61998 -976.99395  10.4%  15.0 3557s
  9034  1875 -893.96962   18    2 -884.61998 -976.77337  10.4%  15.0 3566s
  9068  1853     cutoff   18      -884.61998 -976.73393  10.4%  15.0 3596s
  9101  1888     cutoff   19      -884.61998 -976.54096  10.4%  15.0 3605s
  9130  1863     cutoff   19      -884.61998 -976.54096  10.4%  15.0 3638s
  9194  1881 -930.47220   17    - -884.61998 -976.15654  10.3%  15.0 3680s
  9225  1924     cutoff   19      -884.61998 -975.91358  10.3%  15.0 3689s
  9257  1890 -908.94201   18    - -884.61998 -975.90290  10.3%  15.0 3722s
  9322  1906     cutoff   18      -884.61998 -975.63936  10.3%  15.0 3764s
  9382  1928 -928.33134   18    2 -884.61998 -975.40360  10.3%  15.0 3802s
  9413  1962     cutoff   18      -884.61998 -975.24836  10.2%  15.0 3812s
  9435  1937 -973.44343   14    - -884.61998 -975.24740  10.2%  15.1 3842s
  9506  1948 -968.67464   16    4 -884.61998 -974.91205  10.2%  15.1 3884s
  9538  1993 -961.89716   19    - -884.61998 -974.69181  10.2%  15.1 3894s
  9570  1961     cutoff   20      -884.61998 -974.65149  10.2%  15.1 3929s
  9606  2001     cutoff   19      -884.61998 -974.51586  10.2%  15.1 3939s
  9641  1979 -937.21341   17    3 -884.61998 -974.49411  10.2%  15.0 3973s
  9673  2020 -936.63280   18    2 -884.61998 -974.49411  10.2%  15.0 3983s
  9699  1992 -940.86951   17    3 -884.61998 -974.20035  10.1%  15.1 4015s
  9763  2000     cutoff   20      -884.61998 -974.13138  10.1%  15.1 4062s
  9834  2016     cutoff   19      -884.61998 -973.65264  10.1%  15.1 4104s
  9900  2030 -889.29708   18    2 -884.61998 -973.25326  10.0%  15.0 4149s
  9930  2074 -937.60083   18    - -884.61998 -973.13138  10.0%  15.0 4159s
  9968  2048     cutoff   19      -884.61998 -973.00849  10.0%  15.0 4194s
  9992  2080 -897.69025   18    2 -884.61998 -973.00849  10.0%  15.1 4200s
 10023  2062     cutoff   19      -884.61998 -972.74657  10.0%  15.1 4233s
 10089  2060 -924.05419   18    - -884.61998 -972.42836  9.93%  15.0 4280s
 10120  2111     cutoff   19      -884.61998 -972.42698  9.93%  15.0 4292s
 10157  2085 -931.77210   18    2 -884.61998 -972.42698  9.93%  15.0 4329s
 10235  2110     cutoff   20      -884.61998 -972.29459  9.91%  15.0 4370s
 10264  2140     cutoff   20      -884.61998 -971.78256  9.85%  15.0 4378s
 10295  2118 -934.88168   18    - -884.61998 -971.75244  9.85%  15.0 4415s
 10357  2122 -894.31826   18    - -884.61998 -971.37112  9.81%  15.0 4463s
 10384  2162 -952.78886   11    5 -884.61998 -971.19646  9.79%  15.1 4471s
 10419  2131 -895.08157   19    1 -884.61998 -971.19537  9.79%  15.1 4512s
 10498  2145     cutoff   19      -884.61998 -970.92234  9.76%  15.0 4563s
 10535  2192     cutoff   20      -884.61998 -970.65318  9.73%  15.0 4574s
 10575  2170 -934.53103   18    - -884.61998 -970.63906  9.72%  15.0 4610s
 10638  2178 -942.79033   14    - -884.61998 -970.41352  9.70%  15.0 4658s
 10668  2222     cutoff   19      -884.61998 -970.32441  9.69%  15.0 4669s
 10703  2190     cutoff   18      -884.61998 -970.27513  9.68%  15.0 4707s
 10770  2212     cutoff   18      -884.61998 -969.72934  9.62%  15.1 4751s
 10801  2250 -947.49100   13    - -884.61998 -969.50224  9.60%  15.1 4760s
 10837  2225     cutoff   19      -884.61998 -969.47863  9.59%  15.0 4800s
 10906  2244 -934.20990   18    - -884.61998 -969.12964  9.55%  15.0 4849s
 10942  2288     cutoff   18      -884.61998 -968.94766  9.53%  15.0 4859s
 10978  2264 -894.37865   18    2 -884.61998 -968.94766  9.53%  15.0 4895s
 11041  2271     cutoff   19      -884.61998 -968.52234  9.48%  15.0 4945s
 11081  2316 -959.43085   12    - -884.61998 -968.49375  9.48%  15.0 4957s
 11114  2288     cutoff   19      -884.61998 -968.26039  9.45%  15.0 4997s
 11143  2330     cutoff   18      -884.61998 -968.01927  9.43%  15.0 5006s
 11174  2313 -886.74325   19    1 -884.61998 -968.01174  9.43%  15.0 5043s
 11244  2322     cutoff   19      -884.61998 -967.80269  9.40%  15.0 5092s
 11309  2335 -893.44881   18    2 -884.61998 -967.63906  9.38%  15.0 5142s
 11375  2353     cutoff   19      -884.61998 -967.47130  9.37%  15.0 5189s
 11407  2388 -930.28567   18    - -884.61998 -966.86528  9.30%  15.0 5199s
 11437  2354     cutoff   19      -884.61998 -966.86528  9.30%  15.0 5236s
 11493  2366 -926.96861   18    2 -884.61998 -966.40165  9.24%  15.0 5283s
 11524  2409 -946.48847   18    - -884.61998 -966.23625  9.23%  15.0 5294s
 11557  2372     cutoff   20      -884.61998 -966.21778  9.22%  15.0 5336s
 11631  2388     cutoff   20      -884.61998 -965.80581  9.18%  15.0 5390s
 11704  2403 -958.16431   10    - -884.61998 -965.58213  9.15%  15.0 5441s
 11736  2447 -925.03699   18    2 -884.61998 -965.58213  9.15%  15.0 5452s
 11769  2412 -915.99359   18    - -884.61998 -965.49375  9.14%  15.0 5492s
 11842  2416     cutoff   20      -884.61998 -965.05919  9.09%  15.0 5547s
 11918  2443     cutoff   20      -884.61998 -964.74744  9.06%  15.0 5600s
 11986  2449     cutoff   19      -884.61998 -964.41866  9.02%  15.0 5650s
 12015  2491 -928.57700   18    - -884.61998 -964.29590  9.01%  15.0 5662s
 12053  2458 -955.89412    5    2 -884.61998 -964.10764  8.99%  15.0 5709s
 12128  2473 -941.30225   13    - -884.61998 -963.83692  8.95%  15.0 5765s
 12194  2489     cutoff   19      -884.61998 -963.55499  8.92%  15.0 5818s
 12261  2498 -934.30731   16    - -884.61998 -963.24716  8.89%  15.0 5872s
 12292  2542     cutoff   18      -884.61998 -962.99923  8.86%  15.0 5884s
 12322  2498 -927.38544   18    - -884.61998 -962.98738  8.86%  15.0 5931s
 12356  2544 -913.33510   19    - -884.61998 -962.57913  8.81%  15.1 5944s
 12390  2509     cutoff   20      -884.61998 -962.56319  8.81%  15.1 5984s
 12458  2511     cutoff   19      -884.61998 -962.37950  8.79%  15.1 6041s
 12528  2520     cutoff   19      -884.61998 -961.98171  8.75%  15.0 6103s
 12607  2551     cutoff   19      -884.61998 -961.71288  8.71%  15.0 6162s
 12637  2590     cutoff   20      -884.61998 -961.71288  8.71%  15.0 6168s
 12675  2573     cutoff   19      -884.61998 -961.42686  8.68%  15.0 6213s
 12710  2608     cutoff   18      -884.61998 -961.14983  8.65%  15.0 6225s
 12742  2581     cutoff   20      -884.61998 -961.11281  8.65%  15.0 6268s
 12810  2605     cutoff   19      -884.61998 -960.91373  8.62%  15.1 6320s
 12841  2634     cutoff   18      -884.61998 -960.73582  8.60%  15.1 6331s
 12870  2602     cutoff   19      -884.61998 -960.72674  8.60%  15.1 6373s
 12943  2604 -917.68593   18    - -884.61998 -960.42902  8.57%  15.1 6435s
 13018  2616     cutoff   19      -884.61998 -960.19088  8.54%  15.0 6494s
 13049  2660 -919.05467   18    - -884.61998 -959.94310  8.51%  15.1 6505s
 13085  2645     cutoff   19      -884.61998 -959.93521  8.51%  15.1 6549s
 13122  2689 -917.05467   18    - -884.61998 -959.72044  8.49%  15.0 6562s
 13152  2648 -916.23949   18    - -884.61998 -959.71892  8.49%  15.1 6606s
 13224  2651 -908.77730   18    - -884.61998 -959.47078  8.46%  15.1 6670s
 13283  2664     cutoff   20      -884.61998 -959.14990  8.43%  15.1 6731s
 13350  2667     cutoff   19      -884.61998 -958.77171  8.38%  15.1 6788s
 13415  2672 -918.47572   19    - -884.61998 -958.52476  8.35%  15.1 6850s
 13450  2720 -916.55701   18    - -884.61998 -958.52476  8.35%  15.1 6864s
 13488  2687     cutoff   19      -884.61998 -958.33639  8.33%  15.1 6908s
 13549  2709     cutoff   19      -884.61998 -958.02467  8.30%  15.1 6961s
 13581  2744 -949.41101   11    5 -884.61998 -957.76251  8.27%  15.1 6971s
 13615  2719     cutoff   19      -884.61998 -957.75220  8.27%  15.1 7020s
 13651  2757     cutoff   18      -884.61998 -957.54728  8.24%  15.1 7032s
 13680  2727     cutoff   18      -884.61998 -957.53853  8.24%  15.1 7080s
 13753  2731 -946.50469   15    2 -884.61998 -957.28427  8.21%  15.1 7142s
 13786  2779     cutoff   19      -884.61998 -957.10373  8.19%  15.1 7153s
 13827  2763     cutoff   20      -884.61998 -957.09316  8.19%  15.1 7196s

Cutting planes:
  MIR: 53
  Lazy constraints: 870700

Explored 13884 nodes (210125 simplex iterations) in 7216.29 seconds
Thread count was 4 (of 4 available processors)

Solution count 6: -884.62 -884.08 -866.5 ... -810.1

Time limit reached
Best objective -8.846199759580e+02, best bound -9.570931566103e+02, gap 8.1926%
