
Gurobi 8.1.1 (win64) logging started 07/05/20 16:57:36

Changed value of parameter LogFile to Results/sslp1_20_100_200_BendersBnC.log
   Prev: gurobi.log  Default: 
Changed value of parameter Heuristics to 0.0
   Prev: 0.05  Min: 0.0  Max: 1.0  Default: 0.05
Changed value of parameter lazyConstraints to 1
   Prev: 0  Min: 0  Max: 1  Default: 0
Changed value of parameter timeLimit to 7185.602502584457
   Prev: 1e+100  Min: 0.0  Max: 1e+100  Default: 1e+100
Optimize a model with 2322 rows, 220 columns and 26788 nonzeros
Variable types: 200 continuous, 20 integer (20 binary)
Coefficient statistics:
  Matrix range     [2e-13, 2e+06]
  Objective range  [5e-03, 8e+01]
  Bounds range     [1e+00, 1e+00]
  RHS range        [2e-13, 6e+04]
Warning: Model contains large matrix coefficient range
         Consider reformulating model or setting NumericFocus parameter
         to avoid numerical issues.
Presolve removed 228 rows and 0 columns
Presolve time: 0.02s
Presolved: 2094 rows, 220 columns, 26388 nonzeros
Variable types: 200 continuous, 20 integer (20 binary)

Root relaxation: objective -1.144272e+03, 208 iterations, 0.03 seconds

    Nodes    |    Current Node    |     Objective Bounds      |     Work
 Expl Unexpl |  Obj  Depth IntInf | Incumbent    BestBd   Gap | It/Node Time

     0     0 -1144.2723    0    8          - -1144.2723      -     -    0s
     0     0 -1144.0458    0    9          - -1144.0458      -     -    0s
     0     0 -1143.8873    0    9          - -1143.8873      -     -    0s
     0     0 -1143.7732    0    9          - -1143.7732      -     -    0s
     0     0 -1143.6618    0    9          - -1143.6618      -     -    0s
     0     0 -1143.5765    0    9          - -1143.5765      -     -    0s
     0     0 -1143.5347    0    7          - -1143.5347      -     -    0s
     0     0 -1143.5081    0    7          - -1143.5081      -     -    0s
     0     0 -1143.4913    0    7          - -1143.4913      -     -    0s
     0     0 -1143.4794    0    7          - -1143.4794      -     -    0s
     0     0 -1140.3858    0   13          - -1140.3858      -     -    1s
     0     0 -1140.2911    0   13          - -1140.2911      -     -    1s
     0     0 -1140.2015    0   13          - -1140.2015      -     -    1s
     0     0 -1140.1402    0   13          - -1140.1402      -     -    1s
     0     0 -1140.0733    0   13          - -1140.0733      -     -    1s
     0     0 -1140.0152    0   13          - -1140.0152      -     -    1s
     0     0 -1139.9749    0   13          - -1139.9749      -     -    1s
     0     0 -1139.9085    0   13          - -1139.9085      -     -    1s
     0     0 -1139.8550    0   14          - -1139.8550      -     -    1s
     0     0 -1139.7924    0   14          - -1139.7924      -     -    1s
     0     0 -1139.6984    0   14          - -1139.6984      -     -    1s
     0     0 -1139.6373    0   13          - -1139.6373      -     -    1s
     0     0 -1139.6070    0   14          - -1139.6070      -     -    1s
     0     0 -1139.5803    0   13          - -1139.5803      -     -    1s
     0     0 -1139.5310    0   13          - -1139.5310      -     -    1s
     0     0 -1139.5007    0   13          - -1139.5007      -     -    1s
     0     0 -1139.4730    0   13          - -1139.4730      -     -    1s
     0     0 -1139.4292    0   12          - -1139.4292      -     -    1s
     0     0 -1139.3754    0   13          - -1139.3754      -     -    1s
     0     0 -1139.3423    0   12          - -1139.3423      -     -    1s
     0     0 -1139.3144    0   12          - -1139.3144      -     -    1s
     0     0 -1139.2961    0   12          - -1139.2961      -     -    1s
     0     0 -1139.2700    0   12          - -1139.2700      -     -    1s
     0     0 -1139.2443    0   12          - -1139.2443      -     -    1s
     0     0 -1139.2113    0   13          - -1139.2113      -     -    1s
     0     0 -1139.1886    0   12          - -1139.1886      -     -    1s
     0     0 -1139.1679    0   12          - -1139.1679      -     -    1s
     0     0 -1139.1277    0   12          - -1139.1277      -     -    1s
     0     0 -1139.0981    0   12          - -1139.0981      -     -    1s
     0     0 -1139.0667    0   12          - -1139.0667      -     -    1s
     0     0 -1139.0505    0   12          - -1139.0505      -     -    1s
     0     0 -1139.0272    0   12          - -1139.0272      -     -    1s
     0     0 -1139.0026    0   13          - -1139.0026      -     -    1s
     0     0 -1138.9857    0   13          - -1138.9857      -     -    1s
     0     0 -1138.9630    0   13          - -1138.9630      -     -    1s
     0     0 -1138.9408    0   13          - -1138.9408      -     -    1s
     0     0 -1138.9294    0   13          - -1138.9294      -     -    1s
     0     0 -1138.8913    0   13          - -1138.8913      -     -    1s
     0     0 -1138.8721    0   13          - -1138.8721      -     -    1s
     0     0 -1138.8543    0   13          - -1138.8543      -     -    1s
     0     0 -1138.8265    0   13          - -1138.8265      -     -    1s
     0     0 -1138.8193    0   11          - -1138.8193      -     -    1s
     0     0 -1138.7835    0   13          - -1138.7835      -     -    1s
     0     0 -1138.7688    0   11          - -1138.7688      -     -    1s
     0     0 -1138.7529    0   12          - -1138.7529      -     -    1s
     0     0 -1138.7265    0   12          - -1138.7265      -     -    1s
     0     0 -1138.7112    0   12          - -1138.7112      -     -    1s
     0     0 -1138.6928    0   12          - -1138.6928      -     -    1s
     0     0 -1138.6897    0   13          - -1138.6897      -     -    1s
     0     0 -1138.6654    0   12          - -1138.6654      -     -    1s
     0     0 -1138.6542    0   12          - -1138.6542      -     -    1s
     0     0 -1138.6496    0   11          - -1138.6496      -     -    1s
     0     0 -1138.6281    0   12          - -1138.6281      -     -    1s
     0     0 -1138.6172    0   12          - -1138.6172      -     -    1s
     0     0 -1138.6023    0   11          - -1138.6023      -     -    1s
     0     0 -1138.5843    0   12          - -1138.5843      -     -    1s
     0     0 -1138.5826    0   11          - -1138.5826      -     -    1s
     0     0 -1138.5726    0   12          - -1138.5726      -     -    1s
     0     0 -1138.5582    0   11          - -1138.5582      -     -    1s
     0     0 -1138.5429    0   11          - -1138.5429      -     -    1s
     0     0 -1138.5284    0   11          - -1138.5284      -     -    1s
     0     0 -1138.5280    0   11          - -1138.5280      -     -    1s
     0     0 -1138.5187    0   11          - -1138.5187      -     -    1s
     0     0 -1138.5115    0   12          - -1138.5115      -     -    1s
     0     0 -1138.4962    0   12          - -1138.4962      -     -    1s
     0     0 -1138.4879    0   11          - -1138.4879      -     -    1s
     0     0 -1138.4724    0   12          - -1138.4724      -     -    1s
     0     0 -1138.4703    0   12          - -1138.4703      -     -    1s
     0     0 -1138.4439    0   11          - -1138.4439      -     -    1s
     0     0 -1138.4437    0   11          - -1138.4437      -     -    1s
     0     0 -1138.4359    0   11          - -1138.4359      -     -    1s
     0     0 -1138.4276    0   11          - -1138.4276      -     -    1s
     0     0 -1138.4180    0   11          - -1138.4180      -     -    1s
     0     0 -1138.4126    0   12          - -1138.4126      -     -    1s
     0     0 -1138.4095    0   11          - -1138.4095      -     -    1s
     0     0 -1138.3975    0   11          - -1138.3975      -     -    1s
     0     0 -1138.3964    0   12          - -1138.3964      -     -    1s
     0     0 -1138.3907    0   12          - -1138.3907      -     -    1s
     0     0 -1138.3802    0   12          - -1138.3802      -     -    1s
     0     0 -1138.3753    0   12          - -1138.3753      -     -    2s
     0     0 -1138.3752    0   12          - -1138.3752      -     -    2s
     0     0 -1138.2299    0   12          - -1138.2299      -     -    2s
     0     0 -1138.1297    0   10          - -1138.1297      -     -    2s
     0     0 -1138.0317    0   11          - -1138.0317      -     -    2s
     0     0 -1137.9372    0   10          - -1137.9372      -     -    2s
     0     0 -1137.8705    0   10          - -1137.8705      -     -    2s
     0     0 -1137.8230    0   10          - -1137.8230      -     -    2s
     0     0 -1137.7705    0   11          - -1137.7705      -     -    2s
     0     0 -1137.6991    0    9          - -1137.6991      -     -    2s
     0     0 -1137.6282    0    9          - -1137.6282      -     -    2s
     0     0 -1137.5683    0   10          - -1137.5683      -     -    2s
     0     0 -1137.5140    0   10          - -1137.5140      -     -    2s
     0     0 -1137.4945    0   10          - -1137.4945      -     -    2s
     0     0 -1137.4600    0   11          - -1137.4600      -     -    2s
     0     0 -1137.4143    0   10          - -1137.4143      -     -    2s
     0     0 -1137.3977    0   11          - -1137.3977      -     -    2s
     0     0 -1137.3727    0   11          - -1137.3727      -     -    2s
     0     0 -1137.3192    0   10          - -1137.3192      -     -    2s
     0     0 -1137.3022    0   10          - -1137.3022      -     -    2s
     0     0 -1137.2692    0   10          - -1137.2692      -     -    2s
     0     0 -1137.2552    0   10          - -1137.2552      -     -    2s
     0     0 -1137.2178    0   10          - -1137.2178      -     -    2s
     0     0 -1137.1811    0   10          - -1137.1811      -     -    2s
     0     0 -1137.1448    0   10          - -1137.1448      -     -    2s
     0     0 -1137.1132    0   10          - -1137.1132      -     -    2s
     0     0 -1137.0881    0   10          - -1137.0881      -     -    2s
     0     0 -1137.0728    0   10          - -1137.0728      -     -    2s
     0     0 -1137.0313    0   10          - -1137.0313      -     -    2s
     0     0 -1137.0189    0    9          - -1137.0189      -     -    2s
     0     0 -1137.0000    0   10          - -1137.0000      -     -    2s
     0     0 -1136.9752    0    9          - -1136.9752      -     -    2s
     0     0 -1136.9536    0    9          - -1136.9536      -     -    2s
     0     0 -1136.9436    0    9          - -1136.9436      -     -    2s
     0     0 -1136.9259    0   10          - -1136.9259      -     -    2s
     0     0 -1136.9138    0   10          - -1136.9138      -     -    2s
     0     0 -1136.8864    0   10          - -1136.8864      -     -    2s
     0     0 -1136.8724    0   10          - -1136.8724      -     -    2s
     0     0 -1136.8346    0   10          - -1136.8346      -     -    2s
     0     0 -1136.8178    0   10          - -1136.8178      -     -    2s
     0     0 -1136.7963    0    9          - -1136.7963      -     -    2s
     0     0 -1136.7725    0   11          - -1136.7725      -     -    2s
     0     0 -1136.7612    0   11          - -1136.7612      -     -    2s
     0     0 -1136.7483    0   10          - -1136.7483      -     -    2s
     0     0 -1136.7361    0   10          - -1136.7361      -     -    2s
     0     0 -1136.7228    0   10          - -1136.7228      -     -    2s
     0     0 -1136.7162    0   10          - -1136.7162      -     -    2s
     0     0 -1136.6974    0    9          - -1136.6974      -     -    2s
     0     0 -1136.6839    0   10          - -1136.6839      -     -    2s
     0     0 -1136.6762    0   10          - -1136.6762      -     -    2s
     0     0 -1136.6642    0   10          - -1136.6642      -     -    2s
     0     0 -1136.6549    0   10          - -1136.6549      -     -    2s
     0     0 -1136.6470    0    9          - -1136.6470      -     -    2s
     0     0 -1136.6374    0   10          - -1136.6374      -     -    2s
     0     0 -1136.6226    0   11          - -1136.6226      -     -    2s
     0     0 -1136.6189    0   11          - -1136.6189      -     -    2s
     0     0 -1136.5230    0   10          - -1136.5230      -     -    2s
     0     0 -1136.4800    0   11          - -1136.4800      -     -    2s
     0     0 -1136.4656    0   11          - -1136.4656      -     -    2s
     0     0 -1136.4275    0   11          - -1136.4275      -     -    2s
     0     0 -1136.4067    0    9          - -1136.4067      -     -    2s
     0     0 -1136.3771    0   10          - -1136.3771      -     -    2s
     0     0 -1136.3661    0    9          - -1136.3661      -     -    2s
     0     0 -1136.3454    0   10          - -1136.3454      -     -    2s
     0     0 -1136.3354    0   10          - -1136.3354      -     -    2s
     0     0 -1136.3286    0   10          - -1136.3286      -     -    2s
     0     0 -1136.3201    0   10          - -1136.3201      -     -    2s
     0     0 -1136.2980    0   10          - -1136.2980      -     -    2s
     0     0 -1136.2871    0   10          - -1136.2871      -     -    2s
     0     0 -1136.2852    0    9          - -1136.2852      -     -    2s
     0     0 -1136.2494    0   10          - -1136.2494      -     -    2s
     0     0 -1136.2322    0    9          - -1136.2322      -     -    2s
     0     0 -1136.2189    0   10          - -1136.2189      -     -    2s
     0     0 -1136.1980    0    9          - -1136.1980      -     -    2s
     0     0 -1136.1826    0    9          - -1136.1826      -     -    2s
     0     0 -1136.1748    0    9          - -1136.1748      -     -    2s
     0     0 -1136.1659    0    8          - -1136.1659      -     -    2s
     0     0 -1136.1498    0    9          - -1136.1498      -     -    2s
     0     0 -1136.1443    0    9          - -1136.1443      -     -    2s
     0     0 -1136.1197    0   11          - -1136.1197      -     -    2s
     0     0 -1136.1025    0   10          - -1136.1025      -     -    2s
     0     0 -1136.0841    0    9          - -1136.0841      -     -    2s
     0     0 -1136.0726    0    9          - -1136.0726      -     -    2s
     0     0 -1136.0674    0   10          - -1136.0674      -     -    2s
     0     0 -1136.0644    0    9          - -1136.0644      -     -    2s
     0     0 -1136.0551    0    9          - -1136.0551      -     -    2s
     0     0 -1136.0513    0   10          - -1136.0513      -     -    2s
     0     0 -1136.0469    0   10          - -1136.0469      -     -    2s
     0     2 -1136.0469    0   10          - -1136.0469      -     -    2s
     7     7 -1134.6547    4   10          - -1135.9186      -  54.1    5s
    17    11 -1131.5697    8    6          - -1135.9186      -  47.9   12s
    22    11 -1123.1112   10    -          - -1135.9186      -  51.1   16s
    33    17 -1104.8827   12    7          - -1135.9186      -  64.9   23s
    35    18 -1099.5231   13    6          - -1135.9186      -  65.9   25s
    42    21 -1074.0843   15    5          - -1135.9186      -  64.4   31s
    50    26 -1039.0395   18    -          - -1135.9186      -  60.1   35s
*   59    29              20    -753.7099813 -1135.9186  50.7%  61.7   41s
*   61    30              20    -765.6399810 -1135.9186  48.4%  66.2   43s
*   64    28              20    -818.2449789 -1135.6537  38.8%  67.1   45s
    76    35 -1053.6561    4    2 -818.24498 -1135.6537  38.8%  63.9   53s
    78    31 -1093.4443    5    - -818.24498 -1135.6537  38.8%  63.1   56s
    84    35 -1091.1022    5    - -818.24498 -1135.6537  38.8%  60.8   63s
    86    36 -1087.0144    5    4 -818.24498 -1135.6537  38.8%  61.5   65s
    98    41 -1044.0684    8    - -818.24498 -1135.6537  38.8%  57.1   75s
   104    40 -1036.2401    8    - -818.24498 -1135.6537  38.8%  55.8   81s
   107    41 -1030.4012    8    - -818.24498 -1135.6537  38.8%  55.7   85s
   114    44 -1061.3665   17    - -818.24498 -1135.6537  38.8%  53.6   90s
   124    46 -1073.4847   10    4 -818.24498 -1135.6537  38.8%  54.4   97s
   128    55 -1069.1302   12    4 -818.24498 -1135.6537  38.8%  54.3  100s
   138    55 -1018.0343   15    2 -818.24498 -1134.6535  38.7%  56.3  105s
   145    62 -1094.3650    3    4 -818.24498 -1134.6535  38.7%  57.4  112s
   149    60 -1092.3510    5    - -818.24498 -1134.6535  38.7%  58.3  115s
   165    65     cutoff   20      -818.24498 -1134.6535  38.7%  57.4  121s
   172    66 -1088.0851    7    - -818.24498 -1134.6535  38.7%  57.8  125s
   184    64 -1039.1599   10    2 -818.24498 -1134.6535  38.7%  56.5  131s
   191    70 -1084.3857    9    2 -818.24498 -1134.6535  38.7%  54.9  138s
   196    71 -1044.2220   11    - -818.24498 -1134.6535  38.7%  54.1  146s
   201    78 -1037.1648   11    - -818.24498 -1134.6535  38.7%  53.6  151s
   206    76 -1029.1849   11    - -818.24498 -1134.6535  38.7%  53.6  155s
   217    80 -1074.0657   14    - -818.24498 -1134.6535  38.7%  53.1  164s
   219    84 -1036.1011   12    - -818.24498 -1134.6535  38.7%  52.8  167s
   229    80 -1068.7889   15    - -818.24498 -1134.6535  38.7%  51.8  175s
   237    91 -1026.9787   15    - -818.24498 -1134.6535  38.7%  51.1  185s
   242    89 -1038.5690   16    - -818.24498 -1134.6535  38.7%  50.9  191s
   248    90 -999.84912   15    - -818.24498 -1134.6535  38.7%  51.2  199s
   249    91 -1012.7488   16    - -818.24498 -1134.6535  38.7%  51.3  200s
   253    93 -1010.5809   16    4 -818.24498 -1134.6535  38.7%  51.0  205s
   259    94 -1023.4168   14    - -818.24498 -1134.6535  38.7%  51.2  212s
   265    95 -1012.9510   14    - -818.24498 -1134.6535  38.7%  50.8  217s
   269    98 -1006.1144   14    - -818.24498 -1134.6535  38.7%  50.8  221s
   273   100 -1001.1488   14    - -818.24498 -1134.6535  38.7%  51.9  226s
   280   102 -1032.7533   16    - -818.24498 -1134.6535  38.7%  52.9  233s
   282    99 -1024.9741   16    - -818.24498 -1134.6535  38.7%  52.8  236s
   287    99 -1014.3368   16    - -818.24498 -1134.6535  38.7%  52.6  244s
   290   101 -1019.3790   14    - -818.24498 -1134.6535  38.7%  52.5  247s
   292   100 -1002.7832   16    - -818.24498 -1134.6535  38.7%  52.7  250s
   304   105 -988.83269   17    3 -818.24498 -1134.6535  38.7%  52.3  256s
   306   110 -964.62936   18    - -818.24498 -1134.6535  38.7%  52.3  260s
   312   105 -834.17082   18    2 -818.24498 -1134.6535  38.7%  54.4  265s
   316   111 -958.15884   18    - -818.24498 -1134.6535  38.7%  54.1  270s
   320   109 -916.85620   18    - -818.24498 -1134.6535  38.7%  54.6  275s
   330   114 -941.93723   17    - -818.24498 -1133.7432  38.6%  56.3  281s
   345   113 -1051.0449    7    2 -818.24498 -1133.7432  38.6%  57.9  287s
   356   115 -1088.5272    9    2 -818.24498 -1133.7432  38.6%  58.0  291s
   360   117 -1082.5809   11    - -818.24498 -1133.7432  38.6%  58.0  295s
   371   124 -1069.9104   14    4 -818.24498 -1133.7432  38.6%  58.1  301s
   386   125 -1032.4009   14    - -818.24498 -1114.8672  36.3%  57.9  315s
   397   132 -985.77323   14    - -818.24498 -1114.8672  36.3%  58.6  328s
   401   128 -1027.4838   15    - -818.24498 -1114.8672  36.3%  59.0  332s
   406   134 -857.65880   19    1 -818.24498 -1114.8672  36.3%  59.0  336s
   413   133 -937.91248   15    - -818.24498 -1114.8672  36.3%  59.3  343s
   426   134 -917.16723   15    - -818.24498 -1114.8672  36.3%  60.3  352s
   429   137 -1052.5805   13    - -818.24498 -1114.8672  36.3%  60.3  355s
   439   140 -978.64734   16    - -818.24498 -1114.8672  36.3%  60.0  361s
   445   142 -963.77871   17    - -818.24498 -1114.8672  36.3%  60.0  366s
   457   146 -965.51688   18    - -818.24498 -1114.8672  36.3%  60.2  376s
*  462   148              20    -827.0649784 -1114.8672  34.8%  61.0  378s
*  465   150              20    -828.5149784 -1114.8672  34.6%  61.3  382s
   473   145 -924.09142   18    - -828.51498 -1114.8672  34.6%  62.3  387s
*  476   142              20    -853.2899769 -1114.8672  30.7%  62.5  390s
   485   145 -1063.7782   15    3 -853.28998 -1114.8672  30.7%  62.6  395s
   494   145 -892.15708   18    - -853.28998 -1104.5950  29.5%  62.0  404s
   506   148     cutoff   18      -853.28998 -1104.5304  29.4%  62.0  412s
   522   145 -1054.8662   13    - -853.28998 -1104.3773  29.4%  61.8  422s
   528   151     cutoff   20      -853.28998 -1103.2657  29.3%  61.7  429s
   535   144 -1099.2400   12    2 -853.28998 -1102.3301  29.2%  62.0  434s
   545   155 -1094.6945   13    7 -853.28998 -1102.3301  29.2%  61.9  444s
   558   166 -1083.4773   17    3 -853.28998 -1102.3301  29.2%  61.1  452s
   568   160 -1062.7050   19    - -853.28998 -1102.3301  29.2%  60.8  461s
   582   164 -875.90498   20    - -853.28998 -1093.9774  28.2%  60.7  474s
*  585   165              20    -855.2549778 -1093.9774  27.9%  61.1  477s
   591   167 -1000.3753   17    - -855.25498 -1092.1988  27.7%  61.1  480s
   599   166 -895.45998   20    - -855.25498 -1091.4081  27.6%  60.9  490s
*  603   166              20    -864.6149766 -1091.4081  26.2%  61.2  491s
   609   170 -1051.1072    5    3 -864.61498 -1091.4081  26.2%  61.2  498s
   614   173 -989.34967   18    - -864.61498 -1091.4081  26.2%  61.0  501s
   619   174 -1009.9854    7    3 -864.61498 -1091.4081  26.2%  60.9  509s
   627   183 -947.57798   18    - -864.61498 -1091.4081  26.2%  60.5  515s
   638   184     cutoff   19      -864.61498 -1091.0578  26.2%  60.7  525s
   658   173 -1047.2563    9    - -864.61498 -1089.9351  26.1%  60.2  547s
   667   189 -940.84876   18    - -864.61498 -1089.9351  26.1%  59.8  557s
   670   185 -1044.0296   17    3 -864.61498 -1089.9351  26.1%  59.9  560s
   674   189 -1023.3752   19    - -864.61498 -1089.1414  26.0%  60.0  565s
   680   194 -946.96399   18    - -864.61498 -1089.1414  26.0%  60.2  571s
   682   189 -915.12498   20    - -864.61498 -1087.1909  25.7%  60.7  575s
*  686   190              20    -880.5249762 -1087.1909  23.5%  61.0  577s
   693   192 -1079.8759    8    7 -880.52498 -1087.1909  23.5%  61.3  581s
   701   184 -1073.0631   12    6 -880.52498 -1087.1909  23.5%  61.3  585s
   719   193 -1031.0168   14    - -880.52498 -1087.1909  23.5%  60.7  602s
   726   197 -1029.4161   14    - -880.52498 -1087.1909  23.5%  60.7  610s
   735   196 -1028.2293   14    - -880.52498 -1087.1909  23.5%  60.5  621s
   740   201 -958.05004   19    - -880.52498 -1087.1909  23.5%  60.4  625s
   746   192 -1025.9710   14    - -880.52498 -1087.1909  23.5%  60.5  633s
   759   202     cutoff   18      -880.52498 -1087.1909  23.5%  60.7  647s
   766   200 -1020.6010   17    - -880.52498 -1084.9182  23.2%  60.6  654s
   774   206 -927.30468   17    3 -880.52498 -1084.9182  23.2%  60.6  661s
   777   198 -1046.0092   10    - -880.52498 -1083.2672  23.0%  60.7  667s
   785   203 -1065.6211   13    7 -880.52498 -1082.5809  22.9%  61.0  674s
   789   208 -1063.7908   14    6 -880.52498 -1082.5809  22.9%  61.1  678s
   796   212 -1052.5262   15    5 -880.52498 -1082.5809  22.9%  61.1  685s
   807   211 -1044.6038   18    - -880.52498 -1081.5330  22.8%  61.0  692s
   814   218 -1038.7013   17    - -880.52498 -1081.5330  22.8%  61.1  696s
   818   213     cutoff   20      -880.52498 -1081.2794  22.8%  61.0  703s
   827   218 -1036.7636   17    - -880.52498 -1080.9195  22.8%  61.1  709s
   836   211 -1039.9879    9    - -880.52498 -1080.9195  22.8%  60.9  722s
   853   210     cutoff   20      -880.52498 -1078.0183  22.4%  60.8  739s
   868   215 -997.86647   14    - -880.52498 -1075.9167  22.2%  60.6  761s
   875   223 -1036.2178   16    - -880.52498 -1075.9167  22.2%  60.4  768s
   883   218 -994.40821   15    - -880.52498 -1073.8498  22.0%  60.2  784s
   899   221 -1026.9926   12    - -880.52498 -1073.5132  21.9%  60.0  803s
   906   226 -1042.0113   14    4 -880.52498 -1073.5132  21.9%  60.5  813s
   930   230 -1017.3485   17    - -880.52498 -1069.7596  21.5%  60.6  834s
   941   232 -1048.5815   14    - -880.52498 -1068.8067  21.4%  60.4  847s
   951   234 -1009.7472   14    3 -880.52498 -1068.0647  21.3%  60.5  857s
   968   244 -1028.8422   17    3 -880.52498 -1067.1862  21.2%  60.3  873s
   973   249 -953.71246   18    - -880.52498 -1067.1862  21.2%  60.4  877s
   976   241     cutoff   20      -880.52498 -1065.4126  21.0%  60.5  882s
   988   245     cutoff   20      -880.52498 -1064.1838  20.9%  60.9  895s
  1000   246     cutoff   19      -880.52498 -1064.1838  20.9%  61.2  904s
  1027   242     cutoff   20      -880.52498 -1062.5456  20.7%  61.3  921s
  1055   240     cutoff   20      -880.52498 -1062.4793  20.7%  60.8  946s
  1076   253     cutoff   20      -880.52498 -1061.4766  20.6%  60.7  966s
  1082   263 -1016.4501   17    2 -880.52498 -1061.4766  20.6%  61.0  976s
  1088   267 -1004.8149   19    - -880.52498 -1061.4766  20.6%  60.9  982s
  1098   260 -1017.7998   19    - -880.52498 -1056.2128  20.0%  61.1  991s
  1116   258     cutoff   20      -880.52498 -1054.6344  19.8%  61.5 1006s
  1136   272 -1014.8926   16    2 -880.52498 -1054.1537  19.7%  61.4 1021s
  1141   263     cutoff   20      -880.52498 -1053.4715  19.6%  61.6 1028s
  1145   272 -1008.2601   17    - -880.52498 -1053.4707  19.6%  61.6 1031s
  1150   274 -1026.2650   16    4 -880.52498 -1053.4707  19.6%  61.8 1038s
  1165   267 -956.69236   18    2 -880.52498 -1053.0468  19.6%  62.2 1049s
  1174   270     cutoff   20      -880.52498 -1053.0468  19.6%  62.4 1051s
  1190   264     cutoff   20      -880.52498 -1052.7595  19.6%  62.3 1072s
  1211   277     cutoff   20      -880.52498 -1052.6175  19.5%  61.9 1091s
  1214   266     cutoff   20      -880.52498 -1052.4589  19.5%  62.1 1097s
  1240   270 -1006.0605    9    3 -880.52498 -1052.3510  19.5%  61.9 1125s
  1278   272 -1039.6467   13    - -880.52498 -1051.7448  19.4%  61.6 1162s
  1317   283 -1032.8870   13    2 -880.52498 -1050.8404  19.3%  61.3 1195s
  1348   278 -985.05886   13    2 -880.52498 -1050.7424  19.3%  61.6 1219s
  1356   290     cutoff   20      -880.52498 -1049.7931  19.2%  61.5 1228s
  1390   281 -1037.0784    9    8 -880.52498 -1049.7931  19.2%  60.9 1263s
  1410   302 -994.34432   11    - -880.52498 -1049.7931  19.2%  60.5 1287s
  1425   297 -1028.8329   16    - -880.52498 -1049.1499  19.2%  60.4 1303s
  1438   310 -1008.1821    9    - -880.52498 -1046.9491  18.9%  60.2 1318s
  1453   285 -968.01060   18    - -880.52498 -1046.7976  18.9%  60.0 1347s
  1471   308 -1006.8709   16    2 -880.52498 -1046.6661  18.9%  59.6 1367s
  1494   301 -966.70188   18    - -880.52498 -1046.4419  18.8%  59.0 1402s
  1506   319 -966.47275   17    - -880.52498 -1045.8545  18.8%  59.0 1409s
  1531   316     cutoff   19      -880.52498 -1045.8199  18.8%  58.5 1441s
  1548   334 -965.46957   18    2 -880.52498 -1045.5697  18.7%  58.4 1457s
  1555   314     cutoff   19      -880.52498 -1045.4640  18.7%  58.5 1473s
  1579   342     cutoff   19      -880.52498 -1044.6898  18.6%  58.1 1500s
  1597   322 -1002.8562   13    - -880.52498 -1044.5237  18.6%  57.8 1530s
  1625   343 -1034.2423   15    - -880.52498 -1044.4385  18.6%  57.3 1564s
  1638   363 -992.10912   12    - -880.52498 -1044.4385  18.6%  57.1 1583s
  1646   343 -1028.5502   15    - -880.52498 -1044.2844  18.6%  57.1 1603s
  1671   352 -1038.6555   13    6 -880.52498 -1043.9377  18.6%  56.8 1639s
  1681   368     cutoff   19      -880.52498 -1043.9377  18.6%  56.8 1645s
  1688   361 -991.10425   18    - -880.52498 -1043.4695  18.5%  56.9 1663s
  1713   365 -951.13243   18    - -880.52498 -1042.6009  18.4%  56.7 1699s
  1730   370     cutoff   18      -880.52498 -1042.3125  18.4%  56.7 1723s
  1738   374 -967.58958   18    - -880.52498 -1042.2865  18.4%  56.8 1726s
  1753   372     cutoff   19      -880.52498 -1042.2077  18.4%  56.5 1752s
  1767   382 -1000.8630   10    - -880.52498 -1041.8356  18.3%  56.7 1776s
  1778   373 -1002.2937   18    - -880.52498 -1041.4812  18.3%  56.9 1800s
  1793   381 -1013.9854   15    - -880.52498 -1040.9702  18.2%  57.1 1808s
  1808   376 -962.29367   18    - -880.52498 -1040.9050  18.2%  57.1 1843s
  1824   388 -889.46080   18    2 -880.52498 -1040.6221  18.2%  57.4 1864s
  1848   383 -1004.3007   16    - -880.52498 -1040.1661  18.1%  57.7 1886s
  1857   394     cutoff   20      -880.52498 -1039.6055  18.1%  57.7 1893s
  1879   385 -998.52046   16    - -880.52498 -1039.5524  18.1%  57.4 1925s
  1889   399 -1034.3170   12    2 -880.52498 -1039.3788  18.0%  57.3 1934s
  1902   389 -997.08569   16    - -880.52498 -1039.3645  18.0%  57.2 1960s
  1927   390     cutoff   20      -880.52498 -1038.7984  18.0%  57.3 1999s
  1943   408 -1031.9522   11    - -880.52498 -1038.4925  17.9%  57.2 2018s
  1956   401     cutoff   20      -880.52498 -1038.0500  17.9%  57.1 2043s
  1990   420 -996.89569   16    - -880.52498 -1037.7095  17.9%  56.6 2082s
  2010   418 -1022.6436   18    - -880.52498 -1037.4023  17.8%  56.5 2117s
  2034   432     cutoff   20      -880.52498 -1036.7679  17.7%  56.6 2154s
  2050   448 -936.00679   18    - -880.52498 -1036.6055  17.7%  56.7 2162s
  2061   428     cutoff   20      -880.52498 -1036.6030  17.7%  56.6 2186s
  2079   446     cutoff   18      -880.52498 -1036.0499  17.7%  56.5 2204s
  2094   437 -1027.9482    9    - -880.52498 -1036.0486  17.7%  56.4 2234s
  2115   447 -972.22798   19    - -880.52498 -1035.7539  17.6%  56.4 2264s
  2135   449     cutoff   20      -880.52498 -1035.3300  17.6%  56.7 2294s
  2160   452     cutoff   20      -880.52498 -1034.8024  17.5%  56.6 2331s
  2190   468 -998.84359   17    - -880.52498 -1034.5528  17.5%  56.4 2371s
  2210   469 -981.10147   16    - -880.52498 -1033.6424  17.4%  56.3 2408s
  2234   480 -933.27710   18    - -880.52498 -1033.3778  17.4%  56.3 2447s
  2246   494 -994.38667   18    - -880.52498 -1033.2975  17.4%  56.3 2454s
  2253   481     cutoff   19      -880.52498 -1033.1933  17.3%  56.5 2475s
  2268   495 -954.95321   18    2 -880.52498 -1032.7951  17.3%  56.4 2489s
  2279   482 -1025.2881    6    5 -880.52498 -1032.7951  17.3%  56.4 2515s
  2291   496     cutoff   19      -880.52498 -1032.7951  17.3%  56.4 2524s
  2304   484 -992.67036   15    - -880.52498 -1032.4782  17.3%  56.3 2555s
  2328   479 -1027.7788    8    - -880.52498 -1032.1747  17.2%  56.3 2599s
  2343   502 -909.98171   18    2 -880.52498 -1031.7108  17.2%  56.2 2618s
  2359   493 -1006.7934   18    - -880.52498 -1031.6640  17.2%  56.0 2654s
  2391   510 -966.79338   18    - -880.52498 -1031.1586  17.1%  56.0 2694s
  2418   512 -890.88148   18    2 -880.52498 -1029.9343  17.0%  55.9 2735s
  2431   529 -971.17234   18    - -880.52498 -1029.8849  17.0%  55.8 2748s
  2446   525 -941.68833   17    3 -880.52498 -1029.8849  17.0%  55.8 2784s
  2460   534 -983.21018   13    - -880.52498 -1029.8849  17.0%  55.9 2789s
  2470   526 -980.57576   18    - -880.52498 -1029.3370  16.9%  55.9 2820s
  2491   544 -1005.2650   16    - -880.52498 -1029.3370  16.9%  55.8 2845s
  2495   527 -940.57576   18    - -880.52498 -1029.2034  16.9%  55.9 2874s
  2503   548 -959.27325   18    2 -880.52498 -1028.7232  16.8%  56.0 2883s
  2517   536     cutoff   18      -880.52498 -1028.6320  16.8%  56.1 2907s
  2551   534 -1002.9666   17    - -880.52498 -1028.0844  16.8%  55.9 2956s
  2581   532 -977.13805   18    - -880.52498 -1027.5733  16.7%  55.7 3012s
  2601   557 -996.32553   15    - -880.52498 -1027.2853  16.7%  55.7 3035s
  2616   544 -1019.2709   13    - -880.52498 -1027.2830  16.7%  55.6 3074s
  2628   569 -986.03289   16    - -880.52498 -1027.0163  16.6%  55.6 3088s
  2641   558 -1016.6385   16    - -880.52498 -1026.6403  16.6%  55.7 3122s
  2671   561 -994.17630   18    - -880.52498 -1025.8991  16.5%  55.7 3167s
  2706   566 -980.52567   18    - -880.52498 -1025.1980  16.4%  55.6 3226s
  2738   583     cutoff   19      -880.52498 -1024.7885  16.4%  55.5 3272s
  2764   591     cutoff   19      -880.52498 -1024.4425  16.3%  55.6 3321s
  2800   599 -934.26304   18    2 -880.52498 -1023.9189  16.3%  55.4 3376s
  2812   619 -989.59168   18    - -880.52498 -1023.8529  16.3%  55.4 3388s
  2818   606 -974.71386   13    - -880.52498 -1023.8219  16.3%  55.5 3418s
  2834   624 -948.12274   18    - -880.52498 -1023.4320  16.2%  55.5 3434s
  2850   609 -984.69915   18    - -880.52498 -1023.3649  16.2%  55.5 3475s
  2869   628     cutoff   20      -880.52498 -1023.2764  16.2%  55.4 3489s
  2892   619 -919.08958   18    2 -880.52498 -1023.2764  16.2%  55.4 3538s
  2920   625     cutoff   20      -880.52498 -1022.9687  16.2%  55.5 3580s
  2934   638     cutoff   20      -880.52498 -1022.3172  16.1%  55.5 3596s
  2949   620 -985.14994   17    - -880.52498 -1022.2784  16.1%  55.5 3644s
  2989   625 -996.63551   18    - -880.52498 -1022.0522  16.1%  55.3 3725s
  3010   652 -979.90453   14    - -880.52498 -1022.0522  16.1%  55.2 3750s
  3028   640 -956.63551   18    - -880.52498 -1021.4803  16.0%  55.1 3805s
  3044   667 -1013.5287   18    - -880.52498 -1021.2951  16.0%  55.1 3826s
  3062   652     cutoff   18      -880.52498 -1021.0755  16.0%  55.2 3871s
  3106   657 -1012.6676   17    3 -880.52498 -1021.0305  16.0%  55.1 3939s
  3118   677     cutoff   20      -880.52498 -1021.0305  16.0%  55.2 3950s
  3139   669     cutoff   20      -880.52498 -1020.4975  15.9%  55.1 4000s
  3179   671     cutoff   20      -880.52498 -1019.5968  15.8%  55.2 4065s
  3203   698 -985.44489   17    - -880.52498 -1019.2211  15.8%  55.0 4089s
  3223   680 -980.57634   18    - -880.52498 -1019.0743  15.7%  54.9 4144s
  3262   697 -975.55588   11    - -880.52498 -1018.9711  15.7%  54.9 4229s
  3297   712     cutoff   19      -880.52498 -1017.8778  15.6%  55.1 4298s
  3316   733 -969.36491   18    2 -880.52498 -1017.0594  15.5%  55.1 4313s
  3340   723 -1005.1244   17    3 -880.52498 -1016.9360  15.5%  55.3 4366s
  3363   746 -975.07797   15    1 -880.52498 -1016.8860  15.5%  55.2 4391s
  3380   727     cutoff   20      -880.52498 -1016.7668  15.5%  55.4 4434s
  3436   729     cutoff   20      -880.52498 -1015.9315  15.4%  55.3 4526s
  3456   747     cutoff   20      -880.52498 -1015.5098  15.3%  55.6 4533s
  3480   730 -1013.6217   15    - -880.52498 -1015.4368  15.3%  55.5 4608s
  3544   743 -972.42019   12    - -880.52498 -1014.1897  15.2%  55.1 4726s
  3597   763     cutoff   20      -880.52498 -1013.9494  15.2%  55.3 4813s
  3647   770 -1007.0813   13    2 -880.52498 -1013.1127  15.1%  55.3 4906s
  3701   778 -1010.0486   11    - -880.52498 -1011.9411  14.9%  55.3 5010s
  3729   811 -1008.8768    4    - -880.52498 -1011.5349  14.9%  55.1 5046s
  3755   778 -980.28431   19    - -880.52498 -1011.3047  14.9%  55.1 5117s
  3774   811     cutoff   20      -880.52498 -1011.2804  14.8%  55.2 5133s
  3812   813 -883.39459   19    1 -880.52498 -1011.1498  14.8%  55.1 5231s
  3844   837     cutoff   20      -880.52498 -1011.1498  14.8%  55.1 5255s
  3863   826     cutoff   20      -880.52498 -1010.0533  14.7%  55.1 5326s
  3887   854 -980.14034   17    - -880.52498 -1009.3946  14.6%  55.3 5348s
  3916   821     cutoff   20      -880.52498 -1009.1733  14.6%  55.2 5425s
  3984   826     cutoff   20      -880.52498 -1008.7182  14.6%  55.0 5559s
  4014   867 -974.80161   19    - -880.52498 -1007.9555  14.5%  55.0 5593s
  4036   848     cutoff   19      -880.52498 -1007.8883  14.5%  55.1 5667s
  4061   876     cutoff   20      -880.52498 -1007.7741  14.5%  55.1 5682s
  4104   843 -961.60569   18    - -880.52498 -1007.4468  14.4%  54.9 5790s
  4132   873     cutoff   19      -880.52498 -1006.8900  14.4%  54.9 5820s
  4164   848     cutoff   20      -880.52498 -1006.7766  14.3%  55.0 5913s
  4198   887     cutoff   20      -880.52498 -1006.5713  14.3%  55.0 5951s
  4233   852     cutoff   20      -880.52498 -1006.3612  14.3%  54.9 6054s
  4300   871 -972.27630   19    - -880.52498 -1005.5593  14.2%  54.7 6188s
  4333   906 -970.05949   18    - -880.52498 -1005.5593  14.2%  54.7 6217s
  4353   877     cutoff   19      -880.52498 -1004.4114  14.1%  54.7 6310s
  4385   916 -973.94944   19    - -880.52498 -1003.9188  14.0%  54.6 6348s
  4413   872 -926.37337   18    2 -880.52498 -1003.9133  14.0%  54.6 6459s
  4438   912     cutoff   19      -880.52498 -1003.8441  14.0%  54.6 6494s
  4472   874     cutoff   19      -880.52498 -1003.3852  14.0%  54.6 6592s
  4497   915     cutoff   20      -880.52498 -1003.0579  13.9%  54.5 6630s
  4532   879 -965.78542   18    - -880.52498 -1002.9340  13.9%  54.5 6744s
  4597   883 -960.91820   18    2 -880.52498 -1002.4245  13.8%  54.3 6904s
  4666   905     cutoff   19      -880.52498 -1001.3732  13.7%  54.2 7060s
  4692   953 -924.79284   18    - -880.52498 -1001.3732  13.7%  54.1 7097s
  4711   926 -966.26408   18    - -880.52498 -1001.0710  13.7%  54.1 7187s

Cutting planes:
  MIR: 193
  Lazy constraints: 1102400

Explored 4773 nodes (260048 simplex iterations) in 7261.08 seconds
Thread count was 4 (of 4 available processors)

Solution count 9: -880.525 -864.615 -855.255 ... -753.71

Time limit reached
Best objective -8.805249762284e+02, best bound -1.000356120890e+03, gap 13.6091%
