
Gurobi 8.1.1 (win64) logging started 07/08/20 04:36:25

Changed value of parameter LogFile to Results/sslp3_50_40_50_BendersBnC.log
   Prev: gurobi.log  Default: 
Changed value of parameter Heuristics to 0.0
   Prev: 0.05  Min: 0.0  Max: 1.0  Default: 0.05
Changed value of parameter lazyConstraints to 1
   Prev: 0  Min: 0  Max: 1  Default: 0
Changed value of parameter timeLimit to 7181.866496324539
   Prev: 1e+100  Min: 0.0  Max: 1e+100  Default: 1e+100
Optimize a model with 797 rows, 100 columns and 25138 nonzeros
Variable types: 50 continuous, 50 integer (50 binary)
Coefficient statistics:
  Matrix range     [2e-13, 8e+05]
  Objective range  [2e-02, 8e+01]
  Bounds range     [1e+00, 1e+00]
  RHS range        [1e-13, 5e+03]
Warning: Model contains large matrix coefficient range
         Consider reformulating model or setting NumericFocus parameter
         to avoid numerical issues.
Presolve removed 59 rows and 0 columns
Presolve time: 0.08s
Presolved: 738 rows, 100 columns, 24615 nonzeros
Variable types: 50 continuous, 50 integer (50 binary)

Root relaxation: objective -4.515530e+02, 130 iterations, 0.04 seconds

    Nodes    |    Current Node    |     Objective Bounds      |     Work
 Expl Unexpl |  Obj  Depth IntInf | Incumbent    BestBd   Gap | It/Node Time

     0     0 -451.55301    0   12          - -451.55301      -     -    0s
     0     0 -451.28843    0   12          - -451.28843      -     -    0s
     0     0 -451.08035    0   13          - -451.08035      -     -    0s
     0     0 -450.80167    0   12          - -450.80167      -     -    0s
     0     0 -450.70440    0   12          - -450.70440      -     -    0s
     0     0 -450.52206    0   12          - -450.52206      -     -    0s
     0     0 -450.44176    0   10          - -450.44176      -     -    0s
     0     0 -450.36191    0   11          - -450.36191      -     -    0s
     0     0 -450.25292    0   11          - -450.25292      -     -    0s
     0     0 -450.17432    0   11          - -450.17432      -     -    0s
     0     0 -450.05184    0   12          - -450.05184      -     -    0s
     0     0 -449.92508    0   12          - -449.92508      -     -    0s
     0     0 -449.82773    0   12          - -449.82773      -     -    0s
     0     0 -449.77004    0   12          - -449.77004      -     -    0s
     0     0 -449.70465    0   12          - -449.70465      -     -    0s
     0     0 -449.63434    0   13          - -449.63434      -     -    0s
     0     0 -449.57199    0   12          - -449.57199      -     -    1s
     0     0 -449.45157    0   12          - -449.45157      -     -    1s
     0     0 -449.32414    0   14          - -449.32414      -     -    1s
     0     0 -449.27790    0   14          - -449.27790      -     -    1s
     0     0 -449.16136    0   14          - -449.16136      -     -    1s
     0     0 -449.08703    0   11          - -449.08703      -     -    1s
     0     0 -449.02259    0   11          - -449.02259      -     -    1s
     0     0 -448.95111    0   11          - -448.95111      -     -    1s
     0     0 -448.86841    0   11          - -448.86841      -     -    1s
     0     0 -448.78517    0   13          - -448.78517      -     -    1s
     0     0 -448.75970    0   11          - -448.75970      -     -    1s
     0     0 -448.69528    0   11          - -448.69528      -     -    1s
     0     0 -448.60076    0   10          - -448.60076      -     -    1s
     0     0 -448.52387    0   10          - -448.52387      -     -    1s
     0     0 -448.47635    0   10          - -448.47635      -     -    1s
     0     0 -448.34006    0   11          - -448.34006      -     -    1s
     0     0 -448.28585    0    9          - -448.28585      -     -    1s
     0     0 -448.23250    0   10          - -448.23250      -     -    1s
     0     0 -448.16466    0    8          - -448.16466      -     -    1s
     0     0 -448.08132    0    9          - -448.08132      -     -    1s
     0     0 -448.01543    0    7          - -448.01543      -     -    1s
     0     0 -447.99969    0   10          - -447.99969      -     -    1s
     0     0 -447.99357    0    7          - -447.99357      -     -    1s
     0     0 -447.96411    0   11          - -447.96411      -     -    2s
     0     0 -447.90071    0    9          - -447.90071      -     -    2s
     0     0 -447.82501    0   10          - -447.82501      -     -    2s
     0     0 -447.74837    0    8          - -447.74837      -     -    2s
     0     0 -447.70831    0    7          - -447.70831      -     -    2s
     0     0 -447.70567    0    8          - -447.70567      -     -    2s
     0     0 -447.68884    0    8          - -447.68884      -     -    2s
     0     0 -447.66495    0   10          - -447.66495      -     -    2s
     0     0 -447.65139    0   10          - -447.65139      -     -    2s
     0     0 -447.62863    0    9          - -447.62863      -     -    2s
     0     0 -447.59116    0    9          - -447.59116      -     -    2s
     0     0 -447.58369    0    8          - -447.58369      -     -    2s
     0     0 -447.57101    0    8          - -447.57101      -     -    2s
     0     0 -447.54496    0    8          - -447.54496      -     -    2s
     0     0 -447.51996    0    9          - -447.51996      -     -    2s
     0     0 -447.51277    0    8          - -447.51277      -     -    2s
     0     0 -447.51037    0    9          - -447.51037      -     -    2s
     0     0 -447.50612    0    9          - -447.50612      -     -    2s
     0     0 -447.46793    0    9          - -447.46793      -     -    2s
     0     0 -447.44179    0   10          - -447.44179      -     -    2s
     0     0 -447.43669    0   10          - -447.43669      -     -    2s
     0     0 -447.43453    0   10          - -447.43453      -     -    2s
     0     0 -447.42542    0   10          - -447.42542      -     -    2s
     0     0 -447.41160    0    9          - -447.41160      -     -    3s
     0     0 -447.41033    0   10          - -447.41033      -     -    3s
     0     0 -447.38995    0    8          - -447.38995      -     -    3s
     0     0 -447.38567    0    9          - -447.38567      -     -    3s
     0     0 -447.37891    0    8          - -447.37891      -     -    3s
     0     0 -447.37346    0    8          - -447.37346      -     -    3s
     0     0 -447.36680    0    9          - -447.36680      -     -    3s
     0     0 -447.36671    0    9          - -447.36671      -     -    3s
     0     0 -447.31379    0    9          - -447.31379      -     -    3s
     0     0 -447.28607    0    9          - -447.28607      -     -    3s
     0     0 -447.26407    0    9          - -447.26407      -     -    3s
     0     0 -447.23623    0    8          - -447.23623      -     -    3s
     0     0 -447.22977    0    8          - -447.22977      -     -    3s
     0     0 -447.21364    0    7          - -447.21364      -     -    3s
     0     0 -447.20264    0    8          - -447.20264      -     -    3s
     0     0 -447.13330    0    8          - -447.13330      -     -    3s
     0     0 -447.12653    0    7          - -447.12653      -     -    3s
     0     0 -447.12224    0    7          - -447.12224      -     -    3s
     0     0 -447.10227    0    8          - -447.10227      -     -    3s
     0     0 -447.09317    0    8          - -447.09317      -     -    3s
     0     0 -447.08751    0    8          - -447.08751      -     -    4s
     0     0 -447.06770    0    7          - -447.06770      -     -    4s
     0     0 -447.04741    0    7          - -447.04741      -     -    4s
     0     0 -447.01425    0    7          - -447.01425      -     -    4s
     0     0 -446.98628    0    7          - -446.98628      -     -    4s
     0     0 -446.97921    0    7          - -446.97921      -     -    4s
     0     0 -446.94834    0    7          - -446.94834      -     -    4s
     0     0 -446.94768    0    7          - -446.94768      -     -    4s
     0     0 -446.94586    0    7          - -446.94586      -     -    4s
     0     0 -446.94155    0    7          - -446.94155      -     -    4s
     0     0 -446.92527    0    8          - -446.92527      -     -    4s
     0     0 -446.90684    0    7          - -446.90684      -     -    4s
     0     0 -446.87372    0    8          - -446.87372      -     -    4s
     0     0 -446.87117    0    9          - -446.87117      -     -    4s
     0     0 -446.86749    0    8          - -446.86749      -     -    4s
     0     0 -446.86427    0    8          - -446.86427      -     -    4s
     0     0 -446.85652    0    6          - -446.85652      -     -    4s
     0     0 -446.85275    0    8          - -446.85275      -     -    4s
     0     0 -446.85115    0    8          - -446.85115      -     -    4s
     0     0 -446.84998    0    8          - -446.84998      -     -    4s
     0     0 -446.84066    0    7          - -446.84066      -     -    5s
     0     0 -446.83869    0    8          - -446.83869      -     -    5s
     0     0 -446.82856    0    9          - -446.82856      -     -    5s
     0     0 -446.81903    0    8          - -446.81903      -     -    5s
     0     0 -446.79620    0    7          - -446.79620      -     -    5s
     0     0 -446.77901    0    9          - -446.77901      -     -    5s
     0     0 -446.77501    0    8          - -446.77501      -     -    5s
     0     0 -446.77476    0    8          - -446.77476      -     -    5s
     0     0 -446.76428    0    8          - -446.76428      -     -    5s
     0     0 -446.76256    0    8          - -446.76256      -     -    5s
     0     0 -446.75506    0    9          - -446.75506      -     -    5s
     0     0 -446.74109    0    8          - -446.74109      -     -    5s
     0     0 -446.74093    0    8          - -446.74093      -     -    5s
     0     0 -446.73888    0    8          - -446.73888      -     -    5s
     0     0 -446.72234    0    8          - -446.72234      -     -    5s
     0     0 -446.71814    0    8          - -446.71814      -     -    5s
     0     0 -446.70058    0    8          - -446.70058      -     -    5s
     0     0 -446.69807    0    8          - -446.69807      -     -    5s
     0     0 -446.66384    0    9          - -446.66384      -     -    5s
     0     0 -446.66304    0    9          - -446.66304      -     -    5s
     0     0 -446.66281    0    9          - -446.66281      -     -    6s
     0     0 -446.64539    0    9          - -446.64539      -     -    6s
     0     0 -446.63040    0    8          - -446.63040      -     -    6s
     0     0 -446.62967    0    9          - -446.62967      -     -    6s
     0     0 -446.62924    0    9          - -446.62924      -     -    6s
     0     0 -446.61598    0    7          - -446.61598      -     -    6s
     0     0 -446.60740    0    8          - -446.60740      -     -    6s
     0     0 -446.60182    0    8          - -446.60182      -     -    6s
     0     0 -446.59820    0    8          - -446.59820      -     -    6s
     0     0 -446.59646    0    8          - -446.59646      -     -    6s
     0     0 -446.57399    0    7          - -446.57399      -     -    6s
     0     0 -446.55902    0    8          - -446.55902      -     -    6s
     0     0 -446.55768    0    8          - -446.55768      -     -    6s
     0     0 -446.53069    0    7          - -446.53069      -     -    6s
     0     0 -446.49702    0    7          - -446.49702      -     -    6s
     0     0 -446.49517    0    7          - -446.49517      -     -    6s
     0     0 -446.48009    0    8          - -446.48009      -     -    6s
     0     0 -446.47472    0    7          - -446.47472      -     -    6s
     0     0 -446.46008    0    7          - -446.46008      -     -    6s
     0     0 -446.45739    0    7          - -446.45739      -     -    6s
     0     0 -446.45739    0    7          - -446.45739      -     -    6s
     0     0 -446.44719    0    7          - -446.44719      -     -    7s
     0     0 -446.43011    0    7          - -446.43011      -     -    7s
     0     0 -446.42516    0    7          - -446.42516      -     -    7s
     0     0 -446.42263    0    7          - -446.42263      -     -    7s
     0     0 -446.42089    0    8          - -446.42089      -     -    7s
     0     0 -446.41825    0    7          - -446.41825      -     -    7s
     0     0 -446.41386    0    7          - -446.41386      -     -    7s
     0     0 -446.40778    0    7          - -446.40778      -     -    7s
     0     0 -446.40656    0    7          - -446.40656      -     -    7s
     0     0 -446.40386    0    8          - -446.40386      -     -    7s
     0     0 -446.40136    0    8          - -446.40136      -     -    7s
     0     0 -446.39924    0    7          - -446.39924      -     -    7s
     0     0 -446.39484    0    8          - -446.39484      -     -    7s
     0     0 -446.39478    0    8          - -446.39478      -     -    7s
     0     0 -446.35986    0    7          - -446.35986      -     -    7s
     0     0 -446.35688    0    7          - -446.35688      -     -    7s
     0     0 -446.35606    0    7          - -446.35606      -     -    7s
     0     0 -446.35564    0    7          - -446.35564      -     -    7s
     0     0 -446.35339    0    7          - -446.35339      -     -    8s
     0     2 -446.35339    0    7          - -446.35339      -     -    8s
    15    13 -445.03457    8   10          - -446.23220      -  19.5   10s
    42    35 -440.89584   21   12          - -446.23220      -  21.2   15s
*  103    84              50    2737.2599388 -446.18824   116%  24.1   22s
   113    90 -379.80009   49    1 2737.25994 -445.53861   116%  23.8   26s
*  115    91              50    -192.3799948 -445.53861   132%  23.8   28s
*  116    91              50    -210.9799944 -445.53861   111%  24.0   29s
*  121    91              50    -241.5399928 -445.52653  84.5%  24.3   31s
   135   105 -360.90553    9    3 -241.53999 -445.52653  84.5%  24.4   35s
   163   118 -346.52721   25    1 -241.53999 -445.52653  84.5%  23.6   40s
   182   131 -340.70219   32    5 -241.53999 -445.52653  84.5%  23.7   45s
   202   142 -337.15083   36    4 -241.53999 -445.52653  84.5%  22.9   52s
   212   147 -334.85167   39    5 -241.53999 -445.52653  84.5%  22.7   56s
   223   152 -333.13490   41    5 -241.53999 -445.52653  84.5%  22.4   60s
   242   161 -328.23684   47    3 -241.53999 -445.52653  84.5%  22.1   65s
*  255   152              50    -267.4199917 -445.52653  66.6%  22.0   71s
   267   152     cutoff   39      -267.41999 -445.52653  66.6%  22.0   75s
   281   158 -369.17915    3    2 -267.41999 -444.05137  66.1%  22.3   80s
   305   174 -397.92054   23    3 -267.41999 -444.05137  66.1%  22.1   85s
   325   189 -300.47846   15    4 -267.41999 -444.05137  66.1%  22.3   91s
   352   209 -392.30229   23    3 -267.41999 -444.05137  66.1%  22.3   96s
   365   219 -333.17155   26    6 -267.41999 -444.05137  66.1%  22.5  101s
   380   220 -276.55814   25    1 -267.41999 -444.05137  66.1%  22.5  105s
   410   242 -382.05487   39    - -267.41999 -444.05137  66.1%  22.7  110s
   436   260 -310.98084   40    2 -267.41999 -444.05137  66.1%  22.3  117s
   447   264 -376.58418   42    - -267.41999 -444.05137  66.1%  22.4  123s
   465   276 -370.69598   48    - -267.41999 -444.05137  66.1%  22.7  127s
   475   283 -303.48891   48    1 -267.41999 -444.05137  66.1%  22.8  132s
   489   280     cutoff   49      -267.41999 -442.43637  65.4%  22.7  138s
   497   285     cutoff   50      -267.41999 -442.05083  65.3%  22.8  140s
   517   286 -393.77391   18    - -267.41999 -441.30474  65.0%  22.9  146s
   532   288 -393.66768   19    3 -267.41999 -441.30474  65.0%  22.9  151s
   550   301 -391.04616   21    - -267.41999 -441.30474  65.0%  22.6  161s
   561   308 -348.37351   24    - -267.41999 -441.30474  65.0%  22.5  166s
   569   315 -333.27979   20    2 -267.41999 -441.30474  65.0%  22.4  170s
   579   321 -330.86110   21    1 -267.41999 -441.30474  65.0%  22.3  176s
   598   334 -383.50494   26    5 -267.41999 -441.30474  65.0%  22.3  182s
   607   339 -380.95552   28    - -267.41999 -441.30474  65.0%  22.2  188s
   617   347 -326.60290   28    1 -267.41999 -441.30474  65.0%  22.1  191s
   630   348     cutoff   50      -267.41999 -441.24117  65.0%  22.2  197s
   637   352 -396.15442   19    - -267.41999 -441.24117  65.0%  22.3  200s
   654   364 -355.86227   23    3 -267.41999 -441.24117  65.0%  22.4  207s
   660   367 -386.65726   22    - -267.41999 -441.24117  65.0%  22.5  210s
   676   375 -385.38764   26    9 -267.41999 -441.24117  65.0%  22.6  216s
   691   377 -384.26138   28   10 -267.41999 -441.24117  65.0%  22.6  221s
   709   383 -384.04825   30   10 -267.41999 -441.24117  65.0%  22.5  230s
   745   420 -317.86674   45    2 -267.41999 -441.24117  65.0%  22.6  238s
*  778   435              50    -269.3799907 -437.97391  62.6%  22.9  246s
   791   437     cutoff   50      -269.37999 -437.95605  62.6%  23.2  253s
*  793   419              50    -283.8799914 -437.95605  54.3%  23.2  254s
   803   420 -394.44302   22    4 -283.87999 -437.95605  54.3%  23.5  261s
*  808   397              50    -312.3399911 -437.95605  40.2%  23.5  266s
   818   394 -353.37632   25    3 -312.33999 -437.95605  40.2%  23.7  272s
   829   403     cutoff   50      -312.33999 -437.95605  40.2%  23.6  278s
   847   409 -331.55488   37    5 -312.33999 -437.95605  40.2%  23.6  286s
   862   416 -327.92041   41    - -312.33999 -437.95605  40.2%  23.5  297s
   874   425 -326.19618   44    4 -312.33999 -437.95605  40.2%  23.5  302s
   884   432 -322.74521   48    2 -312.33999 -436.56709  39.8%  23.5  305s
   902   441 -391.92056   24    7 -312.33999 -436.29373  39.7%  23.8  310s
   919   448 -387.60297   29    2 -312.33999 -436.29373  39.7%  23.8  316s
   931   458 -390.54993   39    - -312.33999 -436.29373  39.7%  23.9  321s
   937   458 -370.24085   35    6 -312.33999 -436.29373  39.7%  24.0  325s
   948   465 -367.71323   39    7 -312.33999 -436.29373  39.7%  24.1  330s
   964   469 -366.00639   43    5 -312.33999 -436.29373  39.7%  24.1  337s
   972   474 -355.39422   46    - -312.33999 -432.77189  38.6%  24.1  341s
   990   476     cutoff   50      -312.33999 -432.24851  38.4%  24.0  350s
  1030   487     cutoff   47      -312.33999 -427.44993  36.9%  24.0  365s
  1055   499     cutoff   50      -312.33999 -426.13090  36.4%  24.0  374s
  1067   502 -346.19553   48    2 -312.33999 -425.08742  36.1%  24.1  376s
  1108   507     cutoff   50      -312.33999 -418.77967  34.1%  24.2  382s
  1119   512     cutoff   48      -312.33999 -417.21055  33.6%  24.2  387s
  1148   503     cutoff   50      -312.33999 -407.16022  30.4%  24.2  396s
  1191   507     cutoff   50      -312.33999 -407.16022  30.4%  24.0  419s
  1229   544 -355.40991   18    6 -312.33999 -407.16022  30.4%  23.8  433s
  1253   567 -351.62878   27    3 -312.33999 -407.16022  30.4%  23.8  440s
  1272   580 -347.43935   34    2 -312.33999 -407.16022  30.4%  23.7  447s
  1301   594 -336.93010   48    2 -312.33999 -405.81092  29.9%  23.6  457s
  1323   606     cutoff   50      -312.33999 -405.60161  29.9%  23.6  467s
  1341   619     cutoff   50      -312.33999 -405.49901  29.8%  23.6  472s
  1377   647 -399.46410   18    8 -312.33999 -405.06565  29.7%  23.5  476s
  1394   660 -351.56721   22    2 -312.33999 -405.06565  29.7%  23.5  482s
  1408   657 -338.14831   46    2 -312.33999 -404.89015  29.6%  23.4  489s
  1438   672 -400.03449   13    5 -312.33999 -404.89015  29.6%  23.4  503s
  1461   697 -356.80385   20    3 -312.33999 -404.89015  29.6%  23.4  512s
  1488   708 -384.28535   22    - -312.33999 -404.89015  29.6%  23.4  521s
  1527   743 -381.90667   34    6 -312.33999 -404.89015  29.6%  23.4  528s
  1541   758 -337.93347   39    2 -312.33999 -404.89015  29.6%  23.4  530s
  1574   778 -325.62491   47    3 -312.33999 -404.61780  29.5%  23.5  543s
  1619   780     cutoff   50      -312.33999 -404.02497  29.4%  23.3  561s
  1662   811 -353.93481   18    7 -312.33999 -404.00513  29.3%  23.2  575s
  1702   852 -343.11350   34    - -312.33999 -404.00513  29.3%  23.3  583s
  1725   863 -340.84586   41    3 -312.33999 -403.89827  29.3%  23.3  591s
  1744   879 -332.31660   46    3 -312.33999 -403.87371  29.3%  23.2  596s
  1761   895 -392.82933   22    7 -312.33999 -403.87371  29.3%  23.2  612s
  1763   896 -354.39346   23   27 -312.33999 -403.87371  29.3%  23.2  626s
  1766   901 -403.87371   10   27 -312.33999 -403.87371  29.3%  23.3  648s
  1768   903 -403.87371   11   26 -312.33999 -403.87371  29.3%  23.4  656s
  1770   902 -401.52012   11   14 -312.33999 -403.87371  29.3%  23.5  662s
  1772   904 -403.87371   12   25 -312.33999 -403.87371  29.3%  23.5  675s
  1774   906 -403.87371   12   19 -312.33999 -403.87371  29.3%  23.6  682s
  1776   906 -403.87371   13   27 -312.33999 -403.87371  29.3%  23.7  687s
  1779   904 -403.87371   13   10 -312.33999 -403.87371  29.3%  23.8  693s
  1783   907 -400.16805   14    5 -312.33999 -403.87371  29.3%  23.9  697s
  1787   907 -402.38090   15    6 -312.33999 -403.87371  29.3%  24.0  701s
  1796   910 -403.87371   17   23 -312.33999 -403.87371  29.3%  24.1  709s
  1801   913 -402.86167   17    4 -312.33999 -403.87371  29.3%  24.2  711s
  1806   912 -403.87371   18   23 -312.33999 -403.87371  29.3%  24.2  715s
  1812   916 -402.56442   18    7 -312.33999 -403.87371  29.3%  24.2  721s
  1819   918 -403.87371   19   13 -312.33999 -403.87371  29.3%  24.3  725s
  1835   920 -403.87371   21   21 -312.33999 -403.87371  29.3%  24.4  734s
  1844   925 -398.55457   21    5 -312.33999 -403.87371  29.3%  24.5  739s
  1853   924 -403.87371   22   20 -312.33999 -403.87371  29.3%  24.4  746s
  1862   928 -400.87366   22    8 -312.33999 -403.87371  29.3%  24.5  751s
  1873   922 -403.87371   23   21 -312.33999 -403.87371  29.3%  24.5  760s
  1885   926 -403.87371   23   10 -312.33999 -403.87371  29.3%  24.6  767s
  1892   930 -403.87371   24   21 -312.33999 -403.87371  29.3%  24.6  773s
  1902   932 -403.87371   26   23 -312.33999 -403.87371  29.3%  24.8  776s
  1914   930 -403.87371   27   23 -312.33999 -403.87371  29.3%  24.9  785s
  1928   934 -403.87371   28   22 -312.33999 -403.87371  29.3%  25.0  791s
  1937   936 -403.87371   29   22 -312.33999 -403.87371  29.3%  25.2  796s
  1957   935 -403.87371   30   21 -312.33999 -403.87371  29.3%  25.3  809s
  1978   934 -403.87371   31   23 -312.33999 -403.87371  29.3%  25.3  821s
  1995   939 -403.87371   32   22 -312.33999 -403.87371  29.3%  25.4  834s
  2016   952 -403.87371   33   21 -312.33999 -403.87371  29.3%  25.4  841s
  2046   967 -397.49073   35   12 -312.33999 -403.87371  29.3%  25.7  851s
  2081   985 -403.87371   39   19 -312.33999 -403.87371  29.3%  26.1  859s
  2090   986 -403.87371   40   18 -312.33999 -403.87371  29.3%  26.1  861s
  2123  1008 -403.87371   45   13 -312.33999 -403.87371  29.3%  26.7  866s
  2157  1018 -369.52557   49    4 -312.33999 -403.87371  29.3%  27.1  876s
  2198  1035     cutoff   59      -312.33999 -403.87371  29.3%  27.4  884s
  2211  1039 -393.02455   34   12 -312.33999 -403.87371  29.3%  27.5  886s
  2254  1059 -393.99858   32   10 -312.33999 -403.87371  29.3%  27.7  896s
  2285  1062 -351.53209   39    2 -312.33999 -403.87371  29.3%  27.9  905s
  2315  1069 -346.71952   45    - -312.33999 -403.87371  29.3%  28.0  914s
  2360  1094 -402.09165   22   15 -312.33999 -403.87371  29.3%  28.0  924s
  2366  1082     cutoff   59      -312.33999 -403.77466  29.3%  28.1  928s
  2403  1092 -313.85872   33    1 -312.33999 -403.77466  29.3%  28.3  947s
  2464  1101 -342.88932   55    - -312.33999 -402.99456  29.0%  28.3  973s
  2520  1115     cutoff   58      -312.33999 -402.25452  28.8%  28.4  992s
  2555  1139     cutoff   29      -312.33999 -402.21085  28.8%  28.4  996s
  2613  1127 -338.99078   50    4 -312.33999 -402.20164  28.8%  28.4 1028s
  2664  1149     cutoff   59      -312.33999 -402.20164  28.8%  28.3 1041s
  2696  1166     cutoff   58      -312.33999 -402.20164  28.8%  28.3 1048s
  2759  1201 -353.84961   45    3 -312.33999 -401.56023  28.6%  28.2 1059s
  2828  1234     cutoff   58      -312.33999 -401.20063  28.4%  27.9 1076s
  2847  1224     cutoff   58      -312.33999 -401.13766  28.4%  28.0 1085s
  2926  1252     cutoff   32      -312.33999 -401.13766  28.4%  27.9 1110s
  2963  1274     cutoff   51      -312.33999 -401.13766  28.4%  27.9 1128s
  2993  1256     cutoff   50      -312.33999 -400.83696  28.3%  27.9 1143s
  3107  1297     cutoff   59      -312.33999 -400.56480  28.2%  27.7 1173s
  3140  1324 -396.77150   19   14 -312.33999 -400.50348  28.2%  27.8 1185s
  3180  1328 -390.82739   30   12 -312.33999 -400.50348  28.2%  27.9 1205s
  3226  1330 -383.78131   42   10 -312.33999 -400.48886  28.2%  28.0 1221s
  3252  1346     cutoff   57      -312.33999 -400.47151  28.2%  28.1 1226s
  3293  1366     cutoff   58      -312.33999 -400.42348  28.2%  28.0 1239s
  3347  1385 -393.90656   38   10 -312.33999 -400.34694  28.2%  28.1 1255s
  3439  1404 -385.13854   52    6 -312.33999 -400.23530  28.1%  27.9 1286s
  3506  1432     cutoff   58      -312.33999 -400.13176  28.1%  27.8 1302s
  3516  1442     cutoff   58      -312.33999 -400.08853  28.1%  27.9 1308s
  3551  1444 -320.46800   21    1 -312.33999 -400.08853  28.1%  28.1 1327s
  3623  1467 -348.08185   39    - -312.33999 -400.08853  28.1%  28.0 1364s
  3634  1439     cutoff   50      -312.33999 -400.08716  28.1%  28.1 1372s
  3683  1488     cutoff   58      -312.33999 -400.03604  28.1%  28.2 1388s
  3764  1527 -390.20405   50    9 -312.33999 -400.03604  28.1%  28.0 1403s
  3778  1505     cutoff   59      -312.33999 -399.89250  28.0%  28.1 1414s
  3847  1548 -342.41833   57    2 -312.33999 -399.82547  28.0%  28.0 1429s
  3895  1522 -344.94301   50    3 -312.33999 -399.72276  28.0%  27.9 1464s
  4036  1598     cutoff   59      -312.33999 -399.32101  27.8%  27.7 1500s
  4150  1624     cutoff   59      -312.33999 -399.10675  27.8%  27.6 1544s
  4186  1655 -341.20261   41    - -312.33999 -399.10675  27.8%  27.6 1547s
  4212  1664 -339.02811   45    4 -312.33999 -398.86371  27.7%  27.7 1564s
  4272  1696     cutoff   54      -312.33999 -398.80576  27.7%  27.6 1571s
  4287  1691     cutoff   59      -312.33999 -398.79930  27.7%  27.7 1579s
  4351  1712 -329.04985   57    2 -312.33999 -398.71468  27.7%  27.8 1600s
  4409  1734 -333.04417   54    - -312.33999 -398.51478  27.6%  27.7 1619s
  4460  1708     cutoff   58      -312.33999 -398.49107  27.6%  27.8 1647s
  4519  1775     cutoff   58      -312.33999 -398.32204  27.5%  27.7 1657s
  4586  1807 -357.67770   25    3 -312.33999 -398.10249  27.5%  27.6 1689s
  4743  1892     cutoff   58      -312.33999 -397.66314  27.3%  27.5 1746s
  4820  1971 -390.96044   40   13 -312.33999 -397.64797  27.3%  27.6 1769s
  4840  1990     cutoff   59      -312.33999 -397.64797  27.3%  27.6 1770s
  4928  2050 -343.96476   52    - -312.33999 -397.58083  27.3%  27.5 1800s
  5050  2101     cutoff   59      -312.33999 -397.30253  27.2%  27.4 1851s
  5203  2220 -331.78486   48    5 -312.33999 -397.05178  27.1%  27.4 1901s
  5302  2316     cutoff   58      -312.33999 -396.86821  27.1%  27.4 1929s
  5384  2384     cutoff   58      -312.33999 -396.70084  27.0%  27.3 1942s
  5484  2433 -321.56919   54    2 -312.33999 -396.68890  27.0%  27.2 1974s
  5633  2544 -352.83216   33    - -312.33999 -396.56396  27.0%  27.1 2020s
  5782  2645 -327.07761   51    6 -312.33999 -396.32347  26.9%  27.0 2056s
  5887  2738     cutoff   59      -312.33999 -396.06066  26.8%  27.0 2093s
  6044  2833 -350.66440   35    - -312.33999 -395.90813  26.8%  27.0 2132s
  6163  2918     cutoff   42      -312.33999 -395.76769  26.7%  27.0 2176s
  6202  2959     cutoff   59      -312.33999 -395.42876  26.6%  27.1 2181s
  6258  2985     cutoff   56      -312.33999 -395.33089  26.6%  27.1 2200s
  6305  3021     cutoff   58      -312.33999 -395.21907  26.5%  27.2 2230s
  6474  3076     cutoff   59      -312.33999 -395.19426  26.5%  27.2 2306s
  6563  3165 -327.17556   56    - -312.33999 -394.92145  26.4%  27.2 2333s
  6672  3216     cutoff   58      -312.33999 -394.87220  26.4%  27.0 2382s
  6885  3347     cutoff   59      -312.33999 -394.52768  26.3%  26.9 2460s
  6954  3445     cutoff   59      -312.33999 -394.52768  26.3%  26.9 2469s
  7087  3489 -325.93887   57    2 -312.33999 -394.52768  26.3%  26.8 2530s
  7133  3533     cutoff   59      -312.33999 -394.52768  26.3%  26.8 2539s
  7244  3634     cutoff   59      -312.33999 -393.92081  26.1%  26.7 2575s
  7389  3738     cutoff   59      -312.33999 -393.66441  26.0%  26.6 2616s
  7545  3824 -326.20531   51    6 -312.33999 -393.38940  25.9%  26.6 2681s
  7601  3900     cutoff   58      -312.33999 -393.28909  25.9%  26.6 2686s
  7714  3961 -353.85780   38    1 -312.33999 -393.16777  25.9%  26.6 2736s
  7872  4075     cutoff   59      -312.33999 -392.85755  25.8%  26.5 2784s
  7952  4156     cutoff   59      -312.33999 -392.81294  25.8%  26.5 2820s
  8122  4253     cutoff   25      -312.33999 -392.60923  25.7%  26.5 2874s
  8285  4351     cutoff   58      -312.33999 -392.35489  25.6%  26.4 2929s
  8432  4447     cutoff   47      -312.33999 -391.99564  25.5%  26.4 2982s
  8531  4531     cutoff   59      -312.33999 -391.68249  25.4%  26.4 3019s
  8591  4586     cutoff   58      -312.33999 -391.59507  25.4%  26.4 3027s
  8630  4610     cutoff   59      -312.33999 -391.49524  25.3%  26.5 3050s
  8688  4656 -343.53525   48    4 -312.33999 -391.24523  25.3%  26.5 3060s
  8748  4662     cutoff   59      -312.33999 -391.08483  25.2%  26.5 3108s
  8835  4734     cutoff   57      -312.33999 -390.50723  25.0%  26.4 3126s
  8930  4759     cutoff   54      -312.33999 -390.46186  25.0%  26.4 3182s
  8999  4811     cutoff   53      -312.33999 -390.45156  25.0%  26.4 3208s
  9015  4817     cutoff   59      -312.33999 -390.37181  25.0%  26.4 3224s
  9050  4866 -379.93071   40   14 -312.33999 -390.25636  24.9%  26.5 3231s
  9086  4881     cutoff   56      -312.33999 -390.15029  24.9%  26.5 3256s
  9175  4947 -328.50021   42    2 -312.33999 -390.04410  24.9%  26.5 3284s
  9219  4982     cutoff   59      -312.33999 -390.00853  24.9%  26.6 3296s
  9245  4982 -322.10543   51    5 -312.33999 -389.97420  24.9%  26.6 3316s
  9308  5034     cutoff   58      -312.33999 -389.88240  24.8%  26.6 3345s
  9388  5095 -364.18864   49    9 -312.33999 -389.59732  24.7%  26.6 3365s
  9427  5085     cutoff   58      -312.33999 -389.54799  24.7%  26.6 3397s
  9503  5152     cutoff   57      -312.33999 -389.02283  24.6%  26.6 3422s
  9575  5158     cutoff   39      -312.33999 -389.02206  24.6%  26.6 3464s
  9716  5238     cutoff   56      -312.33999 -388.89803  24.5%  26.6 3536s
  9884  5311     cutoff   35      -312.33999 -388.56049  24.4%  26.6 3619s
 10006  5408     cutoff   58      -312.33999 -388.40052  24.4%  26.5 3674s
 10086  5475     cutoff   52      -312.33999 -388.21065  24.3%  26.5 3703s
 10123  5480     cutoff   55      -312.33999 -388.19887  24.3%  26.5 3732s
 10273  5562     cutoff   59      -312.33999 -387.64241  24.1%  26.5 3789s
 10377  5630     cutoff   59      -312.33999 -387.53787  24.1%  26.5 3835s
 10493  5665     cutoff   55      -312.33999 -386.96904  23.9%  26.5 3901s
 10629  5746     cutoff   59      -312.33999 -386.72415  23.8%  26.5 3969s
 10766  5837 -349.22184   51    - -312.33999 -386.06450  23.6%  26.5 4031s
 10822  5894 -323.36314   54    4 -312.33999 -385.91004  23.6%  26.5 4048s
 10878  5898 -360.18754   56    3 -312.33999 -385.80395  23.5%  26.5 4091s
 10948  5956     cutoff   58      -312.33999 -385.66042  23.5%  26.5 4134s
 11010  6007 -372.64865   49    9 -312.33999 -385.40437  23.4%  26.5 4159s
 11058  5994     cutoff   57      -312.33999 -385.30259  23.4%  26.5 4204s
 11173  6052     cutoff   58      -312.33999 -385.11295  23.3%  26.5 4277s
 11315  6123     cutoff   50      -312.33999 -384.59793  23.1%  26.5 4354s
 11444  6225 -380.08399   38   14 -312.33999 -384.53151  23.1%  26.4 4403s
 11507  6277 -334.71318   56    3 -312.33999 -384.48777  23.1%  26.5 4438s
 11547  6305     cutoff   54      -312.33999 -384.13775  23.0%  26.5 4447s
 11620  6304     cutoff   43      -312.33999 -384.05823  23.0%  26.5 4498s
 11712  6346     cutoff   56      -312.33999 -383.45268  22.8%  26.5 4561s
 11774  6406     cutoff   56      -312.33999 -383.17994  22.7%  26.5 4576s
 11814  6394     cutoff   59      -312.33999 -383.16488  22.7%  26.5 4621s
 11913  6453     cutoff   54      -312.33999 -382.80511  22.6%  26.5 4679s
 12000  6505 -373.23823   51    7 -312.33999 -382.58002  22.5%  26.5 4723s
 12053  6546     cutoff   59      -312.33999 -382.44705  22.4%  26.5 4737s
 12095  6555     cutoff   58      -312.33999 -382.35561  22.4%  26.5 4784s
 12161  6600     cutoff   58      -312.33999 -381.91445  22.3%  26.5 4810s
 12229  6610     cutoff   45      -312.33999 -381.82797  22.2%  26.5 4850s
 12310  6663 -314.71455   52    5 -312.33999 -381.31642  22.1%  26.5 4902s
 12373  6717 -344.95113   48    - -312.33999 -381.15383  22.0%  26.5 4925s
 12415  6698     cutoff   53      -312.33999 -381.12267  22.0%  26.5 4970s
 12526  6753     cutoff   57      -312.33999 -380.55048  21.8%  26.5 5039s
 12619  6800     cutoff   55      -312.33999 -380.31960  21.8%  26.5 5088s
 12656  6843 -336.79557   53    4 -312.33999 -380.23130  21.7%  26.5 5102s
 12678  6848 -346.72638   54    4 -312.33999 -380.16036  21.7%  26.6 5130s
 12743  6860     cutoff   58      -312.33999 -379.81586  21.6%  26.6 5176s
 12791  6903     cutoff   58      -312.33999 -379.47740  21.5%  26.6 5188s
 12826  6892     cutoff   57      -312.33999 -379.33602  21.4%  26.6 5228s
 12903  6923     cutoff   58      -312.33999 -378.75345  21.3%  26.6 5282s
 12937  6957 -319.45434   53    4 -312.33999 -378.45238  21.2%  26.6 5293s
 12970  6965     cutoff   57      -312.33999 -378.30284  21.1%  26.6 5325s
 13044  7003     cutoff   52      -312.33999 -378.02490  21.0%  26.7 5375s
 13128  7026     cutoff   58      -312.33999 -377.60357  20.9%  26.7 5421s
 13183  7039     cutoff   57      -312.33999 -377.05668  20.7%  26.7 5471s
 13213  7063     cutoff   58      -312.33999 -376.66888  20.6%  26.7 5482s
 13274  7063 -335.03005   45    2 -312.33999 -376.64443  20.6%  26.7 5525s
 13321  7098     cutoff   49      -312.33999 -376.02543  20.4%  26.7 5547s
 13344  7078     cutoff   58      -312.33999 -375.90476  20.4%  26.7 5579s
 13417  7106 -330.54802   35    2 -312.33999 -375.44815  20.2%  26.7 5633s
 13487  7143 -367.68778   45   12 -312.33999 -374.80605  20.0%  26.7 5687s
 13519  7180     cutoff   56      -312.33999 -374.69936  20.0%  26.7 5691s
 13570  7175     cutoff   52      -312.33999 -374.65389  20.0%  26.7 5737s
 13610  7201 -326.91294   56    3 -312.33999 -374.47640  19.9%  26.8 5744s
 13641  7201     cutoff   57      -312.33999 -374.40145  19.9%  26.8 5787s
 13699  7238     cutoff   57      -312.33999 -373.75412  19.7%  26.7 5812s
 13726  7229 -318.93772   56    1 -312.33999 -373.67735  19.6%  26.8 5850s
 13760  7268 -320.06686   47    - -312.33999 -373.53731  19.6%  26.8 5860s
 13782  7264 -330.93189   57    2 -312.33999 -373.48243  19.6%  26.8 5888s
 13819  7293 -360.72496   50    7 -312.33999 -373.25350  19.5%  26.8 5902s
 13857  7276 -317.24365   57    - -312.33999 -373.23797  19.5%  26.8 5935s
 13912  7287     cutoff   57      -312.33999 -372.78427  19.4%  26.9 5991s
 14010  7295     cutoff   57      -312.33999 -372.20338  19.2%  26.9 6058s
 14041  7327     cutoff   59      -312.33999 -371.52716  18.9%  26.9 6066s
 14077  7341 infeasible   58      -312.33999 -371.32990  18.9%  26.9 6108s
 14152  7344 -329.47881   50    7 -312.33999 -370.87958  18.7%  26.9 6157s
 14218  7348     cutoff   54      -312.33999 -370.33277  18.6%  27.0 6213s
 14256  7384 -314.42493   55    3 -312.33999 -369.70699  18.4%  27.0 6234s
 14300  7367 -317.13560   56    2 -312.33999 -369.34719  18.3%  27.0 6285s
 14345  7419     cutoff   59      -312.33999 -369.11932  18.2%  27.0 6293s
 14384  7436     cutoff   57      -312.33999 -369.02733  18.1%  27.0 6333s
 14416  7461     cutoff   57      -312.33999 -368.69627  18.0%  27.0 6347s
 14459  7449 -323.09041   48    - -312.33999 -368.63549  18.0%  27.0 6383s
 14530  7484 -351.49418   55    4 -312.33999 -368.14866  17.9%  27.0 6442s
 14585  7529     cutoff   47      -312.33999 -368.02960  17.8%  27.0 6458s
 14628  7513     cutoff   58      -312.33999 -367.96939  17.8%  27.0 6501s
 14716  7525     cutoff   54      -312.33999 -367.18642  17.6%  27.0 6578s
 14804  7543     cutoff   57      -312.33999 -366.70266  17.4%  27.0 6652s
 14867  7581     cutoff   58      -312.33999 -365.90794  17.2%  27.0 6674s
 14934  7569 -325.65765   44    1 -312.33999 -365.54740  17.0%  27.0 6751s
 15028  7637 -313.81931   56    2 -312.33999 -364.98944  16.9%  26.9 6777s
 15085  7633 -316.17115   57    2 -312.33999 -364.98478  16.9%  26.9 6842s
 15141  7681 -338.31338   57    2 -312.33999 -364.71705  16.8%  26.9 6851s
 15226  7699     cutoff   58      -312.33999 -364.58368  16.7%  26.9 6915s
 15299  7740     cutoff   57      -312.33999 -364.15278  16.6%  26.9 6937s
 15344  7720     cutoff   54      -312.33999 -364.09991  16.6%  26.9 6995s
 15415  7777 -318.49153   46    2 -312.33999 -363.65185  16.4%  26.9 7014s
 15482  7764 -336.42882   48    5 -312.33999 -363.62107  16.4%  26.8 7081s
 15640  7816 -323.19536   55    2 -312.33999 -363.27450  16.3%  26.8 7171s
 15710  7883     cutoff   54      -312.33999 -362.89450  16.2%  26.8 7196s

Cutting planes:
  Lazy constraints: 370998

Explored 15780 nodes (423199 simplex iterations) in 7215.63 seconds
Thread count was 4 (of 4 available processors)

Solution count 8: -312.34 -283.88 -269.38 ... 2737.26

Time limit reached
Best objective -3.123399910741e+02, best bound -3.628944976504e+02, gap 16.1857%
