
Gurobi 9.0.3 (win64) logging started Mon Jan  3 19:21:39 2022

Changed value of parameter LogFile to Results/sslp3_40_50_200_var_BendersBnC.log
   Prev:   Default: 
Changed value of parameter Heuristics to 0.0
   Prev: 0.05  Min: 0.0  Max: 1.0  Default: 0.05
Changed value of parameter lazyConstraints to 1
   Prev: 0  Min: 0  Max: 1  Default: 0
Changed value of parameter timeLimit to 7168.554365634918
   Prev: inf  Min: 0.0  Max: inf  Default: inf
Gurobi Optimizer version 9.0.3 build v9.0.3rc0 (win64)
Optimize a model with 3001 rows, 280 columns and 172333 nonzeros
Model fingerprint: 0x0556a615
Variable types: 240 continuous, 40 integer (40 binary)
Coefficient statistics:
  Matrix range     [1e-13, 5e+05]
  Objective range  [5e-03, 4e+01]
  Bounds range     [1e+00, 1e+00]
  RHS range        [2e-15, 1e+04]
Warning: Model contains large matrix coefficient range
         Consider reformulating model or setting NumericFocus parameter
         to avoid numerical issues.
Presolve added 0 rows and 17 columns
Presolve removed 684 rows and 0 columns
Presolve time: 0.14s
Presolved: 2317 rows, 297 columns, 85349 nonzeros
Variable types: 256 continuous, 41 integer (40 binary)

Root relaxation: objective -5.698548e+02, 652 iterations, 0.16 seconds

    Nodes    |    Current Node    |     Objective Bounds      |     Work
 Expl Unexpl |  Obj  Depth IntInf | Incumbent    BestBd   Gap | It/Node Time

     0     0 -569.85480    0   28          - -569.85480      -     -    0s
     0     0 -568.47982    0   24          - -568.47982      -     -    0s
     0     0 -568.27510    0   20          - -568.27510      -     -    0s
     0     0 -568.22606    0   19          - -568.22606      -     -    0s
     0     0 -568.22493    0   18          - -568.22493      -     -    0s
     0     0 -568.22369    0   19          - -568.22369      -     -    0s
     0     0 -568.22317    0   19          - -568.22317      -     -    0s
     0     0 -568.22316    0   19          - -568.22316      -     -    0s
     0     0 -567.67864    0   22          - -567.67864      -     -    0s
     0     0 -567.48451    0   21          - -567.48451      -     -    1s
     0     0 -567.39415    0   23          - -567.39415      -     -    1s
     0     0 -567.32098    0   21          - -567.32098      -     -    1s
     0     0 -567.25277    0   21          - -567.25277      -     -    1s
     0     0 -567.21840    0   23          - -567.21840      -     -    1s
     0     0 -567.19012    0   22          - -567.19012      -     -    1s
     0     0 -567.15564    0   18          - -567.15564      -     -    1s
     0     0 -567.13871    0   22          - -567.13871      -     -    1s
     0     0 -567.11276    0   21          - -567.11276      -     -    1s
     0     0 -567.09171    0   22          - -567.09171      -     -    1s
     0     0 -567.07986    0   21          - -567.07986      -     -    1s
     0     0 -567.06295    0   21          - -567.06295      -     -    1s
     0     0 -567.04297    0   20          - -567.04297      -     -    1s
     0     0 -567.04013    0   21          - -567.04013      -     -    1s
     0     0 -567.03132    0   21          - -567.03132      -     -    1s
     0     0 -567.02267    0   21          - -567.02267      -     -    1s
     0     0 -567.00988    0   22          - -567.00988      -     -    1s
     0     0 -567.00675    0   22          - -567.00675      -     -    1s
     0     0 -567.00259    0   18          - -567.00259      -     -    1s
     0     0 -566.99945    0   21          - -566.99945      -     -    1s
     0     0 -566.99369    0   21          - -566.99369      -     -    1s
     0     0 -566.99334    0   22          - -566.99334      -     -    1s
     0     0 -566.85221    0   20          - -566.85221      -     -    2s
     0     0 -566.76723    0   19          - -566.76723      -     -    2s
     0     0 -566.72157    0   20          - -566.72157      -     -    2s
     0     0 -566.69794    0   17          - -566.69794      -     -    2s
     0     0 -566.68496    0   22          - -566.68496      -     -    2s
     0     0 -566.67000    0   20          - -566.67000      -     -    2s
     0     0 -566.65878    0   20          - -566.65878      -     -    2s
     0     0 -566.65109    0   22          - -566.65109      -     -    2s
     0     0 -566.64870    0   21          - -566.64870      -     -    2s
     0     0 -566.64553    0   19          - -566.64553      -     -    2s
     0     0 -566.64195    0   21          - -566.64195      -     -    2s
     0     0 -566.63738    0   21          - -566.63738      -     -    2s
     0     0 -566.63505    0   18          - -566.63505      -     -    2s
     0     0 -566.63393    0   21          - -566.63393      -     -    2s
     0     0 -566.63287    0   20          - -566.63287      -     -    2s
     0     0 -566.62848    0   22          - -566.62848      -     -    2s
     0     0 -566.62562    0   20          - -566.62562      -     -    2s
     0     0 -566.62532    0   21          - -566.62532      -     -    2s
     0     0 -566.54487    0   18          - -566.54487      -     -    2s
     0     0 -566.52745    0   19          - -566.52745      -     -    2s
     0     0 -566.50898    0   19          - -566.50898      -     -    2s
     0     0 -566.50240    0   20          - -566.50240      -     -    2s
     0     0 -566.49821    0   19          - -566.49821      -     -    3s
     0     0 -566.49622    0   19          - -566.49622      -     -    3s
     0     0 -566.49368    0   17          - -566.49368      -     -    3s
     0     0 -566.49055    0   19          - -566.49055      -     -    3s
     0     0 -566.48895    0   19          - -566.48895      -     -    3s
     0     0 -566.48735    0   18          - -566.48735      -     -    3s
     0     0 -566.48678    0   17          - -566.48678      -     -    3s
     0     0 -566.45051    0   19          - -566.45051      -     -    3s
     0     0 -566.44392    0   18          - -566.44392      -     -    3s
     0     0 -566.43411    0   18          - -566.43411      -     -    3s
     0     0 -566.42900    0   19          - -566.42900      -     -    3s
     0     0 -566.42348    0   20          - -566.42348      -     -    3s
     0     0 -566.42074    0   17          - -566.42074      -     -    3s
     0     0 -566.41975    0   18          - -566.41975      -     -    3s
     0     0 -566.39905    0   19          - -566.39905      -     -    3s
     0     0 -566.38330    0   20          - -566.38330      -     -    3s
     0     0 -566.37716    0   17          - -566.37716      -     -    3s
     0     0 -566.37305    0   19          - -566.37305      -     -    3s
     0     0 -566.37152    0   21          - -566.37152      -     -    3s
     0     0 -566.37072    0   20          - -566.37072      -     -    3s
     0     0 -566.35618    0   17          - -566.35618      -     -    3s
     0     0 -566.35430    0   18          - -566.35430      -     -    3s
     0     0 -566.35152    0   20          - -566.35152      -     -    4s
     0     0 -566.34794    0   20          - -566.34794      -     -    4s
     0     0 -566.34766    0   19          - -566.34766      -     -    4s
     0     0 -566.32996    0   19          - -566.32996      -     -    4s
     0     0 -566.32623    0   20          - -566.32623      -     -    4s
     0     0 -566.32490    0   21          - -566.32490      -     -    4s
     0     0 -566.32332    0   19          - -566.32332      -     -    4s
     0     0 -566.32188    0   19          - -566.32188      -     -    4s
     0     0 -566.32035    0   21          - -566.32035      -     -    4s
     0     0 -566.31902    0   22          - -566.31902      -     -    4s
     0     0 -566.31682    0   22          - -566.31682      -     -    4s
     0     0 -566.31666    0   20          - -566.31666      -     -    4s
     0     0 -566.30983    0   21          - -566.30983      -     -    4s
     0     0 -566.30684    0   20          - -566.30684      -     -    4s
     0     0 -566.30666    0   21          - -566.30666      -     -    4s
     0     0 -566.28636    0   21          - -566.28636      -     -    4s
     0     0 -566.27981    0   22          - -566.27981      -     -    4s
     0     0 -566.27684    0   21          - -566.27684      -     -    4s
     0     0 -566.27464    0   20          - -566.27464      -     -    4s
     0     0 -566.27282    0   19          - -566.27282      -     -    4s
     0     0 -566.27120    0   22          - -566.27120      -     -    5s
     0     0 -566.27023    0   20          - -566.27023      -     -    5s
     0     0 -566.26833    0   21          - -566.26833      -     -    5s
     0     0 -566.26690    0   22          - -566.26690      -     -    5s
     0     0 -566.26585    0   21          - -566.26585      -     -    5s
     0     0 -566.25577    0   22          - -566.25577      -     -    5s
     0     0 -566.25533    0   22          - -566.25533      -     -    5s
     0     0 -566.25221    0   20          - -566.25221      -     -    5s
     0     0 -566.25208    0   20          - -566.25208      -     -    5s
     0     0 -566.25140    0   20          - -566.25140      -     -    5s
     0     0 -566.25140    0   20          - -566.25140      -     -    5s
     0     2 -566.25140    0   20          - -566.25140      -     -    5s
    74    70 -543.18391   40    -          - -566.18930      -  80.5   11s
*   75    71              40    -308.1185549 -566.18930  83.8%  83.4   12s
*   84    75              40    -353.6849907 -566.18930  60.1%  79.6   14s
    86    76 -543.81832   39    2 -353.68499 -566.11119  60.1%  79.9   15s
*   91    78              40    -374.4849901 -566.11119  51.2%  82.0   19s
    92    77     cutoff   40      -374.48499 -566.04290  51.2%  82.3   20s
   161   143 -556.35527   32    2 -374.48499 -566.02841  51.1%  79.2   33s
   172   145 -552.55341   33    2 -374.48499 -566.02841  51.1%  76.2   36s
   184   149 -541.72180   38    2 -374.48499 -566.02841  51.1%  75.5   40s
*  198   151              40    -390.2649891 -565.86243  45.0%  79.4   48s
   208   153 -559.45338    9    - -390.26499 -565.63553  44.9%  83.1   51s
   223   164 -563.47347   16   11 -390.26499 -565.63553  44.9%  82.4   58s
   232   170 -477.25734   17    - -390.26499 -565.63553  44.9%  80.9   63s
   239   175 -477.91000   19    2 -390.26499 -565.63553  44.9%  79.6   66s
   245   178 -563.04830   22    7 -390.26499 -565.63553  44.9%  78.7   70s
   253   183 -562.51398   24    6 -390.26499 -565.63553  44.9%  77.5   75s
   294   204 -561.89692   31    4 -390.26499 -565.63553  44.9%  71.2   80s
   309   203 -564.23556   10   12 -390.26499 -565.48559  44.9%  72.0   85s
*  317   208              40    -402.4899896 -565.48559  40.5%  72.6   92s
*  324   206              40    -402.8099889 -565.48559  40.4%  72.8   95s
   335   210 -563.73061   15   12 -402.80999 -565.48559  40.4%  74.8  100s
   353   223 -562.90164   21   10 -402.80999 -565.48559  40.4%  73.9  105s
   359   226 -522.32983    5    - -402.80999 -565.48559  40.4%  74.0  110s
   378   250 -562.36119   30    4 -402.80999 -565.48559  40.4%  72.5  116s
   395   253 -495.90440   13    - -402.80999 -565.48559  40.4%  71.6  123s
   399   253 -548.24808   39    2 -402.80999 -565.48559  40.4%  71.1  125s
   413   261     cutoff   40      -402.80999 -565.14311  40.3%  71.0  133s
   429   263     cutoff   40      -402.80999 -565.13881  40.3%  72.2  139s
   439   269 -564.32148    4   12 -402.80999 -565.13881  40.3%  72.0  144s
   448   274 -564.29418    5   11 -402.80999 -565.13881  40.3%  71.1  149s
   462   283 -564.05646    7   10 -402.80999 -565.13881  40.3%  69.7  158s
   473   286 -563.99036    9    8 -402.80999 -565.13881  40.3%  68.7  165s
   509   315 -555.03008   13    - -402.80999 -565.13881  40.3%  66.4  171s
   546   320 -563.25863   15    9 -402.80999 -565.13881  40.3%  64.7  180s
   561   321 -556.65807   17    - -402.80999 -565.13881  40.3%  65.1  189s
   568   346 -562.78635   18   10 -402.80999 -565.13881  40.3%  66.0  190s
   613   362 -562.19381   22    6 -402.80999 -565.13881  40.3%  63.3  198s
*  617   357              40    -416.0799883 -565.13881  35.8%  64.0  199s
*  619   353              40    -435.8699886 -565.13881  29.7%  64.4  200s
   631   364 -561.74370   28    3 -435.86999 -565.13881  29.7%  64.5  208s
   644   367     cutoff   40      -435.86999 -565.13881  29.7%  64.1  213s
   649   365 -561.73628   38    3 -435.86999 -565.13881  29.7%  64.2  215s
   656   380     cutoff   40      -435.86999 -564.63002  29.5%  64.8  221s
   676   403     cutoff   40      -435.86999 -564.53541  29.5%  64.4  226s
   705   400     cutoff   40      -435.86999 -564.49891  29.5%  63.3  230s
   716   403     cutoff   40      -435.86999 -564.43725  29.5%  64.1  239s
   728   411 -559.72456    9    2 -435.86999 -564.40013  29.5%  64.3  245s
   754   422     cutoff   40      -435.86999 -564.40013  29.5%  64.5  252s
   756   434 -538.45562   26    2 -435.86999 -564.33601  29.5%  64.8  255s
   780   436     cutoff   40      -435.86999 -564.31911  29.5%  64.3  263s
   791   439     cutoff   40      -435.86999 -564.29578  29.5%  64.5  269s
   798   473 -557.16338    5    2 -435.86999 -564.29578  29.5%  64.6  272s
   845   485 -523.43029   39    2 -435.86999 -564.28945  29.5%  62.3  279s
   866   484     cutoff   40      -435.86999 -564.21453  29.4%  62.5  291s
   882   484     cutoff   40      -435.86999 -564.21133  29.4%  62.9  299s
   905   501 -558.68180   11    2 -435.86999 -564.21133  29.4%  62.5  316s
   956   512 -558.67493   29    2 -435.86999 -564.21133  29.4%  61.3  335s
  1001   507     cutoff   40      -435.86999 -564.20892  29.4%  60.7  353s
  1007   510     cutoff   40      -435.86999 -564.11868  29.4%  60.9  357s
  1028   515     cutoff   40      -435.86999 -564.05446  29.4%  60.7  372s
  1035   517     cutoff   40      -435.86999 -564.04898  29.4%  60.9  375s
  1045   518 -535.08826   13    - -435.86999 -564.04898  29.4%  61.0  383s
  1046   519 -535.15981    9    - -435.86999 -564.04898  29.4%  61.1  385s
  1061   534 -542.51256   15    3 -435.86999 -564.04898  29.4%  61.0  394s
  1072   541 -520.29915   17    2 -435.86999 -564.04898  29.4%  61.0  403s
  1087   555 -518.29651   21    2 -435.86999 -564.04898  29.4%  60.9  414s
  1098   559 -534.58304   13    2 -435.86999 -564.04898  29.4%  60.6  421s
  1107   565 -519.30582   22    2 -435.86999 -564.04898  29.4%  60.5  426s
  1119   569 -512.66022   13    2 -435.86999 -564.04898  29.4%  60.2  433s
  1123   569 -488.68183   30    2 -435.86999 -564.04399  29.4%  60.4  439s
  1145   589 -488.64182   35    2 -435.86999 -564.01350  29.4%  59.9  460s
  1167   593     cutoff   40      -435.86999 -563.98449  29.4%  59.6  472s
  1189   606 -554.84432    9    2 -435.86999 -563.98449  29.4%  59.2  487s
  1199   608 -448.30737   27    2 -435.86999 -563.98449  29.4%  59.0  490s
  1219   656 -530.16092   17    - -435.86999 -563.98449  29.4%  58.5  504s
  1245   659 -557.13223   13    2 -435.86999 -563.98449  29.4%  57.7  506s
  1278   658     cutoff   40      -435.86999 -563.84925  29.4%  57.2  515s
  1283   661     cutoff   40      -435.86999 -563.80500  29.4%  57.4  520s
  1293   658     cutoff   40      -435.86999 -563.78907  29.3%  57.7  528s
  1303   661     cutoff   40      -435.86999 -563.74440  29.3%  57.8  533s
  1309   658     cutoff   40      -435.86999 -563.73391  29.3%  57.9  538s
  1318   675     cutoff   40      -435.86999 -563.68853  29.3%  58.2  546s
  1336   706 -557.81985   19    4 -435.86999 -563.68853  29.3%  57.9  550s
  1382   723     cutoff   40      -435.86999 -563.64900  29.3%  57.2  562s
  1420   727     cutoff   40      -435.86999 -563.50231  29.3%  57.0  579s
  1435   726     cutoff   40      -435.86999 -563.49267  29.3%  57.4  592s
  1447   748 -555.62352   15    2 -435.86999 -563.42572  29.3%  57.7  601s
  1480   769     cutoff   40      -435.86999 -563.40520  29.3%  57.3  610s
  1513   771     cutoff   40      -435.86999 -563.40475  29.3%  57.2  620s
  1527   802     cutoff   40      -435.86999 -563.39731  29.3%  57.3  626s
  1563   804 -557.14364   28   20 -435.86999 -563.38541  29.3%  56.7  654s
  1565   805 -559.60241   14   28 -435.86999 -563.38541  29.3%  56.6  778s
  1566   806 -561.64997   31   25 -435.86999 -563.38541  29.3%  56.5  791s
  1567   807 -562.36103   18   22 -435.86999 -563.38541  29.3%  56.5  796s
  1569   808 -554.82536   13   21 -435.86999 -563.38541  29.3%  56.4  801s
  1571   809 -550.44731   37   20 -435.86999 -563.38541  29.3%  56.4  805s
  1574   811 -508.39197   14   22 -435.86999 -563.38541  29.3%  56.3  811s
  1577   813 -557.69806   16   22 -435.86999 -563.38541  29.3%  56.2  816s
  1579   815 -557.36868   12   21 -435.86999 -563.38541  29.3%  56.1  820s
  1582   817 -559.70856   15   19 -435.86999 -563.38541  29.3%  56.0  825s
  1583   817 -533.55692   35   20 -435.86999 -563.38541  29.3%  55.9  831s
  1584   818 -559.66848   10   19 -435.86999 -563.38541  29.3%  55.9  840s
  1585   819 -561.22480   29   20 -435.86999 -563.38541  29.3%  55.9  846s
  1586   819 -557.77472    6   20 -435.86999 -563.38541  29.3%  55.8  854s
  1587   820 -562.53149   27   18 -435.86999 -563.38541  29.3%  55.8  856s
  1588   821 -452.76445   33   19 -435.86999 -563.38541  29.3%  55.8  862s
  1589   821 -512.06206   13   18 -435.86999 -563.38541  29.3%  55.7  870s
  1591   823 -561.60717   23   22 -435.86999 -563.38541  29.3%  55.7  879s
  1592   823 -540.47766   26   21 -435.86999 -563.38541  29.3%  55.6  888s
  1593   824 -508.58492   34   20 -435.86999 -563.38541  29.3%  55.6  894s
  1594   825 -534.40059   36   18 -435.86999 -563.38541  29.3%  55.6  902s
  1595   825 -533.62274   32   19 -435.86999 -563.38541  29.3%  55.5  908s
  1596   826 -560.55491   15   19 -435.86999 -563.38541  29.3%  55.5  917s
  1597   827 -559.53116   12   18 -435.86999 -563.38541  29.3%  55.4  922s
  1598   827 -549.22797   29   17 -435.86999 -563.38541  29.3%  55.4  930s
  1599   828 -557.06693   34   19 -435.86999 -563.38541  29.3%  55.4  937s
  1600   829 -554.87541   27   20 -435.86999 -563.38541  29.3%  55.3  945s
  1601   829 -503.45790   37   19 -435.86999 -563.38541  29.3%  55.3  951s
  1602   830 -537.70568   28   18 -435.86999 -563.38541  29.3%  55.3  970s
  1603   831 -560.78611   13   18 -435.86999 -563.38541  29.3%  55.2  977s
  1605   835 -563.38541   15   17 -435.86999 -563.38541  29.3%  57.6 1000s
  1607   836 -563.38541   16   15 -435.86999 -563.38541  29.3%  57.8 1014s
  1609   836 -562.12985   16   15 -435.86999 -563.38541  29.3%  57.9 1033s
  1611   837 -563.38541   17   18 -435.86999 -563.38541  29.3%  58.1 1054s
  1613   836     cutoff   17      -435.86999 -563.38541  29.3%  58.2 1057s
  1615   838 -563.38541   18   20 -435.86999 -563.38541  29.3%  58.3 1075s
  1617   838     cutoff   18      -435.86999 -563.38541  29.3%  58.5 1097s
  1620   838     cutoff   19      -435.86999 -563.38541  29.3%  58.7 1109s
  1623   839     cutoff   20      -435.86999 -563.38541  29.3%  58.9 1119s
  1627   841     cutoff   21      -435.86999 -563.38541  29.3%  59.1 1125s
  1632   841     cutoff   22      -435.86999 -563.38541  29.3%  59.4 1131s
  1638   843     cutoff   24      -435.86999 -563.38541  29.3%  59.9 1135s
  1644   846 -563.38541   25   16 -435.86999 -563.38541  29.3%  60.0 1141s
  1649   846     cutoff   25      -435.86999 -563.38541  29.3%  60.3 1146s
  1655   848 -563.38541   26   15 -435.86999 -563.38541  29.3%  60.5 1152s
  1659   849     cutoff   27      -435.86999 -563.38541  29.3%  60.8 1159s
  1665   851     cutoff   28      -435.86999 -563.38541  29.3%  61.1 1165s
  1672   855     cutoff   29      -435.86999 -563.38541  29.3%  61.3 1172s
  1683   856 -563.38541   32   12 -435.86999 -563.38541  29.3%  61.7 1177s
  1694   857     cutoff   33      -435.86999 -563.38541  29.3%  62.1 1185s
  1714   860 -563.30185   36    9 -435.86999 -563.30185  29.2%  62.7 1201s
  1726   856     cutoff   38      -435.86999 -562.57415  29.1%  63.0 1212s
  1741   859 -562.35266   41    5 -435.86999 -562.35266  29.0%  63.3 1230s
  1757   863     cutoff   43      -435.86999 -561.99048  28.9%  64.0 1237s
  1771   866     cutoff   46      -435.86999 -561.99048  28.9%  64.4 1242s
  1790   864     cutoff   49      -435.86999 -561.99048  28.9%  64.8 1251s
  1814   872 -438.73150   54    2 -435.86999 -561.89765  28.9%  65.2 1270s
  1838   868 -558.98045   20    9 -435.86999 -561.89374  28.9%  65.3 1278s
  1859   874 -557.97965   24    7 -435.86999 -561.89374  28.9%  65.3 1295s
  1878   877 -555.45379   30    7 -435.86999 -561.89374  28.9%  65.5 1308s
  1890   876     cutoff   55      -435.86999 -561.89374  28.9%  65.7 1312s
  1897   876 -553.18909   37    5 -435.86999 -561.73807  28.9%  65.8 1323s
  1920   880 -547.61212   43    2 -435.86999 -561.38703  28.8%  66.3 1342s
  1951   882 -553.83241   23    2 -435.86999 -561.32636  28.8%  66.1 1358s
  1961   892 -543.23010   19    5 -435.86999 -561.31484  28.8%  66.1 1371s
  1974   891 -560.81582   24   13 -435.86999 -561.31484  28.8%  66.0 1375s
  1977   899 -539.90852   27    6 -435.86999 -561.31484  28.8%  66.0 1382s
  2004   916 -541.12987   27    3 -435.86999 -561.14723  28.7%  65.8 1405s
  2035   917 -531.54298   41    2 -435.86999 -560.81483  28.7%  65.8 1426s
  2100   924 -506.26142   54    2 -435.86999 -560.51661  28.6%  65.0 1482s
  2129   920     cutoff   57      -435.86999 -560.38755  28.6%  65.1 1501s
  2158   925 -468.77178   56    2 -435.86999 -560.35511  28.6%  65.1 1523s
  2167   924     cutoff   57      -435.86999 -560.35231  28.6%  65.1 1525s
  2178   935     cutoff   58      -435.86999 -560.27960  28.5%  65.2 1539s
  2197   932 -541.82191   29    2 -435.86999 -559.80532  28.4%  65.2 1553s
  2220   946 -465.45499   30    - -435.86999 -559.66738  28.4%  65.5 1582s
  2231   945 -536.93719   40    3 -435.86999 -559.66738  28.4%  65.6 1585s
  2252   947 -497.84238   38    3 -435.86999 -559.64649  28.4%  65.4 1608s
  2299   956 -496.11779   44    2 -435.86999 -559.47657  28.4%  65.2 1644s
  2328   961 -462.41775   48    3 -435.86999 -559.46849  28.4%  65.3 1668s
  2373   961 -461.22268   52    3 -435.86999 -559.45171  28.4%  65.1 1704s
  2388   962 -537.24791   39    2 -435.86999 -559.39086  28.3%  65.2 1712s
  2410   977 -542.64519   29    2 -435.86999 -559.38685  28.3%  65.2 1743s
  2445   977 -538.98661   38    4 -435.86999 -559.23078  28.3%  65.1 1772s
  2460   976     cutoff   57      -435.86999 -559.23011  28.3%  65.2 1778s
  2473   996 -510.39603   44    2 -435.86999 -559.21455  28.3%  65.3 1797s
  2524   994 -469.47999   33    - -435.86999 -559.21204  28.3%  65.0 1832s
  2537   994 -527.19576   37    2 -435.86999 -559.21204  28.3%  65.2 1837s
  2568   998     cutoff   33      -435.86999 -559.21204  28.3%  65.0 1867s
  2587   996 -488.82761   56    2 -435.86999 -559.21204  28.3%  65.2 1871s
  2601  1006     cutoff   39      -435.86999 -559.14056  28.3%  65.3 1896s
  2653  1035 -558.75233   20    6 -435.86999 -559.01913  28.3%  64.9 1934s
  2692  1051 -556.10914   31    8 -435.86999 -559.01913  28.3%  64.9 1957s
  2724  1044     cutoff   55      -435.86999 -559.01913  28.3%  64.9 1962s
  2743  1064     cutoff   54      -435.86999 -558.91434  28.2%  65.2 1986s
  2782  1077     cutoff   55      -435.86999 -558.85065  28.2%  65.3 2014s
  2807  1072 -536.54521   43    3 -435.86999 -558.77966  28.2%  65.4 2019s
  2833  1081 -510.01126   55    2 -435.86999 -558.75094  28.2%  65.7 2049s
  2862  1081     cutoff   56      -435.86999 -558.67838  28.2%  65.7 2062s
  2886  1101     cutoff   56      -435.86999 -558.67577  28.2%  65.9 2093s
  2907  1102     cutoff   57      -435.86999 -558.64577  28.2%  66.1 2103s
  2932  1120 -557.64700   30    9 -435.86999 -558.64577  28.2%  66.1 2126s
  2979  1122 -550.26587   48    3 -435.86999 -558.57385  28.2%  66.2 2156s
  3014  1119 -517.21881   41    4 -435.86999 -558.54609  28.1%  66.2 2168s
  3038  1127     cutoff   55      -435.86999 -558.47093  28.1%  66.3 2205s
  3094  1145 -511.02992   55    2 -435.86999 -558.31244  28.1%  66.1 2254s
  3125  1140 -534.81196   39    2 -435.86999 -558.24599  28.1%  66.1 2260s
  3144  1171     cutoff   56      -435.86999 -558.23366  28.1%  66.2 2297s
  3165  1168 -533.56727   42    3 -435.86999 -558.16831  28.1%  66.3 2302s
  3198  1165 -529.76815   42    2 -435.86999 -558.10019  28.0%  66.2 2336s
  3261  1168 -489.83976   56    2 -435.86999 -558.03568  28.0%  66.1 2397s
  3286  1166     cutoff   56      -435.86999 -557.92071  28.0%  66.3 2405s
  3314  1206     cutoff   57      -435.86999 -557.82614  28.0%  66.5 2454s
  3368  1218 -535.27280   42    3 -435.86999 -557.74715  28.0%  66.4 2487s
  3434  1238 -531.42613   47    2 -435.86999 -557.72464  28.0%  66.5 2532s
  3522  1243     cutoff   55      -435.86999 -557.68986  27.9%  66.6 2587s
  3545  1241     cutoff   54      -435.86999 -557.60833  27.9%  66.7 2595s
  3578  1259 -504.63363   55    2 -435.86999 -557.60777  27.9%  66.6 2637s
  3665  1284     cutoff   56      -435.86999 -557.58618  27.9%  66.5 2695s
  3748  1276     cutoff   55      -435.86999 -557.49015  27.9%  66.4 2754s
  3767  1273     cutoff   55      -435.86999 -557.37071  27.9%  66.5 2759s
  3798  1302 -534.92708   33    2 -435.86999 -557.33671  27.9%  66.5 2810s
  3841  1298     cutoff   56      -435.86999 -557.27826  27.9%  66.4 2824s
  3865  1297     cutoff   56      -435.86999 -557.26936  27.9%  66.5 2867s
  3892  1295     cutoff   57      -435.86999 -557.17781  27.8%  66.6 2873s
  3922  1315 -493.21178   55    2 -435.86999 -557.12851  27.8%  66.8 2932s
  3953  1316 -504.25489   42    2 -435.86999 -557.09064  27.8%  66.9 2945s
  3989  1346 -484.02369   56    2 -435.86999 -557.07546  27.8%  66.9 3000s
  4069  1356     cutoff   57      -435.86999 -556.92403  27.8%  66.9 3069s
  4140  1385 -500.84712   42    2 -435.86999 -556.82752  27.8%  66.8 3143s
  4197  1402 -458.42546   57    2 -435.86999 -556.68912  27.7%  66.6 3166s
  4250  1451 -491.20717   56    2 -435.86999 -556.67781  27.7%  66.6 3243s
  4331  1482     cutoff   57      -435.86999 -556.46712  27.7%  66.4 3324s
  4375  1495     cutoff   57      -435.86999 -556.45502  27.7%  66.4 3341s
  4408  1523     cutoff   57      -435.86999 -556.29178  27.6%  66.6 3402s
  4455  1537 -502.63671   41    2 -435.86999 -556.29036  27.6%  66.5 3419s
  4530  1580 -487.85705   53    - -435.86999 -556.17724  27.6%  66.3 3505s
  4599  1624     cutoff   56      -435.86999 -555.99442  27.6%  66.5 3574s
  4639  1636     cutoff   57      -435.86999 -555.74992  27.5%  66.4 3590s
  4696  1663 -477.11597   56    2 -435.86999 -555.71987  27.5%  66.3 3656s
  4794  1709     cutoff   57      -435.86999 -555.43961  27.4%  66.5 3756s
  4845  1720 -494.08218   54    2 -435.86999 -555.33995  27.4%  66.5 3771s
  4884  1744     cutoff   55      -435.86999 -555.33807  27.4%  66.8 3853s
  4975  1785 -510.67235   55    2 -435.86999 -555.06727  27.3%  66.8 3952s
  5069  1827 -521.88920   44    2 -435.86999 -554.82609  27.3%  67.1 4052s
  5120  1842 -528.83241   38    2 -435.86999 -554.80841  27.3%  67.0 4067s
  5166  1874     cutoff   56      -435.86999 -554.73467  27.3%  67.1 4149s
  5225  1895     cutoff   55      -435.86999 -554.55121  27.2%  67.0 4175s
  5315  1923     cutoff   56      -435.86999 -554.41936  27.2%  67.0 4276s
  5433  2006     cutoff   57      -435.86999 -554.27093  27.2%  67.4 4400s
  5568  2060     cutoff   55      -435.86999 -554.17300  27.1%  67.3 4522s
  5684  2115 -517.46606   47    2 -435.86999 -554.08370  27.1%  67.3 4643s
  5789  2150 -514.99383   55    2 -435.86999 -553.89125  27.1%  67.2 4767s
  5876  2206     cutoff   56      -435.86999 -553.60872  27.0%  67.6 4898s
  5975  2273 -477.55775   56    2 -435.86999 -553.38742  27.0%  67.7 5028s
  6139  2344     cutoff   57      -435.86999 -553.21619  26.9%  67.3 5180s
  6248  2411     cutoff   56      -435.86999 -553.13715  26.9%  67.5 5302s
  6313  2428     cutoff   50      -435.86999 -552.86340  26.8%  67.4 5327s
  6389  2461     cutoff   57      -435.86999 -552.84617  26.8%  67.4 5469s
  6519  2528 -491.71470   50    2 -435.86999 -552.78720  26.8%  67.6 5625s
  6676  2591 -516.99460   55    2 -435.86999 -552.63476  26.8%  67.5 5785s
  6716  2603 -504.13281   56    2 -435.86999 -552.43569  26.7%  67.6 5799s
  6786  2635     cutoff   56      -435.86999 -552.42004  26.7%  67.6 5944s
  6841  2647 -492.03381   53    2 -435.86999 -552.12702  26.7%  67.9 5960s
  6895  2670     cutoff   50      -435.86999 -552.10012  26.7%  68.0 6100s
  6945  2688 -533.92012   51    2 -435.86999 -552.05066  26.7%  68.0 6121s
  7003  2726 -492.29880   43    2 -435.86999 -552.01310  26.6%  68.1 6270s
  7167  2793     cutoff   57      -435.86999 -551.85511  26.6%  67.9 6444s
  7308  2846     cutoff   57      -435.86999 -551.39119  26.5%  67.8 6615s
  7491  2920     cutoff   57      -435.86999 -551.10792  26.4%  67.7 6803s
  7652  2980 -496.14773   43    2 -435.86999 -550.79768  26.4%  67.8 6984s
  7804  3045     cutoff   56      -435.86999 -550.62274  26.3%  67.8 7141s
  7857  3062     cutoff   57      -435.86999 -550.54073  26.3%  67.8 7162s

Cutting planes:
  MIR: 447
  Flow cover: 166
  Lazy constraints: 340395

Explored 7933 nodes (543284 simplex iterations) in 7186.00 seconds
Thread count was 4 (of 4 available processors)

Solution count 8: -435.87 -416.08 -402.81 ... -308.119

Time limit reached
Best objective -4.358699886370e+02, best bound -5.505407258979e+02, gap 26.3085%

User-callback calls 195694, time in user-callback 2718.15 sec
