
Gurobi 9.0.3 (win64) logging started Sat Jan  1 12:46:33 2022

Changed value of parameter LogFile to Results/sslp1_40_50_50_var_BendersBnC.log
   Prev:   Default: 
Changed value of parameter Heuristics to 0.0
   Prev: 0.05  Min: 0.0  Max: 1.0  Default: 0.05
Changed value of parameter lazyConstraints to 1
   Prev: 0  Min: 0  Max: 1  Default: 0
Changed value of parameter timeLimit to 7190.9679617881775
   Prev: inf  Min: 0.0  Max: inf  Default: inf
Gurobi Optimizer version 9.0.3 build v9.0.3rc0 (win64)
Optimize a model with 855 rows, 130 columns and 49131 nonzeros
Model fingerprint: 0x67d3e764
Variable types: 90 continuous, 40 integer (40 binary)
Coefficient statistics:
  Matrix range     [1e-13, 5e+05]
  Objective range  [2e-02, 4e+01]
  Bounds range     [1e+00, 1e+00]
  RHS range        [2e-15, 1e+04]
Warning: Model contains large matrix coefficient range
         Consider reformulating model or setting NumericFocus parameter
         to avoid numerical issues.
Presolve added 0 rows and 5 columns
Presolve removed 166 rows and 0 columns
Presolve time: 0.04s
Presolved: 689 rows, 135 columns, 27344 nonzeros
Variable types: 94 continuous, 41 integer (40 binary)

Root relaxation: objective -5.775027e+02, 224 iterations, 0.03 seconds

    Nodes    |    Current Node    |     Objective Bounds      |     Work
 Expl Unexpl |  Obj  Depth IntInf | Incumbent    BestBd   Gap | It/Node Time

     0     0 -577.50270    0   23          - -577.50270      -     -    0s
     0     0 -576.03659    0   22          - -576.03659      -     -    0s
     0     0 -575.94974    0   22          - -575.94974      -     -    0s
     0     0 -575.94527    0   23          - -575.94527      -     -    0s
     0     0 -575.94453    0   23          - -575.94453      -     -    0s
     0     0 -575.43733    0   22          - -575.43733      -     -    0s
     0     0 -575.28500    0   21          - -575.28500      -     -    0s
     0     0 -575.21789    0   22          - -575.21789      -     -    0s
     0     0 -575.20247    0   23          - -575.20247      -     -    0s
     0     0 -575.17972    0   22          - -575.17972      -     -    0s
     0     0 -575.15754    0   21          - -575.15754      -     -    0s
     0     0 -575.15308    0   22          - -575.15308      -     -    0s
     0     0 -575.15219    0   22          - -575.15219      -     -    0s
     0     0 -575.15196    0   22          - -575.15196      -     -    0s
     0     0 -574.99094    0   21          - -574.99094      -     -    0s
     0     0 -574.85541    0   22          - -574.85541      -     -    0s
     0     0 -574.84124    0   21          - -574.84124      -     -    0s
     0     0 -574.80985    0   21          - -574.80985      -     -    0s
     0     0 -574.79675    0   20          - -574.79675      -     -    0s
     0     0 -574.78250    0   22          - -574.78250      -     -    0s
     0     0 -574.78148    0   22          - -574.78148      -     -    0s
     0     0 -574.78135    0   22          - -574.78135      -     -    0s
     0     0 -574.66321    0   18          - -574.66321      -     -    0s
     0     0 -574.61310    0   21          - -574.61310      -     -    0s
     0     0 -574.58345    0   20          - -574.58345      -     -    0s
     0     0 -574.56876    0   20          - -574.56876      -     -    0s
     0     0 -574.55659    0   20          - -574.55659      -     -    0s
     0     0 -574.55414    0   22          - -574.55414      -     -    0s
     0     0 -574.55316    0   22          - -574.55316      -     -    0s
     0     0 -574.55256    0   23          - -574.55256      -     -    0s
     0     0 -574.36027    0   22          - -574.36027      -     -    0s
     0     0 -574.33193    0   22          - -574.33193      -     -    0s
     0     0 -574.31001    0   20          - -574.31001      -     -    0s
     0     0 -574.30127    0   21          - -574.30127      -     -    0s
     0     0 -574.29724    0   21          - -574.29724      -     -    0s
     0     0 -574.29673    0   22          - -574.29673      -     -    0s
     0     0 -574.26541    0   21          - -574.26541      -     -    0s
     0     0 -574.23811    0   23          - -574.23811      -     -    0s
     0     0 -574.20176    0   23          - -574.20176      -     -    0s
     0     0 -574.16613    0   21          - -574.16613      -     -    0s
     0     0 -574.15784    0   23          - -574.15784      -     -    0s
     0     0 -574.15578    0   23          - -574.15578      -     -    0s
     0     0 -574.15409    0   22          - -574.15409      -     -    0s
     0     0 -574.14830    0   21          - -574.14830      -     -    0s
     0     0 -574.14698    0   22          - -574.14698      -     -    0s
     0     0 -574.14426    0   23          - -574.14426      -     -    0s
     0     0 -574.14216    0   24          - -574.14216      -     -    0s
     0     0 -574.14050    0   25          - -574.14050      -     -    0s
     0     0 -574.13934    0   24          - -574.13934      -     -    0s
     0     0 -574.13873    0   23          - -574.13873      -     -    0s
     0     0 -574.06017    0   21          - -574.06017      -     -    1s
     0     0 -574.04194    0   22          - -574.04194      -     -    1s
     0     0 -574.03529    0   22          - -574.03529      -     -    1s
     0     0 -574.02918    0   24          - -574.02918      -     -    1s
     0     0 -574.02600    0   22          - -574.02600      -     -    1s
     0     0 -574.01867    0   20          - -574.01867      -     -    1s
     0     0 -574.01577    0   23          - -574.01577      -     -    1s
     0     0 -574.01528    0   23          - -574.01528      -     -    1s
     0     0 -573.97528    0   19          - -573.97528      -     -    1s
     0     0 -573.95669    0   20          - -573.95669      -     -    1s
     0     0 -573.93660    0   22          - -573.93660      -     -    1s
     0     0 -573.92442    0   21          - -573.92442      -     -    1s
     0     0 -573.91656    0   23          - -573.91656      -     -    1s
     0     0 -573.91163    0   22          - -573.91163      -     -    1s
     0     0 -573.91126    0   22          - -573.91126      -     -    1s
     0     0 -573.88239    0   22          - -573.88239      -     -    1s
     0     0 -573.86515    0   21          - -573.86515      -     -    1s
     0     0 -573.86136    0   20          - -573.86136      -     -    1s
     0     0 -573.85102    0   21          - -573.85102      -     -    1s
     0     0 -573.84607    0   20          - -573.84607      -     -    1s
     0     0 -573.84489    0   20          - -573.84489      -     -    1s
     0     0 -573.84316    0   21          - -573.84316      -     -    1s
     0     0 -573.84243    0   23          - -573.84243      -     -    1s
     0     0 -573.82645    0   22          - -573.82645      -     -    1s
     0     0 -573.81787    0   19          - -573.81787      -     -    1s
     0     0 -573.81635    0   21          - -573.81635      -     -    1s
     0     0 -573.78927    0   21          - -573.78927      -     -    1s
     0     0 -573.78335    0   21          - -573.78335      -     -    1s
     0     0 -573.78114    0   21          - -573.78114      -     -    1s
     0     0 -573.77816    0   22          - -573.77816      -     -    1s
     0     0 -573.77739    0   23          - -573.77739      -     -    1s
     0     0 -573.76760    0   21          - -573.76760      -     -    1s
     0     0 -573.76368    0   20          - -573.76368      -     -    1s
     0     0 -573.76235    0   21          - -573.76235      -     -    1s
     0     0 -573.75959    0   21          - -573.75959      -     -    1s
     0     0 -573.75529    0   21          - -573.75529      -     -    1s
     0     0 -573.75166    0   21          - -573.75166      -     -    1s
     0     0 -573.75056    0   22          - -573.75056      -     -    1s
     0     0 -573.73250    0   19          - -573.73250      -     -    1s
     0     0 -573.70210    0   20          - -573.70210      -     -    1s
     0     0 -573.69979    0   20          - -573.69979      -     -    1s
     0     0 -573.69679    0   20          - -573.69679      -     -    1s
     0     0 -573.69533    0   20          - -573.69533      -     -    1s
     0     0 -573.69509    0   20          - -573.69509      -     -    1s
     0     0 -573.69395    0   21          - -573.69395      -     -    1s
     0     0 -573.68636    0   20          - -573.68636      -     -    1s
     0     0 -573.68340    0   21          - -573.68340      -     -    1s
     0     0 -573.68188    0   21          - -573.68188      -     -    1s
     0     0 -573.68122    0   20          - -573.68122      -     -    1s
     0     0 -573.65655    0   20          - -573.65655      -     -    1s
     0     0 -573.63090    0   20          - -573.63090      -     -    1s
     0     0 -573.62808    0   19          - -573.62808      -     -    1s
     0     0 -573.62386    0   20          - -573.62386      -     -    1s
     0     0 -573.62297    0   21          - -573.62297      -     -    1s
     0     0 -573.61804    0   19          - -573.61804      -     -    1s
     0     0 -573.60951    0   20          - -573.60951      -     -    1s
     0     0 -573.60201    0   19          - -573.60201      -     -    1s
     0     0 -573.59805    0   19          - -573.59805      -     -    1s
     0     0 -573.59607    0   20          - -573.59607      -     -    1s
     0     0 -573.59394    0   19          - -573.59394      -     -    2s
     0     0 -573.59323    0   18          - -573.59323      -     -    2s
     0     0 -573.59166    0   19          - -573.59166      -     -    2s
     0     0 -573.58532    0   20          - -573.58532      -     -    2s
     0     0 -573.58526    0   20          - -573.58526      -     -    2s
     0     0 -573.58316    0   20          - -573.58316      -     -    2s
     0     0 -573.58300    0   20          - -573.58300      -     -    2s
     0     0 -573.57922    0   18          - -573.57922      -     -    2s
     0     0 -573.57922    0   18          - -573.57922      -     -    2s
     0     2 -573.57922    0   18          - -573.57922      -     -    2s
*   84    78              40    -310.5187425 -573.52867  84.7%  27.1    4s
    90    78 -554.43822   39    - -310.51874 -573.52867  84.7%  26.9    5s
*   94    81              40    -349.5199909 -573.52867  64.1%  28.3    6s
*  103    85              40    -355.0999899 -573.48330  61.5%  28.9    7s
   184   144 -537.01013   40    - -355.09999 -573.48330  61.5%  25.8   10s
*  198   154              40    -379.2999902 -573.48330  51.2%  26.1   13s
*  215   157              40    -401.0599889 -573.36863  43.0%  26.7   15s
   270   192 -461.18318   17    2 -401.05999 -572.31696  42.7%  26.6   20s
   342   233     cutoff   40      -401.05999 -571.96454  42.6%  25.3   25s
*  359   254              40    -409.1799890 -571.96454  39.8%  25.1   26s
*  395   255              40    -410.8199884 -571.96309  39.2%  24.0   29s
*  398   255              40    -412.8599892 -571.96309  38.5%  24.0   30s
   474   302 -568.71161   24    7 -412.85999 -571.88575  38.5%  23.5   35s
   560   341     cutoff   40      -412.85999 -571.38939  38.4%  22.4   41s
   593   369 -564.77766   18    2 -412.85999 -571.23210  38.4%  22.7   45s
   649   386     cutoff   40      -412.85999 -570.97694  38.3%  22.6   50s
*  710   424              40    -413.9799888 -570.97694  37.9%  22.0   52s
   721   424     cutoff   40      -413.97999 -570.97694  37.9%  22.0   55s
   766   430     cutoff   40      -413.97999 -570.97694  37.9%  22.0   60s
   819   449     cutoff   40      -413.97999 -570.97694  37.9%  21.4   65s
   853   449     cutoff   40      -413.97999 -570.74978  37.9%  21.5   71s
   938   495     cutoff   40      -413.97999 -570.60668  37.8%  20.7   76s
   962   506     cutoff   40      -413.97999 -570.34208  37.8%  21.1   80s
  1032   545     cutoff   40      -413.97999 -570.34208  37.8%  20.5   86s
  1066   543     cutoff   40      -413.97999 -570.13449  37.7%  20.8   91s
  1114   572 -541.86933   26    - -413.97999 -570.07453  37.7%  20.6   96s
  1147   588     cutoff   40      -413.97999 -569.98250  37.7%  20.7  100s
  1210   635 -496.99924   39    2 -413.97999 -569.93414  37.7%  20.6  105s
* 1233   635              40    -428.1599888 -569.87603  33.1%  20.6  107s
  1259   654 -562.73267   22    2 -428.15999 -569.67360  33.1%  20.8  111s
  1315   675     cutoff   40      -428.15999 -569.41250  33.0%  20.8  115s
  1379   710     cutoff   40      -428.15999 -569.22375  32.9%  20.6  121s
  1412   743     cutoff   40      -428.15999 -569.05901  32.9%  20.8  126s
  1480   756     cutoff   40      -428.15999 -568.88621  32.9%  20.4  131s
  1507   758     cutoff   40      -428.15999 -568.75676  32.8%  20.5  135s
  1558   790     cutoff   40      -428.15999 -568.49815  32.8%  20.4  141s
  1586   793     cutoff   40      -428.15999 -568.41495  32.8%  20.5  145s
  1656   860     cutoff   40      -428.15999 -568.32560  32.7%  20.6  150s
  1708   860     cutoff   40      -428.15999 -568.18897  32.7%  20.5  155s
  1779   914 -567.99579    8   18 -428.15999 -568.04642  32.7%  20.2  166s
  1781   915 -566.64766   22   23 -428.15999 -568.04642  32.7%  20.2  175s
  1786   919 -554.90598   27   21 -428.15999 -568.04642  32.7%  20.1  180s
  1793   923 -561.10719   35   18 -428.15999 -568.04642  32.7%  20.0  186s
  1796   925 -562.22586   26   19 -428.15999 -568.04642  32.7%  20.0  191s
  1798   927 -566.27756   18   18 -428.15999 -568.04642  32.7%  20.0  196s
  1801   929 -562.85227   10   19 -428.15999 -568.04642  32.7%  19.9  201s
  1803   930 -509.68987   40   19 -428.15999 -568.04642  32.7%  19.9  205s
  1805   931 -562.47797   14   20 -428.15999 -568.04642  32.7%  19.9  213s
  1806   932 -549.63302   35   20 -428.15999 -568.04642  32.7%  19.9  216s
  1808   936 -568.04642   14   17 -428.15999 -568.04642  32.7%  20.8  223s
  1810   936 -568.04642   15   19 -428.15999 -568.04642  32.7%  20.9  228s
  1812   937 -568.04642   15   17 -428.15999 -568.04642  32.7%  21.1  232s
  1814   938 -568.04642   16   19 -428.15999 -568.04642  32.7%  21.2  237s
  1818   938 -568.04642   17   18 -428.15999 -568.04642  32.7%  21.3  240s
  1832   938     cutoff   20      -428.15999 -568.04642  32.7%  21.7  245s
  1874   947     cutoff   27      -428.15999 -568.04642  32.7%  22.4  251s
  1899   949     cutoff   32      -428.15999 -568.04642  32.7%  22.7  255s
  1934   946 -560.02963   38    4 -428.15999 -568.04642  32.7%  23.0  261s
  1980   947     cutoff   45      -428.15999 -568.04642  32.7%  23.1  266s
  2007   952 -568.04642   19   14 -428.15999 -568.04642  32.7%  23.3  270s
  2049   964 -562.56027   31    2 -428.15999 -568.04642  32.7%  23.6  275s
* 2054   914              21    -432.2199889 -568.04642  31.4%  23.7  276s
  2082   931 -541.94910   39    2 -432.21999 -568.04642  31.4%  23.8  281s
* 2097   884              51    -434.9399886 -568.04642  30.6%  23.7  283s
  2126   894 -508.50545   52    2 -434.93999 -568.04642  30.6%  23.6  288s
  2146   896 -527.63371   41    2 -434.93999 -568.04642  30.6%  23.5  290s
  2190   893     cutoff   56      -434.93999 -568.04642  30.6%  23.4  296s
  2241   921 -544.40091   32    5 -434.93999 -568.04642  30.6%  23.7  301s
  2267   939 -542.77828   38    3 -434.93999 -568.04642  30.6%  23.7  305s
* 2283   891              54    -441.6199884 -568.04642  28.6%  23.6  305s
  2321   890     cutoff   55      -441.61999 -567.73142  28.6%  23.8  312s
  2361   899 -550.09609   22    4 -441.61999 -567.69397  28.5%  23.8  318s
  2372   914 -545.95547   43    2 -441.61999 -567.40233  28.5%  23.8  321s
  2409   920     cutoff   55      -441.61999 -567.21397  28.4%  23.8  325s
  2468   931 -544.47380   34    5 -441.61999 -566.95988  28.4%  23.9  332s
  2489   937 -542.04253   39    2 -441.61999 -566.87008  28.4%  23.9  335s
  2574   963 -543.10293   43    2 -441.61999 -566.31392  28.2%  23.9  350s
  2618   958     cutoff   27      -441.61999 -566.16958  28.2%  23.9  355s
  2647   963 -529.35763   31    3 -441.61999 -566.12826  28.2%  24.0  362s
  2673   965     cutoff   56      -441.61999 -565.90867  28.1%  23.9  365s
  2718   979 -562.87469   34    4 -441.61999 -565.87118  28.1%  23.9  371s
  2736   993 -544.00438   43    2 -441.61999 -565.85542  28.1%  23.9  376s
* 2748   950              54    -446.5199885 -565.85542  26.7%  23.9  376s
  2787   959 -531.50815   54    2 -446.51999 -565.68270  26.7%  23.8  382s
  2815   954     cutoff   55      -446.51999 -565.55928  26.7%  23.9  387s
  2853   966 -497.97748   55    2 -446.51999 -565.53745  26.7%  23.9  394s
  2883   991     cutoff   56      -446.51999 -565.36015  26.6%  24.0  399s
  2931   986 -529.78544   48    2 -446.51999 -565.21997  26.6%  23.9  405s
  2994  1029 -515.64590   54    2 -446.51999 -565.11317  26.6%  23.8  415s
  3060  1031     cutoff   55      -446.51999 -564.93743  26.5%  23.7  422s
  3102  1037 -482.56802   55    2 -446.51999 -564.92216  26.5%  23.8  428s
  3137  1054     cutoff   29      -446.51999 -564.78386  26.5%  23.8  434s
* 3144  1012              45    -459.2799882 -564.78386  23.0%  23.8  434s
  3154  1012     cutoff   55      -459.27999 -564.78085  23.0%  23.9  435s
  3184  1025 -541.19694   45    5 -459.27999 -564.77781  23.0%  23.8  440s
  3234  1024 -531.01309   54    2 -459.27999 -564.48936  22.9%  23.9  449s
  3247  1025     cutoff   56      -459.27999 -564.36739  22.9%  24.0  450s
  3268  1054     cutoff   55      -459.27999 -564.36040  22.9%  24.0  456s
  3340  1051 -499.43313   55    2 -459.27999 -564.27407  22.9%  24.0  465s
  3399  1077     cutoff   56      -459.27999 -564.11826  22.8%  24.1  478s
  3459  1071 -523.59784   38    2 -459.27999 -564.05006  22.8%  24.2  486s
  3503  1081 -524.96972   40    2 -459.27999 -563.80966  22.8%  24.3  496s
  3554  1120 -498.81454   44    2 -459.27999 -563.72914  22.7%  24.3  506s
  3638  1120 -489.24528   55    2 -459.27999 -563.60103  22.7%  24.2  518s
  3685  1150     cutoff   57      -459.27999 -563.52153  22.7%  24.2  526s
  3757  1142 -536.83185   43    3 -459.27999 -563.41482  22.7%  24.1  534s
  3812  1150 -525.00796   54    2 -459.27999 -563.16129  22.6%  24.2  546s
  3887  1176     cutoff   55      -459.27999 -563.14660  22.6%  24.1  560s
  3956  1195 -489.42802   55    2 -459.27999 -563.05233  22.6%  24.1  573s
  3990  1199     cutoff   55      -459.27999 -562.92741  22.6%  24.1  575s
  4038  1245     cutoff   56      -459.27999 -562.90864  22.6%  24.1  586s
  4116  1285 -539.38387   41    2 -459.27999 -562.75119  22.5%  24.1  601s
  4203  1321 -540.55980   38    2 -459.27999 -562.55865  22.5%  24.1  616s
  4236  1333     cutoff   55      -459.27999 -562.55782  22.5%  24.1  620s
  4274  1364 -527.03260   54    2 -459.27999 -562.46376  22.5%  24.1  632s
  4350  1406 -500.86269   53    2 -459.27999 -562.39795  22.5%  24.1  646s
  4427  1447 -539.59978   36    2 -459.27999 -562.28440  22.4%  24.1  661s
  4465  1458 -535.80500   53    2 -459.27999 -562.21271  22.4%  24.1  665s
  4504  1487 -539.51209   42    2 -459.27999 -562.16631  22.4%  24.1  674s
  4598  1514     cutoff   55      -459.27999 -562.03212  22.4%  24.0  691s
  4678  1549     cutoff   56      -459.27999 -561.77674  22.3%  24.1  708s
  4767  1597     cutoff   56      -459.27999 -561.70964  22.3%  24.1  727s
  4817  1611 -532.22010   51    2 -459.27999 -561.70152  22.3%  24.2  732s
  4862  1642 -525.59903   50    2 -459.27999 -561.53028  22.3%  24.2  745s
  4925  1659     cutoff   55      -459.27999 -561.30878  22.2%  24.1  751s
  4971  1674     cutoff   55      -459.27999 -561.29552  22.2%  24.1  765s
  5065  1694 -503.36881   54    2 -459.27999 -561.13891  22.2%  24.1  785s
  5134  1746 -490.82440   55    2 -459.27999 -560.68044  22.1%  24.3  802s
  5173  1756 -536.62967   47    2 -459.27999 -560.39219  22.0%  24.3  805s
  5223  1793     cutoff   56      -459.27999 -560.37527  22.0%  24.3  818s
  5254  1802 -523.17235   54    2 -459.27999 -560.31216  22.0%  24.4  821s
  5306  1861 -540.21480   45    2 -459.27999 -560.28643  22.0%  24.3  835s
  5427  1903 -527.18673   54    2 -459.27999 -560.17502  22.0%  24.2  857s
  5521  1946     cutoff   55      -459.27999 -559.89132  21.9%  24.2  879s
  5560  1957 -519.10610   54    2 -459.27999 -559.68785  21.9%  24.2  883s
  5602  1970 -495.68969   55    2 -459.27999 -559.62284  21.8%  24.3  902s
  5644  1980     cutoff   55      -459.27999 -559.25387  21.8%  24.3  905s
  5707  2043     cutoff   56      -459.27999 -559.24718  21.8%  24.3  925s
  5763  2054     cutoff   55      -459.27999 -559.07953  21.7%  24.3  930s
  5824  2081     cutoff   55      -459.27999 -559.04189  21.7%  24.3  950s
  5887  2094 -521.14905   54    2 -459.27999 -558.89228  21.7%  24.3  957s
  5932  2149 -526.20309   52    2 -459.27999 -558.81243  21.7%  24.3  979s
  6087  2199     cutoff   55      -459.27999 -558.53621  21.6%  24.3 1006s
  6182  2237     cutoff   54      -459.27999 -558.36058  21.6%  24.4 1032s
  6289  2287     cutoff   55      -459.27999 -558.19353  21.5%  24.4 1057s
  6402  2338 -532.92007   49    2 -459.27999 -557.87719  21.5%  24.4 1085s
  6454  2356 -537.29003   44    2 -459.27999 -557.68366  21.4%  24.4 1091s
  6509  2397 -517.77108   54    2 -459.27999 -557.65064  21.4%  24.4 1115s
  6655  2461     cutoff   55      -459.27999 -557.25579  21.3%  24.4 1148s
  6764  2500 -483.42291   55    2 -459.27999 -557.00165  21.3%  24.4 1176s
  6897  2560     cutoff   56      -459.27999 -556.73742  21.2%  24.5 1207s
  7026  2653 -528.69836   52    2 -459.27999 -556.43105  21.2%  24.5 1239s
  7228  2734 -525.30001   52    2 -459.27999 -556.07712  21.1%  24.4 1273s
  7384  2793     cutoff   55      -459.27999 -555.74260  21.0%  24.4 1308s
  7430  2808 -527.83586   41    2 -459.27999 -555.62150  21.0%  24.4 1313s
  7498  2842 -533.66622   40    2 -459.27999 -555.59987  21.0%  24.4 1341s
  7652  2909 -522.30261   54    2 -459.27999 -555.42787  20.9%  24.4 1375s
  7742  2933     cutoff   55      -459.27999 -555.20579  20.9%  24.4 1383s
  7809  2964 -530.61591   46    2 -459.27999 -555.02165  20.8%  24.4 1408s
  7888  2989 -482.77098   55    2 -459.27999 -554.70738  20.8%  24.4 1415s
  7942  3039     cutoff   55      -459.27999 -554.51751  20.7%  24.4 1444s
  8017  3055 -512.24873   50    2 -459.27999 -554.50404  20.7%  24.4 1449s
  8114  3106 -488.62538   55    2 -459.27999 -553.98847  20.6%  24.3 1480s
  8207  3134 -502.86541   55    2 -459.27999 -553.71128  20.6%  24.3 1489s
  8272  3175     cutoff   56      -459.27999 -553.66203  20.6%  24.3 1516s
  8329  3191 -524.61804   43    2 -459.27999 -553.57143  20.5%  24.3 1521s
  8412  3229 -519.16197   54    2 -459.27999 -553.14508  20.4%  24.3 1549s
  8538  3283     cutoff   55      -459.27999 -552.70659  20.3%  24.3 1582s
  8672  3331 -547.50002   42    2 -459.27999 -552.44850  20.3%  24.2 1615s
  8754  3362 -480.20482   55    2 -459.27999 -551.90977  20.2%  24.2 1625s
  8829  3402 -534.27525   54    2 -459.27999 -551.89785  20.2%  24.2 1653s
  8976  3469 -532.76922   28    5 -459.27999 -551.41903  20.1%  24.1 1692s
  9052  3494 -549.96081   28    3 -459.27999 -551.33067  20.0%  24.1 1700s
  9107  3547 -514.24380   53    2 -459.27999 -551.30481  20.0%  24.1 1730s
  9236  3595     cutoff   55      -459.27999 -551.03281  20.0%  24.1 1767s
  9301  3619     cutoff   54      -459.27999 -550.92669  20.0%  24.1 1775s
  9372  3640 -513.11979   54    2 -459.27999 -550.78881  19.9%  24.1 1809s
  9480  3682     cutoff   56      -459.27999 -550.68047  19.9%  24.1 1843s
  9523  3696 -497.52049   55    2 -459.27999 -550.57209  19.9%  24.1 1848s
  9591  3747 -510.58218   54    2 -459.27999 -550.45481  19.9%  24.2 1881s
  9698  3784     cutoff   55      -459.27999 -550.35206  19.8%  24.2 1915s
  9801  3819 -476.30023   55    2 -459.27999 -550.06629  19.8%  24.2 1957s
  9861  3839     cutoff   55      -459.27999 -549.95440  19.7%  24.2 1963s
  9901  3874 -549.87036   28    5 -459.27999 -549.89640  19.7%  24.2 2001s
 10032  3940 -510.91021   54    2 -459.27999 -549.73379  19.7%  24.2 2049s
 10071  3948     cutoff   56      -459.27999 -549.65125  19.7%  24.2 2051s
 10118  3978     cutoff   55      -459.27999 -549.63671  19.7%  24.2 2087s
 10219  4036 -477.71278   55    2 -459.27999 -549.41932  19.6%  24.2 2128s
 10266  4052 -548.85426   21    2 -459.27999 -549.40553  19.6%  24.2 2133s
 10319  4082 -526.53401   50    2 -459.27999 -549.33590  19.6%  24.3 2168s
 10380  4095     cutoff   55      -459.27999 -549.32359  19.6%  24.3 2172s
 10437  4126 -510.06737   54    2 -459.27999 -549.21267  19.6%  24.2 2202s
 10476  4138     cutoff   55      -459.27999 -549.20610  19.6%  24.3 2236s
 10521  4151 -524.30226   41    2 -459.27999 -549.10605  19.6%  24.3 2241s
 10573  4206 -477.57186   55    2 -459.27999 -549.07036  19.6%  24.4 2282s
 10627  4232 -498.67203   44    2 -459.27999 -549.04823  19.5%  24.3 2290s
 10690  4254 -537.45309   40    2 -459.27999 -549.00089  19.5%  24.3 2323s
 10732  4273 -543.44394   42    3 -459.27999 -548.95133  19.5%  24.3 2329s
 10796  4296 -522.05799   53    2 -459.27999 -548.94714  19.5%  24.3 2369s
 10838  4311 -539.38257   43    2 -459.27999 -548.89442  19.5%  24.3 2374s
 10895  4336 -527.00906   35    2 -459.27999 -548.87527  19.5%  24.3 2408s
 10942  4395 -504.21419   42    2 -459.27999 -548.83821  19.5%  24.4 2444s
 11041  4423 -491.88995   56    2 -459.27999 -548.78057  19.5%  24.3 2482s
 11087  4440 -546.83772   34    2 -459.27999 -548.75069  19.5%  24.3 2487s
 11107  4480     cutoff   57      -459.27999 -548.73895  19.5%  24.4 2517s
 11205  4508 -477.44332   56    2 -459.27999 -548.67172  19.5%  24.4 2550s
 11247  4531 -525.37975   29    5 -459.27999 -548.64447  19.5%  24.4 2585s
 11320  4555     cutoff   56      -459.27999 -548.56011  19.4%  24.4 2593s
 11349  4580 -518.60918   46    2 -459.27999 -548.54994  19.4%  24.4 2622s
 11402  4608 -511.81249   55    2 -459.27999 -548.50069  19.4%  24.4 2662s
 11512  4657     cutoff   56      -459.27999 -548.38146  19.4%  24.5 2707s
 11544  4669 -524.18980   37    2 -459.27999 -548.37147  19.4%  24.5 2711s
 11598  4680 -475.73125   56    2 -459.27999 -548.36158  19.4%  24.5 2749s
 11681  4747 -523.16971   45    2 -459.27999 -548.26776  19.4%  24.5 2798s
 11814  4813     cutoff   54      -459.27999 -548.19491  19.4%  24.4 2848s
 11873  4824     cutoff   56      -459.27999 -548.17461  19.4%  24.4 2852s
 11905  4835 -530.02777   34    2 -459.27999 -548.16834  19.4%  24.4 2889s
 11937  4847 -483.78573   55    2 -459.27999 -548.15586  19.4%  24.5 2893s
 11985  4889 -495.39228   47    3 -459.27999 -548.15483  19.4%  24.5 2939s
 12077  4940 -489.41561   56    2 -459.27999 -548.12808  19.3%  24.5 2989s
 12127  4955 -523.23219   38    - -459.27999 -548.03783  19.3%  24.5 2994s
 12199  4999 -523.53039   45    2 -459.27999 -548.03777  19.3%  24.5 3042s
 12249  5013 -506.35931   54    2 -459.27999 -548.03011  19.3%  24.5 3047s
 12303  5056 -511.08769   53    2 -459.27999 -548.02183  19.3%  24.5 3085s
 12385  5100     cutoff   55      -459.27999 -547.94800  19.3%  24.5 3122s
 12458  5123 -546.41028   32    4 -459.27999 -547.89463  19.3%  24.5 3167s
 12530  5165 -543.93370   37    2 -459.27999 -547.87658  19.3%  24.6 3212s
 12576  5180 -513.36209   55    2 -459.27999 -547.85394  19.3%  24.6 3217s
 12615  5176 -508.43689   55    2 -459.27999 -547.83366  19.3%  24.6 3256s
 12662  5189     cutoff   56      -459.27999 -547.79359  19.3%  24.6 3260s
 12702  5205     cutoff   56      -459.27999 -547.77047  19.3%  24.6 3305s
 12801  5262 -473.38118   56    2 -459.27999 -547.70280  19.3%  24.6 3353s
 12846  5275 -525.78850   46    2 -459.27999 -547.67750  19.2%  24.7 3357s
 12894  5301 -515.37748   38    2 -459.27999 -547.64435  19.2%  24.7 3400s
 12944  5314 -546.53655   23    4 -459.27999 -547.60155  19.2%  24.7 3405s
 12986  5383 -505.31131   55    2 -459.27999 -547.59566  19.2%  24.6 3449s
 13043  5397 -520.40153   39    2 -459.27999 -547.57200  19.2%  24.7 3454s
 13120  5440     cutoff   56      -459.27999 -547.56771  19.2%  24.6 3507s
 13225  5506     cutoff   56      -459.27999 -547.52256  19.2%  24.6 3554s
 13358  5545     cutoff   56      -459.27999 -547.43703  19.2%  24.6 3610s
 13438  5590 -545.89272   30    2 -459.27999 -547.40227  19.2%  24.6 3656s
 13531  5633 -506.38485   55    2 -459.27999 -547.32855  19.2%  24.6 3704s
 13576  5648 -502.43372   55    2 -459.27999 -547.29719  19.2%  24.6 3709s
 13608  5660     cutoff   56      -459.27999 -547.27775  19.2%  24.6 3756s
 13649  5675     cutoff   56      -459.27999 -547.25769  19.2%  24.7 3760s
 13688  5699 -468.38523   56    2 -459.27999 -547.25714  19.2%  24.7 3801s
 13754  5729 -546.63288   29    2 -459.27999 -547.22778  19.1%  24.7 3850s
 13851  5776 -520.15054   41    2 -459.27999 -547.15927  19.1%  24.7 3897s
 13904  5796 -504.25856   54    2 -459.27999 -547.13188  19.1%  24.7 3904s
 13945  5816 -511.12851   55    2 -459.27999 -547.12923  19.1%  24.7 3947s
 14001  5837 -545.04960   37    2 -459.27999 -547.09506  19.1%  24.7 3955s
 14055  5860     cutoff   56      -459.27999 -547.06453  19.1%  24.7 3998s
 14150  5891 -544.44991   26    2 -459.27999 -547.03484  19.1%  24.7 4064s
 14177  5902     cutoff   23      -459.27999 -546.99341  19.1%  24.7 4067s
 14227  5947 -545.47620   29    5 -459.27999 -546.98795  19.1%  24.7 4112s
 14285  5968 -520.68572   39    2 -459.27999 -546.96398  19.1%  24.7 4119s
 14325  6001 -524.37982   41    2 -459.27999 -546.95624  19.1%  24.7 4170s
 14392  6021 -508.65873   55    2 -459.27999 -546.89177  19.1%  24.7 4177s
 14439  6038 -512.79208   55    2 -459.27999 -546.86951  19.1%  24.7 4221s
 14473  6051     cutoff   56      -459.27999 -546.84460  19.1%  24.7 4225s
 14505  6069     cutoff   56      -459.27999 -546.80967  19.1%  24.7 4276s
 14540  6081     cutoff   56      -459.27999 -546.79359  19.1%  24.7 4280s
 14596  6098 -478.10051   56    2 -459.27999 -546.78546  19.1%  24.8 4335s
 14672  6149 -526.07321   39    3 -459.27999 -546.76519  19.0%  24.8 4394s
 14720  6168 -506.20765   55    2 -459.27999 -546.75512  19.0%  24.8 4400s
 14778  6209 -525.92709   41    2 -459.27999 -546.71537  19.0%  24.8 4452s
 14846  6230     cutoff   56      -459.27999 -546.67011  19.0%  24.8 4459s
 14893  6253 -512.80791   55    2 -459.27999 -546.66626  19.0%  24.8 4510s
 14970  6278     cutoff   56      -459.27999 -546.62197  19.0%  24.8 4569s
 15057  6313 -541.33699   36   18 -459.27999 -546.60256  19.0%  24.8 4665s
 15059  6314 -525.06948   42   23 -459.27999 -546.60256  19.0%  24.8 5422s
 15060  6315 -522.65486   40   22 -459.27999 -546.60256  19.0%  24.8 5450s
 15061  6316 -524.80691   34   20 -459.27999 -546.60256  19.0%  24.8 5459s
 15062  6316 -527.31188   31   20 -459.27999 -546.60256  19.0%  24.8 5465s
 15064  6318 -546.44885   32   20 -459.27999 -546.60256  19.0%  24.8 5475s
 15065  6318 -525.86226   32   20 -459.27999 -546.60256  19.0%  24.8 5480s
 15066  6319 -538.20180   42   21 -459.27999 -546.60256  19.0%  24.8 5485s
 15067  6320 -520.06577   46   16 -459.27999 -546.60256  19.0%  24.8 5490s
 15068  6320 -539.89276   44   21 -459.27999 -546.60256  19.0%  24.8 5495s
 15069  6321 -542.61469   38   20 -459.27999 -546.60256  19.0%  24.8 5501s
 15070  6322 -521.35768   37   18 -459.27999 -546.60256  19.0%  24.8 5506s
 15071  6322 -543.35864   36   18 -459.27999 -546.60256  19.0%  24.8 5512s
 15072  6323 -524.74482   38   20 -459.27999 -546.60256  19.0%  24.8 5532s
 15073  6324 -527.30222   35   19 -459.27999 -546.60256  19.0%  24.8 5554s
 15074  6324 -536.19721   52   21 -459.27999 -546.60256  19.0%  24.8 5572s
 15075  6325 -529.97309   30   20 -459.27999 -546.60256  19.0%  24.8 5594s
 15076  6326 -530.24293   40   18 -459.27999 -546.60256  19.0%  24.8 5613s
 15077  6326 -524.01069   41   21 -459.27999 -546.60256  19.0%  24.8 5637s
 15078  6327 -539.06820   32   22 -459.27999 -546.60256  19.0%  24.8 5656s
 15079  6328 -532.32724   29   23 -459.27999 -546.60256  19.0%  24.8 5682s
 15080  6328 -532.17231   30   20 -459.27999 -546.60256  19.0%  24.8 5700s
 15081  6329 -535.50704   43   18 -459.27999 -546.60256  19.0%  24.8 5723s
 15082  6330 -545.00803   37   20 -459.27999 -546.60256  19.0%  24.8 5741s
 15083  6330 -544.80237   31   20 -459.27999 -546.60256  19.0%  24.8 5765s
 15084  6331 -524.91126   30   20 -459.27999 -546.60256  19.0%  24.8 5786s
 15085  6332 -523.98931   38   21 -459.27999 -546.60256  19.0%  24.8 5811s
 15086  6332 -520.56184   49   21 -459.27999 -546.60256  19.0%  24.8 5829s
 15087  6333 -546.44885   32   20 -459.27999 -546.60256  19.0%  24.8 5892s
 15088  6334 -527.03253   32   20 -459.27999 -546.60256  19.0%  24.8 5913s
 15090  6338 -546.60256   24   18 -459.27999 -546.60256  19.0%  24.9 6066s
 15092  6339 -546.60256   25   18 -459.27999 -546.60256  19.0%  24.9 6118s
 15094  6339     cutoff   25      -459.27999 -546.60256  19.0%  24.9 6153s
 15096  6340 -546.60256   26   17 -459.27999 -546.60256  19.0%  24.9 6195s
 15098  6339     cutoff   26      -459.27999 -546.60256  19.0%  24.9 6227s
 15100  6341 -546.60256   27   17 -459.27999 -546.60256  19.0%  24.9 6269s
 15102  6341     cutoff   27      -459.27999 -546.60256  19.0%  24.9 6306s
 15105  6340     cutoff   28      -459.27999 -546.60256  19.0%  24.9 6328s
 15109  6341 -546.60256   29   16 -459.27999 -546.60256  19.0%  25.0 6349s
 15111  6342 -546.60256   30   15 -459.27999 -546.60256  19.0%  25.0 6375s
 15113  6343     cutoff   30      -459.27999 -546.60256  19.0%  25.0 6400s
 15117  6343     cutoff   31      -459.27999 -546.60256  19.0%  25.0 6418s
 15120  6344     cutoff   32      -459.27999 -546.60256  19.0%  25.0 6436s
 15124  6345     cutoff   33      -459.27999 -546.60256  19.0%  25.0 6453s
 15128  6346     cutoff   34      -459.27999 -546.60256  19.0%  25.1 6467s
 15135  6348     cutoff   36      -459.27999 -546.60256  19.0%  25.1 6486s
 15143  6350     cutoff   38      -459.27999 -546.60256  19.0%  25.1 6503s
 15152  6351     cutoff   40      -459.27999 -546.60256  19.0%  25.1 6522s
 15158  6354     cutoff   41      -459.27999 -546.60256  19.0%  25.2 6538s
 15165  6358     cutoff   42      -459.27999 -546.60256  19.0%  25.2 6556s
 15175  6358 -546.60256   44    7 -459.27999 -546.60256  19.0%  25.2 6577s
 15183  6357 -546.60256   46    8 -459.27999 -546.60256  19.0%  25.2 6595s
 15189  6357     cutoff   47      -459.27999 -546.60256  19.0%  25.2 6618s
 15199  6355     cutoff   50      -459.27999 -546.60256  19.0%  25.2 6640s
 15207  6357 -546.60256   53    4 -459.27999 -546.60256  19.0%  25.2 6664s
 15223  6359 -546.60256   58    5 -459.27999 -546.60256  19.0%  25.3 6681s
 15237  6360 -546.60256   29    6 -459.27999 -546.60256  19.0%  25.3 6703s
 15251  6370 -546.60256   32    7 -459.27999 -546.60256  19.0%  25.3 6725s
 15264  6386 -546.60256   35    8 -459.27999 -546.60256  19.0%  25.3 6745s
 15284  6410 -546.60256   39    7 -459.27999 -546.60256  19.0%  25.3 6769s
 15316  6415 -546.60256   46    4 -459.27999 -546.60256  19.0%  25.4 6788s
 15349  6448 -546.60256   54    5 -459.27999 -546.60256  19.0%  25.4 6805s
 15401  6440 -546.60256   29    6 -459.27999 -546.60256  19.0%  25.4 6823s
 15421  6466 -546.60256   36    7 -459.27999 -546.60256  19.0%  25.4 6842s
 15467  6454 -532.61494   61    2 -459.27999 -546.60256  19.0%  25.4 6859s
 15483  6454 -504.92310   65    2 -459.27999 -546.60256  19.0%  25.5 6881s
 15503  6507     cutoff   31      -459.27999 -546.60256  19.0%  25.5 6902s
 15577  6484 -522.25347   64    2 -459.27999 -546.60256  19.0%  25.5 6922s
 15599  6491 -546.60256   29    6 -459.27999 -546.60256  19.0%  25.5 6949s
 15617  6495 -529.36060   32    3 -459.27999 -546.60256  19.0%  25.6 6971s
 15635  6501 -508.05486   36    2 -459.27999 -546.60256  19.0%  25.6 7002s
 15686  6516 -524.59008   39    2 -459.27999 -546.60256  19.0%  25.6 7031s
 15756  6521 -511.16219   65    2 -459.27999 -546.60256  19.0%  25.6 7055s
 15781  6520     cutoff   66      -459.27999 -546.60256  19.0%  25.6 7078s
 15802  6571 -544.29659   36    4 -459.27999 -546.60256  19.0%  25.6 7107s
 15868  6563     cutoff   65      -459.27999 -546.60256  19.0%  25.6 7134s
 15881  6559 -546.60256   61    2 -459.27999 -546.60256  19.0%  25.7 7135s
 15903  6581 -509.96281   64    2 -459.27999 -546.60256  19.0%  25.7 7163s
 15957  6612 -493.22859   65    2 -459.27999 -546.60256  19.0%  25.7 7187s
 16010  6597     cutoff   66      -459.27999 -546.60256  19.0%  25.7 7191s

Cutting planes:
  Gomory: 1
  MIR: 67
  Flow cover: 19
  Lazy constraints: 4450

Explored 16016 nodes (414774 simplex iterations) in 7191.36 seconds
Thread count was 4 (of 4 available processors)

Solution count 10: -459.28 -446.52 -441.62 ... -409.18

Time limit reached
Best objective -4.592799881920e+02, best bound -5.466025600146e+02, gap 19.0129%

User-callback calls 331939, time in user-callback 1390.11 sec
