
Gurobi 9.0.3 (win64) logging started Sat Jan  1 15:10:22 2022

Changed value of parameter LogFile to Results/sslp1_40_50_200_var_BendersBnC.log
   Prev:   Default: 
Changed value of parameter Heuristics to 0.0
   Prev: 0.05  Min: 0.0  Max: 1.0  Default: 0.05
Changed value of parameter lazyConstraints to 1
   Prev: 0  Min: 0  Max: 1  Default: 0
Changed value of parameter timeLimit to 7171.046843528748
   Prev: inf  Min: 0.0  Max: inf  Default: inf
Gurobi Optimizer version 9.0.3 build v9.0.3rc0 (win64)
Optimize a model with 3268 rows, 280 columns and 193452 nonzeros
Model fingerprint: 0xfa411f68
Variable types: 240 continuous, 40 integer (40 binary)
Coefficient statistics:
  Matrix range     [1e-13, 5e+05]
  Objective range  [5e-03, 4e+01]
  Bounds range     [1e+00, 1e+00]
  RHS range        [2e-15, 1e+04]
Warning: Model contains large matrix coefficient range
         Consider reformulating model or setting NumericFocus parameter
         to avoid numerical issues.
Presolve added 0 rows and 33 columns
Presolve removed 685 rows and 0 columns
Presolve time: 0.14s
Presolved: 2583 rows, 313 columns, 106132 nonzeros
Variable types: 272 continuous, 41 integer (40 binary)

Root relaxation: objective -5.789728e+02, 680 iterations, 0.23 seconds

    Nodes    |    Current Node    |     Objective Bounds      |     Work
 Expl Unexpl |  Obj  Depth IntInf | Incumbent    BestBd   Gap | It/Node Time

     0     0 -578.97281    0   24          - -578.97281      -     -    0s
     0     0 -577.66787    0   20          - -577.66787      -     -    0s
     0     0 -577.48659    0   20          - -577.48659      -     -    0s
     0     0 -577.44275    0   20          - -577.44275      -     -    0s
     0     0 -577.42781    0   20          - -577.42781      -     -    0s
     0     0 -577.41571    0   20          - -577.41571      -     -    0s
     0     0 -577.09466    0   18          - -577.09466      -     -    0s
     0     0 -576.94403    0   21          - -576.94403      -     -    1s
     0     0 -576.81140    0   20          - -576.81140      -     -    1s
     0     0 -576.75081    0   21          - -576.75081      -     -    1s
     0     0 -576.69622    0   19          - -576.69622      -     -    1s
     0     0 -576.63460    0   21          - -576.63460      -     -    1s
     0     0 -576.60717    0   22          - -576.60717      -     -    1s
     0     0 -576.58426    0   21          - -576.58426      -     -    1s
     0     0 -576.56765    0   22          - -576.56765      -     -    1s
     0     0 -576.55738    0   22          - -576.55738      -     -    1s
     0     0 -576.54494    0   21          - -576.54494      -     -    1s
     0     0 -576.53849    0   22          - -576.53849      -     -    1s
     0     0 -576.52420    0   23          - -576.52420      -     -    1s
     0     0 -576.51373    0   22          - -576.51373      -     -    1s
     0     0 -576.51178    0   23          - -576.51178      -     -    1s
     0     0 -576.50724    0   23          - -576.50724      -     -    1s
     0     0 -576.50577    0   23          - -576.50577      -     -    1s
     0     0 -576.50415    0   22          - -576.50415      -     -    1s
     0     0 -576.50303    0   23          - -576.50303      -     -    1s
     0     0 -576.50069    0   23          - -576.50069      -     -    1s
     0     0 -576.49994    0   22          - -576.49994      -     -    1s
     0     0 -576.49956    0   22          - -576.49956      -     -    1s
     0     0 -576.49827    0   22          - -576.49827      -     -    1s
     0     0 -576.49807    0   22          - -576.49807      -     -    1s
     0     0 -576.33166    0   21          - -576.33166      -     -    1s
     0     0 -576.27519    0   22          - -576.27519      -     -    1s
     0     0 -576.25130    0   21          - -576.25130      -     -    1s
     0     0 -576.24748    0   21          - -576.24748      -     -    1s
     0     0 -576.23668    0   21          - -576.23668      -     -    1s
     0     0 -576.22925    0   22          - -576.22925      -     -    1s
     0     0 -576.22532    0   22          - -576.22532      -     -    1s
     0     0 -576.22276    0   22          - -576.22276      -     -    1s
     0     0 -576.22179    0   20          - -576.22179      -     -    2s
     0     0 -576.21464    0   22          - -576.21464      -     -    2s
     0     0 -576.21313    0   22          - -576.21313      -     -    2s
     0     0 -576.21199    0   22          - -576.21199      -     -    2s
     0     0 -576.21157    0   22          - -576.21157      -     -    2s
     0     0 -576.14723    0   20          - -576.14723      -     -    2s
     0     0 -576.11354    0   20          - -576.11354      -     -    2s
     0     0 -576.09630    0   19          - -576.09630      -     -    2s
     0     0 -576.09020    0   21          - -576.09020      -     -    2s
     0     0 -576.07704    0   19          - -576.07704      -     -    2s
     0     0 -576.06503    0   23          - -576.06503      -     -    2s
     0     0 -576.04688    0   19          - -576.04688      -     -    2s
     0     0 -576.04482    0   20          - -576.04482      -     -    2s
     0     0 -576.03960    0   20          - -576.03960      -     -    2s
     0     0 -576.02976    0   22          - -576.02976      -     -    2s
     0     0 -576.02675    0   22          - -576.02675      -     -    2s
     0     0 -576.02384    0   22          - -576.02384      -     -    2s
     0     0 -576.02077    0   21          - -576.02077      -     -    2s
     0     0 -576.01888    0   21          - -576.01888      -     -    2s
     0     0 -576.01446    0   21          - -576.01446      -     -    2s
     0     0 -576.00986    0   22          - -576.00986      -     -    2s
     0     0 -576.00928    0   22          - -576.00928      -     -    2s
     0     0 -575.96830    0   19          - -575.96830      -     -    2s
     0     0 -575.95626    0   19          - -575.95626      -     -    2s
     0     0 -575.95036    0   18          - -575.95036      -     -    2s
     0     0 -575.94456    0   18          - -575.94456      -     -    2s
     0     0 -575.94259    0   19          - -575.94259      -     -    3s
     0     0 -575.93987    0   19          - -575.93987      -     -    3s
     0     0 -575.93821    0   18          - -575.93821      -     -    3s
     0     0 -575.93745    0   19          - -575.93745      -     -    3s
     0     0 -575.88548    0   21          - -575.88548      -     -    3s
     0     0 -575.87414    0   18          - -575.87414      -     -    3s
     0     0 -575.86593    0   21          - -575.86593      -     -    3s
     0     0 -575.85806    0   22          - -575.85806      -     -    3s
     0     0 -575.85330    0   22          - -575.85330      -     -    3s
     0     0 -575.84945    0   20          - -575.84945      -     -    3s
     0     0 -575.84729    0   22          - -575.84729      -     -    3s
     0     0 -575.84447    0   21          - -575.84447      -     -    3s
     0     0 -575.84283    0   23          - -575.84283      -     -    3s
     0     0 -575.84200    0   23          - -575.84200      -     -    3s
     0     0 -575.83277    0   22          - -575.83277      -     -    3s
     0     0 -575.80794    0   21          - -575.80794      -     -    3s
     0     0 -575.79876    0   21          - -575.79876      -     -    3s
     0     0 -575.79394    0   21          - -575.79394      -     -    3s
     0     0 -575.78637    0   20          - -575.78637      -     -    3s
     0     0 -575.78170    0   21          - -575.78170      -     -    3s
     0     0 -575.77844    0   23          - -575.77844      -     -    3s
     0     0 -575.77657    0   22          - -575.77657      -     -    3s
     0     0 -575.77480    0   21          - -575.77480      -     -    3s
     0     0 -575.77244    0   22          - -575.77244      -     -    3s
     0     0 -575.77083    0   22          - -575.77083      -     -    3s
     0     0 -575.76884    0   20          - -575.76884      -     -    3s
     0     0 -575.76569    0   21          - -575.76569      -     -    3s
     0     0 -575.76495    0   21          - -575.76495      -     -    3s
     0     0 -575.72761    0   19          - -575.72761      -     -    4s
     0     0 -575.70562    0   22          - -575.70562      -     -    4s
     0     0 -575.68366    0   20          - -575.68366      -     -    4s
     0     0 -575.67357    0   21          - -575.67357      -     -    4s
     0     0 -575.66586    0   21          - -575.66586      -     -    4s
     0     0 -575.66171    0   21          - -575.66171      -     -    4s
     0     0 -575.65564    0   22          - -575.65564      -     -    4s
     0     0 -575.65421    0   22          - -575.65421      -     -    4s
     0     0 -575.65300    0   22          - -575.65300      -     -    4s
     0     0 -575.65262    0   22          - -575.65262      -     -    4s
     0     0 -575.62436    0   21          - -575.62436      -     -    4s
     0     0 -575.62023    0   22          - -575.62023      -     -    4s
     0     0 -575.61581    0   22          - -575.61581      -     -    4s
     0     0 -575.61481    0   22          - -575.61481      -     -    4s
     0     0 -575.61334    0   23          - -575.61334      -     -    4s
     0     0 -575.61243    0   22          - -575.61243      -     -    4s
     0     0 -575.61221    0   22          - -575.61221      -     -    4s
     0     0 -575.59899    0   21          - -575.59899      -     -    4s
     0     0 -575.58339    0   21          - -575.58339      -     -    4s
     0     0 -575.57699    0   21          - -575.57699      -     -    4s
     0     0 -575.56772    0   21          - -575.56772      -     -    4s
     0     0 -575.56342    0   20          - -575.56342      -     -    4s
     0     0 -575.56235    0   20          - -575.56235      -     -    4s
     0     0 -575.56082    0   22          - -575.56082      -     -    4s
     0     0 -575.55925    0   21          - -575.55925      -     -    4s
     0     0 -575.55834    0   21          - -575.55834      -     -    4s
     0     0 -575.55775    0   20          - -575.55775      -     -    4s
     0     0 -575.54648    0   21          - -575.54648      -     -    5s
     0     0 -575.53386    0   21          - -575.53386      -     -    5s
     0     0 -575.53073    0   22          - -575.53073      -     -    5s
     0     0 -575.52859    0   23          - -575.52859      -     -    5s
     0     0 -575.52558    0   23          - -575.52558      -     -    5s
     0     0 -575.52447    0   20          - -575.52447      -     -    5s
     0     0 -575.52248    0   22          - -575.52248      -     -    5s
     0     0 -575.52184    0   21          - -575.52184      -     -    5s
     0     0 -575.50025    0   22          - -575.50025      -     -    5s
     0     0 -575.47536    0   23          - -575.47536      -     -    5s
     0     0 -575.46089    0   22          - -575.46089      -     -    5s
     0     0 -575.45097    0   22          - -575.45097      -     -    5s
     0     0 -575.44513    0   24          - -575.44513      -     -    5s
     0     0 -575.43778    0   25          - -575.43778      -     -    5s
     0     0 -575.43305    0   23          - -575.43305      -     -    5s
     0     0 -575.42912    0   23          - -575.42912      -     -    5s
     0     0 -575.42662    0   22          - -575.42662      -     -    5s
     0     0 -575.42227    0   24          - -575.42227      -     -    5s
     0     0 -575.42051    0   25          - -575.42051      -     -    5s
     0     0 -575.42001    0   25          - -575.42001      -     -    5s
     0     0 -575.40167    0   25          - -575.40167      -     -    5s
     0     0 -575.39115    0   22          - -575.39115      -     -    5s
     0     0 -575.38030    0   24          - -575.38030      -     -    5s
     0     0 -575.37413    0   24          - -575.37413      -     -    5s
     0     0 -575.37166    0   22          - -575.37166      -     -    6s
     0     0 -575.36609    0   23          - -575.36609      -     -    6s
     0     0 -575.36039    0   23          - -575.36039      -     -    6s
     0     0 -575.35624    0   23          - -575.35624      -     -    6s
     0     0 -575.35155    0   22          - -575.35155      -     -    6s
     0     0 -575.34513    0   22          - -575.34513      -     -    6s
     0     0 -575.34360    0   22          - -575.34360      -     -    6s
     0     0 -575.34210    0   23          - -575.34210      -     -    6s
     0     0 -575.34026    0   23          - -575.34026      -     -    6s
     0     0 -575.33974    0   23          - -575.33974      -     -    6s
     0     0 -575.32765    0   22          - -575.32765      -     -    6s
     0     0 -575.32292    0   23          - -575.32292      -     -    6s
     0     0 -575.31681    0   23          - -575.31681      -     -    6s
     0     0 -575.31516    0   23          - -575.31516      -     -    6s
     0     0 -575.31258    0   24          - -575.31258      -     -    6s
     0     0 -575.31152    0   22          - -575.31152      -     -    6s
     0     0 -575.30512    0   22          - -575.30512      -     -    6s
     0     0 -575.29976    0   23          - -575.29976      -     -    6s
     0     0 -575.29267    0   22          - -575.29267      -     -    6s
     0     0 -575.29062    0   22          - -575.29062      -     -    6s
     0     0 -575.28876    0   22          - -575.28876      -     -    6s
     0     0 -575.28651    0   25          - -575.28651      -     -    6s
     0     0 -575.28482    0   25          - -575.28482      -     -    6s
     0     0 -575.28359    0   24          - -575.28359      -     -    6s
     0     0 -575.28308    0   23          - -575.28308      -     -    6s
     0     0 -575.26443    0   23          - -575.26443      -     -    7s
     0     0 -575.25669    0   24          - -575.25669      -     -    7s
     0     0 -575.25562    0   25          - -575.25562      -     -    7s
     0     0 -575.25471    0   26          - -575.25471      -     -    7s
     0     0 -575.24939    0   24          - -575.24939      -     -    7s
     0     0 -575.24342    0   23          - -575.24342      -     -    7s
     0     0 -575.24133    0   23          - -575.24133      -     -    7s
     0     0 -575.23839    0   22          - -575.23839      -     -    7s
     0     0 -575.23537    0   22          - -575.23537      -     -    7s
     0     0 -575.23173    0   24          - -575.23173      -     -    7s
     0     0 -575.22970    0   23          - -575.22970      -     -    7s
     0     0 -575.22723    0   23          - -575.22723      -     -    7s
     0     0 -575.22467    0   21          - -575.22467      -     -    7s
     0     0 -575.22429    0   23          - -575.22429      -     -    7s
     0     0 -575.22169    0   22          - -575.22169      -     -    7s
     0     0 -575.21378    0   22          - -575.21378      -     -    7s
     0     0 -575.21067    0   22          - -575.21067      -     -    7s
     0     0 -575.20856    0   22          - -575.20856      -     -    7s
     0     0 -575.20692    0   22          - -575.20692      -     -    7s
     0     0 -575.20562    0   22          - -575.20562      -     -    7s
     0     0 -575.20234    0   24          - -575.20234      -     -    7s
     0     0 -575.20121    0   23          - -575.20121      -     -    7s
     0     0 -575.19879    0   22          - -575.19879      -     -    7s
     0     0 -575.19832    0   22          - -575.19832      -     -    7s
     0     0 -575.16723    0   23          - -575.16723      -     -    8s
     0     0 -575.16618    0   23          - -575.16618      -     -    8s
     0     0 -575.15930    0   22          - -575.15930      -     -    8s
     0     0 -575.15372    0   18          - -575.15372      -     -    8s
     0     0 -575.14540    0   19          - -575.14540      -     -    8s
     0     0 -575.14131    0   20          - -575.14131      -     -    8s
     0     0 -575.13916    0   22          - -575.13916      -     -    8s
     0     0 -575.13419    0   21          - -575.13419      -     -    8s
     0     0 -575.13264    0   19          - -575.13264      -     -    8s
     0     0 -575.13063    0   21          - -575.13063      -     -    8s
     0     0 -575.12928    0   22          - -575.12928      -     -    8s
     0     0 -575.12786    0   22          - -575.12786      -     -    8s
     0     0 -575.12768    0   21          - -575.12768      -     -    8s
     0     0 -575.11333    0   20          - -575.11333      -     -    8s
     0     0 -575.10297    0   21          - -575.10297      -     -    8s
     0     0 -575.09634    0   21          - -575.09634      -     -    8s
     0     0 -575.09100    0   21          - -575.09100      -     -    8s
     0     0 -575.08718    0   20          - -575.08718      -     -    8s
     0     0 -575.08600    0   22          - -575.08600      -     -    8s
     0     0 -575.08419    0   21          - -575.08419      -     -    8s
     0     0 -575.08265    0   22          - -575.08265      -     -    8s
     0     0 -575.08067    0   21          - -575.08067      -     -    8s
     0     0 -575.08002    0   21          - -575.08002      -     -    8s
     0     0 -574.96264    0   20          - -574.96264      -     -    9s
     0     0 -574.93736    0   21          - -574.93736      -     -    9s
     0     0 -574.92312    0   21          - -574.92312      -     -    9s
     0     0 -574.91926    0   21          - -574.91926      -     -    9s
     0     0 -574.91477    0   20          - -574.91477      -     -    9s
     0     0 -574.91207    0   21          - -574.91207      -     -    9s
     0     0 -574.90975    0   21          - -574.90975      -     -    9s
     0     0 -574.90689    0   21          - -574.90689      -     -    9s
     0     0 -574.90613    0   20          - -574.90613      -     -    9s
     0     0 -574.89627    0   20          - -574.89627      -     -    9s
     0     0 -574.89273    0   19          - -574.89273      -     -    9s
     0     0 -574.89063    0   20          - -574.89063      -     -    9s
     0     0 -574.89003    0   20          - -574.89003      -     -    9s
     0     0 -574.87934    0   20          - -574.87934      -     -    9s
     0     0 -574.87630    0   22          - -574.87630      -     -    9s
     0     0 -574.87310    0   22          - -574.87310      -     -    9s
     0     0 -574.87013    0   21          - -574.87013      -     -    9s
     0     0 -574.86717    0   21          - -574.86717      -     -    9s
     0     0 -574.86410    0   21          - -574.86410      -     -    9s
     0     0 -574.86159    0   20          - -574.86159      -     -    9s
     0     0 -574.86054    0   21          - -574.86054      -     -    9s
     0     0 -574.85660    0   18          - -574.85660      -     -   10s
     0     0 -574.85421    0   19          - -574.85421      -     -   10s
     0     0 -574.85274    0   18          - -574.85274      -     -   10s
     0     0 -574.85203    0   19          - -574.85203      -     -   10s
     0     0 -574.84310    0   19          - -574.84310      -     -   10s
     0     0 -574.83745    0   20          - -574.83745      -     -   10s
     0     0 -574.83324    0   18          - -574.83324      -     -   10s
     0     0 -574.83128    0   19          - -574.83128      -     -   10s
     0     0 -574.82643    0   20          - -574.82643      -     -   10s
     0     0 -574.82431    0   19          - -574.82431      -     -   10s
     0     0 -574.82360    0   16          - -574.82360      -     -   10s
     0     0 -574.82217    0   19          - -574.82217      -     -   10s
     0     0 -574.82104    0   19          - -574.82104      -     -   10s
     0     0 -574.80000    0   20          - -574.80000      -     -   10s
     0     0 -574.79854    0   21          - -574.79854      -     -   10s
     0     0 -574.79767    0   19          - -574.79767      -     -   10s
     0     0 -574.79657    0   21          - -574.79657      -     -   10s
     0     0 -574.79296    0   21          - -574.79296      -     -   10s
     0     0 -574.79155    0   21          - -574.79155      -     -   10s
     0     0 -574.79142    0   21          - -574.79142      -     -   10s
     0     0 -574.78937    0   22          - -574.78937      -     -   11s
     0     0 -574.78937    0   22          - -574.78937      -     -   11s
     0     2 -574.78937    0   22          - -574.78937      -     -   11s
*   66    64              40    -336.1943670 -574.75615  71.0%  75.8   15s
*   74    68              40    -392.0649899 -574.75615  46.6%  77.1   19s
    77    70 -562.38576   28    7 -392.06499 -574.75615  46.6%  78.7   21s
   105    87     cutoff   40      -392.06499 -574.75615  46.6%  80.3   26s
   150   127 -570.21466   16    8 -392.06499 -574.59335  46.6%  75.0   31s
   169   135 -569.15500   23    6 -392.06499 -574.59335  46.6%  73.9   36s
   181   137 -509.19043   40    - -392.06499 -574.59335  46.6%  71.7   41s
   205   160     cutoff   40      -392.06499 -574.59335  46.6%  71.8   46s
   219   161     cutoff   40      -392.06499 -574.37584  46.5%  73.7   51s
   252   186 -565.16091   13    7 -392.06499 -574.34999  46.5%  73.3   56s
   271   192 -561.88608   18    8 -392.06499 -574.34999  46.5%  73.5   62s
   281   195 -560.87735   20    8 -392.06499 -574.34999  46.5%  74.8   65s
*  345   248              40    -414.7949898 -574.34999  38.5%  66.8   73s
   351   245 -537.50137   40    - -414.79499 -573.16444  38.2%  67.4   78s
*  364   251              40    -417.6249889 -573.12523  37.2%  68.2   86s
*  366   252              40    -424.7849887 -573.12523  34.9%  68.3   87s
   385   245     cutoff   40      -424.78499 -572.71230  34.8%  69.2   97s
   443   292 -569.06728   20    7 -424.78499 -572.59479  34.8%  65.7  106s
   463   295 -568.56865   27    4 -424.78499 -572.59479  34.8%  66.3  112s
   472   319 -568.39848   31    2 -424.78499 -572.59479  34.8%  66.7  117s
   515   338     cutoff   40      -424.78499 -572.59479  34.8%  63.5  121s
   533   334 -533.34989   40    - -424.78499 -571.89149  34.6%  63.5  128s
   545   334     cutoff   40      -424.78499 -571.84803  34.6%  64.0  136s
   557   339 -568.84447   15   10 -424.78499 -571.67155  34.6%  64.8  141s
   576   354 -567.45696   24    7 -424.78499 -571.67155  34.6%  65.1  146s
   592   374 -565.01823   31    5 -424.78499 -571.67155  34.6%  65.0  152s
   607   374     cutoff   40      -424.78499 -571.62750  34.6%  64.9  156s
   621   373     cutoff   40      -424.78499 -571.52433  34.5%  64.8  166s
   639   379     cutoff   40      -424.78499 -571.49667  34.5%  64.9  176s
   652   407 -565.30751    8    3 -424.78499 -571.49667  34.5%  64.9  183s
   683   422 -565.29713   28    2 -424.78499 -571.49667  34.5%  62.9  189s
   698   425 -492.28493   27    - -424.78499 -571.49667  34.5%  62.2  194s
   712   427     cutoff   40      -424.78499 -571.44696  34.5%  61.5  202s
   736   429     cutoff   40      -424.78499 -571.44696  34.5%  60.6  210s
   756   444 -570.56990    5    8 -424.78499 -571.36246  34.5%  61.1  219s
   768   462 -569.45783    8    5 -424.78499 -571.36246  34.5%  60.7  221s
   789   463 -568.20701   11    6 -424.78499 -571.36246  34.5%  60.2  225s
   798   467 -566.05592   15    6 -424.78499 -571.36246  34.5%  60.4  231s
   812   470 -564.71162   19    7 -424.78499 -571.36246  34.5%  61.1  238s
   821   474 -564.18989   22    7 -424.78499 -571.36246  34.5%  61.6  242s
   829   505 -562.91111   27    3 -424.78499 -571.36246  34.5%  61.8  245s
   875   515 -548.83164   36    2 -424.78499 -571.19557  34.5%  60.8  253s
   890   521 -565.06185    7    2 -424.78499 -571.02083  34.4%  61.0  264s
   897   524     cutoff   40      -424.78499 -571.02083  34.4%  61.2  268s
*  901   525              40    -428.3699887 -571.02083  33.3%  61.3  270s
*  905   527              40    -429.4499890 -571.02083  33.0%  61.4  274s
   907   524 -546.48771    9    2 -429.44999 -571.02083  33.0%  61.6  276s
*  913   525              40    -438.4499880 -571.02083  30.2%  62.0  280s
   928   553 -526.16983   14    2 -438.44999 -571.02083  30.2%  62.0  290s
   958   567 -526.16954   16    2 -438.44999 -571.02083  30.2%  60.8  298s
   979   598 -523.05860   19    - -438.44999 -571.02083  30.2%  60.4  308s
  1017   606 -523.04378   19    2 -438.44999 -571.02083  30.2%  59.1  315s
  1043   613 -493.15374   23    2 -438.44999 -571.02083  30.2%  58.5  325s
  1056   618 -439.01499   40    - -438.44999 -571.02083  30.2%  58.2  330s
  1064   620 -491.93538   24    2 -438.44999 -571.02083  30.2%  58.4  337s
  1078   626     cutoff   40      -438.44999 -571.02083  30.2%  58.0  345s
  1098   651 -557.12665   12    2 -438.44999 -571.02083  30.2%  57.6  351s
  1120   653 -458.58374   29    2 -438.44999 -571.02083  30.2%  56.9  355s
  1136   661 -524.48369   32    2 -438.44999 -571.02083  30.2%  56.4  366s
  1153   666 -455.87456   33    2 -438.44999 -570.94888  30.2%  56.0  377s
  1175   671     cutoff   40      -438.44999 -570.91348  30.2%  55.9  385s
  1223   715 -561.56569   27    3 -438.44999 -570.91348  30.2%  55.4  392s
  1240   718 -449.50499   40    - -438.44999 -570.91348  30.2%  55.1  396s
  1247   716     cutoff   40      -438.44999 -570.79031  30.2%  55.5  402s
  1264   717     cutoff   40      -438.44999 -570.67736  30.2%  55.8  412s
  1279   723     cutoff   40      -438.44999 -570.58605  30.1%  56.2  419s
  1289   742 -561.90683   22    2 -438.44999 -570.51469  30.1%  56.3  422s
  1317   746     cutoff   40      -438.44999 -570.50777  30.1%  55.8  430s
  1333   756     cutoff   40      -438.44999 -570.44304  30.1%  55.9  439s
  1350   763 -566.29838    6    3 -438.44999 -570.44304  30.1%  56.0  447s
  1364   768 -549.61927    7    2 -438.44999 -570.44304  30.1%  56.3  457s
  1379   791 -548.91020   10    2 -438.44999 -570.44304  30.1%  56.6  463s
  1387   794 -563.48530   15    2 -438.44999 -570.44304  30.1%  56.5  467s
  1416   800 -548.90864   14    2 -438.44999 -570.44304  30.1%  56.1  476s
  1427   804 -444.50527   39    2 -438.44999 -570.44304  30.1%  55.9  482s
  1439   807 -505.89759   16    2 -438.44999 -570.44304  30.1%  55.9  489s
  1462   813 -500.89768   22    2 -438.44999 -570.44304  30.1%  56.0  502s
  1475   820     cutoff   40      -438.44999 -570.44304  30.1%  55.8  510s
  1478   839 -498.04560   28    2 -438.44999 -570.44304  30.1%  56.0  516s
  1492   846 -564.53067   18    2 -438.44999 -570.44304  30.1%  55.8  524s
  1520   850 -465.58809   29    2 -438.44999 -570.44304  30.1%  55.7  533s
  1537   856     cutoff   40      -438.44999 -570.44304  30.1%  55.5  539s
  1545   857 -494.45854   35    2 -438.44999 -570.20213  30.0%  55.6  545s
  1557   861     cutoff   40      -438.44999 -570.16767  30.0%  55.5  550s
  1563   875     cutoff   40      -438.44999 -570.11593  30.0%  55.7  557s
  1604   897     cutoff   40      -438.44999 -570.08141  30.0%  55.5  569s
  1625   899 -536.01418   38    2 -438.44999 -570.07553  30.0%  55.1  571s
  1638   909 -563.80201   25    5 -438.44999 -570.01097  30.0%  55.1  581s
  1661   915     cutoff   40      -438.44999 -570.00245  30.0%  54.9  588s
  1669   935     cutoff   40      -438.44999 -569.98678  30.0%  55.1  594s
  1702   955     cutoff   40      -438.44999 -569.82500  30.0%  54.8  602s
  1743   963 -566.64270   33   22 -438.44999 -569.72797  29.9%  54.6  641s
  1745   964 -464.74444   23   24 -438.44999 -569.72797  29.9%  54.6  761s
  1746   965 -543.09484   22   20 -438.44999 -569.72797  29.9%  54.5  773s
  1747   966 -569.15206   20   19 -438.44999 -569.72797  29.9%  54.5  778s
  1748   966 -567.77214   23   19 -438.44999 -569.72797  29.9%  54.5  781s
  1750   968 -529.40336   37   20 -438.44999 -569.72797  29.9%  54.4  786s
  1752   969 -553.61145   34   19 -438.44999 -569.72797  29.9%  54.4  790s
  1755   971 -559.42052   17   20 -438.44999 -569.72797  29.9%  54.3  796s
  1757   972 -564.18005   14   23 -438.44999 -569.72797  29.9%  54.2  805s
  1758   973 -544.45499   33   22 -438.44999 -569.72797  29.9%  54.2  816s
  1761   975 -564.43344   15   22 -438.44999 -569.72797  29.9%  54.1  827s
  1762   976 -563.33007   21   21 -438.44999 -569.72797  29.9%  54.0  837s
  1764   977 -553.57979   29   21 -438.44999 -569.72797  29.9%  54.0  846s
  1765   978 -546.93335   35   22 -438.44999 -569.72797  29.9%  54.0  856s
  1766   978 -548.90862   15   21 -438.44999 -569.72797  29.9%  53.9  865s
  1767   979 -563.67385    9   22 -438.44999 -569.72797  29.9%  53.9  875s
  1768   980 -505.67636   15   22 -438.44999 -569.72797  29.9%  53.9  884s
  1769   980 -567.76828   10   21 -438.44999 -569.72797  29.9%  53.8  893s
  1770   981 -555.33539   21   21 -438.44999 -569.72797  29.9%  53.8  900s
  1771   982 -567.77436   11   21 -438.44999 -569.72797  29.9%  53.8  910s
  1772   982 -565.46897   21   23 -438.44999 -569.72797  29.9%  53.7  918s
  1773   983 -567.86838   34   21 -438.44999 -569.72797  29.9%  53.7  927s
  1774   984 -562.07079   12   24 -438.44999 -569.72797  29.9%  53.7  936s
  1775   984 -563.13298   14   21 -438.44999 -569.72797  29.9%  53.7  961s
  1776   985 -563.36776   10   21 -438.44999 -569.72797  29.9%  53.6  970s
  1778   989 -569.72797   15   22 -438.44999 -569.72797  29.9%  55.9 1006s
  1780   991 -569.72797   16   21 -438.44999 -569.72797  29.9%  56.0 1027s
  1782   990 -569.66197   16    7 -438.44999 -569.72797  29.9%  56.2 1036s
  1784   991 -569.72797   17   19 -438.44999 -569.72797  29.9%  56.3 1060s
  1786   992 -569.72797   17    8 -438.44999 -569.72797  29.9%  56.5 1069s
  1788   993 -569.72797   18   20 -438.44999 -569.72797  29.9%  56.6 1089s
  1790   995 -569.72797   18    9 -438.44999 -569.72797  29.9%  56.8 1099s
  1793   997 -569.72797   19   16 -438.44999 -569.72797  29.9%  56.9 1107s
  1796   999 -569.72797   19   10 -438.44999 -569.72797  29.9%  57.1 1118s
  1799  1002 -569.72797   20   16 -438.44999 -569.72797  29.9%  57.4 1130s
  1803  1005 -569.72797   20   16 -438.44999 -569.72797  29.9%  57.6 1139s
  1807  1007 -569.72797   21   17 -438.44999 -569.72797  29.9%  57.6 1144s
  1812  1008     cutoff   21      -438.44999 -569.72797  29.9%  57.8 1151s
  1818  1010 -569.72797   22   16 -438.44999 -569.72797  29.9%  58.0 1155s
  1824  1010     cutoff   23      -438.44999 -569.72797  29.9%  58.2 1163s
  1829  1015 -569.72797   24   14 -438.44999 -569.72797  29.9%  58.2 1170s
  1846  1018 -569.72797   26   12 -438.44999 -569.72797  29.9%  58.7 1182s
  1854  1021     cutoff   27      -438.44999 -569.72797  29.9%  59.0 1192s
  1860  1021     cutoff   28      -438.44999 -569.72797  29.9%  59.3 1199s
  1862  1020 -553.01644   43    - -438.44999 -569.72797  29.9%  59.3 1200s
  1866  1024     cutoff   29      -438.44999 -569.72797  29.9%  59.4 1207s
  1872  1026     cutoff   30      -438.44999 -569.72797  29.9%  59.5 1212s
  1880  1029     cutoff   32      -438.44999 -569.72797  29.9%  59.8 1216s
  1894  1025     cutoff   34      -438.44999 -569.72797  29.9%  60.3 1224s
  1898  1023 -515.47648   54    - -438.44999 -569.72797  29.9%  60.4 1225s
  1905  1025     cutoff   36      -438.44999 -569.72797  29.9%  60.8 1233s
  1919  1031     cutoff   39      -438.44999 -569.72797  29.9%  61.3 1239s
  1935  1031     cutoff   42      -438.44999 -569.72797  29.9%  61.6 1245s
  1954  1030 -552.71072   47    3 -438.44999 -569.72797  29.9%  62.1 1251s
  1978  1038     cutoff   55      -438.44999 -569.72797  29.9%  62.9 1261s
  2004  1035     cutoff   21      -438.44999 -569.72797  29.9%  63.3 1271s
  2024  1054 -568.77194   26    7 -438.44999 -569.72797  29.9%  63.5 1282s
  2048  1071 -562.17499   39    6 -438.44999 -569.72797  29.9%  63.8 1290s
  2078  1067 -560.62697   43    4 -438.44999 -569.72797  29.9%  63.9 1297s
  2110  1069 -495.12274   50    2 -438.44999 -569.72797  29.9%  64.3 1313s
  2144  1069 -484.29845   56    2 -438.44999 -569.72797  29.9%  64.5 1334s
  2154  1068     cutoff   56      -438.44999 -569.72797  29.9%  64.6 1336s
  2160  1071     cutoff   57      -438.44999 -569.66304  29.9%  64.9 1345s
  2175  1073     cutoff   57      -438.44999 -569.58722  29.9%  65.3 1355s
  2188  1077 -549.92249   22    2 -438.44999 -569.44663  29.9%  65.8 1368s
  2207  1089 -551.90074   26    8 -438.44999 -569.44508  29.9%  66.3 1386s
  2236  1088 -543.38411   32    4 -438.44999 -569.44485  29.9%  66.2 1396s
  2254  1102 -547.72485   44    2 -438.44999 -569.43921  29.9%  66.1 1413s
  2282  1100 -542.27458   37    2 -438.44999 -569.38383  29.9%  66.0 1424s
  2295  1118     cutoff   56      -438.44999 -569.37639  29.9%  66.2 1437s
  2309  1114 -449.43499   40    - -438.44999 -569.31837  29.8%  66.4 1440s
  2338  1146 -564.83757   32    7 -438.44999 -569.31837  29.8%  66.0 1454s
  2372  1139 -555.51030   52    - -438.44999 -569.31113  29.8%  65.8 1463s
  2391  1138 -562.84176   40    6 -438.44999 -569.20579  29.8%  66.0 1468s
  2409  1144 -531.60284   54    2 -438.44999 -569.18630  29.8%  66.1 1487s
  2429  1144 -562.28224   48    4 -438.44999 -569.17731  29.8%  66.3 1497s
  2455  1145 -522.15468   55    2 -438.44999 -569.17326  29.8%  66.6 1509s
  2473  1143     cutoff   55      -438.44999 -569.15522  29.8%  66.8 1513s
  2481  1148     cutoff   56      -438.44999 -569.15126  29.8%  67.0 1523s
  2501  1145 -547.23227   29    - -438.44999 -569.14215  29.8%  66.9 1530s
  2517  1160     cutoff   57      -438.44999 -569.12424  29.8%  67.1 1551s
  2543  1164 -563.76962   32    2 -438.44999 -568.77038  29.7%  67.2 1567s
  2583  1169 -545.37066   34    2 -438.44999 -568.49607  29.7%  67.6 1594s
  2622  1181 -540.89541   39    2 -438.44999 -568.18600  29.6%  67.9 1625s
  2665  1200 -565.65639   25    2 -438.44999 -567.93243  29.5%  68.0 1653s
  2682  1198 -542.64249   46    2 -438.44999 -567.93243  29.5%  68.0 1658s
  2725  1210 -563.01178   33    2 -438.44999 -567.77948  29.5%  67.9 1690s
  2750  1208     cutoff   56      -438.44999 -567.43932  29.4%  68.0 1700s
  2779  1208 -555.99122   47    2 -438.44999 -567.40900  29.4%  68.2 1724s
  2822  1207     cutoff   55      -438.44999 -567.36997  29.4%  68.5 1758s
  2834  1205 -549.46749   31    2 -438.44999 -567.22490  29.4%  68.8 1760s
  2867  1235 -518.54583   55    2 -438.44999 -567.16091  29.4%  68.6 1796s
  2910  1247     cutoff   56      -438.44999 -567.04434  29.3%  68.6 1819s
  2953  1266 -545.48482   42    2 -438.44999 -566.94303  29.3%  68.7 1849s
  2993  1261 -545.83988   34    3 -438.44999 -566.92660  29.3%  68.4 1861s
  3007  1281     cutoff   56      -438.44999 -566.89228  29.3%  68.6 1883s
  3028  1277 -544.68722   39    4 -438.44999 -566.85782  29.3%  68.7 1887s
  3059  1278     cutoff   57      -438.44999 -566.70955  29.3%  68.8 1911s
  3079  1276     cutoff   56      -438.44999 -566.62511  29.2%  69.0 1917s
  3110  1310 -544.44977   39    3 -438.44999 -566.62123  29.2%  69.0 1951s
  3141  1307 -548.90359   37    2 -438.44999 -566.53175  29.2%  68.9 1959s
  3182  1318     cutoff   56      -438.44999 -566.38102  29.2%  68.8 1988s
  3238  1324     cutoff   56      -438.44999 -566.16399  29.1%  68.9 2021s
  3283  1327     cutoff   57      -438.44999 -565.86674  29.1%  69.1 2063s
  3322  1334     cutoff   57      -438.44999 -565.72759  29.0%  69.0 2095s
  3349  1344 -547.37544   41    2 -438.44999 -565.70807  29.0%  69.1 2131s
  3424  1354 -493.38648   47    2 -438.44999 -565.65132  29.0%  69.1 2182s
  3472  1404 -491.23465   49    2 -438.44999 -565.47419  29.0%  69.3 2223s
  3505  1397 -545.30304   43    2 -438.44999 -565.42659  29.0%  69.1 2229s
  3558  1407 -550.78907   45    4 -438.44999 -565.38858  29.0%  69.0 2269s
  3602  1406     cutoff   56      -438.44999 -565.33700  28.9%  68.9 2285s
  3626  1433     cutoff   54      -438.44999 -565.30589  28.9%  69.0 2315s
  3691  1467 -514.84079   54    2 -438.44999 -565.25467  28.9%  69.2 2355s
  3792  1465 -500.76158   55    2 -438.44999 -565.03864  28.9%  68.7 2410s
  3833  1470     cutoff   56      -438.44999 -564.92688  28.8%  68.7 2430s
  3867  1489 -532.98656   49    - -438.44999 -564.91181  28.8%  68.8 2475s
  3960  1505     cutoff   56      -438.44999 -564.78854  28.8%  68.7 2534s
  4002  1496 -529.08941   55    2 -438.44999 -564.68853  28.8%  68.6 2539s
  4044  1527     cutoff   57      -438.44999 -564.65789  28.8%  68.7 2590s
  4103  1521     cutoff   56      -438.44999 -564.52729  28.8%  68.5 2607s
  4131  1516     cutoff   56      -438.44999 -564.50079  28.7%  68.6 2650s
  4178  1518     cutoff   57      -438.44999 -564.48809  28.7%  68.8 2672s
  4197  1542 -498.79045   56    2 -438.44999 -564.48015  28.7%  68.9 2723s
  4278  1565     cutoff   57      -438.44999 -564.28445  28.7%  68.9 2784s
  4378  1560     cutoff   40      -438.44999 -564.06423  28.6%  68.8 2852s
  4426  1558 -539.98006   47    2 -438.44999 -563.84468  28.6%  69.0 2871s
  4495  1579 -556.50712   45    2 -438.44999 -563.82459  28.6%  68.9 2936s
  4511  1577     cutoff   29      -438.44999 -563.74226  28.6%  69.1 2942s
  4567  1589 -535.26352   46    4 -438.44999 -563.70488  28.6%  69.1 2995s
  4661  1593     cutoff   54      -438.44999 -563.52964  28.5%  69.2 3068s
  4694  1595 -483.82204   55    2 -438.44999 -563.41458  28.5%  69.3 3085s
  4751  1608     cutoff   56      -438.44999 -563.36937  28.5%  69.2 3156s
  4840  1669     cutoff   29      -438.44999 -563.14793  28.4%  69.6 3240s
  4962  1732     cutoff   56      -438.44999 -562.81825  28.4%  69.4 3338s
  5033  1750 -458.78999   55    - -438.44999 -562.56833  28.3%  69.3 3364s
  5090  1790 -526.22875   54    2 -438.44999 -562.55537  28.3%  69.2 3429s
  5132  1803     cutoff   56      -438.44999 -562.36991  28.3%  69.3 3446s
  5188  1814 -502.71172   55    2 -438.44999 -562.33078  28.3%  69.3 3516s
  5278  1858     cutoff   57      -438.44999 -562.00881  28.2%  69.6 3612s
  5323  1874 -533.67389   55    2 -438.44999 -561.99254  28.2%  69.6 3634s
  5360  1910 -538.83446   44    3 -438.44999 -561.92094  28.2%  69.6 3700s
  5431  1936     cutoff   56      -438.44999 -561.86976  28.1%  69.6 3734s
  5477  1975     cutoff   56      -438.44999 -561.79444  28.1%  69.6 3807s
  5583  2011     cutoff   57      -438.44999 -561.44290  28.1%  69.8 3895s
  5697  2076 -507.87981   42    2 -438.44999 -561.11015  28.0%  69.9 4003s
  5755  2096 -531.77011   44    2 -438.44999 -561.08537  28.0%  69.7 4028s
  5819  2114     cutoff   57      -438.44999 -561.08386  28.0%  69.6 4114s
  5953  2163 -470.42511   56    2 -438.44999 -560.97835  27.9%  69.6 4250s
  6078  2229 -462.26489   57    2 -438.44999 -560.57601  27.9%  69.9 4368s
  6187  2273 -531.81570   45    2 -438.44999 -560.46130  27.8%  69.8 4478s
  6336  2338     cutoff   56      -438.44999 -559.91926  27.7%  69.9 4621s
  6447  2390     cutoff   56      -438.44999 -559.76783  27.7%  69.9 4736s
  6504  2414 -492.11223   56    2 -438.44999 -559.41351  27.6%  69.9 4764s
  6562  2479 -518.75496   47    3 -438.44999 -559.35940  27.6%  69.8 4867s
  6632  2499     cutoff   57      -438.44999 -559.34441  27.6%  69.8 4892s
  6700  2536     cutoff   57      -438.44999 -559.20726  27.5%  69.5 5004s
  6771  2556 -483.49960   56    2 -438.44999 -559.08148  27.5%  69.5 5030s
  6827  2594 -540.52075   31    3 -438.44999 -559.03444  27.5%  69.5 5141s
  6899  2617 -549.06106   41    2 -438.44999 -558.73005  27.4%  69.5 5172s
  6978  2674     cutoff   56      -438.44999 -558.68382  27.4%  69.5 5296s
  7115  2733 -518.53970   54    2 -438.44999 -558.09794  27.3%  69.5 5428s
  7166  2749     cutoff   56      -438.44999 -557.98811  27.3%  69.5 5448s
  7262  2810     cutoff   56      -438.44999 -557.89021  27.2%  69.5 5595s
  7331  2828 -534.25751   47    2 -438.44999 -557.61919  27.2%  69.5 5617s
  7417  2875 -547.56130   37    2 -438.44999 -557.60711  27.2%  69.3 5756s
  7557  2950 -521.00749   55    2 -438.44999 -557.03025  27.0%  69.2 5919s
  7727  3015     cutoff   56      -438.44999 -556.45786  26.9%  69.0 6068s
  7799  3034 -483.83237   56    2 -438.44999 -556.22935  26.9%  69.1 6094s
  7857  3066 -449.87504   55    2 -438.44999 -556.22405  26.9%  69.2 6205s
  7916  3082     cutoff   47      -438.44999 -556.18120  26.9%  69.3 6226s
  8006  3114 -534.22762   50    2 -438.44999 -555.72113  26.7%  69.2 6335s
  8139  3186     cutoff   56      -438.44999 -555.50013  26.7%  69.3 6482s
  8214  3202 -493.55153   56    2 -438.44999 -555.46902  26.7%  69.2 6503s
  8305  3219     cutoff   56      -438.44999 -555.09957  26.6%  69.2 6618s
  8450  3276 -515.18108   55    2 -438.44999 -554.29615  26.4%  69.2 6777s
  8504  3294     cutoff   56      -438.44999 -553.97319  26.3%  69.2 6798s
  8592  3349     cutoff   56      -438.44999 -553.95116  26.3%  69.2 6933s
  8714  3400 -551.21692   27    2 -438.44999 -553.77343  26.3%  69.1 7095s
  8842  3446     cutoff   56      -438.44999 -553.48994  26.2%  69.1 7171s

Cutting planes:
  MIR: 543
  Flow cover: 123
  Lazy constraints: 371333

Explored 8878 nodes (622505 simplex iterations) in 7185.95 seconds
Thread count was 4 (of 4 available processors)

Solution count 8: -438.45 -429.45 -428.37 ... -336.194

Time limit reached
Best objective -4.384499879982e+02, best bound -5.534852303786e+02, gap 26.2368%

User-callback calls 208663, time in user-callback 2949.11 sec
