
Gurobi 8.1.1 (win64) logging started 07/08/20 07:09:36

Changed value of parameter LogFile to Results/sslp3_50_40_200_BendersBnC.log
   Prev: gurobi.log  Default: 
Changed value of parameter Heuristics to 0.0
   Prev: 0.05  Min: 0.0  Max: 1.0  Default: 0.05
Changed value of parameter lazyConstraints to 1
   Prev: 0  Min: 0  Max: 1  Default: 0
Changed value of parameter timeLimit to 7161.9835839271545
   Prev: 1e+100  Min: 0.0  Max: 1e+100  Default: 1e+100
Optimize a model with 3176 rows, 250 columns and 101148 nonzeros
Variable types: 200 continuous, 50 integer (50 binary)
Coefficient statistics:
  Matrix range     [2e-13, 8e+05]
  Objective range  [5e-03, 8e+01]
  Bounds range     [1e+00, 1e+00]
  RHS range        [6e-14, 5e+03]
Warning: Model contains large matrix coefficient range
         Consider reformulating model or setting NumericFocus parameter
         to avoid numerical issues.
Presolve removed 286 rows and 0 columns
Presolve time: 0.13s
Presolved: 2890 rows, 250 columns, 96720 nonzeros
Variable types: 200 continuous, 50 integer (50 binary)

Root relaxation: objective -4.404825e+02, 466 iterations, 0.12 seconds

    Nodes    |    Current Node    |     Objective Bounds      |     Work
 Expl Unexpl |  Obj  Depth IntInf | Incumbent    BestBd   Gap | It/Node Time

     0     0 -440.48252    0   13          - -440.48252      -     -    0s
     0     0 -440.32740    0   13          - -440.32740      -     -    0s
     0     0 -440.21530    0   13          - -440.21530      -     -    0s
     0     0 -440.11073    0   12          - -440.11073      -     -    0s
     0     0 -440.04134    0   13          - -440.04134      -     -    0s
     0     0 -439.96303    0   13          - -439.96303      -     -    0s
     0     0 -439.88392    0   13          - -439.88392      -     -    0s
     0     0 -439.82782    0   13          - -439.82782      -     -    0s
     0     0 -439.78678    0   13          - -439.78678      -     -    0s
     0     0 -439.73711    0   12          - -439.73711      -     -    1s
     0     0 -439.67666    0   12          - -439.67666      -     -    1s
     0     0 -439.63836    0   12          - -439.63836      -     -    1s
     0     0 -439.60104    0   14          - -439.60104      -     -    1s
     0     0 -439.56159    0   13          - -439.56159      -     -    1s
     0     0 -439.52955    0   13          - -439.52955      -     -    1s
     0     0 -439.48815    0   13          - -439.48815      -     -    1s
     0     0 -439.45714    0   13          - -439.45714      -     -    1s
     0     0 -439.41960    0   13          - -439.41960      -     -    1s
     0     0 -439.37664    0   13          - -439.37664      -     -    1s
     0     0 -439.33263    0   14          - -439.33263      -     -    1s
     0     0 -439.28682    0   14          - -439.28682      -     -    1s
     0     0 -439.23402    0   13          - -439.23402      -     -    1s
     0     0 -439.20688    0   13          - -439.20688      -     -    1s
     0     0 -439.15569    0   12          - -439.15569      -     -    1s
     0     0 -439.12450    0   12          - -439.12450      -     -    1s
     0     0 -439.07394    0   12          - -439.07394      -     -    1s
     0     0 -439.01707    0   12          - -439.01707      -     -    1s
     0     0 -438.98615    0   12          - -438.98615      -     -    2s
     0     0 -438.92959    0   13          - -438.92959      -     -    2s
     0     0 -438.91078    0   13          - -438.91078      -     -    2s
     0     0 -438.88614    0   13          - -438.88614      -     -    2s
     0     0 -438.85960    0   13          - -438.85960      -     -    2s
     0     0 -438.81546    0   13          - -438.81546      -     -    2s
     0     0 -438.79319    0   13          - -438.79319      -     -    2s
     0     0 -438.76655    0   13          - -438.76655      -     -    2s
     0     0 -438.74654    0   13          - -438.74654      -     -    2s
     0     0 -438.72347    0   13          - -438.72347      -     -    2s
     0     0 -438.69890    0   13          - -438.69890      -     -    2s
     0     0 -438.67771    0   14          - -438.67771      -     -    2s
     0     0 -438.65504    0   13          - -438.65504      -     -    2s
     0     0 -438.62794    0   13          - -438.62794      -     -    2s
     0     0 -438.59351    0   13          - -438.59351      -     -    2s
     0     0 -438.56788    0   13          - -438.56788      -     -    2s
     0     0 -438.53143    0   13          - -438.53143      -     -    2s
     0     0 -438.50505    0   13          - -438.50505      -     -    2s
     0     0 -438.48709    0   13          - -438.48709      -     -    2s
     0     0 -438.47057    0   13          - -438.47057      -     -    2s
     0     0 -438.43263    0   11          - -438.43263      -     -    2s
     0     0 -438.41597    0   11          - -438.41597      -     -    2s
     0     0 -438.36229    0   12          - -438.36229      -     -    2s
     0     0 -438.33981    0   12          - -438.33981      -     -    2s
     0     0 -438.31895    0   13          - -438.31895      -     -    2s
     0     0 -438.29861    0   13          - -438.29861      -     -    2s
     0     0 -438.28108    0   12          - -438.28108      -     -    3s
     0     0 -438.26759    0   12          - -438.26759      -     -    3s
     0     0 -438.24178    0   13          - -438.24178      -     -    3s
     0     0 -438.21726    0   12          - -438.21726      -     -    3s
     0     0 -438.19430    0   12          - -438.19430      -     -    3s
     0     0 -438.17923    0   11          - -438.17923      -     -    3s
     0     0 -438.15821    0   12          - -438.15821      -     -    3s
     0     0 -438.12508    0   13          - -438.12508      -     -    3s
     0     0 -438.10909    0   13          - -438.10909      -     -    3s
     0     0 -438.09000    0   13          - -438.09000      -     -    3s
     0     0 -438.06269    0   13          - -438.06269      -     -    3s
     0     0 -438.04220    0   13          - -438.04220      -     -    3s
     0     0 -438.01121    0   12          - -438.01121      -     -    3s
     0     0 -437.99211    0   12          - -437.99211      -     -    3s
     0     0 -437.97412    0   12          - -437.97412      -     -    3s
     0     0 -437.95114    0   13          - -437.95114      -     -    3s
     0     0 -437.90912    0   14          - -437.90912      -     -    3s
     0     0 -437.88913    0   13          - -437.88913      -     -    3s
     0     0 -437.88545    0   13          - -437.88545      -     -    3s
     0     0 -437.85751    0   12          - -437.85751      -     -    3s
     0     0 -437.82622    0   12          - -437.82622      -     -    3s
     0     0 -437.81342    0   12          - -437.81342      -     -    3s
     0     0 -437.78858    0   12          - -437.78858      -     -    3s
     0     0 -437.76296    0   12          - -437.76296      -     -    4s
     0     0 -437.73516    0   12          - -437.73516      -     -    4s
     0     0 -437.71678    0   11          - -437.71678      -     -    4s
     0     0 -437.70198    0   12          - -437.70198      -     -    4s
     0     0 -437.68658    0   12          - -437.68658      -     -    4s
     0     0 -437.67425    0   12          - -437.67425      -     -    4s
     0     0 -437.65353    0   11          - -437.65353      -     -    4s
     0     0 -437.64170    0   12          - -437.64170      -     -    4s
     0     0 -437.62570    0   11          - -437.62570      -     -    4s
     0     0 -437.61386    0   11          - -437.61386      -     -    4s
     0     0 -437.59387    0   12          - -437.59387      -     -    4s
     0     0 -437.55772    0   13          - -437.55772      -     -    4s
     0     0 -437.53588    0   13          - -437.53588      -     -    4s
     0     0 -437.51773    0   13          - -437.51773      -     -    4s
     0     0 -437.50695    0   13          - -437.50695      -     -    4s
     0     0 -437.49302    0   13          - -437.49302      -     -    4s
     0     0 -437.45009    0   13          - -437.45009      -     -    4s
     0     0 -437.43123    0   11          - -437.43123      -     -    4s
     0     0 -437.42235    0   13          - -437.42235      -     -    4s
     0     0 -437.39437    0   12          - -437.39437      -     -    4s
     0     0 -437.36929    0   12          - -437.36929      -     -    4s
     0     0 -437.35232    0   12          - -437.35232      -     -    4s
     0     0 -437.32904    0   12          - -437.32904      -     -    4s
     0     0 -437.30950    0   12          - -437.30950      -     -    4s
     0     0 -437.28249    0   11          - -437.28249      -     -    5s
     0     0 -437.26267    0   11          - -437.26267      -     -    5s
     0     0 -437.24274    0   11          - -437.24274      -     -    5s
     0     0 -437.23069    0   12          - -437.23069      -     -    5s
     0     0 -437.21012    0   13          - -437.21012      -     -    5s
     0     0 -437.19671    0   12          - -437.19671      -     -    5s
     0     0 -437.17499    0   12          - -437.17499      -     -    5s
     0     0 -437.15760    0   12          - -437.15760      -     -    5s
     0     0 -437.12177    0   12          - -437.12177      -     -    5s
     0     0 -437.10745    0   12          - -437.10745      -     -    5s
     0     0 -437.08290    0   11          - -437.08290      -     -    5s
     0     0 -437.07472    0   12          - -437.07472      -     -    5s
     0     0 -437.04375    0   12          - -437.04375      -     -    5s
     0     0 -437.03587    0   12          - -437.03587      -     -    5s
     0     0 -437.02726    0   10          - -437.02726      -     -    5s
     0     0 -437.01452    0   11          - -437.01452      -     -    5s
     0     0 -436.99951    0   12          - -436.99951      -     -    5s
     0     0 -436.98547    0   10          - -436.98547      -     -    5s
     0     0 -436.97675    0   12          - -436.97675      -     -    5s
     0     0 -436.96600    0   12          - -436.96600      -     -    5s
     0     0 -436.96148    0   10          - -436.96148      -     -    5s
     0     0 -436.95696    0   12          - -436.95696      -     -    5s
     0     0 -436.94730    0   12          - -436.94730      -     -    5s
     0     0 -436.92999    0   11          - -436.92999      -     -    5s
     0     0 -436.91060    0   11          - -436.91060      -     -    5s
     0     0 -436.90526    0   12          - -436.90526      -     -    5s
     0     0 -436.88449    0   12          - -436.88449      -     -    6s
     0     0 -436.87719    0   12          - -436.87719      -     -    6s
     0     0 -436.86391    0   12          - -436.86391      -     -    6s
     0     0 -436.85172    0   11          - -436.85172      -     -    6s
     0     0 -436.84098    0    9          - -436.84098      -     -    6s
     0     0 -436.82964    0    9          - -436.82964      -     -    6s
     0     0 -436.81515    0   11          - -436.81515      -     -    6s
     0     0 -436.81206    0   12          - -436.81206      -     -    6s
     0     0 -436.79489    0    9          - -436.79489      -     -    6s
     0     0 -436.77688    0    9          - -436.77688      -     -    6s
     0     0 -436.76165    0   10          - -436.76165      -     -    6s
     0     0 -436.75272    0   11          - -436.75272      -     -    6s
     0     0 -436.74668    0    7          - -436.74668      -     -    6s
     0     0 -436.72966    0    8          - -436.72966      -     -    6s
     0     0 -436.72015    0    8          - -436.72015      -     -    6s
     0     0 -436.71577    0   12          - -436.71577      -     -    6s
     0     0 -436.70327    0   11          - -436.70327      -     -    6s
     0     0 -436.68821    0   11          - -436.68821      -     -    6s
     0     0 -436.68364    0   10          - -436.68364      -     -    6s
     0     0 -436.67947    0   11          - -436.67947      -     -    6s
     0     0 -436.67296    0   11          - -436.67296      -     -    6s
     0     0 -436.67156    0   12          - -436.67156      -     -    6s
     0     0 -436.66257    0    8          - -436.66257      -     -    6s
     0     0 -436.64896    0   10          - -436.64896      -     -    6s
     0     0 -436.64165    0   11          - -436.64165      -     -    7s
     0     0 -436.63955    0   11          - -436.63955      -     -    7s
     0     0 -436.62211    0    9          - -436.62211      -     -    7s
     0     0 -436.60205    0    8          - -436.60205      -     -    7s
     0     0 -436.59770    0   11          - -436.59770      -     -    7s
     0     0 -436.58405    0    9          - -436.58405      -     -    7s
     0     0 -436.58169    0    8          - -436.58169      -     -    7s
     0     0 -436.56739    0    7          - -436.56739      -     -    7s
     0     0 -436.56443    0   11          - -436.56443      -     -    7s
     0     0 -436.55116    0   10          - -436.55116      -     -    7s
     0     0 -436.54006    0    9          - -436.54006      -     -    7s
     0     0 -436.53515    0   10          - -436.53515      -     -    7s
     0     0 -436.52315    0   10          - -436.52315      -     -    7s
     0     0 -436.51716    0   11          - -436.51716      -     -    7s
     0     0 -436.51555    0   12          - -436.51555      -     -    7s
     0     0 -436.51493    0   11          - -436.51493      -     -    7s
     0     0 -436.51315    0   11          - -436.51315      -     -    7s
     0     0 -436.50822    0   11          - -436.50822      -     -    7s
     0     0 -436.50020    0   12          - -436.50020      -     -    7s
     0     0 -436.48758    0   10          - -436.48758      -     -    7s
     0     0 -436.48225    0   11          - -436.48225      -     -    7s
     0     0 -436.48141    0   11          - -436.48141      -     -    7s
     0     0 -436.47782    0   12          - -436.47782      -     -    7s
     0     0 -436.47318    0   11          - -436.47318      -     -    7s
     0     0 -436.45548    0   11          - -436.45548      -     -    8s
     0     0 -436.43681    0   10          - -436.43681      -     -    8s
     0     0 -436.43028    0   10          - -436.43028      -     -    8s
     0     0 -436.42877    0   11          - -436.42877      -     -    8s
     0     0 -436.42689    0    9          - -436.42689      -     -    8s
     0     0 -436.42447    0   11          - -436.42447      -     -    8s
     0     0 -436.41391    0   10          - -436.41391      -     -    8s
     0     0 -436.41191    0   12          - -436.41191      -     -    8s
     0     0 -436.40458    0   10          - -436.40458      -     -    8s
     0     0 -436.40364    0   11          - -436.40364      -     -    8s
     0     0 -436.40242    0   12          - -436.40242      -     -    8s
     0     0 -436.39974    0   10          - -436.39974      -     -    8s
     0     0 -436.39549    0   11          - -436.39549      -     -    8s
     0     0 -436.39067    0   10          - -436.39067      -     -    8s
     0     0 -436.38642    0   11          - -436.38642      -     -    8s
     0     0 -436.38620    0   11          - -436.38620      -     -    8s
     0     0 -436.38526    0   11          - -436.38526      -     -    8s
     0     0 -436.38152    0   10          - -436.38152      -     -    8s
     0     0 -436.35860    0   12          - -436.35860      -     -    8s
     0     0 -436.35683    0   11          - -436.35683      -     -    8s
     0     0 -436.35649    0   12          - -436.35649      -     -    8s
     0     0 -436.35523    0   12          - -436.35523      -     -    8s
     0     0 -436.35375    0   12          - -436.35375      -     -    9s
     0     0 -436.35297    0   11          - -436.35297      -     -    9s
     0     0 -436.35250    0   11          - -436.35250      -     -    9s
     0     0 -436.35137    0   12          - -436.35137      -     -    9s
     0     0 -436.35049    0    9          - -436.35049      -     -    9s
     0     0 -436.34832    0   10          - -436.34832      -     -    9s
     0     0 -436.34654    0   12          - -436.34654      -     -    9s
     0     0 -436.34573    0   12          - -436.34573      -     -    9s
     0     0 -436.34119    0   11          - -436.34119      -     -    9s
     0     0 -436.34007    0   11          - -436.34007      -     -    9s
     0     0 -436.33986    0   10          - -436.33986      -     -    9s
     0     0 -436.33467    0   11          - -436.33467      -     -    9s
     0     0 -436.33465    0   11          - -436.33465      -     -    9s
     0     0 -436.31968    0    9          - -436.31968      -     -    9s
     0     0 -436.30555    0   10          - -436.30555      -     -    9s
     0     0 -436.28346    0   10          - -436.28346      -     -    9s
     0     0 -436.27023    0    8          - -436.27023      -     -    9s
     0     0 -436.26666    0    9          - -436.26666      -     -    9s
     0     0 -436.25637    0    9          - -436.25637      -     -    9s
     0     0 -436.24961    0   10          - -436.24961      -     -    9s
     0     0 -436.24683    0   10          - -436.24683      -     -    9s
     0     0 -436.23662    0   10          - -436.23662      -     -    9s
     0     0 -436.22265    0    9          - -436.22265      -     -   10s
     0     0 -436.21635    0   10          - -436.21635      -     -   10s
     0     0 -436.21093    0   10          - -436.21093      -     -   10s
     0     0 -436.19733    0    9          - -436.19733      -     -   10s
     0     0 -436.19608    0    9          - -436.19608      -     -   10s
     0     0 -436.19411    0    9          - -436.19411      -     -   10s
     0     0 -436.19411    0    9          - -436.19411      -     -   10s
     0     0 -436.18168    0   10          - -436.18168      -     -   10s
     0     0 -436.17947    0    9          - -436.17947      -     -   10s
     0     0 -436.17807    0   10          - -436.17807      -     -   10s
     0     0 -436.17532    0    9          - -436.17532      -     -   10s
     0     0 -436.17011    0    9          - -436.17011      -     -   10s
     0     0 -436.16576    0    9          - -436.16576      -     -   10s
     0     0 -436.16354    0    8          - -436.16354      -     -   10s
     0     0 -436.15227    0    8          - -436.15227      -     -   10s
     0     0 -436.14893    0    8          - -436.14893      -     -   10s
     0     0 -436.14424    0    7          - -436.14424      -     -   10s
     0     0 -436.14061    0    7          - -436.14061      -     -   10s
     0     0 -436.12971    0    8          - -436.12971      -     -   10s
     0     0 -436.12544    0    9          - -436.12544      -     -   10s
     0     0 -436.12495    0    8          - -436.12495      -     -   11s
     0     0 -436.11402    0    8          - -436.11402      -     -   11s
     0     0 -436.11143    0    8          - -436.11143      -     -   11s
     0     0 -436.10326    0    8          - -436.10326      -     -   11s
     0     0 -436.10255    0    8          - -436.10255      -     -   11s
     0     0 -436.10111    0    7          - -436.10111      -     -   11s
     0     0 -436.08780    0    7          - -436.08780      -     -   11s
     0     0 -436.07849    0   10          - -436.07849      -     -   11s
     0     0 -436.07426    0    9          - -436.07426      -     -   11s
     0     0 -436.07282    0    8          - -436.07282      -     -   11s
     0     0 -436.07260    0    7          - -436.07260      -     -   11s
     0     0 -436.07063    0    7          - -436.07063      -     -   11s
     0     0 -436.06131    0    7          - -436.06131      -     -   11s
     0     0 -436.05349    0    8          - -436.05349      -     -   11s
     0     0 -436.05066    0    8          - -436.05066      -     -   11s
     0     0 -436.04791    0    8          - -436.04791      -     -   11s
     0     0 -436.04092    0    7          - -436.04092      -     -   11s
     0     0 -436.02114    0    8          - -436.02114      -     -   11s
     0     0 -436.01966    0    9          - -436.01966      -     -   11s
     0     0 -436.01827    0    7          - -436.01827      -     -   12s
     0     0 -436.01162    0    8          - -436.01162      -     -   12s
     0     0 -436.00039    0    9          - -436.00039      -     -   12s
     0     0 -435.98369    0   10          - -435.98369      -     -   12s
     0     0 -435.98229    0    8          - -435.98229      -     -   12s
     0     0 -435.98043    0    8          - -435.98043      -     -   12s
     0     0 -435.97900    0    8          - -435.97900      -     -   12s
     0     0 -435.97841    0    8          - -435.97841      -     -   12s
     0     0 -435.96759    0    9          - -435.96759      -     -   12s
     0     0 -435.96629    0    9          - -435.96629      -     -   12s
     0     0 -435.95820    0    9          - -435.95820      -     -   12s
     0     0 -435.95500    0    8          - -435.95500      -     -   12s
     0     0 -435.95225    0    8          - -435.95225      -     -   12s
     0     0 -435.95072    0    8          - -435.95072      -     -   12s
     0     0 -435.94957    0    9          - -435.94957      -     -   12s
     0     0 -435.94682    0    9          - -435.94682      -     -   12s
     0     0 -435.94183    0    9          - -435.94183      -     -   12s
     0     0 -435.94145    0    9          - -435.94145      -     -   12s
     0     0 -435.93290    0   10          - -435.93290      -     -   13s
     0     0 -435.92539    0   10          - -435.92539      -     -   13s
     0     0 -435.92421    0   10          - -435.92421      -     -   13s
     0     0 -435.92295    0    8          - -435.92295      -     -   13s
     0     0 -435.92077    0   10          - -435.92077      -     -   13s
     0     0 -435.91686    0   10          - -435.91686      -     -   13s
     0     0 -435.90946    0    9          - -435.90946      -     -   13s
     0     0 -435.90774    0   11          - -435.90774      -     -   13s
     0     0 -435.90656    0   11          - -435.90656      -     -   13s
     0     0 -435.90573    0   10          - -435.90573      -     -   13s
     0     0 -435.88045    0    7          - -435.88045      -     -   13s
     0     0 -435.87800    0    8          - -435.87800      -     -   13s
     0     0 -435.86112    0    7          - -435.86112      -     -   13s
     0     0 -435.85818    0    7          - -435.85818      -     -   13s
     0     0 -435.85630    0    8          - -435.85630      -     -   13s
     0     0 -435.85015    0    8          - -435.85015      -     -   13s
     0     0 -435.84630    0    8          - -435.84630      -     -   13s
     0     0 -435.84382    0    8          - -435.84382      -     -   13s
     0     0 -435.84120    0    8          - -435.84120      -     -   13s
     0     0 -435.83760    0    7          - -435.83760      -     -   13s
     0     0 -435.82895    0    8          - -435.82895      -     -   13s
     0     0 -435.82787    0    9          - -435.82787      -     -   14s
     0     0 -435.81361    0    9          - -435.81361      -     -   14s
     0     0 -435.81274    0    9          - -435.81274      -     -   14s
     0     0 -435.81078    0    8          - -435.81078      -     -   14s
     0     0 -435.80936    0    8          - -435.80936      -     -   14s
     0     0 -435.80766    0   10          - -435.80766      -     -   14s
     0     0 -435.80648    0    9          - -435.80648      -     -   14s
     0     0 -435.80046    0    9          - -435.80046      -     -   14s
     0     0 -435.80012    0    9          - -435.80012      -     -   14s
     0     0 -435.79971    0    9          - -435.79971      -     -   14s
     0     0 -435.79971    0    9          - -435.79971      -     -   14s
     0     2 -435.79971    0    9          - -435.79971      -     -   14s
     2     2 -433.21872    1    -          - -435.76076      -  63.5   17s
    11    11 -434.71854    6   13          - -435.75347      -  69.5   20s
    37    35 -432.65400   16    7          - -435.75347      -  68.6   25s
    98    87 -415.11753   42    -          - -435.75347      -  72.3   36s
   111   103 -388.90247   47    2          - -435.75347      -  71.6   45s
   123   107 -327.46099   49    1          - -435.75347      -  74.7   54s
   124   108 -291.63190   48    -          - -435.75347      -  75.2   56s
*  128   100              50    -201.7299946 -435.55350   116%  76.9   63s
*  129   100              50    -253.3599925 -435.55350  71.9%  77.1   65s
   135    98     cutoff   50      -253.35999 -435.37270  71.8%  78.9   72s
   140   104 -390.21565    4    6 -253.35999 -434.95537  71.7%  81.7   79s
   158   120 -394.15875   10    5 -253.35999 -434.95537  71.7%  76.9   81s
   165   122 -384.54698   15    - -253.35999 -434.95537  71.7%  77.2   86s
   168   125 -391.58400   14    - -253.35999 -434.95537  71.7%  77.0   90s
   177   130 -376.06945   18    - -253.35999 -434.95537  71.7%  78.1   95s
   183   136 -390.23970   16    - -253.35999 -434.95537  71.7%  78.4  100s
   200   152 -370.96742   29    - -253.35999 -434.95537  71.7%  79.8  106s
   219   169 -308.74811   35    5 -253.35999 -434.95537  71.7%  79.4  110s
   225   175 -366.73792   38    - -253.35999 -434.95537  71.7%  79.0  115s
   238   179 -290.66206   43    - -253.35999 -434.95537  71.7%  78.4  133s
   242   181 -290.19926   43    2 -253.35999 -434.95537  71.7%  77.9  136s
   245   183 -266.62292   29    2 -253.35999 -434.95537  71.7%  78.5  142s
   251   186 -362.28642   44    - -253.35999 -434.95537  71.7%  77.8  146s
   257   194 -288.51427   44    - -253.35999 -434.95537  71.7%  77.8  152s
   259   193 -288.05068   44    - -253.35999 -434.95537  71.7%  77.5  156s
   264   197 -287.19178   44    - -253.35999 -434.95537  71.7%  77.1  163s
   266   199 -377.62729   40    4 -253.35999 -434.95537  71.7%  77.2  166s
   268   200 -286.12893   44    - -253.35999 -434.95537  71.7%  77.1  170s
   273   200 -284.84345   44    - -253.35999 -434.95537  71.7%  76.7  178s
   278   204 -375.18113   44    3 -253.35999 -434.95537  71.7%  75.8  184s
   281   202 -283.52610   44    - -253.35999 -434.95537  71.7%  75.7  192s
   287   210 -271.64057   44    6 -253.35999 -434.95537  71.7%  77.2  207s
   289   208 -283.74992   47    - -253.35999 -434.95537  71.7%  77.5  212s
   294   208 -280.03200   47    - -253.35999 -434.95537  71.7%  78.6  220s
   299   209     cutoff   47      -253.35999 -434.95537  71.7%  78.8  228s
   303   211 -287.34674   46    2 -253.35999 -434.95537  71.7%  78.7  236s
   309   212 -284.71850   47    2 -253.35999 -434.95537  71.7%  79.4  246s
   314   207     cutoff   50      -253.35999 -434.95537  71.7%  79.5  250s
   322   210     cutoff   49      -253.35999 -434.35668  71.4%  79.6  260s
   329   213     cutoff   48      -253.35999 -434.07808  71.3%  79.5  270s
   339   221 -389.78727    9    3 -253.35999 -434.07808  71.3%  79.3  277s
   349   228 -377.64465   20    5 -253.35999 -434.07808  71.3%  78.7  280s
   359   236 -376.20335   22    4 -253.35999 -434.07808  71.3%  78.1  287s
   374   250 -372.71303   26    6 -253.35999 -434.07808  71.3%  77.9  292s
   397   264 -370.04285   32    4 -253.35999 -434.07808  71.3%  75.8  311s
   402   270 -368.62107   34    4 -253.35999 -434.07808  71.3%  76.1  320s
   416   271 -298.23163   37    - -253.35999 -434.07808  71.3%  75.6  346s
   421   276 -297.40502   37    - -253.35999 -434.07808  71.3%  75.5  357s
   425   279 -339.77146   46    4 -253.35999 -434.07808  71.3%  75.8  360s
   430   281 -329.28488   47    3 -253.35999 -434.07808  71.3%  75.4  365s
   435   280     cutoff   49      -253.35999 -434.07808  71.3%  75.5  372s
   438   280 -295.30556   42    - -253.35999 -434.07808  71.3%  75.6  380s
   443   279 -362.17216   43    - -253.35999 -434.07808  71.3%  75.5  390s
   449   275 -360.67356   45    2 -253.35999 -434.02551  71.3%  75.5  396s
   455   282 -285.39309   47    - -253.35999 -434.01529  71.3%  75.3  414s
   460   281 -290.24692   46    - -253.35999 -434.01529  71.3%  75.8  427s
   463   284 -354.36612   47    - -253.35999 -434.01529  71.3%  76.2  431s
   468   283 -293.67771   48    - -253.35999 -434.01529  71.3%  76.9  439s
   469   285 -281.35013   46    - -253.35999 -434.01529  71.3%  76.9  442s
   472   287 -292.09445   48    - -253.35999 -434.01529  71.3%  77.2  448s
   476   291 -297.90423   49    - -253.35999 -434.01529  71.3%  77.6  454s
   479   291     cutoff   49      -253.35999 -434.01529  71.3%  77.9  456s
   485   288     cutoff   50      -253.35999 -433.11787  70.9%  78.0  462s
   496   293 -389.49286   11    4 -253.35999 -433.11787  70.9%  78.2  475s
   503   296 -310.57699   18    3 -253.35999 -433.11787  70.9%  77.8  484s
   512   305 -348.55546   14    3 -253.35999 -433.11787  70.9%  77.7  497s
   520   310 -336.64165   24    - -253.35999 -433.11787  70.9%  77.3  506s
   523   307 -346.41964   17    - -253.35999 -433.11787  70.9%  77.4  511s
   530   316 -301.39538   23    4 -253.35999 -433.11787  70.9%  77.3  517s
   542   319 -337.21536   23    3 -253.35999 -433.11787  70.9%  77.7  535s
   545   325 -336.76227   25    - -253.35999 -433.11787  70.9%  77.9  540s
   549   329 -335.88559   25    2 -253.35999 -433.11787  70.9%  77.9  545s
   554   331 -337.65411   28    5 -253.35999 -433.11787  70.9%  78.1  551s
   558   331 -277.48564   26    1 -253.35999 -433.11787  70.9%  78.4  556s
   563   336 -334.30496   30    - -253.35999 -433.11787  70.9%  78.6  565s
   572   342 -277.51196   27    - -253.35999 -433.11787  70.9%  79.0  577s
   579   342 -330.70956   30    - -253.35999 -433.11787  70.9%  78.9  584s
   590   344     cutoff   32      -253.35999 -433.11787  70.9%  78.4  600s
   603   352 -332.04368   33    - -253.35999 -433.11787  70.9%  77.4  620s
   607   347     cutoff   38      -253.35999 -432.37361  70.7%  77.3  629s
   618   355 -263.77059   39    - -253.35999 -432.30491  70.6%  77.4  651s
   629   357 -259.97905   40    - -253.35999 -431.93247  70.5%  77.7  669s
   634   359 -259.15549   40    2 -253.35999 -431.91948  70.5%  77.8  674s
   646   360 -258.66052   41    2 -253.35999 -431.84663  70.4%  77.6  697s
   658   363     cutoff   42      -253.35999 -431.62090  70.4%  77.1  715s
   670   369     cutoff   43      -253.35999 -430.77557  70.0%  77.0  733s
   676   370 -389.12070   22    - -253.35999 -430.77557  70.0%  77.0  738s
   692   375 -351.94722   26    1 -253.35999 -430.77557  70.0%  76.6  765s
   702   383 -312.25561   26    1 -253.35999 -430.77557  70.0%  76.6  780s
   715   384 -384.03594   30    5 -253.35999 -430.77557  70.0%  76.3  789s
   727   394 -341.31299   32    1 -253.35999 -430.77557  70.0%  76.0  804s
   740   405 -287.10677   33    5 -253.35999 -430.77557  70.0%  76.2  822s
   750   409 -380.99029   35    7 -253.35999 -430.77557  70.0%  76.3  832s
   758   416 -380.10829   37    7 -253.35999 -430.77557  70.0%  76.4  840s
   767   420 -379.24412   40    5 -253.35999 -430.77557  70.0%  76.2  848s
   771   425 -272.52250   31    4 -253.35999 -430.77557  70.0%  76.1  851s
   781   430 -335.36049   43    1 -253.35999 -430.77557  70.0%  76.2  866s
   791   432 -273.37147   44    4 -253.35999 -430.77557  70.0%  76.5  878s
   794   433     cutoff   37      -253.35999 -430.77557  70.0%  76.5  881s
   799   433 -335.42584   42    1 -253.35999 -430.77557  70.0%  76.4  891s
   807   436 -333.00506   46    - -253.35999 -430.77557  70.0%  76.5  905s
   815   438 -330.48436   48    - -253.35999 -427.71612  68.8%  76.4  920s
   826   440 -272.63999   50    - -253.35999 -426.23807  68.2%  76.5  934s
   835   446     cutoff   40      -253.35999 -425.43791  67.9%  76.6  943s
   840   442     cutoff   50      -253.35999 -425.39288  67.9%  76.8  952s
*  842   442              50    -257.0349923 -425.39288  65.5%  76.9  955s
   852   447 -381.57533   35    2 -257.03499 -424.60090  65.2%  76.9  970s
   857   449 -382.54475   34    2 -257.03499 -424.60090  65.2%  76.9  976s
   866   452 -359.77824   38    6 -257.03499 -424.60090  65.2%  76.7  992s
   873   455 -359.40401   39    5 -257.03499 -424.60090  65.2%  76.9 1007s
   884   460 -356.06029   42    6 -257.03499 -424.60090  65.2%  77.1 1027s
   886   462 -377.25383   38    - -257.03499 -424.60090  65.2%  77.1 1030s
   891   468 -354.28380   44    6 -257.03499 -424.60090  65.2%  77.1 1039s
   895   473 -351.11479   46    4 -257.03499 -424.60090  65.2%  77.3 1044s
   901   474 -330.73978   48    2 -257.03499 -424.60090  65.2%  77.3 1049s
   908   480 -350.56089   43    6 -257.03499 -424.60090  65.2%  77.5 1052s
   913   479     cutoff   50      -257.03499 -423.50223  64.8%  77.3 1055s
   924   479     cutoff   50      -257.03499 -422.97789  64.6%  77.8 1066s
   928   483 -257.29999   50    - -257.03499 -422.92965  64.5%  78.0 1075s
   933   480 -259.29276   48    2 -257.03499 -422.26888  64.3%  78.3 1083s
   941   480     cutoff   49      -257.03499 -418.81710  62.9%  78.3 1092s
   943   483 -378.03881   41    - -257.03499 -418.35308  62.8%  78.4 1098s
   948   482 -370.32144   44    - -257.03499 -417.08750  62.3%  78.3 1110s
   956   487 -340.06668   47    3 -257.03499 -417.08750  62.3%  78.8 1125s
   960   492 -314.84937   47    3 -257.03499 -417.08750  62.3%  78.9 1130s
   965   488 -333.81333   48    - -257.03499 -415.11753  61.5%  78.8 1144s
   981   488 -294.22936   48    - -257.03499 -399.56780  55.5%  79.3 1162s
   996   483 -269.22684   49    1 -257.03499 -396.83735  54.4%  79.4 1178s
  1023   477     cutoff   50      -257.03499 -395.66816  53.9%  79.5 1225s
* 1024   477              50    -258.9499924 -395.66816  52.8%  79.6 1228s
  1036   493     cutoff   50      -258.94999 -395.35654  52.7%  79.7 1251s
  1046   492 -356.69580   22    2 -258.94999 -395.35654  52.7%  79.6 1277s
  1070   517 -315.85415   24    2 -258.94999 -395.35654  52.7%  79.3 1313s
  1085   527 -344.04667   32    5 -258.94999 -395.35654  52.7%  79.8 1327s
  1101   540 -341.37231   37    4 -258.94999 -395.35654  52.7%  79.6 1340s
  1111   546 -333.65104   37    - -258.94999 -395.35654  52.7%  79.7 1355s
  1123   549 -281.62191   37    1 -258.94999 -395.35654  52.7%  79.7 1365s
  1137   552 -330.16422   48    - -258.94999 -395.06550  52.6%  79.7 1383s
* 1142   447              50    -308.3399912 -395.06550  28.1%  79.8 1392s
  1167   448     cutoff   50      -308.33999 -394.80768  28.0%  79.3 1425s
  1190   470     cutoff   26      -308.33999 -394.65532  28.0%  78.7 1445s
  1207   473 -344.38386   17    5 -308.33999 -394.65532  28.0%  78.3 1458s
  1216   487 -342.15795   22    4 -308.33999 -394.65532  28.0%  78.3 1462s
  1229   499 -338.20653   28    4 -308.33999 -394.65532  28.0%  78.3 1472s
  1235   505 -339.46612   27    - -308.33999 -394.65532  28.0%  78.2 1475s
  1239   505 -335.77781   34    3 -308.33999 -394.47686  27.9%  78.2 1483s
  1262   521 -338.26271   30    5 -308.33999 -394.47686  27.9%  77.8 1514s
  1268   511     cutoff   37      -308.33999 -394.32284  27.9%  77.7 1520s
  1295   533 -328.96700   42    4 -308.33999 -394.31078  27.9%  77.1 1556s
  1320   540 -323.41844   45    5 -308.33999 -394.29194  27.9%  76.6 1595s
  1343   557     cutoff   47      -308.33999 -394.20758  27.8%  76.2 1622s
  1353   565 -351.11372   12   11 -308.33999 -394.20758  27.8%  76.5 1630s
  1362   574 -350.85825   14   10 -308.33999 -394.20758  27.8%  76.3 1638s
  1371   580 -349.60334   18    8 -308.33999 -394.20758  27.8%  76.2 1642s
  1382   590 -346.92945   22    8 -308.33999 -394.20758  27.8%  76.1 1647s
  1385   593 -334.92493   37    - -308.33999 -394.20758  27.8%  76.0 1650s
  1395   595 -346.40404   25    8 -308.33999 -394.20758  27.8%  75.9 1664s
  1411   604 -344.21347   30    6 -308.33999 -394.20758  27.8%  75.6 1682s
  1424   618 -339.24398   37    - -308.33999 -394.20758  27.8%  75.6 1696s
  1438   623 -336.28978   41    6 -308.33999 -394.20758  27.8%  75.5 1710s
  1449   630 -320.04397   48    1 -308.33999 -393.67812  27.7%  75.5 1719s
  1470   634     cutoff   47      -308.33999 -393.57254  27.6%  75.3 1743s
  1491   647 -347.41578   33    6 -308.33999 -393.56574  27.6%  75.3 1767s
  1500   658 -344.86464   36    5 -308.33999 -393.56574  27.6%  75.3 1772s
  1512   667 -341.85083   41    5 -308.33999 -393.56574  27.6%  75.3 1782s
  1528   680 -338.19283   46    4 -308.33999 -393.55323  27.6%  75.1 1796s
  1541   688 -328.83699   40    4 -308.33999 -393.45321  27.6%  75.2 1802s
  1551   686     cutoff   49      -308.33999 -393.42371  27.6%  75.1 1827s
  1576   697 -335.95695   20    5 -308.33999 -393.42371  27.6%  75.0 1858s
  1598   708 -332.83404   26    3 -308.33999 -393.42371  27.6%  74.9 1880s
  1611   718 -328.50902   33    3 -308.33999 -393.28912  27.6%  75.0 1892s
  1630   733 -340.74488   36    5 -308.33999 -393.28912  27.6%  74.7 1919s
  1638   726     cutoff   40      -308.33999 -393.26877  27.5%  74.6 1930s
  1655   742 -336.12573   44    4 -308.33999 -393.21707  27.5%  74.6 1946s
  1669   740 -321.95208   40    3 -308.33999 -392.99601  27.5%  74.6 1976s
  1702   754 -319.51092   43    2 -308.33999 -392.85724  27.4%  74.3 2030s
  1712   765 -353.88742    4    3 -308.33999 -392.85724  27.4%  74.3 2048s
  1726   775     cutoff   46      -308.33999 -392.81646  27.4%  74.2 2064s
  1743   786 -337.92783   25    3 -308.33999 -392.81646  27.4%  74.0 2070s
  1751   785 -342.77489   16    6 -308.33999 -392.81646  27.4%  74.1 2087s
  1777   798 -339.20945   24    3 -308.33999 -392.81646  27.4%  73.8 2121s
  1783   804 -331.23691   35    - -308.33999 -392.81646  27.4%  73.9 2125s
  1803   809 -335.17582   30    6 -308.33999 -392.47960  27.3%  73.7 2157s
  1833   826 -332.42544   35    - -308.33999 -392.40109  27.3%  73.4 2207s
  1848   834 -379.66099   34    - -308.33999 -392.24489  27.2%  73.7 2226s
  1854   838 -326.04108   40    8 -308.33999 -392.24489  27.2%  73.9 2232s
  1860   839 -376.48595   36    - -308.33999 -392.24489  27.2%  73.9 2249s
  1866   845 -323.03584   44    - -308.33999 -392.24489  27.2%  74.0 2258s
  1872   843 -334.02906   36    - -308.33999 -392.24489  27.2%  74.1 2284s
  1881   851     cutoff   47      -308.33999 -392.24489  27.2%  74.1 2296s
  1904   852     cutoff   39      -308.33999 -392.24489  27.2%  74.3 2331s
  1918   864 -336.64689   42    - -308.33999 -392.24489  27.2%  74.4 2354s
  1937   874 -334.17130   44    1 -308.33999 -392.24489  27.2%  74.4 2387s
  1969   878 -361.16939   47    3 -308.33999 -392.24489  27.2%  74.3 2442s
  2003   899 -309.66556   47    1 -308.33999 -391.73112  27.0%  74.2 2490s
  2036   921     cutoff   50      -308.33999 -391.60602  27.0%  74.1 2530s
  2052   935 -330.02651   34    - -308.33999 -391.41964  26.9%  74.1 2543s
  2077   936 -337.45336   22    4 -308.33999 -391.41964  26.9%  73.7 2589s
  2088   948 -324.77907   42    3 -308.33999 -391.41964  26.9%  73.8 2598s
  2116   956 -331.76310   30    5 -308.33999 -391.11618  26.8%  73.5 2653s
  2144   980 -319.90937   46    2 -308.33999 -390.88565  26.8%  73.2 2687s
  2152   985 -324.56058   41    2 -308.33999 -390.72566  26.7%  73.2 2714s
  2178  1000 -321.99703   44    - -308.33999 -390.56965  26.7%  73.1 2760s
  2209  1027 -380.49081   33    9 -308.33999 -390.56965  26.7%  73.0 2871s
  2211  1028 -339.37061   27   28 -308.33999 -390.56965  26.7%  72.9 2982s
  2212  1029 -356.65690   42   28 -308.33999 -390.56965  26.7%  72.9 2990s
  2214  1033 -390.56965   14   27 -308.33999 -390.56965  26.7%  73.4 3149s
  2216  1035 -390.56965   15   26 -308.33999 -390.56965  26.7%  73.6 3186s
  2218  1036 -390.56965   15   21 -308.33999 -390.56965  26.7%  73.9 3293s
  2220  1037 -390.56965   16   25 -308.33999 -390.56965  26.7%  74.0 3372s
  2222  1039 -389.86240   16    3 -308.33999 -390.56965  26.7%  74.2 3390s
  2224  1040 -390.56965   17   24 -308.33999 -390.56965  26.7%  74.3 3480s
  2226  1040 -390.56965   17   20 -308.33999 -390.56965  26.7%  74.6 3573s
  2229  1040 -390.56965   18   23 -308.33999 -390.56965  26.7%  74.8 3629s
  2232  1044 -387.93842   18    8 -308.33999 -390.56965  26.7%  75.1 3650s
  2235  1043 -390.56965   19   23 -308.33999 -390.56965  26.7%  75.3 3682s
  2239  1047 -389.27719   19   15 -308.33999 -390.56965  26.7%  75.6 3709s
  2243  1046 -390.56965   20   22 -308.33999 -390.56965  26.7%  75.7 3742s
  2248  1051 -389.57327   20    3 -308.33999 -390.56965  26.7%  75.9 3760s
  2252  1051 -390.56965   21   23 -308.33999 -390.56965  26.7%  76.1 3791s
  2256  1053 -389.13219   21    2 -308.33999 -390.56965  26.7%  76.2 3830s
  2262  1057 -389.23377   22   16 -308.33999 -390.56965  26.7%  76.6 3859s
  2265  1057 -390.56965   23   22 -308.33999 -390.56965  26.7%  76.7 3894s
  2268  1062 -386.76634   23   14 -308.33999 -390.56965  26.7%  77.1 3922s
  2271  1059 -390.56965   24   24 -308.33999 -390.56965  26.7%  77.3 3951s
  2272  1061 -377.37060   32    - -308.33999 -390.56965  26.7%  77.3 3955s
  2276  1065 -390.56965   24   14 -308.33999 -390.56965  26.7%  77.6 4002s
  2281  1063 -390.56965   25   15 -308.33999 -390.56965  26.7%  78.0 4043s
  2290  1069 -390.56965   26   14 -308.33999 -390.56965  26.7%  78.2 4079s
  2300  1071 -390.56965   27   13 -308.33999 -390.56965  26.7%  78.5 4113s
  2311  1074 -390.56965   28   16 -308.33999 -390.56965  26.7%  78.7 4156s
  2322  1073 -390.56965   29   23 -308.33999 -390.56965  26.7%  78.7 4203s
  2335  1076 -390.56965   30   22 -308.33999 -390.56965  26.7%  78.6 4253s
  2346  1077 -390.56965   31   23 -308.33999 -390.56965  26.7%  78.8 4305s
  2353  1086 -380.09692   32    6 -308.33999 -390.56965  26.7%  79.1 4340s
  2360  1091 -390.56965   33   13 -308.33999 -390.56965  26.7%  79.6 4381s
  2366  1095 -388.71724   34   14 -308.33999 -390.56965  26.7%  79.9 4419s
  2372  1099 -371.49201   35    8 -308.33999 -390.56965  26.7%  80.1 4456s
  2378  1103 -375.23268   36    3 -308.33999 -390.56965  26.7%  80.3 4486s
  2386  1111 -372.03378   37    9 -308.33999 -390.56965  26.7%  80.6 4524s
  2394  1105 -374.34909   38    8 -308.33999 -390.56965  26.7%  81.2 4565s
  2416  1112 -390.56965   40   22 -308.33999 -390.56965  26.7%  81.8 4621s
  2428  1118 -390.56965   41   22 -308.33999 -390.56965  26.7%  81.9 4660s
  2440  1128 -363.52073   42   12 -308.33999 -390.56965  26.7%  82.4 4698s
  2452  1130 -390.56965   44   19 -308.33999 -390.56965  26.7%  82.7 4739s
  2456  1134 -373.24689   54    8 -308.33999 -390.56965  26.7%  82.9 4742s
  2471  1137 -357.46444   45    7 -308.33999 -390.56965  26.7%  83.2 4799s
  2504  1154 -390.56965   49   14 -308.33999 -390.56965  26.7%  83.3 4845s
  2520  1162 -390.56965   52   11 -308.33999 -390.56965  26.7%  83.6 4888s
  2537  1174 -361.91779   55    2 -308.33999 -390.56965  26.7%  84.1 4935s
  2561  1180 -329.01178   60    3 -308.33999 -390.56965  26.7%  84.6 4993s
  2600  1183 -389.46473   35   15 -308.33999 -390.56965  26.7%  85.1 5065s
  2650  1209 -382.30202   48   12 -308.33999 -390.56965  26.7%  84.8 5133s
  2667  1218 -390.56965   27   13 -308.33999 -390.56965  26.7%  85.0 5140s
  2679  1227 -343.48942   54    3 -308.33999 -390.56965  26.7%  85.1 5192s
  2717  1237     cutoff   61      -308.33999 -390.56965  26.7%  85.3 5259s
  2736  1249 -367.65766   57    6 -308.33999 -390.56965  26.7%  85.5 5268s
  2764  1238 -347.73300   30    3 -308.33999 -390.56965  26.7%  85.8 5345s
  2813  1270     cutoff   63      -308.33999 -390.56965  26.7%  85.3 5375s
  2824  1267 -315.49422   58    3 -308.33999 -390.56965  26.7%  85.4 5436s
  2882  1287     cutoff   61      -308.33999 -390.56965  26.7%  85.2 5528s
  2913  1315 -384.45218   34   13 -308.33999 -390.56965  26.7%  85.1 5531s
  2924  1314 -339.02477   55    4 -308.33999 -390.56965  26.7%  85.1 5599s
  2985  1323     cutoff   61      -308.33999 -390.56965  26.7%  85.3 5713s
  2998  1341     cutoff   62      -308.33999 -390.56965  26.7%  85.4 5717s
  3026  1352 -384.74294   43   11 -308.33999 -390.56965  26.7%  85.3 5778s
  3075  1376 -341.38662   61    2 -308.33999 -390.35727  26.6%  85.4 5863s
  3162  1403 -333.85534   59    2 -308.33999 -390.31393  26.6%  84.5 5940s
  3205  1392     cutoff   63      -308.33999 -390.27987  26.6%  84.3 6025s
  3222  1423     cutoff   63      -308.33999 -390.09019  26.5%  84.4 6034s
  3251  1434 -342.23810   32    2 -308.33999 -389.89007  26.4%  84.4 6106s
  3298  1459 -336.15727   52    5 -308.33999 -389.71747  26.4%  84.1 6151s
  3324  1454 -331.00079   48    5 -308.33999 -389.67031  26.4%  84.1 6225s
  3373  1485 -325.86589   55    2 -308.33999 -389.55395  26.3%  84.0 6322s
  3425  1505 -324.20598   56    2 -308.33999 -389.49700  26.3%  84.1 6421s
  3469  1522     cutoff   60      -308.33999 -389.26475  26.2%  84.1 6468s
  3504  1520 -320.46448   57    6 -308.33999 -389.22954  26.2%  84.0 6561s
  3576  1562     cutoff   59      -308.33999 -389.20310  26.2%  83.8 6680s
  3683  1563 -327.08734   46    5 -308.33999 -388.93200  26.1%  83.5 6883s
  3730  1601     cutoff   47      -308.33999 -388.85728  26.1%  83.2 6900s
  3777  1615 -317.14948   55    4 -308.33999 -388.76980  26.1%  83.2 7021s
  3808  1636 -324.81486   49    4 -308.33999 -388.71268  26.1%  83.2 7048s
  3852  1648 -346.00357   32    1 -308.33999 -388.71177  26.1%  83.1 7161s

Cutting planes:
  Lazy constraints: 121200

Explored 3937 nodes (329993 simplex iterations) in 7213.33 seconds
Thread count was 4 (of 4 available processors)

Solution count 5: -308.34 -258.95 -257.035 ... -201.73

Time limit reached
Best objective -3.083399911635e+02, best bound -3.887039383140e+02, gap 26.0634%
