
Gurobi 9.0.3 (win64) logging started Sun Jan  2 08:09:22 2022

Changed value of parameter LogFile to Results/sslp2_30_70_50_var_BnC.log
   Prev:   Default: 
Changed value of parameter Heuristics to 0.0
   Prev: 0.05  Min: 0.0  Max: 1.0  Default: 0.05
Changed value of parameter lazyConstraints to 1
   Prev: 0  Min: 0  Max: 1  Default: 0
Changed value of parameter timeLimit to 5514.327167034149
   Prev: inf  Min: 0.0  Max: inf  Default: inf
Gurobi Optimizer version 9.0.3 build v9.0.3rc0 (win64)
Optimize a model with 2076 rows, 110 columns and 98110 nonzeros
Model fingerprint: 0x5926623a
Variable types: 80 continuous, 30 integer (30 binary)
Coefficient statistics:
  Matrix range     [1e-13, 7e+05]
  Objective range  [2e-02, 4e+01]
  Bounds range     [1e+00, 1e+00]
  RHS range        [4e-15, 3e+04]
Warning: Model contains large matrix coefficient range
         Consider reformulating model or setting NumericFocus parameter
         to avoid numerical issues.
Presolve added 0 rows and 34 columns
Presolve removed 203 rows and 0 columns
Presolve time: 0.11s
Presolved: 1873 rows, 144 columns, 80097 nonzeros
Variable types: 113 continuous, 31 integer (30 binary)

Root relaxation: objective -6.537899e+02, 333 iterations, 0.08 seconds

    Nodes    |    Current Node    |     Objective Bounds      |     Work
 Expl Unexpl |  Obj  Depth IntInf | Incumbent    BestBd   Gap | It/Node Time

     0     0 -653.78989    0   20          - -653.78989      -     -    0s
     0     0 -653.78989    0   20          - -653.78989      -     -    0s
     0     0 -653.78989    0   20          - -653.78989      -     -    0s
     0     0 -653.74647    0   21          - -653.74647      -     -    0s
     0     0 -653.74647    0   21          - -653.74647      -     -    0s
     0     0 -653.74623    0   21          - -653.74623      -     -    0s
     0     0 -653.74623    0   21          - -653.74623      -     -    0s
     0     0 -653.74623    0   21          - -653.74623      -     -    1s
     0     2 -653.74623    0   21          - -653.74623      -     -    1s
*   63    58              30    -642.6799834 -653.46263  1.68%  24.7    3s
    97    86 -650.23430    9    2 -642.67998 -652.85285  1.58%  27.6    5s
*  180   128              29    -643.5199827 -652.66850  1.42%  21.1    7s
   246   157 -646.30260   26    2 -643.51998 -652.59728  1.41%  21.2   10s
   383   230 -646.51655   17    5 -643.51998 -652.51860  1.40%  21.2   15s
   537   311 -647.53051   22    2 -643.51998 -651.97737  1.31%  21.4   20s
   731   427 -645.36738   26    2 -643.51998 -651.72253  1.27%  21.7   26s
   881   517     cutoff   29      -643.51998 -651.58936  1.25%  21.3   30s
   991   565 -643.52735   25    - -643.51998 -651.52966  1.24%  20.5   35s
  1091   635 -649.10567   14    6 -643.51998 -651.49536  1.24%  20.1   40s
  1260   726 -648.73465   16    8 -643.51998 -651.46737  1.23%  19.7   45s
  1440   823 -646.00287   14    2 -643.51998 -651.37318  1.22%  19.6   52s
  1485   828 -643.52735   25   20 -643.51998 -651.35978  1.22%  19.5   55s
  1494   837 -651.35978   18   20 -643.51998 -651.35978  1.22%  20.0   60s
  1618   899 -651.35978   19    8 -643.51998 -651.35978  1.22%  21.5   66s
  1678   913 -651.30477   19    7 -643.51998 -651.35978  1.22%  21.4   70s
  1820   955 -650.39368   21   12 -643.51998 -651.35978  1.22%  21.7   75s
  1911   954 -650.54636   28   11 -643.51998 -651.35978  1.22%  21.7   80s
  2035   982 -648.14673   32    - -643.51998 -651.35978  1.22%  21.9   85s
  2125   991 -643.84336   28    - -643.51998 -651.35978  1.22%  22.0   90s
  2227  1008 -649.65291   29    9 -643.51998 -651.35978  1.22%  22.1   95s
  2363  1064 -648.93592   31    8 -643.51998 -651.35978  1.22%  22.3  100s
  2496  1104     cutoff   40      -643.51998 -651.35978  1.22%  22.4  106s
  2588  1123     cutoff   44      -643.51998 -651.35978  1.22%  22.5  110s
  2679  1146 -648.64983   32    2 -643.51998 -651.35978  1.22%  22.5  117s
  2728  1156 -646.95603   44    2 -643.51998 -651.35978  1.22%  22.4  121s
  2832  1184     cutoff   42      -643.51998 -651.35978  1.22%  22.5  125s
  2909  1205 -649.41563   24    3 -643.51998 -651.35978  1.22%  22.6  131s
  2969  1216     cutoff   42      -643.51998 -651.35978  1.22%  22.6  135s
  3131  1267 -643.66164   41    - -643.51998 -651.35978  1.22%  22.7  140s
  3217  1306 -647.13517   36    4 -643.51998 -651.35978  1.22%  22.8  147s
  3292  1326 -646.56582   43    2 -643.51998 -651.30957  1.21%  22.7  150s
  3469  1368     cutoff   42      -643.51998 -651.28819  1.21%  22.8  156s
  3529  1394 -648.69652   36    6 -643.51998 -651.27581  1.21%  22.9  160s
  3635  1401     cutoff   43      -643.51998 -651.21279  1.20%  22.9  165s
  3777  1440 -646.18787   43    2 -643.51998 -651.18673  1.19%  22.8  174s
  3805  1433     cutoff   44      -643.51998 -651.17445  1.19%  22.8  175s
  3909  1486     cutoff   45      -643.51998 -651.15513  1.19%  23.0  183s
  4007  1511     cutoff   44      -643.51998 -651.10542  1.18%  22.9  189s
  4092  1581 -647.80681   25   14 -643.51998 -651.09163  1.18%  22.9  194s
  4205  1615     cutoff   43      -643.51998 -651.08278  1.18%  22.8  199s
  4266  1651     cutoff   45      -643.51998 -651.07871  1.17%  22.8  204s
  4349  1699     cutoff   44      -643.51998 -651.06826  1.17%  22.9  212s
  4411  1710     cutoff   38      -643.51998 -651.05674  1.17%  22.9  215s
  4477  1727     cutoff   26      -643.51998 -651.03394  1.17%  23.1  221s
  4542  1751     cutoff   26      -643.51998 -651.02385  1.17%  23.3  228s
  4572  1756     cutoff   33      -643.51998 -651.01090  1.16%  23.4  230s
  4684  1829     cutoff   30      -643.51998 -650.99339  1.16%  23.4  239s
  4723  1831     cutoff   45      -643.51998 -650.97894  1.16%  23.4  240s
  4828  1884     cutoff   42      -643.51998 -650.95088  1.15%  23.4  246s
  4879  1928     cutoff   44      -643.51998 -650.94668  1.15%  23.4  250s
  4973  1981 -645.29601   41    2 -643.51998 -650.93346  1.15%  23.5  257s
  5081  2040     cutoff   43      -643.51998 -650.91382  1.15%  23.5  264s
  5144  2045     cutoff   43      -643.51998 -650.90627  1.15%  23.4  265s
  5195  2092     cutoff   45      -643.51998 -650.90497  1.15%  23.4  270s
  5285  2151 -648.13726   33    2 -643.51998 -650.88233  1.14%  23.4  275s
  5399  2217     cutoff   45      -643.51998 -650.82690  1.14%  23.4  284s
  5525  2264     cutoff   44      -643.51998 -650.82011  1.13%  23.2  292s
  5624  2323     cutoff   43      -643.51998 -650.81538  1.13%  23.2  298s
  5682  2329     cutoff   27      -643.51998 -650.81101  1.13%  23.2  300s
  5739  2378     cutoff   25      -643.51998 -650.80171  1.13%  23.1  307s
  5859  2407     cutoff   45      -643.51998 -650.78513  1.13%  23.1  316s
  5947  2470 -645.49207   38    2 -643.51998 -650.76996  1.13%  23.1  326s
  6045  2501     cutoff   32      -643.51998 -650.76596  1.13%  23.1  333s
  6150  2570     cutoff   45      -643.51998 -650.73698  1.12%  23.1  345s
  6268  2618     cutoff   42      -643.51998 -650.72777  1.12%  23.1  353s
  6309  2625     cutoff   44      -643.51998 -650.71871  1.12%  23.1  355s
  6364  2655     cutoff   45      -643.51998 -650.71299  1.12%  23.1  364s
  6494  2737     cutoff   29      -643.51998 -650.69738  1.12%  23.1  381s
  6624  2789     cutoff   45      -643.51998 -650.66733  1.11%  23.0  392s
  6729  2846     cutoff   40      -643.51998 -650.66346  1.11%  23.0  402s
  6846  2917 -648.93213   33    6 -643.51998 -650.64710  1.11%  22.9  411s
  6963  2983     cutoff   41      -643.51998 -650.61761  1.10%  22.9  421s
  7080  3063     cutoff   43      -643.51998 -650.59038  1.10%  22.9  432s
  7233  3142     cutoff   44      -643.51998 -650.56978  1.10%  22.7  443s
  7373  3202     cutoff   45      -643.51998 -650.55248  1.09%  22.7  456s
  7511  3229     cutoff   45      -643.51998 -650.54896  1.09%  22.6  469s
  7603  3298 -646.18184   43    2 -643.51998 -650.54003  1.09%  22.7  484s
  7719  3376     cutoff   45      -643.51998 -650.52938  1.09%  22.6  495s
  7865  3470 -645.23797   27    - -643.51998 -650.51121  1.09%  22.6  507s
  8005  3557     cutoff   43      -643.51998 -650.50104  1.08%  22.5  519s
  8147  3615     cutoff   43      -643.51998 -650.47696  1.08%  22.4  529s
  8283  3696     cutoff   37      -643.51998 -650.46062  1.08%  22.4  543s
  8351  3705     cutoff   41      -643.51998 -650.44712  1.08%  22.4  546s
  8412  3757     cutoff   45      -643.51998 -650.44300  1.08%  22.3  554s
  8484  3764     cutoff   43      -643.51998 -650.43991  1.08%  22.3  557s
  8550  3832 -645.59616   40    2 -643.51998 -650.43213  1.07%  22.3  566s
  8700  3905     cutoff   43      -643.51998 -650.42196  1.07%  22.2  582s
  8843  3975     cutoff   43      -643.51998 -650.41713  1.07%  22.2  598s
  8994  4040     cutoff   45      -643.51998 -650.40758  1.07%  22.1  614s
  9123  4095     cutoff   43      -643.51998 -650.39822  1.07%  22.1  627s
  9238  4158 -645.70463   43    2 -643.51998 -650.38064  1.07%  22.1  639s
  9306  4163     cutoff   44      -643.51998 -650.36681  1.06%  22.0  641s
  9350  4210     cutoff   43      -643.51998 -650.36536  1.06%  22.0  651s
  9411  4224     cutoff   42      -643.51998 -650.36084  1.06%  22.0  656s
  9469  4275     cutoff   45      -643.51998 -650.35697  1.06%  22.0  667s
  9594  4340 -645.06147   38    6 -643.51998 -650.34309  1.06%  22.0  681s
  9697  4394     cutoff   42      -643.51998 -650.33468  1.06%  22.0  691s
  9803  4437     cutoff   45      -643.51998 -650.32612  1.06%  22.0  702s
  9911  4514     cutoff   44      -643.51998 -650.31154  1.06%  22.0  715s
 10053  4562     cutoff   44      -643.51998 -650.29525  1.05%  21.9  729s
 10114  4567 -647.07577   28    2 -643.51998 -650.28631  1.05%  21.9  730s
 10190  4623     cutoff   45      -643.51998 -650.28631  1.05%  21.9  744s
 10313  4711     cutoff   44      -643.51998 -650.27230  1.05%  21.9  760s
 10448  4749     cutoff   33      -643.51998 -650.25435  1.05%  21.8  773s
 10502  4757     cutoff   44      -643.51998 -650.24690  1.05%  21.8  776s
 10553  4806     cutoff   42      -643.51998 -650.24468  1.04%  21.8  788s
 10633  4811     cutoff   45      -643.51998 -650.23381  1.04%  21.8  790s
 10686  4877     cutoff   43      -643.51998 -650.23333  1.04%  21.8  802s
 10755  4887     cutoff   45      -643.51998 -650.22483  1.04%  21.8  806s
 10805  4918 -646.26216   36    2 -643.51998 -650.22225  1.04%  21.8  815s
 10942  4986 -646.15438   41    4 -643.51998 -650.20521  1.04%  21.7  832s
 11064  5029     cutoff   33      -643.51998 -650.19344  1.04%  21.7  845s
 11183  5096     cutoff   38      -643.51998 -650.17714  1.03%  21.7  860s
 11313  5144     cutoff   44      -643.51998 -650.16779  1.03%  21.7  876s
 11453  5204     cutoff   40      -643.51998 -650.15761  1.03%  21.6  891s
 11578  5268 -649.66727   31    9 -643.51998 -650.15079  1.03%  21.6  904s
 11633  5273     cutoff   42      -643.51998 -650.14899  1.03%  21.6  906s
 11705  5335 -645.70464   27    2 -643.51998 -650.14674  1.03%  21.6  919s
 11850  5410     cutoff   43      -643.51998 -650.13294  1.03%  21.5  936s
 11997  5476     cutoff   42      -643.51998 -650.12398  1.03%  21.5  955s
 12119  5531 -643.80354   41    - -643.51998 -650.11401  1.02%  21.5  969s
 12189  5538     cutoff   36      -643.51998 -650.09942  1.02%  21.5  971s
 12272  5604     cutoff   44      -643.51998 -650.09750  1.02%  21.5  988s
 12403  5678     cutoff   43      -643.51998 -650.08753  1.02%  21.4 1002s
 12526  5712 -647.93313   37    4 -643.51998 -650.08039  1.02%  21.4 1015s
 12674  5800     cutoff   45      -643.51998 -650.07398  1.02%  21.4 1038s
 12821  5857     cutoff   43      -643.51998 -650.06198  1.02%  21.3 1054s
 12891  5863     cutoff   44      -643.51998 -650.05605  1.02%  21.3 1057s
 12968  5918     cutoff   43      -643.51998 -650.05336  1.02%  21.3 1072s
 13094  5984     cutoff   44      -643.51998 -650.04041  1.01%  21.3 1088s
 13176  5993 -646.20010   42    2 -643.51998 -650.03195  1.01%  21.3 1092s
 13267  6059     cutoff   44      -643.51998 -650.03068  1.01%  21.3 1111s
 13412  6120     cutoff   45      -643.51998 -650.02671  1.01%  21.2 1128s
 13475  6128 -646.23244   43    2 -643.51998 -650.02671  1.01%  21.2 1131s
 13538  6179 -645.96699   39    2 -643.51998 -650.01052  1.01%  21.2 1147s
 13691  6244     cutoff   43      -643.51998 -650.00059  1.01%  21.2 1167s
 13796  6276     cutoff   30      -643.51998 -649.99717  1.01%  21.2 1182s
 13939  6349     cutoff   44      -643.51998 -649.98073  1.00%  21.2 1202s
 14068  6406     cutoff   42      -643.51998 -649.97474  1.00%  21.1 1217s
 14185  6476     cutoff   38      -643.51998 -649.96789  1.00%  21.1 1233s
 14274  6486     cutoff   34      -643.51998 -649.95655  1.00%  21.1 1237s
 14348  6537     cutoff   43      -643.51998 -649.95002  1.00%  21.1 1250s
 14442  6574     cutoff   43      -643.51998 -649.94907  1.00%  21.1 1264s
 14533  6617     cutoff   44      -643.51998 -649.93621  1.00%  21.1 1277s
 14650  6680     cutoff   43      -643.51998 -649.90703  0.99%  21.1 1295s
 14789  6717     cutoff   44      -643.51998 -649.89354  0.99%  21.1 1310s
 14891  6766     cutoff   34      -643.51998 -649.88924  0.99%  21.1 1325s
 14996  6819     cutoff   45      -643.51998 -649.87739  0.99%  21.1 1341s
 15132  6859     cutoff   42      -643.51998 -649.86555  0.99%  21.0 1361s
 15250  6925     cutoff   40      -643.51998 -649.85391  0.98%  21.1 1380s
 15412  6974     cutoff   44      -643.51998 -649.84126  0.98%  21.0 1399s
 15475  6981     cutoff   42      -643.51998 -649.84126  0.98%  21.0 1402s
 15553  6998 -648.15396   36   21 -643.51998 -649.83852  0.98%  21.0 1430s
 15555  6999 -647.15006   34   20 -643.51998 -649.83852  0.98%  21.0 1450s
 15558  7004 -649.83852   25   20 -643.51998 -649.83852  0.98%  21.1 1500s
 15560  7006 -649.83852   26   21 -643.51998 -649.83852  0.98%  21.1 1521s
 15562  7007 -649.83852   26   17 -643.51998 -649.83852  0.98%  21.1 1535s
 15564  7008 -649.83852   27   20 -643.51998 -649.83852  0.98%  21.1 1556s
 15566  7010 -649.83852   27   16 -643.51998 -649.83852  0.98%  21.1 1567s
 15568  7011 -649.83852   28   18 -643.51998 -649.83852  0.98%  21.1 1577s
 15570  7012 -649.83852   28   16 -643.51998 -649.83852  0.98%  21.1 1583s
 15572  7016 -649.83852   29   13 -643.51998 -649.83852  0.98%  21.1 1591s
 15576  7018 -649.83852   30   10 -643.51998 -649.83852  0.98%  21.1 1595s
 15580  7022 -649.83852   31   11 -643.51998 -649.83852  0.98%  21.1 1600s
 15591  7021 -649.83852   33   10 -643.51998 -649.83852  0.98%  21.2 1606s
 15598  7025 -649.83852   35   12 -643.51998 -649.83852  0.98%  21.2 1615s
 15611  7020     cutoff   37      -643.51998 -649.83852  0.98%  21.2 1620s
 15623  7017     cutoff   40      -643.51998 -649.83852  0.98%  21.2 1627s
 15628  7011     cutoff   41      -643.51998 -649.83852  0.98%  21.2 1630s
 15634  7012 -648.72791   43    8 -643.51998 -649.83852  0.98%  21.2 1635s
 15657  7007     cutoff   48      -643.51998 -649.83852  0.98%  21.2 1642s
 15665  7010 -643.66767   51    - -643.51998 -649.83852  0.98%  21.3 1646s
 15680  7022 -649.83852   31   13 -643.51998 -649.83852  0.98%  21.3 1651s
 15695  7032 -649.83852   33   14 -643.51998 -649.83852  0.98%  21.3 1656s
 15730  7030 -649.67782   37    7 -643.51998 -649.83852  0.98%  21.3 1664s
 15745  7037 -647.36308   42    5 -643.51998 -649.83852  0.98%  21.3 1668s
 15767  7039 -649.83852   33   14 -643.51998 -649.83852  0.98%  21.3 1671s
 15782  7045 -649.83852   38    9 -643.51998 -649.83852  0.98%  21.3 1675s
 15822  7040     cutoff   43      -643.51998 -649.83852  0.98%  21.3 1683s
 15843  7041     cutoff   50      -643.51998 -649.83852  0.98%  21.3 1687s
 15856  7041 -649.83852   33   10 -643.51998 -649.83852  0.98%  21.4 1691s
 15874  7043 -649.83852   36    9 -643.51998 -649.83852  0.98%  21.4 1695s
 15888  7050     cutoff   40      -643.51998 -649.83852  0.98%  21.4 1700s
 15948  7068 -647.38017   53    2 -643.51998 -649.83852  0.98%  21.4 1710s
 15973  7072 -649.83852   34   13 -643.51998 -649.83852  0.98%  21.4 1715s
 15999  7078 -646.11834   42    5 -643.51998 -649.83852  0.98%  21.4 1720s
 16028  7097 -649.83852   38    8 -643.51998 -649.83852  0.98%  21.5 1725s
 16068  7098     cutoff   53      -643.51998 -649.83852  0.98%  21.4 1732s
 16094  7111 -649.46727   36    9 -643.51998 -649.83852  0.98%  21.5 1739s
 16115  7107 -648.38966   38   10 -643.51998 -649.83852  0.98%  21.5 1741s
 16144  7114     cutoff   53      -643.51998 -649.83852  0.98%  21.5 1749s
 16167  7126     cutoff   52      -643.51998 -649.83852  0.98%  21.5 1755s
 16198  7133 -648.94670   42    6 -643.51998 -649.83852  0.98%  21.5 1763s
 16238  7145     cutoff   53      -643.51998 -649.83852  0.98%  21.5 1773s
 16291  7143 -649.83852   32   13 -643.51998 -649.83852  0.98%  21.5 1781s
 16323  7149 -646.35762   37    6 -643.51998 -649.83852  0.98%  21.5 1788s
 16378  7165 -645.37112   52    2 -643.51998 -649.83852  0.98%  21.5 1799s
 16405  7157     cutoff   53      -643.51998 -649.83852  0.98%  21.5 1800s
 16436  7189     cutoff   46      -643.51998 -649.83852  0.98%  21.5 1808s
 16488  7185     cutoff   49      -643.51998 -649.83852  0.98%  21.5 1816s
 16528  7208     cutoff   50      -643.51998 -649.83852  0.98%  21.5 1825s
 16586  7199     cutoff   52      -643.51998 -649.83852  0.98%  21.5 1834s
 16621  7191     cutoff   32      -643.51998 -649.83852  0.98%  21.6 1842s
 16671  7201     cutoff   47      -643.51998 -649.83852  0.98%  21.6 1854s
 16729  7220 -648.09673   50    5 -643.51998 -649.83852  0.98%  21.6 1865s
 16809  7227     cutoff   54      -643.51998 -649.83852  0.98%  21.6 1879s
 16880  7235     cutoff   51      -643.51998 -649.83852  0.98%  21.6 1891s
 16934  7246 -649.83852   36   11 -643.51998 -649.83852  0.98%  21.6 1903s
 17003  7252 -649.61829   45    6 -643.51998 -649.83852  0.98%  21.7 1916s
 17068  7272     cutoff   49      -643.51998 -649.83852  0.98%  21.7 1931s
 17143  7293 -644.40226   46    2 -643.51998 -649.83852  0.98%  21.7 1945s
 17228  7297 -645.59446   40    3 -643.51998 -649.83852  0.98%  21.7 1959s
 17274  7284 -649.83852   40    6 -643.51998 -649.83852  0.98%  21.7 1960s
 17305  7338     cutoff   54      -643.51998 -649.83852  0.98%  21.7 1974s
 17349  7324     cutoff   45      -643.51998 -649.83852  0.98%  21.7 1975s
 17402  7378     cutoff   52      -643.51998 -649.83852  0.98%  21.7 1989s
 17516  7399     cutoff   53      -643.51998 -649.83852  0.98%  21.7 2006s
 17608  7427 -646.14764   46    6 -643.51998 -649.83852  0.98%  21.7 2018s
 17682  7408 -649.83852   38    9 -643.51998 -649.83852  0.98%  21.7 2020s
 17731  7461     cutoff   54      -643.51998 -649.83852  0.98%  21.7 2041s
 17851  7473 -646.44749   47    2 -643.51998 -649.83852  0.98%  21.7 2061s
 17962  7471     cutoff   53      -643.51998 -649.83852  0.98%  21.7 2083s
 18039  7509     cutoff   48      -643.51998 -649.83852  0.98%  21.7 2103s
 18091  7497     cutoff   48      -643.51998 -649.83852  0.98%  21.7 2105s
 18193  7530     cutoff   44      -643.51998 -649.83852  0.98%  21.7 2128s
 18327  7582     cutoff   53      -643.51998 -649.83852  0.98%  21.7 2152s
 18475  7632     cutoff   44      -643.51998 -649.83852  0.98%  21.7 2176s
 18664  7672     cutoff   54      -643.51998 -649.83852  0.98%  21.7 2205s
 18840  7699     cutoff   52      -643.51998 -649.83852  0.98%  21.7 2238s
 19052  7722     cutoff   51      -643.51998 -649.83852  0.98%  21.6 2271s
 19196  7756     cutoff   53      -643.51998 -649.83852  0.98%  21.6 2300s
 19365  7793 -644.57522   43    3 -643.51998 -649.83852  0.98%  21.6 2330s
 19553  7837     cutoff   53      -643.51998 -649.83852  0.98%  21.6 2362s
 19765  7933     cutoff   51      -643.51998 -649.83852  0.98%  21.6 2397s
 19909  7893     cutoff   54      -643.51998 -649.83852  0.98%  21.6 2401s
 20032  7969     cutoff   53      -643.51998 -649.83852  0.98%  21.5 2432s
 20291  8012     cutoff   54      -643.51998 -649.83852  0.98%  21.5 2473s
 20509  8039 -649.30491   38    7 -643.51998 -649.83852  0.98%  21.5 2510s
 20736  8103     cutoff   41      -643.51998 -649.83852  0.98%  21.5 2547s
 20986  8152 -645.77481   52    2 -643.51998 -649.83852  0.98%  21.4 2584s
 21100  8123     cutoff   54      -643.51998 -649.83852  0.98%  21.4 2587s
 21225  8174     cutoff   54      -643.51998 -649.83852  0.98%  21.4 2623s
 21353  8150     cutoff   54      -643.51998 -649.83852  0.98%  21.4 2629s
 21465  8252     cutoff   53      -643.51998 -649.83852  0.98%  21.4 2666s
 21740  8295     cutoff   53      -643.51998 -649.83852  0.98%  21.4 2704s
 21966  8345     cutoff   54      -643.51998 -649.83852  0.98%  21.3 2744s
 22093  8311     cutoff   53      -643.51998 -649.83852  0.98%  21.3 2747s
 22226  8389     cutoff   53      -643.51998 -649.83852  0.98%  21.3 2787s
 22503  8432     cutoff   51      -643.51998 -649.83852  0.98%  21.3 2828s
 22652  8396     cutoff   53      -643.51998 -649.83852  0.98%  21.2 2832s
 22788  8455     cutoff   51      -643.51998 -649.83852  0.98%  21.2 2870s
 23041  8472     cutoff   53      -643.51998 -649.83852  0.98%  21.2 2905s
 23252  8500     cutoff   50      -643.51998 -649.83852  0.98%  21.2 2939s
 23469  8507     cutoff   53      -643.51998 -649.83852  0.98%  21.2 2975s
 23708  8569     cutoff   53      -643.51998 -649.83852  0.98%  21.2 3016s
 23985  8594 -646.01698   51    2 -643.51998 -649.83852  0.98%  21.1 3057s
 24256  8619     cutoff   44      -643.51998 -649.83852  0.98%  21.1 3103s
 24521  8630 -645.03503   51    2 -643.51998 -649.83852  0.98%  21.1 3143s
 24647  8602     cutoff   53      -643.51998 -649.83852  0.98%  21.0 3147s
 24796  8649     cutoff   32      -643.51998 -649.83852  0.98%  21.0 3189s
 24932  8620     cutoff   53      -643.51998 -649.83852  0.98%  21.0 3194s
 25041  8674     cutoff   40      -643.51998 -649.83852  0.98%  21.0 3229s
 25273  8697     cutoff   55      -643.51998 -649.83852  0.98%  21.0 3269s
 25527  8718     cutoff   51      -643.51998 -649.83852  0.98%  21.0 3310s
 25763  8744     cutoff   53      -643.51998 -649.83852  0.98%  20.9 3350s
 25971  8752     cutoff   50      -643.51998 -649.83852  0.98%  20.9 3393s
 26074  8723 -644.84348   51    2 -643.51998 -649.83852  0.98%  20.9 3395s
 26219  8779     cutoff   44      -643.51998 -649.83852  0.98%  20.9 3440s
 26469  8814     cutoff   53      -643.51998 -649.83852  0.98%  20.9 3487s
 26761  8863     cutoff   53      -643.51998 -649.83852  0.98%  20.9 3540s
 26919  8824     cutoff   42      -643.51998 -649.83852  0.98%  20.9 3545s
 27064  8897 -645.57456   52    2 -643.51998 -649.83852  0.98%  20.8 3591s
 27238  8863     cutoff   51      -643.51998 -649.83852  0.98%  20.8 3599s
 27373  8904     cutoff   53      -643.51998 -649.83852  0.98%  20.8 3642s
 27608  8946     cutoff   54      -643.51998 -649.83852  0.98%  20.8 3689s
 27743  8914     cutoff   41      -643.51998 -649.83852  0.98%  20.8 3693s
 27888  8991     cutoff   52      -643.51998 -649.83852  0.98%  20.8 3736s
 28170  8970     cutoff   42      -643.51998 -649.83852  0.98%  20.7 3776s
 28383  8998     cutoff   52      -643.51998 -649.83852  0.98%  20.7 3819s
 28521  8965     cutoff   52      -643.51998 -649.83852  0.98%  20.7 3823s
 28608  9036     cutoff   53      -643.51998 -649.83852  0.98%  20.7 3864s
 28737  9007     cutoff   51      -643.51998 -649.83852  0.98%  20.7 3869s
 28864  9061     cutoff   54      -643.51998 -649.83852  0.98%  20.7 3907s
 29138  9100     cutoff   53      -643.51998 -649.83852  0.98%  20.7 3954s
 29274  9066 -646.84327   39    8 -643.51998 -649.83852  0.98%  20.6 3958s
 29431  9111     cutoff   54      -643.51998 -649.83852  0.98%  20.6 4002s
 29578  9073     cutoff   54      -643.51998 -649.83852  0.98%  20.6 4006s
 29694  9125     cutoff   52      -643.51998 -649.83852  0.98%  20.6 4048s
 29814  9091     cutoff   43      -643.51998 -649.83852  0.98%  20.6 4050s
 29954  9129     cutoff   53      -643.51998 -649.83852  0.98%  20.6 4092s
 30120  9089     cutoff   54      -643.51998 -649.83852  0.98%  20.5 4097s
 30234  9121     cutoff   54      -643.51998 -649.83852  0.98%  20.5 4142s
 30343  9100 -644.08076   52    - -643.51998 -649.83852  0.98%  20.5 4147s
 30496  9175     cutoff   53      -643.51998 -649.83852  0.98%  20.5 4195s
 30632  9149     cutoff   54      -643.51998 -649.83852  0.98%  20.5 4201s
 30780  9198     cutoff   53      -643.51998 -649.83852  0.98%  20.5 4247s
 31088  9213     cutoff   49      -643.51998 -649.83852  0.98%  20.4 4296s
 31220  9181 -645.85602   52    2 -643.51998 -649.83852  0.98%  20.4 4300s
 31356  9242     cutoff   53      -643.51998 -649.83852  0.98%  20.4 4347s
 31640  9267     cutoff   54      -643.51998 -649.83852  0.98%  20.4 4395s
 31886  9267     cutoff   53      -643.51998 -649.83852  0.98%  20.4 4441s
 32037  9227     cutoff   40      -643.51998 -649.83852  0.98%  20.3 4445s
 32158  9275     cutoff   53      -643.51998 -649.83852  0.98%  20.3 4496s
 32442  9282     cutoff   52      -643.51998 -649.83852  0.98%  20.3 4548s
 32584  9253     cutoff   53      -643.51998 -649.83852  0.98%  20.3 4554s
 32715  9292     cutoff   54      -643.51998 -649.83332  0.98%  20.3 4596s
 32854  9260     cutoff   52      -643.51998 -649.82053  0.98%  20.3 4601s
 32995  9297     cutoff   54      -643.51998 -649.81983  0.98%  20.2 4648s
 33131  9265     cutoff   40      -643.51998 -649.80264  0.98%  20.2 4652s
 33256  9302 -644.94388   51    - -643.51998 -649.80204  0.98%  20.2 4699s
 33400  9266     cutoff   53      -643.51998 -649.77856  0.97%  20.2 4702s
 33555  9297     cutoff   53      -643.51998 -649.77609  0.97%  20.2 4752s
 33770  9339     cutoff   45      -643.51998 -649.76857  0.97%  20.2 4807s
 34045  9338     cutoff   52      -643.51998 -649.75139  0.97%  20.2 4858s
 34301  9352     cutoff   50      -643.51998 -649.73834  0.97%  20.2 4912s
 34544  9365     cutoff   54      -643.51998 -649.73191  0.97%  20.1 4964s
 34836  9365     cutoff   51      -643.51998 -649.70697  0.96%  20.1 5018s
 35127  9340     cutoff   53      -643.51998 -649.69545  0.96%  20.1 5069s
 35379  9358     cutoff   53      -643.51998 -649.68472  0.96%  20.1 5126s
 35493  9334 -644.15897   52    - -643.51998 -649.67009  0.96%  20.1 5131s
 35646  9331     cutoff   40      -643.51998 -649.66909  0.96%  20.0 5175s
 35802  9294     cutoff   52      -643.51998 -649.65333  0.95%  20.0 5181s
 35912  9341     cutoff   54      -643.51998 -649.65162  0.95%  20.0 5230s
 36055  9305     cutoff   50      -643.51998 -649.63964  0.95%  20.0 5235s
 36184  9317     cutoff   54      -643.51998 -649.63459  0.95%  20.0 5287s
 36306  9286     cutoff   50      -643.51998 -649.62482  0.95%  20.0 5291s
 36436  9333     cutoff   49      -643.51998 -649.62410  0.95%  20.0 5345s
 36686  9406     cutoff   49      -643.51998 -649.61250  0.95%  20.0 5402s
 36846  9422     cutoff   54      -643.51998 -649.59460  0.94%  20.0 5408s
 37003  9527     cutoff   53      -643.51998 -649.59400  0.94%  19.9 5462s
 37298  9628     cutoff   54      -643.51998 -649.57880  0.94%  19.9 5514s
 37399  9636 -644.32247   53    2 -643.51998 -649.57283  0.94%  19.9 5517s

Cutting planes:
  Lazy constraints: 88873

Explored 37521 nodes (747019 simplex iterations) in 5521.74 seconds
Thread count was 4 (of 4 available processors)

Solution count 2: -643.52 -642.68 

Time limit reached
Best objective -6.435199827217e+02, best bound -6.495725787096e+02, gap 0.9405%

User-callback calls 161206, time in user-callback 1263.68 sec
