
Gurobi 8.1.1 (win64) logging started 07/07/20 13:35:40

Changed value of parameter LogFile to Results/sslp3_20_100_200_BendersBnC.log
   Prev: gurobi.log  Default: 
Changed value of parameter Heuristics to 0.0
   Prev: 0.05  Min: 0.0  Max: 1.0  Default: 0.05
Changed value of parameter lazyConstraints to 1
   Prev: 0  Min: 0  Max: 1  Default: 0
Changed value of parameter timeLimit to 7176.566572189331
   Prev: 1e+100  Min: 0.0  Max: 1e+100  Default: 1e+100
Optimize a model with 2743 rows, 220 columns and 36690 nonzeros
Variable types: 200 continuous, 20 integer (20 binary)
Coefficient statistics:
  Matrix range     [4e-13, 2e+06]
  Objective range  [5e-03, 8e+01]
  Bounds range     [1e+00, 1e+00]
  RHS range        [2e-13, 5e+04]
Warning: Model contains large matrix coefficient range
         Consider reformulating model or setting NumericFocus parameter
         to avoid numerical issues.
Presolve removed 441 rows and 0 columns
Presolve time: 0.05s
Presolved: 2302 rows, 220 columns, 32766 nonzeros
Variable types: 200 continuous, 20 integer (20 binary)

Root relaxation: objective -1.133705e+03, 255 iterations, 0.06 seconds

    Nodes    |    Current Node    |     Objective Bounds      |     Work
 Expl Unexpl |  Obj  Depth IntInf | Incumbent    BestBd   Gap | It/Node Time

     0     0 -1133.7051    0   12          - -1133.7051      -     -    0s
     0     0 -1133.4776    0   13          - -1133.4776      -     -    0s
     0     0 -1133.2874    0   11          - -1133.2874      -     -    0s
     0     0 -1133.1326    0   13          - -1133.1326      -     -    0s
     0     0 -1132.9682    0   12          - -1132.9682      -     -    0s
     0     0 -1132.7956    0   13          - -1132.7956      -     -    0s
     0     0 -1132.6711    0   12          - -1132.6711      -     -    0s
     0     0 -1132.5606    0   13          - -1132.5606      -     -    0s
     0     0 -1132.4740    0   12          - -1132.4740      -     -    0s
     0     0 -1132.3689    0   12          - -1132.3689      -     -    0s
     0     0 -1132.2703    0   14          - -1132.2703      -     -    0s
     0     0 -1132.1851    0   12          - -1132.1851      -     -    0s
     0     0 -1132.1256    0   13          - -1132.1256      -     -    0s
     0     0 -1132.0265    0   13          - -1132.0265      -     -    0s
     0     0 -1131.9481    0   13          - -1131.9481      -     -    0s
     0     0 -1131.8571    0   13          - -1131.8571      -     -    0s
     0     0 -1131.7687    0   13          - -1131.7687      -     -    0s
     0     0 -1131.7220    0   13          - -1131.7220      -     -    0s
     0     0 -1131.6442    0   13          - -1131.6442      -     -    0s
     0     0 -1131.6020    0   13          - -1131.6020      -     -    0s
     0     0 -1131.5485    0   14          - -1131.5485      -     -    0s
     0     0 -1131.4618    0   13          - -1131.4618      -     -    0s
     0     0 -1131.4219    0   14          - -1131.4219      -     -    0s
     0     0 -1131.3878    0   14          - -1131.3878      -     -    0s
     0     0 -1131.3421    0   14          - -1131.3421      -     -    0s
     0     0 -1131.2981    0   14          - -1131.2981      -     -    0s
     0     0 -1131.2657    0   14          - -1131.2657      -     -    0s
     0     0 -1131.2308    0   14          - -1131.2308      -     -    0s
     0     0 -1131.1718    0   13          - -1131.1718      -     -    0s
     0     0 -1131.1145    0   14          - -1131.1145      -     -    0s
     0     0 -1131.0790    0   13          - -1131.0790      -     -    0s
     0     0 -1131.0321    0   12          - -1131.0321      -     -    0s
     0     0 -1130.9486    0   13          - -1130.9486      -     -    0s
     0     0 -1130.8941    0   13          - -1130.8941      -     -    0s
     0     0 -1130.8667    0   13          - -1130.8667      -     -    0s
     0     0 -1130.8175    0   13          - -1130.8175      -     -    1s
     0     0 -1130.7615    0   12          - -1130.7615      -     -    1s
     0     0 -1130.7036    0   12          - -1130.7036      -     -    1s
     0     0 -1130.6477    0   12          - -1130.6477      -     -    1s
     0     0 -1130.5966    0   12          - -1130.5966      -     -    1s
     0     0 -1130.5649    0   11          - -1130.5649      -     -    1s
     0     0 -1130.5072    0   13          - -1130.5072      -     -    1s
     0     0 -1130.4889    0   12          - -1130.4889      -     -    1s
     0     0 -1130.4337    0   12          - -1130.4337      -     -    1s
     0     0 -1130.4037    0   12          - -1130.4037      -     -    1s
     0     0 -1130.3804    0   12          - -1130.3804      -     -    1s
     0     0 -1130.3264    0   12          - -1130.3264      -     -    1s
     0     0 -1130.3056    0   13          - -1130.3056      -     -    1s
     0     0 -1130.2727    0   13          - -1130.2727      -     -    1s
     0     0 -1130.2526    0   13          - -1130.2526      -     -    1s
     0     0 -1130.2058    0   12          - -1130.2058      -     -    1s
     0     0 -1130.1793    0   12          - -1130.1793      -     -    1s
     0     0 -1130.1681    0   12          - -1130.1681      -     -    1s
     0     0 -1130.1521    0   12          - -1130.1521      -     -    1s
     0     0 -1130.1302    0   12          - -1130.1302      -     -    1s
     0     0 -1130.1198    0   12          - -1130.1198      -     -    1s
     0     0 -1130.0825    0   12          - -1130.0825      -     -    1s
     0     0 -1130.0672    0   13          - -1130.0672      -     -    1s
     0     0 -1130.0212    0   12          - -1130.0212      -     -    1s
     0     0 -1129.9892    0   12          - -1129.9892      -     -    1s
     0     0 -1129.9586    0   12          - -1129.9586      -     -    1s
     0     0 -1129.9327    0   12          - -1129.9327      -     -    1s
     0     0 -1129.9185    0   12          - -1129.9185      -     -    1s
     0     0 -1129.8988    0   14          - -1129.8988      -     -    1s
     0     0 -1129.8978    0   14          - -1129.8978      -     -    1s
     0     0 -1129.8724    0   13          - -1129.8724      -     -    1s
     0     0 -1129.8716    0   13          - -1129.8716      -     -    1s
     0     0 -1129.8451    0   13          - -1129.8451      -     -    1s
     0     0 -1129.8215    0   13          - -1129.8215      -     -    1s
     0     0 -1129.8082    0   12          - -1129.8082      -     -    1s
     0     0 -1129.7983    0   13          - -1129.7983      -     -    1s
     0     0 -1129.7799    0   13          - -1129.7799      -     -    1s
     0     0 -1129.7533    0   13          - -1129.7533      -     -    1s
     0     0 -1129.7431    0   13          - -1129.7431      -     -    1s
     0     0 -1129.7368    0   13          - -1129.7368      -     -    1s
     0     0 -1129.7151    0   13          - -1129.7151      -     -    1s
     0     0 -1129.7081    0   12          - -1129.7081      -     -    2s
     0     0 -1129.7071    0   13          - -1129.7071      -     -    2s
     0     0 -1129.7056    0   13          - -1129.7056      -     -    2s
     0     0 -1129.7017    0   13          - -1129.7017      -     -    2s
     0     0 -1129.7011    0   14          - -1129.7011      -     -    2s
     0     0 -1129.6906    0   13          - -1129.6906      -     -    2s
     0     0 -1129.6844    0   12          - -1129.6844      -     -    2s
     0     0 -1129.6834    0   12          - -1129.6834      -     -    2s
     0     0 -1129.6729    0   13          - -1129.6729      -     -    2s
     0     0 -1129.6674    0   13          - -1129.6674      -     -    2s
     0     0 -1129.6642    0   13          - -1129.6642      -     -    2s
     0     0 -1129.6516    0   10          - -1129.6516      -     -    2s
     0     0 -1129.6501    0   12          - -1129.6501      -     -    2s
     0     0 -1129.6487    0   12          - -1129.6487      -     -    2s
     0     0 -1129.6429    0   11          - -1129.6429      -     -    2s
     0     0 -1129.6412    0   12          - -1129.6412      -     -    2s
     0     0 -1129.6370    0   11          - -1129.6370      -     -    2s
     0     0 -1129.6362    0   12          - -1129.6362      -     -    2s
     0     0 -1129.6349    0   12          - -1129.6349      -     -    2s
     0     0 -1129.6341    0   12          - -1129.6341      -     -    2s
     0     0 -1129.6326    0   12          - -1129.6326      -     -    2s
     0     0 -1129.6321    0   12          - -1129.6321      -     -    2s
     0     0 -1129.6295    0   10          - -1129.6295      -     -    2s
     0     0 -1129.6274    0   11          - -1129.6274      -     -    2s
     0     0 -1129.6264    0   11          - -1129.6264      -     -    2s
     0     0 -1129.6254    0   12          - -1129.6254      -     -    2s
     0     0 -1129.6243    0   12          - -1129.6243      -     -    2s
     0     0 -1129.6216    0   12          - -1129.6216      -     -    2s
     0     0 -1129.6214    0   13          - -1129.6214      -     -    2s
     0     0 -1129.6145    0   13          - -1129.6145      -     -    2s
     0     0 -1129.6124    0   12          - -1129.6124      -     -    2s
     0     0 -1129.6117    0   11          - -1129.6117      -     -    2s
     0     0 -1129.6116    0   11          - -1129.6116      -     -    2s
     0     0 -1129.5339    0   11          - -1129.5339      -     -    2s
     0     0 -1129.5029    0   12          - -1129.5029      -     -    2s
     0     0 -1129.4929    0   11          - -1129.4929      -     -    2s
     0     0 -1129.4684    0   11          - -1129.4684      -     -    2s
     0     0 -1129.4543    0   10          - -1129.4543      -     -    2s
     0     0 -1129.4217    0   10          - -1129.4217      -     -    2s
     0     0 -1129.4004    0   11          - -1129.4004      -     -    2s
     0     0 -1129.3968    0   11          - -1129.3968      -     -    2s
     0     0 -1129.3660    0   11          - -1129.3660      -     -    3s
     0     0 -1129.3541    0   11          - -1129.3541      -     -    3s
     0     0 -1129.3468    0   12          - -1129.3468      -     -    3s
     0     0 -1129.3387    0   12          - -1129.3387      -     -    3s
     0     0 -1129.3301    0   12          - -1129.3301      -     -    3s
     0     0 -1129.3125    0   12          - -1129.3125      -     -    3s
     0     0 -1129.3104    0   12          - -1129.3104      -     -    3s
     0     0 -1129.2838    0   12          - -1129.2838      -     -    3s
     0     0 -1129.2760    0   12          - -1129.2760      -     -    3s
     0     0 -1129.2741    0   13          - -1129.2741      -     -    3s
     0     0 -1129.2640    0   13          - -1129.2640      -     -    3s
     0     0 -1129.2513    0   12          - -1129.2513      -     -    3s
     0     0 -1129.2427    0   11          - -1129.2427      -     -    3s
     0     0 -1129.2350    0   11          - -1129.2350      -     -    3s
     0     0 -1129.2218    0   11          - -1129.2218      -     -    3s
     0     0 -1129.2142    0   11          - -1129.2142      -     -    3s
     0     0 -1129.2117    0   12          - -1129.2117      -     -    3s
     0     0 -1129.2092    0   11          - -1129.2092      -     -    3s
     0     0 -1129.1980    0   13          - -1129.1980      -     -    3s
     0     0 -1129.1957    0   12          - -1129.1957      -     -    3s
     0     0 -1129.1953    0   12          - -1129.1953      -     -    3s
     0     0 -1129.1758    0   12          - -1129.1758      -     -    3s
     0     0 -1129.1619    0   12          - -1129.1619      -     -    3s
     0     0 -1129.1599    0   12          - -1129.1599      -     -    3s
     0     0 -1129.1542    0   11          - -1129.1542      -     -    3s
     0     0 -1129.1455    0   11          - -1129.1455      -     -    3s
     0     0 -1129.1410    0   11          - -1129.1410      -     -    3s
     0     0 -1129.1407    0   11          - -1129.1407      -     -    3s
     0     0 -1129.1133    0   12          - -1129.1133      -     -    3s
     0     0 -1129.1017    0   11          - -1129.1017      -     -    3s
     0     0 -1129.0911    0   11          - -1129.0911      -     -    3s
     0     0 -1129.0791    0   11          - -1129.0791      -     -    3s
     0     0 -1129.0673    0   12          - -1129.0673      -     -    3s
     0     0 -1129.0657    0   12          - -1129.0657      -     -    3s
     0     0 -1129.0650    0   12          - -1129.0650      -     -    3s
     0     0 -1129.0543    0   11          - -1129.0543      -     -    4s
     0     0 -1129.0485    0   13          - -1129.0485      -     -    4s
     0     0 -1129.0300    0   13          - -1129.0300      -     -    4s
     0     0 -1129.0270    0   12          - -1129.0270      -     -    4s
     0     0 -1129.0262    0   12          - -1129.0262      -     -    4s
     0     0 -1129.0194    0   13          - -1129.0194      -     -    4s
     0     0 -1129.0174    0   11          - -1129.0174      -     -    4s
     0     0 -1129.0151    0   11          - -1129.0151      -     -    4s
     0     0 -1129.0130    0   13          - -1129.0130      -     -    4s
     0     0 -1128.9913    0   12          - -1128.9913      -     -    4s
     0     0 -1128.9883    0   12          - -1128.9883      -     -    4s
     0     0 -1128.9853    0   12          - -1128.9853      -     -    4s
     0     0 -1128.9771    0   11          - -1128.9771      -     -    4s
     0     0 -1128.9719    0   11          - -1128.9719      -     -    4s
     0     0 -1128.9699    0   11          - -1128.9699      -     -    4s
     0     0 -1128.9664    0   11          - -1128.9664      -     -    4s
     0     0 -1128.9618    0   12          - -1128.9618      -     -    4s
     0     0 -1128.9574    0   12          - -1128.9574      -     -    4s
     0     0 -1128.9504    0   11          - -1128.9504      -     -    4s
     0     0 -1128.9474    0   12          - -1128.9474      -     -    4s
     0     0 -1128.9465    0   12          - -1128.9465      -     -    4s
     0     0 -1128.9258    0   12          - -1128.9258      -     -    4s
     0     0 -1128.9186    0   11          - -1128.9186      -     -    4s
     0     0 -1128.9161    0   13          - -1128.9161      -     -    4s
     0     0 -1128.9140    0   13          - -1128.9140      -     -    4s
     0     0 -1128.9072    0   12          - -1128.9072      -     -    4s
     0     0 -1128.9070    0   12          - -1128.9070      -     -    4s
     0     0 -1128.8985    0   12          - -1128.8985      -     -    4s
     0     0 -1128.8776    0   12          - -1128.8776      -     -    4s
     0     0 -1128.8714    0   13          - -1128.8714      -     -    4s
     0     0 -1128.8658    0   13          - -1128.8658      -     -    4s
     0     0 -1128.8602    0   11          - -1128.8602      -     -    4s
     0     0 -1128.8567    0   11          - -1128.8567      -     -    4s
     0     0 -1128.8454    0   11          - -1128.8454      -     -    4s
     0     0 -1128.8416    0   13          - -1128.8416      -     -    4s
     0     0 -1128.8404    0   13          - -1128.8404      -     -    5s
     0     0 -1128.8347    0   14          - -1128.8347      -     -    5s
     0     0 -1128.8333    0   14          - -1128.8333      -     -    5s
     0     0 -1128.8291    0   13          - -1128.8291      -     -    5s
     0     0 -1128.8241    0   12          - -1128.8241      -     -    5s
     0     0 -1128.8226    0   13          - -1128.8226      -     -    5s
     0     0 -1128.8165    0   13          - -1128.8165      -     -    5s
     0     0 -1128.8160    0   13          - -1128.8160      -     -    5s
     0     0 -1128.8112    0   13          - -1128.8112      -     -    5s
     0     0 -1128.8094    0   13          - -1128.8094      -     -    5s
     0     0 -1128.8049    0   12          - -1128.8049      -     -    5s
     0     0 -1128.8004    0   13          - -1128.8004      -     -    5s
     0     0 -1128.7979    0   13          - -1128.7979      -     -    5s
     0     0 -1128.7968    0   11          - -1128.7968      -     -    5s
     0     0 -1128.7958    0   13          - -1128.7958      -     -    5s
     0     0 -1128.7939    0   11          - -1128.7939      -     -    5s
     0     0 -1128.7937    0   11          - -1128.7937      -     -    5s
     0     0 -1128.7890    0   12          - -1128.7890      -     -    5s
     0     0 -1128.7857    0   11          - -1128.7857      -     -    5s
     0     0 -1128.7790    0   13          - -1128.7790      -     -    5s
     0     0 -1128.7784    0   14          - -1128.7784      -     -    5s
     0     0 -1128.7743    0   13          - -1128.7743      -     -    5s
     0     0 -1128.7707    0   13          - -1128.7707      -     -    5s
     0     0 -1128.7663    0   12          - -1128.7663      -     -    5s
     0     0 -1128.7637    0   13          - -1128.7637      -     -    5s
     0     0 -1128.7631    0   13          - -1128.7631      -     -    5s
     0     0 -1128.7623    0   13          - -1128.7623      -     -    5s
     0     0 -1128.7600    0   13          - -1128.7600      -     -    5s
     0     0 -1128.7535    0   13          - -1128.7535      -     -    5s
     0     0 -1128.7464    0   13          - -1128.7464      -     -    5s
     0     0 -1128.7444    0   13          - -1128.7444      -     -    5s
     0     0 -1128.7440    0   13          - -1128.7440      -     -    6s
     0     0 -1128.7432    0   13          - -1128.7432      -     -    6s
     0     0 -1128.7361    0   14          - -1128.7361      -     -    6s
     0     0 -1128.7312    0   14          - -1128.7312      -     -    6s
     0     0 -1128.7285    0   14          - -1128.7285      -     -    6s
     0     0 -1128.7272    0   14          - -1128.7272      -     -    6s
     0     0 -1128.7267    0   14          - -1128.7267      -     -    6s
     0     0 -1128.7265    0   14          - -1128.7265      -     -    6s
     0     0 -1128.7220    0   13          - -1128.7220      -     -    6s
     0     0 -1128.7195    0   13          - -1128.7195      -     -    6s
     0     0 -1128.7158    0   14          - -1128.7158      -     -    6s
     0     0 -1128.7136    0   14          - -1128.7136      -     -    6s
     0     0 -1128.7132    0   14          - -1128.7132      -     -    6s
     0     0 -1128.7124    0   14          - -1128.7124      -     -    6s
     0     0 -1128.7124    0   14          - -1128.7124      -     -    6s
     0     2 -1128.7124    0   14          - -1128.7124      -     -    6s
     4     3 -1088.7543    1    -          - -1128.5147      -  37.3   10s
    14    10 -1125.0145    7    8          - -1128.5147      -  50.9   19s
    19    10 -1121.6416    9    8          - -1128.5147      -  57.3   24s
    22    10 -1120.4336   10    7          - -1128.5147      -  55.7   29s
    26    12 -1114.1657   11    9          - -1128.5147      -  54.4   36s
    29    16 -1108.8855   12    8          - -1128.5147      -  54.8   40s
    32    17 -1030.2156    3    -          - -1128.5147      -  54.4   45s
    39    18 -1099.3725   13    -          - -1128.5147      -  55.2   54s
    41    21 -1066.6030   13    3          - -1128.5147      -  57.5   57s
    47    21 -1067.7232   15    5          - -1128.5147      -  59.9   61s
    50    25 -1063.1748   16    -          - -1128.5147      -  58.7   66s
    63    32 -1031.2184   19    1          - -1128.5147      -  54.4   71s
*   70    33              20    -812.5049787 -1128.4335  38.9%  58.6   80s
    76    31     cutoff   20      -812.50498 -1128.2623  38.9%  60.0   90s
    83    37 -1088.7924    3    3 -812.50498 -1128.2623  38.9%  58.3   97s
    89    37 -1087.3111    6    - -812.50498 -1128.2623  38.9%  57.7  102s
    93    41 -1058.6005   16    - -812.50498 -1128.2623  38.9%  56.8  111s
    99    39 -1084.4107    8    - -812.50498 -1128.2623  38.9%  55.0  118s
   104    42 -1078.3290    8    2 -812.50498 -1128.2623  38.9%  55.5  128s
   109    42 -1039.8625    8    - -812.50498 -1128.2623  38.9%  54.3  139s
   111    44 -983.85704   17    - -812.50498 -1128.2623  38.9%  54.3  142s
   113    46 -1077.5422   10    - -812.50498 -1128.2623  38.9%  54.1  146s
   117    49 -1037.5422   10    - -812.50498 -1128.2623  38.9%  53.8  151s
   127    53 -1067.1181   13    3 -812.50498 -1128.2623  38.9%  53.5  164s
   131    54 -1027.3019   13    - -812.50498 -1128.2623  38.9%  52.7  171s
   139    59 -834.18281   18    2 -812.50498 -1128.2623  38.9%  55.1  180s
   147    57 -1030.5030   18    - -812.50498 -1128.2623  38.9%  54.5  195s
   150    60 -901.96678   18    - -812.50498 -1128.2623  38.9%  54.6  202s
   154    59 -874.67721   18    2 -812.50498 -1128.2623  38.9%  58.4  205s
   158    62 -870.27994   18    2 -812.50498 -1128.2623  38.9%  59.3  212s
   160    64 -826.41979   19    1 -812.50498 -1128.2623  38.9%  60.2  215s
*  165    49              20    -818.7749770 -1127.2865  37.7%  62.2  218s
   179    58 -1085.5892    5    - -818.77498 -1126.5274  37.6%  62.3  225s
   184    59 -1085.4810    7    - -818.77498 -1126.5274  37.6%  62.2  230s
   191    64 -1079.5804    7    3 -818.77498 -1126.5274  37.6%  62.3  238s
   192    64 -1083.5492    9    - -818.77498 -1126.5274  37.6%  62.1  240s
   195    60 -1079.3685    8    - -818.77498 -1126.5274  37.6%  61.9  246s
   201    61 -1039.3685    8    - -818.77498 -1126.5274  37.6%  61.3  256s
   207    62 -1035.3073    8    - -818.77498 -1126.5274  37.6%  60.4  271s
   212    67 -1028.1647   11    - -818.77498 -1126.5274  37.6%  59.6  281s
   214    68 -1025.6242    8    - -818.77498 -1126.5274  37.6%  59.7  286s
   220    70 -1023.8248    8    - -818.77498 -1126.5274  37.6%  59.6  294s
   221    71 -1062.0516   12    - -818.77498 -1126.5274  37.6%  59.4  296s
   225    73 -1060.6076   13    - -818.77498 -1126.5274  37.6%  59.2  302s
   231    74 -1075.1807   10    - -818.77498 -1126.5274  37.6%  59.0  308s
   236    77 -1035.2001   10    - -818.77498 -1126.5274  37.6%  58.8  316s
   240    75 -1030.3614   10    - -818.77498 -1123.3314  37.2%  58.5  322s
   248    79 -1030.8167   12    - -818.77498 -1123.3314  37.2%  58.4  337s
   253    81 -1068.7330   13    - -818.77498 -1123.3314  37.2%  58.3  348s
   256    85 -986.50869   18    - -818.77498 -1123.3314  37.2%  58.3  352s
   259    85 -1029.5139   14    - -818.77498 -1123.3314  37.2%  58.7  358s
   263    88 -1063.6428   15    - -818.77498 -1123.3314  37.2%  58.9  363s
   266    84 -1063.0180   16    - -818.77498 -1123.3314  37.2%  59.4  366s
   275    87 -1037.2050   18    - -818.77498 -1123.3314  37.2%  59.7  371s
   282    89 -1033.4328   18    - -818.77498 -1123.3314  37.2%  60.1  377s
   287    87     cutoff   19      -818.77498 -1123.3314  37.2%  60.9  382s
   290    89 -1078.6423   12    - -818.77498 -1123.3314  37.2%  60.6  387s
   300    91     cutoff   20      -818.77498 -1100.9848  34.5%  60.9  394s
   308    99 -1081.7478   10    - -818.77498 -1100.9848  34.5%  61.2  404s
   330   102 -1068.9435   15    3 -818.77498 -1088.0163  32.9%  61.2  419s
   339   103 -1062.5437   17    - -818.77498 -1088.0163  32.9%  61.7  432s
   348   106 -1018.6775   19    - -818.77498 -1088.0163  32.9%  61.5  440s
   362   107 -821.58998   20    - -818.77498 -1086.5889  32.7%  62.6  446s
   376   116 -992.37211   16    4 -818.77498 -1086.3028  32.7%  62.4  460s
   387   115 -1009.4825   16    3 -818.77498 -1085.5404  32.6%  63.1  479s
   390   103     cutoff   20      -818.77498 -1085.4288  32.6%  63.1  482s
   404   103 -1033.2259   14    - -818.77498 -1080.4491  32.0%  62.4  507s
   410   114 -967.65657   19    1 -818.77498 -1080.4491  32.0%  61.9  514s
   417   107 -1030.1065   14    - -818.77498 -1079.3691  31.8%  62.4  520s
*  424   116              20    -823.1399786 -1079.0155  31.1%  62.3  530s
   438   111 -1021.3658   14    - -823.13998 -1078.5558  31.0%  62.4  554s
   443   118 -1029.6628   10    - -823.13998 -1078.5558  31.0%  62.2  566s
   446   117 -1019.4978   14    - -823.13998 -1078.5558  31.0%  62.3  572s
   450   122 -1066.5112   11    - -823.13998 -1078.5558  31.0%  61.8  582s
   455   124 -1014.5510   14    2 -823.13998 -1078.5558  31.0%  61.6  593s
   458   127 -1026.5112   11    - -823.13998 -1078.5558  31.0%  61.5  601s
   466   127 -1007.1385   17    3 -823.13998 -1078.5558  31.0%  61.1  607s
   469   131 -1056.2344   14    4 -823.13998 -1078.5558  31.0%  61.0  612s
   472   134 -978.36579   18    - -823.13998 -1078.5558  31.0%  60.8  620s
   492   125 -938.49611   19    - -823.13998 -1078.3243  31.0%  60.6  639s
   504   128 -1072.5984    5    - -823.13998 -1077.1826  30.9%  60.5  663s
   507   132 -978.91247   17    3 -823.13998 -1077.1826  30.9%  60.3  667s
   512   128 -1031.2883   11    2 -823.13998 -1077.0115  30.8%  60.3  678s
   521   137 -941.41632   18    - -823.13998 -1077.0115  30.8%  59.6  697s
   526   133 -1019.4618   13    2 -823.13998 -1076.7259  30.8%  59.9  702s
   536   133 -1015.3669   14    - -823.13998 -1076.5982  30.8%  59.8  723s
   541   140     cutoff   18      -823.13998 -1075.4300  30.6%  59.7  730s
   549   133 -975.15178   14    - -823.13998 -1073.9812  30.5%  59.4  741s
   554   140 -856.06706   18    - -823.13998 -1073.9812  30.5%  59.4  753s
   556   134 -1019.3067   15    - -823.13998 -1073.9501  30.5%  59.9  756s
   564   140 -1015.7893   15    5 -823.13998 -1073.9202  30.5%  59.8  767s
   568   142 -1013.4485   16    4 -823.13998 -1073.9202  30.5%  59.7  773s
   576   141 -992.47981   19    - -823.13998 -1073.9202  30.5%  59.6  786s
   581   146 -1024.0290   16    - -823.13998 -1073.9202  30.5%  59.8  791s
   589   142 -880.48040   19    1 -823.13998 -1072.7669  30.3%  60.3  800s
*  592   138              20    -845.5299767 -1072.7669  26.9%  60.5  807s
   608   141 -1071.5246    7    8 -845.52998 -1072.2221  26.8%  60.5  827s
   621   144 -1031.2058    8    - -845.52998 -1072.2221  26.8%  60.7  839s
   630   150 -1066.0717   13    - -845.52998 -1072.2221  26.8%  60.7  849s
   638   146 -1060.4722   16    - -845.52998 -1071.6367  26.7%  60.7  858s
   652   147 -1053.5166   17    3 -845.52998 -1071.1711  26.7%  60.4  881s
   665   149 -1017.1067   18    - -845.52998 -1070.9693  26.7%  60.1  904s
   673   149 -977.10674   18    - -845.52998 -1070.8379  26.6%  60.2  916s
   677   154     cutoff   19      -845.52998 -1070.4427  26.6%  60.3  923s
   683   152 -855.10174   18    2 -845.52998 -1070.4427  26.6%  60.6  934s
   690   150 -942.66646   18    - -845.52998 -1070.4188  26.6%  60.5  943s
   699   154 -902.66646   18    - -845.52998 -1070.4188  26.6%  60.3  964s
   701   158 -1026.8182   14    - -845.52998 -1070.4188  26.6%  60.6  967s
   711   152     cutoff   19      -845.52998 -1069.6660  26.5%  60.2  978s
   717   155 -1013.5886   19    - -845.52998 -1069.2734  26.5%  60.1  987s
   727   155 -1026.3389   12    - -845.52998 -1068.7895  26.4%  60.2 1002s
   734   161 -969.84014   19    1 -845.52998 -1068.7330  26.4%  60.0 1009s
   743   150 -1026.5896   12    - -845.52998 -1068.6594  26.4%  60.1 1022s
   749   161 -1030.2621    8    - -845.52998 -1067.4315  26.2%  60.0 1036s
   755   156 -1025.1096   14    2 -845.52998 -1067.0741  26.2%  60.2 1043s
   767   168 -1047.5841   15    5 -845.52998 -1067.0741  26.2%  60.1 1059s
   769   155     cutoff   20      -845.52998 -1066.7911  26.2%  60.1 1062s
   791   160     cutoff   20      -845.52998 -1065.1991  26.0%  60.1 1091s
   812   159     cutoff   20      -845.52998 -1063.7512  25.8%  60.4 1110s
   827   169 -1051.8618   14    5 -845.52998 -1063.7389  25.8%  60.6 1131s
   836   172 -1039.7166   16    - -845.52998 -1063.7389  25.8%  60.5 1143s
   841   176 -1036.6312   17    3 -845.52998 -1063.7389  25.8%  60.5 1150s
   844   172 -966.07518   17    - -845.52998 -1063.7389  25.8%  60.7 1157s
   857   173 -936.91132   18    - -845.52998 -1063.7389  25.8%  60.7 1174s
   862   176     cutoff   20      -845.52998 -1063.7389  25.8%  60.9 1179s
   870   167 -896.91132   18    - -845.52998 -1063.7389  25.8%  61.1 1189s
   882   172     cutoff   18      -845.52998 -1063.7389  25.8%  60.9 1211s
   890   172 -887.58371   18    2 -845.52998 -1063.7389  25.8%  61.6 1221s
   905   170     cutoff   19      -845.52998 -1063.7389  25.8%  61.7 1232s
   916   166     cutoff   18      -845.52998 -1061.4402  25.5%  61.9 1245s
   923   170     cutoff   19      -845.52998 -1060.2345  25.4%  61.8 1254s
   928   165 -1015.1655   15    - -845.52998 -1059.5091  25.3%  61.8 1264s
   944   177 -997.69716   18    2 -845.52998 -1059.5091  25.3%  61.4 1283s
   952   169     cutoff   20      -845.52998 -1059.0808  25.3%  61.8 1292s
*  963   179              20    -847.8149769 -1058.8460  24.9%  62.0 1304s
   980   170     cutoff   20      -847.81498 -1058.8460  24.9%  61.7 1323s
   988   176     cutoff   20      -847.81498 -1058.8460  24.9%  61.9 1331s
  1000   178     cutoff   20      -847.81498 -1051.3984  24.0%  62.2 1341s
  1012   186 -1021.9680   18    - -847.81498 -1050.6669  23.9%  62.5 1353s
  1027   185 -971.97461   18    1 -847.81498 -1049.8104  23.8%  62.9 1365s
  1045   190     cutoff   20      -847.81498 -1047.3558  23.5%  63.2 1383s
  1054   196 -912.89475   19    1 -847.81498 -1047.3315  23.5%  63.4 1390s
  1066   173     cutoff   20      -847.81498 -1046.6723  23.5%  63.5 1398s
  1078   186     cutoff   20      -847.81498 -1045.5892  23.3%  63.2 1419s
  1094   171 -1020.5676   17    - -847.81498 -1045.5892  23.3%  62.9 1458s
  1111   184 -905.12989   18    2 -847.81498 -1043.7646  23.1%  63.3 1479s
  1124   194     cutoff   20      -847.81498 -1043.5029  23.1%  63.4 1486s
  1138   177     cutoff   20      -847.81498 -1043.0305  23.0%  63.2 1511s
  1146   183 -1016.5356   14    3 -847.81498 -1043.0305  23.0%  63.0 1523s
  1157   181 -1027.5603   12    - -847.81498 -1041.3403  22.8%  62.7 1554s
  1174   188 -1012.2659   12    4 -847.81498 -1040.1876  22.7%  62.5 1587s
  1190   200 -1005.6024   14    2 -847.81498 -1037.2513  22.3%  62.2 1618s
  1209   204 -968.48484   18    - -847.81498 -1035.6938  22.2%  62.0 1644s
  1216   211 -929.80123   18    - -847.81498 -1035.6938  22.2%  62.1 1651s
  1221   205 -928.48484   18    - -847.81498 -1035.6928  22.2%  62.1 1663s
  1232   193     cutoff   18      -847.81498 -1034.4691  22.0%  62.2 1686s
  1245   208 -1024.8330   12    2 -847.81498 -1034.4691  22.0%  61.9 1715s
  1253   196 -928.98919   17    3 -847.81498 -1033.4524  21.9%  61.8 1737s
  1264   209 -893.94784   18    - -847.81498 -1031.9727  21.7%  61.7 1766s
  1281   209 -853.94784   18    - -847.81498 -1031.7651  21.7%  61.6 1795s
  1291   222 -1017.6620   16    - -847.81498 -1031.7323  21.7%  61.4 1809s
  1297   216     cutoff   18      -847.81498 -1031.7323  21.7%  61.3 1822s
  1306   230 -1011.6142   16    4 -847.81498 -1031.7323  21.7%  61.1 1838s
  1311   213 -1005.9344   17    3 -847.81498 -1031.3309  21.6%  61.3 1846s
  1318   223     cutoff   20      -847.81498 -1030.9990  21.6%  61.2 1856s
  1335   208     cutoff   19      -847.81498 -1030.7273  21.6%  61.1 1889s
  1344   216 -983.09153   18    1 -847.81498 -1030.5509  21.6%  60.9 1903s
  1358   220 -938.81693   18    2 -847.81498 -1030.5509  21.6%  60.9 1930s
  1363   227 -857.29498   20    - -847.81498 -1030.5509  21.6%  61.0 1937s
  1371   230     cutoff   19      -847.81498 -1029.4869  21.4%  61.1 1950s
  1390   241 -1012.2966   15    3 -847.81498 -1029.3972  21.4%  60.8 1972s
  1403   238 -907.53776   18    2 -847.81498 -1029.3254  21.4%  61.1 1992s
  1412   245 -980.77194   12    - -847.81498 -1029.1709  21.4%  61.2 2004s
  1424   236 -987.84932    8    - -847.81498 -1029.0811  21.4%  61.0 2038s
  1432   247 -973.14462   16    - -847.81498 -1029.0811  21.4%  61.0 2057s
  1435   241 -985.77838   18    - -847.81498 -1028.8457  21.4%  61.0 2064s
  1441   254 -1004.0224   18    2 -847.81498 -1028.4803  21.3%  61.0 2076s
  1450   244     cutoff   18      -847.81498 -1028.4803  21.3%  61.2 2090s
  1458   253 -878.15845   19    1 -847.81498 -1028.4803  21.3%  61.2 2099s
* 1460   253              20    -851.0599766 -1028.4803  20.8%  61.2 2102s
  1467   249 -1024.1287    9    6 -851.05998 -1028.4803  20.8%  61.1 2121s
  1479   258 -933.86483   18    2 -851.05998 -1028.4803  20.8%  61.0 2137s
  1488   252 -984.11631   10    - -851.05998 -1028.1292  20.8%  60.9 2157s
  1508   258 -981.11457   10    - -851.05998 -1027.9924  20.8%  60.6 2196s
  1518   269 -984.31596   14    - -851.05998 -1027.9924  20.8%  60.5 2210s
  1527   259 -972.15674   17    - -851.05998 -1027.9367  20.8%  60.4 2227s
  1543   263 -977.03762   18    - -851.05998 -1027.6630  20.8%  60.3 2264s
  1554   272 -1021.8364   14    5 -851.05998 -1027.5321  20.7%  60.1 2276s
  1565   263 -937.03800   18    - -851.05998 -1027.2619  20.7%  60.0 2305s
  1576   279 -1010.7503   17    3 -851.05998 -1026.9289  20.7%  59.8 2329s
  1590   264     cutoff   18      -851.05998 -1026.8976  20.7%  59.5 2360s
  1600   280 -976.74582   18    - -851.05998 -1026.8976  20.7%  59.4 2379s
  1620   278 -901.96328   18    - -851.05998 -1026.5393  20.6%  59.4 2410s
  1645   274 -984.39801    7    - -851.05998 -1026.3736  20.6%  59.4 2446s
  1676   279 -1023.3086   17    - -851.05998 -1025.9132  20.5%  59.0 2509s
  1709   291 -989.04303   18    - -851.05998 -1025.7697  20.5%  58.8 2554s
  1717   302     cutoff   20      -851.05998 -1025.7227  20.5%  58.8 2569s
  1732   293 -949.14446   18    2 -851.05998 -1025.4481  20.5%  58.9 2599s
  1757   298     cutoff   19      -851.05998 -1024.9590  20.4%  59.0 2641s
  1769   307     cutoff   20      -851.05998 -1024.6015  20.4%  58.8 2655s
  1787   295 -1022.0943   13    4 -851.05998 -1024.6015  20.4%  58.9 2686s
  1796   308     cutoff   20      -851.05998 -1024.6015  20.4%  58.9 2698s
  1827   296 -976.32081   16    - -851.05998 -1024.5144  20.4%  58.7 2760s
  1847   316 -959.89265   17    - -851.05998 -1024.2783  20.4%  58.6 2820s
  1867   323 -852.85319   19    1 -851.05998 -1024.1525  20.3%  58.6 2858s
  1890   328 -1020.8699   11    6 -851.05998 -1023.7389  20.3%  58.5 2889s
  1914   325 -989.45841   18    - -851.05998 -1023.6820  20.3%  58.2 2945s
  1928   337 -948.57176   18    - -851.05998 -1023.3584  20.2%  58.2 2967s
  1939   330 -949.56624   18    2 -851.05998 -1023.3584  20.2%  58.3 2992s
  1956   346 -943.84426   18    1 -851.05998 -1023.3584  20.2%  58.2 3012s
  1971   337 -967.06835   19    - -851.05998 -1023.0293  20.2%  58.3 3048s
* 1974   336              20    -853.8399776 -1023.0293  19.8%  58.4 3053s
  2007   336     cutoff   20      -853.83998 -1022.6786  19.8%  58.5 3104s
  2022   348     cutoff   20      -853.83998 -1022.6660  19.8%  58.5 3119s
  2033   333     cutoff   20      -853.83998 -1022.5400  19.8%  58.5 3153s
  2067   334 -1006.8650   15    - -853.83998 -1021.8555  19.7%  58.2 3228s
  2078   354     cutoff   20      -853.83998 -1021.8555  19.7%  58.2 3246s
  2099   346 -978.83496   16    - -853.83998 -1021.2893  19.6%  58.0 3292s
  2133   357 -993.49378   18    - -853.83998 -1021.0443  19.6%  57.7 3352s
  2146   369     cutoff   20      -853.83998 -1020.9800  19.6%  57.9 3357s
  2159   364     cutoff   20      -853.83998 -1020.9493  19.6%  57.9 3393s
  2176   373 -977.71270   16    - -853.83998 -1020.8697  19.6%  57.9 3408s
  2186   371     cutoff   20      -853.83998 -1020.7736  19.6%  57.8 3442s
  2203   385 -996.95460   17    3 -853.83998 -1020.4722  19.5%  57.6 3459s
  2216   379 -941.66519   18    2 -853.83998 -1020.4567  19.5%  57.6 3493s
  2241   376     cutoff   19      -853.83998 -1020.2834  19.5%  57.5 3548s
  2257   394 -967.60352   18    - -853.83998 -1019.8363  19.4%  57.5 3576s
  2274   385 -952.44340   18    2 -853.83998 -1019.6992  19.4%  57.5 3620s
  2287   402 -913.29898   19    1 -853.83998 -1019.6731  19.4%  57.4 3635s
  2316   395     cutoff   19      -853.83998 -1019.5816  19.4%  57.4 3685s
  2327   407 -979.22935   17    - -853.83998 -1019.3459  19.4%  57.3 3705s
  2340   405 -964.60406   17    - -853.83998 -1019.3459  19.4%  57.2 3742s
  2351   423 -872.44877   18    2 -853.83998 -1019.3459  19.4%  57.2 3762s
  2363   407 -950.46999   17    3 -853.83998 -1018.9285  19.3%  57.2 3792s
  2389   423 -921.72183   18    - -853.83998 -1018.6048  19.3%  57.1 3849s
  2401   434     cutoff   19      -853.83998 -1018.4188  19.3%  57.1 3856s
  2410   419 -881.91942   18    2 -853.83998 -1018.3759  19.3%  57.2 3887s
  2426   436 -975.60479   11    - -853.83998 -1017.9361  19.2%  57.0 3912s
  2440   425     cutoff   19      -853.83998 -1017.8857  19.2%  56.9 3958s
  2460   433 -1011.1073    8    6 -853.83998 -1017.8655  19.2%  56.9 4001s
  2494   439 -970.78318   17    - -853.83998 -1017.5665  19.2%  56.6 4078s
  2522   453 -968.26182   18    - -853.83998 -1017.0699  19.1%  56.5 4150s
  2557   452     cutoff   20      -853.83998 -1016.8268  19.1%  56.8 4194s
  2596   459     cutoff   20      -853.83998 -1016.6213  19.1%  56.7 4276s
  2639   471 -973.66811   10    - -853.83998 -1016.4098  19.0%  56.5 4354s
  2654   490     cutoff   20      -853.83998 -1015.9983  19.0%  56.4 4379s
  2672   473 -990.87912   15    - -853.83998 -1015.9983  19.0%  56.4 4423s
  2690   495     cutoff   20      -853.83998 -1015.9983  19.0%  56.3 4455s
  2704   476 -972.97413   17    - -853.83998 -1015.5995  18.9%  56.3 4500s
  2712   496 -872.91556   19    1 -853.83998 -1015.4158  18.9%  56.4 4514s
  2729   493 -960.91373   17    - -853.83998 -1015.3889  18.9%  56.4 4563s
  2757   496 -882.83849   19    1 -853.83998 -1014.7756  18.8%  56.4 4613s
  2799   496     cutoff   20      -853.83998 -1014.6476  18.8%  56.3 4694s
  2841   505     cutoff   20      -853.83998 -1014.0140  18.8%  56.1 4779s
  2879   528 -985.74450   18    - -853.83998 -1013.6532  18.7%  56.2 4850s
  2924   532 -883.68766   18    2 -853.83998 -1013.3968  18.7%  56.0 4922s
  2947   554     cutoff   20      -853.83998 -1013.0913  18.7%  55.8 4947s
  2966   554 -934.10330   18    2 -853.83998 -1012.9223  18.6%  55.8 4996s
  2988   576 -1001.4372   16    4 -853.83998 -1012.7453  18.6%  55.6 5026s
  3003   552     cutoff   19      -853.83998 -1012.7355  18.6%  55.7 5069s
  3020   574 -973.04177   12    - -853.83998 -1012.5261  18.6%  55.6 5102s
  3042   561 -969.34698    9    - -853.83998 -1012.5261  18.6%  55.5 5177s
  3084   576 -964.59441   17    - -853.83998 -1012.1429  18.5%  55.6 5249s
  3114   583 -871.37112   18    2 -853.83998 -1011.7134  18.5%  55.6 5322s
  3134   603 -969.14287   16    - -853.83998 -1011.2164  18.4%  55.5 5354s
  3148   588 -1002.9565   14    5 -853.83998 -1011.0993  18.4%  55.5 5404s
  3167   611 -984.27828   18    - -853.83998 -1010.9982  18.4%  55.4 5437s
  3181   600 -965.56048   12    - -853.83998 -1010.9557  18.4%  55.5 5484s
  3209   598 -983.30861   19    - -853.83998 -1010.6342  18.4%  55.4 5554s
  3240   602     cutoff   19      -853.83998 -1010.4859  18.3%  55.5 5632s
  3260   626     cutoff   20      -853.83998 -1010.4859  18.3%  55.4 5669s
  3283   609 -871.15957   18    2 -853.83998 -1009.7759  18.3%  55.3 5736s
  3299   631 -942.19193   18    2 -853.83998 -1009.6853  18.3%  55.2 5762s
  3320   620 -927.22810   18    - -853.83998 -1009.4483  18.2%  55.2 5826s
  3340   642     cutoff   19      -853.83998 -1008.9771  18.2%  55.2 5854s
  3357   629 -915.03732   18    1 -853.83998 -1008.8986  18.2%  55.1 5915s
  3393   635     cutoff   20      -853.83998 -1008.5218  18.1%  55.2 6001s
  3409   655 -966.23182   18    - -853.83998 -1007.9658  18.1%  55.2 6025s
  3431   648 -962.72295   18    - -853.83998 -1007.8703  18.0%  55.1 6103s
  3462   662 -964.96584   18    - -853.83998 -1007.7096  18.0%  55.1 6180s
  3500   671 -924.96584   18    - -853.83998 -1007.4679  18.0%  55.0 6276s
  3519   690 -970.41676   17    - -853.83998 -1007.4679  18.0%  54.9 6304s
  3543   673 -971.44585   18    - -853.83998 -1006.6435  17.9%  54.8 6384s
  3584   678 -976.12783   18    - -853.83998 -1006.0174  17.8%  54.7 6499s
  3630   685 -962.65173   13    - -853.83998 -1005.9453  17.8%  54.6 6611s
  3651   710 -933.17334   18    - -853.83998 -1004.1599  17.6%  54.6 6656s
  3677   697     cutoff   19      -853.83998 -1003.8764  17.6%  54.5 6728s
  3713   718     cutoff   19      -853.83998 -1003.4584  17.5%  54.5 6825s
  3750   716 -935.09106   18    2 -853.83998 -1003.0571  17.5%  54.6 6910s
  3771   741 -865.77498   20    - -853.83998 -1002.2765  17.4%  54.6 6952s
  3795   714     cutoff   19      -853.83998 -1002.1419  17.4%  54.5 7036s
  3846   728     cutoff   19      -853.83998 -1001.8841  17.3%  54.4 7158s
  3872   756 -934.85646   18    2 -853.83998 -1000.5648  17.2%  54.3 7200s

Cutting planes:
  MIR: 195
  Lazy constraints: 879600

Explored 3900 nodes (214229 simplex iterations) in 7233.39 seconds
Thread count was 4 (of 4 available processors)

Solution count 7: -853.84 -851.06 -847.815 ... -812.505

Time limit reached
Best objective -8.538399776071e+02, best bound -1.000564762372e+03, gap 17.1841%
