
Gurobi 9.0.3 (win64) logging started Sat Jan  1 18:40:14 2022

Changed value of parameter LogFile to Results/sslp1_50_40_50_var_BendersBnC.log
   Prev:   Default: 
Changed value of parameter Heuristics to 0.0
   Prev: 0.05  Min: 0.0  Max: 1.0  Default: 0.05
Changed value of parameter lazyConstraints to 1
   Prev: 0  Min: 0  Max: 1  Default: 0
Changed value of parameter timeLimit to 7188.694957494736
   Prev: inf  Min: 0.0  Max: inf  Default: inf
Gurobi Optimizer version 9.0.3 build v9.0.3rc0 (win64)
Optimize a model with 898 rows, 150 columns and 63230 nonzeros
Model fingerprint: 0xa8d56aac
Variable types: 100 continuous, 50 integer (50 binary)
Coefficient statistics:
  Matrix range     [2e-01, 4e+05]
  Objective range  [2e-02, 4e+01]
  Bounds range     [1e+00, 1e+00]
  RHS range        [2e-15, 8e+03]
Presolve added 0 rows and 10 columns
Presolve removed 173 rows and 0 columns
Presolve time: 0.05s
Presolved: 725 rows, 160 columns, 36694 nonzeros
Variable types: 109 continuous, 51 integer (50 binary)

Root relaxation: objective -4.534914e+02, 311 iterations, 0.03 seconds

    Nodes    |    Current Node    |     Objective Bounds      |     Work
 Expl Unexpl |  Obj  Depth IntInf | Incumbent    BestBd   Gap | It/Node Time

     0     0 -453.49144    0   31          - -453.49144      -     -    0s
     0     0 -452.35776    0   23          - -452.35776      -     -    0s
     0     0 -452.25266    0   24          - -452.25266      -     -    0s
     0     0 -452.24953    0   25          - -452.24953      -     -    0s
     0     0 -452.24824    0   25          - -452.24824      -     -    0s
     0     0 -452.24795    0   25          - -452.24795      -     -    0s
     0     0 -451.59833    0   26          - -451.59833      -     -    0s
     0     0 -451.47638    0   24          - -451.47638      -     -    0s
     0     0 -451.27348    0   22          - -451.27348      -     -    0s
     0     0 -451.21472    0   25          - -451.21472      -     -    0s
     0     0 -451.19902    0   23          - -451.19902      -     -    0s
     0     0 -451.19217    0   25          - -451.19217      -     -    0s
     0     0 -451.15857    0   25          - -451.15857      -     -    0s
     0     0 -451.15720    0   24          - -451.15720      -     -    0s
     0     0 -451.15603    0   24          - -451.15603      -     -    0s
     0     0 -451.15517    0   25          - -451.15517      -     -    0s
     0     0 -451.15491    0   25          - -451.15491      -     -    0s
     0     0 -450.74227    0   21          - -450.74227      -     -    0s
     0     0 -450.63090    0   23          - -450.63090      -     -    0s
     0     0 -450.53274    0   27          - -450.53274      -     -    0s
     0     0 -450.49814    0   24          - -450.49814      -     -    0s
     0     0 -450.46100    0   24          - -450.46100      -     -    0s
     0     0 -450.44982    0   26          - -450.44982      -     -    0s
     0     0 -450.43497    0   24          - -450.43497      -     -    0s
     0     0 -450.43222    0   24          - -450.43222      -     -    0s
     0     0 -450.43155    0   24          - -450.43155      -     -    0s
     0     0 -450.42925    0   24          - -450.42925      -     -    0s
     0     0 -450.41977    0   24          - -450.41977      -     -    0s
     0     0 -450.41564    0   24          - -450.41564      -     -    0s
     0     0 -450.41421    0   24          - -450.41421      -     -    0s
     0     0 -450.41398    0   24          - -450.41398      -     -    0s
     0     0 -450.22182    0   25          - -450.22182      -     -    0s
     0     0 -449.98019    0   24          - -449.98019      -     -    0s
     0     0 -449.86296    0   23          - -449.86296      -     -    0s
     0     0 -449.84083    0   22          - -449.84083      -     -    0s
     0     0 -449.79980    0   22          - -449.79980      -     -    0s
     0     0 -449.78654    0   26          - -449.78654      -     -    0s
     0     0 -449.75342    0   22          - -449.75342      -     -    0s
     0     0 -449.74443    0   21          - -449.74443      -     -    0s
     0     0 -449.74035    0   22          - -449.74035      -     -    1s
     0     0 -449.73572    0   23          - -449.73572      -     -    1s
     0     0 -449.73117    0   22          - -449.73117      -     -    1s
     0     0 -449.72711    0   23          - -449.72711      -     -    1s
     0     0 -449.72571    0   23          - -449.72571      -     -    1s
     0     0 -449.72135    0   24          - -449.72135      -     -    1s
     0     0 -449.71887    0   24          - -449.71887      -     -    1s
     0     0 -449.71876    0   24          - -449.71876      -     -    1s
     0     0 -449.62711    0   22          - -449.62711      -     -    1s
     0     0 -449.60334    0   21          - -449.60334      -     -    1s
     0     0 -449.59237    0   20          - -449.59237      -     -    1s
     0     0 -449.58262    0   22          - -449.58262      -     -    1s
     0     0 -449.57979    0   22          - -449.57979      -     -    1s
     0     0 -449.57703    0   23          - -449.57703      -     -    1s
     0     0 -449.57598    0   20          - -449.57598      -     -    1s
     0     0 -449.57582    0   22          - -449.57582      -     -    1s
     0     0 -449.54365    0   23          - -449.54365      -     -    1s
     0     0 -449.53532    0   23          - -449.53532      -     -    1s
     0     0 -449.51959    0   24          - -449.51959      -     -    1s
     0     0 -449.51347    0   24          - -449.51347      -     -    1s
     0     0 -449.51214    0   25          - -449.51214      -     -    1s
     0     0 -449.51099    0   25          - -449.51099      -     -    1s
     0     0 -449.49529    0   23          - -449.49529      -     -    1s
     0     0 -449.47397    0   21          - -449.47397      -     -    1s
     0     0 -449.46818    0   24          - -449.46818      -     -    1s
     0     0 -449.46759    0   24          - -449.46759      -     -    1s
     0     0 -449.44610    0   22          - -449.44610      -     -    1s
     0     0 -449.40779    0   23          - -449.40779      -     -    1s
     0     0 -449.39707    0   22          - -449.39707      -     -    1s
     0     0 -449.39082    0   22          - -449.39082      -     -    1s
     0     0 -449.38234    0   23          - -449.38234      -     -    1s
     0     0 -449.37419    0   24          - -449.37419      -     -    1s
     0     0 -449.37060    0   23          - -449.37060      -     -    1s
     0     0 -449.36694    0   23          - -449.36694      -     -    1s
     0     0 -449.36500    0   24          - -449.36500      -     -    1s
     0     0 -449.36486    0   24          - -449.36486      -     -    1s
     0     0 -449.32265    0   25          - -449.32265      -     -    1s
     0     0 -449.30273    0   24          - -449.30273      -     -    1s
     0     0 -449.29656    0   24          - -449.29656      -     -    1s
     0     0 -449.29430    0   24          - -449.29430      -     -    1s
     0     0 -449.29256    0   25          - -449.29256      -     -    1s
     0     0 -449.29233    0   25          - -449.29233      -     -    1s
     0     0 -449.27524    0   21          - -449.27524      -     -    1s
     0     0 -449.26824    0   22          - -449.26824      -     -    1s
     0     0 -449.26384    0   26          - -449.26384      -     -    1s
     0     0 -449.25963    0   26          - -449.25963      -     -    1s
     0     0 -449.25693    0   24          - -449.25693      -     -    1s
     0     0 -449.25433    0   25          - -449.25433      -     -    1s
     0     0 -449.25072    0   26          - -449.25072      -     -    1s
     0     0 -449.24910    0   27          - -449.24910      -     -    2s
     0     0 -449.24830    0   25          - -449.24830      -     -    2s
     0     0 -449.22725    0   24          - -449.22725      -     -    2s
     0     0 -449.21356    0   25          - -449.21356      -     -    2s
     0     0 -449.20990    0   25          - -449.20990      -     -    2s
     0     0 -449.20576    0   26          - -449.20576      -     -    2s
     0     0 -449.20169    0   26          - -449.20169      -     -    2s
     0     0 -449.20088    0   25          - -449.20088      -     -    2s
     0     0 -449.17622    0   25          - -449.17622      -     -    2s
     0     0 -449.16934    0   24          - -449.16934      -     -    2s
     0     0 -449.16558    0   23          - -449.16558      -     -    2s
     0     0 -449.16368    0   23          - -449.16368      -     -    2s
     0     0 -449.16325    0   22          - -449.16325      -     -    2s
     0     0 -449.15400    0   24          - -449.15400      -     -    2s
     0     0 -449.15194    0   25          - -449.15194      -     -    2s
     0     0 -449.14847    0   24          - -449.14847      -     -    2s
     0     0 -449.14809    0   25          - -449.14809      -     -    2s
     0     0 -449.14594    0   22          - -449.14594      -     -    2s
     0     0 -449.14533    0   23          - -449.14533      -     -    2s
     0     0 -449.14447    0   24          - -449.14447      -     -    2s
     0     0 -449.14447    0   24          - -449.14447      -     -    2s
     0     2 -449.14447    0   24          - -449.14447      -     -    2s
*  104    98              50    -176.5799955 -448.94337   154%  23.4    4s
   108    98 -415.33711   49    2 -176.58000 -448.90770   154%  23.9    5s
*  109    98              50    -259.7599928 -448.90770  72.8%  24.2    5s
*  114    99              50    -269.4920307 -448.86024  66.6%  26.3    6s
*  116   100              50    -307.5599919 -448.86024  45.9%  26.2    6s
   224   184 -430.12494   49    2 -307.55999 -448.64534  45.9%  25.2   10s
   313   249 -437.89001   33    4 -307.55999 -448.00629  45.7%  26.6   15s
   375   267     cutoff   50      -307.55999 -447.47101  45.5%  25.8   20s
   439   316 -423.99250   18    2 -307.55999 -447.47101  45.5%  26.2   25s
   476   329 -401.45665   23    2 -307.55999 -447.47101  45.5%  26.1   30s
   518   355 -440.17020   15    3 -307.55999 -447.47101  45.5%  26.0   35s
   597   403 -442.38136   20    9 -307.55999 -446.47286  45.2%  25.2   41s
   663   508 -435.41700    2    2 -307.55999 -446.09773  45.0%  24.7   46s
   740   511 -432.88817   47   31 -307.55999 -446.09773  45.0%  22.7   50s
   755   521 -438.05543   42   21 -307.55999 -446.09773  45.0%  22.2   55s
   764   527 -440.09865   31   25 -307.55999 -446.09773  45.0%  22.0   60s
   769   534 -446.09773   16   26 -307.55999 -446.09773  45.0%  24.2   67s
   773   534 -446.09773   17    9 -307.55999 -446.09773  45.0%  24.7   70s
   804   540 -393.21912   23    - -307.55999 -446.09773  45.0%  26.7   75s
   835   547     cutoff   26      -307.55999 -446.09773  45.0%  27.1   80s
   873   547 -446.09773   31   13 -307.55999 -446.09773  45.0%  27.5   85s
   906   549     cutoff   35      -307.55999 -446.09773  45.0%  27.8   90s
   942   555 -443.09845   40    8 -307.55999 -446.09773  45.0%  28.2   96s
  1011   572 -323.77112   50    - -307.55999 -446.09773  45.0%  28.8  102s
* 1017   540              55    -325.5799914 -446.09773  37.0%  28.9  102s
  1053   526 -341.37799   56    - -325.57999 -446.09773  37.0%  28.9  106s
* 1068   500              21    -332.9799915 -446.09773  34.0%  29.1  108s
  1089   493     cutoff   66      -332.97999 -446.09773  34.0%  29.2  110s
  1149   536 -424.71318   39    4 -332.97999 -445.81551  33.9%  29.3  116s
  1233   542     cutoff   67      -332.97999 -444.21261  33.4%  28.4  121s
  1294   581 -436.87709   41    3 -332.97999 -443.48536  33.2%  28.4  125s
  1348   593 -435.08636   53    2 -332.97999 -443.20936  33.1%  28.0  132s
  1399   618 -439.52411   33    9 -332.97999 -443.19338  33.1%  27.9  135s
  1463   634 -433.60170   47    2 -332.97999 -443.04650  33.1%  27.8  143s
  1495   634 -413.27248   54    2 -332.97999 -443.03016  33.1%  27.9  146s
  1527   648 -441.63275   33   11 -332.97999 -442.84414  33.0%  27.8  152s
  1550   636 -436.41944   36    2 -332.97999 -442.83580  33.0%  27.9  155s
  1604   660 -414.39244   46    2 -332.97999 -442.43655  32.9%  28.0  164s
  1619   659 -415.29803   48    2 -332.97999 -442.40324  32.9%  28.0  166s
  1638   672 -382.01036   54    2 -332.97999 -442.31504  32.8%  28.1  170s
  1692   673 -345.00680   64    2 -332.97999 -442.21585  32.8%  27.8  177s
  1716   682     cutoff   68      -332.97999 -442.13211  32.8%  27.9  181s
  1765   696 -434.89037   35    - -332.97999 -442.10804  32.8%  28.0  188s
  1796   711 -437.08384   44    8 -332.97999 -442.10804  32.8%  28.0  192s
  1845   709 -431.21148   58    3 -332.97999 -441.81518  32.7%  27.8  199s
  1878   725 -429.88817   62    2 -332.97999 -441.62698  32.6%  28.0  206s
  1936   730     cutoff   67      -332.97999 -441.48711  32.6%  28.1  213s
  1972   738 -422.54511   39    6 -332.97999 -441.47105  32.6%  28.1  218s
  2022   741 -414.79087   54    2 -332.97999 -441.40863  32.6%  28.0  225s
  2064   747 -383.21791   58    3 -332.97999 -441.31862  32.5%  28.1  233s
  2096   750     cutoff   68      -332.97999 -441.30806  32.5%  27.9  238s
  2111   757 -345.09349   66    2 -332.97999 -441.28881  32.5%  28.0  240s
  2145   770     cutoff   68      -332.97999 -441.17557  32.5%  28.0  246s
  2200   789 -424.40216   39    5 -332.97999 -441.06931  32.5%  27.9  250s
  2235   808 -419.00035   52    2 -332.97999 -441.04569  32.5%  27.7  258s
  2273   823 -391.14880   53    3 -332.97999 -441.02499  32.4%  27.8  264s
  2292   826 -387.49304   51    2 -332.97999 -440.98225  32.4%  27.8  265s
  2326   857     cutoff   68      -332.97999 -440.95761  32.4%  27.6  272s
  2373   871     cutoff   36      -332.97999 -440.92304  32.4%  27.6  280s
  2406   891 -420.44766   39    2 -332.97999 -440.86967  32.4%  27.7  287s
  2474   921     cutoff   66      -332.97999 -440.85800  32.4%  27.3  301s
  2519   952     cutoff   67      -332.97999 -440.81952  32.4%  27.3  313s
  2539   957     cutoff   61      -332.97999 -440.78062  32.4%  27.4  316s
  2560   965     cutoff   21      -332.97999 -440.75158  32.4%  27.3  321s
  2596   987 -410.85726   49    2 -332.97999 -440.63515  32.3%  27.5  328s
  2639  1006 -433.92901   36    2 -332.97999 -440.57794  32.3%  27.6  337s
  2671  1022 -413.10697   45    2 -332.97999 -440.54004  32.3%  27.6  344s
  2714  1055 -384.11030   51    3 -332.97999 -440.38356  32.3%  27.7  352s
  2761  1085 -380.25552   62    3 -332.97999 -440.29800  32.2%  27.7  360s
  2818  1098 -377.43668   66    2 -332.97999 -440.22521  32.2%  27.5  370s
  2859  1138     cutoff   68      -332.97999 -440.18308  32.2%  27.5  379s
  2922  1162     cutoff   68      -332.97999 -440.15468  32.2%  27.5  389s
  2953  1188 -426.58020   28    2 -332.97999 -440.09409  32.2%  27.6  394s
  3006  1214 -436.90917   45    7 -332.97999 -440.05790  32.2%  27.6  402s
  3042  1248     cutoff   66      -332.97999 -440.02041  32.1%  27.7  410s
  3120  1282     cutoff   67      -332.97999 -439.95114  32.1%  27.5  424s
  3159  1291 -418.72553   47    - -332.97999 -439.85394  32.1%  27.4  427s
  3193  1319 -333.34374   67    2 -332.97999 -439.84383  32.1%  27.4  436s
  3226  1335 -422.65006   35    - -332.97999 -439.84383  32.1%  27.5  445s
  3266  1355 -334.55999   42    - -332.97999 -439.84383  32.1%  27.5  452s
  3294  1383 -413.64510   55    - -332.97999 -439.83732  32.1%  27.5  461s
  3359  1399 -408.79589   64    2 -332.97999 -439.76936  32.1%  27.3  473s
  3382  1408 -382.81329   67    2 -332.97999 -439.68861  32.0%  27.4  475s
  3404  1436 -389.08575   67    - -332.97999 -439.67038  32.0%  27.5  483s
  3453  1448     cutoff   67      -332.97999 -439.65084  32.0%  27.5  495s
  3493  1466 -349.50392   68    2 -332.97999 -439.63692  32.0%  27.4  502s
  3533  1500 -422.13399   32    2 -332.97999 -439.61989  32.0%  27.3  513s
  3610  1551 -405.81551   62    2 -332.97999 -439.59589  32.0%  27.2  530s
  3664  1568     cutoff   36      -332.97999 -439.59581  32.0%  27.1  536s
  3716  1612     cutoff   67      -332.97999 -439.55309  32.0%  27.0  549s
  3763  1623     cutoff   68      -332.97999 -439.53417  32.0%  26.9  552s
  3790  1658 -374.55418   66    2 -332.97999 -439.48566  32.0%  26.9  561s
  3868  1705     cutoff   67      -332.97999 -439.45080  32.0%  26.9  576s
  3941  1753 -373.34579   67    2 -332.97999 -439.42513  32.0%  26.8  587s
  3987  1765 -379.86526   67    2 -332.97999 -439.41209  32.0%  26.8  592s
  4019  1779     cutoff   68      -332.97999 -439.38738  32.0%  26.8  603s
  4095  1822 -406.85404   64    2 -332.97999 -439.36807  32.0%  26.8  622s
  4134  1832 -415.94822   45    2 -332.97999 -439.35267  31.9%  26.8  626s
  4171  1863 -404.32311   66    2 -332.97999 -439.33666  31.9%  26.8  639s
  4242  1900     cutoff   67      -332.97999 -439.29278  31.9%  26.8  655s
  4290  1914 -412.71426   44    2 -332.97999 -439.22764  31.9%  26.8  660s
  4338  1964     cutoff   68      -332.97999 -439.17821  31.9%  26.7  675s
  4403  1991 -418.40855   53    - -332.97999 -439.13309  31.9%  26.7  688s
  4464  2030 -429.31977   54    3 -332.97999 -439.07007  31.9%  26.8  704s
  4509  2040     cutoff   68      -332.97999 -439.06793  31.9%  26.7  708s
  4532  2069 -423.31854   36    - -332.97999 -439.05323  31.9%  26.8  719s
  4607  2118 -386.27584   57    2 -332.97999 -439.01351  31.8%  26.8  735s
  4693  2165 -381.91452   67    2 -332.97999 -438.98276  31.8%  26.7  753s
  4773  2203     cutoff   68      -332.97999 -438.97479  31.8%  26.7  769s
  4832  2253     cutoff   68      -332.97999 -438.80903  31.8%  26.8  784s
  4875  2262     cutoff   68      -332.97999 -438.75060  31.8%  26.8  787s
  4933  2298 -395.90765   64    2 -332.97999 -438.73424  31.8%  26.8  802s
  4981  2312     cutoff   68      -332.97999 -438.67872  31.7%  26.7  807s
  5018  2352 -364.37511   66    2 -332.97999 -438.66097  31.7%  26.7  823s
  5095  2385     cutoff   67      -332.97999 -438.65360  31.7%  26.7  839s
  5165  2407 -396.39867   54   24 -332.97999 -438.55848  31.7%  26.8  873s
  5167  2408 -431.75542   60   31 -332.97999 -438.55848  31.7%  26.8  964s
  5168  2409 -424.57598   37   25 -332.97999 -438.55848  31.7%  26.7  977s
  5169  2410 -415.86083   40   24 -332.97999 -438.55848  31.7%  26.7  980s
  5171  2411 -377.75822   66   17 -332.97999 -438.55848  31.7%  26.7  986s
  5173  2412 -418.31194   46   20 -332.97999 -438.55848  31.7%  26.7  990s
  5176  2414 -413.79928   49   24 -332.97999 -438.55848  31.7%  26.7  996s
  5178  2416 -426.20206   35   24 -332.97999 -438.55848  31.7%  26.7 1001s
  5180  2417 -428.41606   22   23 -332.97999 -438.55848  31.7%  26.7 1011s
  5181  2418 -419.13939   41   24 -332.97999 -438.55848  31.7%  26.7 1020s
  5184  2420 -381.42609   64   24 -332.97999 -438.55848  31.7%  26.7 1026s
  5185  2420 -432.86310   43   25 -332.97999 -438.55848  31.7%  26.7 1034s
  5186  2421 -421.90303   29   26 -332.97999 -438.55848  31.7%  26.7 1044s
  5187  2422 -353.19924   54   22 -332.97999 -438.55848  31.7%  26.7 1051s
  5188  2422 -438.48753   36   25 -332.97999 -438.55848  31.7%  26.6 1061s
  5189  2423 -401.66515   57   24 -332.97999 -438.55848  31.7%  26.6 1070s
  5190  2424 -426.47716   31   25 -332.97999 -438.55848  31.7%  26.6 1080s
  5192  2425 -423.00180   57   27 -332.97999 -438.55848  31.7%  26.6 1092s
  5193  2426 -411.11405   52   22 -332.97999 -438.55848  31.7%  26.6 1101s
  5194  2426 -418.63999   50   24 -332.97999 -438.55848  31.7%  26.6 1109s
  5195  2427 -424.47923   35   26 -332.97999 -438.55848  31.7%  26.6 1119s
  5196  2428 -422.31924   41   26 -332.97999 -438.55848  31.7%  26.6 1128s
  5197  2428 -436.64449   28   24 -332.97999 -438.55848  31.7%  26.6 1138s
  5198  2429 -434.30525   51   25 -332.97999 -438.55848  31.7%  26.6 1147s
  5199  2430 -437.17493   34   23 -332.97999 -438.55848  31.7%  26.6 1174s
  5200  2430 -382.67778   57   23 -332.97999 -438.55848  31.7%  26.6 1182s
  5202  2435 -438.55848   25   22 -332.97999 -438.55848  31.7%  27.0 1233s
  5204  2436 -438.55848   26   20 -332.97999 -438.55848  31.7%  27.1 1259s
  5206  2435 -438.55848   26    8 -332.97999 -438.55848  31.7%  27.1 1270s
  5208  2437 -438.55848   27   20 -332.97999 -438.55848  31.7%  27.1 1293s
  5210  2437 -438.55848   27    9 -332.97999 -438.55848  31.7%  27.1 1303s
  5212  2438 -438.55848   28   19 -332.97999 -438.55848  31.7%  27.1 1322s
  5214  2441 -438.55848   28   11 -332.97999 -438.55848  31.7%  27.2 1331s
  5217  2441 -438.55848   29   16 -332.97999 -438.55848  31.7%  27.2 1342s
  5220  2442 -438.55848   29   17 -332.97999 -438.55848  31.7%  27.2 1355s
  5223  2442 -438.55848   30   14 -332.97999 -438.55848  31.7%  27.2 1361s
  5227  2443     cutoff   30      -332.97999 -438.55848  31.7%  27.3 1368s
  5232  2445     cutoff   31      -332.97999 -438.55848  31.7%  27.3 1375s
  5238  2446     cutoff   32      -332.97999 -438.55848  31.7%  27.3 1380s
  5244  2445     cutoff   33      -332.97999 -438.55848  31.7%  27.3 1387s
  5250  2446     cutoff   34      -332.97999 -438.55848  31.7%  27.3 1395s
  5257  2447     cutoff   35      -332.97999 -438.55848  31.7%  27.4 1402s
  5265  2447     cutoff   36      -332.97999 -438.55848  31.7%  27.4 1408s
  5275  2447 -438.55848   38   12 -332.97999 -438.55848  31.7%  27.4 1417s
  5284  2449     cutoff   38      -332.97999 -438.55848  31.7%  27.4 1423s
  5295  2454     cutoff   39      -332.97999 -438.55848  31.7%  27.4 1433s
  5303  2454     cutoff   40      -332.97999 -438.55848  31.7%  27.4 1440s
  5313  2454     cutoff   41      -332.97999 -438.55848  31.7%  27.4 1448s
  5321  2455     cutoff   42      -332.97999 -438.55848  31.7%  27.4 1455s
  5332  2456     cutoff   43      -332.97999 -438.55848  31.7%  27.4 1461s
  5349  2455 -438.55848   45   11 -332.97999 -438.55848  31.7%  27.4 1469s
  5359  2460     cutoff   46      -332.97999 -438.55848  31.7%  27.5 1474s
  5376  2465     cutoff   48      -332.97999 -438.55848  31.7%  27.5 1479s
  5391  2470     cutoff   51      -332.97999 -438.55848  31.7%  27.6 1485s
  5405  2472     cutoff   53      -332.97999 -438.55848  31.7%  27.6 1491s
  5416  2472     cutoff   55      -332.97999 -438.55848  31.7%  27.6 1496s
  5436  2469     cutoff   60      -332.97999 -438.55848  31.7%  27.7 1501s
  5495  2462 -429.46379   71    3 -332.97999 -438.55848  31.7%  27.8 1512s
  5513  2482 -438.55848   33   14 -332.97999 -438.55848  31.7%  27.9 1520s
  5547  2513 -438.55848   45    8 -332.97999 -438.55848  31.7%  27.9 1527s
* 5589  2377              76    -344.8599908 -438.55848  27.2%  27.8 1527s
  5593  2395 -436.65368   53    3 -344.85999 -438.55848  27.2%  27.8 1534s
  5643  2403 -424.90526   68    2 -344.85999 -438.55848  27.2%  27.8 1543s
  5664  2401 -347.52655   75    2 -344.85999 -438.55848  27.2%  27.8 1545s
  5677  2432 -438.55848   38    9 -344.85999 -438.55848  27.2%  27.8 1552s
  5715  2447 -436.01117   58    6 -344.85999 -438.55848  27.2%  27.9 1561s
  5758  2438 -405.55286   65    2 -344.85999 -438.55848  27.2%  28.0 1569s
  5787  2440 -425.68440   68    2 -344.85999 -438.55848  27.2%  28.0 1573s
  5811  2450 -397.13520   75    2 -344.85999 -438.55848  27.2%  28.0 1583s
  5843  2470     cutoff   76      -344.85999 -438.55848  27.2%  28.1 1592s
  5880  2485     cutoff   76      -344.85999 -438.55848  27.2%  28.1 1601s
  5928  2510 -424.54403   44    2 -344.85999 -438.55848  27.2%  28.1 1612s
  5980  2516 -405.79436   75    2 -344.85999 -438.55848  27.2%  28.1 1622s
  6015  2516     cutoff   76      -344.85999 -438.55848  27.2%  28.2 1631s
  6041  2568 -370.67637   76    2 -344.85999 -438.55848  27.2%  28.2 1643s
  6114  2613     cutoff   77      -344.85999 -438.55848  27.2%  28.2 1653s
  6198  2625 -410.93697   75    2 -344.85999 -438.55848  27.2%  28.1 1664s
  6246  2637     cutoff   76      -344.85999 -438.55848  27.2%  28.1 1672s
  6279  2644 -374.34403   76    2 -344.85999 -438.55848  27.2%  28.2 1689s
  6342  2662     cutoff   77      -344.85999 -438.55848  27.2%  28.2 1707s
  6395  2726 -421.73216   48    4 -344.85999 -438.55848  27.2%  28.2 1723s
  6443  2714 -409.58127   75    2 -344.85999 -438.55848  27.2%  28.2 1725s
  6487  2734     cutoff   74      -344.85999 -438.55848  27.2%  28.2 1738s
  6559  2780     cutoff   75      -344.85999 -438.55848  27.2%  28.2 1754s
  6639  2812     cutoff   75      -344.85999 -438.55848  27.2%  28.2 1770s
  6716  2840 -415.26468   62    4 -344.85999 -438.55848  27.2%  28.2 1788s
  6752  2833 -417.47266   63    2 -344.85999 -438.55848  27.2%  28.2 1790s
  6801  2863     cutoff   76      -344.85999 -438.55848  27.2%  28.2 1808s
  6863  2899 -379.58811   75    2 -344.85999 -438.55848  27.2%  28.2 1824s
  6947  2891     cutoff   76      -344.85999 -438.55848  27.2%  28.3 1848s
  6977  2888     cutoff   77      -344.85999 -438.55848  27.2%  28.3 1851s
  7009  2942 -423.91227   43    2 -344.85999 -438.55848  27.2%  28.4 1871s
  7096  2994 -398.56183   60    3 -344.85999 -438.55848  27.2%  28.4 1891s
  7204  3010     cutoff   77      -344.85999 -438.55848  27.2%  28.4 1911s
  7274  3007 -351.85410   76    - -344.85999 -438.55848  27.2%  28.4 1938s
  7379  3077 -351.84021   76    2 -344.85999 -438.55848  27.2%  28.4 1970s
  7478  3138 -419.29264   62    3 -344.85999 -438.55848  27.2%  28.4 1994s
  7609  3172     cutoff   76      -344.85999 -438.55848  27.2%  28.3 2019s
  7702  3225 -387.07623   75    2 -344.85999 -438.55848  27.2%  28.3 2040s
  7840  3275 -378.82824   76    2 -344.85999 -438.55848  27.2%  28.3 2070s
  7970  3303 -417.55181   59    2 -344.85999 -438.55848  27.2%  28.3 2098s
  8041  3299     cutoff   77      -344.85999 -438.55848  27.2%  28.2 2106s
  8101  3347 -423.75258   51    2 -344.85999 -438.55848  27.2%  28.3 2137s
  8211  3407 -407.25361   75    2 -344.85999 -438.55848  27.2%  28.3 2164s
  8276  3399     cutoff   77      -344.85999 -438.55848  27.2%  28.3 2170s
  8343  3440     cutoff   76      -344.85999 -438.55848  27.2%  28.2 2191s
  8458  3492     cutoff   77      -344.85999 -438.55848  27.2%  28.3 2221s
  8585  3525 -421.21235   53    2 -344.85999 -438.55848  27.2%  28.2 2254s
  8715  3611 -403.48183   75    2 -344.85999 -438.55848  27.2%  28.2 2296s
  8880  3627     cutoff   76      -344.85999 -438.55848  27.2%  28.1 2345s
  9048  3656 -372.02013   76    2 -344.85999 -438.55848  27.2%  28.2 2397s
  9205  3709 -411.25717   68    2 -344.85999 -438.55848  27.2%  28.1 2448s
  9397  3803     cutoff   76      -344.85999 -438.55848  27.2%  28.1 2501s
  9594  3831 -353.59999   43    - -344.85999 -438.55848  27.2%  28.0 2547s
  9738  3877 -422.26132   37    2 -344.85999 -438.55848  27.2%  28.0 2605s
  9927  3920 -378.64362   65    3 -344.85999 -438.55848  27.2%  28.0 2661s
 10017  3915     cutoff   76      -344.85999 -438.55848  27.2%  28.0 2670s
 10111  3961 -371.52714   76    2 -344.85999 -438.55848  27.2%  28.0 2715s
 10284  4017 -395.90355   65    3 -344.85999 -438.55848  27.2%  28.0 2767s
 10469  4057 -390.24777   75    2 -344.85999 -438.55848  27.2%  27.9 2822s
 10548  4045 -405.68815   75    2 -344.85999 -438.55848  27.2%  27.9 2827s
 10631  4091     cutoff   76      -344.85999 -438.55848  27.2%  28.0 2870s
 10701  4088     cutoff   76      -344.85999 -438.55848  27.2%  28.0 2877s
 10785  4173     cutoff   76      -344.85999 -438.55848  27.2%  27.9 2928s
 10892  4153 -400.93245   71    2 -344.85999 -438.55848  27.2%  27.9 2934s
 10975  4230     cutoff   75      -344.85999 -438.55848  27.2%  27.9 2977s
 11132  4253     cutoff   76      -344.85999 -438.46721  27.1%  27.9 3024s
 11283  4317 -358.00518   75    - -344.85999 -438.38676  27.1%  27.9 3081s
 11477  4335 -357.99109   75    2 -344.85999 -438.21335  27.1%  27.8 3142s
 11569  4331 -376.69423   76    2 -344.85999 -438.07750  27.0%  27.8 3152s
 11626  4362 -414.94175   59    2 -344.85999 -438.06100  27.0%  27.8 3205s
 11758  4411 -381.69500   63    2 -344.85999 -437.97451  27.0%  27.9 3259s
 11858  4407     cutoff   75      -344.85999 -437.87615  27.0%  27.9 3270s
 11955  4438 -376.77238   76    2 -344.85999 -437.86048  27.0%  27.9 3323s
 12123  4507 -412.08462   61    3 -344.85999 -437.71272  26.9%  27.9 3385s
 12236  4535 -404.13308   73    2 -344.85999 -437.61688  26.9%  27.8 3396s
 12326  4598 -420.00682   50    2 -344.85999 -437.60633  26.9%  27.8 3456s
 12517  4701 -378.01151   75    2 -344.85999 -437.46571  26.9%  27.7 3524s
 12692  4820     cutoff   76      -344.85999 -437.27098  26.8%  27.7 3582s
 12783  4838     cutoff   76      -344.85999 -437.11319  26.8%  27.7 3589s
 12852  4907     cutoff   76      -344.85999 -437.10811  26.7%  27.7 3635s
 13030  4991 -405.50926   75    2 -344.85999 -436.95293  26.7%  27.7 3702s
 13106  5009 -401.81148   75    2 -344.85999 -436.77513  26.7%  27.7 3708s
 13185  5074 -417.78564   52    2 -344.85999 -436.75320  26.6%  27.7 3764s
 13343  5156 -409.38787   73    2 -344.85999 -436.65116  26.6%  27.7 3828s
 13492  5228     cutoff   76      -344.85999 -436.47711  26.6%  27.7 3888s
 13654  5288 -373.60957   75    2 -344.85999 -436.39033  26.5%  27.7 3954s
 13741  5318 -401.71252   64    2 -344.85999 -436.25704  26.5%  27.7 3965s
 13822  5383     cutoff   76      -344.85999 -436.25435  26.5%  27.7 4026s
 13989  5468     cutoff   76      -344.85999 -436.13105  26.5%  27.7 4092s
 14053  5486     cutoff   76      -344.85999 -436.01857  26.4%  27.7 4098s
 14127  5509 -406.64223   66    3 -344.85999 -435.99595  26.4%  27.7 4146s
 14208  5529 -424.07550   68    2 -344.85999 -435.75446  26.4%  27.7 4153s
 14274  5581 -403.80423   75    2 -344.85999 -435.69650  26.3%  27.7 4213s
 14366  5614 -420.64383   51    3 -344.85999 -435.56107  26.3%  27.7 4226s
 14448  5703     cutoff   76      -344.85999 -435.54076  26.3%  27.7 4279s
 14535  5723 -405.24032   67    3 -344.85999 -435.44703  26.3%  27.7 4286s
 14614  5759     cutoff   76      -344.85999 -435.34030  26.2%  27.7 4344s
 14678  5779     cutoff   76      -344.85999 -435.29117  26.2%  27.7 4351s
 14765  5855     cutoff   76      -344.85999 -435.26640  26.2%  27.6 4417s
 14854  5881 -346.44680   75    2 -344.85999 -435.10929  26.2%  27.6 4428s
 14957  5960 -417.81776   58    2 -344.85999 -435.08689  26.2%  27.6 4492s
 15119  6019     cutoff   76      -344.85999 -434.99366  26.1%  27.6 4552s
 15185  6038     cutoff   76      -344.85999 -434.98760  26.1%  27.6 4560s
 15251  6112 -374.43842   75    2 -344.85999 -434.80747  26.1%  27.6 4613s
 15348  6133     cutoff   76      -344.85999 -434.72000  26.1%  27.6 4621s
 15438  6175     cutoff   76      -344.85999 -434.70451  26.1%  27.5 4680s
 15590  6245 -402.62879   72    2 -344.85999 -434.56461  26.0%  27.5 4749s
 15694  6283     cutoff   76      -344.85999 -434.46716  26.0%  27.5 4762s
 15782  6332 -401.74229   65    2 -344.85999 -434.45059  26.0%  27.5 4824s
 15861  6354     cutoff   76      -344.85999 -434.37330  26.0%  27.5 4832s
*15950  6378              55    -346.2999909 -434.37330  25.4%  27.5 4842s
 15956  6404     cutoff   72      -346.29999 -434.35331  25.4%  27.5 4890s
 16037  6425     cutoff   76      -346.29999 -434.27644  25.4%  27.4 4898s
 16106  6464     cutoff   76      -346.29999 -434.22431  25.4%  27.4 4959s
 16291  6562 -422.50453   54    2 -346.29999 -433.94095  25.3%  27.4 5025s
 16485  6647 -371.86321   76    - -346.29999 -433.74507  25.3%  27.3 5088s
 16584  6671     cutoff   76      -346.29999 -433.59347  25.2%  27.3 5098s
 16661  6710     cutoff   76      -346.29999 -433.56355  25.2%  27.3 5156s
 16757  6740 -383.93800   75    2 -346.29999 -433.27651  25.1%  27.2 5167s
 16858  6792 -407.14874   66    2 -346.29999 -433.25857  25.1%  27.2 5229s
 17044  6869     cutoff   76      -346.29999 -433.05469  25.1%  27.2 5298s
 17219  6937     cutoff   76      -346.29999 -432.86928  25.0%  27.2 5367s
 17400  6982     cutoff   76      -346.29999 -432.64856  24.9%  27.1 5439s
 17527  7037 -369.10105   76    2 -346.29999 -432.45623  24.9%  27.1 5503s
 17683  7077     cutoff   76      -346.29999 -432.15743  24.8%  27.2 5569s
 17847  7192 -396.96660   62    2 -346.29999 -431.83787  24.7%  27.1 5635s
 17954  7212 -398.36928   73    - -346.29999 -431.68613  24.7%  27.1 5643s
 18017  7236     cutoff   76      -346.29999 -431.66924  24.7%  27.0 5702s
 18161  7277     cutoff   76      -346.29999 -431.44346  24.6%  27.0 5766s
 18240  7304 -377.09463   74    2 -346.29999 -431.20418  24.5%  27.0 5777s
 18311  7349 -394.32387   75    2 -346.29999 -431.16707  24.5%  27.0 5839s
 18484  7412     cutoff   76      -346.29999 -430.84861  24.4%  27.0 5906s
 18624  7470     cutoff   76      -346.29999 -430.64061  24.4%  27.0 5973s
 18804  7542     cutoff   76      -346.29999 -430.55314  24.3%  27.0 6047s
 18896  7571     cutoff   76      -346.29999 -430.54301  24.3%  26.9 6059s
 18959  7594 -396.15864   75    2 -346.29999 -430.40382  24.3%  26.9 6115s
 19022  7610     cutoff   76      -346.29999 -430.20726  24.2%  27.0 6121s
 19100  7668     cutoff   76      -346.29999 -430.18507  24.2%  26.9 6178s
 19240  7733     cutoff   76      -346.29999 -430.00202  24.2%  26.9 6241s
 19335  7761     cutoff   76      -346.29999 -429.71714  24.1%  26.9 6252s
 19415  7796     cutoff   75      -346.29999 -429.60269  24.1%  26.9 6306s
 19567  7857     cutoff   76      -346.29999 -429.37142  24.0%  26.8 6367s
 19729  7936 -382.12862   76    - -346.29999 -429.15054  23.9%  26.8 6445s
 19868  7985     cutoff   76      -346.29999 -429.04866  23.9%  26.8 6515s
 19962  8011 -380.15928   75    2 -346.29999 -429.03786  23.9%  26.8 6526s
 20019  8039     cutoff   76      -346.29999 -428.64886  23.8%  26.8 6586s
 20092  8063 -362.31238   76    2 -346.29999 -428.57365  23.8%  26.8 6595s
 20167  8102 -426.00238   39    2 -346.29999 -428.55932  23.8%  26.8 6668s
 20229  8123 -386.90099   75    2 -346.29999 -428.23451  23.7%  26.8 6677s
 20313  8171 -404.80944   72    2 -346.29999 -428.21786  23.7%  26.8 6755s
 20386  8200     cutoff   76      -346.29999 -428.14143  23.6%  26.8 6766s
 20437  8243 -389.17352   75    2 -346.29999 -428.12935  23.6%  26.8 6835s
 20605  8322     cutoff   76      -346.29999 -427.99268  23.6%  26.7 6916s
 20732  8375 -376.07289   76    - -346.29999 -427.92981  23.6%  26.7 6994s
 20875  8449     cutoff   76      -346.29999 -427.73940  23.5%  26.7 7072s
 20993  8512     cutoff   76      -346.29999 -427.63270  23.5%  26.7 7144s
 21128  8561 -384.14177   75    2 -346.29999 -427.48966  23.4%  26.7 7188s

Cutting planes:
  MIR: 65
  Flow cover: 13
  Lazy constraints: 189293

Explored 21177 nodes (569100 simplex iterations) in 7194.07 seconds
Thread count was 4 (of 4 available processors)

Solution count 8: -346.3 -344.86 -332.98 ... -176.58

Time limit reached
Best objective -3.462999909309e+02, best bound -4.274758315440e+02, gap 23.4409%

User-callback calls 197115, time in user-callback 1969.73 sec
