
Gurobi 8.1.1 (win64) logging started 07/05/20 19:39:06

Changed value of parameter LogFile to Results/sslp1_30_70_50_BendersBnC.log
   Prev: gurobi.log  Default: 
Changed value of parameter Heuristics to 0.0
   Prev: 0.05  Min: 0.0  Max: 1.0  Default: 0.05
Changed value of parameter lazyConstraints to 1
   Prev: 0  Min: 0  Max: 1  Default: 0
Changed value of parameter timeLimit to 7194.143695116043
   Prev: 1e+100  Min: 0.0  Max: 1e+100  Default: 1e+100
Optimize a model with 688 rows, 80 columns and 10290 nonzeros
Variable types: 50 continuous, 30 integer (30 binary)
Coefficient statistics:
  Matrix range     [3e-13, 1e+06]
  Objective range  [2e-02, 8e+01]
  Bounds range     [1e+00, 1e+00]
  RHS range        [1e-13, 2e+04]
Warning: Model contains large matrix coefficient range
         Consider reformulating model or setting NumericFocus parameter
         to avoid numerical issues.
Presolve removed 61 rows and 0 columns
Presolve time: 0.01s
Presolved: 627 rows, 80 columns, 10054 nonzeros
Variable types: 50 continuous, 30 integer (30 binary)

Root relaxation: objective -7.907018e+02, 60 iterations, 0.01 seconds

    Nodes    |    Current Node    |     Objective Bounds      |     Work
 Expl Unexpl |  Obj  Depth IntInf | Incumbent    BestBd   Gap | It/Node Time

     0     0 -790.70180    0   13          - -790.70180      -     -    0s
     0     0 -790.01536    0   12          - -790.01536      -     -    0s
     0     0 -789.74670    0   12          - -789.74670      -     -    0s
     0     0 -789.59091    0   12          - -789.59091      -     -    0s
     0     0 -789.33733    0   11          - -789.33733      -     -    0s
     0     0 -789.16728    0   11          - -789.16728      -     -    0s
     0     0 -788.79713    0   12          - -788.79713      -     -    0s
     0     0 -788.55897    0   12          - -788.55897      -     -    0s
     0     0 -788.37061    0   11          - -788.37061      -     -    0s
     0     0 -788.17064    0   11          - -788.17064      -     -    0s
     0     0 -787.92245    0   11          - -787.92245      -     -    0s
     0     0 -787.73528    0   11          - -787.73528      -     -    0s
     0     0 -787.52825    0   12          - -787.52825      -     -    0s
     0     0 -787.39706    0   10          - -787.39706      -     -    0s
     0     0 -787.19629    0    9          - -787.19629      -     -    0s
     0     0 -787.05508    0    9          - -787.05508      -     -    0s
     0     0 -786.86735    0    9          - -786.86735      -     -    0s
     0     0 -786.79288    0   10          - -786.79288      -     -    0s
     0     0 -786.66490    0   10          - -786.66490      -     -    0s
     0     0 -786.55266    0    6          - -786.55266      -     -    0s
     0     0 -786.41468    0    9          - -786.41468      -     -    0s
     0     0 -786.28585    0    8          - -786.28585      -     -    0s
     0     0 -786.25583    0    8          - -786.25583      -     -    0s
     0     0 -786.19449    0    8          - -786.19449      -     -    0s
     0     0 -786.17535    0    7          - -786.17535      -     -    0s
     0     0 -786.12654    0    9          - -786.12654      -     -    0s
     0     0 -786.10911    0    6          - -786.10911      -     -    0s
     0     0 -786.09749    0    7          - -786.09749      -     -    0s
     0     0 -786.08882    0    9          - -786.08882      -     -    0s
     0     0 -786.06537    0    9          - -786.06537      -     -    0s
     0     0 -786.02714    0    9          - -786.02714      -     -    0s
     0     0 -786.02454    0    9          - -786.02454      -     -    0s
     0     0 -786.01543    0    6          - -786.01543      -     -    0s
     0     0 -785.99784    0    7          - -785.99784      -     -    0s
     0     0 -785.98322    0    6          - -785.98322      -     -    0s
     0     0 -785.97764    0    6          - -785.97764      -     -    0s
     0     0 -785.96657    0    7          - -785.96657      -     -    0s
     0     0 -785.93115    0    8          - -785.93115      -     -    0s
     0     0 -785.89757    0    8          - -785.89757      -     -    0s
     0     0 -785.89615    0    7          - -785.89615      -     -    0s
     0     0 -785.88791    0    7          - -785.88791      -     -    0s
     0     0 -785.87934    0    7          - -785.87934      -     -    0s
     0     0 -785.87262    0    9          - -785.87262      -     -    0s
     0     0 -785.86302    0    9          - -785.86302      -     -    0s
     0     0 -785.85937    0    8          - -785.85937      -     -    0s
     0     0 -785.85349    0    9          - -785.85349      -     -    0s
     0     0 -785.84356    0    7          - -785.84356      -     -    0s
     0     0 -785.84211    0    7          - -785.84211      -     -    0s
     0     0 -785.82902    0    7          - -785.82902      -     -    0s
     0     0 -785.81912    0    7          - -785.81912      -     -    0s
     0     0 -785.81899    0    7          - -785.81899      -     -    0s
     0     0 -785.81493    0    7          - -785.81493      -     -    0s
     0     0 -785.81189    0    7          - -785.81189      -     -    0s
     0     0 -785.80508    0    8          - -785.80508      -     -    0s
     0     0 -785.80446    0    8          - -785.80446      -     -    0s
     0     0 -785.80330    0    8          - -785.80330      -     -    0s
     0     0 -785.80269    0    7          - -785.80269      -     -    0s
     0     0 -785.79927    0    7          - -785.79927      -     -    0s
     0     0 -785.79918    0    8          - -785.79918      -     -    0s
     0     0 -785.69788    0    7          - -785.69788      -     -    0s
     0     0 -785.66821    0    5          - -785.66821      -     -    0s
     0     0 -785.63832    0    7          - -785.63832      -     -    0s
     0     0 -785.62388    0    6          - -785.62388      -     -    0s
     0     0 -785.61369    0    8          - -785.61369      -     -    0s
     0     0 -785.58704    0    6          - -785.58704      -     -    0s
     0     0 -785.57164    0    5          - -785.57164      -     -    0s
     0     0 -785.55631    0    6          - -785.55631      -     -    0s
     0     0 -785.55610    0    6          - -785.55610      -     -    0s
     0     0 -785.50980    0    5          - -785.50980      -     -    0s
     0     0 -785.49239    0    4          - -785.49239      -     -    0s
     0     0 -785.48009    0    5          - -785.48009      -     -    0s
     0     0 -785.47595    0    6          - -785.47595      -     -    0s
     0     0 -785.47563    0    5          - -785.47563      -     -    0s
     0     0 -785.47243    0    6          - -785.47243      -     -    0s
     0     2 -785.47243    0    6          - -785.47243      -     -    0s
    53    43 -770.11146   23    -          - -785.04596      -  15.7    5s
*   78    55              30    14325.659680 -784.92457   105%  17.8    7s
*   83    59              30    -501.9199870 -784.66604  56.3%  18.7    8s
    99    60 -743.80514    5    4 -501.91999 -784.09907  56.2%  20.4   10s
   128    75 -696.68384   12    - -501.91999 -784.09907  56.2%  21.2   15s
   158    93 -627.73301   17    3 -501.91999 -784.09907  56.2%  20.0   21s
   176   102 -669.89313   20    - -501.91999 -784.09907  56.2%  20.0   25s
   207   117     cutoff   30      -501.91999 -784.09907  56.2%  20.0   31s
   221   120 -742.98029    9    - -501.91999 -782.27777  55.9%  19.9   35s
   247   134 -654.58692   13    2 -501.91999 -782.27777  55.9%  19.9   40s
*  249   136              30    -536.2599845 -782.27777  45.9%  19.8   40s
*  255   140              30    -540.0799835 -782.27777  44.8%  19.8   42s
   276   140 -676.96527   18    2 -540.07998 -782.27777  44.8%  19.9   46s
   297   148 -672.14038   20    - -540.07998 -782.27777  44.8%  19.6   52s
   316   164 -647.98122   25    - -540.07998 -782.27777  44.8%  19.8   55s
*  345   176              30    -545.9199850 -773.42534  41.7%  20.5   61s
*  347   175              30    -566.6599837 -773.42534  36.5%  20.7   62s
*  349   175              30    -571.7399845 -773.42534  35.3%  20.8   62s
   362   176 -602.67998   30    - -571.73998 -773.40385  35.3%  21.2   65s
*  371   174              30    -574.8799844 -770.85362  34.1%  21.3   66s
   397   187 -721.72324   19    - -574.87998 -770.11146  34.0%  21.5   70s
   427   205     cutoff   30      -574.87998 -770.11146  34.0%  21.1   75s
   449   208 -583.28259   29    - -574.87998 -754.05582  31.2%  21.4   80s
   479   215 -676.07944   26    2 -574.87998 -753.57897  31.1%  20.9   85s
   510   211     cutoff   30      -574.87998 -747.24028  30.0%  21.0   91s
   534   220 -737.26285   12    - -574.87998 -746.22344  29.8%  20.8   95s
   562   231 -679.13260   19    2 -574.87998 -746.22344  29.8%  20.4  101s
   591   252 -669.68698   24    6 -574.87998 -746.22344  29.8%  20.4  108s
   612   258 -599.38041   29    - -574.87998 -745.65007  29.7%  20.5  110s
   627   258     cutoff   29      -574.87998 -744.78462  29.6%  20.4  115s
   652   264 -590.36285   27    - -574.87998 -743.47892  29.3%  20.2  120s
   679   283 -664.54653    8    2 -574.87998 -743.17293  29.3%  20.0  126s
   693   288 -652.84071   15    - -574.87998 -743.17293  29.3%  19.9  130s
   724   307 -623.72648   25    5 -574.87998 -743.17293  29.3%  19.9  135s
   754   314 -694.27144   11    8 -574.87998 -742.89514  29.2%  19.9  140s
   797   337 -673.99581   27    3 -574.87998 -742.89514  29.2%  19.8  146s
   834   354 -733.89717   14    5 -574.87998 -742.60346  29.2%  19.7  151s
   855   363 -627.45601   19    4 -574.87998 -742.55229  29.2%  19.8  155s
   908   378 -694.27133   11    - -574.87998 -742.45722  29.1%  19.8  164s
   933   384 -652.79400   15    1 -574.87998 -742.45722  29.1%  19.6  168s
   953   403 -634.05915   21    - -574.87998 -742.45722  29.1%  19.6  172s
   975   414 -634.71658   18    2 -574.87998 -742.45722  29.1%  19.6  175s
   998   418     cutoff   29      -574.87998 -741.99250  29.1%  19.6  180s
  1039   433 -619.75764   19    - -574.87998 -741.77124  29.0%  19.6  190s
  1088   458 -598.93596   28    - -574.87998 -740.95694  28.9%  19.7  197s
  1108   462 -593.56195   28    - -574.87998 -740.61673  28.8%  19.7  201s
  1132   473     cutoff   28      -574.87998 -740.50648  28.8%  19.6  205s
  1153   489 -683.42996   24    2 -574.87998 -740.50285  28.8%  19.6  210s
  1204   509 -658.91872   19    1 -574.87998 -740.50285  28.8%  19.4  219s
  1212   514     cutoff   30      -574.87998 -740.50285  28.8%  19.4  221s
  1245   530 -600.75280   20    3 -574.87998 -740.50285  28.8%  19.4  227s
  1276   553     cutoff   30      -574.87998 -739.96851  28.7%  19.4  232s
  1309   554     cutoff   30      -574.87998 -739.47941  28.6%  19.3  239s
  1334   566 -691.34610   15    - -574.87998 -739.08605  28.6%  19.2  246s
  1363   576 -616.33580   19    - -574.87998 -739.08605  28.6%  19.1  252s
  1378   585 -669.64335   22    4 -574.87998 -738.02214  28.4%  19.2  255s
  1399   588 -700.19297   10    5 -574.87998 -737.90562  28.4%  19.1  262s
  1413   599 -675.93032   21    5 -574.87998 -737.90562  28.4%  19.0  265s
  1433   615 -627.54487   21    3 -574.87998 -737.90562  28.4%  19.1  270s
  1447   622     cutoff   22      -574.87998 -737.90562  28.4%  19.1  275s
  1467   627 -622.70598   26    4 -574.87998 -737.47601  28.3%  19.1  280s
  1495   639 -710.48251   27    3 -574.87998 -737.46395  28.3%  19.2  285s
  1527   653 -663.88750   23    - -574.87998 -737.46222  28.3%  19.2  291s
  1551   651 -693.88173   13    2 -574.87998 -737.02609  28.2%  19.2  298s
  1568   668 -633.68477   27    2 -574.87998 -737.02609  28.2%  19.1  301s
  1575   667 -679.40139   21    - -574.87998 -736.53890  28.1%  19.2  305s
  1612   687 -671.15865   27    3 -574.87998 -736.42704  28.1%  19.2  310s
  1628   691     cutoff   30      -574.87998 -735.74678  28.0%  19.3  315s
  1643   688     cutoff   29      -574.87998 -735.48822  27.9%  19.3  320s
  1674   698     cutoff   28      -574.87998 -735.40998  27.9%  19.2  325s
  1695   705 -593.54576   27    - -574.87998 -735.15462  27.9%  19.2  333s
  1724   717     cutoff   27      -574.87998 -734.74255  27.8%  19.2  339s
  1751   726 -673.76962   21    - -574.87998 -733.67186  27.6%  19.2  345s
  1776   745     cutoff   30      -574.87998 -733.67186  27.6%  19.2  351s
  1806   746     cutoff   30      -574.87998 -732.36907  27.4%  19.2  361s
  1838   762 -673.27442   20    6 -574.87998 -732.36907  27.4%  19.2  367s
  1860   766 -664.60481   28    2 -574.87998 -732.00084  27.3%  19.2  371s
  1887   777 -651.30224   16    - -574.87998 -731.47795  27.2%  19.1  380s
  1916   787 -692.11958   20    - -574.87998 -731.20223  27.2%  19.1  387s
  1947   798 -710.08053   22    3 -574.87998 -731.00087  27.2%  19.0  394s
  1970   813 -701.07996   27    3 -574.87998 -730.71192  27.1%  19.1  401s
  2002   824 -662.67748   28    - -574.87998 -730.15329  27.0%  19.0  410s
  2019   834 -622.87895   28    - -574.87998 -730.10380  27.0%  19.1  416s
  2036   842     cutoff   28      -574.87998 -729.77430  26.9%  19.1  420s
  2070   862 -606.62312   28    2 -574.87998 -729.31333  26.9%  19.1  426s
  2082   850     cutoff   30      -574.87998 -729.28704  26.9%  19.1  430s
  2105   858 -648.87428   29    - -574.87998 -727.59993  26.6%  19.2  437s
  2126   867     cutoff   30      -574.87998 -727.49087  26.5%  19.2  442s
  2140   878 -680.33396   16    2 -574.87998 -727.49087  26.5%  19.2  445s
  2163   891 -678.86892   17    - -574.87998 -727.23823  26.5%  19.2  452s
  2171   885 -636.60621   19    6 -574.87998 -727.23823  26.5%  19.2  456s
  2200   900 -596.55821   19    5 -574.87998 -727.23823  26.5%  19.2  463s
  2228   911 -603.85670   28    2 -574.87998 -726.66575  26.4%  19.3  468s
  2266   912     cutoff   30      -574.87998 -726.18891  26.3%  19.3  477s
  2304   927     cutoff   29      -574.87998 -725.69767  26.2%  19.2  488s
  2331   942 -652.17843   23    3 -574.87998 -725.01033  26.1%  19.2  498s
  2364   956 -648.95915   25    3 -574.87998 -724.82735  26.1%  19.2  508s
  2382   963 -581.57029   27    - -574.87998 -724.66935  26.1%  19.3  515s
  2404   971     cutoff   29      -574.87998 -722.62482  25.7%  19.3  522s
  2428   985     cutoff   28      -574.87998 -722.10342  25.6%  19.3  528s
  2443   997 -678.40619   17    - -574.87998 -721.99907  25.6%  19.3  532s
  2452   996 -577.36041   28    2 -574.87998 -721.85543  25.6%  19.3  536s
  2474  1007 -655.73122   27    3 -574.87998 -721.77092  25.6%  19.3  540s
  2502  1011 -592.89992   29    - -574.87998 -721.65113  25.5%  19.3  549s
  2533  1016     cutoff   30      -574.87998 -721.31486  25.5%  19.3  559s
  2574  1019     cutoff   30      -574.87998 -721.04585  25.4%  19.3  571s
  2591  1037 -656.29038   26    - -574.87998 -720.31059  25.3%  19.3  576s
  2605  1034     cutoff   30      -574.87998 -720.16137  25.3%  19.3  584s
  2636  1047 -658.95062   26    4 -574.87998 -719.91723  25.2%  19.3  593s
  2649  1061     cutoff   29      -574.87998 -719.74431  25.2%  19.3  595s
  2665  1056     cutoff   30      -574.87998 -719.49529  25.2%  19.3  602s
  2690  1065 -587.24615   28    - -574.87998 -717.94980  24.9%  19.3  612s
  2719  1072 -698.69394   28    - -574.87998 -717.61127  24.8%  19.3  619s
  2750  1079 -661.72162   28    2 -574.87998 -717.20283  24.8%  19.3  627s
  2791  1089     cutoff   30      -574.87998 -716.61650  24.7%  19.3  638s
  2814  1101     cutoff   30      -574.87998 -716.43107  24.6%  19.4  644s
  2837  1104 -641.03309   26    - -574.87998 -715.24904  24.4%  19.5  651s
  2864  1113 -676.19029   25    2 -574.87998 -714.86735  24.4%  19.5  660s
  2885  1134     cutoff   29      -574.87998 -713.14751  24.1%  19.4  665s
  2893  1118 -607.53842   29    1 -574.87998 -712.98512  24.0%  19.5  671s
  2917  1140 -618.54895   28    2 -574.87998 -712.45523  23.9%  19.5  675s
  2937  1127     cutoff   30      -574.87998 -711.99388  23.9%  19.5  683s
* 2958  1126              30    -586.8199841 -711.86527  21.3%  19.6  685s
  2976  1120     cutoff   30      -586.81998 -711.72662  21.3%  19.6  694s
  3022  1126 -670.62665   27    2 -586.81998 -709.61002  20.9%  19.5  709s
  3048  1155     cutoff   29      -586.81998 -708.13873  20.7%  19.5  717s
  3063  1136 -666.00847    7    2 -586.81998 -708.13873  20.7%  19.5  726s
  3086  1165     cutoff   29      -586.81998 -708.13873  20.7%  19.5  732s
  3111  1164 -666.08672    8    1 -586.81998 -708.13873  20.7%  19.5  743s
  3163  1189 -592.06396   17    3 -586.81998 -708.13873  20.7%  19.5  758s
  3178  1202     cutoff   30      -586.81998 -708.13873  20.7%  19.5  761s
  3188  1208     cutoff   29      -586.81998 -707.54591  20.6%  19.5  767s
  3215  1225 -624.83804   28    1 -586.81998 -706.54117  20.4%  19.5  770s
  3231  1215 -688.87027   22    3 -586.81998 -706.47863  20.4%  19.6  777s
  3254  1238     cutoff   30      -586.81998 -706.41352  20.4%  19.5  782s
  3280  1236     cutoff   30      -586.81998 -706.28828  20.4%  19.5  791s
  3321  1261     cutoff   30      -586.81998 -706.07692  20.3%  19.6  803s
  3349  1289 -596.03601   17    2 -586.81998 -705.85408  20.3%  19.6  805s
  3368  1288     cutoff   28      -586.81998 -705.78962  20.3%  19.6  816s
  3429  1312 -649.80092   22    5 -586.81998 -705.55674  20.2%  19.6  833s
  3453  1335     cutoff   30      -586.81998 -705.50564  20.2%  19.5  839s
  3470  1335     cutoff   23      -586.81998 -705.32457  20.2%  19.6  847s
  3491  1356 -689.53653   18    6 -586.81998 -705.32457  20.2%  19.6  851s
  3499  1354     cutoff   29      -586.81998 -705.30108  20.2%  19.6  857s
  3556  1371 -642.64157   24    4 -586.81998 -705.23416  20.2%  19.6  872s
  3583  1400     cutoff   30      -586.81998 -705.23054  20.2%  19.6  878s
  3604  1399     cutoff   30      -586.81998 -705.21680  20.2%  19.6  885s
  3656  1414 -679.43402   24    2 -586.81998 -705.05482  20.1%  19.6  903s
  3732  1441 -651.37614   25    4 -586.81998 -704.76745  20.1%  19.6  925s
  3784  1479     cutoff   29      -586.81998 -704.60841  20.1%  19.6  942s
  3821  1516 -621.74040   25    - -586.81998 -704.49132  20.1%  19.6  949s
  3836  1503     cutoff   28      -586.81998 -704.47025  20.0%  19.6  960s
  3890  1557 -689.92622   18    6 -586.81998 -704.20342  20.0%  19.6  992s
  3892  1558 -599.79253   30   21 -586.81998 -704.20342  20.0%  19.6 1023s
  3893  1559 -660.23496   15   21 -586.81998 -704.20342  20.0%  19.6 1025s
  3895  1563 -704.20342   14   21 -586.81998 -704.20342  20.0%  19.6 1072s
  3897  1565 -704.20342   15   21 -586.81998 -704.20342  20.0%  19.7 1087s
  3899  1566 -704.20342   15   17 -586.81998 -704.20342  20.0%  19.7 1107s
  3901  1567 -704.20342   16   22 -586.81998 -704.20342  20.0%  19.7 1131s
  3903  1569 -704.20342   16   14 -586.81998 -704.20342  20.0%  19.8 1144s
  3905  1570 -704.20342   17   22 -586.81998 -704.20342  20.0%  19.8 1183s
  3907  1570 -704.20342   17   16 -586.81998 -704.20342  20.0%  19.9 1190s
  3910  1570 -704.20342   18   21 -586.81998 -704.20342  20.0%  19.9 1201s
  3913  1574 -704.20342   18   15 -586.81998 -704.20342  20.0%  20.0 1206s
  3916  1573 -704.20342   19   21 -586.81998 -704.20342  20.0%  20.0 1211s
  3920  1579 -704.20342   19   11 -586.81998 -704.20342  20.0%  20.0 1215s
  3924  1579 -704.20342   20   21 -586.81998 -704.20342  20.0%  20.1 1227s
  3929  1584 -704.20342   20   11 -586.81998 -704.20342  20.0%  20.1 1231s
  3934  1585 -704.20342   21   21 -586.81998 -704.20342  20.0%  20.1 1236s
  3937  1587 -704.20342   21   12 -586.81998 -704.20342  20.0%  20.2 1240s
  3940  1587 -704.20342   22   21 -586.81998 -704.20342  20.0%  20.2 1252s
  3946  1588 -704.20342   22   15 -586.81998 -704.20342  20.0%  20.2 1264s
  3954  1597 -704.20342   23   11 -586.81998 -704.20342  20.0%  20.3 1271s
  3963  1598 -704.20342   24   12 -586.81998 -704.20342  20.0%  20.4 1276s
  3972  1598 -704.20342   25   16 -586.81998 -704.20342  20.0%  20.4 1282s
  3982  1602 -704.20342   26   13 -586.81998 -704.20342  20.0%  20.5 1290s
  3992  1605 -704.20342   27    5 -586.81998 -704.20342  20.0%  20.6 1296s
  3999  1611 -704.20342   29   14 -586.81998 -704.20342  20.0%  20.6 1301s
  4006  1617 -704.20342   30   12 -586.81998 -704.20342  20.0%  20.8 1306s
  4014  1618 -704.20342   32   11 -586.81998 -704.20342  20.0%  20.8 1310s
  4029  1624 -704.20342   33    9 -586.81998 -704.20342  20.0%  21.0 1318s
  4046  1624 -693.40935   35    7 -586.81998 -704.20342  20.0%  21.1 1325s
  4060  1624 -700.64465   38    5 -586.81998 -704.20342  20.0%  21.2 1332s
  4078  1639 -704.20342   17   16 -586.81998 -704.20342  20.0%  21.3 1337s
  4091  1650 -704.20342   23   13 -586.81998 -704.20342  20.0%  21.3 1342s
  4106  1649 -704.20342   30   13 -586.81998 -704.20342  20.0%  21.4 1349s
  4126  1651 -704.20342   36    7 -586.81998 -704.20342  20.0%  21.5 1359s
  4135  1656 -605.91953   42    - -586.81998 -704.20342  20.0%  21.6 1361s
  4152  1653 -684.60408   37    6 -586.81998 -704.20342  20.0%  21.6 1371s
  4180  1656     cutoff   42      -586.81998 -704.20342  20.0%  21.7 1380s
  4204  1660 -662.07030   23    3 -586.81998 -704.20342  20.0%  21.8 1389s
  4221  1674 -673.26712   33   10 -586.81998 -704.20342  20.0%  21.8 1391s
  4239  1679 -603.43952   41    1 -586.81998 -704.20342  20.0%  21.9 1400s
  4278  1674 -664.67347   27    3 -586.81998 -704.20342  20.0%  21.9 1412s
  4308  1690 -590.44447   41    - -586.81998 -704.20342  20.0%  21.9 1419s
  4319  1683 -644.73368   34    6 -586.81998 -704.20342  20.0%  22.0 1426s
  4340  1694 -640.95648   36    7 -586.81998 -704.20342  20.0%  22.0 1435s
  4367  1700     cutoff   41      -586.81998 -704.20342  20.0%  22.1 1448s
  4405  1707 -704.20342   29   13 -586.81998 -704.20342  20.0%  22.1 1461s
  4427  1722 -696.19894   39    4 -586.81998 -704.20342  20.0%  22.2 1471s
  4460  1719     cutoff   43      -586.81998 -704.20342  20.0%  22.3 1486s
  4506  1732 -588.76453   41    - -586.81998 -704.20342  20.0%  22.3 1502s
  4539  1756     cutoff   42      -586.81998 -704.20342  20.0%  22.3 1518s
  4599  1746 -671.59198   30   10 -586.81998 -704.20342  20.0%  22.4 1539s
  4624  1768 -589.86173   39    - -586.81998 -704.20342  20.0%  22.4 1545s
  4635  1764     cutoff   42      -586.81998 -704.20342  20.0%  22.4 1555s
  4680  1786 -650.50752   40    3 -586.81998 -704.20342  20.0%  22.4 1569s
  4724  1797     cutoff   43      -586.81998 -704.20342  20.0%  22.5 1581s
  4758  1802 -673.33183   38    5 -586.81998 -704.20342  20.0%  22.6 1597s
  4825  1805     cutoff   43      -586.81998 -704.20342  20.0%  22.6 1619s
  4859  1818 -622.06783   42    1 -586.81998 -704.20342  20.0%  22.6 1625s
  4891  1810     cutoff   42      -586.81998 -704.20342  20.0%  22.6 1641s
  4924  1843 -683.73641   31    5 -586.81998 -704.20342  20.0%  22.7 1655s
  4978  1852     cutoff   41      -586.81998 -704.20342  20.0%  22.8 1672s
  5032  1857     cutoff   43      -586.81998 -704.20342  20.0%  22.8 1696s
  5066  1875 -677.15390   25    - -586.81998 -704.20342  20.0%  22.8 1700s
  5104  1861 -653.83134   27    2 -586.81998 -704.20342  20.0%  22.8 1724s
  5177  1877     cutoff   42      -586.81998 -704.20342  20.0%  22.9 1754s
  5193  1898 -646.43742   42    1 -586.81998 -704.20342  20.0%  22.9 1755s
  5215  1899 -672.37318   40    3 -586.81998 -704.20342  20.0%  23.0 1773s
  5264  1899     cutoff   43      -586.81998 -704.20342  20.0%  23.1 1797s
  5329  1921 -674.00373   36    - -586.81998 -704.20342  20.0%  23.2 1820s
  5392  1920 -597.00043   38    - -586.81998 -704.20342  20.0%  23.2 1847s
  5439  1945     cutoff   43      -586.81998 -704.20342  20.0%  23.2 1854s
  5471  1929     cutoff   43      -586.81998 -704.20342  20.0%  23.2 1878s
  5514  1959 -592.20070   41    - -586.81998 -704.20342  20.0%  23.3 1884s
  5567  1938     cutoff   42      -586.81998 -704.20342  20.0%  23.3 1912s
  5637  1971     cutoff   42      -586.81998 -704.20342  20.0%  23.3 1941s
  5676  1983 -646.25955   24    4 -586.81998 -704.20342  20.0%  23.4 1947s
  5713  1974     cutoff   42      -586.81998 -704.20342  20.0%  23.4 1972s
  5754  1997     cutoff   42      -586.81998 -704.20342  20.0%  23.4 1980s
  5799  1973     cutoff   42      -586.81998 -704.20342  20.0%  23.5 2004s
  5841  2001     cutoff   43      -586.81998 -704.20342  20.0%  23.5 2010s
  5880  2001     cutoff   43      -586.81998 -704.20342  20.0%  23.6 2035s
  5942  2009     cutoff   43      -586.81998 -704.20342  20.0%  23.7 2065s
  6000  2030 -598.72066   41    - -586.81998 -704.20342  20.0%  23.7 2078s
  6048  1992 -634.53699   42    - -586.81998 -704.20342  20.0%  23.7 2108s
  6098  2031 -619.83343   42    1 -586.81998 -704.20342  20.0%  23.7 2118s
  6147  2006     cutoff   43      -586.81998 -704.20342  20.0%  23.8 2149s
  6228  2012     cutoff   43      -586.81998 -704.20342  20.0%  23.9 2188s
  6271  2039     cutoff   43      -586.81998 -704.20342  20.0%  23.9 2192s
  6312  2020     cutoff   43      -586.81998 -704.20342  20.0%  23.9 2228s
  6372  2055     cutoff   42      -586.81998 -704.20342  20.0%  23.9 2241s
  6425  2017 -622.44520   42    1 -586.81998 -704.20342  20.0%  24.0 2279s
  6545  2054     cutoff   43      -586.81998 -703.55650  19.9%  24.0 2325s
  6654  2096     cutoff   43      -586.81998 -703.12464  19.8%  24.0 2376s
  6834  2084 -598.83655   42    - -586.81998 -701.70017  19.6%  23.9 2458s
  6974  2168 -596.69365   41    2 -586.81998 -700.62449  19.4%  23.8 2482s
  7070  2115     cutoff   42      -586.81998 -699.83074  19.3%  23.8 2550s
  7315  2172     cutoff   42      -586.81998 -699.36119  19.2%  23.6 2656s
  7596  2245     cutoff   43      -586.81998 -698.71297  19.1%  23.4 2758s
  7837  2298 -658.85271   17    3 -586.81998 -698.26577  19.0%  23.2 2856s
  7959  2382     cutoff   38      -586.81998 -698.26577  19.0%  23.1 2880s
  8053  2350     cutoff   43      -586.81998 -698.26577  19.0%  23.1 2942s
  8133  2420     cutoff   43      -586.81998 -698.26577  19.0%  23.1 2954s
  8224  2399 -595.30972   30    2 -586.81998 -696.58198  18.7%  23.1 3017s
  8388  2422 -638.14045   41    2 -586.81998 -696.03075  18.6%  23.0 3114s
  8603  2478 -656.89489   23    2 -586.81998 -695.42552  18.5%  23.0 3208s
  8780  2597     cutoff   42      -586.81998 -694.68783  18.4%  23.0 3305s
  8895  2697     cutoff   43      -586.81998 -694.05947  18.3%  22.9 3324s
  9027  2688 -652.69684   23    3 -586.81998 -693.96299  18.3%  22.8 3414s
  9222  2845     cutoff   43      -586.81998 -693.63494  18.2%  22.8 3495s
  9287  2915     cutoff   43      -586.81998 -693.43449  18.2%  22.8 3507s
  9340  2920     cutoff   43      -586.81998 -693.37515  18.2%  22.9 3578s
  9570  3007     cutoff   43      -586.81998 -692.93258  18.1%  22.7 3698s
  9724  3140     cutoff   43      -586.81998 -692.52869  18.0%  22.6 3731s
  9836  3132 -651.36037   20    2 -586.81998 -692.49939  18.0%  22.6 3823s
 10085  3275     cutoff   43      -586.81998 -691.97575  17.9%  22.5 3931s
 10180  3380     cutoff   43      -586.81998 -691.97575  17.9%  22.4 3946s
 10262  3416     cutoff   43      -586.81998 -691.67223  17.9%  22.4 4035s
 10399  3531 -608.23720   28    2 -586.81998 -691.23548  17.8%  22.3 4063s
 10500  3518     cutoff   43      -586.81998 -691.20705  17.8%  22.3 4139s
 10590  3622     cutoff   42      -586.81998 -690.62684  17.7%  22.3 4157s
 10669  3617     cutoff   43      -586.81998 -690.57308  17.7%  22.3 4231s
 10761  3713     cutoff   43      -586.81998 -690.26833  17.6%  22.2 4251s
 10840  3714     cutoff   43      -586.81998 -690.18846  17.6%  22.2 4329s
 10931  3796 -625.55956   40    - -586.81998 -689.94406  17.6%  22.2 4344s
 11022  3782     cutoff   43      -586.81998 -689.87730  17.6%  22.2 4430s
 11100  3863 -624.55200   41    2 -586.81998 -689.55322  17.5%  22.2 4444s
 11172  3872     cutoff   43      -586.81998 -689.42101  17.5%  22.2 4538s
 11370  3949 -606.69022   29    - -586.81998 -688.94645  17.4%  22.1 4652s
 11555  4057 -678.61783   25    - -586.81998 -688.44752  17.3%  22.1 4750s
 11682  4145     cutoff   42      -586.81998 -688.20184  17.3%  22.1 4835s
 11743  4202 -608.36342   41    2 -586.81998 -687.87554  17.2%  22.1 4849s
 11824  4195     cutoff   42      -586.81998 -687.84536  17.2%  22.1 4933s
 11989  4262     cutoff   43      -586.81998 -687.52484  17.2%  22.0 5046s
 12187  4361     cutoff   43      -586.81998 -687.07955  17.1%  22.0 5150s
 12280  4459     cutoff   40      -586.81998 -686.72526  17.0%  22.0 5171s
 12316  4454     cutoff   39      -586.81998 -686.70830  17.0%  22.0 5240s
 12469  4517     cutoff   42      -586.81998 -686.44382  17.0%  22.0 5335s
 12536  4595     cutoff   43      -586.81998 -686.04353  16.9%  22.0 5350s
 12609  4580 -680.10525   24    - -586.81998 -686.04353  16.9%  22.0 5452s
 12728  4687     cutoff   42      -586.81998 -686.04353  16.9%  21.9 5479s
 12816  4636 -679.22175   24    - -586.81998 -685.56126  16.8%  21.9 5572s
 12896  4741 -644.28278   40    2 -586.81998 -684.96721  16.7%  21.9 5594s
 12959  4742     cutoff   38      -586.81998 -684.93665  16.7%  21.9 5680s
 13112  4805     cutoff   42      -586.81998 -684.60348  16.7%  21.8 5792s
 13191  4883     cutoff   42      -586.81998 -683.98007  16.6%  21.8 5811s
 13279  4862 -663.36506   29    - -586.81998 -683.96606  16.6%  21.8 5908s
 13367  4965     cutoff   42      -586.81998 -683.53682  16.5%  21.8 5931s
 13433  4949 -638.42617   39    4 -586.81998 -683.46293  16.5%  21.8 6008s
 13566  5009 -634.97734   33    - -586.81998 -683.09417  16.4%  21.7 6110s
 13647  5082 -637.41250   39    - -586.81998 -682.67916  16.3%  21.7 6128s
 13721  5075     cutoff   43      -586.81998 -682.65320  16.3%  21.7 6209s
 13786  5144 -658.61036   30    2 -586.81998 -682.45422  16.3%  21.7 6224s
 13858  5128     cutoff   42      -586.81998 -682.43514  16.3%  21.7 6322s
 13942  5207 -590.87580   42    - -586.81998 -682.18879  16.3%  21.7 6348s
 14033  5187 -675.66031   28    - -586.81998 -682.11416  16.2%  21.7 6441s
 14178  5276     cutoff   42      -586.81998 -682.08525  16.2%  21.6 6544s
 14332  5321 -612.36545   40    2 -586.81998 -681.47232  16.1%  21.6 6643s
 14441  5376     cutoff   41      -586.81998 -680.82325  16.0%  21.6 6744s
 14577  5428     cutoff   43      -586.81998 -680.40044  15.9%  21.6 6847s
 14721  5484 -599.64793   25    - -586.81998 -680.00992  15.9%  21.6 6952s
 14840  5552 -616.21972   41    2 -586.81998 -679.76646  15.8%  21.6 7048s
 14969  5617     cutoff   43      -586.81998 -679.51629  15.8%  21.6 7141s
 15023  5678     cutoff   43      -586.81998 -679.22175  15.7%  21.6 7156s
 15065  5669 -635.31353   34    2 -586.81998 -679.20975  15.7%  21.6 7194s
 15088  5714 -601.94241   41    2 -586.81998 -679.14577  15.7%  21.6 7202s

Cutting planes:
  Lazy constraints: 430596

Explored 15114 nodes (326858 simplex iterations) in 7207.93 seconds
Thread count was 4 (of 4 available processors)

Solution count 9: -586.82 -574.88 -571.74 ... 14325.7

Time limit reached
Best objective -5.868199841119e+02, best bound -6.791457682980e+02, gap 15.7332%
