
Gurobi 9.0.3 (win64) logging started Sun Jan  2 00:35:38 2022

Changed value of parameter LogFile to Results/sslp1_50_40_200_var_BnC.log
   Prev:   Default: 
Changed value of parameter Heuristics to 0.0
   Prev: 0.05  Min: 0.0  Max: 1.0  Default: 0.05
Changed value of parameter lazyConstraints to 1
   Prev: 0  Min: 0  Max: 1  Default: 0
Changed value of parameter timeLimit to 2352.511739730835
   Prev: inf  Min: 0.0  Max: inf  Default: inf
Gurobi Optimizer version 9.0.3 build v9.0.3rc0 (win64)
Optimize a model with 7550 rows, 300 columns and 620960 nonzeros
Model fingerprint: 0x99272dd3
Variable types: 250 continuous, 50 integer (50 binary)
Coefficient statistics:
  Matrix range     [1e-13, 4e+05]
  Objective range  [5e-03, 4e+01]
  Bounds range     [1e+00, 1e+00]
  RHS range        [2e-15, 9e+03]
Warning: Model contains large matrix coefficient range
         Consider reformulating model or setting NumericFocus parameter
         to avoid numerical issues.
Presolve added 0 rows and 306 columns
Presolve removed 711 rows and 0 columns
Presolve time: 0.56s
Presolved: 6839 rows, 606 columns, 501458 nonzeros
Variable types: 555 continuous, 51 integer (50 binary)

Root relaxation: objective -3.612139e+02, 1230 iterations, 1.15 seconds

    Nodes    |    Current Node    |     Objective Bounds      |     Work
 Expl Unexpl |  Obj  Depth IntInf | Incumbent    BestBd   Gap | It/Node Time

     0     0 -361.21391    0   29          - -361.21391      -     -    1s
     0     0 -361.21391    0   29          - -361.21391      -     -    2s
     0     0 -361.21328    0   28          - -361.21328      -     -    3s
     0     0 -361.21328    0   28          - -361.21328      -     -    4s
     0     2 -361.21328    0   28          - -361.21328      -     -    4s
     5     8 -359.57768    3   27          - -361.18334      -   196    5s
*  104   100              50    -284.4949927 -361.18334  27.0%  73.9   13s
*  106   100              50    -301.8399916 -361.18334  19.7%  74.4   14s
*  108   100              50    -334.5699915 -361.18334  7.95%  76.3   16s
   120   102 -358.95606    4   14 -334.56999 -360.91339  7.87%  87.0   20s
*  192   125              50    -356.9649908 -360.91339  1.11%  66.9   26s
   276   175 -358.71980   13   10 -356.96499 -360.63573  1.03%  65.4   30s
   335   198     cutoff   14      -356.96499 -360.51695  1.00%  63.9   35s
   436   231 -359.67205   11   17 -356.96499 -360.51005  0.99%  65.5   42s
   458   241 -359.10723   22   14 -356.96499 -360.51005  0.99%  66.0   46s
   493   244     cutoff   36      -356.96499 -360.19037  0.90%  65.0   50s
*  577   276              43    -357.1899911 -360.12341  0.82%  61.5   55s
   634   285 -359.89626    8   18 -357.18999 -360.03697  0.80%  61.0   62s
   687   308 -358.84720   29    6 -357.18999 -360.02234  0.79%  59.5   65s
   817   379 -359.47938   17   16 -357.18999 -359.96558  0.78%  56.9   71s
   899   425 -358.75805   10   18 -357.18999 -359.85074  0.74%  56.7   75s
   984   454     cutoff   25      -357.18999 -359.72969  0.71%  57.1   80s
  1090   520 -357.84814   23    9 -357.18999 -359.63819  0.69%  56.5   85s
  1176   545     cutoff   29      -357.18999 -359.54643  0.66%  55.7   93s
  1239   564     cutoff   22      -357.18999 -359.47587  0.64%  56.0   98s
  1270   565     cutoff   27      -357.18999 -359.45369  0.63%  55.5  100s
  1370   593 -357.41634    7    3 -357.18999 -359.36165  0.61%  55.2  107s
  1408   601 -359.20883   32    5 -357.18999 -359.31356  0.59%  55.4  110s
  1448   604 -357.82380    5   28 -357.18999 -359.30714  0.59%  55.6  119s
  1450   605 -359.00334   25   29 -357.18999 -359.30714  0.59%  55.5  126s
  1456   612 -359.30714   15   25 -357.18999 -359.30714  0.59%  56.5  135s
  1460   615 -359.30714   16   20 -357.18999 -359.30714  0.59%  57.1  143s
  1462   616 -359.30714   17   24 -357.18999 -359.30714  0.59%  57.2  148s
  1466   620 -359.30714   18   23 -357.18999 -359.30714  0.59%  57.8  151s
  1481   632 -359.30714   21   22 -357.18999 -359.30714  0.59%  59.7  156s
  1498   642 -359.30714   25   19 -357.18999 -359.30714  0.59%  61.1  160s
  1522   655 -359.30714   31   13 -357.18999 -359.30714  0.59%  62.8  165s
  1587   654 -357.66480   47    2 -357.18999 -359.30714  0.59%  63.6  172s
  1641   685 -358.26016   22   15 -357.18999 -359.30714  0.59%  63.2  177s
  1704   642 -357.41617   20    8 -357.18999 -359.30714  0.59%  63.8  184s
  1749   636     cutoff   30      -357.18999 -359.30714  0.59%  63.0  185s
  1835   652 -357.73272   21    4 -357.18999 -359.30714  0.59%  62.1  190s
  1953   640     cutoff   41      -357.18999 -359.30714  0.59%  61.1  196s
  2003   641     cutoff   20      -357.18999 -359.30714  0.59%  61.1  202s
  2060   634 -357.58802   35    7 -357.18999 -359.30714  0.59%  60.7  205s
  2144   633 -359.30714   26   15 -357.18999 -359.30714  0.59%  59.9  210s
  2217   672     cutoff   37      -357.18999 -359.30714  0.59%  59.6  215s
  2288   672 -357.46883   33   10 -357.18999 -359.30714  0.59%  59.3  220s
  2361   659 -358.07880   43    8 -357.18999 -359.30714  0.59%  58.9  226s
  2430   645     cutoff   34      -357.18999 -359.30714  0.59%  58.8  232s
  2458   650 -358.54602   42    5 -357.18999 -359.30714  0.59%  58.9  236s
  2508   639     cutoff   49      -357.18999 -359.30714  0.59%  58.6  242s
  2544   643 -357.19567   28    7 -357.18999 -359.30714  0.59%  58.9  246s
  2595   633     cutoff   41      -357.18999 -359.29829  0.59%  58.6  250s
  2689   626     cutoff   41      -357.18999 -359.18845  0.56%  57.9  257s
  2720   617     cutoff   49      -357.18999 -359.18650  0.56%  57.7  260s
  2812   594 -357.28627   21    8 -357.18999 -359.14958  0.55%  57.8  269s
  2871   577     cutoff   27      -357.18999 -359.13822  0.55%  57.6  276s
  2934   578     cutoff   45      -357.18999 -359.09373  0.53%  57.3  282s
  3008   552 -357.82841   31   16 -357.18999 -359.01081  0.51%  56.9  290s
  3056   532     cutoff   36      -357.18999 -358.96115  0.50%  56.9  297s
  3095   521 -357.46209   25   10 -357.18999 -358.91749  0.48%  56.8  300s
  3136   500 infeasible   40      -357.18999 -358.91327  0.48%  56.6  305s
  3202   467     cutoff   37      -357.18999 -358.88681  0.48%  56.5  310s
  3251   443 -357.31442   29    2 -357.18999 -358.81629  0.46%  56.6  318s
  3327   450 -357.85155   41    7 -357.18999 -358.75311  0.44%  56.4  323s
  3424   433     cutoff   21      -357.18999 -358.72182  0.43%  56.1  329s
  3517   441     cutoff   28      -357.18999 -358.68192  0.42%  55.8  336s
  3593   440     cutoff   48      -357.18999 -358.60525  0.40%  55.6  345s
  3684   424     cutoff   37      -357.18999 -358.54147  0.38%  55.3  350s
  3761   426 -357.45022   35    - -357.18999 -358.49322  0.36%  55.1  356s
  3835   418     cutoff   35      -357.18999 -358.46421  0.36%  55.0  362s
  3926   407 -358.10131   28   11 -357.18999 -358.35774  0.33%  54.8  370s
  4019   379 -357.22019   42    2 -357.18999 -358.19745  0.28%  54.5  382s
  4124   308     cutoff   30      -357.18999 -358.10216  0.26%  54.3  391s
  4254   292     cutoff   24      -357.18999 -358.02961  0.24%  53.7  401s
  4360   257 -357.45037   35    6 -357.18999 -357.92710  0.21%  53.2  411s
  4481   241     cutoff   40      -357.18999 -357.86344  0.19%  52.7  421s
  4556   155 -357.19308   33    8 -357.18999 -357.79400  0.17%  52.6  428s
  4710    44     cutoff   31      -357.18999 -357.68877  0.14%  51.8  436s
  4868     0     cutoff   25      -357.18999 -357.42036  0.06%  50.9  441s

Cutting planes:
  Lazy constraints: 11326

Explored 4936 nodes (250880 simplex iterations) in 442.75 seconds
Thread count was 4 (of 4 available processors)

Solution count 5: -357.19 -356.965 -334.57 ... -284.495
No other solutions better than -357.19

Optimal solution found (tolerance 1.00e-04)
Warning: max constraint violation (5.2938e-06) exceeds tolerance
Best objective -3.571899911041e+02, best bound -3.571899911041e+02, gap 0.0000%

User-callback calls 19452, time in user-callback 150.44 sec
