
Gurobi 9.0.3 (win64) logging started Sat Jan  1 18:29:44 2022

Changed value of parameter LogFile to Results/sslp1_40_50_200_var_BnC.log
   Prev:   Default: 
Changed value of parameter Heuristics to 0.0
   Prev: 0.05  Min: 0.0  Max: 1.0  Default: 0.05
Changed value of parameter lazyConstraints to 1
   Prev: 0  Min: 0  Max: 1  Default: 0
Changed value of parameter timeLimit to 2462.6857051849365
   Prev: inf  Min: 0.0  Max: inf  Default: inf
Gurobi Optimizer version 9.0.3 build v9.0.3rc0 (win64)
Optimize a model with 8008 rows, 280 columns and 522982 nonzeros
Model fingerprint: 0x489e3dcf
Variable types: 240 continuous, 40 integer (40 binary)
Coefficient statistics:
  Matrix range     [1e-13, 5e+05]
  Objective range  [5e-03, 4e+01]
  Bounds range     [1e+00, 1e+00]
  RHS range        [2e-15, 1e+04]
Warning: Model contains large matrix coefficient range
         Consider reformulating model or setting NumericFocus parameter
         to avoid numerical issues.
Presolve added 0 rows and 209 columns
Presolve removed 687 rows and 0 columns
Presolve time: 0.46s
Presolved: 7321 rows, 489 columns, 427511 nonzeros
Variable types: 448 continuous, 41 integer (40 binary)

Root relaxation: objective -4.708139e+02, 972 iterations, 0.80 seconds

    Nodes    |    Current Node    |     Objective Bounds      |     Work
 Expl Unexpl |  Obj  Depth IntInf | Incumbent    BestBd   Gap | It/Node Time

     0     0 -470.81392    0   20          - -470.81392      -     -    1s
     0     0 -470.81392    0   20          - -470.81392      -     -    2s
     0     0 -470.81392    0   20          - -470.81392      -     -    2s
     0     0 -470.81392    0   20          - -470.81392      -     -    2s
     0     0 -470.80035    0   20          - -470.80035      -     -    2s
     0     0 -470.79655    0   20          - -470.79655      -     -    3s
     0     0 -470.79655    0   20          - -470.79655      -     -    3s
     0     0 -470.79655    0   20          - -470.79655      -     -    4s
     0     2 -470.79655    0   20          - -470.79655      -     -    4s
     3     6 -470.19347    2   20          - -470.56938      -   173    5s
    84    83 -458.18755   40    -          - -470.56937      -  69.2   10s
*   85    84              40    -447.5949886 -470.56937  5.13%  70.5   11s
    99    82     cutoff   40      -447.59499 -470.20878  5.05%  75.8   15s
   166   144 -468.63359   39    2 -447.59499 -470.16681  5.04%  60.4   21s
*  167   138              40    -461.1499877 -470.16681  1.96%  61.2   22s
*  189   131              40    -465.9449879 -470.03981  0.88%  60.1   24s
   202   146 -467.80807    9   12 -465.94499 -470.03981  0.88%  61.1   25s
   309   204 -466.75296    6    6 -465.94499 -469.81694  0.83%  56.4   30s
   444   240 -469.34806    9   12 -465.94499 -469.66103  0.80%  57.5   35s
   553   309 -468.85006   11   11 -465.94499 -469.56330  0.78%  55.4   40s
   690   380 -466.76494   18    2 -465.94499 -469.40521  0.74%  53.4   46s
   740   397     cutoff   31      -465.94499 -469.34468  0.73%  51.9   51s
   753   399 -467.31113   10   20 -465.94499 -469.34468  0.73%  51.5   58s
   756   404 -469.34468   14   20 -465.94499 -469.34468  0.73%  53.3   61s
   760   407 -469.34468   15   18 -465.94499 -469.34468  0.73%  53.9   66s
   786   421 -469.34468   22   13 -465.94499 -469.34468  0.73%  56.9   70s
   891   416 -468.66535   43    4 -465.94499 -469.34468  0.73%  59.4   75s
  1055   471 -469.27127   19   10 -465.94499 -469.34468  0.73%  57.8   80s
  1171   484 -467.76028   40    2 -465.94499 -469.34468  0.73%  56.7   85s
  1246   481     cutoff   27      -465.94499 -469.32590  0.73%  57.1   91s
  1317   498     cutoff   40      -465.94499 -469.24860  0.71%  56.7   95s
  1395   492     cutoff   36      -465.94499 -469.22231  0.70%  56.9  100s
  1495   495 -466.67452   31    5 -465.94499 -469.19483  0.70%  57.4  106s
  1534   485 -466.78810   26    2 -465.94499 -469.17194  0.69%  56.7  110s
  1590   471 -466.41564   26    7 -465.94499 -469.15298  0.69%  56.4  115s
  1665   453 -468.07618   26   11 -465.94499 -469.11364  0.68%  56.3  121s
  1740   459 -467.10286   26   11 -465.94499 -469.07829  0.67%  56.6  125s
  1872   467 infeasible   22      -465.94499 -469.03079  0.66%  56.8  133s
  1910   485     cutoff   34      -465.94499 -469.00895  0.66%  56.7  136s
  1971   478     cutoff   29      -465.94499 -468.99372  0.65%  56.1  141s
  2029   479     cutoff   26      -465.94499 -468.96560  0.65%  55.9  145s
  2092   484     cutoff   33      -465.94499 -468.93101  0.64%  56.4  150s
  2174   523     cutoff   27      -465.94499 -468.91216  0.64%  56.4  157s
  2256   533 -466.20842   37    7 -465.94499 -468.88630  0.63%  56.4  162s
  2300   524     cutoff   29      -465.94499 -468.84028  0.62%  56.5  165s
  2384   532     cutoff   29      -465.94499 -468.78992  0.61%  56.9  172s
  2434   548 -467.82601   29   11 -465.94499 -468.77713  0.61%  57.0  176s
  2493   565 -467.17909   25    9 -465.94499 -468.76992  0.61%  56.8  180s
  2548   584     cutoff   38      -465.94499 -468.74678  0.60%  56.8  186s
  2609   581 -468.30139   27   12 -465.94499 -468.72529  0.60%  56.8  190s
  2661   600     cutoff   42      -465.94499 -468.70231  0.59%  56.9  196s
  2781   608     cutoff   38      -465.94499 -468.59953  0.57%  56.6  204s
  2816   612 -466.60221   25   12 -465.94499 -468.57408  0.56%  56.7  207s
  2835   629 -466.01922   33    7 -465.94499 -468.57139  0.56%  56.8  211s
  2904   647 -466.93671   42    2 -465.94499 -468.53600  0.56%  56.8  215s
  2971   682     cutoff   43      -465.94499 -468.46876  0.54%  56.6  222s
  3055   714     cutoff   33      -465.94499 -468.44674  0.54%  56.1  229s
  3092   716     cutoff   43      -465.94499 -468.42617  0.53%  55.9  231s
  3198   736     cutoff   34      -465.94499 -468.37974  0.52%  55.8  241s
  3269   764 -468.27234   23   14 -465.94499 -468.36999  0.52%  55.6  246s
  3341   780     cutoff   41      -465.94499 -468.35206  0.52%  55.6  252s
  3393   796 -467.87316   30   10 -465.94499 -468.32787  0.51%  55.7  257s
  3469   815 -467.79307   29    9 -465.94499 -468.29228  0.50%  55.5  261s
  3557   835     cutoff   33      -465.94499 -468.28152  0.50%  55.3  269s
  3600   836     cutoff   42      -465.94499 -468.27234  0.50%  55.3  271s
  3636   833 -466.55465   33    7 -465.94499 -468.25757  0.50%  55.2  275s
  3710   818     cutoff   29      -465.94499 -468.23557  0.49%  55.2  280s
  3773   829     cutoff   34      -465.94499 -468.19728  0.48%  55.3  288s
  3862   831     cutoff   36      -465.94499 -468.15412  0.47%  55.2  296s
  3955   837     cutoff   42      -465.94499 -468.12559  0.47%  55.2  309s
  4030   857     cutoff   29      -465.94499 -468.06847  0.46%  55.2  314s
  4088   859     cutoff   31      -465.94499 -468.03826  0.45%  55.0  317s
  4138   844     cutoff   43      -465.94499 -468.01821  0.44%  54.9  323s
  4224   824     cutoff   32      -465.94499 -467.96671  0.43%  54.9  332s
  4337   813     cutoff   34      -465.94499 -467.91723  0.42%  54.8  347s
  4444   818     cutoff   36      -465.94499 -467.86723  0.41%  54.7  359s
  4579   810     cutoff   44      -465.94499 -467.82137  0.40%  54.3  371s
  4664   800     cutoff   33      -465.94499 -467.73455  0.38%  54.3  379s
  4729   803     cutoff   27      -465.94499 -467.68924  0.37%  54.1  383s
  4788   783     cutoff   43      -465.94499 -467.68847  0.37%  54.0  391s
  4903   779     cutoff   44      -465.94499 -467.62038  0.36%  53.9  404s
  4927   782     cutoff   32      -465.94499 -467.58437  0.35%  54.1  408s
  4988   782     cutoff   35      -465.94499 -467.56144  0.35%  54.0  419s
  5036   783     cutoff   37      -465.94499 -467.50335  0.33%  54.0  421s
  5079   766     cutoff   41      -465.94499 -467.50300  0.33%  54.0  428s
  5190   732     cutoff   31      -465.94499 -467.44932  0.32%  53.9  438s
  5250   735     cutoff   38      -465.94499 -467.41283  0.32%  53.8  441s
  5313   690     cutoff   42      -465.94499 -467.35633  0.30%  53.7  452s
  5431   641     cutoff   40      -465.94499 -467.24219  0.28%  53.4  464s
  5485   642     cutoff   32      -465.94499 -467.19128  0.27%  53.3  466s
  5562   631     cutoff   39      -465.94499 -467.17675  0.26%  53.2  478s
  5623   633     cutoff   41      -465.94499 -467.16683  0.26%  53.1  481s
  5680   606     cutoff   30      -465.94499 -467.12740  0.25%  53.0  492s
  5758   611     cutoff   22      -465.94499 -467.09238  0.25%  52.9  498s
  5822   576     cutoff   32      -465.94499 -467.08469  0.24%  52.7  508s
  5900   578     cutoff   33      -465.94499 -466.99723  0.23%  52.5  511s
  5983   541     cutoff   39      -465.94499 -466.99603  0.23%  52.3  521s
  6124   488     cutoff   38      -465.94499 -466.93059  0.21%  52.0  532s
  6196   494 -466.68696   30   10 -465.94499 -466.84396  0.19%  51.9  540s
  6267   424     cutoff   24      -465.94499 -466.82698  0.19%  51.7  552s
  6430   367     cutoff   34      -465.94499 -466.76681  0.18%  51.3  566s
  6564   277     cutoff   25      -465.94499 -466.62065  0.15%  50.9  578s
  6716   191     cutoff   26      -465.94499 -466.51110  0.12%  50.5  589s
  6784   193     cutoff   33      -465.94499 -466.50135  0.12%  50.3  592s
  6869    91     cutoff   34      -465.94499 -466.40979  0.10%  50.1  600s
  7005     0     cutoff   28      -465.94499 -466.23744  0.06%  49.5  605s

Cutting planes:
  Lazy constraints: 33610

Explored 7126 nodes (349684 simplex iterations) in 605.84 seconds
Thread count was 4 (of 4 available processors)

Solution count 3: -465.945 -461.15 -447.595 
No other solutions better than -465.945

Optimal solution found (tolerance 1.00e-04)
Warning: max constraint violation (6.6016e-06) exceeds tolerance
Best objective -4.659449878622e+02, best bound -4.659449878622e+02, gap 0.0000%

User-callback calls 25639, time in user-callback 252.71 sec
