
Gurobi 9.0.3 (win64) logging started Mon Jan  3 08:19:34 2022

Changed value of parameter LogFile to Results/sslp3_20_100_200_var_BnC.log
   Prev:   Default: 
Changed value of parameter Heuristics to 0.0
   Prev: 0.05  Min: 0.0  Max: 1.0  Default: 0.05
Changed value of parameter lazyConstraints to 1
   Prev: 0  Min: 0  Max: 1  Default: 0
Changed value of parameter timeLimit to 4087.57700920105
   Prev: inf  Min: 0.0  Max: inf  Default: inf
Gurobi Optimizer version 9.0.3 build v9.0.3rc0 (win64)
Optimize a model with 5975 rows, 240 columns and 197327 nonzeros
Model fingerprint: 0xe1f8f91c
Variable types: 220 continuous, 20 integer (20 binary)
Coefficient statistics:
  Matrix range     [2e-13, 9e+05]
  Objective range  [5e-03, 4e+01]
  Bounds range     [1e+00, 1e+00]
  RHS range        [7e-15, 5e+04]
Warning: Model contains large matrix coefficient range
         Consider reformulating model or setting NumericFocus parameter
         to avoid numerical issues.
Presolve added 0 rows and 61 columns
Presolve removed 835 rows and 0 columns
Presolve time: 0.21s
Presolved: 5140 rows, 301 columns, 148208 nonzeros
Variable types: 280 continuous, 21 integer (20 binary)

Root relaxation: objective -9.768847e+02, 959 iterations, 0.39 seconds

    Nodes    |    Current Node    |     Objective Bounds      |     Work
 Expl Unexpl |  Obj  Depth IntInf | Incumbent    BestBd   Gap | It/Node Time

     0     0 -976.88471    0   19          - -976.88471      -     -    0s
     0     0 -976.88471    0   19          - -976.88471      -     -    1s
     0     0 -976.88471    0   19          - -976.88471      -     -    1s
     0     0 -976.88471    0   19          - -976.88471      -     -    1s
     0     0 -976.88471    0   19          - -976.88471      -     -    1s
     0     0 -976.88471    0   19          - -976.88471      -     -    2s
     0     0 -976.87267    0   19          - -976.87267      -     -    2s
     0     0 -976.87267    0   19          - -976.87267      -     -    2s
     0     0 -976.86938    0   20          - -976.86938      -     -    2s
     0     0 -976.86894    0   20          - -976.86894      -     -    2s
     0     0 -976.86894    0   20          - -976.86894      -     -    3s
     0     0 -976.86864    0   20          - -976.86864      -     -    3s
     0     0 -976.86813    0   20          - -976.86813      -     -    3s
     0     0 -976.86769    0   20          - -976.86769      -     -    3s
     0     0 -976.86739    0   20          - -976.86739      -     -    3s
     0     0 -976.86282    0   20          - -976.86282      -     -    3s
     0     0 -976.86282    0   20          - -976.86282      -     -    3s
     0     2 -976.86282    0   20          - -976.86282      -     -    4s
    37    34 -970.86601   18    -          - -976.67429      -  84.4    5s
*   44    39              20    -847.2849795 -976.67429  15.3%  90.8    8s
    47    39 -956.35303   19    - -847.28498 -976.67429  15.3%   103   10s
*   56    38              20    -906.1349782 -976.60329  7.78%   107   14s
    61    40     cutoff   20      -906.13498 -976.59947  7.78%   104   15s
*   96    70              20    -951.7499764 -976.59947  2.61%   102   19s
   102    68 -969.12122   20    - -951.74998 -976.59947  2.61%   100   21s
   120    66     cutoff   20      -951.74998 -976.59947  2.61%   107   26s
   159    94 -972.63256   16    5 -951.74998 -976.32965  2.58%  99.2   30s
   180    94 -968.59538   20    - -951.74998 -976.32965  2.58%  98.9   36s
   203   105 -975.52065    6    8 -951.74998 -976.01828  2.55%  96.8   40s
*  219   111              20    -960.6599755 -976.01828  1.60%  94.6   43s
   226   110     cutoff   20      -960.65998 -976.01828  1.60%  94.6   46s
   246   120 -967.20556   20    - -960.65998 -976.01828  1.60%  92.8   53s
   262   126     cutoff   20      -960.65998 -976.01828  1.60%  91.5   58s
   281   137 -974.37695    7   13 -960.65998 -976.01828  1.60%  88.5   63s
   293   142 -962.40471   19    2 -960.65998 -975.81389  1.58%  87.5   65s
   324   155 -969.58137   19    2 -960.65998 -975.73792  1.57%  84.3   70s
   341   157     cutoff   20      -960.65998 -975.71247  1.57%  83.5   77s
   363   164 -962.95041   20    - -960.65998 -975.71247  1.57%  82.3   81s
   376   169     cutoff   20      -960.65998 -975.60915  1.56%  83.8   85s
   418   190 -972.99633   17    3 -960.65998 -975.60915  1.56%  80.8   90s
   438   195     cutoff   20      -960.65998 -975.50519  1.55%  80.5   97s
   456   204     cutoff   20      -960.65998 -975.49790  1.54%  79.9  106s
   500   223 -970.95597   20    - -960.65998 -975.47987  1.54%  78.3  112s
   517   222 -963.60644   20    - -960.65998 -975.46545  1.54%  78.9  120s
   544   228 -973.95956   10   10 -960.65998 -975.46021  1.54%  79.6  126s
   557   234 -973.37902   14    7 -960.65998 -975.46021  1.54%  79.4  130s
   582   234 -969.48827   18    3 -960.65998 -975.46021  1.54%  78.8  137s
   596   231     cutoff   20      -960.65998 -975.45505  1.54%  78.2  145s
   631   238 -974.74094   15    5 -960.65998 -975.45505  1.54%  77.0  155s
*  660   242              20    -961.0299757 -975.45485  1.50%  75.9  162s
   708   242     cutoff   20      -961.02998 -975.44438  1.50%  73.7  170s
*  711   242              20    -961.2499752 -975.44438  1.48%  73.8  171s
   728   248 -974.60923    5   14 -961.24998 -975.41736  1.47%  73.9  177s
*  732   240              20    -964.2449747 -975.41736  1.16%  74.1  178s
   746   255 -973.38148   12    8 -964.24497 -975.41736  1.16%  74.1  180s
   776   260     cutoff   20      -964.24497 -975.39412  1.16%  73.7  187s
   792   272 -973.92850    6    9 -964.24497 -975.38045  1.15%  73.5  190s
   822   284 -968.49884    9    5 -964.24497 -975.37554  1.15%  73.0  196s
   835   289 -966.61461   10    - -964.24497 -975.37554  1.15%  73.1  201s
   881   313 -970.95198   14    5 -964.24497 -975.30249  1.15%  71.8  207s
   902   327 -970.06743   17    2 -964.24497 -975.27607  1.14%  71.5  215s
*  923   291              20    -969.6699755 -975.27028  0.58%  71.1  220s
   962   300 -973.16505   11    7 -969.66998 -975.23024  0.57%  71.0  228s
   974   302     cutoff   19      -969.66998 -975.23024  0.57%  70.7  230s
  1022   319 -974.26439   19    2 -969.66998 -975.18519  0.57%  69.3  236s
  1055   322     cutoff   20      -969.66998 -975.15855  0.57%  68.3  241s
  1087   331     cutoff   20      -969.66998 -975.09319  0.56%  67.5  245s
  1147   353 -971.97166    9    7 -969.66998 -975.04686  0.55%  66.8  253s
  1171   356     cutoff   20      -969.66998 -975.04686  0.55%  66.0  255s
  1198   369     cutoff   20      -969.66998 -974.99803  0.55%  65.7  261s
  1230   386 -971.04577   17    3 -969.66998 -974.97104  0.55%  65.7  266s
  1262   394     cutoff   20      -969.66998 -974.96624  0.55%  65.1  271s
  1289   406     cutoff   20      -969.66998 -974.93278  0.54%  64.7  278s
  1329   413     cutoff   20      -969.66998 -974.89987  0.54%  64.4  283s
  1351   424     cutoff   19      -969.66998 -974.86779  0.54%  64.2  287s
  1384   436 -971.19345   17    2 -969.66998 -974.83022  0.53%  64.0  293s
  1418   449 -971.50105   12    6 -969.66998 -974.81378  0.53%  63.6  296s
  1445   473 -971.16315   18    2 -969.66998 -974.80574  0.53%  63.3  301s
  1484   472     cutoff   18      -969.66998 -974.79640  0.53%  62.8  307s
  1522   485     cutoff   18      -969.66998 -974.79215  0.53%  62.7  316s
  1565   497 -970.16110   12    7 -969.66998 -974.75557  0.52%  62.3  323s
  1618   507 -974.02719   18    2 -969.66998 -974.74632  0.52%  61.5  328s
  1632   512     cutoff   20      -969.66998 -974.74203  0.52%  61.6  331s
  1648   525     cutoff   20      -969.66998 -974.72846  0.52%  61.6  337s
  1703   532 -971.28428   20    - -969.66998 -974.71566  0.52%  61.0  346s
  1733   546     cutoff   20      -969.66998 -974.68415  0.52%  61.1  353s
  1749   547     cutoff   20      -969.66998 -974.68308  0.52%  60.9  355s
  1816   568 -970.86744   15    2 -969.66998 -974.61461  0.51%  60.4  367s
  1852   585     cutoff   20      -969.66998 -974.59977  0.51%  60.5  378s
  1874   587 -972.92599   10    2 -969.66998 -974.59792  0.51%  60.3  380s
  1907   593     cutoff   20      -969.66998 -974.59631  0.51%  59.9  385s
  1965   608 -971.88280   16    2 -969.66998 -974.57908  0.51%  59.4  394s
  1996   617 -969.88767   19    2 -969.66998 -974.56159  0.50%  59.5  399s
  2014   618 -971.97196   17    4 -969.66998 -974.55047  0.50%  59.5  401s
  2041   640     cutoff   19      -969.66998 -974.54412  0.50%  59.2  408s
  2078   655 -972.03287   16    4 -969.66998 -974.51990  0.50%  59.0  414s
  2123   673     cutoff   20      -969.66998 -974.49329  0.50%  58.7  422s
  2183   680 -972.60552   10   20 -969.66998 -974.48027  0.50%  58.4  445s
  2185   681 -973.29517   12   19 -969.66998 -974.48027  0.50%  58.3  468s
  2188   686 -974.48027   12   19 -969.66998 -974.48027  0.50%  59.8  483s
  2190   688 -974.48027   13   18 -969.66998 -974.48027  0.50%  60.0  493s
  2192   689 -974.48027   13   17 -969.66998 -974.48027  0.50%  60.0  503s
  2194   690 -974.48027   14   17 -969.66998 -974.48027  0.50%  60.1  511s
  2196   692 -974.48027   14   13 -969.66998 -974.48027  0.50%  60.3  520s
  2198   693 -974.48027   15   16 -969.66998 -974.48027  0.50%  60.4  526s
  2200   695 -974.48027   15   15 -969.66998 -974.48027  0.50%  60.4  531s
  2207   702 -974.10766   17   11 -969.66998 -974.48027  0.50%  60.6  536s
  2223   712 -974.48027   20   11 -969.66998 -974.48027  0.50%  60.9  540s
  2243   714 -974.48027   23    8 -969.66998 -974.48027  0.50%  61.1  546s
  2250   717 -974.48027   24    7 -969.66998 -974.48027  0.50%  61.3  550s
  2268   724 -973.51018   28    4 -969.66998 -974.48027  0.50%  61.5  555s
  2286   731 -974.48027   15   13 -969.66998 -974.48027  0.50%  61.7  561s
  2302   733 -974.48027   19   10 -969.66998 -974.48027  0.50%  61.8  565s
  2345   740 -969.71210   29    2 -969.66998 -974.48027  0.50%  61.6  572s
  2352   746 -974.17396   17   11 -969.66998 -974.48027  0.50%  61.8  575s
  2373   749     cutoff   31      -969.66998 -974.48027  0.50%  61.7  580s
  2404   759 -971.78762   22    9 -969.66998 -974.48027  0.50%  62.1  585s
  2446   774 -974.42680   27    5 -969.66998 -974.48027  0.50%  62.1  591s
  2467   766 -971.12478   31    - -969.66998 -974.48027  0.50%  62.1  595s
  2484   775     cutoff   31      -969.66998 -974.48027  0.50%  62.2  601s
  2546   775     cutoff   23      -969.66998 -974.48027  0.50%  61.7  610s
  2599   778     cutoff   25      -969.66998 -974.48027  0.50%  61.4  620s
  2636   790 -974.38200   17   10 -969.66998 -974.48027  0.50%  61.6  627s
  2681   783 -973.20344   22    9 -969.66998 -974.48027  0.50%  61.2  633s
  2704   785     cutoff   30      -969.66998 -974.48027  0.50%  61.1  637s
  2744   789     cutoff   30      -969.66998 -974.48027  0.50%  60.9  645s
  2800   771     cutoff   31      -969.66998 -974.48027  0.50%  60.4  652s
  2846   766     cutoff   31      -969.66998 -974.48027  0.50%  60.1  659s
  2876   766     cutoff   31      -969.66998 -974.48027  0.50%  60.1  664s
  2901   760 -970.23582   23    5 -969.66998 -974.48027  0.50%  59.9  665s
  2925   755     cutoff   27      -969.66998 -974.48027  0.50%  59.8  672s
  2970   748     cutoff   29      -969.66998 -974.48027  0.50%  59.6  680s
  3023   743     cutoff   30      -969.66998 -974.48027  0.50%  59.3  688s
  3072   734     cutoff   31      -969.66998 -974.48027  0.50%  59.1  698s
  3108   734     cutoff   28      -969.66998 -974.48027  0.50%  59.0  706s
  3182   727     cutoff   30      -969.66998 -974.48027  0.50%  58.5  719s
  3225   731 -969.77421   21    4 -969.66998 -974.48027  0.50%  58.4  728s
  3268   729 -970.71874   26    2 -969.66998 -974.48027  0.50%  58.3  735s
  3348   722     cutoff   29      -969.66998 -974.48027  0.50%  57.8  748s
  3389   712     cutoff   31      -969.66998 -974.48027  0.50%  57.5  751s
  3417   706     cutoff   29      -969.66998 -974.48027  0.50%  57.5  760s
  3473   710     cutoff   31      -969.66998 -974.48027  0.50%  57.6  773s
  3533   699 -971.91794   27    5 -969.66998 -974.48027  0.50%  57.4  783s
  3573   693     cutoff   29      -969.66998 -974.48027  0.50%  57.3  788s
  3606   691 -971.14901   28    2 -969.66998 -974.48027  0.50%  57.2  800s
  3684   674     cutoff   30      -969.66998 -974.46724  0.49%  57.1  816s
  3723   664     cutoff   26      -969.66998 -974.45064  0.49%  56.9  820s
  3772   662     cutoff   30      -969.66998 -974.43365  0.49%  56.7  835s
  3822   657 -971.52492   30    2 -969.66998 -974.38195  0.49%  56.5  843s
  3855   657 -970.28055   31    - -969.66998 -974.37957  0.49%  56.4  856s
  3944   642     cutoff   31      -969.66998 -974.33730  0.48%  56.1  873s
  3989   630     cutoff   28      -969.66998 -974.30462  0.48%  55.9  875s
  4032   636 -970.74495   20    2 -969.66998 -974.29455  0.48%  55.8  889s
  4150   628     cutoff   31      -969.66998 -974.26174  0.47%  55.2  909s
  4182   620     cutoff   31      -969.66998 -974.25527  0.47%  55.3  910s
  4219   622     cutoff   26      -969.66998 -974.23822  0.47%  55.2  924s
  4322   640 -969.92169   31    - -969.66998 -974.18019  0.47%  55.0  945s
  4439   664     cutoff   31      -969.66998 -974.16903  0.46%  54.8  967s
  4489   668     cutoff   31      -969.66998 -974.16330  0.46%  54.6  971s
  4541   688     cutoff   31      -969.66998 -974.12908  0.46%  54.6  989s
  4587   693 -969.92920   30    - -969.66998 -974.10228  0.46%  54.5  995s
  4657   723     cutoff   29      -969.66998 -974.09436  0.46%  54.2 1012s
  4791   741     cutoff   31      -969.66998 -974.06247  0.45%  53.9 1038s
  4933   772     cutoff   31      -969.66998 -973.98694  0.45%  53.5 1068s
  4994   777     cutoff   29      -969.66998 -973.96796  0.44%  53.4 1073s
  5062   795     cutoff   30      -969.66998 -973.96625  0.44%  53.2 1093s
  5173   813     cutoff   31      -969.66998 -973.92224  0.44%  53.1 1118s
  5293   844 -971.39401   22    2 -969.66998 -973.91280  0.44%  52.9 1143s
  5458   871     cutoff   31      -969.66998 -973.86162  0.43%  52.5 1172s
  5624   902     cutoff   30      -969.66998 -973.83973  0.43%  52.3 1206s
  5770   921     cutoff   31      -969.66998 -973.81731  0.43%  52.1 1235s
  5937   940     cutoff   31      -969.66998 -973.76939  0.42%  51.8 1267s
  6119   972     cutoff   30      -969.66998 -973.74422  0.42%  51.4 1307s
  6264   996     cutoff   31      -969.66998 -973.69886  0.42%  51.3 1340s
  6348  1006     cutoff   30      -969.66998 -973.65086  0.41%  51.1 1349s
  6419  1029     cutoff   31      -969.66998 -973.64013  0.41%  51.0 1375s
  6593  1075     cutoff   28      -969.66998 -973.61041  0.41%  50.8 1415s
  6697  1080     cutoff   31      -969.66998 -973.59057  0.40%  50.6 1420s
  6756  1097     cutoff   30      -969.66998 -973.58216  0.40%  50.5 1446s
  6937  1113     cutoff   31      -969.66998 -973.55168  0.40%  50.4 1485s
  7129  1130     cutoff   31      -969.66998 -973.52241  0.40%  50.2 1528s
  7222  1141 -970.73451   31    - -969.66998 -973.50798  0.40%  50.1 1539s
  7316  1153     cutoff   31      -969.66998 -973.47020  0.39%  50.0 1574s
  7518  1188     cutoff   31      -969.66998 -973.42854  0.39%  49.8 1636s
  7728  1205     cutoff   30      -969.66998 -973.38994  0.38%  49.5 1680s
  7845  1218 -971.88580   30    2 -969.66998 -973.36164  0.38%  49.4 1691s
  7928  1236     cutoff   27      -969.66998 -973.35875  0.38%  49.3 1728s
  8118  1264     cutoff   31      -969.66998 -973.32168  0.38%  49.1 1775s
  8288  1282     cutoff   31      -969.66998 -973.29487  0.37%  48.9 1814s
  8375  1290     cutoff   31      -969.66998 -973.27702  0.37%  48.9 1821s
  8470  1320     cutoff   30      -969.66998 -973.27636  0.37%  48.8 1863s
  8648  1346 -971.67751   27    4 -969.66998 -973.25431  0.37%  48.5 1907s
  8834  1363     cutoff   30      -969.66998 -973.22057  0.37%  48.3 1947s
  9035  1391     cutoff   30      -969.66998 -973.19577  0.36%  48.2 1985s
  9180  1407     cutoff   30      -969.66998 -973.16671  0.36%  48.0 2021s
  9325  1430     cutoff   30      -969.66998 -973.12999  0.36%  47.9 2054s
  9391  1435     cutoff   30      -969.66998 -973.12082  0.36%  47.9 2058s
  9446  1454     cutoff   31      -969.66998 -973.12050  0.36%  47.9 2093s
  9630  1486     cutoff   31      -969.66998 -973.09248  0.35%  47.7 2143s
  9794  1507     cutoff   31      -969.66998 -973.05924  0.35%  47.5 2183s
  9952  1526 -969.70259   27    3 -969.66998 -973.03152  0.35%  47.4 2223s
 10024  1531     cutoff   30      -969.66998 -973.01962  0.35%  47.4 2229s
 10093  1538     cutoff   30      -969.66998 -973.01750  0.35%  47.4 2266s
 10254  1545 -971.36574   30    2 -969.66998 -972.98799  0.34%  47.2 2307s
 10437  1577 -972.27609   29    3 -969.66998 -972.95761  0.34%  47.1 2350s
 10608  1592     cutoff   31      -969.66998 -972.92995  0.34%  47.0 2397s
 10691  1598     cutoff   31      -969.66998 -972.91374  0.33%  46.9 2404s
 10788  1607     cutoff   31      -969.66998 -972.89867  0.33%  46.9 2444s
 10869  1610     cutoff   31      -969.66998 -972.88146  0.33%  46.8 2447s
 10952  1618     cutoff   31      -969.66998 -972.87891  0.33%  46.8 2483s
 11036  1624     cutoff   30      -969.66998 -972.84921  0.33%  46.7 2487s
 11122  1637     cutoff   30      -969.66998 -972.84616  0.33%  46.6 2531s
 11343  1656     cutoff   31      -969.66998 -972.81858  0.32%  46.4 2583s
 11439  1670 -970.89125   28    2 -969.66998 -972.78582  0.32%  46.4 2597s
 11533  1687     cutoff   31      -969.66998 -972.78441  0.32%  46.3 2637s
 11723  1702     cutoff   31      -969.66998 -972.77055  0.32%  46.2 2684s
 11829  1712     cutoff   31      -969.66998 -972.75338  0.32%  46.1 2692s
 11916  1726     cutoff   30      -969.66998 -972.74759  0.32%  46.0 2731s
 12105  1749 -970.00131   30    2 -969.66998 -972.73436  0.32%  45.9 2782s
 12272  1762     cutoff   26      -969.66998 -972.71131  0.31%  45.8 2828s
 12492  1775     cutoff   31      -969.66998 -972.68271  0.31%  45.6 2881s
 12582  1779     cutoff   31      -969.66998 -972.66356  0.31%  45.5 2887s
 12662  1793     cutoff   28      -969.66998 -972.66226  0.31%  45.5 2930s
 12841  1785     cutoff   30      -969.66998 -972.62303  0.30%  45.4 2972s
 13021  1796     cutoff   31      -969.66998 -972.59203  0.30%  45.4 3029s
 13114  1800     cutoff   31      -969.66998 -972.57748  0.30%  45.3 3034s
 13210  1806     cutoff   31      -969.66998 -972.56802  0.30%  45.3 3086s
 13399  1808     cutoff   29      -969.66998 -972.54280  0.30%  45.2 3138s
 13587  1821     cutoff   31      -969.66998 -972.51698  0.29%  45.1 3190s
 13764  1822     cutoff   27      -969.66998 -972.49663  0.29%  45.1 3245s
 13929  1835     cutoff   30      -969.66998 -972.46899  0.29%  45.0 3293s
 14055  1848     cutoff   30      -969.66998 -972.45495  0.29%  44.9 3302s
 14164  1850     cutoff   31      -969.66998 -972.45074  0.29%  44.8 3351s
 14351  1863     cutoff   31      -969.66998 -972.42657  0.28%  44.7 3405s
 14525  1865     cutoff   30      -969.66998 -972.39661  0.28%  44.6 3450s
 14627  1874     cutoff   30      -969.66998 -972.37049  0.28%  44.5 3460s
 14700  1873 -972.24942   25    2 -969.66998 -972.36520  0.28%  44.5 3502s
 14906  1885     cutoff   30      -969.66998 -972.33609  0.27%  44.4 3565s
 15103  1893     cutoff   31      -969.66998 -972.29955  0.27%  44.3 3621s
 15315  1914 -971.13580   27    2 -969.66998 -972.26692  0.27%  44.2 3676s
 15499  1926     cutoff   30      -969.66998 -972.24819  0.27%  44.1 3731s
 15590  1931     cutoff   30      -969.66998 -972.22190  0.26%  44.0 3736s
 15690  1928     cutoff   31      -969.66998 -972.22131  0.26%  44.0 3785s
 15778  1934     cutoff   30      -969.66998 -972.21681  0.26%  43.9 3793s
 15880  1921     cutoff   31      -969.66998 -972.19962  0.26%  43.9 3845s
 15988  1926     cutoff   29      -969.66998 -972.16270  0.26%  43.8 3850s
 16095  1931     cutoff   31      -969.66998 -972.16197  0.26%  43.8 3903s
 16194  1937     cutoff   31      -969.66998 -972.14389  0.26%  43.7 3910s
 16271  1924     cutoff   31      -969.66998 -972.14201  0.25%  43.7 3959s
 16511  1944     cutoff   30      -969.66998 -972.10415  0.25%  43.5 4022s
 16691  1932 -970.10910   29    2 -969.66998 -972.08641  0.25%  43.4 4079s

Cutting planes:
  Lazy constraints: 178895

Explored 16923 nodes (733604 simplex iterations) in 4094.65 seconds
Thread count was 4 (of 4 available processors)

Solution count 8: -969.67 -964.245 -961.25 ... -847.285

Time limit reached
Best objective -9.696699754140e+02, best bound -9.720607708141e+02, gap 0.2466%

User-callback calls 72054, time in user-callback 1389.44 sec
