
Gurobi 8.1.1 (win64) logging started 07/07/20 01:35:01

Changed value of parameter LogFile to Results/sslp2_40_50_200_BendersBnC.log
   Prev: gurobi.log  Default: 
Changed value of parameter Heuristics to 0.0
   Prev: 0.05  Min: 0.0  Max: 1.0  Default: 0.05
Changed value of parameter lazyConstraints to 1
   Prev: 0  Min: 0  Max: 1  Default: 0
Changed value of parameter timeLimit to 7174.213949918747
   Prev: 1e+100  Min: 0.0  Max: 1e+100  Default: 1e+100
Optimize a model with 3082 rows, 240 columns and 78531 nonzeros
Variable types: 200 continuous, 40 integer (40 binary)
Coefficient statistics:
  Matrix range     [2e-13, 9e+05]
  Objective range  [5e-03, 8e+01]
  Bounds range     [1e+00, 1e+00]
  RHS range        [1e-13, 2e+04]
Warning: Model contains large matrix coefficient range
         Consider reformulating model or setting NumericFocus parameter
         to avoid numerical issues.
Presolve removed 353 rows and 0 columns
Presolve time: 0.08s
Presolved: 2729 rows, 240 columns, 72582 nonzeros
Variable types: 200 continuous, 40 integer (40 binary)

Root relaxation: objective -5.665681e+02, 370 iterations, 0.08 seconds

    Nodes    |    Current Node    |     Objective Bounds      |     Work
 Expl Unexpl |  Obj  Depth IntInf | Incumbent    BestBd   Gap | It/Node Time

     0     0 -566.56809    0   17          - -566.56809      -     -    0s
     0     0 -566.27508    0   17          - -566.27508      -     -    0s
     0     0 -566.07155    0   17          - -566.07155      -     -    0s
     0     0 -565.87093    0   17          - -565.87093      -     -    0s
     0     0 -565.68034    0   17          - -565.68034      -     -    0s
     0     0 -565.54526    0   17          - -565.54526      -     -    0s
     0     0 -565.41540    0   16          - -565.41540      -     -    0s
     0     0 -565.29706    0   16          - -565.29706      -     -    0s
     0     0 -565.19882    0   16          - -565.19882      -     -    0s
     0     0 -565.06806    0   16          - -565.06806      -     -    0s
     0     0 -564.97898    0   16          - -564.97898      -     -    0s
     0     0 -564.92000    0   15          - -564.92000      -     -    0s
     0     0 -564.83187    0   16          - -564.83187      -     -    0s
     0     0 -564.76518    0   16          - -564.76518      -     -    0s
     0     0 -564.69826    0   17          - -564.69826      -     -    0s
     0     0 -564.64772    0   17          - -564.64772      -     -    0s
     0     0 -564.56280    0   14          - -564.56280      -     -    0s
     0     0 -564.51074    0   15          - -564.51074      -     -    0s
     0     0 -564.44553    0   15          - -564.44553      -     -    0s
     0     0 -564.39347    0   15          - -564.39347      -     -    0s
     0     0 -564.35666    0   16          - -564.35666      -     -    0s
     0     0 -564.28924    0   14          - -564.28924      -     -    0s
     0     0 -564.24719    0   14          - -564.24719      -     -    1s
     0     0 -564.20930    0   15          - -564.20930      -     -    1s
     0     0 -564.15525    0   17          - -564.15525      -     -    1s
     0     0 -564.11252    0   17          - -564.11252      -     -    1s
     0     0 -564.07684    0   15          - -564.07684      -     -    1s
     0     0 -564.04050    0   15          - -564.04050      -     -    1s
     0     0 -564.01635    0   14          - -564.01635      -     -    1s
     0     0 -563.97199    0   15          - -563.97199      -     -    1s
     0     0 -563.91642    0   14          - -563.91642      -     -    1s
     0     0 -563.87368    0   15          - -563.87368      -     -    1s
     0     0 -563.83415    0   14          - -563.83415      -     -    1s
     0     0 -563.80121    0   16          - -563.80121      -     -    1s
     0     0 -563.77359    0   16          - -563.77359      -     -    1s
     0     0 -563.74012    0   16          - -563.74012      -     -    1s
     0     0 -563.71143    0   15          - -563.71143      -     -    1s
     0     0 -563.66336    0   16          - -563.66336      -     -    1s
     0     0 -563.62069    0   14          - -563.62069      -     -    1s
     0     0 -563.58951    0   15          - -563.58951      -     -    1s
     0     0 -563.54628    0   15          - -563.54628      -     -    1s
     0     0 -563.51838    0   15          - -563.51838      -     -    1s
     0     0 -563.49343    0   15          - -563.49343      -     -    1s
     0     0 -563.45625    0   15          - -563.45625      -     -    1s
     0     0 -563.41434    0   15          - -563.41434      -     -    1s
     0     0 -563.37845    0   14          - -563.37845      -     -    1s
     0     0 -563.35407    0   14          - -563.35407      -     -    1s
     0     0 -563.31392    0   15          - -563.31392      -     -    1s
     0     0 -563.28367    0   15          - -563.28367      -     -    1s
     0     0 -563.25564    0   15          - -563.25564      -     -    1s
     0     0 -563.21708    0   15          - -563.21708      -     -    1s
     0     0 -563.17968    0   15          - -563.17968      -     -    1s
     0     0 -563.14861    0   16          - -563.14861      -     -    1s
     0     0 -563.10729    0   16          - -563.10729      -     -    1s
     0     0 -563.07119    0   15          - -563.07119      -     -    1s
     0     0 -563.02848    0   15          - -563.02848      -     -    1s
     0     0 -563.00354    0   15          - -563.00354      -     -    1s
     0     0 -562.98165    0   15          - -562.98165      -     -    1s
     0     0 -562.95546    0   14          - -562.95546      -     -    1s
     0     0 -562.93936    0   14          - -562.93936      -     -    2s
     0     0 -562.91085    0   13          - -562.91085      -     -    2s
     0     0 -562.89551    0   14          - -562.89551      -     -    2s
     0     0 -562.87024    0   14          - -562.87024      -     -    2s
     0     0 -562.84923    0   14          - -562.84923      -     -    2s
     0     0 -562.81315    0   14          - -562.81315      -     -    2s
     0     0 -562.80594    0   14          - -562.80594      -     -    2s
     0     0 -562.78350    0   14          - -562.78350      -     -    2s
     0     0 -562.76136    0   14          - -562.76136      -     -    2s
     0     0 -562.74290    0   13          - -562.74290      -     -    2s
     0     0 -562.72561    0   12          - -562.72561      -     -    2s
     0     0 -562.69161    0   15          - -562.69161      -     -    2s
     0     0 -562.65609    0   14          - -562.65609      -     -    2s
     0     0 -562.61783    0   14          - -562.61783      -     -    2s
     0     0 -562.60154    0   14          - -562.60154      -     -    2s
     0     0 -562.58627    0   14          - -562.58627      -     -    2s
     0     0 -562.56091    0   14          - -562.56091      -     -    2s
     0     0 -562.54168    0   14          - -562.54168      -     -    2s
     0     0 -562.52995    0   14          - -562.52995      -     -    2s
     0     0 -562.50986    0   13          - -562.50986      -     -    2s
     0     0 -562.48072    0   15          - -562.48072      -     -    2s
     0     0 -562.46548    0   13          - -562.46548      -     -    2s
     0     0 -562.45349    0   14          - -562.45349      -     -    2s
     0     0 -562.42945    0   14          - -562.42945      -     -    2s
     0     0 -562.42351    0   14          - -562.42351      -     -    2s
     0     0 -562.39368    0   14          - -562.39368      -     -    2s
     0     0 -562.37662    0   15          - -562.37662      -     -    2s
     0     0 -562.34642    0   12          - -562.34642      -     -    2s
     0     0 -562.32265    0   14          - -562.32265      -     -    2s
     0     0 -562.29753    0   14          - -562.29753      -     -    2s
     0     0 -562.27737    0   12          - -562.27737      -     -    2s
     0     0 -562.26810    0   13          - -562.26810      -     -    2s
     0     0 -562.24950    0   13          - -562.24950      -     -    2s
     0     0 -562.23367    0   12          - -562.23367      -     -    2s
     0     0 -562.19794    0   14          - -562.19794      -     -    2s
     0     0 -562.17156    0   13          - -562.17156      -     -    2s
     0     0 -562.14781    0   13          - -562.14781      -     -    2s
     0     0 -562.13923    0   12          - -562.13923      -     -    3s
     0     0 -562.11630    0   13          - -562.11630      -     -    3s
     0     0 -562.09964    0   12          - -562.09964      -     -    3s
     0     0 -562.07862    0   13          - -562.07862      -     -    3s
     0     0 -562.06552    0   13          - -562.06552      -     -    3s
     0     0 -562.04861    0   12          - -562.04861      -     -    3s
     0     0 -562.04046    0   13          - -562.04046      -     -    3s
     0     0 -562.03095    0   11          - -562.03095      -     -    3s
     0     0 -562.02710    0   13          - -562.02710      -     -    3s
     0     0 -562.02475    0   12          - -562.02475      -     -    3s
     0     0 -562.00685    0   12          - -562.00685      -     -    3s
     0     0 -561.99411    0   12          - -561.99411      -     -    3s
     0     0 -561.97795    0   12          - -561.97795      -     -    3s
     0     0 -561.94801    0   12          - -561.94801      -     -    3s
     0     0 -561.94317    0   11          - -561.94317      -     -    3s
     0     0 -561.94057    0   12          - -561.94057      -     -    3s
     0     0 -561.92846    0   13          - -561.92846      -     -    3s
     0     0 -561.92268    0   12          - -561.92268      -     -    3s
     0     0 -561.92172    0   12          - -561.92172      -     -    3s
     0     0 -561.91175    0   11          - -561.91175      -     -    3s
     0     0 -561.90861    0   12          - -561.90861      -     -    3s
     0     0 -561.89824    0   11          - -561.89824      -     -    3s
     0     0 -561.89648    0   12          - -561.89648      -     -    3s
     0     0 -561.88610    0   12          - -561.88610      -     -    3s
     0     0 -561.88568    0   11          - -561.88568      -     -    3s
     0     0 -561.87546    0   11          - -561.87546      -     -    3s
     0     0 -561.86593    0   12          - -561.86593      -     -    3s
     0     0 -561.86469    0   12          - -561.86469      -     -    3s
     0     0 -561.84558    0   11          - -561.84558      -     -    3s
     0     0 -561.84291    0   12          - -561.84291      -     -    3s
     0     0 -561.84078    0   12          - -561.84078      -     -    3s
     0     0 -561.83361    0   12          - -561.83361      -     -    3s
     0     0 -561.83306    0   11          - -561.83306      -     -    3s
     0     0 -561.83004    0   12          - -561.83004      -     -    3s
     0     0 -561.82923    0   12          - -561.82923      -     -    3s
     0     0 -561.82268    0   12          - -561.82268      -     -    4s
     0     0 -561.81406    0   12          - -561.81406      -     -    4s
     0     0 -561.81328    0   12          - -561.81328      -     -    4s
     0     0 -561.80405    0   11          - -561.80405      -     -    4s
     0     0 -561.80088    0   11          - -561.80088      -     -    4s
     0     0 -561.79736    0   11          - -561.79736      -     -    4s
     0     0 -561.79155    0   11          - -561.79155      -     -    4s
     0     0 -561.78945    0   11          - -561.78945      -     -    4s
     0     0 -561.78938    0   11          - -561.78938      -     -    4s
     0     0 -561.76950    0    9          - -561.76950      -     -    4s
     0     0 -561.74998    0   11          - -561.74998      -     -    4s
     0     0 -561.73732    0   11          - -561.73732      -     -    4s
     0     0 -561.71835    0   10          - -561.71835      -     -    4s
     0     0 -561.69196    0   12          - -561.69196      -     -    4s
     0     0 -561.67146    0   10          - -561.67146      -     -    4s
     0     0 -561.65400    0   11          - -561.65400      -     -    4s
     0     0 -561.63925    0   10          - -561.63925      -     -    4s
     0     0 -561.61378    0   10          - -561.61378      -     -    4s
     0     0 -561.61196    0    8          - -561.61196      -     -    4s
     0     0 -561.60844    0   10          - -561.60844      -     -    4s
     0     0 -561.58943    0   10          - -561.58943      -     -    4s
     0     0 -561.58591    0    9          - -561.58591      -     -    4s
     0     0 -561.57100    0   11          - -561.57100      -     -    4s
     0     0 -561.55293    0   11          - -561.55293      -     -    4s
     0     0 -561.54437    0   12          - -561.54437      -     -    4s
     0     0 -561.53744    0   11          - -561.53744      -     -    4s
     0     0 -561.53263    0   10          - -561.53263      -     -    4s
     0     0 -561.51761    0   11          - -561.51761      -     -    4s
     0     0 -561.49925    0   11          - -561.49925      -     -    4s
     0     0 -561.47272    0   11          - -561.47272      -     -    4s
     0     0 -561.44977    0   12          - -561.44977      -     -    4s
     0     0 -561.42119    0   10          - -561.42119      -     -    4s
     0     0 -561.40781    0   11          - -561.40781      -     -    4s
     0     0 -561.39611    0   11          - -561.39611      -     -    5s
     0     0 -561.38662    0   12          - -561.38662      -     -    5s
     0     0 -561.37127    0   11          - -561.37127      -     -    5s
     0     0 -561.36993    0   12          - -561.36993      -     -    5s
     0     0 -561.36322    0    9          - -561.36322      -     -    5s
     0     0 -561.35893    0   10          - -561.35893      -     -    5s
     0     0 -561.35876    0   11          - -561.35876      -     -    5s
     0     0 -561.34299    0    9          - -561.34299      -     -    5s
     0     0 -561.33785    0   10          - -561.33785      -     -    5s
     0     0 -561.33161    0   11          - -561.33161      -     -    5s
     0     0 -561.31601    0   10          - -561.31601      -     -    5s
     0     0 -561.31162    0   11          - -561.31162      -     -    5s
     0     0 -561.30321    0   12          - -561.30321      -     -    5s
     0     0 -561.29518    0   10          - -561.29518      -     -    5s
     0     0 -561.29264    0   10          - -561.29264      -     -    5s
     0     0 -561.28828    0   12          - -561.28828      -     -    5s
     0     0 -561.28609    0   12          - -561.28609      -     -    5s
     0     0 -561.27399    0   12          - -561.27399      -     -    5s
     0     0 -561.27246    0   12          - -561.27246      -     -    5s
     0     0 -561.27118    0   11          - -561.27118      -     -    5s
     0     0 -561.24581    0   12          - -561.24581      -     -    5s
     0     0 -561.22785    0   10          - -561.22785      -     -    5s
     0     0 -561.21773    0   10          - -561.21773      -     -    5s
     0     0 -561.20586    0   10          - -561.20586      -     -    5s
     0     0 -561.20465    0   11          - -561.20465      -     -    5s
     0     0 -561.19902    0   10          - -561.19902      -     -    5s
     0     0 -561.17297    0   10          - -561.17297      -     -    5s
     0     0 -561.16697    0   10          - -561.16697      -     -    5s
     0     0 -561.15180    0   13          - -561.15180      -     -    5s
     0     0 -561.14173    0   10          - -561.14173      -     -    5s
     0     0 -561.14013    0   12          - -561.14013      -     -    6s
     0     0 -561.13171    0   11          - -561.13171      -     -    6s
     0     0 -561.13122    0   11          - -561.13122      -     -    6s
     0     0 -561.12222    0   10          - -561.12222      -     -    6s
     0     0 -561.12054    0    9          - -561.12054      -     -    6s
     0     0 -561.11400    0   11          - -561.11400      -     -    6s
     0     0 -561.10671    0   11          - -561.10671      -     -    6s
     0     0 -561.10285    0   11          - -561.10285      -     -    6s
     0     0 -561.09933    0   12          - -561.09933      -     -    6s
     0     0 -561.09651    0   10          - -561.09651      -     -    6s
     0     0 -561.08847    0    9          - -561.08847      -     -    6s
     0     0 -561.08652    0    9          - -561.08652      -     -    6s
     0     0 -561.08086    0   10          - -561.08086      -     -    6s
     0     0 -561.07395    0    9          - -561.07395      -     -    6s
     0     0 -561.07279    0   12          - -561.07279      -     -    6s
     0     0 -561.06922    0   10          - -561.06922      -     -    6s
     0     0 -561.05153    0    9          - -561.05153      -     -    6s
     0     0 -561.05009    0   10          - -561.05009      -     -    6s
     0     0 -561.04983    0   10          - -561.04983      -     -    6s
     0     0 -561.03871    0   10          - -561.03871      -     -    6s
     0     0 -561.03688    0   11          - -561.03688      -     -    6s
     0     0 -561.02985    0   11          - -561.02985      -     -    6s
     0     0 -561.02590    0   10          - -561.02590      -     -    6s
     0     0 -561.02540    0   11          - -561.02540      -     -    6s
     0     0 -561.01392    0   10          - -561.01392      -     -    6s
     0     0 -561.00611    0   10          - -561.00611      -     -    6s
     0     0 -561.00523    0   11          - -561.00523      -     -    6s
     0     0 -561.00137    0   12          - -561.00137      -     -    6s
     0     0 -560.99971    0   12          - -560.99971      -     -    6s
     0     0 -560.99413    0   13          - -560.99413      -     -    7s
     0     0 -560.99179    0   12          - -560.99179      -     -    7s
     0     0 -560.98795    0   13          - -560.98795      -     -    7s
     0     0 -560.98141    0   11          - -560.98141      -     -    7s
     0     0 -560.97878    0   13          - -560.97878      -     -    7s
     0     0 -560.97822    0   11          - -560.97822      -     -    7s
     0     0 -560.97724    0   13          - -560.97724      -     -    7s
     0     0 -560.97523    0   13          - -560.97523      -     -    7s
     0     0 -560.96801    0   11          - -560.96801      -     -    7s
     0     0 -560.96594    0   11          - -560.96594      -     -    7s
     0     0 -560.96247    0   10          - -560.96247      -     -    7s
     0     0 -560.96134    0   10          - -560.96134      -     -    7s
     0     0 -560.95938    0   11          - -560.95938      -     -    7s
     0     0 -560.95155    0   11          - -560.95155      -     -    7s
     0     0 -560.94801    0   12          - -560.94801      -     -    7s
     0     0 -560.94454    0   11          - -560.94454      -     -    7s
     0     0 -560.94108    0    9          - -560.94108      -     -    7s
     0     0 -560.93861    0   11          - -560.93861      -     -    7s
     0     0 -560.93765    0   11          - -560.93765      -     -    7s
     0     0 -560.93633    0   10          - -560.93633      -     -    7s
     0     0 -560.93532    0   11          - -560.93532      -     -    7s
     0     0 -560.92335    0   10          - -560.92335      -     -    7s
     0     0 -560.92163    0   11          - -560.92163      -     -    7s
     0     0 -560.91964    0   11          - -560.91964      -     -    7s
     0     0 -560.91957    0   12          - -560.91957      -     -    7s
     0     0 -560.91822    0   11          - -560.91822      -     -    7s
     0     2 -560.91822    0   11          - -560.91822      -     -    8s
    15    15 -560.41831    8    6          - -560.91681      -  43.5   11s
    28    25 -558.39938   13    8          - -560.91681      -  54.0   15s
    49    43 -516.76026   21    -          - -560.91681      -  57.8   22s
    66    58 -510.93418   24    5          - -560.91681      -  58.8   26s
    70    60 -510.91850   25    -          - -560.91681      -  57.7   30s
    88    74 -459.29404   33    3          - -560.91681      -  62.1   41s
    93    76 -504.21475   35    -          - -560.91681      -  61.6   45s
   106    84 -444.70699   32    -          - -560.91681      -  64.4   55s
*  112    84              40    -306.1699906 -560.91681  83.2%  68.2   59s
   114    85 -498.85907   35    - -306.16999 -560.91681  83.2%  68.4   61s
   120    84 -495.96836   36    - -306.16999 -560.88222  83.2%  68.8   68s
   123    89 -522.44462    2    4 -306.16999 -560.88222  83.2%  70.7   70s
   132    93 -521.73087    4    7 -306.16999 -560.88222  83.2%  71.7   78s
   133    93 -433.52680   38    - -306.16999 -560.88222  83.2%  72.2   81s
   140    97 -428.25888   39    - -306.16999 -560.88222  83.2%  74.7   85s
   153   100 -518.73716   12    2 -306.16999 -560.88222  83.2%  75.2   90s
   162   106 -514.19509   14    - -306.16999 -560.88222  83.2%  75.4   96s
   186   123 -512.86202   19    5 -306.16999 -560.88222  83.2%  70.9  105s
   190   124 -512.80022   20    4 -306.16999 -560.88222  83.2%  70.4  110s
   200   131 -509.88587   24    - -306.16999 -560.88222  83.2%  69.8  121s
   205   133 -509.91671   25    - -306.16999 -560.88222  83.2%  69.6  127s
   211   138 -509.44510   25    4 -306.16999 -560.88222  83.2%  70.5  130s
   216   135 -508.90538   26    5 -306.16999 -560.88222  83.2%  70.1  136s
   220   139 -507.23258   27    5 -306.16999 -560.88222  83.2%  70.1  143s
   223   140 -506.19469   27    - -306.16999 -560.88222  83.2%  70.1  149s
   227   144 -506.40639   29    4 -306.16999 -560.88222  83.2%  69.8  154s
   232   145 -505.97320   30    - -306.16999 -560.88222  83.2%  69.1  160s
   240   147 -503.93965   32    - -306.16999 -560.88222  83.2%  69.0  167s
   245   148 -503.11838   33    2 -306.16999 -560.88222  83.2%  68.4  172s
   252   155 -438.01716   35    1 -306.16999 -560.88222  83.2%  68.2  181s
   258   160 -430.04875   37    2 -306.16999 -560.88222  83.2%  68.8  186s
   262   157 -491.97972   39    - -306.16999 -560.88222  83.2%  68.7  191s
   265   162 -444.00841   27    - -306.16999 -560.88222  83.2%  68.7  197s
   268   162 -416.98847   39    - -306.16999 -560.88222  83.2%  68.8  202s
   272   164 -320.75953   39    1 -306.16999 -560.88222  83.2%  69.7  205s
*  276   162              40    -311.8699902 -560.75482  79.8%  69.8  212s
   284   163 -519.78590    4    3 -311.86999 -560.75482  79.8%  69.9  217s
   288   165 -431.72164   27    - -311.86999 -560.75482  79.8%  69.4  224s
   290   169 -479.12672    5    3 -311.86999 -560.75482  79.8%  69.5  227s
   299   167 -517.45090    8    4 -311.86999 -560.75482  79.8%  69.0  234s
   301   172 -436.50754   28    - -311.86999 -560.75482  79.8%  68.8  239s
   303   174 -475.06076    9    4 -311.86999 -560.75482  79.8%  69.1  242s
   307   178 -516.66402    9    4 -311.86999 -560.75482  79.8%  68.8  246s
   318   177 -514.90687   16    - -311.86999 -560.71440  79.8%  67.5  252s
   323   183 -433.64717   29    - -311.86999 -560.71440  79.8%  67.3  262s
   325   181 -510.34359   16    - -311.86999 -560.71440  79.8%  67.1  267s
   329   186 -432.68141   29    - -311.86999 -560.71440  79.8%  66.9  275s
   337   185 -461.13291   16    - -311.86999 -560.71440  79.8%  66.7  283s
   345   190 -459.47526   16    2 -311.86999 -560.71440  79.8%  66.2  294s
   348   193 -433.51133   35    - -311.86999 -560.71440  79.8%  66.0  298s
   350   189 -505.75715   20    - -311.86999 -560.71440  79.8%  66.0  303s
   354   195 -431.98498   35    - -311.86999 -560.71440  79.8%  65.7  311s
   359   196 -414.04661   35    - -311.86999 -560.71440  79.8%  65.7  318s
   360   196 -454.35641   19    - -311.86999 -560.71440  79.8%  65.7  321s
   365   195 -452.31081   19    - -311.86999 -560.71440  79.8%  65.6  326s
   367   197 -438.93843   38    - -311.86999 -560.71440  79.8%  65.6  330s
   370   201 -429.96167   38    - -311.86999 -560.71440  79.8%  65.6  335s
   375   200 -463.81044   39    - -311.86999 -560.71440  79.8%  65.4  345s
   381   195 -498.96711   23    - -311.86999 -560.71440  79.8%  67.0  351s
   384   199 -349.07499   40    - -311.86999 -560.71440  79.8%  67.1  357s
*  386   200              40    -342.9749900 -560.71440  63.5%  67.1  359s
   393   199 -454.56812   23    - -342.97499 -560.71440  63.5%  68.3  362s
   402   204 -449.46700   21    - -342.97499 -560.71440  63.5%  68.6  375s
   411   204 -447.76419   21    - -342.97499 -560.71440  63.5%  68.2  385s
   418   208 -443.74265   21    - -342.97499 -560.71440  63.5%  67.8  394s
   421   211 -435.81988   15    5 -342.97499 -560.71440  63.5%  67.8  396s
   425   212 -441.40668   21    - -342.97499 -560.71440  63.5%  67.8  404s
   433   216 -441.09782   21    2 -342.97499 -560.71440  63.5%  67.7  411s
   443   220 -496.50515   28    5 -342.97499 -560.71440  63.5%  67.7  420s
   449   225 -494.58781   30    - -342.97499 -560.71440  63.5%  67.8  428s
   455   231 -449.80583   30    - -342.97499 -560.71440  63.5%  67.7  435s
   464   235 -379.38413   28    - -342.97499 -560.71440  63.5%  67.1  445s
   468   234 -439.09869   31    - -342.97499 -560.71440  63.5%  67.0  450s
   473   238 -427.48101   31    - -342.97499 -560.71440  63.5%  67.0  459s
   477   241     cutoff   31      -342.97499 -560.71440  63.5%  66.9  461s
   481   238 -424.40306   31    - -342.97499 -560.71440  63.5%  66.7  466s
   484   242 -375.91278   33    - -342.97499 -560.71440  63.5%  66.6  473s
   488   243 -422.35690   31    6 -342.97499 -560.71440  63.5%  66.8  476s
   494   244 -457.59768   37    - -342.97499 -560.71440  63.5%  66.9  483s
   497   247 -363.67146   37    - -342.97499 -560.71440  63.5%  67.0  490s
   501   247 -427.79021   37    - -342.97499 -560.71440  63.5%  67.0  496s
   509   247 -420.95950   37    3 -342.97499 -560.71440  63.5%  67.4  502s
   514   248 -436.85345   36    - -342.97499 -560.71440  63.5%  67.6  510s
   521   250 -434.15306   36    - -342.97499 -560.71440  63.5%  67.3  522s
   529   253 -413.70938   36    3 -342.97499 -560.71440  63.5%  67.2  533s
   531   254 -510.56295   15    - -342.97499 -560.71440  63.5%  67.4  538s
   539   258 -344.85273   38    2 -342.97499 -560.71440  63.5%  67.4  550s
   545   252     cutoff   39      -342.97499 -558.83675  62.9%  67.8  557s
   559   261 -519.32863    7    7 -342.97499 -558.72953  62.9%  67.8  568s
   561   261 -430.42080   19    - -342.97499 -558.72953  62.9%  67.8  570s
   566   263 -518.57165    9    6 -342.97499 -558.72953  62.9%  68.1  580s
   575   264 -517.99751   11    4 -342.97499 -558.72953  62.9%  67.9  593s
   584   275 -514.38657   15    4 -342.97499 -558.72953  62.9%  67.7  603s
   587   278 -458.78649   20    6 -342.97499 -558.72953  62.9%  67.7  605s
   590   275 -511.45826   17    - -342.97499 -558.72953  62.9%  67.6  612s
   596   280 -509.60597   19    6 -342.97499 -558.72953  62.9%  67.8  620s
   603   283 -505.79197   21    - -342.97499 -558.72953  62.9%  67.6  630s
   612   289 -507.18187   22    7 -342.97499 -558.72953  62.9%  67.9  640s
   619   293 -506.85348   23    7 -342.97499 -558.72953  62.9%  67.5  645s
   627   295 -506.17136   25    - -342.97499 -558.72953  62.9%  67.4  658s
   632   297 -504.82833   26    - -342.97499 -558.72953  62.9%  67.5  668s
   639   303 -503.86173   27    6 -342.97499 -558.72953  62.9%  67.3  679s
   644   304 -502.17895   29    5 -342.97499 -558.72953  62.9%  67.3  685s
   650   308 -499.59742   31    5 -342.97499 -558.72953  62.9%  67.5  692s
   657   310 -492.05113   34    - -342.97499 -558.72953  62.9%  67.6  703s
   659   312 -393.80778   38    - -342.97499 -558.72953  62.9%  67.7  705s
   663   315 -493.56630   35    4 -342.97499 -558.72953  62.9%  67.9  713s
   666   318 -353.83258   38    - -342.97499 -558.72953  62.9%  68.1  718s
   668   312 -490.30340   37    - -342.97499 -558.72953  62.9%  68.3  722s
   671   316 -359.46963   39    1 -342.97499 -558.72953  62.9%  68.6  725s
   689   319 -471.24124   40    - -342.97499 -556.71929  62.3%  68.6  742s
   702   318     cutoff   40      -342.97499 -555.84736  62.1%  69.6  749s
   707   322 -507.15131   25    3 -342.97499 -553.63194  61.4%  69.8  754s
   714   326     cutoff   40      -342.97499 -553.59143  61.4%  70.1  766s
   736   341 -549.87619   25   12 -342.97499 -553.59143  61.4%  69.9  780s
   743   345 -548.13297   27   11 -342.97499 -553.59143  61.4%  70.4  786s
   750   344 -546.83519   28   11 -342.97499 -553.59143  61.4%  70.6  797s
   756   348 -546.78514   29   10 -342.97499 -553.59143  61.4%  70.8  806s
   761   351 -500.19098   26    - -342.97499 -553.59143  61.4%  71.2  810s
   764   350 -536.85311   32    8 -342.97499 -553.59143  61.4%  71.8  816s
   773   353 -533.92788   33    6 -342.97499 -553.59143  61.4%  71.9  830s
   785   357 -514.62733   35    5 -342.97499 -553.59143  61.4%  72.1  847s
   793   364 -506.04532   34    6 -342.97499 -553.59143  61.4%  72.1  858s
   794   364 -463.49964   34    - -342.97499 -553.59143  61.4%  72.1  860s
   801   366 -505.51778   35    5 -342.97499 -553.59143  61.4%  72.0  875s
   813   374 -465.08956   36    3 -342.97499 -553.59143  61.4%  72.4  893s
   819   373 -470.18197   35    2 -342.97499 -553.59143  61.4%  72.7  897s
   821   378 -423.87207   37    - -342.97499 -553.59143  61.4%  72.8  900s
   825   377 -466.93715   38    2 -342.97499 -553.59143  61.4%  73.0  910s
   830   383 -422.69793   37    - -342.97499 -553.59143  61.4%  73.1  916s
   836   387 -427.54939   38    2 -342.97499 -553.59143  61.4%  73.3  926s
   845   387 -404.40713   39    1 -342.97499 -553.59143  61.4%  73.9  936s
*  852   390              40    -345.9149894 -553.59143  60.0%  74.5  943s
   863   397     cutoff   40      -345.91499 -536.73449  55.2%  74.6  956s
   879   394 -507.51074   22    2 -345.91499 -534.69667  54.6%  75.2  974s
*  885   397              40    -348.6599893 -534.69667  53.4%  75.3  982s
   889   398 -429.97937   38    1 -348.65999 -522.57638  49.9%  75.6  985s
*  902   388              40    -360.7049900 -521.94967  44.7%  76.2 1003s
   913   401     cutoff   40      -360.70499 -521.28370  44.5%  76.1 1021s
   925   399 -481.34053    8    6 -360.70499 -521.28370  44.5%  76.5 1037s
   942   411 -476.31346   16    - -360.70499 -521.28370  44.5%  76.0 1048s
   956   421 -471.82939   22    4 -360.70499 -521.28370  44.5%  75.9 1062s
   971   434 -469.07566   25    4 -360.70499 -521.28370  44.5%  75.8 1077s
   984   431 -466.73835   28    2 -360.70499 -520.76288  44.4%  76.0 1092s
   994   441 -413.68865   27    2 -360.70499 -520.32911  44.3%  75.7 1110s
  1008   446 -463.98188   29    4 -360.70499 -520.32911  44.3%  75.4 1132s
  1016   455 -461.39210   32    3 -360.70499 -520.32911  44.3%  75.4 1138s
  1027   458 -456.19983   36    - -360.70499 -520.32911  44.3%  75.6 1154s
  1033   465 -405.45316   34    - -360.70499 -520.32911  44.3%  75.6 1160s
  1039   462 -387.48822   39    - -360.70499 -520.32911  44.3%  75.7 1172s
  1047   468     cutoff   37      -360.70499 -520.32911  44.3%  76.0 1181s
  1058   468     cutoff   39      -360.70499 -520.32911  44.3%  75.9 1193s
  1066   471     cutoff   39      -360.70499 -520.32911  44.3%  76.0 1200s
  1080   479     cutoff   39      -360.70499 -520.32911  44.3%  75.7 1209s
  1095   480 -380.35923   39    - -360.70499 -519.97517  44.2%  75.7 1228s
  1113   489 -473.06522   18    5 -360.70499 -519.97517  44.2%  75.3 1247s
  1119   487     cutoff   39      -360.70499 -519.92434  44.1%  75.2 1254s
  1133   505 -469.59458   24    5 -360.70499 -519.92434  44.1%  74.9 1258s
  1136   507 -472.98356   15    6 -360.70499 -519.92434  44.1%  75.0 1262s
  1151   522 -464.03985   31    2 -360.70499 -519.92434  44.1%  75.0 1267s
  1159   523 -468.30195   25    4 -360.70499 -519.92434  44.1%  75.1 1274s
  1181   528 -465.72599   28    4 -360.70499 -519.92434  44.1%  74.8 1307s
  1188   535 -376.70543   39    1 -360.70499 -519.92434  44.1%  74.8 1311s
  1205   543 -462.60897   33    1 -360.70499 -519.60147  44.1%  74.7 1331s
  1231   556     cutoff   40      -360.70499 -519.38944  44.0%  74.9 1365s
  1247   563     cutoff   40      -360.70499 -519.09060  43.9%  75.0 1382s
  1265   576     cutoff   38      -360.70499 -518.91326  43.9%  75.1 1407s
  1284   589 -471.89473   18    5 -360.70499 -518.91326  43.9%  75.3 1423s
  1299   600 -468.20382   23    - -360.70499 -518.91326  43.9%  75.2 1443s
  1304   605 -396.94240   34    2 -360.70499 -518.91326  43.9%  75.3 1446s
  1318   603 -467.82560   26    3 -360.70499 -518.91326  43.9%  75.4 1466s
  1349   605 -463.96799   31    3 -360.70499 -518.63010  43.8%  75.4 1510s
  1400   631     cutoff   40      -360.70499 -518.31297  43.7%  74.6 1562s
  1430   647     cutoff   40      -360.70499 -518.01024  43.6%  74.4 1594s
  1458   663 -470.12152   18    6 -360.70499 -518.01024  43.6%  74.2 1622s
  1472   678 -468.17195   23    4 -360.70499 -518.01024  43.6%  74.1 1639s
  1478   684 -395.94614   35    - -360.70499 -518.01024  43.6%  74.1 1646s
  1485   686 -464.91509   27    2 -360.70499 -518.01024  43.6%  74.4 1662s
* 1494   693              40    -360.9849897 -518.01024  43.5%  74.3 1673s
  1516   694 -401.01540   30    2 -360.98499 -517.83672  43.5%  74.0 1704s
  1537   711     cutoff   39      -360.98499 -517.79857  43.4%  73.6 1725s
  1554   714 -457.14310   33    3 -360.98499 -517.79857  43.4%  73.5 1744s
  1562   728     cutoff   38      -360.98499 -517.79857  43.4%  73.5 1751s
  1572   738 -448.69393   38    - -360.98499 -517.72989  43.4%  73.5 1765s
  1586   747 -467.59898   19    - -360.98499 -517.72989  43.4%  73.6 1781s
  1593   747     cutoff   40      -360.98499 -517.67113  43.4%  73.6 1790s
  1612   759 -430.32702   12    2 -360.98499 -517.67113  43.4%  73.7 1808s
  1629   766 -378.18530   14    1 -360.98499 -517.67113  43.4%  73.9 1828s
  1648   775 -418.90089   23    1 -360.98499 -517.67113  43.4%  74.1 1857s
  1658   785 -375.23981   39    - -360.98499 -517.67113  43.4%  74.1 1870s
  1684   787 -415.78691   27    - -360.98499 -517.67113  43.4%  73.9 1913s
  1717   804 -401.93695   27    3 -360.98499 -517.67113  43.4%  73.6 1955s
  1728   815 -421.62496   17    1 -360.98499 -517.67113  43.4%  73.7 1962s
  1741   823 -410.99993   33    1 -360.98499 -517.67113  43.4%  73.6 1986s
  1767   833 -404.29958   36    - -360.98499 -517.67113  43.4%  73.7 2032s
  1785   845 -458.72266   27    6 -360.98499 -517.67113  43.4%  73.7 2050s
  1794   838 -379.02861   36    - -360.98499 -517.41878  43.3%  73.6 2074s
  1829   855 -452.62129   33    - -360.98499 -517.31013  43.3%  73.0 2101s
  1839   844     cutoff   40      -360.98499 -517.09574  43.2%  73.0 2126s
  1863   871 -466.12731   25    4 -360.98499 -517.08887  43.2%  73.1 2146s
  1873   881 -441.28761   37    - -360.98499 -517.08597  43.2%  73.0 2160s
  1880   879 -461.50622   29    4 -360.98499 -517.08597  43.2%  73.2 2178s
  1898   890 -455.22247   34    2 -360.98499 -517.08597  43.2%  73.4 2203s
  1907   898 -512.15276   19    8 -360.98499 -517.08597  43.2%  73.4 2212s
  1911   900 -384.55746   39    - -360.98499 -516.98354  43.2%  73.6 2232s
  1930   914 -474.18857   20    3 -360.98499 -516.98354  43.2%  73.6 2239s
  1939   906     cutoff   39      -360.98499 -516.91635  43.2%  73.7 2260s
  1961   926 -504.50640   22    9 -360.98499 -516.91635  43.2%  73.5 2276s
  1969   923 -426.95367   14    2 -360.98499 -516.85559  43.2%  73.4 2301s
  1992   941 -463.48595   24    3 -360.98499 -516.85559  43.2%  73.3 2331s
  2000   930 -426.74782   15    2 -360.98499 -516.82900  43.2%  73.2 2360s
  2021   956 -456.59923   27    - -360.98499 -516.70010  43.1%  73.3 2378s
  2030   957 -408.28627   24    - -360.98499 -516.70010  43.1%  73.3 2405s
  2046   974 -457.19959   28    2 -360.98499 -516.70010  43.1%  73.2 2414s
  2076   973 -450.45480   35    - -360.98499 -516.63219  43.1%  72.9 2464s
  2124   999 -448.61505   35    3 -360.98499 -516.45202  43.1%  72.5 2523s
  2142  1015 -384.94530   38    - -360.98499 -516.37188  43.0%  72.6 2568s
  2160  1028 -435.05633   13    2 -360.98499 -516.37188  43.0%  72.5 2590s
  2178  1029 -370.29752   38    - -360.98499 -516.26607  43.0%  72.6 2633s
  2205  1055 -418.67478   22    1 -360.98499 -516.26607  43.0%  72.2 2662s
  2216  1053     cutoff   38      -360.98499 -516.10945  43.0%  72.4 2688s
  2237  1077 -364.37731   23    1 -360.98499 -516.10945  43.0%  72.3 2705s
  2255  1069     cutoff   37      -360.98499 -515.97770  42.9%  72.3 2739s
  2278  1093 -392.11220   35    1 -360.98499 -515.92636  42.9%  72.2 2754s
  2289  1093     cutoff   36      -360.98499 -515.83080  42.9%  72.4 2794s
  2332  1110 -468.09069   17    4 -360.98499 -515.69255  42.9%  72.1 2855s
  2371  1143 -458.26861   23    6 -360.98499 -515.69255  42.9%  71.7 2899s
  2394  1160 -453.12095   29    4 -360.98499 -515.69255  42.9%  71.8 2933s
  2401  1167 -404.65253   28    - -360.98499 -515.69255  42.9%  71.9 2935s
  2418  1172 -439.90799   36    4 -360.98499 -515.51430  42.8%  72.0 2979s
  2470  1192     cutoff   40      -360.98499 -515.25741  42.7%  71.8 3050s
  2517  1212     cutoff   40      -360.98499 -515.07738  42.7%  71.5 3114s
  2551  1239 -507.92705   20    8 -360.98499 -515.06959  42.7%  71.4 3155s
  2570  1261 -501.23840   29    5 -360.98499 -515.06959  42.7%  71.4 3184s
  2592  1267 -478.97758   38    2 -360.98499 -514.94775  42.7%  71.6 3223s
  2626  1281     cutoff   40      -360.98499 -514.77580  42.6%  71.8 3277s
  2652  1293 -408.69021   19    3 -360.98499 -514.74261  42.6%  72.0 3326s
  2689  1313     cutoff   25      -360.98499 -514.73275  42.6%  72.0 3386s
  2721  1322 -401.23502   27    6 -360.98499 -514.61898  42.6%  72.1 3432s
  2746  1343 -391.47769   34    - -360.98499 -514.58588  42.6%  72.3 3483s
  2787  1360 -510.23684   16   10 -360.98499 -514.47014  42.5%  72.4 3528s
  2803  1376 -469.68208   17    3 -360.98499 -514.47014  42.5%  72.5 3557s
  2825  1389 -501.64735   26    6 -360.98499 -514.47014  42.5%  72.4 3584s
  2855  1403 -430.86939   30    2 -360.98499 -514.19509  42.4%  72.4 3637s
  2890  1430 -477.27978    7   11 -360.98499 -514.11432  42.4%  72.4 3845s
  2892  1431 -501.23325   24   31 -360.98499 -514.11432  42.4%  72.4 4080s
  2893  1432 -490.64215   34   31 -360.98499 -514.11432  42.4%  72.4 4088s
  2895  1436 -514.11432   10   30 -360.98499 -514.11432  42.4%  72.9 4371s
  2897  1438 -514.11432   11   29 -360.98499 -514.11432  42.4%  73.1 4462s
  2899  1439 -514.11432   11   19 -360.98499 -514.11432  42.4%  73.3 4605s
  2901  1440 -514.11432   12   28 -360.98499 -514.11432  42.4%  73.4 4747s
  2903  1442 -514.11432   12   22 -360.98499 -514.11432  42.4%  73.6 4908s
  2905  1443 -514.11432   13   29 -360.98499 -514.11432  42.4%  73.7 4977s
  2907  1443 -513.79316   13   14 -360.98499 -514.11432  42.4%  73.9 5039s
  2910  1443 -514.11432   14   29 -360.98499 -514.11432  42.4%  74.1 5084s
  2913  1445 -514.11432   14   18 -360.98499 -514.11432  42.4%  74.3 5145s
  2916  1448 -514.11432   15   28 -360.98499 -514.11432  42.4%  74.5 5209s
  2919  1449 -512.90323   15   13 -360.98499 -514.11432  42.4%  74.7 5268s
  2921  1450 -514.11432   16   27 -360.98499 -514.11432  42.4%  74.8 5302s
  2924  1454 -511.45510   16   11 -360.98499 -514.11432  42.4%  75.1 5338s
  2927  1454 -514.11432   17   28 -360.98499 -514.11432  42.4%  75.3 5423s
  2930  1457 -514.11432   17   15 -360.98499 -514.11432  42.4%  75.5 5461s
  2934  1457 -514.11432   18   26 -360.98499 -514.11432  42.4%  75.7 5508s
  2938  1460 -514.11432   18   14 -360.98499 -514.11432  42.4%  75.9 5550s
  2943  1461 -514.11432   19   26 -360.98499 -514.11432  42.4%  76.1 5598s
  2950  1466 -514.11432   20   25 -360.98499 -514.11432  42.4%  76.3 5653s
  2954  1470 -514.11432   20   19 -360.98499 -514.11432  42.4%  76.6 5689s
  2961  1468 -514.11432   21   23 -360.98499 -514.11432  42.4%  76.8 5741s
  2970  1469 -514.11432   22   23 -360.98499 -514.11432  42.4%  77.0 5793s
  2980  1474 -514.11432   23   22 -360.98499 -514.11432  42.4%  77.2 5852s
  2991  1476 -514.11432   24   21 -360.98499 -514.11432  42.4%  77.3 5921s
  3001  1482 -514.11432   25   21 -360.98499 -514.11432  42.4%  77.5 5960s
  3013  1491 -511.27120   25   15 -360.98499 -514.11432  42.4%  77.7 6041s
  3019  1495 -513.50385   26   17 -360.98499 -514.11432  42.4%  78.0 6085s
  3025  1497 -506.55489   27    - -360.98499 -514.11432  42.4%  78.3 6129s
  3032  1499 -511.80927   28   15 -360.98499 -514.11432  42.4%  78.4 6182s
  3048  1507 -505.58638   29   10 -360.98499 -514.11432  42.4%  78.7 6249s
  3066  1505 -512.49318   30   14 -360.98499 -514.11432  42.4%  78.9 6317s
  3073  1512 -514.11432   32   16 -360.98499 -514.11432  42.4%  79.1 6369s
  3077  1516 -509.81395   33   15 -360.98499 -514.11432  42.4%  79.3 6372s
  3084  1520 -498.34070   33    8 -360.98499 -514.11432  42.4%  79.5 6429s
  3097  1523 -514.11432   36   13 -360.98499 -514.11432  42.4%  79.9 6492s
  3122  1518 -514.11432   38   11 -360.98499 -514.11432  42.4%  80.4 6564s
  3150  1528 -497.53903   40    9 -360.98499 -514.11432  42.4%  80.6 6653s
* 3157  1459              49    -362.7049900 -514.11432  41.7%  80.9 6658s
  3173  1455 -488.93221   44    5 -362.70499 -514.11432  41.7%  81.2 6731s
  3218  1455     cutoff   48      -362.70499 -514.11432  41.7%  81.2 6842s
  3251  1471 -379.61903   47    - -362.70499 -514.11432  41.7%  81.0 6861s
  3265  1474 -472.68364   32    4 -362.70499 -514.11432  41.7%  81.3 6932s
  3276  1484 -514.08786   24   16 -362.70499 -514.11432  41.7%  81.2 6941s
  3284  1486 -468.07060   35    6 -362.70499 -514.11432  41.7%  81.4 7017s
  3317  1504 -470.68478   24    2 -362.70499 -514.11432  41.7%  81.1 7040s
  3328  1487 -457.83447   43    5 -362.70499 -514.11432  41.7%  81.3 7110s
* 3337  1419              49    -372.9899896 -514.11432  37.8%  81.4 7119s
  3361  1434 -393.22395   47    - -372.98999 -514.11432  37.8%  81.5 7176s

Cutting planes:
  Lazy constraints: 51200

Explored 3383 nodes (279428 simplex iterations) in 7188.79 seconds
Thread count was 4 (of 4 available processors)

Solution count 9: -372.99 -362.705 -360.985 ... -306.17

Time limit reached
Best objective -3.729899896067e+02, best bound -5.141143241973e+02, gap 37.8360%
