
Gurobi 9.0.3 (win64) logging started Mon Jan  3 15:37:43 2022

Changed value of parameter LogFile to Results/sslp3_30_70_200_var_BnC.log
   Prev:   Default: 
Changed value of parameter Heuristics to 0.0
   Prev: 0.05  Min: 0.0  Max: 1.0  Default: 0.05
Changed value of parameter lazyConstraints to 1
   Prev: 0  Min: 0  Max: 1  Default: 0
Changed value of parameter timeLimit to 1941.4749405384064
   Prev: inf  Min: 0.0  Max: inf  Default: inf
Gurobi Optimizer version 9.0.3 build v9.0.3rc0 (win64)
Optimize a model with 7696 rows, 260 columns and 377938 nonzeros
Model fingerprint: 0xf12e3190
Variable types: 230 continuous, 30 integer (30 binary)
Coefficient statistics:
  Matrix range     [1e-13, 7e+05]
  Objective range  [5e-03, 4e+01]
  Bounds range     [1e+00, 1e+00]
  RHS range        [4e-15, 2e+04]
Warning: Model contains large matrix coefficient range
         Consider reformulating model or setting NumericFocus parameter
         to avoid numerical issues.
Presolve added 0 rows and 146 columns
Presolve removed 717 rows and 0 columns
Presolve time: 0.31s
Presolved: 6979 rows, 406 columns, 305714 nonzeros
Variable types: 375 continuous, 31 integer (30 binary)

Root relaxation: objective -6.625073e+02, 1213 iterations, 0.88 seconds

    Nodes    |    Current Node    |     Objective Bounds      |     Work
 Expl Unexpl |  Obj  Depth IntInf | Incumbent    BestBd   Gap | It/Node Time

     0     0 -662.50734    0   23          - -662.50734      -     -    1s
     0     0 -662.50734    0   23          - -662.50734      -     -    2s
     0     0 -662.50734    0   23          - -662.50734      -     -    2s
     0     0 -662.50650    0   23          - -662.50650      -     -    2s
     0     0 -662.50650    0   23          - -662.50650      -     -    3s
     0     2 -662.50650    0   23          - -662.50650      -     -    3s
    54    57 -656.93795   25    6          - -662.17082      -  80.1    6s
*   58    57              30    -656.6449834 -662.17082  0.84%  82.3    7s
    70    58 -656.65749   30    - -656.64498 -661.96383  0.81%  76.7   10s
*  113    87              29    -656.7149892 -661.90454  0.79%  69.9   15s
   180   125 -660.40161   12   11 -656.71499 -661.76021  0.77%  70.4   20s
   279   178 -661.11253    4   14 -656.71499 -661.54063  0.73%  63.8   26s
   328   207 -660.56281    7   15 -656.71499 -661.33565  0.70%  62.1   30s
   411   250 -658.80962    8   12 -656.71499 -661.18946  0.68%  59.3   35s
   447   268 -657.78663   24    2 -656.71499 -661.11253  0.67%  58.7   41s
   462   279     cutoff   26      -656.71499 -661.08461  0.67%  58.5   45s
   510   298     cutoff   23      -656.71499 -661.05945  0.66%  59.0   51s
   568   340 -658.99649   14    2 -656.71499 -661.02936  0.66%  58.2   57s
   644   372 -657.73032   28    2 -656.71499 -660.99130  0.65%  56.9   61s
   661   381 -658.51692    9   13 -656.71499 -660.98450  0.65%  57.6   65s
   746   415 -660.67479   17    8 -656.71499 -660.93600  0.64%  57.0   70s
   832   451     cutoff   29      -656.71499 -660.88680  0.64%  55.9   78s
   866   464 -657.64547   28    2 -656.71499 -660.86909  0.63%  55.5   81s
   921   492 -657.53848   21    6 -656.71499 -660.83518  0.63%  55.3   88s
   940   494     cutoff   29      -656.71499 -660.83366  0.63%  54.9   91s
  1012   552     cutoff   29      -656.71499 -660.80765  0.62%  54.1   96s
  1047   557 -658.73558   12    2 -656.71499 -660.76277  0.62%  53.9  101s
  1112   580 -657.67450   11    2 -656.71499 -660.75363  0.61%  52.5  106s
  1201   619     cutoff   27      -656.71499 -660.70741  0.61%  51.4  116s
  1250   640 -660.03167   20    2 -656.71499 -660.70090  0.61%  50.8  121s
  1315   653 -658.67229   12   10 -656.71499 -660.65811  0.60%  51.4  125s
  1361   663 -657.65159   19    6 -656.71499 -660.63990  0.60%  51.3  131s
  1418   683     cutoff   20      -656.71499 -660.62923  0.60%  51.0  137s
  1467   687 -657.59647   21   23 -656.71499 -660.60923  0.59%  50.5  150s
  1469   688 -658.68813   23   23 -656.71499 -660.60923  0.59%  50.4  158s
  1472   693 -660.60923   10   22 -656.71499 -660.60923  0.59%  51.9  165s
  1474   695 -660.60923   11   23 -656.71499 -660.60923  0.59%  52.0  170s
  1476   696 -660.60923   11   20 -656.71499 -660.60923  0.59%  52.2  176s
  1478   697 -660.60923   12   22 -656.71499 -660.60923  0.59%  52.4  182s
  1482   701 -660.60923   13   23 -656.71499 -660.60923  0.59%  53.0  185s
  1498   712 -660.60923   16   14 -656.71499 -660.60923  0.59%  54.2  191s
  1538   722 -660.25052   22    6 -656.71499 -660.60923  0.59%  55.1  195s
  1587   725 -657.08377   35    2 -656.71499 -660.60923  0.59%  56.3  200s
  1633   743 -660.58059   35    2 -656.71499 -660.60923  0.59%  56.5  205s
  1672   744 -660.59981   17    9 -656.71499 -660.60923  0.59%  56.7  210s
  1730   756 -659.52144   16   15 -656.71499 -660.60923  0.59%  57.0  215s
  1790   774 -660.39474   18   18 -656.71499 -660.60923  0.59%  57.5  221s
  1830   777 -659.19009   25   11 -656.71499 -660.60923  0.59%  57.5  226s
  1885   772     cutoff   38      -656.71499 -660.60923  0.59%  57.2  231s
  1945   771     cutoff   30      -656.71499 -660.60923  0.59%  56.7  237s
  1986   787 -658.19183   24   10 -656.71499 -660.60923  0.59%  56.7  242s
  2013   791     cutoff   35      -656.71499 -660.60923  0.59%  56.6  245s
  2055   801     cutoff   35      -656.71499 -660.60923  0.59%  56.7  253s
  2096   813 -660.12740   22   13 -656.71499 -660.60923  0.59%  56.6  255s
  2144   816     cutoff   36      -656.71499 -660.60923  0.59%  56.2  261s
  2200   821     cutoff   33      -656.71499 -660.60923  0.59%  55.9  268s
  2254   814 -657.25718   30    2 -656.71499 -660.60923  0.59%  55.5  273s
  2326   810     cutoff   31      -656.71499 -660.60923  0.59%  54.8  280s
  2388   798     cutoff   37      -656.71499 -660.60923  0.59%  54.4  288s
  2432   804 -658.26892   22    2 -656.71499 -660.60923  0.59%  54.4  294s
  2504   802 -659.12649   27    2 -656.71499 -660.60923  0.59%  53.8  302s
  2569   797 -657.18431   23   10 -656.71499 -660.60923  0.59%  53.4  307s
  2629   788 -658.11851   33    2 -656.71499 -660.60923  0.59%  53.1  312s
  2694   771     cutoff   39      -656.71499 -660.57636  0.59%  52.9  320s
  2734   786 -659.15416   25    2 -656.71499 -660.50001  0.58%  53.0  325s
  2798   782 -657.72004   32    2 -656.71499 -660.49442  0.58%  52.7  331s
  2863   767 -658.15394   33    2 -656.71499 -660.48131  0.57%  52.4  337s
  2913   771     cutoff   25      -656.71499 -660.43120  0.57%  52.4  343s
  2988   801     cutoff   35      -656.71499 -660.40103  0.56%  52.1  353s
  3073   788 -658.60936   38    2 -656.71499 -660.38895  0.56%  51.6  358s
  3101   781     cutoff   37      -656.71499 -660.38735  0.56%  51.6  362s
  3148   796     cutoff   39      -656.71499 -660.37982  0.56%  51.4  369s
  3176   788     cutoff   38      -656.71499 -660.35834  0.55%  51.4  371s
  3211   803     cutoff   39      -656.71499 -660.34548  0.55%  51.3  377s
  3292   802     cutoff   38      -656.71499 -660.33017  0.55%  51.1  389s
  3390   807 -658.79212   29    2 -656.71499 -660.30282  0.55%  50.7  400s
  3491   790     cutoff   39      -656.71499 -660.28530  0.54%  50.3  415s
  3595   793 -657.84923   25    2 -656.71499 -660.23054  0.54%  49.9  426s
  3642   796 -660.23054   29    2 -656.71499 -660.23054  0.54%  49.8  432s
* 3651   796              38    -656.7199828 -660.20164  0.53%  49.7  433s
  3687   807     cutoff   38      -656.71998 -660.19127  0.53%  49.7  442s
  3768   807 -658.09431   33    4 -656.71998 -660.16961  0.53%  49.6  453s
  3829   826 -657.18687   35    2 -656.71998 -660.14538  0.52%  49.6  465s
  3907   848     cutoff   38      -656.71998 -660.10040  0.51%  49.6  477s
  4016   849     cutoff   35      -656.71998 -660.06782  0.51%  49.2  490s
  4115   868     cutoff   35      -656.71998 -660.05603  0.51%  49.1  505s
  4188   870     cutoff   23      -656.71998 -660.01234  0.50%  49.1  516s
  4269   883     cutoff   26      -656.71998 -659.96032  0.49%  49.1  528s
  4317   886 -657.73600   26    2 -656.71998 -659.96032  0.49%  49.0  532s
  4363   911     cutoff   38      -656.71998 -659.93630  0.49%  49.0  542s
  4426   913     cutoff   29      -656.71998 -659.92359  0.49%  48.8  545s
  4471   939 -658.80392   31    4 -656.71998 -659.91397  0.49%  48.8  557s
  4526   943     cutoff   36      -656.71998 -659.89831  0.48%  48.7  561s
  4585   960     cutoff   36      -656.71998 -659.89697  0.48%  48.6  569s
  4630   961 -658.58945   16    5 -656.71998 -659.87260  0.48%  48.5  571s
  4678  1004 -657.61531   36    2 -656.71998 -659.86604  0.48%  48.6  584s
  4802  1018     cutoff   39      -656.71998 -659.80926  0.47%  48.3  602s
  4930  1028 -657.59225   25    5 -656.71998 -659.78140  0.47%  48.1  617s
  4983  1030     cutoff   38      -656.71998 -659.75306  0.46%  48.1  620s
  5033  1042     cutoff   34      -656.71998 -659.75203  0.46%  48.1  634s
  5091  1045     cutoff   38      -656.71998 -659.73012  0.46%  48.0  635s
  5144  1073     cutoff   38      -656.71998 -659.72964  0.46%  48.0  646s
  5231  1076     cutoff   23      -656.71998 -659.71927  0.46%  47.8  651s
  5292  1100     cutoff   31      -656.71998 -659.67977  0.45%  47.8  669s
  5409  1139     cutoff   37      -656.71998 -659.65033  0.45%  47.8  687s
  5496  1146 -657.08603   39    - -656.71998 -659.61308  0.44%  47.6  696s
  5552  1158 -657.33469   38    - -656.71998 -659.61289  0.44%  47.6  713s
  5622  1161     cutoff   39      -656.71998 -659.55637  0.43%  47.5  716s
  5663  1179     cutoff   38      -656.71998 -659.55598  0.43%  47.6  730s
  5839  1203 -656.80232   35    2 -656.71998 -659.50325  0.42%  47.2  753s
  5924  1209     cutoff   36      -656.71998 -659.47283  0.42%  47.0  763s
  5983  1226     cutoff   38      -656.71998 -659.47037  0.42%  47.0  780s
  6072  1230     cutoff   38      -656.71998 -659.46068  0.42%  46.9  786s
  6153  1223     cutoff   38      -656.71998 -659.45975  0.42%  46.7  803s
  6299  1253     cutoff   38      -656.71998 -659.39849  0.41%  46.7  830s
  6485  1260     cutoff   38      -656.71998 -659.35035  0.40%  46.5  866s
  6648  1257 -657.80190   35    2 -656.71998 -659.31500  0.40%  46.3  885s
  6719  1262     cutoff   39      -656.71998 -659.27648  0.39%  46.3  892s
  6793  1284     cutoff   39      -656.71998 -659.25204  0.39%  46.4  912s
  6880  1292 -658.22582   29    2 -656.71998 -659.21834  0.38%  46.3  921s
  6944  1309     cutoff   38      -656.71998 -659.21193  0.38%  46.3  947s
  7101  1314     cutoff   36      -656.71998 -659.16549  0.37%  46.1  971s
  7189  1318     cutoff   38      -656.71998 -659.14015  0.37%  46.0  975s
  7293  1298 -657.97606   36    2 -656.71998 -659.13407  0.37%  45.9  996s
  7396  1302     cutoff   37      -656.71998 -659.05499  0.36%  45.7 1002s
  7463  1298     cutoff   38      -656.71998 -659.05285  0.36%  45.7 1031s
  7617  1318     cutoff   27      -656.71998 -659.01361  0.35%  45.5 1055s
  7812  1308 -658.65649   22    2 -656.71998 -658.96524  0.34%  45.2 1089s
  7998  1319     cutoff   37      -656.71998 -658.90348  0.33%  44.9 1121s
  8079  1323 -657.80047   34    2 -656.71998 -658.87194  0.33%  44.8 1127s
  8138  1317 -657.67825   25    2 -656.71998 -658.86955  0.33%  44.8 1149s
  8324  1333 -657.67464   37    2 -656.71998 -658.83346  0.32%  44.6 1188s
  8570  1319 -657.40054   36    2 -656.71998 -658.78843  0.31%  44.2 1219s
  8783  1307     cutoff   36      -656.71998 -658.75007  0.31%  43.9 1248s
  8950  1342     cutoff   37      -656.71998 -658.70886  0.30%  43.8 1284s
  9018  1343 -657.68541   38    2 -656.71998 -658.68726  0.30%  43.7 1286s
  9107  1314     cutoff   38      -656.71998 -658.68494  0.30%  43.6 1307s
  9201  1319 -658.38792   28    2 -656.71998 -658.64605  0.29%  43.4 1314s
  9284  1313 -656.84622   36    2 -656.71998 -658.62218  0.29%  43.4 1346s
  9393  1296 -657.44507   18   11 -656.71998 -658.60939  0.29%  43.4 1368s
  9457  1300     cutoff   31      -656.71998 -658.57859  0.28%  43.3 1374s
  9530  1277 -657.63397   37    2 -656.71998 -658.57394  0.28%  43.3 1403s
  9610  1286     cutoff   38      -656.71998 -658.53500  0.28%  43.2 1416s
  9688  1253     cutoff   36      -656.71998 -658.53500  0.28%  43.2 1446s
  9841  1249     cutoff   38      -656.71998 -658.46807  0.27%  43.1 1486s
  9990  1221 -657.63089   30    4 -656.71998 -658.45684  0.26%  43.0 1518s
 10165  1208 -657.15791   28    2 -656.71998 -658.39926  0.26%  42.9 1559s
 10218  1209 -657.39561   31    2 -656.71998 -658.39192  0.25%  42.8 1561s
 10314  1201     cutoff   34      -656.71998 -658.38433  0.25%  42.7 1587s
 10477  1148     cutoff   37      -656.71998 -658.33035  0.25%  42.6 1621s
 10570  1156 -657.83849   37    2 -656.71998 -658.30890  0.24%  42.5 1630s
 10652  1143     cutoff   37      -656.71998 -658.28437  0.24%  42.4 1656s
 10770  1145     cutoff   26      -656.71998 -658.24891  0.23%  42.4 1686s
 10897  1113     cutoff   31      -656.71998 -658.22881  0.23%  42.3 1715s
 11028  1091     cutoff   29      -656.71998 -658.20206  0.23%  42.3 1738s
 11192  1104     cutoff   37      -656.71998 -658.16591  0.22%  42.1 1768s
 11311  1083     cutoff   25      -656.71998 -658.14260  0.22%  42.0 1795s
 11484  1080     cutoff   36      -656.71998 -658.10903  0.21%  41.8 1825s
 11612  1069 -657.37349   36    4 -656.71998 -658.09860  0.21%  41.7 1853s
 11695  1075     cutoff   38      -656.71998 -658.05856  0.20%  41.6 1860s
 11802  1075     cutoff   38      -656.71998 -658.05740  0.20%  41.5 1895s
 11983  1061     cutoff   34      -656.71998 -658.03055  0.20%  41.3 1922s
 12054  1066     cutoff   35      -656.71998 -658.03037  0.20%  41.3 1928s
 12115  1070     cutoff   35      -656.71998 -658.00006  0.19%  41.2 1941s

Cutting planes:
  Lazy constraints: 94536

Explored 12188 nodes (502606 simplex iterations) in 1942.97 seconds
Thread count was 4 (of 4 available processors)

Solution count 3: -656.72 -656.715 -656.645 

Time limit reached
Warning: max constraint violation (5.5997e-06) exceeds tolerance
Best objective -6.567199828277e+02, best bound -6.579975155317e+02, gap 0.1945%

User-callback calls 47002, time in user-callback 767.57 sec
