
Gurobi 9.0.3 (win64) logging started Sat Jan  1 01:25:48 2022

Changed value of parameter LogFile to Results/sslp1_20_100_50_var_BendersBnC.log
   Prev:   Default: 
Changed value of parameter Heuristics to 0.0
   Prev: 0.05  Min: 0.0  Max: 1.0  Default: 0.05
Changed value of parameter lazyConstraints to 1
   Prev: 0  Min: 0  Max: 1  Default: 0
Changed value of parameter timeLimit to 7195.447802305222
   Prev: inf  Min: 0.0  Max: inf  Default: inf
Gurobi Optimizer version 9.0.3 build v9.0.3rc0 (win64)
Optimize a model with 791 rows, 90 columns and 20545 nonzeros
Model fingerprint: 0x60289b1a
Variable types: 70 continuous, 20 integer (20 binary)
Coefficient statistics:
  Matrix range     [2e-13, 9e+05]
  Objective range  [2e-02, 4e+01]
  Bounds range     [1e+00, 1e+00]
  RHS range        [7e-15, 6e+04]
Warning: Model contains large matrix coefficient range
         Consider reformulating model or setting NumericFocus parameter
         to avoid numerical issues.
Presolve added 0 rows and 3 columns
Presolve removed 218 rows and 0 columns
Presolve time: 0.01s
Presolved: 573 rows, 93 columns, 8949 nonzeros
Variable types: 72 continuous, 21 integer (20 binary)

Root relaxation: objective -1.171657e+03, 193 iterations, 0.01 seconds

    Nodes    |    Current Node    |     Objective Bounds      |     Work
 Expl Unexpl |  Obj  Depth IntInf | Incumbent    BestBd   Gap | It/Node Time

     0     0 -1171.6570    0   21          - -1171.6570      -     -    0s
     0     0 -1167.5635    0   19          - -1167.5635      -     -    0s
     0     0 -1166.3593    0   16          - -1166.3593      -     -    0s
     0     0 -1165.9203    0   16          - -1165.9203      -     -    0s
     0     0 -1165.8538    0   17          - -1165.8538      -     -    0s
     0     0 -1165.7477    0   16          - -1165.7477      -     -    0s
     0     0 -1165.6912    0   15          - -1165.6912      -     -    0s
     0     0 -1165.6363    0   16          - -1165.6363      -     -    0s
     0     0 -1165.6269    0   15          - -1165.6269      -     -    0s
     0     0 -1164.0954    0   16          - -1164.0954      -     -    0s
     0     0 -1163.6098    0   13          - -1163.6098      -     -    0s
     0     0 -1163.4858    0   16          - -1163.4858      -     -    0s
     0     0 -1163.3831    0   15          - -1163.3831      -     -    0s
     0     0 -1163.2927    0   17          - -1163.2927      -     -    0s
     0     0 -1163.2749    0   17          - -1163.2749      -     -    0s
     0     0 -1163.2586    0   14          - -1163.2586      -     -    0s
     0     0 -1163.2244    0   14          - -1163.2244      -     -    0s
     0     0 -1163.2186    0   13          - -1163.2186      -     -    0s
     0     0 -1163.2111    0   15          - -1163.2111      -     -    0s
     0     0 -1163.2048    0   14          - -1163.2048      -     -    0s
     0     0 -1163.2016    0   15          - -1163.2016      -     -    0s
     0     0 -1163.2006    0   15          - -1163.2006      -     -    0s
     0     0 -1162.8329    0   13          - -1162.8329      -     -    0s
     0     0 -1162.6251    0   15          - -1162.6251      -     -    0s
     0     0 -1162.5837    0   17          - -1162.5837      -     -    0s
     0     0 -1162.5445    0   15          - -1162.5445      -     -    0s
     0     0 -1162.5350    0   15          - -1162.5350      -     -    0s
     0     0 -1162.5247    0   16          - -1162.5247      -     -    0s
     0     0 -1162.5216    0   14          - -1162.5216      -     -    0s
     0     0 -1162.5212    0   13          - -1162.5212      -     -    0s
     0     0 -1162.4147    0   14          - -1162.4147      -     -    0s
     0     0 -1162.3458    0   13          - -1162.3458      -     -    0s
     0     0 -1162.3145    0   14          - -1162.3145      -     -    0s
     0     0 -1162.2888    0   16          - -1162.2888      -     -    0s
     0     0 -1162.2781    0   16          - -1162.2781      -     -    0s
     0     0 -1162.2746    0   16          - -1162.2746      -     -    0s
     0     0 -1162.2690    0   15          - -1162.2690      -     -    0s
     0     0 -1162.2662    0   16          - -1162.2662      -     -    0s
     0     0 -1162.1968    0   16          - -1162.1968      -     -    0s
     0     0 -1162.1624    0   16          - -1162.1624      -     -    0s
     0     0 -1162.1526    0   16          - -1162.1526      -     -    0s
     0     0 -1162.1397    0   17          - -1162.1397      -     -    0s
     0     0 -1162.1372    0   16          - -1162.1372      -     -    0s
     0     0 -1162.0990    0   16          - -1162.0990      -     -    0s
     0     0 -1162.0773    0   17          - -1162.0773      -     -    0s
     0     0 -1162.0713    0   17          - -1162.0713      -     -    0s
     0     0 -1162.0622    0   18          - -1162.0622      -     -    0s
     0     0 -1162.0602    0   17          - -1162.0602      -     -    0s
     0     0 -1161.4060    0   16          - -1161.4060      -     -    0s
     0     0 -1161.0691    0   15          - -1161.0691      -     -    0s
     0     0 -1160.8230    0   15          - -1160.8230      -     -    0s
     0     0 -1160.7974    0   13          - -1160.7974      -     -    0s
     0     0 -1160.7495    0   16          - -1160.7495      -     -    0s
     0     0 -1160.7241    0   13          - -1160.7241      -     -    0s
     0     0 -1160.7061    0   15          - -1160.7061      -     -    0s
     0     0 -1160.7004    0   15          - -1160.7004      -     -    0s
     0     0 -1160.6984    0   15          - -1160.6984      -     -    0s
     0     0 -1160.4978    0   14          - -1160.4978      -     -    0s
     0     0 -1160.4518    0   16          - -1160.4518      -     -    0s
     0     0 -1160.4362    0   15          - -1160.4362      -     -    0s
     0     0 -1160.4117    0   16          - -1160.4117      -     -    0s
     0     0 -1160.3976    0   14          - -1160.3976      -     -    0s
     0     0 -1160.3958    0   14          - -1160.3958      -     -    0s
     0     0 -1160.3466    0   12          - -1160.3466      -     -    0s
     0     0 -1160.3161    0   14          - -1160.3161      -     -    0s
     0     0 -1160.3059    0   17          - -1160.3059      -     -    0s
     0     0 -1160.2962    0   17          - -1160.2962      -     -    0s
     0     0 -1160.2903    0   18          - -1160.2903      -     -    0s
     0     0 -1160.2874    0   17          - -1160.2874      -     -    0s
     0     0 -1160.2144    0   16          - -1160.2144      -     -    0s
     0     0 -1160.1614    0   18          - -1160.1614      -     -    0s
     0     0 -1160.1383    0   18          - -1160.1383      -     -    0s
     0     0 -1160.1222    0   17          - -1160.1222      -     -    0s
     0     0 -1160.1148    0   15          - -1160.1148      -     -    0s
     0     0 -1160.0990    0   15          - -1160.0990      -     -    0s
     0     0 -1160.0924    0   16          - -1160.0924      -     -    0s
     0     0 -1160.0866    0   16          - -1160.0866      -     -    0s
     0     0 -1160.0851    0   16          - -1160.0851      -     -    0s
     0     0 -1160.0130    0   16          - -1160.0130      -     -    0s
     0     0 -1160.0012    0   13          - -1160.0012      -     -    0s
     0     0 -1159.9938    0   15          - -1159.9938      -     -    0s
     0     0 -1159.9880    0   14          - -1159.9880      -     -    0s
     0     0 -1159.9843    0   15          - -1159.9843      -     -    0s
     0     0 -1159.9638    0   13          - -1159.9638      -     -    0s
     0     0 -1159.9216    0   15          - -1159.9216      -     -    0s
     0     0 -1159.9003    0   16          - -1159.9003      -     -    0s
     0     0 -1159.8960    0   16          - -1159.8960      -     -    0s
     0     0 -1159.8948    0   15          - -1159.8948      -     -    0s
     0     0 -1159.8801    0   14          - -1159.8801      -     -    0s
     0     0 -1159.8752    0   15          - -1159.8752      -     -    0s
     0     0 -1159.8718    0   14          - -1159.8718      -     -    0s
     0     0 -1159.8356    0   13          - -1159.8356      -     -    0s
     0     0 -1159.8193    0   13          - -1159.8193      -     -    0s
     0     0 -1159.7977    0   16          - -1159.7977      -     -    0s
     0     0 -1159.7962    0   15          - -1159.7962      -     -    0s
     0     0 -1159.7427    0   15          - -1159.7427      -     -    0s
     0     0 -1159.7381    0   13          - -1159.7381      -     -    0s
     0     0 -1159.7250    0   15          - -1159.7250      -     -    0s
     0     0 -1159.7238    0   15          - -1159.7238      -     -    0s
     0     0 -1159.7171    0   16          - -1159.7171      -     -    0s
     0     0 -1159.6954    0   18          - -1159.6954      -     -    0s
     0     0 -1159.6892    0   17          - -1159.6892      -     -    0s
     0     0 -1159.6770    0   17          - -1159.6770      -     -    0s
     0     0 -1159.6761    0   17          - -1159.6761      -     -    0s
     0     0 -1159.6599    0   14          - -1159.6599      -     -    0s
     0     0 -1159.6499    0   15          - -1159.6499      -     -    0s
     0     0 -1159.6403    0   14          - -1159.6403      -     -    0s
     0     0 -1159.6354    0   16          - -1159.6354      -     -    0s
     0     0 -1159.6346    0   16          - -1159.6346      -     -    0s
     0     0 -1159.6162    0   15          - -1159.6162      -     -    0s
     0     0 -1159.5995    0   16          - -1159.5995      -     -    0s
     0     0 -1159.5980    0   17          - -1159.5980      -     -    0s
     0     0 -1159.5894    0   18          - -1159.5894      -     -    0s
     0     0 -1159.5877    0   17          - -1159.5877      -     -    0s
     0     0 -1159.5812    0   18          - -1159.5812      -     -    0s
     0     0 -1159.5812    0   18          - -1159.5812      -     -    0s
     0     2 -1159.5812    0   18          - -1159.5812      -     -    0s
*   48    40              20    -575.2599863 -1159.3008   102%  24.3    2s
*   50    40              20    -773.4199810 -1159.3008  49.9%  24.4    2s
*   55    39              20    -829.0999805 -1159.1597  39.8%  24.4    2s
*   60    40              20    -847.7199784 -1159.0828  36.7%  27.0    3s
   137    97 -1141.6326   16    2 -847.71998 -1158.5828  36.7%  22.9    5s
*  155    96              20    -862.8599787 -1158.1260  34.2%  23.7    7s
*  172    96              20    -873.2199786 -1157.7820  32.6%  23.5    8s
   217   132 -1122.1219   18    2 -873.21998 -1157.7820  32.6%  21.0   10s
*  219   132              20    -884.9799780 -1157.7820  30.8%  21.1   10s
*  222   132              20    -904.7199776 -1157.7820  28.0%  21.1   10s
*  236   127              20    -917.7199765 -1157.7820  26.2%  21.4   12s
   270   137 -1123.8457   15    - -917.71998 -1157.5336  26.1%  20.8   15s
   361   171 -1154.4688   19    2 -917.71998 -1157.3196  26.1%  19.6   20s
   430   179 -1120.9177   19    2 -917.71998 -1156.9359  26.1%  20.0   25s
   506   203     cutoff   20      -917.71998 -1156.3036  26.0%  20.1   30s
   581   218     cutoff   20      -917.71998 -1155.6630  25.9%  20.1   35s
*  613   223              20    -929.5599773 -1154.5464  24.2%  20.2   38s
   652   245     cutoff   20      -929.55998 -1154.5464  24.2%  19.9   40s
   706   264 -1094.7941   20    - -929.55998 -1154.3799  24.2%  20.0   45s
*  733   267              20    -946.3199761 -1154.3799  22.0%  19.7   47s
   763   273 -1128.9032    8    2 -946.31998 -1154.3160  22.0%  20.0   50s
   828   291 -1135.0642    3    4 -946.31998 -1154.2317  22.0%  19.9   55s
*  884   290              20    -947.3599764 -1154.2201  21.8%  20.0   59s
   900   290     cutoff   20      -947.35998 -1154.0829  21.8%  20.0   61s
   959   303     cutoff   20      -947.35998 -1153.8749  21.8%  19.8   65s
  1023   318     cutoff   20      -947.35998 -1153.5787  21.8%  20.0   70s
  1087   340     cutoff   20      -947.35998 -1153.3899  21.7%  19.9   75s
  1186   374 -1131.2203   18    2 -947.35998 -1153.1090  21.7%  19.6   80s
  1262   399 -1106.5839   19    2 -947.35998 -1153.1090  21.7%  19.4   85s
  1349   397     cutoff   20      -947.35998 -1153.1090  21.7%  19.1   91s
  1397   386 -1077.9804   17    2 -947.35998 -1153.1090  21.7%  19.2   95s
  1430   399     cutoff   20      -947.35998 -1153.1090  21.7%  19.1  100s
  1469   400     cutoff   20      -947.35998 -1153.1090  21.7%  19.0  105s
  1532   395     cutoff   20      -947.35998 -1153.1090  21.7%  19.3  110s
  1617   429     cutoff   20      -947.35998 -1152.7191  21.7%  19.4  115s
  1698   465     cutoff   20      -947.35998 -1152.4675  21.7%  19.3  120s
* 1699   464              20    -964.2199759 -1152.4675  19.5%  19.3  120s
  1761   476     cutoff   20      -964.21998 -1152.2503  19.5%  19.3  125s
  1820   481 -1108.4549   18    2 -964.21998 -1152.1428  19.5%  19.5  130s
  1884   495     cutoff   20      -964.21998 -1151.6421  19.4%  19.8  135s
  1980   534     cutoff   20      -964.21998 -1151.4675  19.4%  19.6  141s
* 2026   552              20    -969.7999758 -1150.9327  18.7%  19.7  145s
* 2062   551              20    -971.3599752 -1150.8777  18.5%  19.6  148s
  2082   568     cutoff   20      -971.35998 -1150.7219  18.5%  19.7  151s
  2153   590     cutoff   20      -971.35998 -1150.6374  18.5%  19.7  156s
  2219   611     cutoff   20      -971.35998 -1150.2814  18.4%  19.7  161s
  2261   628     cutoff   20      -971.35998 -1150.2267  18.4%  19.7  165s
  2339   650     cutoff   20      -971.35998 -1149.5568  18.3%  19.6  172s
  2380   660     cutoff   20      -971.35998 -1149.3927  18.3%  19.6  177s
  2414   655     cutoff   20      -971.35998 -1149.3848  18.3%  19.5  181s
  2443   663     cutoff   20      -971.35998 -1149.1169  18.3%  19.6  186s
  2469   674 -1114.6528   19    2 -971.35998 -1148.8087  18.3%  19.6  191s
  2505   699     cutoff   20      -971.35998 -1148.6006  18.2%  19.5  195s
  2553   704 -1112.8037   20    - -971.35998 -1148.3764  18.2%  19.4  200s
  2635   741     cutoff   20      -971.35998 -1148.0379  18.2%  19.3  208s
  2670   745     cutoff   20      -971.35998 -1147.8889  18.2%  19.3  212s
  2697   759 -1128.8636    8    - -971.35998 -1147.7366  18.2%  19.3  217s
  2734   768 -1128.8496    8    2 -971.35998 -1147.5805  18.1%  19.2  222s
  2779   785     cutoff   20      -971.35998 -1147.5600  18.1%  19.2  228s
  2802   790     cutoff   20      -971.35998 -1147.4699  18.1%  19.1  230s
  2861   804     cutoff   20      -971.35998 -1147.3349  18.1%  19.1  236s
  2900   820     cutoff   20      -971.35998 -1147.2614  18.1%  19.1  242s
  2945   835     cutoff   20      -971.35998 -1147.0685  18.1%  19.1  247s
  2986   829     cutoff   20      -971.35998 -1146.9815  18.1%  19.1  252s
  3009   841     cutoff   20      -971.35998 -1146.9605  18.1%  19.1  255s
  3087   858     cutoff   20      -971.35998 -1146.5599  18.0%  19.0  264s
  3130   873 -1111.2306   19    2 -971.35998 -1146.3093  18.0%  19.0  271s
  3177   887     cutoff   20      -971.35998 -1145.8333  18.0%  19.0  277s
  3228   904 -1128.2757   15    2 -971.35998 -1145.3474  17.9%  19.0  282s
  3254   914 -1079.8341   19    2 -971.35998 -1145.0474  17.9%  18.9  285s
  3333   937     cutoff   20      -971.35998 -1144.7762  17.9%  18.9  295s
  3385   955     cutoff   20      -971.35998 -1144.6797  17.8%  18.8  300s
  3444   970     cutoff   20      -971.35998 -1144.5825  17.8%  18.8  306s
  3503   980     cutoff   20      -971.35998 -1144.2883  17.8%  18.7  313s
  3549  1014     cutoff   20      -971.35998 -1143.9737  17.8%  18.7  319s
  3604  1019     cutoff   20      -971.35998 -1143.9197  17.8%  18.7  324s
  3636  1028 -1086.1872   16    2 -971.35998 -1143.5930  17.7%  18.6  326s
  3661  1037     cutoff   20      -971.35998 -1143.3864  17.7%  18.7  330s
  3712  1041     cutoff   20      -971.35998 -1143.0760  17.7%  18.7  336s
  3770  1068     cutoff   20      -971.35998 -1142.1444  17.6%  18.6  344s
  3831  1089 -1132.8147    5    2 -971.35998 -1141.9435  17.6%  18.6  351s
  3894  1105     cutoff   20      -971.35998 -1141.5167  17.5%  18.6  357s
* 3900  1103              20    -973.0199756 -1141.5167  17.3%  18.6  358s
  3950  1116     cutoff   20      -973.01998 -1140.2633  17.2%  18.6  364s
  4009  1128     cutoff   20      -973.01998 -1139.6063  17.1%  18.6  370s
  4066  1142     cutoff   20      -973.01998 -1139.0200  17.1%  18.6  377s
  4130  1162     cutoff   20      -973.01998 -1138.6649  17.0%  18.6  384s
  4196  1169     cutoff   20      -973.01998 -1138.0060  17.0%  18.6  392s
  4257  1180 -1056.3649   20    - -973.01998 -1137.5908  16.9%  18.6  400s
  4321  1202     cutoff   20      -973.01998 -1136.2237  16.8%  18.6  408s
  4384  1215     cutoff   20      -973.01998 -1135.6461  16.7%  18.6  416s
  4447  1226     cutoff   20      -973.01998 -1135.5175  16.7%  18.6  424s
  4494  1233     cutoff   20      -973.01998 -1134.8622  16.6%  18.6  433s
  4513  1244     cutoff   20      -973.01998 -1134.7036  16.6%  18.6  436s
  4543  1250     cutoff   20      -973.01998 -1134.6704  16.6%  18.6  442s
  4575  1266     cutoff   20      -973.01998 -1134.2529  16.6%  18.6  446s
  4608  1273     cutoff   20      -973.01998 -1134.2505  16.6%  18.6  451s
  4667  1283     cutoff   20      -973.01998 -1134.0384  16.5%  18.6  459s
  4681  1291 -1124.0615   12    2 -973.01998 -1133.8298  16.5%  18.6  461s
  4720  1285     cutoff   20      -973.01998 -1133.7808  16.5%  18.6  468s
  4782  1323 -1110.4013   13    2 -973.01998 -1133.3683  16.5%  18.5  479s
  4854  1339     cutoff   20      -973.01998 -1133.2083  16.5%  18.5  489s
  4893  1351     cutoff   20      -973.01998 -1133.0750  16.4%  18.4  492s
  4920  1357     cutoff   20      -973.01998 -1133.0535  16.4%  18.4  499s
  4993  1375     cutoff   20      -973.01998 -1132.7636  16.4%  18.4  509s
  5062  1395     cutoff   20      -973.01998 -1132.4565  16.4%  18.4  520s
  5132  1418     cutoff   20      -973.01998 -1132.2568  16.4%  18.3  531s
  5202  1450 -1131.9223   13    2 -973.01998 -1131.9223  16.3%  18.3  542s
  5244  1464     cutoff   20      -973.01998 -1131.8134  16.3%  18.3  546s
  5278  1474     cutoff   20      -973.01998 -1131.7232  16.3%  18.2  552s
  5323  1492     cutoff   20      -973.01998 -1131.7086  16.3%  18.2  557s
  5361  1512     cutoff   20      -973.01998 -1131.5904  16.3%  18.1  564s
  5401  1525     cutoff   20      -973.01998 -1131.5780  16.3%  18.1  567s
  5444  1520     cutoff   20      -973.01998 -1131.3853  16.3%  18.1  575s
  5505  1558     cutoff   20      -973.01998 -1131.0894  16.2%  18.1  587s
  5582  1591     cutoff   20      -973.01998 -1130.9628  16.2%  18.0  598s
  5618  1602 -1119.6420   15    2 -973.01998 -1130.8480  16.2%  18.0  601s
  5657  1606     cutoff   20      -973.01998 -1130.7431  16.2%  17.9  609s
  5724  1643     cutoff   20      -973.01998 -1130.6577  16.2%  17.9  620s
  5808  1679     cutoff   20      -973.01998 -1130.5786  16.2%  17.9  632s
  5892  1706     cutoff   20      -973.01998 -1130.5113  16.2%  17.8  643s
  5925  1718     cutoff   20      -973.01998 -1130.4964  16.2%  17.8  647s
  5966  1729 -1098.6159   15    2 -973.01998 -1130.4620  16.2%  17.8  655s
  6037  1745     cutoff   20      -973.01998 -1130.4006  16.2%  17.7  668s
  6068  1761     cutoff   20      -973.01998 -1130.3090  16.2%  17.7  672s
  6107  1779     cutoff   20      -973.01998 -1130.1905  16.2%  17.7  683s
  6185  1799     cutoff   20      -973.01998 -1130.0872  16.1%  17.6  695s
  6261  1823     cutoff   20      -973.01998 -1129.8980  16.1%  17.6  707s
  6297  1837     cutoff   20      -973.01998 -1129.8577  16.1%  17.6  711s
  6336  1846     cutoff   20      -973.01998 -1129.8056  16.1%  17.6  720s
  6373  1863     cutoff   20      -973.01998 -1129.7482  16.1%  17.6  725s
  6412  1870     cutoff   20      -973.01998 -1129.6956  16.1%  17.6  734s
  6483  1907     cutoff   20      -973.01998 -1129.6505  16.1%  17.5  748s
  6536  1924 -1124.4051    8    2 -973.01998 -1129.5460  16.1%  17.5  753s
  6576  1963     cutoff   20      -973.01998 -1129.5420  16.1%  17.5  764s
  6628  1977     cutoff   20      -973.01998 -1129.5128  16.1%  17.4  767s
  6671  1972     cutoff   20      -973.01998 -1129.4236  16.1%  17.4  776s
  6706  1988 -1096.3421   20    - -973.01998 -1129.3122  16.1%  17.4  781s
  6737  1999     cutoff   20      -973.01998 -1129.3087  16.1%  17.4  791s
  6816  2032     cutoff   20      -973.01998 -1129.2130  16.1%  17.3  806s
  6906  2051     cutoff   20      -973.01998 -1129.0844  16.0%  17.3  821s
  6934  2067     cutoff   20      -973.01998 -1128.9712  16.0%  17.3  825s
  6970  2069     cutoff   20      -973.01998 -1128.9582  16.0%  17.3  835s
  7043  2112     cutoff   20      -973.01998 -1128.8839  16.0%  17.3  849s
  7127  2147     cutoff   20      -973.01998 -1128.7957  16.0%  17.2  863s
  7172  2164 -1108.6704   10    2 -973.01998 -1128.7936  16.0%  17.2  868s
  7221  2173     cutoff   20      -973.01998 -1128.7042  16.0%  17.1  878s
  7265  2191     cutoff   20      -973.01998 -1128.6748  16.0%  17.1  883s
  7306  2210     cutoff   20      -973.01998 -1128.6646  16.0%  17.1  894s
  7379  2242     cutoff   20      -973.01998 -1128.5312  16.0%  17.0  908s
  7419  2253     cutoff   20      -973.01998 -1128.4925  16.0%  17.0  911s
  7467  2279     cutoff   20      -973.01998 -1128.4098  16.0%  17.0  921s
  7557  2305 -1119.9641    9   18 -973.01998 -1128.3532  16.0%  17.0  941s
  7559  2306 -1119.9940   17   21 -973.01998 -1128.3532  16.0%  17.0  967s
  7560  2307 -1061.8425   20   20 -973.01998 -1128.3532  16.0%  17.0  970s
  7563  2312 -1128.3532   13   16 -973.01998 -1128.3532  16.0%  17.0 1003s
  7565  2313 -1128.3532   14   16 -973.01998 -1128.3532  16.0%  17.0 1014s
  7567  2312 -1128.3532   14    5 -973.01998 -1128.3532  16.0%  17.0 1021s
  7569  2313 -1128.3532   15   13 -973.01998 -1128.3532  16.0%  17.1 1036s
  7571  2314 -1128.3532   15    6 -973.01998 -1128.3532  16.0%  17.1 1044s
  7573  2316 -1128.3532   16   13 -973.01998 -1128.3532  16.0%  17.1 1057s
  7575  2318 -1128.3532   16    6 -973.01998 -1128.3532  16.0%  17.1 1064s
  7578  2320 -1128.3532   17   10 -973.01998 -1128.3532  16.0%  17.1 1069s
  7581  2322 -1128.3532   17    8 -973.01998 -1128.3532  16.0%  17.1 1076s
  7584  2323 -1128.3532   18   11 -973.01998 -1128.3532  16.0%  17.2 1082s
  7587  2325 -1128.3532   18    5 -973.01998 -1128.3532  16.0%  17.2 1088s
  7591  2328 -1128.3532   19    6 -973.01998 -1128.3532  16.0%  17.2 1094s
  7595  2333 -1128.3532   20    9 -973.01998 -1128.3532  16.0%  17.2 1099s
  7602  2339 -1128.3532   22    7 -973.01998 -1128.3532  16.0%  17.2 1103s
  7610  2343 -1128.3532   24    6 -973.01998 -1128.3532  16.0%  17.2 1107s
  7626  2350 -1128.3532   27    4 -973.01998 -1128.3532  16.0%  17.3 1111s
  7655  2345 -1093.0139   34    - -973.01998 -1128.3532  16.0%  17.3 1116s
  7689  2354 -1128.3532   28    3 -973.01998 -1128.3532  16.0%  17.4 1120s
  7727  2344     cutoff   35      -973.01998 -1128.3532  16.0%  17.5 1126s
  7761  2345 -1128.3532   19    5 -973.01998 -1128.3532  16.0%  17.5 1132s
  7769  2345 -1128.3532   20    5 -973.01998 -1128.3532  16.0%  17.5 1136s
  7793  2350     cutoff   21      -973.01998 -1128.3532  16.0%  17.6 1141s
  7807  2355 -1127.0788   26    2 -973.01998 -1128.3532  16.0%  17.6 1145s
  7839  2349     cutoff   34      -973.01998 -1128.3532  16.0%  17.6 1150s
  7871  2347 -1100.7832   31    2 -973.01998 -1128.3532  16.0%  17.7 1157s
  7885  2353 -1082.0104   32    2 -973.01998 -1128.3532  16.0%  17.7 1161s
  7909  2352 -1066.6907   35    2 -973.01998 -1128.3532  16.0%  17.7 1165s
  7933  2359 -1047.2716   36    2 -973.01998 -1128.3532  16.0%  17.7 1170s
  7956  2359     cutoff   19      -973.01998 -1128.3532  16.0%  17.8 1176s
  7986  2367 -1091.8855   25    2 -973.01998 -1128.3532  16.0%  17.8 1183s
* 7996  2250              32    -975.2599755 -1128.3532  15.7%  17.8 1183s
  8016  2251 -1067.8267   33    2 -975.25998 -1128.3532  15.7%  17.8 1189s
  8034  2258 -1124.9236   19    2 -975.25998 -1128.3532  15.7%  17.8 1194s
  8048  2256 -1128.3532   23    2 -975.25998 -1128.3532  15.7%  17.8 1195s
  8071  2257 -1099.6139   23    - -975.25998 -1128.3532  15.7%  17.8 1201s
  8105  2264 -1126.7466   28    2 -975.25998 -1128.3532  15.7%  17.8 1207s
  8138  2270 -1089.9039   34    2 -975.25998 -1128.3532  15.7%  17.9 1213s
  8173  2285     cutoff   35      -975.25998 -1128.3532  15.7%  17.9 1220s
  8224  2277     cutoff   35      -975.25998 -1128.3532  15.7%  17.9 1226s
  8264  2283     cutoff   36      -975.25998 -1128.3532  15.7%  17.9 1232s
  8294  2282 -1089.7509   33    2 -975.25998 -1128.3532  15.7%  17.9 1239s
  8317  2283 -1095.9521   29    2 -975.25998 -1128.3532  15.7%  18.0 1242s
  8340  2291 -1069.5164   36    2 -975.25998 -1128.3532  15.7%  18.0 1249s
  8390  2294     cutoff   37      -975.25998 -1128.3532  15.7%  18.0 1258s
  8436  2296 -1086.5482   29    - -975.25998 -1128.3532  15.7%  18.0 1267s
  8492  2295 -1079.4008   34    2 -975.25998 -1128.3532  15.7%  18.1 1275s
  8533  2297 -1117.0889   27    2 -975.25998 -1128.3532  15.7%  18.1 1282s
  8597  2298 -1081.1007   32    2 -975.25998 -1128.3532  15.7%  18.1 1290s
  8659  2296     cutoff   35      -975.25998 -1128.3532  15.7%  18.2 1299s
  8693  2289 -1085.9275   35    2 -975.25998 -1128.3532  15.7%  18.2 1300s
  8731  2296 -1029.3888   35    2 -975.25998 -1128.3532  15.7%  18.2 1309s
  8763  2290     cutoff   36      -975.25998 -1128.3532  15.7%  18.2 1311s
  8785  2300     cutoff   36      -975.25998 -1128.3532  15.7%  18.2 1318s
  8869  2299     cutoff   35      -975.25998 -1128.3532  15.7%  18.3 1326s
  8938  2301     cutoff   35      -975.25998 -1128.3532  15.7%  18.3 1335s
  9003  2288     cutoff   34      -975.25998 -1128.3532  15.7%  18.3 1343s
  9088  2273     cutoff   35      -975.25998 -1128.3532  15.7%  18.4 1353s
  9130  2265     cutoff   35      -975.25998 -1128.3532  15.7%  18.4 1355s
  9169  2251 -1069.6701   34    2 -975.25998 -1128.3532  15.7%  18.4 1363s
  9258  2222     cutoff   36      -975.25998 -1128.3532  15.7%  18.5 1372s
  9346  2215     cutoff   35      -975.25998 -1128.3532  15.7%  18.5 1382s
  9400  2208     cutoff   35      -975.25998 -1128.3532  15.7%  18.5 1385s
  9444  2214     cutoff   35      -975.25998 -1128.3532  15.7%  18.5 1396s
  9545  2244 -1086.7104   35    2 -975.25998 -1128.3532  15.7%  18.5 1412s
* 9565  2127              35    -979.8399756 -1128.3532  15.2%  18.5 1413s
  9666  2129     cutoff   36      -979.83998 -1128.3532  15.2%  18.5 1427s
  9751  2140 -1011.7769   33    2 -979.83998 -1128.3532  15.2%  18.5 1441s
  9859  2148 -1108.5813   29    2 -979.83998 -1128.3532  15.2%  18.5 1457s
  9957  2155     cutoff   35      -979.83998 -1128.3532  15.2%  18.6 1474s
 10023  2147     cutoff   35      -979.83998 -1128.3532  15.2%  18.6 1478s
 10089  2160 -1068.9767   35    2 -979.83998 -1128.3532  15.2%  18.5 1493s
 10235  2162     cutoff   35      -979.83998 -1128.3532  15.2%  18.5 1513s
 10374  2154     cutoff   35      -979.83998 -1128.3532  15.2%  18.5 1532s
 10425  2148     cutoff   36      -979.83998 -1128.3532  15.2%  18.6 1535s
 10497  2165     cutoff   36      -979.83998 -1128.3532  15.2%  18.5 1552s
 10575  2152     cutoff   35      -979.83998 -1128.3532  15.2%  18.5 1555s
 10656  2149     cutoff   35      -979.83998 -1128.3532  15.2%  18.5 1573s
 10787  2154 -1109.0766   28    2 -979.83998 -1128.3532  15.2%  18.6 1595s
 10949  2157 -1104.5708   29    2 -979.83998 -1128.3532  15.2%  18.6 1619s
 11036  2149 -1087.5211   34    2 -979.83998 -1128.3532  15.2%  18.6 1625s
 11111  2175 -1072.0806   34    2 -979.83998 -1128.3532  15.2%  18.6 1644s
 11191  2166 -1098.8247   32    2 -979.83998 -1128.3532  15.2%  18.6 1648s
 11273  2193     cutoff   36      -979.83998 -1128.3532  15.2%  18.6 1669s
 11431  2194 -1038.0789   36    2 -979.83998 -1128.3532  15.2%  18.6 1696s
 11602  2212     cutoff   37      -979.83998 -1128.3532  15.2%  18.6 1725s
 11706  2199     cutoff   36      -979.83998 -1128.3532  15.2%  18.6 1730s
 11803  2209     cutoff   36      -979.83998 -1128.3532  15.2%  18.6 1753s
 12005  2197     cutoff   35      -979.83998 -1128.3532  15.2%  18.6 1782s
 12109  2185     cutoff   35      -979.83998 -1128.3532  15.2%  18.5 1788s
 12213  2213     cutoff   35      -979.83998 -1128.3532  15.2%  18.6 1813s
 12409  2206 -1105.5452   29    2 -979.83998 -1128.3532  15.2%  18.5 1842s
 12516  2202 -1108.3289   27    2 -979.83998 -1128.3532  15.2%  18.5 1851s
 12619  2208 -1102.4929   30    2 -979.83998 -1128.3532  15.2%  18.5 1879s
 12830  2196     cutoff   35      -979.83998 -1128.3532  15.2%  18.5 1911s
 13039  2177     cutoff   35      -979.83998 -1127.9156  15.1%  18.5 1944s
 13253  2146 -1106.3518   23    2 -979.83998 -1127.2736  15.0%  18.6 1976s
 13456  2104 -1049.2038   36    2 -979.83998 -1126.4802  15.0%  18.6 2009s
 13660  2090     cutoff   37      -979.83998 -1125.9996  14.9%  18.6 2043s
 13768  2076     cutoff   36      -979.83998 -1125.6909  14.9%  18.6 2050s
 13870  2097 -1024.7837   37    2 -979.83998 -1125.2587  14.8%  18.6 2076s
 13986  2121     cutoff   35      -979.83998 -1125.2140  14.8%  18.6 2083s
 14072  2132     cutoff   38      -979.83998 -1124.6687  14.8%  18.6 2108s
 14274  2178 -1094.9935   30    2 -979.83998 -1124.2043  14.7%  18.6 2140s
 14474  2215     cutoff   36      -979.83998 -1123.7873  14.7%  18.7 2174s
 14684  2243     cutoff   36      -979.83998 -1123.0765  14.6%  18.7 2206s
 14779  2266     cutoff   35      -979.83998 -1122.2126  14.5%  18.7 2212s
 14862  2262     cutoff   35      -979.83998 -1122.2041  14.5%  18.7 2236s
 14961  2287     cutoff   36      -979.83998 -1121.2857  14.4%  18.7 2243s
 15034  2265     cutoff   35      -979.83998 -1121.2326  14.4%  18.7 2266s
 15124  2280     cutoff   35      -979.83998 -1120.4291  14.3%  18.7 2270s
 15202  2291     cutoff   35      -979.83998 -1120.0142  14.3%  18.8 2295s
 15375  2307     cutoff   35      -979.83998 -1118.6839  14.2%  18.8 2324s
 15577  2316     cutoff   36      -979.83998 -1117.5892  14.1%  18.8 2354s
 15659  2333     cutoff   35      -979.83998 -1115.9120  13.9%  18.8 2359s
 15754  2328     cutoff   36      -979.83998 -1115.9042  13.9%  18.8 2386s
 15928  2339     cutoff   35      -979.83998 -1114.3697  13.7%  18.8 2418s
 16010  2358 -1098.3933   32    2 -979.83998 -1113.9326  13.7%  18.8 2423s
 16097  2366     cutoff   36      -979.83998 -1113.0844  13.6%  18.8 2451s
 16275  2413     cutoff   35      -979.83998 -1112.3708  13.5%  18.8 2487s
*16338  2410              23    -985.7999757 -1112.3708  12.8%  18.8 2492s
 16439  2439     cutoff   35      -985.79998 -1111.5082  12.8%  18.8 2524s
 16630  2479 -1057.8770   36    2 -985.79998 -1110.9464  12.7%  18.8 2565s
 16801  2536     cutoff   37      -985.79998 -1110.6174  12.7%  18.8 2604s
 16896  2563     cutoff   37      -985.79998 -1110.5522  12.7%  18.8 2611s
 16980  2575 -1020.5453   37    2 -985.79998 -1110.1519  12.6%  18.8 2644s
 17165  2634     cutoff   38      -985.79998 -1109.8216  12.6%  18.8 2688s
 17274  2666 -1108.8406   26    2 -985.79998 -1109.8182  12.6%  18.8 2697s
 17365  2686 -1085.7074   35    2 -985.79998 -1109.4289  12.5%  18.8 2731s
 17560  2735     cutoff   36      -985.79998 -1108.9829  12.5%  18.8 2772s
 17656  2763     cutoff   36      -985.79998 -1108.8966  12.5%  18.8 2780s
 17753  2789     cutoff   37      -985.79998 -1108.8907  12.5%  18.8 2813s
 17952  2822 -1039.9601   37    2 -985.79998 -1108.4501  12.4%  18.7 2855s
 18041  2853     cutoff   37      -985.79998 -1108.4417  12.4%  18.7 2864s
 18130  2883     cutoff   38      -985.79998 -1108.0313  12.4%  18.7 2901s
 18327  2930     cutoff   36      -985.79998 -1107.6632  12.4%  18.7 2944s
 18403  2951 -1099.3790   27    2 -985.79998 -1107.5208  12.3%  18.7 2950s
 18493  2959 -1064.5112   36    2 -985.79998 -1107.4438  12.3%  18.7 2981s
 18582  2984     cutoff   35      -985.79998 -1107.4209  12.3%  18.7 2989s
 18666  2997     cutoff   37      -985.79998 -1107.1569  12.3%  18.7 3024s
 18854  3068 -1061.1491   36    2 -985.79998 -1106.8270  12.3%  18.7 3071s
 19054  3099     cutoff   37      -985.79998 -1106.6071  12.3%  18.7 3110s
 19227  3143     cutoff   38      -985.79998 -1106.3194  12.2%  18.7 3149s
 19412  3195     cutoff   35      -985.79998 -1106.0352  12.2%  18.7 3190s
 19497  3219 -1105.9987   30    2 -985.79998 -1106.0185  12.2%  18.7 3198s
 19598  3236     cutoff   36      -985.79998 -1105.8934  12.2%  18.6 3233s
 19691  3265 -1102.1111   28    2 -985.79998 -1105.8727  12.2%  18.6 3242s
 19785  3280 -1068.3764   35    2 -985.79998 -1105.6861  12.2%  18.6 3277s
 19872  3304     cutoff   35      -985.79998 -1105.6050  12.2%  18.6 3284s
 19962  3336 -1044.4927   36    2 -985.79998 -1105.4929  12.1%  18.6 3320s
 20055  3366 -1059.9994   36    2 -985.79998 -1105.4763  12.1%  18.6 3330s
 20141  3345     cutoff   37      -985.79998 -1105.3410  12.1%  18.6 3363s
 20224  3376     cutoff   37      -985.79998 -1105.3410  12.1%  18.6 3373s
 20305  3380 -1014.3564   37    2 -985.79998 -1105.0210  12.1%  18.6 3408s
 20389  3406     cutoff   38      -985.79998 -1104.9861  12.1%  18.6 3416s
 20460  3399     cutoff   38      -985.79998 -1104.7992  12.1%  18.6 3450s
 20625  3445 -1101.1186   33    2 -985.79998 -1104.5154  12.0%  18.6 3493s
 20796  3474 -1068.2321   35    2 -985.79998 -1104.2837  12.0%  18.5 3536s
 20890  3504 -1099.4162   28    2 -985.79998 -1104.2651  12.0%  18.5 3545s
 20974  3513 -1103.8670   31    2 -985.79998 -1104.0499  12.0%  18.5 3581s
 21061  3542     cutoff   35      -985.79998 -1104.0251  12.0%  18.5 3590s
 21149  3535 -1067.4803   35    2 -985.79998 -1103.8597  12.0%  18.5 3626s
 21315  3586     cutoff   36      -985.79998 -1103.5961  11.9%  18.5 3673s
 21488  3614 -1030.3640   36    2 -985.79998 -1103.4620  11.9%  18.5 3714s
 21573  3639 -1097.7543   31    2 -985.79998 -1103.4420  11.9%  18.5 3721s
 21646  3624     cutoff   37      -985.79998 -1103.1730  11.9%  18.5 3758s
 21805  3665     cutoff   36      -985.79998 -1102.9149  11.9%  18.5 3802s
 21980  3689 -1095.8159   32    2 -985.79998 -1102.6318  11.9%  18.4 3847s
 22063  3716     cutoff   28      -985.79998 -1102.6242  11.9%  18.4 3855s
 22158  3732 -1055.8163   35    2 -985.79998 -1102.3185  11.8%  18.4 3891s
 22309  3748     cutoff   36      -985.79998 -1102.1393  11.8%  18.4 3932s
 22381  3770     cutoff   35      -985.79998 -1102.0933  11.8%  18.4 3938s
 22466  3768     cutoff   35      -985.79998 -1101.8873  11.8%  18.4 3976s
 22638  3790     cutoff   35      -985.79998 -1101.6890  11.8%  18.4 4021s
 22724  3814     cutoff   36      -985.79998 -1101.5693  11.7%  18.4 4028s
 22809  3817 -1020.1090   37    2 -985.79998 -1101.3204  11.7%  18.4 4063s
 22901  3843 -1095.0627   30    2 -985.79998 -1101.2690  11.7%  18.4 4072s
 22965  3837     cutoff   38      -985.79998 -1100.9614  11.7%  18.4 4105s
 23118  3854 -1055.8041   34    2 -985.79998 -1100.5941  11.6%  18.4 4147s
 23278  3881 -1045.7821   36    2 -985.79998 -1100.3537  11.6%  18.3 4192s
 23360  3908     cutoff   36      -985.79998 -1100.3418  11.6%  18.3 4201s
 23437  3916     cutoff   37      -985.79998 -1100.0034  11.6%  18.3 4237s
 23521  3943 -1091.8170   34    - -985.79998 -1099.9968  11.6%  18.3 4246s
 23605  3941 -1011.9467   37    2 -985.79998 -1099.7396  11.6%  18.3 4282s
 23686  3966     cutoff   36      -985.79998 -1099.7193  11.6%  18.3 4290s
 23768  3973     cutoff   38      -985.79998 -1099.5415  11.5%  18.3 4327s
 23933  3984 -1096.7584   32    2 -985.79998 -1099.2818  11.5%  18.3 4372s
 24019  4011     cutoff   35      -985.79998 -1099.2758  11.5%  18.3 4381s
 24093  3999     cutoff   36      -985.79998 -1098.8383  11.5%  18.3 4420s
 24257  4027     cutoff   37      -985.79998 -1098.4806  11.4%  18.2 4468s
 24345  4055     cutoff   36      -985.79998 -1098.4496  11.4%  18.2 4477s
 24415  4048     cutoff   35      -985.79998 -1098.1377  11.4%  18.2 4515s
 24492  4073 -1085.1682   34    2 -985.79998 -1098.0751  11.4%  18.2 4523s
 24572  4057     cutoff   36      -985.79998 -1097.8379  11.4%  18.2 4562s
 24653  4081     cutoff   35      -985.79998 -1097.8152  11.4%  18.2 4570s
 24736  4079     cutoff   35      -985.79998 -1097.4952  11.3%  18.2 4611s
 24813  4104 -1089.1050   34    2 -985.79998 -1097.4200  11.3%  18.2 4619s
 24894  4099 -1062.5779   35    2 -985.79998 -1097.1598  11.3%  18.2 4658s
 25054  4115     cutoff   36      -985.79998 -1096.8105  11.3%  18.1 4706s
 25202  4126 -1095.4764   25    2 -985.79998 -1096.4020  11.2%  18.1 4754s
 25288  4156 -1093.9177   27    2 -985.79998 -1096.3960  11.2%  18.1 4763s
 25364  4144 -1089.9568   31    2 -985.79998 -1096.0776  11.2%  18.1 4804s
 25537  4170 -1089.8543   27    2 -985.79998 -1095.9548  11.2%  18.1 4858s
 25622  4204     cutoff   35      -985.79998 -1095.9426  11.2%  18.1 4871s
 25702  4203 -1094.1268   30    2 -985.79998 -1095.5285  11.1%  18.1 4912s
 25862  4235 -1094.4135   24    2 -985.79998 -1095.1686  11.1%  18.0 4965s
 26030  4260 -1070.2685   35    2 -985.79998 -1094.8943  11.1%  18.0 5015s
 26182  4276     cutoff   36      -985.79998 -1094.5081  11.0%  18.0 5065s
 26352  4308 -1089.2469   29    2 -985.79998 -1094.2042  11.0%  18.0 5116s
 26515  4321 -1055.1113   35    2 -985.79998 -1093.9367  11.0%  17.9 5164s
 26657  4340     cutoff   36      -985.79998 -1093.6175  10.9%  17.9 5212s
 26736  4363 -1091.6327   34    2 -985.79998 -1093.6121  10.9%  17.9 5219s
 26809  4348 -1055.6608   35    2 -985.79998 -1093.3071  10.9%  17.9 5258s
 26892  4376     cutoff   35      -985.79998 -1093.2812  10.9%  17.9 5267s
 26973  4347     cutoff   36      -985.79998 -1092.9602  10.9%  17.9 5307s
 27048  4376 -1090.5238   31    2 -985.79998 -1092.8909  10.9%  17.9 5317s
 27124  4368     cutoff   35      -985.79998 -1092.5811  10.8%  17.9 5360s
 27202  4395     cutoff   35      -985.79998 -1092.5682  10.8%  17.9 5369s
 27283  4380 -1068.3945   33    2 -985.79998 -1092.3174  10.8%  17.9 5409s
 27427  4403 -1053.9424   35    2 -985.79998 -1092.0011  10.8%  17.8 5461s
 27599  4425     cutoff   36      -985.79998 -1091.8454  10.8%  17.8 5511s
 27678  4450 -1087.6749   28    2 -985.79998 -1091.8331  10.8%  17.8 5518s
 27753  4451 -1018.0357   36    2 -985.79998 -1091.5052  10.7%  17.8 5559s
*27824  4465              29    -987.9799752 -1091.5052  10.5%  17.8 5567s
*27848  4446              23    -990.3999751 -1091.3061  10.2%  17.8 5569s
 27901  4428 -1086.8157   33    2 -990.39998 -1091.2667  10.2%  17.8 5608s
 28056  4472 -1060.1773   36    2 -990.39998 -1090.9578  10.2%  17.7 5661s
 28137  4501     cutoff   35      -990.39998 -1090.9578  10.2%  17.7 5670s
 28222  4498     cutoff   37      -990.39998 -1090.9578  10.2%  17.7 5714s
 28376  4521 -1077.1095   35    2 -990.39998 -1090.4825  10.1%  17.7 5765s
 28459  4552     cutoff   37      -990.39998 -1090.4363  10.1%  17.7 5774s
 28533  4547     cutoff   36      -990.39998 -1090.2740  10.1%  17.7 5820s
 28701  4586 -1041.2484   36    2 -990.39998 -1090.0341  10.1%  17.7 5876s
 28862  4608 -1086.6528   24    2 -990.39998 -1089.8894  10.0%  17.6 5936s
 29025  4647     cutoff   35      -990.39998 -1089.6390  10.0%  17.6 5994s
 29184  4662 -1071.4653   35    2 -990.39998 -1089.4788  10.0%  17.6 6049s
 29345  4688 -1064.4522   32    2 -990.39998 -1089.2835  10.0%  17.6 6105s
 29512  4726 -1042.6639   35    2 -990.39998 -1088.9956  10.0%  17.6 6161s
 29667  4745     cutoff   38      -990.39998 -1088.8377  9.94%  17.6 6213s
 29804  4762 -1010.9292   37    2 -990.39998 -1088.6553  9.92%  17.5 6268s
 29879  4790 -1082.5999   35    2 -990.39998 -1088.6411  9.92%  17.5 6277s
 29962  4817     cutoff   38      -990.39998 -1088.4066  9.90%  17.5 6326s
 30124  4843     cutoff   36      -990.39998 -1088.2246  9.88%  17.5 6380s
 30281  4870 -1086.2445   31    2 -990.39998 -1088.0459  9.86%  17.5 6435s
 30363  4899     cutoff   36      -990.39998 -1088.0305  9.86%  17.5 6443s
 30448  4905 -1078.8021   28    2 -990.39998 -1087.9076  9.85%  17.5 6492s
 30527  4935 -1037.8270   36    2 -990.39998 -1087.8860  9.84%  17.5 6502s
 30610  4957     cutoff   36      -990.39998 -1087.7602  9.83%  17.5 6552s
 30693  4984     cutoff   37      -990.39998 -1087.7497  9.83%  17.4 6560s
 30784  4987 -1052.1593   36    2 -990.39998 -1087.6262  9.82%  17.4 6613s
 30875  5019 -1084.5738   30    2 -990.39998 -1087.6131  9.82%  17.4 6623s
 30962  5043 -1051.8939   36    2 -990.39998 -1087.4445  9.80%  17.4 6678s
 31042  5071     cutoff   37      -990.39998 -1087.4391  9.80%  17.4 6686s
 31138  5080 -1028.4844   37    2 -990.39998 -1087.3364  9.79%  17.4 6737s
 31294  5107 -1082.5489   31    3 -990.39998 -1087.1981  9.77%  17.4 6800s
*31395  5101              30    -994.1799749 -1087.1742  9.35%  17.4 6811s
 31468  5115 -1054.3608   36    2 -994.17997 -1087.1138  9.35%  17.3 6866s
 31643  5160     cutoff   37      -994.17997 -1086.9905  9.34%  17.3 6930s
 31736  5185 -1062.1953   31    2 -994.17997 -1086.9772  9.33%  17.3 6938s
 31827  5192     cutoff   38      -994.17997 -1086.8560  9.32%  17.3 6990s
 31991  5235     cutoff   38      -994.17997 -1086.7386  9.31%  17.3 7047s
 32157  5262     cutoff   37      -994.17997 -1086.5700  9.29%  17.3 7107s
 32239  5292     cutoff   36      -994.17997 -1086.5618  9.29%  17.3 7115s
 32316  5297 -1017.1997   36    2 -994.17997 -1086.4581  9.28%  17.3 7166s
 32484  5341     cutoff   37      -994.17997 -1086.2999  9.27%  17.2 7195s

Cutting planes:
  Lazy constraints: 336100

Explored 32515 nodes (563201 simplex iterations) in 7200.50 seconds
Thread count was 4 (of 4 available processors)

Solution count 10: -994.18 -990.4 -987.98 ... -964.22

Time limit reached
Best objective -9.941799748941e+02, best bound -1.086272405622e+03, gap 9.2632%

User-callback calls 130574, time in user-callback 2605.36 sec
