
Gurobi 8.1.1 (win64) logging started 07/05/20 16:56:49

Changed value of parameter LogFile to Results/sslp1_20_100_50_BnC.log
   Prev: gurobi.log  Default: 
Changed value of parameter Heuristics to 0.0
   Prev: 0.05  Min: 0.0  Max: 1.0  Default: 0.05
Changed value of parameter lazyConstraints to 1
   Prev: 0  Min: 0  Max: 1  Default: 0
Changed value of parameter timeLimit to 6591.413028478622
   Prev: 1e+100  Min: 0.0  Max: 1e+100  Default: 1e+100
Optimize a model with 1583 rows, 70 columns and 24238 nonzeros
Variable types: 50 continuous, 20 integer (20 binary)
Coefficient statistics:
  Matrix range     [4e-13, 2e+06]
  Objective range  [2e-02, 8e+01]
  Bounds range     [1e+00, 1e+00]
  RHS range        [2e-13, 6e+04]
Warning: Model contains large matrix coefficient range
         Consider reformulating model or setting NumericFocus parameter
         to avoid numerical issues.
Presolve removed 94 rows and 0 columns
Presolve time: 0.02s
Presolved: 1489 rows, 70 columns, 23811 nonzeros
Variable types: 50 continuous, 20 integer (20 binary)

Root relaxation: objective -8.854183e+02, 223 iterations, 0.02 seconds

    Nodes    |    Current Node    |     Objective Bounds      |     Work
 Expl Unexpl |  Obj  Depth IntInf | Incumbent    BestBd   Gap | It/Node Time

     0     0 -885.41831    0   11          - -885.41831      -     -    0s
     0     0 -885.37566    0   11          - -885.37566      -     -    0s
     0     0 -885.35850    0   12          - -885.35850      -     -    0s
     0     0 -885.34943    0   11          - -885.34943      -     -    0s
     0     0 -885.34698    0   12          - -885.34698      -     -    0s
     0     0 -885.31068    0   12          - -885.31068      -     -    0s
     0     0 -885.28782    0   12          - -885.28782      -     -    0s
     0     0 -885.28037    0   12          - -885.28037      -     -    0s
     0     0 -885.27364    0   12          - -885.27364      -     -    0s
     0     0 -885.26322    0   12          - -885.26322      -     -    0s
     0     0 -885.24869    0   12          - -885.24869      -     -    0s
     0     0 -885.23865    0   13          - -885.23865      -     -    0s
     0     0 -885.22755    0   11          - -885.22755      -     -    0s
     0     0 -885.21752    0   12          - -885.21752      -     -    0s
     0     0 -885.21041    0   11          - -885.21041      -     -    0s
     0     0 -885.20288    0   12          - -885.20288      -     -    0s
     0     0 -885.19501    0   11          - -885.19501      -     -    0s
     0     0 -885.18388    0   11          - -885.18388      -     -    0s
     0     0 -885.17319    0   11          - -885.17319      -     -    0s
     0     0 -885.16607    0   11          - -885.16607      -     -    0s
     0     0 -885.16424    0   11          - -885.16424      -     -    0s
     0     0 -885.15763    0   11          - -885.15763      -     -    0s
     0     0 -885.15686    0   11          - -885.15686      -     -    0s
     0     0 -885.15686    0   11          - -885.15686      -     -    0s
     0     2 -885.15686    0   11          - -885.15686      -     -    0s
*   37    22              19    -883.7999760 -885.08457  0.15%  23.1    1s
*   41    10              19    -884.6199764 -885.08457  0.05%  22.8    1s

Cutting planes:
  MIR: 21
  Lazy constraints: 42

Explored 58 nodes (1581 simplex iterations) in 2.28 seconds
Thread count was 4 (of 4 available processors)

Solution count 2: -884.62 -883.8 

Optimal solution found (tolerance 1.00e-04)
Warning: max constraint violation (1.3550e-06) exceeds tolerance
Best objective -8.846199764481e+02, best bound -8.846199764481e+02, gap 0.0000%
