
Gurobi 9.0.3 (win64) logging started Sun Jan  2 00:43:21 2022

Changed value of parameter LogFile to Results/sslp2_20_100_50_var_BendersBnC.log
   Prev:   Default: 
Changed value of parameter Heuristics to 0.0
   Prev: 0.05  Min: 0.0  Max: 1.0  Default: 0.05
Changed value of parameter lazyConstraints to 1
   Prev: 0  Min: 0  Max: 1  Default: 0
Changed value of parameter timeLimit to 7193.10537314415
   Prev: inf  Min: 0.0  Max: inf  Default: inf
Gurobi Optimizer version 9.0.3 build v9.0.3rc0 (win64)
Optimize a model with 799 rows, 90 columns and 20767 nonzeros
Model fingerprint: 0x2c4654a8
Variable types: 70 continuous, 20 integer (20 binary)
Coefficient statistics:
  Matrix range     [2e-13, 9e+05]
  Objective range  [2e-02, 4e+01]
  Bounds range     [1e+00, 1e+00]
  RHS range        [7e-15, 7e+04]
Warning: Model contains large matrix coefficient range
         Consider reformulating model or setting NumericFocus parameter
         to avoid numerical issues.
Presolve added 0 rows and 3 columns
Presolve removed 213 rows and 0 columns
Presolve time: 0.02s
Presolved: 586 rows, 93 columns, 8797 nonzeros
Variable types: 72 continuous, 21 integer (20 binary)

Root relaxation: objective -1.180973e+03, 192 iterations, 0.01 seconds

    Nodes    |    Current Node    |     Objective Bounds      |     Work
 Expl Unexpl |  Obj  Depth IntInf | Incumbent    BestBd   Gap | It/Node Time

     0     0 -1180.9728    0   19          - -1180.9728      -     -    0s
     0     0 -1175.9669    0   15          - -1175.9669      -     -    0s
     0     0 -1174.9547    0   16          - -1174.9547      -     -    0s
     0     0 -1174.6308    0   15          - -1174.6308      -     -    0s
     0     0 -1174.3632    0   14          - -1174.3632      -     -    0s
     0     0 -1174.2624    0   15          - -1174.2624      -     -    0s
     0     0 -1174.2006    0   15          - -1174.2006      -     -    0s
     0     0 -1174.1701    0   15          - -1174.1701      -     -    0s
     0     0 -1174.1617    0   15          - -1174.1617      -     -    0s
     0     0 -1174.1425    0   13          - -1174.1425      -     -    0s
     0     0 -1174.1365    0   15          - -1174.1365      -     -    0s
     0     0 -1172.6751    0   17          - -1172.6751      -     -    0s
     0     0 -1172.3134    0   15          - -1172.3134      -     -    0s
     0     0 -1172.1479    0   15          - -1172.1479      -     -    0s
     0     0 -1172.0596    0   14          - -1172.0596      -     -    0s
     0     0 -1172.0254    0   15          - -1172.0254      -     -    0s
     0     0 -1171.9857    0   16          - -1171.9857      -     -    0s
     0     0 -1171.9662    0   15          - -1171.9662      -     -    0s
     0     0 -1171.9590    0   16          - -1171.9590      -     -    0s
     0     0 -1171.9578    0   17          - -1171.9578      -     -    0s
     0     0 -1171.4417    0   13          - -1171.4417      -     -    0s
     0     0 -1171.1998    0   15          - -1171.1998      -     -    0s
     0     0 -1171.1369    0   15          - -1171.1369      -     -    0s
     0     0 -1171.1210    0   15          - -1171.1210      -     -    0s
     0     0 -1171.0981    0   15          - -1171.0981      -     -    0s
     0     0 -1171.0852    0   14          - -1171.0852      -     -    0s
     0     0 -1171.0785    0   16          - -1171.0785      -     -    0s
     0     0 -1171.0774    0   16          - -1171.0774      -     -    0s
     0     0 -1170.8441    0   13          - -1170.8441      -     -    0s
     0     0 -1170.7225    0   15          - -1170.7225      -     -    0s
     0     0 -1170.7094    0   14          - -1170.7094      -     -    0s
     0     0 -1170.7056    0   15          - -1170.7056      -     -    0s
     0     0 -1170.7046    0   15          - -1170.7046      -     -    0s
     0     0 -1170.6112    0   13          - -1170.6112      -     -    0s
     0     0 -1170.6000    0   12          - -1170.6000      -     -    0s
     0     0 -1170.5993    0   14          - -1170.5993      -     -    0s
     0     0 -1170.5774    0   14          - -1170.5774      -     -    0s
     0     0 -1170.5586    0   16          - -1170.5586      -     -    0s
     0     0 -1170.5541    0   15          - -1170.5541      -     -    0s
     0     0 -1170.5541    0   15          - -1170.5541      -     -    0s
     0     0 -1170.5195    0   10          - -1170.5195      -     -    0s
     0     0 -1170.4952    0   12          - -1170.4952      -     -    0s
     0     0 -1170.4905    0   16          - -1170.4905      -     -    0s
     0     0 -1170.4889    0   14          - -1170.4889      -     -    0s
     0     0 -1170.4837    0   14          - -1170.4837      -     -    0s
     0     0 -1170.4808    0   12          - -1170.4808      -     -    0s
     0     0 -1170.4708    0   12          - -1170.4708      -     -    0s
     0     0 -1170.4700    0   13          - -1170.4700      -     -    0s
     0     0 -1170.4619    0   13          - -1170.4619      -     -    0s
     0     0 -1170.4479    0   12          - -1170.4479      -     -    0s
     0     0 -1170.4427    0    9          - -1170.4427      -     -    0s
     0     0 -1170.4407    0   13          - -1170.4407      -     -    0s
     0     0 -1170.4342    0   12          - -1170.4342      -     -    0s
     0     0 -1170.4342    0   12          - -1170.4342      -     -    0s
     0     2 -1170.4342    0   12          - -1170.4342      -     -    0s
*   48    42              20    -579.3399863 -1170.0117   102%  23.4    2s
*   49    42              20    -767.6399814 -1170.0117  52.4%  23.9    3s
*   54    43              20    -845.0799801 -1169.8546  38.4%  25.0    4s
    74    63 -1158.9075    7    2 -845.07998 -1169.3439  38.4%  27.0    5s
*  104    72              20    -892.3199781 -1169.1644  31.0%  23.1    6s
*  109    72              20    -904.5199776 -1169.1644  29.3%  23.1    7s
*  121    73              20    -913.0799769 -1168.7806  28.0%  23.3   10s
*  124    73              20    -919.2599766 -1168.7806  27.1%  23.6   10s
   189    92 -1103.0925   19    2 -919.25998 -1166.9424  26.9%  23.1   16s
*  207    93              20    -936.0999769 -1166.5519  24.6%  23.6   18s
   222   103 -1156.6304   17    2 -936.09998 -1166.5519  24.6%  23.5   20s
*  233   106              20    -937.0799772 -1166.5519  24.5%  23.5   21s
*  240   111              20    -945.1199765 -1166.0615  23.4%  23.1   22s
*  255   114              20    -964.0399761 -1166.0360  21.0%  22.8   23s
   268   121 -1158.3773    7    2 -964.03998 -1165.6351  20.9%  22.6   25s
   331   130     cutoff   20      -964.03998 -1164.5911  20.8%  21.2   30s
   386   150     cutoff   20      -964.03998 -1164.4634  20.8%  20.5   36s
   418   148     cutoff   20      -964.03998 -1163.4392  20.7%  20.3   40s
   471   156     cutoff   20      -964.03998 -1163.4060  20.7%  19.9   45s
   523   170 -1163.1263   16    2 -964.03998 -1163.1263  20.7%  19.4   50s
   571   166 -1116.0218   19    2 -964.03998 -1162.9955  20.6%  19.2   56s
   613   175 -1134.4249   15    2 -964.03998 -1162.7612  20.6%  19.1   60s
   647   175     cutoff   20      -964.03998 -1162.7612  20.6%  19.0   66s
   700   196 -1097.6642   20    - -964.03998 -1162.6281  20.6%  18.9   70s
   783   228 -1096.9667   20    - -964.03998 -1162.2619  20.6%  19.0   76s
   838   232     cutoff   20      -964.03998 -1162.2619  20.6%  18.7   80s
   897   245     cutoff   20      -964.03998 -1162.2619  20.6%  18.3   86s
*  942   259              20    -970.0399755 -1162.2619  19.8%  18.1   89s
   949   256     cutoff   20      -970.03998 -1162.2619  19.8%  18.1   90s
  1003   252 -1066.1794   20    - -970.03998 -1161.7724  19.8%  18.0   96s
  1040   261     cutoff   20      -970.03998 -1161.6668  19.8%  18.1  100s
  1115   284     cutoff   20      -970.03998 -1161.5482  19.7%  17.9  106s
  1165   314     cutoff   20      -970.03998 -1161.5471  19.7%  17.8  110s
  1211   330 -1148.0712   14    4 -970.03998 -1161.5153  19.7%  17.6  115s
  1262   339 -990.45054   20    - -970.03998 -1161.3576  19.7%  17.5  120s
  1328   368     cutoff   20      -970.03998 -1161.2557  19.7%  17.7  125s
  1389   366     cutoff   20      -970.03998 -1160.8999  19.7%  17.7  130s
  1430   369     cutoff   20      -970.03998 -1160.8073  19.7%  17.8  135s
  1492   396 -1108.1813   19    2 -970.03998 -1160.4988  19.6%  17.8  142s
  1533   404     cutoff   18      -970.03998 -1160.3116  19.6%  18.0  145s
  1608   422     cutoff   20      -970.03998 -1160.1231  19.6%  17.9  152s
  1647   433     cutoff   20      -970.03998 -1160.1008  19.6%  17.9  155s
  1698   451     cutoff   20      -970.03998 -1159.8849  19.6%  18.0  160s
  1735   459 -1015.5894   19    2 -970.03998 -1159.7354  19.6%  18.0  165s
  1799   473     cutoff   20      -970.03998 -1159.7132  19.6%  17.9  170s
  1830   470     cutoff   20      -970.03998 -1159.4463  19.5%  18.0  175s
  1870   490 -1133.9483   17    3 -970.03998 -1159.3575  19.5%  18.0  180s
  1915   510     cutoff   20      -970.03998 -1159.3021  19.5%  18.0  187s
  1944   515     cutoff   20      -970.03998 -1159.1707  19.5%  18.0  191s
  1966   537     cutoff   20      -970.03998 -1159.1361  19.5%  18.0  195s
  2016   543     cutoff   20      -970.03998 -1158.9426  19.5%  17.9  200s
  2057   558     cutoff   20      -970.03998 -1158.8009  19.5%  17.9  206s
  2109   572     cutoff   20      -970.03998 -1158.5146  19.4%  17.9  212s
  2137   601 -1150.5202   14    3 -970.03998 -1158.4455  19.4%  17.9  216s
  2187   599     cutoff   20      -970.03998 -1158.2653  19.4%  17.9  220s
  2222   614 -1130.8215   16    2 -970.03998 -1158.0902  19.4%  17.9  225s
  2256   615     cutoff   20      -970.03998 -1158.0121  19.4%  17.8  230s
  2300   628     cutoff   20      -970.03998 -1157.8665  19.4%  17.9  235s
  2340   635 -1129.3053   18    2 -970.03998 -1157.6076  19.3%  17.9  241s
  2369   653     cutoff   20      -970.03998 -1157.5238  19.3%  17.9  245s
  2411   656     cutoff   20      -970.03998 -1157.5149  19.3%  17.8  250s
  2451   667     cutoff   20      -970.03998 -1157.0512  19.3%  17.9  256s
  2497   686     cutoff   20      -970.03998 -1156.5867  19.2%  17.9  262s
  2525   701     cutoff   20      -970.03998 -1156.5387  19.2%  18.0  266s
  2571   717     cutoff   20      -970.03998 -1156.4135  19.2%  18.0  271s
  2613   729 -1127.7599   14    2 -970.03998 -1156.2567  19.2%  17.9  276s
  2658   743     cutoff   20      -970.03998 -1156.1273  19.2%  17.9  284s
  2703   758     cutoff   20      -970.03998 -1156.0185  19.2%  17.9  290s
  2747   787     cutoff   20      -970.03998 -1155.9422  19.2%  17.9  295s
  2806   795     cutoff   20      -970.03998 -1155.8234  19.2%  17.8  302s
  2848   811     cutoff   20      -970.03998 -1155.7433  19.1%  17.7  311s
  2887   837     cutoff   20      -970.03998 -1155.6757  19.1%  17.7  318s
  2935   857 -1134.6118   14    2 -970.03998 -1155.4530  19.1%  17.7  323s
  2975   864     cutoff   20      -970.03998 -1155.4098  19.1%  17.6  329s
  3009   884     cutoff   20      -970.03998 -1155.2800  19.1%  17.6  336s
  3046   882     cutoff   20      -970.03998 -1155.1781  19.1%  17.6  340s
  3078   898     cutoff   20      -970.03998 -1154.9948  19.1%  17.7  346s
  3125   903 -1107.4512   19    2 -970.03998 -1154.9051  19.1%  17.7  353s
  3142   910     cutoff   20      -970.03998 -1154.7936  19.0%  17.7  356s
  3160   912     cutoff   20      -970.03998 -1154.7836  19.0%  17.8  360s
  3208   928     cutoff   20      -970.03998 -1154.5518  19.0%  17.8  367s
  3257   946     cutoff   20      -970.03998 -1154.4366  19.0%  17.8  374s
  3276   949 -1131.2224   12    2 -970.03998 -1154.3711  19.0%  17.8  375s
  3321   964     cutoff   20      -970.03998 -1154.3203  19.0%  17.9  381s
  3353   982     cutoff   20      -970.03998 -1154.2035  19.0%  17.8  386s
  3404   992 -1122.4234   19    2 -970.03998 -1154.0443  19.0%  17.9  390s
  3458  1012     cutoff   20      -970.03998 -1153.7074  18.9%  17.9  398s
  3491  1019     cutoff   20      -970.03998 -1153.6225  18.9%  17.9  400s
  3516  1020     cutoff   20      -970.03998 -1153.5985  18.9%  17.9  406s
  3538  1029     cutoff   20      -970.03998 -1153.2738  18.9%  17.9  410s
  3611  1052     cutoff   20      -970.03998 -1153.0269  18.9%  17.9  419s
  3657  1057     cutoff   20      -970.03998 -1152.9146  18.9%  17.9  426s
  3681  1067     cutoff   20      -970.03998 -1152.6714  18.8%  17.9  430s
  3709  1091 -1131.3994   17    3 -970.03998 -1152.5863  18.8%  17.9  436s
  3769  1106     cutoff   20      -970.03998 -1152.3636  18.8%  17.9  444s
  3841  1127     cutoff   20      -970.03998 -1152.2227  18.8%  17.9  453s
  3892  1141     cutoff   20      -970.03998 -1151.9500  18.8%  17.9  460s
  3952  1153     cutoff   20      -970.03998 -1151.6878  18.7%  17.9  467s
  3995  1162     cutoff   20      -970.03998 -1151.5353  18.7%  17.9  475s
  4052  1192 -1128.3702   14    2 -970.03998 -1151.1852  18.7%  17.9  485s
  4118  1206     cutoff   20      -970.03998 -1150.8128  18.6%  17.9  494s
  4138  1214     cutoff   20      -970.03998 -1150.2483  18.6%  17.9  497s
  4168  1226 -1138.2288    9    2 -970.03998 -1150.2089  18.6%  17.9  502s
  4237  1239     cutoff   20      -970.03998 -1150.0088  18.6%  17.9  512s
  4304  1258     cutoff   20      -970.03998 -1149.4762  18.5%  17.8  523s
  4373  1275     cutoff   20      -970.03998 -1148.8828  18.4%  17.8  533s
  4410  1285     cutoff   20      -970.03998 -1148.2322  18.4%  17.8  537s
  4445  1303     cutoff   20      -970.03998 -1148.2204  18.4%  17.9  542s
  4487  1313     cutoff   20      -970.03998 -1147.7628  18.3%  17.8  546s
  4517  1311     cutoff   20      -970.03998 -1147.7400  18.3%  17.9  551s
  4581  1332 -1103.2527   15    2 -970.03998 -1147.4655  18.3%  17.9  562s
  4646  1352     cutoff   20      -970.03998 -1146.9084  18.2%  17.9  572s
  4714  1361     cutoff   20      -970.03998 -1146.5882  18.2%  17.9  581s
  4802  1398     cutoff   20      -970.03998 -1146.0594  18.1%  17.9  593s
  4872  1411     cutoff   20      -970.03998 -1145.4588  18.1%  17.9  601s
  4949  1427 -1091.3908   20    - -970.03998 -1144.7195  18.0%  17.8  613s
* 4988  1435              20    -971.2199755 -1144.0420  17.8%  17.9  617s
* 4993  1431              20    -974.5799759 -1144.0420  17.4%  17.9  618s
  5019  1440     cutoff   20      -974.57998 -1144.0080  17.4%  17.9  624s
  5096  1464 -1104.7739   20    - -974.57998 -1143.2929  17.3%  17.9  637s
  5169  1488     cutoff   20      -974.57998 -1142.7965  17.3%  17.8  650s
  5243  1507     cutoff   20      -974.57998 -1142.6049  17.2%  17.8  663s
  5306  1512     cutoff   20      -974.57998 -1142.2603  17.2%  17.8  675s
  5368  1528     cutoff   20      -974.57998 -1141.6554  17.1%  17.7  689s
  5391  1536     cutoff   20      -974.57998 -1141.1954  17.1%  17.8  692s
  5418  1539     cutoff   20      -974.57998 -1141.0821  17.1%  17.8  700s
  5474  1596     cutoff   20      -974.57998 -1140.7070  17.0%  17.8  710s
  5564  1625     cutoff   20      -974.57998 -1140.6034  17.0%  17.7  719s
  5594  1635 -1110.0678   15    2 -974.57998 -1140.4792  17.0%  17.7  723s
  5630  1645     cutoff   20      -974.57998 -1140.4791  17.0%  17.6  730s
  5706  1682     cutoff   20      -974.57998 -1140.3678  17.0%  17.6  744s
  5781  1719     cutoff   20      -974.57998 -1140.1865  17.0%  17.5  757s
  5839  1730 -1140.1019   16    2 -974.57998 -1140.1019  17.0%  17.5  767s
  5864  1741     cutoff   20      -974.57998 -1140.0723  17.0%  17.5  771s
  5897  1740     cutoff   20      -974.57998 -1140.0369  17.0%  17.5  778s
  5917  1753     cutoff   20      -974.57998 -1139.9330  17.0%  17.5  783s
  5952  1745     cutoff   20      -974.57998 -1139.8867  17.0%  17.5  792s
  6005  1769     cutoff   20      -974.57998 -1139.6001  16.9%  17.5  805s
  6037  1783 -1139.6001   11    2 -974.57998 -1139.6001  16.9%  17.5  810s
  6071  1791     cutoff   20      -974.57998 -1139.5592  16.9%  17.5  819s
  6148  1827     cutoff   20      -974.57998 -1139.3637  16.9%  17.5  834s
  6181  1841 -1107.8449   20    - -974.57998 -1139.3082  16.9%  17.5  839s
  6228  1847     cutoff   20      -974.57998 -1139.2371  16.9%  17.4  847s
  6285  1863     cutoff   20      -974.57998 -1139.0223  16.9%  17.4  860s
  6348  1894     cutoff   20      -974.57998 -1138.7573  16.8%  17.4  873s
  6399  1909     cutoff   20      -974.57998 -1138.6730  16.8%  17.4  879s
  6438  1931 -1117.6093   14    2 -974.57998 -1138.6489  16.8%  17.4  889s
  6522  1965     cutoff   20      -974.57998 -1138.5014  16.8%  17.3  903s
  6555  1977     cutoff   20      -974.57998 -1138.4551  16.8%  17.3  908s
  6597  1984     cutoff   20      -974.57998 -1138.4419  16.8%  17.3  915s
  6658  2001     cutoff   20      -974.57998 -1138.3861  16.8%  17.3  927s
  6724  2025     cutoff   20      -974.57998 -1138.1820  16.8%  17.2  941s
  6764  2043     cutoff   20      -974.57998 -1138.1820  16.8%  17.2  947s
  6800  2069     cutoff   20      -974.57998 -1138.1026  16.8%  17.2  956s
  6845  2081     cutoff   20      -974.57998 -1138.0581  16.8%  17.2  960s
  6887  2093     cutoff   20      -974.57998 -1138.0268  16.8%  17.1  970s
  6960  2111     cutoff   20      -974.57998 -1137.8889  16.8%  17.1  986s
  6992  2125     cutoff   20      -974.57998 -1137.8620  16.8%  17.1  991s
  7033  2127 -1080.4120   20    - -974.57998 -1137.8620  16.8%  17.0 1003s
  7058  2136     cutoff   20      -974.57998 -1137.7693  16.7%  17.1 1006s
  7082  2149 -1077.7388   19    2 -974.57998 -1137.7403  16.7%  17.1 1016s
  7123  2163     cutoff   20      -974.57998 -1137.7218  16.7%  17.1 1021s
  7150  2164     cutoff   20      -974.57998 -1137.6424  16.7%  17.1 1030s
  7206  2188     cutoff   20      -974.57998 -1137.6000  16.7%  17.1 1041s
  7268  2206     cutoff   20      -974.57998 -1137.4938  16.7%  17.1 1052s
  7335  2220 -1093.8619   19    2 -974.57998 -1137.3715  16.7%  17.0 1066s
  7411  2254     cutoff   20      -974.57998 -1137.2216  16.7%  17.0 1084s
  7454  2270     cutoff   20      -974.57998 -1137.1718  16.7%  17.0 1090s
  7494  2289     cutoff   20      -974.57998 -1137.1236  16.7%  17.0 1100s
  7568  2306     cutoff   20      -974.57998 -1137.0216  16.7%  16.9 1114s
  7601  2316     cutoff   20      -974.57998 -1136.9495  16.7%  16.9 1117s
  7625  2330     cutoff   20      -974.57998 -1136.9434  16.7%  17.0 1126s
  7693  2368 -1110.0588   13    2 -974.57998 -1136.8549  16.7%  16.9 1140s
  7744  2385     cutoff   20      -974.57998 -1136.8383  16.6%  16.9 1146s
  7786  2401 -1134.4435   14   12 -974.57998 -1136.7382  16.6%  16.8 1166s
  7788  2402 -1060.6956   20   19 -974.57998 -1136.7382  16.6%  16.8 1189s
  7789  2403 -1113.0435    8   19 -974.57998 -1136.7382  16.6%  16.8 1191s
  7791  2405 infeasible   12      -974.57998 -1136.7382  16.6%  16.9 1218s
  7793  2407 -1136.7382   13   10 -974.57998 -1136.7382  16.6%  16.9 1234s
  7795  2408 -1136.7382   14   12 -974.57998 -1136.7382  16.6%  16.9 1248s
  7797  2406     cutoff   14      -974.57998 -1136.7382  16.6%  16.9 1257s
  7799  2408 -1136.7382   15   12 -974.57998 -1136.7382  16.6%  16.9 1269s
  7801  2408 -1136.7382   15    5 -974.57998 -1136.7382  16.6%  16.9 1281s
  7803  2409 -1136.7382   16   12 -974.57998 -1136.7382  16.6%  17.0 1292s
  7805  2411 -1136.7382   16    6 -974.57998 -1136.7382  16.6%  17.0 1298s
  7807  2412 -1136.7382   17    9 -974.57998 -1136.7382  16.6%  17.0 1308s
  7809  2414 -1136.7382   17    7 -974.57998 -1136.7382  16.6%  17.0 1317s
  7812  2417 -1136.7382   18    5 -974.57998 -1136.7382  16.6%  17.0 1323s
  7816  2420 -1136.7382   19    5 -974.57998 -1136.7382  16.6%  17.0 1328s
  7820  2423 -1136.7382   20    7 -974.57998 -1136.7382  16.6%  17.1 1334s
  7824  2426 -1136.7382   21    4 -974.57998 -1136.7382  16.6%  17.1 1340s
  7829  2429 -1136.7382   22    5 -974.57998 -1136.7382  16.6%  17.1 1345s
  7835  2436 -1136.7382   24    8 -974.57998 -1136.7382  16.6%  17.1 1350s
  7856  2448 -1136.7382   29    5 -974.57998 -1136.7382  16.6%  17.2 1355s
  7885  2447 -1136.7382   17   10 -974.57998 -1136.7382  16.6%  17.2 1362s
  7892  2453 -1136.7382   19    9 -974.57998 -1136.7382  16.6%  17.3 1365s
  7906  2464 -1136.7382   21   10 -974.57998 -1136.7382  16.6%  17.4 1371s
  7934  2470     cutoff   23      -974.57998 -1136.7382  16.6%  17.4 1379s
  7951  2482 -1115.2732   27    6 -974.57998 -1136.7382  16.6%  17.5 1383s
  7972  2483 -1113.3500   32    2 -974.57998 -1136.7382  16.6%  17.5 1388s
  8000  2482 -1082.8081   34    2 -974.57998 -1136.7382  16.6%  17.5 1393s
  8024  2484 -1081.0411   35    2 -974.57998 -1136.7382  16.6%  17.6 1398s
  8044  2488 -1136.7382   20    5 -974.57998 -1136.7382  16.6%  17.6 1402s
  8054  2498 -1136.7382   21    4 -974.57998 -1136.7382  16.6%  17.6 1405s
  8099  2492     cutoff   35      -974.57998 -1136.7382  16.6%  17.7 1411s
  8132  2496     cutoff   35      -974.57998 -1136.7382  16.6%  17.8 1421s
  8156  2494     cutoff   35      -974.57998 -1136.7382  16.6%  17.8 1427s
  8192  2497     cutoff   36      -974.57998 -1136.7382  16.6%  17.8 1435s
  8223  2500 -1136.7382   24    7 -974.57998 -1136.7382  16.6%  17.9 1440s
  8255  2497 -1136.7382   29    4 -974.57998 -1136.7382  16.6%  17.9 1446s
  8297  2501     cutoff   35      -974.57998 -1136.7382  16.6%  18.0 1454s
  8321  2503 -1133.8934   24    5 -974.57998 -1136.7382  16.6%  18.0 1460s
  8362  2504 -1107.0502   28    2 -974.57998 -1136.7382  16.6%  18.1 1468s
  8396  2507 -1101.8295   34    2 -974.57998 -1136.7382  16.6%  18.1 1478s
  8444  2501     cutoff   35      -974.57998 -1136.7382  16.6%  18.1 1487s
  8465  2501     cutoff   36      -974.57998 -1136.7382  16.6%  18.2 1494s
  8513  2500 -1085.6198   34    2 -974.57998 -1136.7382  16.6%  18.3 1503s
  8573  2502     cutoff   36      -974.57998 -1136.7382  16.6%  18.3 1513s
  8616  2498 -1130.2489   31    2 -974.57998 -1136.7382  16.6%  18.4 1521s
  8686  2501     cutoff   35      -974.57998 -1136.7382  16.6%  18.4 1532s
  8746  2493     cutoff   35      -974.57998 -1136.7382  16.6%  18.4 1542s
  8784  2487 -1115.5475   27    2 -974.57998 -1136.7382  16.6%  18.5 1552s
  8859  2486 -1113.5402   34    2 -974.57998 -1136.7382  16.6%  18.5 1566s
  8916  2471     cutoff   36      -974.57998 -1136.7382  16.6%  18.6 1575s
* 8917  2345              36    -984.3599751 -1136.7382  15.5%  18.6 1575s
  8955  2339 -1078.8321   35    2 -984.35998 -1136.7382  15.5%  18.7 1584s
  9012  2362     cutoff   36      -984.35998 -1136.7382  15.5%  18.8 1597s
  9085  2350     cutoff   37      -984.35998 -1136.7382  15.5%  18.8 1607s
  9147  2344 -1135.6825   22    2 -984.35998 -1136.7382  15.5%  18.9 1620s
  9194  2356 -1101.8844   29    2 -984.35998 -1136.7382  15.5%  18.9 1631s
  9290  2349     cutoff   35      -984.35998 -1136.7382  15.5%  18.9 1645s
  9386  2344     cutoff   35      -984.35998 -1136.7382  15.5%  19.0 1659s
  9425  2338     cutoff   35      -984.35998 -1136.7382  15.5%  19.0 1661s
  9469  2335 -1115.8174   30    4 -984.35998 -1136.7382  15.5%  19.0 1672s
  9526  2328     cutoff   29      -984.35998 -1136.7382  15.5%  19.0 1676s
  9577  2332 -1051.8473   35    2 -984.35998 -1136.7382  15.5%  19.1 1690s
  9642  2337 -1048.6399   36    2 -984.35998 -1136.7382  15.5%  19.1 1704s
  9722  2328 -1089.6010   28    4 -984.35998 -1136.7382  15.5%  19.1 1720s
  9759  2326 -1106.7152   34    2 -984.35998 -1136.7382  15.5%  19.1 1725s
  9790  2353 -1095.4740   24    4 -984.35998 -1136.7382  15.5%  19.2 1741s
  9862  2349     cutoff   35      -984.35998 -1136.7382  15.5%  19.2 1747s
  9899  2348 -1094.4719   35    2 -984.35998 -1136.7382  15.5%  19.2 1760s
  9982  2358     cutoff   36      -984.35998 -1136.7382  15.5%  19.3 1779s
 10049  2347 -1079.5750   34    2 -984.35998 -1136.7382  15.5%  19.3 1783s
 10111  2369     cutoff   37      -984.35998 -1136.7382  15.5%  19.3 1799s
 10197  2383     cutoff   35      -984.35998 -1136.7382  15.5%  19.3 1816s
*10255  2257              35    -990.7799751 -1136.7382  14.7%  19.4 1819s
 10301  2264     cutoff   35      -990.77998 -1136.7382  14.7%  19.4 1832s
 10393  2274     cutoff   35      -990.77998 -1136.7382  14.7%  19.4 1853s
 10557  2264 -1120.3775   22    2 -990.77998 -1136.7382  14.7%  19.4 1881s
 10622  2260     cutoff   35      -990.77998 -1136.7382  14.7%  19.4 1887s
 10668  2268 -1111.1138   25    2 -990.77998 -1136.7382  14.7%  19.5 1907s
 10784  2273 -1071.9084   35    2 -990.77998 -1136.7382  14.7%  19.5 1933s
 10913  2285     cutoff   36      -990.77998 -1136.7382  14.7%  19.6 1962s
 11057  2287     cutoff   35      -990.77998 -1136.7382  14.7%  19.6 1991s
 11142  2278     cutoff   37      -990.77998 -1136.7382  14.7%  19.6 1999s
 11223  2293     cutoff   35      -990.77998 -1136.7382  14.7%  19.6 2023s
 11382  2296     cutoff   35      -990.77998 -1136.7382  14.7%  19.6 2056s
 11449  2289     cutoff   35      -990.77998 -1136.7382  14.7%  19.7 2061s
 11533  2292     cutoff   35      -990.77998 -1136.7382  14.7%  19.7 2089s
 11623  2284     cutoff   35      -990.77998 -1136.7382  14.7%  19.7 2097s
 11712  2289     cutoff   35      -990.77998 -1136.7382  14.7%  19.8 2127s
 11803  2282 -1104.6449   30    2 -990.77998 -1136.7382  14.7%  19.8 2136s
 11893  2291     cutoff   36      -990.77998 -1136.7382  14.7%  19.8 2167s
 12084  2308     cutoff   36      -990.77998 -1136.7382  14.7%  19.8 2207s
 12306  2308     cutoff   38      -990.77998 -1136.7382  14.7%  19.8 2249s
 12497  2313 -1040.9719   36    2 -990.77998 -1136.7382  14.7%  19.8 2289s
 12722  2319     cutoff   37      -990.77998 -1136.7382  14.7%  19.9 2329s
 12925  2322     cutoff   37      -990.77998 -1136.7382  14.7%  19.9 2371s
 13170  2304     cutoff   35      -990.77998 -1136.7382  14.7%  19.9 2415s
 13291  2289     cutoff   36      -990.77998 -1136.7382  14.7%  20.0 2423s
 13434  2305     cutoff   36      -990.77998 -1136.7382  14.7%  20.0 2458s
 13673  2303     cutoff   36      -990.77998 -1136.5592  14.7%  20.0 2497s
 13868  2291 -1057.2806   36    2 -990.77998 -1136.2915  14.7%  20.0 2537s
 13981  2279     cutoff   35      -990.77998 -1135.9028  14.6%  20.0 2547s
 14088  2281     cutoff   37      -990.77998 -1135.6852  14.6%  20.0 2581s
 14205  2276     cutoff   36      -990.77998 -1135.3192  14.6%  20.0 2592s
 14302  2278 -1087.8117   33    3 -990.77998 -1135.2694  14.6%  20.0 2625s
 14542  2327     cutoff   36      -990.77998 -1134.7460  14.5%  20.0 2665s
 14762  2365     cutoff   35      -990.77998 -1134.1071  14.5%  20.1 2705s
 14862  2391     cutoff   35      -990.77998 -1133.7343  14.4%  20.1 2713s
 14974  2435     cutoff   36      -990.77998 -1133.6657  14.4%  20.1 2747s
 15185  2499     cutoff   36      -990.77998 -1132.8396  14.3%  20.1 2786s
 15406  2551 -1104.7268   30    3 -990.77998 -1132.2836  14.3%  20.1 2825s
 15629  2614     cutoff   36      -990.77998 -1131.7595  14.2%  20.1 2864s
 15744  2636     cutoff   37      -990.77998 -1131.6378  14.2%  20.1 2872s
 15845  2647     cutoff   36      -990.77998 -1131.4295  14.2%  20.1 2903s
 16044  2658 -1094.0820   31    2 -990.77998 -1130.7505  14.1%  20.1 2941s
 16219  2678     cutoff   35      -990.77998 -1130.2498  14.1%  20.2 2980s
 16319  2697     cutoff   36      -990.77998 -1129.5350  14.0%  20.2 2986s
 16437  2711     cutoff   35      -990.77998 -1129.2376  14.0%  20.2 3018s
 16639  2735 -1077.1218   35    2 -990.77998 -1127.9450  13.8%  20.2 3057s
 16839  2764 -1101.0264   27    2 -990.77998 -1126.8108  13.7%  20.2 3095s
 17050  2791     cutoff   35      -990.77998 -1125.4548  13.6%  20.2 3138s
 17264  2825     cutoff   36      -990.77998 -1123.5956  13.4%  20.2 3182s
 17391  2853     cutoff   35      -990.77998 -1122.8005  13.3%  20.2 3192s
 17508  2886     cutoff   36      -990.77998 -1122.4254  13.3%  20.2 3223s
 17621  2908     cutoff   36      -990.77998 -1122.0654  13.3%  20.2 3259s
 17686  2925     cutoff   37      -990.77998 -1122.0137  13.2%  20.2 3265s
 17763  2947     cutoff   36      -990.77998 -1121.7351  13.2%  20.2 3296s
 17853  2973 -1099.7379   34    2 -990.77998 -1121.4884  13.2%  20.3 3306s
 17921  2996     cutoff   36      -990.77998 -1121.3323  13.2%  20.3 3340s
 18114  3056     cutoff   37      -990.77998 -1120.5341  13.1%  20.3 3381s
 18306  3114 -1060.8350   36    2 -990.77998 -1120.2178  13.1%  20.2 3425s
 18456  3140 -1115.5841   26    2 -990.77998 -1119.8622  13.0%  20.3 3465s
 18640  3192 -1066.2864   35    2 -990.77998 -1118.8519  12.9%  20.3 3511s
 18747  3216 -1117.5791   29    2 -990.77998 -1118.7960  12.9%  20.3 3520s
 18796  3229 -1095.4435   31    2 -990.77998 -1118.7233  12.9%  20.3 3552s
 18919  3294     cutoff   36      -990.77998 -1118.3120  12.9%  20.3 3591s
 18985  3311 -1112.2391   29    2 -990.77998 -1118.0576  12.8%  20.3 3597s
 19033  3327 -1086.1491   35    2 -990.77998 -1118.0573  12.8%  20.3 3629s
 19124  3365     cutoff   38      -990.77998 -1117.9071  12.8%  20.3 3642s
 19207  3404     cutoff   38      -990.77998 -1117.8995  12.8%  20.3 3678s
 19279  3424 -1089.7789   29    2 -990.77998 -1117.7511  12.8%  20.3 3684s
 19374  3443     cutoff   33      -990.77998 -1117.7198  12.8%  20.3 3720s
 19458  3465     cutoff   36      -990.77998 -1117.5586  12.8%  20.3 3728s
 19514  3473     cutoff   37      -990.77998 -1117.4235  12.8%  20.4 3762s
 19705  3510 -1033.8034   37    2 -990.77998 -1117.1135  12.8%  20.4 3814s
 19796  3535     cutoff   37      -990.77998 -1116.7677  12.7%  20.4 3824s
 19892  3560     cutoff   38      -990.77998 -1116.7539  12.7%  20.4 3866s
 20089  3609     cutoff   35      -990.77998 -1116.4940  12.7%  20.4 3921s
 20283  3655     cutoff   36      -990.77998 -1116.2801  12.7%  20.4 3971s
 20496  3714     cutoff   37      -990.77998 -1116.0707  12.6%  20.4 4019s
 20669  3763 -1059.3760   36    2 -990.77998 -1115.8327  12.6%  20.4 4066s
 20762  3793 -1035.4108   37    2 -990.77998 -1115.6806  12.6%  20.3 4075s
 20849  3808     cutoff   37      -990.77998 -1115.5853  12.6%  20.4 4111s
 21022  3855     cutoff   36      -990.77998 -1115.3841  12.6%  20.4 4156s
 21116  3885     cutoff   36      -990.77998 -1115.3841  12.6%  20.4 4164s
 21205  3893     cutoff   37      -990.77998 -1115.1354  12.6%  20.3 4201s
 21390  3938     cutoff   36      -990.77998 -1114.8416  12.5%  20.4 4246s
 21545  3970     cutoff   35      -990.77998 -1114.5951  12.5%  20.4 4291s
 21747  4032     cutoff   37      -990.77998 -1114.5923  12.5%  20.3 4339s
 21834  4056     cutoff   36      -990.77998 -1114.2577  12.5%  20.3 4347s
 21895  4059     cutoff   35      -990.77998 -1114.2559  12.5%  20.4 4385s
 22094  4111     cutoff   36      -990.77998 -1114.0984  12.4%  20.4 4434s
 22199  4141 -1034.6320   37    2 -990.77998 -1114.0350  12.4%  20.3 4443s
 22289  4155     cutoff   37      -990.77998 -1113.9729  12.4%  20.3 4483s
 22456  4194 -1060.8946   36    2 -990.77998 -1113.6751  12.4%  20.3 4533s
 22643  4240     cutoff   37      -990.77998 -1113.6751  12.4%  20.3 4584s
 22730  4267     cutoff   37      -990.77998 -1113.6658  12.4%  20.3 4593s
 22833  4311     cutoff   38      -990.77998 -1113.2230  12.4%  20.3 4635s
 22936  4339     cutoff   36      -990.77998 -1113.1995  12.4%  20.3 4644s
 23021  4358 -1108.0477   26    2 -990.77998 -1113.0771  12.3%  20.3 4684s
 23209  4404 -1108.9812   31    2 -990.77998 -1112.9639  12.3%  20.3 4738s
 23389  4473     cutoff   37      -990.77998 -1112.8416  12.3%  20.3 4787s
 23479  4499     cutoff   37      -990.77998 -1112.6933  12.3%  20.3 4796s
 23557  4516     cutoff   35      -990.77998 -1112.6825  12.3%  20.3 4832s
 23634  4539 -1080.4359   35    2 -990.77998 -1112.6773  12.3%  20.2 4840s
 23722  4548     cutoff   36      -990.77998 -1112.5193  12.3%  20.2 4884s
 23814  4578     cutoff   37      -990.77998 -1112.5092  12.3%  20.2 4894s
 23902  4594 -1061.2763   36    2 -990.77998 -1112.3955  12.3%  20.2 4939s
 24080  4636     cutoff   37      -990.77998 -1112.2707  12.3%  20.2 4989s
 24271  4685 -1031.5546   37    2 -990.77998 -1112.0934  12.2%  20.2 5041s
 24352  4709     cutoff   37      -990.77998 -1112.0106  12.2%  20.2 5049s
 24436  4732     cutoff   38      -990.77998 -1111.9746  12.2%  20.2 5091s
 24600  4765     cutoff   36      -990.77998 -1111.7952  12.2%  20.2 5141s
 24680  4790     cutoff   37      -990.77998 -1111.7028  12.2%  20.2 5149s
 24765  4794     cutoff   36      -990.77998 -1111.6296  12.2%  20.2 5189s
 24944  4831     cutoff   35      -990.77998 -1111.4525  12.2%  20.2 5240s
 25030  4855 -1082.1632   35    2 -990.77998 -1111.4474  12.2%  20.2 5248s
 25112  4864     cutoff   36      -990.77998 -1111.2080  12.2%  20.2 5292s
 25271  4905     cutoff   37      -990.77998 -1111.0064  12.1%  20.2 5340s
 25451  4955     cutoff   36      -990.77998 -1110.8794  12.1%  20.2 5393s
 25624  5002     cutoff   37      -990.77998 -1110.8002  12.1%  20.2 5447s
 25811  5046     cutoff   38      -990.77998 -1110.6928  12.1%  20.2 5501s
 25978  5080     cutoff   36      -990.77998 -1110.5592  12.1%  20.2 5554s
 26155  5119     cutoff   37      -990.77998 -1110.3696  12.1%  20.1 5608s
 26311  5151 -1087.6869   31    2 -990.77998 -1110.1648  12.0%  20.1 5658s
 26401  5181 -1104.8325   29    2 -990.77998 -1110.1404  12.0%  20.1 5668s
 26497  5198     cutoff   36      -990.77998 -1110.0537  12.0%  20.1 5711s
 26578  5225 -1106.1004   34    2 -990.77998 -1110.0209  12.0%  20.1 5719s
 26665  5227 -1045.8061   36    2 -990.77998 -1109.9504  12.0%  20.1 5762s
 26839  5264     cutoff   37      -990.77998 -1109.7739  12.0%  20.1 5815s
 27014  5298 -1107.4160   26    2 -990.77998 -1109.5968  12.0%  20.1 5869s
 27103  5327     cutoff   35      -990.77998 -1109.5133  12.0%  20.1 5878s
 27199  5344 -1081.5573   35    2 -990.77998 -1109.3987  12.0%  20.1 5926s
 27285  5372     cutoff   37      -990.77998 -1109.3778  12.0%  20.1 5936s
 27341  5366     cutoff   36      -990.77998 -1109.3525  12.0%  20.1 5980s
 27436  5394 -1055.4129   35    2 -990.77998 -1109.3144  12.0%  20.1 5989s
 27530  5409 -1076.9333   35    2 -990.77998 -1109.1627  11.9%  20.1 6036s
 27621  5433     cutoff   36      -990.77998 -1109.0547  11.9%  20.1 6044s
 27709  5453 -1046.3012   36    2 -990.77998 -1108.9138  11.9%  20.1 6089s
 27807  5480     cutoff   36      -990.77998 -1108.8483  11.9%  20.0 6098s
 27900  5512     cutoff   37      -990.77998 -1108.7674  11.9%  20.1 6143s
 28075  5546 -1087.9034   28    2 -990.77998 -1108.6555  11.9%  20.0 6194s
 28263  5585 -1051.8118   36    2 -990.77998 -1108.5786  11.9%  20.0 6251s
 28442  5614 -1087.7498   29    2 -990.77998 -1108.4074  11.9%  20.0 6305s
 28616  5644 -1055.7487   35    2 -990.77998 -1108.1689  11.8%  20.0 6357s
 28703  5669 -1047.4484   36    2 -990.77998 -1108.1269  11.8%  20.0 6366s
 28792  5672 -1049.0758   36    2 -990.77998 -1107.9369  11.8%  20.0 6410s
 28960  5714     cutoff   37      -990.77998 -1107.7835  11.8%  20.0 6463s
 29127  5747     cutoff   35      -990.77998 -1107.5518  11.8%  20.0 6518s
 29215  5769     cutoff   36      -990.77998 -1107.3992  11.8%  20.0 6525s
 29304  5802     cutoff   36      -990.77998 -1107.3118  11.8%  20.0 6575s
 29480  5824     cutoff   36      -990.77998 -1107.2436  11.8%  20.0 6626s
 29655  5849 -1086.7649   27    2 -990.77998 -1107.0260  11.7%  20.0 6677s
 29738  5874     cutoff   36      -990.77998 -1107.0188  11.7%  19.9 6686s
 29823  5879 -1084.3161   27    2 -990.77998 -1106.7398  11.7%  19.9 6733s
 29924  5905 -1058.8952   36    2 -990.77998 -1106.7248  11.7%  19.9 6742s
 30023  5919     cutoff   36      -990.77998 -1106.5043  11.7%  19.9 6787s
 30112  5944 -1070.9880   32    2 -990.77998 -1106.4894  11.7%  19.9 6796s
 30196  5953 -1104.8709   24    2 -990.77998 -1106.3504  11.7%  19.9 6841s
 30368  5983 -1105.8304   34    2 -990.77998 -1106.0693  11.6%  19.9 6897s
 30539  6011     cutoff   36      -990.77998 -1105.8808  11.6%  19.9 6951s
 30625  6031 -1051.2742   35    2 -990.77998 -1105.8733  11.6%  19.9 6958s
 30715  6048     cutoff   37      -990.77998 -1105.7368  11.6%  19.9 7004s
 30895  6086     cutoff   36      -990.77998 -1105.4366  11.6%  19.9 7059s
 31082  6114     cutoff   36      -990.77998 -1105.2506  11.6%  19.8 7111s
 31268  6137     cutoff   37      -990.77998 -1104.9745  11.5%  19.8 7169s
 31480  6182 -1096.0946   33    2 -990.77998 -1104.8378  11.5%  19.8 7193s

Cutting planes:
  Lazy constraints: 280499

Explored 31502 nodes (625133 simplex iterations) in 7195.59 seconds
Thread count was 4 (of 4 available processors)

Solution count 10: -990.78 -984.36 -974.58 ... -919.26

Time limit reached
Best objective -9.907799750604e+02, best bound -1.104764154269e+03, gap 11.5045%

User-callback calls 143943, time in user-callback 2792.75 sec
