
Gurobi 9.0.3 (win64) logging started Mon Jan  3 12:08:43 2022

Changed value of parameter LogFile to Results/sslp3_30_70_200_var_BendersBnC.log
   Prev:   Default: 
Changed value of parameter Heuristics to 0.0
   Prev: 0.05  Min: 0.0  Max: 1.0  Default: 0.05
Changed value of parameter lazyConstraints to 1
   Prev: 0  Min: 0  Max: 1  Default: 0
Changed value of parameter timeLimit to 7170.9683520793915
   Prev: inf  Min: 0.0  Max: inf  Default: inf
Gurobi Optimizer version 9.0.3 build v9.0.3rc0 (win64)
Optimize a model with 3419 rows, 260 columns and 138917 nonzeros
Model fingerprint: 0xb74bd127
Variable types: 230 continuous, 30 integer (30 binary)
Coefficient statistics:
  Matrix range     [1e-13, 7e+05]
  Objective range  [5e-03, 4e+01]
  Bounds range     [1e+00, 1e+00]
  RHS range        [4e-15, 2e+04]
Warning: Model contains large matrix coefficient range
         Consider reformulating model or setting NumericFocus parameter
         to avoid numerical issues.
Presolve added 0 rows and 11 columns
Presolve removed 726 rows and 0 columns
Presolve time: 0.11s
Presolved: 2693 rows, 271 columns, 73785 nonzeros
Variable types: 240 continuous, 31 integer (30 binary)

Root relaxation: objective -8.100581e+02, 738 iterations, 0.17 seconds

    Nodes    |    Current Node    |     Objective Bounds      |     Work
 Expl Unexpl |  Obj  Depth IntInf | Incumbent    BestBd   Gap | It/Node Time

     0     0 -810.05808    0   28          - -810.05808      -     -    0s
     0     0 -807.71730    0   22          - -807.71730      -     -    0s
     0     0 -807.27342    0   21          - -807.27342      -     -    0s
     0     0 -807.13441    0   21          - -807.13441      -     -    0s
     0     0 -807.08097    0   21          - -807.08097      -     -    0s
     0     0 -807.06773    0   21          - -807.06773      -     -    0s
     0     0 -807.06335    0   21          - -807.06335      -     -    0s
     0     0 -807.06292    0   21          - -807.06292      -     -    0s
     0     0 -807.06271    0   21          - -807.06271      -     -    0s
     0     0 -806.31589    0   23          - -806.31589      -     -    1s
     0     0 -806.00960    0   23          - -806.00960      -     -    1s
     0     0 -805.89299    0   24          - -805.89299      -     -    1s
     0     0 -805.79784    0   23          - -805.79784      -     -    1s
     0     0 -805.76915    0   22          - -805.76915      -     -    1s
     0     0 -805.73517    0   23          - -805.73517      -     -    1s
     0     0 -805.66058    0   21          - -805.66058      -     -    1s
     0     0 -805.62284    0   22          - -805.62284      -     -    1s
     0     0 -805.59945    0   23          - -805.59945      -     -    1s
     0     0 -805.58857    0   21          - -805.58857      -     -    1s
     0     0 -805.58147    0   24          - -805.58147      -     -    1s
     0     0 -805.57096    0   23          - -805.57096      -     -    1s
     0     0 -805.56420    0   20          - -805.56420      -     -    1s
     0     0 -805.55701    0   21          - -805.55701      -     -    1s
     0     0 -805.55492    0   20          - -805.55492      -     -    1s
     0     0 -805.55227    0   23          - -805.55227      -     -    1s
     0     0 -805.54896    0   22          - -805.54896      -     -    1s
     0     0 -805.54752    0   24          - -805.54752      -     -    1s
     0     0 -805.54639    0   24          - -805.54639      -     -    1s
     0     0 -805.54621    0   23          - -805.54621      -     -    1s
     0     0 -805.22129    0   21          - -805.22129      -     -    1s
     0     0 -805.09956    0   22          - -805.09956      -     -    1s
     0     0 -805.06694    0   22          - -805.06694      -     -    1s
     0     0 -805.02548    0   23          - -805.02548      -     -    2s
     0     0 -805.01702    0   20          - -805.01702      -     -    2s
     0     0 -805.01138    0   23          - -805.01138      -     -    2s
     0     0 -805.00305    0   22          - -805.00305      -     -    2s
     0     0 -804.99266    0   23          - -804.99266      -     -    2s
     0     0 -804.98973    0   23          - -804.98973      -     -    2s
     0     0 -804.98578    0   23          - -804.98578      -     -    2s
     0     0 -804.98542    0   23          - -804.98542      -     -    2s
     0     0 -804.88110    0   21          - -804.88110      -     -    2s
     0     0 -804.84242    0   22          - -804.84242      -     -    2s
     0     0 -804.83237    0   22          - -804.83237      -     -    2s
     0     0 -804.82249    0   23          - -804.82249      -     -    2s
     0     0 -804.81984    0   23          - -804.81984      -     -    2s
     0     0 -804.81477    0   23          - -804.81477      -     -    2s
     0     0 -804.81193    0   23          - -804.81193      -     -    2s
     0     0 -804.80577    0   22          - -804.80577      -     -    2s
     0     0 -804.80259    0   22          - -804.80259      -     -    2s
     0     0 -804.79961    0   23          - -804.79961      -     -    2s
     0     0 -804.79656    0   23          - -804.79656      -     -    2s
     0     0 -804.79551    0   23          - -804.79551      -     -    2s
     0     0 -804.75872    0   22          - -804.75872      -     -    3s
     0     0 -804.73938    0   23          - -804.73938      -     -    3s
     0     0 -804.72993    0   23          - -804.72993      -     -    3s
     0     0 -804.72369    0   21          - -804.72369      -     -    3s
     0     0 -804.71930    0   21          - -804.71930      -     -    3s
     0     0 -804.71760    0   22          - -804.71760      -     -    3s
     0     0 -804.71468    0   22          - -804.71468      -     -    3s
     0     0 -804.71156    0   19          - -804.71156      -     -    3s
     0     0 -804.70917    0   22          - -804.70917      -     -    3s
     0     0 -804.70877    0   22          - -804.70877      -     -    3s
     0     0 -804.67628    0   20          - -804.67628      -     -    3s
     0     0 -804.66616    0   21          - -804.66616      -     -    3s
     0     0 -804.66060    0   23          - -804.66060      -     -    3s
     0     0 -804.65640    0   22          - -804.65640      -     -    3s
     0     0 -804.65545    0   21          - -804.65545      -     -    3s
     0     0 -804.61877    0   24          - -804.61877      -     -    3s
     0     0 -804.60330    0   23          - -804.60330      -     -    3s
     0     0 -804.59674    0   24          - -804.59674      -     -    3s
     0     0 -804.59184    0   24          - -804.59184      -     -    3s
     0     0 -804.58596    0   23          - -804.58596      -     -    3s
     0     0 -804.58430    0   26          - -804.58430      -     -    3s
     0     0 -804.58302    0   25          - -804.58302      -     -    3s
     0     0 -804.54059    0   24          - -804.54059      -     -    4s
     0     0 -804.52645    0   21          - -804.52645      -     -    4s
     0     0 -804.51943    0   22          - -804.51943      -     -    4s
     0     0 -804.51448    0   21          - -804.51448      -     -    4s
     0     0 -804.50857    0   20          - -804.50857      -     -    4s
     0     0 -804.50593    0   20          - -804.50593      -     -    4s
     0     0 -804.50340    0   21          - -804.50340      -     -    4s
     0     0 -804.50068    0   21          - -804.50068      -     -    4s
     0     0 -804.49976    0   20          - -804.49976      -     -    4s
     0     0 -804.46970    0   21          - -804.46970      -     -    4s
     0     0 -804.45334    0   22          - -804.45334      -     -    4s
     0     0 -804.44868    0   24          - -804.44868      -     -    4s
     0     0 -804.44637    0   24          - -804.44637      -     -    4s
     0     0 -804.44236    0   21          - -804.44236      -     -    4s
     0     0 -804.44046    0   23          - -804.44046      -     -    4s
     0     0 -804.43977    0   22          - -804.43977      -     -    4s
     0     0 -804.41870    0   21          - -804.41870      -     -    4s
     0     0 -804.41169    0   22          - -804.41169      -     -    4s
     0     0 -804.40722    0   23          - -804.40722      -     -    5s
     0     0 -804.40474    0   23          - -804.40474      -     -    5s
     0     0 -804.40381    0   22          - -804.40381      -     -    5s
     0     0 -804.39647    0   22          - -804.39647      -     -    5s
     0     0 -804.39429    0   21          - -804.39429      -     -    5s
     0     0 -804.39088    0   24          - -804.39088      -     -    5s
     0     0 -804.38769    0   24          - -804.38769      -     -    5s
     0     0 -804.38673    0   23          - -804.38673      -     -    5s
     0     0 -804.38619    0   22          - -804.38619      -     -    5s
     0     0 -804.37807    0   23          - -804.37807      -     -    5s
     0     0 -804.37450    0   22          - -804.37450      -     -    5s
     0     0 -804.37379    0   22          - -804.37379      -     -    5s
     0     0 -804.36867    0   23          - -804.36867      -     -    5s
     0     0 -804.36756    0   23          - -804.36756      -     -    5s
     0     0 -804.36627    0   22          - -804.36627      -     -    5s
     0     0 -804.36590    0   21          - -804.36590      -     -    5s
     0     0 -804.35659    0   23          - -804.35659      -     -    6s
     0     0 -804.35659    0   23          - -804.35659      -     -    6s
     0     2 -804.35659    0   23          - -804.35659      -     -    6s
*   52    50              30    -475.8904886 -804.32902  69.0%  65.7   10s
*   55    51              30    -551.7499864 -804.32902  45.8%  67.8   11s
*   62    52              30    -592.4799850 -804.32902  35.8%  73.0   15s
    81    59     cutoff   30      -592.47998 -804.29570  35.8%  65.0   26s
    96    60 -759.21413   29    - -592.47998 -804.29570  35.8%  69.2   30s
   153   110 -793.84857   29    2 -592.47998 -804.29570  35.8%  65.2   37s
   159   111     cutoff   30      -592.47998 -804.29570  35.8%  66.8   42s
   176   109 -784.75908   30    - -592.47998 -804.29570  35.8%  69.1   48s
   183   110     cutoff   30      -592.47998 -804.29570  35.8%  70.4   51s
   194   111     cutoff   30      -592.47998 -803.72953  35.7%  76.5   56s
   206   119 -794.63084   13    7 -592.47998 -803.72953  35.7%  78.2   61s
   218   127 -791.43018   18    5 -592.47998 -803.72953  35.7%  76.1   67s
   226   134 -788.75337   20    6 -592.47998 -803.72953  35.7%  74.9   71s
   238   139 -787.66556   23    5 -592.47998 -803.72953  35.7%  72.4   77s
   247   145 -787.02389   25    5 -592.47998 -803.72953  35.7%  70.7   83s
   259   150 -785.72015   28    3 -592.47998 -803.72953  35.7%  69.0   88s
   266   151 -718.50590   29    2 -592.47998 -803.72953  35.7%  70.3   90s
   276   153 -775.74112   27    2 -592.47998 -803.42262  35.6%  71.2   95s
   288   155     cutoff   30      -592.47998 -803.14034  35.6%  72.1  101s
   299   155     cutoff   30      -592.47998 -803.06892  35.5%  72.5  105s
   315   162 -769.89765   14    - -592.47998 -803.04677  35.5%  75.5  110s
   328   172 -783.31762   17    - -592.47998 -803.04677  35.5%  75.8  115s
   337   181 -777.67171   24    - -592.47998 -803.04677  35.5%  75.5  120s
   350   186 -758.32877   18    - -592.47998 -803.04677  35.5%  75.1  127s
   366   185     cutoff   30      -592.47998 -802.89332  35.5%  75.6  133s
   374   191     cutoff   30      -592.47998 -802.66877  35.5%  76.3  139s
   379   191 -767.16361   21    - -592.47998 -802.66877  35.5%  76.7  141s
   391   202 -792.37227   23    4 -592.47998 -802.66877  35.5%  76.6  146s
   401   207 -784.07061   27    4 -592.47998 -802.66877  35.5%  76.5  152s
   424   212     cutoff   30      -592.47998 -802.37280  35.4%  75.2  166s
   438   218 -794.47952   19    6 -592.47998 -802.33043  35.4%  76.9  173s
   441   227 -793.07547   19    4 -592.47998 -802.33043  35.4%  77.0  175s
   457   230 -769.86487   28    2 -592.47998 -802.28501  35.4%  75.8  180s
*  459   230              30    -598.5449848 -802.28501  34.0%  75.9  181s
   471   233     cutoff   30      -598.54498 -802.22723  34.0%  76.5  188s
   480   227     cutoff   30      -598.54498 -802.16382  34.0%  77.5  191s
   489   235 -793.45917    6    2 -598.54498 -802.14134  34.0%  78.2  199s
   497   237 -784.85479   26    2 -598.54498 -802.14134  34.0%  77.3  202s
   510   243 -793.45382   12    2 -598.54498 -802.14134  34.0%  76.6  212s
   518   246     cutoff   30      -598.54498 -802.14134  34.0%  76.1  216s
   528   246 -793.45006   17    2 -598.54498 -802.14134  34.0%  75.9  221s
   533   249     cutoff   30      -598.54498 -802.14134  34.0%  75.9  225s
   546   252     cutoff   30      -598.54498 -802.14134  34.0%  75.6  232s
   570   275 -725.48956   25    - -598.54498 -802.14134  34.0%  73.5  237s
   578   280 -795.87367   16    2 -598.54498 -802.14134  34.0%  72.7  243s
   583   286 -722.47828   28    - -598.54498 -802.14134  34.0%  72.3  247s
   589   289 -795.87282   20    3 -598.54498 -802.14134  34.0%  72.0  250s
   605   288 -764.50231   30    - -598.54498 -802.14134  34.0%  71.7  255s
*  609   289              30    -610.3699846 -802.14134  31.4%  71.7  258s
   613   284 -682.48893   30    - -610.36998 -801.82722  31.4%  71.7  263s
*  623   288              30    -615.5399845 -801.82722  30.3%  72.3  268s
*  626   289              30    -623.0049838 -801.82722  28.7%  72.4  271s
   663   317 -801.04880    5   13 -623.00498 -801.79115  28.7%  70.6  280s
   677   319     cutoff   30      -623.00498 -801.45384  28.6%  70.9  287s
   686   322 -800.18016   10    9 -623.00498 -801.41495  28.6%  71.6  291s
   723   351 -768.29336   29    2 -623.00498 -801.39805  28.6%  69.8  299s
   737   359 -735.74548   29    2 -623.00498 -801.33021  28.6%  70.1  306s
   757   372 -788.45648    6    2 -623.00498 -801.21840  28.6%  70.9  314s
   780   375     cutoff   30      -623.00498 -801.21840  28.6%  69.4  319s
   786   377 -788.44436   26    2 -623.00498 -801.19086  28.6%  69.4  326s
   795   380     cutoff   30      -623.00498 -801.12470  28.6%  69.4  330s
   802   407 -800.11057    7   10 -623.00498 -801.12470  28.6%  69.5  336s
   836   410 -797.47643   14    6 -623.00498 -801.12470  28.6%  68.3  346s
   848   414 -795.86628   17    5 -623.00498 -801.12470  28.6%  68.4  351s
   859   418 -794.66493   22    5 -623.00498 -801.12470  28.6%  68.7  355s
   890   434 -780.06085   29    2 -623.00498 -801.00216  28.6%  68.3  360s
   898   438 -757.09745   30    - -623.00498 -800.97602  28.6%  68.4  366s
   902   433     cutoff   30      -623.00498 -800.94548  28.6%  68.5  370s
   918   432     cutoff   30      -623.00498 -800.92418  28.6%  68.7  378s
   920   433     cutoff   30      -623.00498 -800.84535  28.5%  69.0  380s
   926   436 -790.18162   11    2 -623.00498 -800.84535  28.5%  69.2  385s
   935   440 -792.41887    7    2 -623.00498 -800.84535  28.5%  68.9  391s
   941   451 -771.09348   13    2 -623.00498 -800.84535  28.5%  68.9  398s
   965   461 -790.17490   18    3 -623.00498 -800.84535  28.5%  67.9  410s
   983   476 -762.59155   19    2 -623.00498 -800.84535  28.5%  67.4  422s
   994   481 -743.73827   17    3 -623.00498 -800.84535  28.5%  67.0  429s
  1012   487 -757.33892   25    2 -623.00498 -800.83096  28.5%  66.1  441s
  1044   499     cutoff   30      -623.00498 -800.79963  28.5%  65.3  462s
  1062   515 -789.44891   17    3 -623.00498 -800.79963  28.5%  65.2  469s
  1080   516 -668.11963   30    - -623.00498 -800.79963  28.5%  64.7  472s
  1084   515 -724.16590   28    2 -623.00498 -800.74486  28.5%  64.8  476s
  1097   518 -720.95730   29    2 -623.00498 -800.65521  28.5%  64.8  485s
  1131   541 -792.39198   16    2 -623.00498 -800.60309  28.5%  64.8  497s
  1149   543 -755.44540   29    2 -623.00498 -800.58597  28.5%  64.5  500s
  1160   541 -758.06324   29    2 -623.00498 -800.52541  28.5%  64.6  506s
  1169   545     cutoff   30      -623.00498 -800.52460  28.5%  64.7  512s
  1175   544     cutoff   30      -623.00498 -800.31569  28.5%  64.9  515s
  1221   569     cutoff   30      -623.00498 -800.15762  28.4%  64.5  531s
  1231   572     cutoff   30      -623.00498 -800.14413  28.4%  64.6  535s
  1242   569     cutoff   30      -623.00498 -800.14198  28.4%  64.8  542s
  1254   582     cutoff   30      -623.00498 -800.10797  28.4%  65.1  548s
  1270   598     cutoff   30      -623.00498 -800.07301  28.4%  64.9  552s
  1281   601 -793.54427   15    5 -623.00498 -800.05442  28.4%  64.7  556s
  1301   598 -755.90040   29    2 -623.00498 -799.98653  28.4%  64.4  562s
  1321   601 -732.08896   29    2 -623.00498 -799.91333  28.4%  64.5  574s
  1327   602     cutoff   30      -623.00498 -799.83692  28.4%  64.8  576s
  1347   631 -793.22013   15    3 -623.00498 -799.71484  28.4%  64.7  581s
  1367   636 -793.00460   19    2 -623.00498 -799.62074  28.3%  64.4  588s
  1383   639     cutoff   30      -623.00498 -799.61765  28.3%  64.2  596s
  1397   642     cutoff   30      -623.00498 -799.60549  28.3%  64.3  600s
  1410   650     cutoff   30      -623.00498 -799.59142  28.3%  64.4  607s
  1434   648 -753.39964   26    - -623.00498 -799.54589  28.3%  64.7  614s
  1448   655 -752.66248   27    - -623.00498 -799.51098  28.3%  64.9  623s
  1452   662 -637.98848   29    2 -623.00498 -799.49972  28.3%  65.0  630s
  1481   665     cutoff   30      -623.00498 -799.47474  28.3%  64.6  643s
  1501   676     cutoff   30      -623.00498 -799.39366  28.3%  64.7  654s
  1511   677     cutoff   30      -623.00498 -799.37767  28.3%  64.8  656s
  1520   684 -752.75737   28    2 -623.00498 -799.32709  28.3%  64.6  661s
  1558   700     cutoff   30      -623.00498 -799.23404  28.3%  64.4  678s
  1577   703 -763.64198   28    2 -623.00498 -799.23164  28.3%  64.2  682s
  1592   704     cutoff   30      -623.00498 -799.01110  28.3%  64.4  693s
  1599   705     cutoff   30      -623.00498 -798.99620  28.2%  64.5  695s
  1606   719     cutoff   30      -623.00498 -798.91724  28.2%  64.7  701s
  1632   731     cutoff   30      -623.00498 -798.40566  28.2%  64.3  713s
  1644   735 -791.63968   17    3 -623.00498 -798.31835  28.1%  64.4  718s
  1662   730     cutoff   30      -623.00498 -798.26966  28.1%  64.3  726s
  1679   732     cutoff   30      -623.00498 -798.07244  28.1%  64.6  740s
  1690   738 -797.83683   12   14 -623.00498 -797.87483  28.1%  64.9  750s
  1700   749 -783.57288   13    2 -623.00498 -797.87483  28.1%  64.9  757s
  1707   751 -796.68491   14   10 -623.00498 -797.87483  28.1%  64.9  760s
  1712   759 -764.62740   13    2 -623.00498 -797.87483  28.1%  64.8  765s
  1736   770 -795.80647   19    7 -623.00498 -797.87483  28.1%  64.3  780s
  1742   769 -759.80942   18    2 -623.00498 -797.86159  28.1%  64.3  785s
  1759   777 -793.06147   25    4 -623.00498 -797.71006  28.0%  64.0  797s
  1771   773     cutoff   30      -623.00498 -797.71005  28.0%  64.1  809s
  1800   784     cutoff   30      -623.00498 -797.69843  28.0%  63.7  823s
  1810   800     cutoff   30      -623.00498 -797.66823  28.0%  63.9  831s
  1843   815     cutoff   30      -623.00498 -797.51762  28.0%  63.6  841s
  1866   829     cutoff   30      -623.00498 -797.44693  28.0%  63.3  848s
  1888   848     cutoff   30      -623.00498 -797.44158  28.0%  63.3  857s
  1924   872 -796.10637   26    5 -623.00498 -797.42338  28.0%  62.9  874s
  1955   862     cutoff   30      -623.00498 -797.42079  28.0%  62.7  888s
  1976   867     cutoff   30      -623.00498 -797.38877  28.0%  63.1  915s
* 1986   868              30    -630.9699840 -797.37981  26.4%  63.4  923s
  1991   890 -768.55865   17    2 -630.96998 -797.37191  26.4%  63.5  936s
* 2026   897              30    -631.5149832 -797.36671  26.3%  63.2  947s
  2041   900     cutoff   30      -631.51498 -797.36319  26.3%  63.0  958s
  2061   907     cutoff   30      -631.51498 -797.35041  26.3%  63.0  967s
  2064   931     cutoff   30      -631.51498 -797.34746  26.3%  63.2  975s
  2111   938 -766.41210   29    2 -631.51498 -797.28545  26.2%  62.7  996s
  2127   943     cutoff   30      -631.51498 -797.18655  26.2%  62.7 1004s
  2139   958     cutoff   30      -631.51498 -797.16800  26.2%  62.9 1018s
  2167   965     cutoff   30      -631.51498 -797.06746  26.2%  62.9 1027s
  2180   980     cutoff   30      -631.51498 -797.06279  26.2%  63.1 1036s
  2224  1006 -753.28747   30    - -631.51498 -796.97108  26.2%  62.8 1057s
  2273  1019 -679.01382   30   23 -631.51498 -796.89659  26.2%  62.3 1113s
  2275  1020 -673.70930   30   28 -631.51498 -796.89659  26.2%  62.3 1165s
  2278  1023 -796.89659   11   26 -631.51498 -796.89659  26.2%  62.8 1236s
  2280  1025 -796.89659   12   25 -631.51498 -796.89659  26.2%  63.2 1251s
  2282  1026 -796.89659   13   24 -631.51498 -796.89659  26.2%  63.3 1279s
  2284  1027 -796.49135   13    8 -631.51498 -796.89659  26.2%  63.5 1297s
  2286  1029 -796.89659   14   22 -631.51498 -796.89659  26.2%  63.5 1322s
  2288  1031 -796.89659   14    6 -631.51498 -796.89659  26.2%  63.7 1339s
  2291  1033 -796.89659   15   21 -631.51498 -796.89659  26.2%  63.8 1352s
  2294  1034 -796.89659   15   10 -631.51498 -796.89659  26.2%  64.0 1369s
  2297  1036 -796.89659   16   20 -631.51498 -796.89659  26.2%  64.1 1384s
  2301  1038 -796.89659   16   14 -631.51498 -796.89659  26.2%  64.3 1404s
  2305  1038 -796.89659   17   20 -631.51498 -796.89659  26.2%  64.4 1417s
  2309  1043 -796.89659   17   10 -631.51498 -796.89659  26.2%  64.6 1429s
  2314  1044 -796.89659   18   18 -631.51498 -796.89659  26.2%  64.7 1440s
  2319  1048 -796.89659   18   13 -631.51498 -796.89659  26.2%  64.9 1450s
  2325  1053 -796.89659   19   18 -631.51498 -796.89659  26.2%  65.0 1458s
  2331  1056 -796.89659   19   10 -631.51498 -796.89659  26.2%  65.1 1463s
  2338  1060 -796.89659   20   19 -631.51498 -796.89659  26.2%  65.2 1475s
  2346  1064 -796.89659   20   13 -631.51498 -796.89659  26.2%  65.4 1483s
  2354  1057 -796.89659   21   19 -631.51498 -796.89659  26.2%  65.6 1490s
  2363  1060 -796.89659   21    9 -631.51498 -796.89659  26.2%  66.0 1499s
  2373  1070 -796.89659   22   17 -631.51498 -796.89659  26.2%  66.0 1509s
  2385  1075 -796.89659   23   15 -631.51498 -796.89659  26.2%  66.2 1516s
  2398  1077 -796.89659   24   15 -631.51498 -796.89659  26.2%  66.3 1521s
  2413  1073 -796.89659   25   14 -631.51498 -796.89659  26.2%  66.5 1531s
  2422  1074 -796.89659   26   13 -631.51498 -796.89659  26.2%  66.6 1546s
  2435  1078 -796.89659   27   10 -631.51498 -796.89659  26.2%  66.7 1559s
  2448  1079 -796.89659   28   11 -631.51498 -796.89659  26.2%  66.8 1571s
  2459  1091 -790.66184   30    6 -631.51498 -796.89659  26.2%  67.0 1585s
  2484  1082 -754.29989   37    - -631.51498 -796.89659  26.2%  67.2 1598s
  2511  1088 -756.00650   38    4 -631.51498 -796.89659  26.2%  67.3 1626s
  2551  1088     cutoff   43      -631.51498 -796.89659  26.2%  67.2 1651s
  2571  1089     cutoff   44      -631.51498 -796.89659  26.2%  67.3 1667s
  2589  1100     cutoff   19      -631.51498 -796.89659  26.2%  67.5 1683s
  2613  1097 -774.42100   29    5 -631.51498 -796.89659  26.2%  67.4 1696s
  2635  1096 -773.58951   31    2 -631.51498 -796.89659  26.2%  67.7 1714s
  2662  1107 -739.98441   42    2 -631.51498 -796.89659  26.2%  67.8 1739s
  2675  1106 -772.63375   28    9 -631.51498 -796.89659  26.2%  67.8 1744s
  2703  1115 -737.01389   43    2 -631.51498 -796.89659  26.2%  67.8 1763s
  2733  1121 -788.36974   26    2 -631.51498 -796.89659  26.2%  67.9 1785s
  2772  1126 -772.08788   29    - -631.51498 -796.89659  26.2%  67.6 1819s
  2807  1134 -725.37593   34    2 -631.51498 -796.89659  26.2%  67.8 1849s
  2830  1129     cutoff   44      -631.51498 -796.89659  26.2%  67.8 1854s
  2844  1136 -778.07884   22    9 -631.51498 -796.89659  26.2%  68.0 1874s
  2863  1138 -773.71526   27    2 -631.51498 -796.89659  26.2%  67.9 1888s
  2894  1142 -776.88931   30    7 -631.51498 -796.89659  26.2%  67.8 1920s
  2932  1154 -746.25272   43    2 -631.51498 -796.89659  26.2%  67.8 1959s
  2956  1151     cutoff   43      -631.51498 -796.89659  26.2%  67.9 1967s
  2977  1161     cutoff   23      -631.51498 -796.89659  26.2%  67.9 1989s
  3008  1163 -714.64770   43    2 -631.51498 -796.89659  26.2%  67.8 2008s
  3031  1169     cutoff   42      -631.51498 -796.89659  26.2%  67.7 2035s
  3094  1194 -731.87149   43    2 -631.51498 -796.89659  26.2%  67.5 2084s
  3147  1192     cutoff   44      -631.51498 -796.89659  26.2%  67.5 2114s
  3165  1190 -781.93287   39    2 -631.51498 -796.50732  26.1%  67.5 2121s
  3198  1209 -748.67580   41    2 -631.51498 -796.50586  26.1%  67.6 2167s
* 3236  1151              43    -648.3899835 -796.46781  22.8%  67.6 2185s
  3259  1158 -712.20507   42    2 -648.38998 -796.42072  22.8%  67.6 2211s
  3294  1162     cutoff   43      -648.38998 -796.41543  22.8%  67.9 2240s
  3322  1161 -752.71613   30    2 -648.38998 -796.39341  22.8%  67.8 2254s
  3346  1177     cutoff   44      -648.38998 -796.28235  22.8%  67.8 2289s
  3408  1172     cutoff   42      -648.38998 -795.88198  22.7%  67.9 2329s
  3467  1175     cutoff   43      -648.38998 -795.71680  22.7%  67.9 2377s
  3485  1175     cutoff   44      -648.38998 -795.57558  22.7%  67.9 2386s
  3511  1203 -753.59836   35    2 -648.38998 -795.28806  22.7%  68.0 2413s
  3568  1194 -742.06030   43    2 -648.38998 -794.99489  22.6%  67.8 2444s
  3618  1216     cutoff   44      -648.38998 -794.81895  22.6%  67.9 2495s
  3687  1223 -707.92571   44    2 -648.38998 -794.71919  22.6%  67.6 2539s
  3725  1228     cutoff   45      -648.38998 -794.42734  22.5%  67.7 2572s
  3752  1227     cutoff   44      -648.38998 -794.39941  22.5%  67.7 2584s
  3777  1236 -750.76601   34    2 -648.38998 -794.31046  22.5%  67.7 2621s
  3844  1249 -736.92819   43    2 -648.38998 -794.12633  22.5%  67.5 2682s
  3874  1249     cutoff   45      -648.38998 -794.05532  22.5%  67.5 2697s
  3911  1263     cutoff   44      -648.38998 -794.00948  22.5%  67.5 2740s
  3944  1257     cutoff   42      -648.38998 -793.99811  22.5%  67.5 2748s
  3976  1266 -700.86052   44    2 -648.38998 -793.97701  22.5%  67.5 2790s
  3997  1263     cutoff   43      -648.38998 -793.97457  22.5%  67.7 2796s
  4025  1278     cutoff   45      -648.38998 -793.96972  22.5%  67.7 2844s
  4094  1301     cutoff   43      -648.38998 -793.86373  22.4%  67.8 2901s
  4127  1297     cutoff   45      -648.38998 -793.78768  22.4%  67.9 2910s
  4171  1313     cutoff   44      -648.38998 -793.75971  22.4%  67.8 2957s
  4251  1323 -697.97157   38    2 -648.38998 -793.70492  22.4%  67.5 3024s
  4326  1337 -683.43459   45    2 -648.38998 -793.61334  22.4%  67.4 3092s
  4379  1335 -740.51516   41    2 -648.38998 -793.53797  22.4%  67.2 3114s
  4448  1341     cutoff   46      -648.38998 -793.50809  22.4%  67.1 3182s
  4549  1345 -738.30506   42    2 -648.38998 -793.23668  22.3%  67.1 3268s
  4598  1340     cutoff   44      -648.38998 -792.74577  22.3%  67.2 3284s
  4642  1346     cutoff   43      -648.38998 -792.69646  22.3%  67.4 3338s
  4683  1346 -702.23508   44    2 -648.38998 -792.47607  22.2%  67.4 3356s
  4715  1351 -771.13942   17    6 -648.38998 -792.43544  22.2%  67.5 3416s
  4768  1352 -769.34351   33    2 -648.38998 -792.33502  22.2%  67.4 3439s
  4811  1372 -741.63087   42    2 -648.38998 -792.33142  22.2%  67.5 3504s
  4842  1369 -723.19961   39    2 -648.38998 -792.33033  22.2%  67.5 3514s
  4910  1395 -732.37284   43    2 -648.38998 -792.20944  22.2%  67.5 3587s
  4998  1386     cutoff   44      -648.38998 -791.98670  22.1%  67.5 3663s
  5047  1387     cutoff   42      -648.38998 -791.89552  22.1%  67.6 3687s
  5086  1409     cutoff   45      -648.38998 -791.80480  22.1%  67.7 3752s
  5130  1404     cutoff   43      -648.38998 -791.68350  22.1%  67.8 3766s
  5181  1414 -730.60102   43    2 -648.38998 -791.55035  22.1%  67.6 3840s
  5219  1424 -735.32839   41    2 -648.38998 -791.50490  22.1%  67.7 3858s
  5271  1452     cutoff   44      -648.38998 -791.41841  22.1%  67.5 3932s
  5333  1468 -788.01262   32    2 -648.38998 -791.19669  22.0%  67.5 3956s
  5394  1491     cutoff   44      -648.38998 -791.13273  22.0%  67.7 4038s
  5461  1510 -757.32764   42    2 -648.38998 -791.00727  22.0%  67.8 4065s
  5543  1535 -758.94654   40    2 -648.38998 -790.43805  21.9%  68.0 4154s
  5668  1590     cutoff   44      -648.38998 -790.14671  21.9%  68.1 4259s
  5793  1621 -728.63159   42    2 -648.38998 -789.76112  21.8%  68.2 4374s
  5957  1652     cutoff   45      -648.38998 -789.31698  21.7%  68.3 4498s
  6094  1685     cutoff   43      -648.38998 -788.08436  21.5%  68.6 4627s
  6239  1721     cutoff   44      -648.38998 -787.22570  21.4%  68.8 4762s
  6315  1740 -746.37611   42    2 -648.38998 -786.63876  21.3%  68.9 4787s
  6394  1746 -755.17937   37    2 -648.38998 -786.60663  21.3%  69.0 4899s
  6465  1771 -740.69947   43    2 -648.38998 -785.67772  21.2%  68.9 4937s
  6531  1798 -769.43089   16    2 -648.38998 -785.66204  21.2%  69.0 5049s
  6669  1817     cutoff   43      -648.38998 -784.91193  21.1%  69.1 5186s
  6811  1867 -759.06661   36    2 -648.38998 -784.02702  20.9%  69.2 5334s
  6955  1890     cutoff   43      -648.38998 -783.46405  20.8%  69.4 5466s
  7123  1911 -714.14664   43    2 -648.38998 -782.35554  20.7%  69.5 5618s
  7316  1954     cutoff   44      -648.38998 -781.02501  20.5%  69.7 5771s
  7470  2002     cutoff   43      -648.38998 -779.32011  20.2%  69.8 5938s
  7651  2078     cutoff   44      -648.38998 -777.89789  20.0%  69.4 6124s
  7779  2134 -731.78825   42    2 -648.38998 -777.16910  19.9%  69.2 6307s
  7888  2202     cutoff   44      -648.38998 -776.90077  19.8%  69.1 6475s
  8035  2246 -738.71610   43    2 -648.38998 -776.46160  19.8%  68.9 6638s
  8166  2311     cutoff   44      -648.38998 -776.13955  19.7%  68.8 6804s
  8218  2329 -743.25805   43    2 -648.38998 -775.88305  19.7%  68.7 6831s
  8284  2354 -706.93514   44    2 -648.38998 -775.85413  19.7%  68.6 6968s
  8414  2402 -732.16804   41    2 -648.38998 -775.65929  19.6%  68.5 7156s

Cutting planes:
  Lazy constraints: 335397

Explored 8562 nodes (591251 simplex iterations) in 7240.20 seconds
Thread count was 4 (of 4 available processors)

Solution count 10: -648.39 -631.515 -630.97 ... -475.89

Time limit reached
Best objective -6.483899835180e+02, best bound -7.754582629602e+02, gap 19.5975%

User-callback calls 111254, time in user-callback 3280.49 sec
