
Gurobi 9.0.3 (win64) logging started Sun Jan  2 02:58:47 2022

Changed value of parameter LogFile to Results/sslp2_20_100_200_var_BendersBnC.log
   Prev:   Default: 
Changed value of parameter Heuristics to 0.0
   Prev: 0.05  Min: 0.0  Max: 1.0  Default: 0.05
Changed value of parameter lazyConstraints to 1
   Prev: 0  Min: 0  Max: 1  Default: 0
Changed value of parameter timeLimit to 7179.444279670715
   Prev: inf  Min: 0.0  Max: inf  Default: inf
Gurobi Optimizer version 9.0.3 build v9.0.3rc0 (win64)
Optimize a model with 2979 rows, 240 columns and 80151 nonzeros
Model fingerprint: 0x094978c6
Variable types: 220 continuous, 20 integer (20 binary)
Coefficient statistics:
  Matrix range     [2e-13, 9e+05]
  Objective range  [5e-03, 4e+01]
  Bounds range     [1e+00, 1e+00]
  RHS range        [7e-15, 7e+04]
Warning: Model contains large matrix coefficient range
         Consider reformulating model or setting NumericFocus parameter
         to avoid numerical issues.
Presolve added 0 rows and 3 columns
Presolve removed 834 rows and 0 columns
Presolve time: 0.04s
Presolved: 2145 rows, 243 columns, 32607 nonzeros
Variable types: 222 continuous, 21 integer (20 binary)

Root relaxation: objective -1.171340e+03, 480 iterations, 0.07 seconds

    Nodes    |    Current Node    |     Objective Bounds      |     Work
 Expl Unexpl |  Obj  Depth IntInf | Incumbent    BestBd   Gap | It/Node Time

     0     0 -1171.3402    0   20          - -1171.3402      -     -    0s
     0     0 -1167.1584    0   17          - -1167.1584      -     -    0s
     0     0 -1165.9576    0   16          - -1165.9576      -     -    0s
     0     0 -1165.4297    0   17          - -1165.4297      -     -    0s
     0     0 -1165.1895    0   15          - -1165.1895      -     -    0s
     0     0 -1164.9760    0   16          - -1164.9760      -     -    0s
     0     0 -1164.8834    0   13          - -1164.8834      -     -    0s
     0     0 -1164.7973    0   13          - -1164.7973      -     -    0s
     0     0 -1164.7241    0   13          - -1164.7241      -     -    0s
     0     0 -1164.7042    0   13          - -1164.7042      -     -    0s
     0     0 -1164.6808    0   12          - -1164.6808      -     -    0s
     0     0 -1164.6417    0   13          - -1164.6417      -     -    0s
     0     0 -1164.6287    0   13          - -1164.6287      -     -    0s
     0     0 -1164.6215    0   13          - -1164.6215      -     -    0s
     0     0 -1164.6149    0   13          - -1164.6149      -     -    0s
     0     0 -1164.6093    0   14          - -1164.6093      -     -    0s
     0     0 -1164.6026    0   13          - -1164.6026      -     -    0s
     0     0 -1164.5935    0   14          - -1164.5935      -     -    0s
     0     0 -1164.5910    0   14          - -1164.5910      -     -    0s
     0     0 -1164.5891    0   13          - -1164.5891      -     -    0s
     0     0 -1164.5890    0   14          - -1164.5890      -     -    0s
     0     0 -1163.4309    0   14          - -1163.4309      -     -    0s
     0     0 -1162.3580    0   12          - -1162.3580      -     -    0s
     0     0 -1162.1714    0   12          - -1162.1714      -     -    0s
     0     0 -1162.0843    0   14          - -1162.0843      -     -    0s
     0     0 -1162.0271    0   15          - -1162.0271      -     -    0s
     0     0 -1161.9888    0   12          - -1161.9888      -     -    0s
     0     0 -1161.9091    0   14          - -1161.9091      -     -    0s
     0     0 -1161.8369    0   15          - -1161.8369      -     -    0s
     0     0 -1161.7886    0   14          - -1161.7886      -     -    0s
     0     0 -1161.7435    0   13          - -1161.7435      -     -    0s
     0     0 -1161.7189    0   14          - -1161.7189      -     -    0s
     0     0 -1161.7131    0   15          - -1161.7131      -     -    0s
     0     0 -1161.7083    0   16          - -1161.7083      -     -    0s
     0     0 -1161.7052    0   15          - -1161.7052      -     -    0s
     0     0 -1161.6974    0   14          - -1161.6974      -     -    0s
     0     0 -1161.6924    0   15          - -1161.6924      -     -    0s
     0     0 -1161.6858    0   16          - -1161.6858      -     -    0s
     0     0 -1161.6775    0   16          - -1161.6775      -     -    0s
     0     0 -1161.6753    0   16          - -1161.6753      -     -    0s
     0     0 -1161.6730    0   13          - -1161.6730      -     -    0s
     0     0 -1161.6721    0   15          - -1161.6721      -     -    0s
     0     0 -1161.4148    0   13          - -1161.4148      -     -    0s
     0     0 -1161.3170    0   14          - -1161.3170      -     -    0s
     0     0 -1161.2802    0   16          - -1161.2802      -     -    0s
     0     0 -1161.2647    0   14          - -1161.2647      -     -    0s
     0     0 -1161.2504    0   14          - -1161.2504      -     -    0s
     0     0 -1161.2423    0   14          - -1161.2423      -     -    0s
     0     0 -1161.2404    0   14          - -1161.2404      -     -    1s
     0     0 -1161.1714    0   15          - -1161.1714      -     -    1s
     0     0 -1161.1230    0   14          - -1161.1230      -     -    1s
     0     0 -1161.1030    0   14          - -1161.1030      -     -    1s
     0     0 -1161.0885    0   14          - -1161.0885      -     -    1s
     0     0 -1161.0761    0   14          - -1161.0761      -     -    1s
     0     0 -1161.0726    0   15          - -1161.0726      -     -    1s
     0     0 -1161.0701    0   14          - -1161.0701      -     -    1s
     0     0 -1160.9739    0   13          - -1160.9739      -     -    1s
     0     0 -1160.9286    0   15          - -1160.9286      -     -    1s
     0     0 -1160.9106    0   14          - -1160.9106      -     -    1s
     0     0 -1160.8997    0   15          - -1160.8997      -     -    1s
     0     0 -1160.8969    0   16          - -1160.8969      -     -    1s
     0     0 -1160.8218    0   12          - -1160.8218      -     -    1s
     0     0 -1160.8065    0   13          - -1160.8065      -     -    1s
     0     0 -1160.8015    0   14          - -1160.8015      -     -    1s
     0     0 -1160.7972    0   13          - -1160.7972      -     -    1s
     0     0 -1160.7936    0   13          - -1160.7936      -     -    1s
     0     0 -1160.7893    0   14          - -1160.7893      -     -    1s
     0     0 -1160.7885    0   14          - -1160.7885      -     -    1s
     0     0 -1160.7176    0   14          - -1160.7176      -     -    1s
     0     0 -1160.6975    0   14          - -1160.6975      -     -    1s
     0     0 -1160.6951    0   13          - -1160.6951      -     -    1s
     0     0 -1160.6909    0   11          - -1160.6909      -     -    1s
     0     0 -1160.6800    0   13          - -1160.6800      -     -    1s
     0     0 -1160.6752    0   12          - -1160.6752      -     -    1s
     0     0 -1160.6687    0   13          - -1160.6687      -     -    1s
     0     0 -1160.6681    0   12          - -1160.6681      -     -    1s
     0     0 -1160.6627    0   14          - -1160.6627      -     -    1s
     0     0 -1160.6607    0   12          - -1160.6607      -     -    1s
     0     0 -1160.6497    0   13          - -1160.6497      -     -    1s
     0     0 -1160.6497    0   13          - -1160.6497      -     -    1s
     0     2 -1160.6497    0   13          - -1160.6497      -     -    1s
*   36    33              20    -598.6949859 -1160.6304  93.9%  58.8    3s
    39    36 -1153.6384   16    3 -598.69499 -1160.6304  93.9%  56.5    6s
*   43    37              20    -772.0249813 -1160.6304  50.3%  58.3    8s
*   49    37              20    -773.2099813 -1160.6304  50.1%  62.0   10s
*   54    38              20    -860.2199786 -1160.4745  34.9%  67.8   13s
    85    62     cutoff   20      -860.21998 -1159.8817  34.8%  70.9   15s
   105    72 -1144.3193   10    4 -860.21998 -1159.8817  34.8%  72.3   22s
   114    71 -1146.0251   10    - -860.21998 -1159.8817  34.8%  71.6   25s
*  118    73              20    -862.5049789 -1159.8817  34.5%  72.7   27s
*  120    73              20    -874.2249785 -1159.8817  32.7%  73.2   28s
*  132    82              20    -875.7599786 -1159.8817  32.4%  70.7   30s
*  133    82              20    -907.0349772 -1159.8817  27.9%  71.7   31s
   145    83 -1147.5137   11    - -907.03498 -1159.8817  27.9%  72.0   37s
   160    85     cutoff   20      -907.03498 -1159.1787  27.8%  73.3   43s
   173    88 -1055.5000   20    - -907.03498 -1158.7581  27.8%  69.9   49s
*  177    90              20    -916.7099768 -1158.7266  26.4%  70.7   51s
   202   102 -1122.8338   18    - -916.70998 -1158.5410  26.4%  68.0   56s
   213   110 -1154.8349    8    5 -916.70998 -1158.5410  26.4%  66.6   61s
   243   118 -939.40998   20    - -916.70998 -1157.8915  26.3%  68.9   66s
   250   115     cutoff   20      -916.70998 -1157.8331  26.3%  68.2   70s
   264   116     cutoff   20      -916.70998 -1157.5456  26.3%  68.3   76s
   279   116     cutoff   20      -916.70998 -1157.0857  26.2%  69.0   81s
   307   135 -1125.2812   19    - -916.70998 -1156.8861  26.2%  66.7   85s
   323   141 -1151.3992   14    6 -916.70998 -1156.8861  26.2%  66.6   90s
*  330   138              20    -924.7099767 -1156.7632  25.1%  67.4   92s
   338   150 -1150.6046    7    2 -924.70998 -1156.7632  25.1%  66.8   96s
   359   146 -1128.7612   18    - -924.70998 -1156.5541  25.1%  65.5  100s
   370   149     cutoff   20      -924.70998 -1156.5394  25.1%  65.4  107s
   380   149     cutoff   20      -924.70998 -1156.5394  25.1%  65.7  110s
   398   152     cutoff   20      -924.70998 -1156.3744  25.1%  66.0  119s
   406   163 -1150.2974    6    2 -924.70998 -1156.3744  25.1%  65.6  123s
   419   171 -1150.2938   10    2 -924.70998 -1156.3744  25.1%  64.1  127s
*  437   177              20    -941.3899758 -1156.3744  22.8%  62.6  134s
*  452   180              20    -943.9299750 -1156.3744  22.5%  62.2  139s
   455   177     cutoff   20      -943.92997 -1156.3744  22.5%  62.1  142s
   469   177     cutoff   20      -943.92997 -1156.1048  22.5%  63.0  147s
   477   182 -1057.3893   20    - -943.92997 -1155.8602  22.5%  62.8  151s
   501   197 -1147.1478   10    6 -943.92997 -1155.8039  22.4%  62.4  157s
   523   196     cutoff   20      -943.92997 -1155.8039  22.4%  62.2  160s
   546   204     cutoff   20      -943.92997 -1155.4732  22.4%  62.7  166s
   560   211     cutoff   20      -943.92997 -1155.3234  22.4%  62.9  173s
   569   214 -1146.9242   10    2 -943.92997 -1155.3234  22.4%  62.9  175s
*  585   219              20    -945.8349760 -1155.3234  22.1%  63.5  182s
   603   217 -1015.5578   19    2 -945.83498 -1154.8680  22.1%  63.4  191s
*  612   219              20    -946.4249765 -1154.7966  22.0%  63.5  194s
   616   219     cutoff   20      -946.42498 -1154.7871  22.0%  63.7  196s
   633   232 -1147.7226   13    3 -946.42498 -1154.7565  22.0%  63.6  201s
   649   229 -1101.6728   20    - -946.42498 -1154.6577  22.0%  63.1  205s
   670   245 -1149.1881   10    2 -946.42498 -1154.6198  22.0%  63.5  214s
   682   246 -1146.8103   14    2 -946.42498 -1154.6198  22.0%  62.9  215s
   698   251 -1122.3312   16    2 -946.42498 -1154.4527  22.0%  62.6  222s
   707   249     cutoff   20      -946.42498 -1154.4527  22.0%  62.4  226s
   724   251     cutoff   20      -946.42498 -1154.2118  22.0%  62.6  231s
   739   258 -1147.0306   15    - -946.42498 -1154.1163  21.9%  63.2  236s
   756   258     cutoff   19      -946.42498 -1154.0807  21.9%  62.6  242s
   780   263     cutoff   20      -946.42498 -1154.0292  21.9%  62.5  252s
   798   276 -1147.8103   16    - -946.42498 -1154.0099  21.9%  62.6  258s
   821   277     cutoff   20      -946.42498 -1153.7060  21.9%  62.6  263s
   825   283     cutoff   20      -946.42498 -1153.6945  21.9%  62.7  266s
   841   286     cutoff   20      -946.42498 -1153.6838  21.9%  62.3  270s
*  866   288              20    -946.7849762 -1153.6781  21.9%  62.2  277s
   877   289 -1144.8826   15    2 -946.78498 -1153.6098  21.8%  62.1  283s
   895   303 -1046.4561   18    2 -946.78498 -1153.5562  21.8%  61.7  296s
   916   305     cutoff   20      -946.78498 -1153.5469  21.8%  61.2  304s
   935   311     cutoff   20      -946.78498 -1153.5338  21.8%  60.9  310s
   961   310     cutoff   20      -946.78498 -1153.4507  21.8%  61.2  317s
   977   313 -1057.0145   20    - -946.78498 -1153.2240  21.8%  60.9  325s
  1009   321     cutoff   20      -946.78498 -1153.1011  21.8%  60.9  334s
  1026   329 -1129.1275   10    2 -946.78498 -1153.0835  21.8%  60.7  342s
  1051   333     cutoff   20      -946.78498 -1153.0214  21.8%  60.5  350s
  1069   343     cutoff   20      -946.78498 -1153.0164  21.8%  60.7  357s
  1086   354     cutoff   20      -946.78498 -1152.9972  21.8%  60.8  360s
  1111   357 -1119.0652   18    3 -946.78498 -1152.9899  21.8%  60.1  368s
  1130   355 -1092.2349   19    2 -946.78498 -1152.9729  21.8%  60.2  378s
  1148   355     cutoff   20      -946.78498 -1152.9361  21.8%  60.5  386s
  1155   358     cutoff   20      -946.78498 -1152.8621  21.8%  60.7  390s
  1182   376 -1144.4716   12    2 -946.78498 -1152.8057  21.8%  60.2  400s
  1201   379 -1120.9017   18    - -946.78498 -1152.7972  21.8%  60.1  405s
  1234   396 -1063.1475   19    2 -946.78498 -1152.7573  21.8%  59.7  412s
  1238   394     cutoff   20      -946.78498 -1152.7412  21.8%  59.8  415s
  1257   393 -1128.4006   19    2 -946.78498 -1152.6768  21.7%  59.7  424s
  1267   398     cutoff   20      -946.78498 -1152.5406  21.7%  59.7  430s
  1276   416 -1131.2012   12    2 -946.78498 -1152.5406  21.7%  59.6  436s
  1293   424     cutoff   20      -946.78498 -1152.5406  21.7%  59.3  445s
* 1323   421              20    -947.7399764 -1152.5406  21.6%  58.9  450s
  1329   426 -1070.0300   20    - -947.73998 -1152.4669  21.6%  58.9  458s
* 1332   425              20    -953.7649755 -1152.4669  20.8%  59.0  459s
  1349   416 -1093.8006   20    - -953.76498 -1152.4494  20.8%  58.9  464s
  1363   417     cutoff   20      -953.76498 -1152.4007  20.8%  58.9  476s
  1373   421 -1089.0361   19    2 -953.76498 -1152.3616  20.8%  58.9  481s
  1379   424 -1130.1310   10    2 -953.76498 -1152.3546  20.8%  58.9  486s
  1395   429     cutoff   20      -953.76498 -1152.3038  20.8%  58.6  493s
  1400   429     cutoff   20      -953.76498 -1152.2212  20.8%  58.7  498s
  1410   433 -1124.0491   15    2 -953.76498 -1152.2200  20.8%  58.6  503s
  1420   432     cutoff   20      -953.76498 -1152.0875  20.8%  58.6  509s
  1437   436     cutoff   20      -953.76498 -1152.0124  20.8%  58.8  516s
  1455   442 -1121.9423   19    2 -953.76498 -1151.8028  20.8%  58.7  522s
  1481   449     cutoff   20      -953.76498 -1151.7972  20.8%  58.3  530s
  1485   452     cutoff   20      -953.76498 -1151.7969  20.8%  58.4  535s
  1509   449 -1124.1502   17    - -953.76498 -1151.7677  20.8%  58.3  548s
  1520   452 -1119.5388   18    - -953.76498 -1151.7600  20.8%  58.3  551s
  1534   459 -1124.1303   17    2 -953.76498 -1151.7084  20.8%  58.2  562s
  1558   473 -1140.6408   15    5 -953.76498 -1151.5457  20.7%  58.2  575s
  1583   485 -1118.9513   15    2 -953.76498 -1151.5454  20.7%  58.2  585s
  1606   493 -1087.8313   18    2 -953.76498 -1151.5421  20.7%  57.9  595s
  1633   494 -1121.8198   20    - -953.76498 -1151.5122  20.7%  57.6  607s
  1642   499     cutoff   20      -953.76498 -1151.2535  20.7%  57.7  611s
  1654   496     cutoff   20      -953.76498 -1151.2226  20.7%  57.7  620s
  1673   510     cutoff   20      -953.76498 -1150.9263  20.7%  57.7  631s
  1693   507 -1143.0390   16    2 -953.76498 -1150.5997  20.6%  57.6  636s
  1706   512     cutoff   20      -953.76498 -1150.5848  20.6%  57.7  641s
  1718   503 -1113.4267   19    2 -953.76498 -1150.5719  20.6%  58.1  645s
  1729   508 -1118.2947   18    2 -953.76498 -1150.5515  20.6%  58.1  650s
  1738   516     cutoff   20      -953.76498 -1150.5224  20.6%  58.2  660s
  1774   515     cutoff   20      -953.76498 -1150.2902  20.6%  58.0  674s
  1788   518     cutoff   20      -953.76498 -1150.0928  20.6%  58.1  678s
  1809   542 -1150.0927    7    4 -953.76498 -1150.0927  20.6%  58.0  689s
  1842   546 -1123.0929   18    - -953.76498 -1150.0732  20.6%  58.1  700s
  1879   549     cutoff   20      -953.76498 -1149.9515  20.6%  58.1  712s
  1899   567 -1104.5517   19    2 -953.76498 -1149.5948  20.5%  58.1  724s
  1918   572     cutoff   20      -953.76498 -1149.5681  20.5%  58.2  729s
  1940   573 -1127.2754   18    2 -953.76498 -1149.5521  20.5%  58.0  737s
  1965   581     cutoff   20      -953.76498 -1149.4859  20.5%  57.8  750s
  2004   597     cutoff   20      -953.76498 -1149.4276  20.5%  57.7  765s
  2024   604 -1149.4045   12    3 -953.76498 -1149.4045  20.5%  57.7  772s
  2042   608     cutoff   20      -953.76498 -1149.3864  20.5%  57.6  782s
  2062   619     cutoff   20      -953.76498 -1149.3338  20.5%  57.8  789s
  2085   639 -1002.0550   18    - -953.76498 -1149.2866  20.5%  57.8  799s
  2129   645     cutoff   20      -953.76498 -1149.2597  20.5%  57.6  812s
  2150   652     cutoff   20      -953.76498 -1149.2492  20.5%  57.3  820s
  2169   654     cutoff   20      -953.76498 -1149.1714  20.5%  57.3  830s
  2203   671     cutoff   20      -953.76498 -1149.1141  20.5%  57.2  847s
  2214   676     cutoff   20      -953.76498 -1149.0018  20.5%  57.2  853s
  2234   666     cutoff   20      -953.76498 -1148.9747  20.5%  57.1  860s
  2263   665     cutoff   20      -953.76498 -1148.8677  20.5%  57.2  877s
  2278   679 -1123.0422   14    2 -953.76498 -1148.7323  20.4%  57.4  891s
  2298   686 -1125.0427   14    2 -953.76498 -1148.5971  20.4%  57.4  899s
  2326   697 -989.28750   17    4 -953.76498 -1148.4510  20.4%  57.3  911s
  2341   703     cutoff   20      -953.76498 -1148.4493  20.4%  57.2  918s
  2362   710     cutoff   20      -953.76498 -1148.2879  20.4%  57.1  929s
  2381   714     cutoff   20      -953.76498 -1148.2575  20.4%  57.1  934s
  2406   728     cutoff   20      -953.76498 -1148.2161  20.4%  57.3  946s
  2429   737     cutoff   20      -953.76498 -1148.1940  20.4%  57.3  955s
  2457   730     cutoff   20      -953.76498 -1148.1780  20.4%  57.1  966s
  2480   738     cutoff   20      -953.76498 -1148.1779  20.4%  57.3  975s
  2502   754 -1126.2363   10    3 -953.76498 -1148.0766  20.4%  57.3  989s
  2524   760     cutoff   20      -953.76498 -1148.0258  20.4%  57.0  995s
  2535   755     cutoff   20      -953.76498 -1147.9400  20.4%  57.0 1003s
  2564   781 -1132.5083    4    2 -953.76498 -1147.7763  20.3%  57.1 1024s
  2585   784     cutoff   20      -953.76498 -1147.7640  20.3%  56.9 1027s
  2614   796     cutoff   20      -953.76498 -1147.6979  20.3%  57.0 1042s
  2630   802     cutoff   20      -953.76498 -1147.6872  20.3%  56.9 1048s
  2664   814 -1128.4965   17    2 -953.76498 -1147.6864  20.3%  56.7 1062s
  2714   823     cutoff   20      -953.76498 -1147.5810  20.3%  56.5 1087s
  2752   833     cutoff   20      -953.76498 -1147.4356  20.3%  56.7 1098s
  2775   841     cutoff   20      -953.76498 -1147.4258  20.3%  56.6 1115s
  2791   848     cutoff   20      -953.76498 -1147.3621  20.3%  56.6 1123s
  2818   853 -1102.6293   19    2 -953.76498 -1147.3142  20.3%  56.7 1136s
  2863   870     cutoff   20      -953.76498 -1147.1664  20.3%  56.8 1155s
  2908   892     cutoff   20      -953.76498 -1147.0158  20.3%  56.6 1179s
  2937   899 -1101.6985   19    2 -953.76498 -1147.0155  20.3%  56.6 1186s
  2957   899     cutoff   20      -953.76498 -1146.9458  20.3%  56.7 1195s
  3000   912     cutoff   20      -953.76498 -1146.8190  20.2%  57.0 1215s
  3051   927     cutoff   20      -953.76498 -1146.6161  20.2%  56.9 1241s
  3074   933     cutoff   20      -953.76498 -1146.5925  20.2%  56.8 1248s
  3101   945     cutoff   20      -953.76498 -1146.5841  20.2%  56.7 1266s
  3161   953     cutoff   20      -953.76498 -1146.2983  20.2%  56.7 1292s
  3184   964 -1103.4712   20    - -953.76498 -1146.1171  20.2%  56.6 1305s
  3210   962 -1125.1699   17    2 -953.76498 -1146.0483  20.2%  56.7 1321s
  3235   972 -1101.7975   18    2 -953.76498 -1145.8241  20.1%  56.7 1332s
  3257   990     cutoff   20      -953.76498 -1145.7708  20.1%  56.8 1349s
  3309   999     cutoff   20      -953.76498 -1145.7088  20.1%  56.9 1368s
  3356  1024     cutoff   20      -953.76498 -1145.4025  20.1%  56.9 1392s
  3419  1031     cutoff   20      -953.76498 -1145.2106  20.1%  56.8 1420s
  3459  1047     cutoff   20      -953.76498 -1145.2092  20.1%  56.7 1437s
  3482  1039     cutoff   20      -953.76498 -1144.9689  20.0%  56.8 1451s
  3526  1040     cutoff   20      -953.76498 -1144.5239  20.0%  57.1 1472s
  3570  1077 -1130.9327    7    2 -953.76498 -1144.1506  20.0%  57.1 1504s
  3590  1083 -1119.1277   15    2 -953.76498 -1143.9664  19.9%  57.0 1511s
  3621  1089 -1098.2324   19    2 -953.76498 -1143.9566  19.9%  56.7 1529s
  3640  1096     cutoff   20      -953.76498 -1143.8968  19.9%  56.9 1537s
  3673  1103     cutoff   20      -953.76498 -1143.8385  19.9%  56.8 1556s
  3716  1114     cutoff   20      -953.76498 -1143.5094  19.9%  56.9 1581s
  3789  1141 -1139.1874   10    2 -953.76498 -1142.9567  19.8%  57.0 1611s
  3844  1138     cutoff   20      -953.76498 -1142.7783  19.8%  57.1 1635s
  3871  1150     cutoff   20      -953.76498 -1142.1477  19.8%  57.1 1648s
  3902  1151     cutoff   20      -953.76498 -1142.0658  19.7%  57.1 1670s
  3927  1161     cutoff   20      -953.76498 -1141.9132  19.7%  57.2 1682s
  3952  1161     cutoff   20      -953.76498 -1141.8127  19.7%  57.2 1702s
  4010  1186     cutoff   20      -953.76498 -1141.5382  19.7%  57.3 1734s
  4071  1199     cutoff   20      -953.76498 -1140.8219  19.6%  57.3 1762s
  4099  1208     cutoff   20      -953.76498 -1140.8179  19.6%  57.3 1772s
  4137  1212     cutoff   20      -953.76498 -1139.7957  19.5%  57.3 1797s
  4162  1223     cutoff   20      -953.76498 -1138.8274  19.4%  57.3 1809s
  4186  1233     cutoff   20      -953.76498 -1138.7828  19.4%  57.2 1832s
  4216  1239     cutoff   20      -953.76498 -1138.4891  19.4%  57.2 1839s
  4240  1251     cutoff   20      -953.76498 -1138.4494  19.4%  57.3 1860s
  4292  1254     cutoff   20      -953.76498 -1138.0956  19.3%  57.4 1888s
  4344  1264     cutoff   20      -953.76498 -1137.7487  19.3%  57.4 1923s
  4373  1275 -1079.8317   19    2 -953.76498 -1136.4943  19.2%  57.4 1935s
  4396  1282     cutoff   20      -953.76498 -1136.2408  19.1%  57.5 1956s
  4460  1316 -1131.7190   16    2 -953.76498 -1135.7639  19.1%  57.4 1990s
  4497  1326     cutoff   20      -953.76498 -1135.5434  19.1%  57.3 2000s
  4538  1322     cutoff   20      -953.76498 -1135.3292  19.0%  57.2 2026s
* 4569  1328              20    -956.8199761 -1135.0515  18.6%  57.2 2043s
  4587  1330     cutoff   20      -956.81998 -1134.9498  18.6%  57.1 2071s
  4642  1347     cutoff   20      -956.81998 -1134.6572  18.6%  57.1 2121s
  4672  1359     cutoff   20      -956.81998 -1134.6568  18.6%  57.0 2142s
  4700  1356     cutoff   20      -956.81998 -1134.4868  18.6%  56.9 2177s
  4734  1365 -1107.3121   10    2 -956.81998 -1134.3294  18.6%  56.9 2196s
  4763  1385     cutoff   20      -956.81998 -1134.2816  18.5%  56.8 2250s
  4827  1401     cutoff   20      -956.81998 -1133.6097  18.5%  56.8 2289s
  4898  1423     cutoff   20      -956.81998 -1133.5425  18.5%  56.6 2338s
  4965  1459     cutoff   20      -956.81998 -1132.9171  18.4%  56.7 2390s
* 4966  1458              20    -957.9099762 -1132.9171  18.3%  56.7 2391s
  5004  1470     cutoff   20      -957.90998 -1132.9021  18.3%  56.5 2405s
  5068  1465     cutoff   20      -957.90998 -1132.7799  18.3%  56.2 2446s
* 5074  1450              20    -967.8049763 -1132.7799  17.0%  56.3 2449s
  5097  1465     cutoff   20      -967.80498 -1132.4742  17.0%  56.2 2466s
  5127  1470     cutoff   20      -967.80498 -1132.4625  17.0%  56.1 2504s
  5160  1482     cutoff   20      -967.80498 -1132.3089  17.0%  56.2 2517s
  5189  1484     cutoff   20      -967.80498 -1132.2998  17.0%  56.2 2551s
  5222  1497     cutoff   20      -967.80498 -1132.1813  17.0%  56.1 2565s
  5261  1525     cutoff   20      -967.80498 -1132.1630  17.0%  56.0 2608s
  5289  1537     cutoff   20      -967.80498 -1131.7905  16.9%  55.9 2622s
  5344  1567     cutoff   20      -967.80498 -1131.6726  16.9%  55.7 2660s
  5377  1576     cutoff   20      -967.80498 -1131.6249  16.9%  55.6 2670s
  5422  1604     cutoff   20      -967.80498 -1131.6031  16.9%  55.4 2704s
  5490  1592     cutoff   20      -967.80498 -1131.5476  16.9%  55.2 2742s
  5530  1612     cutoff   20      -967.80498 -1131.4585  16.9%  55.2 2792s
  5556  1621     cutoff   20      -967.80498 -1131.3683  16.9%  55.2 2803s
  5579  1635 -1109.4605   17    - -967.80498 -1131.3473  16.9%  55.1 2840s
  5611  1649     cutoff   20      -967.80498 -1131.3249  16.9%  55.0 2859s
  5644  1660     cutoff   20      -967.80498 -1131.2654  16.9%  54.9 2893s
  5683  1675     cutoff   20      -967.80498 -1131.1846  16.9%  54.8 2911s
  5702  1681 -1123.8656   14    3 -967.80498 -1131.1642  16.9%  54.8 2941s
  5739  1697     cutoff   20      -967.80498 -1131.0637  16.9%  54.7 2964s
  5762  1698     cutoff   20      -967.80498 -1131.0321  16.9%  54.7 2996s
  5788  1709     cutoff   20      -967.80498 -1130.9064  16.9%  54.6 3013s
  5819  1715     cutoff   20      -967.80498 -1130.9052  16.9%  54.6 3055s
  5860  1729     cutoff   20      -967.80498 -1130.8973  16.9%  54.4 3079s
  5890  1750     cutoff   20      -967.80498 -1130.7838  16.8%  54.4 3115s
  5926  1763     cutoff   20      -967.80498 -1130.6999  16.8%  54.3 3131s
  5962  1783     cutoff   20      -967.80498 -1130.6505  16.8%  54.2 3170s
  6067  1817 -1108.4871   11    2 -967.80498 -1130.6081  16.8%  53.8 3237s
  6104  1831     cutoff   20      -967.80498 -1130.5015  16.8%  53.7 3254s
  6136  1839     cutoff   20      -967.80498 -1130.4999  16.8%  53.6 3291s
  6204  1845     cutoff   20      -967.80498 -1130.4734  16.8%  53.5 3347s
  6272  1875 -1108.2307   14    3 -967.80498 -1130.3916  16.8%  53.4 3412s
  6365  1924     cutoff   20      -967.80498 -1130.2462  16.8%  53.2 3475s
  6436  1933     cutoff   20      -967.80498 -1130.2077  16.8%  53.0 3520s
  6501  1940     cutoff   20      -967.80498 -1130.1529  16.8%  52.9 3574s
  6526  1950 -973.71835   19    2 -967.80498 -1130.0712  16.8%  52.9 3586s
  6548  1973     cutoff   20      -967.80498 -1130.0535  16.8%  52.9 3628s
  6593  1988 -1108.4602   16    2 -967.80498 -1129.9019  16.7%  52.9 3645s
  6638  1978     cutoff   20      -967.80498 -1129.8731  16.7%  52.7 3685s
  6666  1994     cutoff   20      -967.80498 -1129.7613  16.7%  52.7 3703s
  6691  2021 -978.37498   20    - -967.80498 -1129.7581  16.7%  52.7 3748s
  6798  2066     cutoff   20      -967.80498 -1129.5618  16.7%  52.4 3815s
  6881  2087     cutoff   20      -967.80498 -1129.4804  16.7%  52.2 3874s
  6945  2117 -1109.3705   11    2 -967.80498 -1129.4441  16.7%  52.1 3933s
  6984  2135     cutoff   20      -967.80498 -1129.4056  16.7%  52.0 3954s
  7021  2130     cutoff   20      -967.80498 -1129.3848  16.7%  52.0 3994s
  7076  2154 -1104.4151   14    2 -967.80498 -1129.2926  16.7%  52.0 4047s
  7143  2179 -1104.4640   12    2 -967.80498 -1129.2118  16.7%  51.9 4098s
  7220  2196     cutoff   20      -967.80498 -1129.1097  16.7%  51.8 4163s
  7306  2228     cutoff   20      -967.80498 -1129.0455  16.7%  51.7 4227s
  7389  2249     cutoff   20      -967.80498 -1128.8818  16.6%  51.5 4290s
  7424  2262     cutoff   20      -967.80498 -1128.8074  16.6%  51.5 4305s
  7478  2277 -1128.7641   10    3 -967.80498 -1128.7641  16.6%  51.4 4359s
  7541  2288     cutoff   20      -967.80498 -1128.7358  16.6%  51.3 4419s
  7576  2305     cutoff   20      -967.80498 -1128.7213  16.6%  51.3 4439s
  7609  2330 -1099.4203   13    2 -967.80498 -1128.6523  16.6%  51.2 4490s
  7653  2344     cutoff   20      -967.80498 -1128.5896  16.6%  51.1 4505s
  7681  2351     cutoff   20      -967.80498 -1128.5680  16.6%  51.0 4549s
  7752  2378     cutoff   20      -967.80498 -1128.5323  16.6%  50.9 4614s
  7783  2389     cutoff   20      -967.80498 -1128.3812  16.6%  50.8 4627s
  7811  2394     cutoff   20      -967.80498 -1128.3447  16.6%  50.9 4666s
  7878  2420 -1103.9875   19    2 -967.80498 -1128.2274  16.6%  50.8 4723s
  7918  2433 -1096.5710   19    2 -967.80498 -1128.2062  16.6%  50.8 4739s
  7957  2451     cutoff   20      -967.80498 -1128.1501  16.6%  50.7 4785s
  8046  2481     cutoff   20      -967.80498 -1128.0906  16.6%  50.5 4853s
  8080  2495     cutoff   20      -967.80498 -1128.0858  16.6%  50.5 4870s
  8126  2508 -1127.5485   19    2 -967.80498 -1128.0752  16.6%  50.5 4917s
  8198  2553 -1107.4386   13    2 -967.80498 -1128.0064  16.6%  50.4 4983s
  8279  2577 -1096.5821   18   13 -967.80498 -1127.9725  16.5%  50.2 5114s
  8281  2578 -1125.5554   13   20 -967.80498 -1127.9725  16.5%  50.2 5262s
  8282  2579 -1105.3276   16   20 -967.80498 -1127.9725  16.5%  50.2 5273s
  8284  2583 -1127.9725   14   16 -967.80498 -1127.9725  16.5%  50.3 5575s
  8286  2585 -1127.9725   15   14 -967.80498 -1127.9725  16.5%  50.4 5650s
  8288  2584 -1127.9725   15    5 -967.80498 -1127.9725  16.5%  50.4 5686s
  8290  2585 -1127.9725   16   14 -967.80498 -1127.9725  16.5%  50.4 5752s
  8292  2587 -1127.9725   16    5 -967.80498 -1127.9725  16.5%  50.4 5780s
  8294  2588 -1127.9725   17   13 -967.80498 -1127.9725  16.5%  50.5 5827s
  8296  2589 -1127.9725   17    9 -967.80498 -1127.9725  16.5%  50.5 5871s
  8298  2591 -1127.9725   18   11 -967.80498 -1127.9725  16.5%  50.5 5926s
  8300  2592 -1127.9725   18    9 -967.80498 -1127.9725  16.5%  50.6 5966s
  8303  2594 -1127.9725   19   11 -967.80498 -1127.9725  16.5%  50.6 6007s
  8306  2596 -1127.9725   19    9 -967.80498 -1127.9725  16.5%  50.6 6047s
  8310  2599 -1127.9725   20    5 -967.80498 -1127.9725  16.5%  50.7 6097s
  8315  2600 -1127.9725   21    8 -967.80498 -1127.9725  16.5%  50.7 6136s
  8319  2604 -1127.9725   22    4 -967.80498 -1127.9725  16.5%  50.7 6171s
  8324  2608 -1127.9725   23    7 -967.80498 -1127.9725  16.5%  50.7 6207s
  8330  2616 -1127.9725   24    7 -967.80498 -1127.9725  16.5%  50.8 6229s
  8340  2622 -1127.9725   27    5 -967.80498 -1127.9725  16.5%  50.8 6244s
  8351  2618 -1127.9725   29    4 -967.80498 -1127.9725  16.5%  50.9 6250s
  8365  2609 -1115.0362   33    2 -967.80498 -1127.9725  16.5%  51.0 6264s
  8374  2608     cutoff   35      -967.80498 -1127.9725  16.5%  51.0 6266s
  8378  2610     cutoff   35      -967.80498 -1127.9725  16.5%  51.1 6283s
  8388  2611     cutoff   22      -967.80498 -1127.9725  16.5%  51.2 6298s
  8395  2630 -1127.0058   24    7 -967.80498 -1127.9725  16.5%  51.2 6310s
  8419  2626 -1123.0765   31    4 -967.80498 -1127.9725  16.5%  51.2 6321s
  8447  2609 -1104.0064   30    2 -967.80498 -1127.9725  16.5%  51.2 6339s
  8457  2608     cutoff   36      -967.80498 -1127.9725  16.5%  51.3 6342s
  8464  2608     cutoff   35      -967.80498 -1127.9725  16.5%  51.3 6359s
  8469  2608     cutoff   36      -967.80498 -1127.9725  16.5%  51.4 6360s
  8478  2615 -1092.9563   35    2 -967.80498 -1127.9725  16.5%  51.3 6376s
  8493  2616     cutoff   36      -967.80498 -1127.9725  16.5%  51.4 6391s
  8502  2618 -1127.9725   24    6 -967.80498 -1127.9725  16.5%  51.4 6405s
  8521  2617     cutoff   29      -967.80498 -1127.9725  16.5%  51.5 6425s
  8545  2613     cutoff   36      -967.80498 -1127.9725  16.5%  51.5 6444s
  8553  2616 -1071.2326   36    2 -967.80498 -1127.9725  16.5%  51.6 6462s
  8563  2622 -1127.9725   24    4 -967.80498 -1127.9725  16.5%  51.6 6492s
  8594  2629 -1127.9725   27    6 -967.80498 -1127.9725  16.5%  51.6 6520s
  8611  2630 -1127.9725   30    5 -967.80498 -1127.9725  16.5%  51.7 6542s
  8636  2629     cutoff   36      -967.80498 -1127.9725  16.5%  51.8 6567s
  8651  2634 -1100.8461   29    2 -967.80498 -1127.9725  16.5%  51.8 6592s
  8675  2633 -1077.9647   32    2 -967.80498 -1127.9725  16.5%  51.9 6620s
  8710  2634 -1071.9255   36    2 -967.80498 -1127.9725  16.5%  52.0 6653s
  8720  2633     cutoff   37      -967.80498 -1127.9725  16.5%  52.0 6655s
  8739  2637     cutoff   37      -967.80498 -1127.9725  16.5%  52.0 6684s
  8747  2635 -1085.3599   34    2 -967.80498 -1127.9725  16.5%  52.0 6685s
  8771  2636 -1045.9852   37    2 -967.80498 -1127.9725  16.5%  52.1 6712s
  8796  2638     cutoff   38      -967.80498 -1127.9725  16.5%  52.2 6743s
  8842  2650 -1103.1463   33    2 -967.80498 -1127.9725  16.5%  52.2 6787s
  8872  2645 -1127.9725   28    7 -967.80498 -1127.9725  16.5%  52.3 6793s
  8891  2646     cutoff   36      -967.80498 -1127.9725  16.5%  52.3 6817s
  8917  2647     cutoff   37      -967.80498 -1127.9725  16.5%  52.4 6849s
  8945  2654 -1127.9725   19    6 -967.80498 -1127.9725  16.5%  52.4 6886s
  8988  2655 -1127.9725   21    4 -967.80498 -1127.9725  16.5%  52.4 6923s
  9030  2655 -1125.3667   28    2 -967.80498 -1127.9725  16.5%  52.5 6962s
  9061  2652     cutoff   36      -967.80498 -1127.9725  16.5%  52.5 6971s
  9079  2651 -1100.5029   30    2 -967.80498 -1127.9725  16.5%  52.5 7011s
  9138  2667 -1067.6344   36    2 -967.80498 -1127.9725  16.5%  52.6 7060s
  9201  2660     cutoff   37      -967.80498 -1127.9725  16.5%  52.5 7109s
  9248  2649     cutoff   38      -967.80498 -1127.9725  16.5%  52.6 7114s
  9280  2655 -1036.9196   37    2 -967.80498 -1127.9725  16.5%  52.6 7150s
  9339  2652     cutoff   38      -967.80498 -1127.9725  16.5%  52.7 7179s

Cutting planes:
  Lazy constraints: 31000

Explored 9365 nodes (497291 simplex iterations) in 7181.23 seconds
Thread count was 4 (of 4 available processors)

Solution count 10: -967.805 -957.91 -956.82 ... -941.39

Time limit reached
Best objective -9.678049762666e+02, best bound -1.127972536175e+03, gap 16.5496%

User-callback calls 100375, time in user-callback 3355.18 sec
