
Gurobi 9.0.3 (win64) logging started Mon Jan  3 09:28:17 2022

Changed value of parameter LogFile to Results/sslp3_30_70_50_var_BendersBnC.log
   Prev:   Default: 
Changed value of parameter Heuristics to 0.0
   Prev: 0.05  Min: 0.0  Max: 1.0  Default: 0.05
Changed value of parameter lazyConstraints to 1
   Prev: 0  Min: 0  Max: 1  Default: 0
Changed value of parameter timeLimit to 7186.874218225479
   Prev: inf  Min: 0.0  Max: inf  Default: inf
Gurobi Optimizer version 9.0.3 build v9.0.3rc0 (win64)
Optimize a model with 912 rows, 110 columns and 35282 nonzeros
Model fingerprint: 0xb12b572e
Variable types: 80 continuous, 30 integer (30 binary)
Coefficient statistics:
  Matrix range     [1e-13, 7e+05]
  Objective range  [2e-02, 4e+01]
  Bounds range     [1e+00, 1e+00]
  RHS range        [4e-15, 2e+04]
Warning: Model contains large matrix coefficient range
         Consider reformulating model or setting NumericFocus parameter
         to avoid numerical issues.
Presolve added 0 rows and 3 columns
Presolve removed 180 rows and 0 columns
Presolve time: 0.06s
Presolved: 732 rows, 113 columns, 18665 nonzeros
Variable types: 82 continuous, 31 integer (30 binary)

Root relaxation: objective -8.349139e+02, 276 iterations, 0.05 seconds

    Nodes    |    Current Node    |     Objective Bounds      |     Work
 Expl Unexpl |  Obj  Depth IntInf | Incumbent    BestBd   Gap | It/Node Time

     0     0 -834.91385    0   28          - -834.91385      -     -    0s
     0     0 -831.79735    0   21          - -831.79735      -     -    0s
     0     0 -831.16188    0   22          - -831.16188      -     -    0s
     0     0 -831.11859    0   21          - -831.11859      -     -    0s
     0     0 -831.09661    0   22          - -831.09661      -     -    0s
     0     0 -831.08503    0   22          - -831.08503      -     -    0s
     0     0 -831.08475    0   22          - -831.08475      -     -    0s
     0     0 -829.92503    0   22          - -829.92503      -     -    0s
     0     0 -829.66388    0   18          - -829.66388      -     -    0s
     0     0 -829.50486    0   18          - -829.50486      -     -    0s
     0     0 -829.40820    0   19          - -829.40820      -     -    0s
     0     0 -829.32148    0   20          - -829.32148      -     -    0s
     0     0 -829.30822    0   24          - -829.30822      -     -    0s
     0     0 -829.30179    0   23          - -829.30179      -     -    0s
     0     0 -829.29872    0   24          - -829.29872      -     -    0s
     0     0 -829.29658    0   23          - -829.29658      -     -    0s
     0     0 -829.29437    0   24          - -829.29437      -     -    0s
     0     0 -829.28814    0   24          - -829.28814      -     -    0s
     0     0 -829.28733    0   24          - -829.28733      -     -    0s
     0     0 -828.93110    0   20          - -828.93110      -     -    1s
     0     0 -828.85976    0   22          - -828.85976      -     -    1s
     0     0 -828.78298    0   23          - -828.78298      -     -    1s
     0     0 -828.74116    0   25          - -828.74116      -     -    1s
     0     0 -828.71445    0   26          - -828.71445      -     -    1s
     0     0 -828.70158    0   25          - -828.70158      -     -    1s
     0     0 -828.69295    0   24          - -828.69295      -     -    1s
     0     0 -828.68717    0   24          - -828.68717      -     -    1s
     0     0 -828.68457    0   23          - -828.68457      -     -    1s
     0     0 -828.68142    0   22          - -828.68142      -     -    1s
     0     0 -828.67572    0   26          - -828.67572      -     -    1s
     0     0 -828.67463    0   24          - -828.67463      -     -    1s
     0     0 -828.48456    0   22          - -828.48456      -     -    1s
     0     0 -828.39027    0   21          - -828.39027      -     -    1s
     0     0 -828.35391    0   23          - -828.35391      -     -    1s
     0     0 -828.33180    0   23          - -828.33180      -     -    1s
     0     0 -828.32416    0   22          - -828.32416      -     -    1s
     0     0 -828.31832    0   22          - -828.31832      -     -    1s
     0     0 -828.31353    0   23          - -828.31353      -     -    1s
     0     0 -828.30763    0   23          - -828.30763      -     -    1s
     0     0 -828.30720    0   24          - -828.30720      -     -    1s
     0     0 -828.24320    0   24          - -828.24320      -     -    1s
     0     0 -828.22761    0   22          - -828.22761      -     -    1s
     0     0 -828.21272    0   21          - -828.21272      -     -    1s
     0     0 -828.20399    0   23          - -828.20399      -     -    1s
     0     0 -828.18748    0   24          - -828.18748      -     -    2s
     0     0 -828.18226    0   22          - -828.18226      -     -    2s
     0     0 -828.18028    0   24          - -828.18028      -     -    2s
     0     0 -828.17717    0   23          - -828.17717      -     -    2s
     0     0 -828.17715    0   22          - -828.17715      -     -    2s
     0     0 -828.15157    0   23          - -828.15157      -     -    2s
     0     0 -828.12488    0   23          - -828.12488      -     -    2s
     0     0 -828.10630    0   25          - -828.10630      -     -    2s
     0     0 -828.10081    0   25          - -828.10081      -     -    2s
     0     0 -828.09619    0   25          - -828.09619      -     -    2s
     0     0 -828.09403    0   24          - -828.09403      -     -    2s
     0     0 -828.09289    0   24          - -828.09289      -     -    2s
     0     0 -828.07793    0   23          - -828.07793      -     -    2s
     0     0 -828.07091    0   23          - -828.07091      -     -    2s
     0     0 -828.06551    0   24          - -828.06551      -     -    2s
     0     0 -828.06115    0   22          - -828.06115      -     -    2s
     0     0 -828.06105    0   22          - -828.06105      -     -    2s
     0     0 -828.05409    0   22          - -828.05409      -     -    2s
     0     0 -828.03159    0   24          - -828.03159      -     -    2s
     0     0 -828.02952    0   24          - -828.02952      -     -    2s
     0     0 -828.01429    0   23          - -828.01429      -     -    2s
     0     0 -828.00147    0   23          - -828.00147      -     -    2s
     0     0 -827.99933    0   23          - -827.99933      -     -    2s
     0     0 -827.97087    0   23          - -827.97087      -     -    2s
     0     0 -827.95457    0   24          - -827.95457      -     -    2s
     0     0 -827.95217    0   23          - -827.95217      -     -    3s
     0     0 -827.95120    0   24          - -827.95120      -     -    3s
     0     0 -827.94368    0   24          - -827.94368      -     -    3s
     0     0 -827.93627    0   24          - -827.93627      -     -    3s
     0     0 -827.93191    0   25          - -827.93191      -     -    3s
     0     0 -827.92900    0   24          - -827.92900      -     -    3s
     0     0 -827.91745    0   22          - -827.91745      -     -    3s
     0     0 -827.90317    0   21          - -827.90317      -     -    3s
     0     0 -827.89716    0   22          - -827.89716      -     -    3s
     0     0 -827.89331    0   22          - -827.89331      -     -    3s
     0     0 -827.88500    0   24          - -827.88500      -     -    3s
     0     0 -827.88022    0   23          - -827.88022      -     -    3s
     0     0 -827.87874    0   25          - -827.87874      -     -    3s
     0     0 -827.82611    0   20          - -827.82611      -     -    3s
     0     0 -827.78674    0   23          - -827.78674      -     -    3s
     0     0 -827.76338    0   23          - -827.76338      -     -    3s
     0     0 -827.75318    0   25          - -827.75318      -     -    3s
     0     0 -827.74767    0   24          - -827.74767      -     -    3s
     0     0 -827.74225    0   25          - -827.74225      -     -    3s
     0     0 -827.74179    0   26          - -827.74179      -     -    3s
     0     0 -827.70883    0   23          - -827.70883      -     -    3s
     0     0 -827.70177    0   21          - -827.70177      -     -    3s
     0     0 -827.69765    0   23          - -827.69765      -     -    3s
     0     0 -827.69562    0   25          - -827.69562      -     -    3s
     0     0 -827.67272    0   20          - -827.67272      -     -    3s
     0     0 -827.66098    0   20          - -827.66098      -     -    4s
     0     0 -827.65249    0   19          - -827.65249      -     -    4s
     0     0 -827.64543    0   22          - -827.64543      -     -    4s
     0     0 -827.63989    0   20          - -827.63989      -     -    4s
     0     0 -827.63521    0   23          - -827.63521      -     -    4s
     0     0 -827.63368    0   22          - -827.63368      -     -    4s
     0     0 -827.63070    0   21          - -827.63070      -     -    4s
     0     0 -827.62728    0   24          - -827.62728      -     -    4s
     0     0 -827.62572    0   25          - -827.62572      -     -    4s
     0     0 -827.62223    0   24          - -827.62223      -     -    4s
     0     0 -827.60677    0   24          - -827.60677      -     -    4s
     0     0 -827.60499    0   25          - -827.60499      -     -    4s
     0     0 -827.58703    0   27          - -827.58703      -     -    4s
     0     0 -827.57054    0   27          - -827.57054      -     -    4s
     0     0 -827.56316    0   27          - -827.56316      -     -    4s
     0     0 -827.56069    0   27          - -827.56069      -     -    4s
     0     0 -827.53539    0   26          - -827.53539      -     -    4s
     0     0 -827.51549    0   24          - -827.51549      -     -    4s
     0     0 -827.51129    0   25          - -827.51129      -     -    4s
     0     0 -827.50749    0   23          - -827.50749      -     -    4s
     0     0 -827.50308    0   25          - -827.50308      -     -    4s
     0     0 -827.50297    0   25          - -827.50297      -     -    4s
     0     0 -827.49694    0   21          - -827.49694      -     -    5s
     0     0 -827.48543    0   25          - -827.48543      -     -    5s
     0     0 -827.48287    0   26          - -827.48287      -     -    5s
     0     0 -827.48039    0   24          - -827.48039      -     -    5s
     0     0 -827.48039    0   24          - -827.48039      -     -    5s
     0     2 -827.48039    0   24          - -827.48039      -     -    5s
*   65    56              30    -451.0399894 -827.45139  83.5%  25.5    8s
*   67    56              30    -601.2199856 -827.45139  37.6%  25.6    8s
*   77    58              30    -609.8399849 -827.40866  35.7%  31.0    9s
   132   101 -818.92565   29    2 -609.83998 -827.33748  35.7%  29.9   11s
*  165   104              30    -610.3999847 -827.25534  35.5%  31.5   17s
*  169   104              30    -613.2599842 -827.25534  34.9%  31.6   17s
   214   138 -815.65073   28    2 -613.25998 -826.94515  34.8%  32.7   20s
   254   140 -818.09384   16    - -613.25998 -826.40290  34.8%  33.2   26s
   310   159     cutoff   30      -613.25998 -824.87254  34.5%  33.6   31s
*  372   201              30    -613.4599841 -824.69204  34.4%  30.7   35s
*  374   201              30    -638.1399835 -824.69204  29.2%  30.7   36s
   394   199     cutoff   30      -638.13998 -824.62640  29.2%  30.2   40s
   449   234 -755.34161   18    - -638.13998 -824.47052  29.2%  29.4   45s
   479   241 -745.76047   30    - -638.13998 -824.35709  29.2%  28.9   50s
   532   274 -818.74462   19    2 -638.13998 -824.33639  29.2%  27.7   55s
*  565   277              30    -644.8999834 -824.33639  27.8%  27.2   60s
   599   284 -820.04234    6    4 -644.89998 -824.07116  27.8%  27.1   65s
   643   298 -820.03873   10    5 -644.89998 -824.07116  27.8%  27.1   71s
   663   324 -769.93826   12    - -644.89998 -824.07116  27.8%  27.2   75s
   715   331 -724.87799   15    - -644.89998 -824.07116  27.8%  26.4   80s
   744   345 -747.61035   20    2 -644.89998 -824.07116  27.8%  26.1   85s
   784   359     cutoff   30      -644.89998 -824.07116  27.8%  25.8   90s
   829   377 -645.32154   29    2 -644.89998 -823.76928  27.7%  25.2   95s
*  835   375              30    -648.0399838 -823.67615  27.1%  25.3   96s
*  851   380              30    -654.7799831 -823.67615  25.8%  25.4   98s
   864   385     cutoff   30      -654.77998 -823.67615  25.8%  25.2  101s
   906   401 -781.91181   27    2 -654.77998 -823.53965  25.8%  25.2  105s
   950   422     cutoff   30      -654.77998 -823.48905  25.8%  24.9  110s
   997   442 -822.29324   18    7 -654.77998 -823.27950  25.7%  25.1  115s
  1056   477     cutoff   30      -654.77998 -823.25181  25.7%  24.9  120s
  1099   494 -701.83592   30    - -654.77998 -823.02283  25.7%  24.8  125s
  1151   519 -816.58286   22    3 -654.77998 -822.75030  25.7%  24.9  130s
  1197   520     cutoff   30      -654.77998 -822.59534  25.6%  24.7  137s
  1229   528     cutoff   30      -654.77998 -822.52110  25.6%  24.8  140s
  1288   567 -658.48305   29    2 -654.77998 -822.44472  25.6%  24.3  145s
  1322   574     cutoff   30      -654.77998 -822.40118  25.6%  24.2  151s
  1362   604 -816.14059   20    4 -654.77998 -822.37602  25.6%  24.3  155s
  1417   634 -817.93752    9    9 -654.77998 -822.28795  25.6%  24.2  161s
  1463   649 -811.04043   19    2 -654.77998 -822.28795  25.6%  23.9  165s
  1493   669 -790.93614   24    2 -654.77998 -822.20471  25.6%  23.8  171s
  1526   668     cutoff   30      -654.77998 -822.17372  25.6%  23.6  175s
  1572   662 -815.40125   19    3 -654.77998 -822.16356  25.6%  23.5  182s
  1604   678 -792.99498   20    2 -654.77998 -822.10109  25.6%  23.2  191s
  1637   675     cutoff   30      -654.77998 -822.05378  25.5%  23.1  195s
  1670   669     cutoff   30      -654.77998 -822.03557  25.5%  22.9  200s
  1724   701 -745.66125   28    2 -654.77998 -821.97581  25.5%  22.6  206s
  1773   706     cutoff   30      -654.77998 -821.91664  25.5%  22.6  211s
  1805   708     cutoff   30      -654.77998 -821.78437  25.5%  22.7  219s
  1826   708     cutoff   30      -654.77998 -821.75161  25.5%  22.7  223s
  1842   707     cutoff   30      -654.77998 -821.68682  25.5%  22.7  226s
  1861   712     cutoff   30      -654.77998 -821.62915  25.5%  22.7  230s
  1914   734     cutoff   30      -654.77998 -821.48534  25.5%  22.7  237s
  1953   744 -657.15998   30    - -654.77998 -821.42995  25.5%  22.8  242s
  1984   757     cutoff   30      -654.77998 -821.40115  25.4%  22.7  245s
  2039   772 -794.25849   17    3 -654.77998 -821.36463  25.4%  22.6  253s
  2068   783     cutoff   30      -654.77998 -821.23701  25.4%  22.6  259s
  2079   787     cutoff   30      -654.77998 -821.17852  25.4%  22.6  261s
  2097   790     cutoff   30      -654.77998 -821.15345  25.4%  22.6  265s
  2128   800     cutoff   30      -654.77998 -821.12699  25.4%  22.6  270s
  2158   812 -790.78912   22    2 -654.77998 -821.02052  25.4%  22.6  275s
  2193   810     cutoff   30      -654.77998 -820.86614  25.4%  22.6  280s
  2212   831 -815.30472   14    2 -654.77998 -820.74003  25.3%  22.6  285s
  2260   843 -813.12881   23    2 -654.77998 -820.64089  25.3%  22.5  292s
  2272   860 -760.85991   29    2 -654.77998 -820.61566  25.3%  22.5  295s
  2332   884 -668.29237   29    2 -654.77998 -820.51472  25.3%  22.4  300s
  2365   910 -727.85581   29    2 -654.77998 -820.44786  25.3%  22.4  307s
  2415   913     cutoff   30      -654.77998 -820.43371  25.3%  22.3  312s
* 2418   913              30    -659.7999831 -820.43371  24.3%  22.3  312s
* 2423   913              30    -663.2399831 -820.43371  23.7%  22.3  313s
  2440   933     cutoff   30      -663.23998 -820.35350  23.7%  22.4  317s
  2470   952     cutoff   30      -663.23998 -820.32981  23.7%  22.4  321s
  2513   957     cutoff   30      -663.23998 -820.28191  23.7%  22.4  328s
  2524   978 -815.42470    9    2 -663.23998 -820.25076  23.7%  22.5  332s
  2562   986 -793.76873   22    2 -663.23998 -820.25064  23.7%  22.3  335s
  2581  1013     cutoff   30      -663.23998 -820.25057  23.7%  22.3  341s
  2633  1010     cutoff   30      -663.23998 -820.24140  23.7%  22.1  347s
  2644  1017     cutoff   30      -663.23998 -820.16774  23.7%  22.2  350s
  2682  1054 -794.24611   16    2 -663.23998 -820.03810  23.6%  22.3  362s
  2728  1071     cutoff   30      -663.23998 -820.03695  23.6%  22.1  367s
  2769  1091     cutoff   30      -663.23998 -819.93959  23.6%  22.0  373s
  2820  1108     cutoff   30      -663.23998 -819.88483  23.6%  21.9  379s
  2837  1111     cutoff   30      -663.23998 -819.88182  23.6%  21.9  381s
  2868  1126     cutoff   30      -663.23998 -819.86662  23.6%  21.9  386s
  2916  1136 -765.37069   19   24 -663.23998 -819.86075  23.6%  21.8  399s
  2918  1137 -819.11907    9   28 -663.23998 -819.86075  23.6%  21.8  430s
  2919  1138 -818.47717   26   22 -663.23998 -819.86075  23.6%  21.8  435s
  2923  1141 -819.52987   17   21 -663.23998 -819.86075  23.6%  21.8  440s
  2927  1143 -816.35125   17   23 -663.23998 -819.86075  23.6%  21.7  446s
  2928  1144 -790.58287   26   20 -663.23998 -819.86075  23.6%  21.7  450s
  2930  1145 -815.04717   25   21 -663.23998 -819.86075  23.6%  21.7  455s
  2932  1147 -817.88457   12   21 -663.23998 -819.86075  23.6%  21.7  462s
  2933  1147 -722.67369   22   22 -663.23998 -819.86075  23.6%  21.7  467s
  2934  1148 -775.40934   26   22 -663.23998 -819.86075  23.6%  21.7  470s
  2936  1149 -815.08888   25   22 -663.23998 -819.86075  23.6%  21.7  478s
  2937  1150 -814.43221   20   20 -663.23998 -819.86075  23.6%  21.7  483s
  2938  1151 -816.76572   25   22 -663.23998 -819.86075  23.6%  21.7  487s
  2939  1151 -817.08544   18   21 -663.23998 -819.86075  23.6%  21.7  491s
  2940  1152 -801.54577   27   23 -663.23998 -819.86075  23.6%  21.7  495s
  2942  1153 -803.48882   26   25 -663.23998 -819.86075  23.6%  21.6  503s
  2943  1154 -801.69256   22   24 -663.23998 -819.86075  23.6%  21.6  508s
  2944  1155 -812.91442   27   25 -663.23998 -819.86075  23.6%  21.6  511s
  2945  1155 -819.07985    9   22 -663.23998 -819.86075  23.6%  21.6  523s
  2946  1156 -819.29980   27   22 -663.23998 -819.86075  23.6%  21.6  531s
  2948  1159 -819.86075   12   21 -663.23998 -819.86075  23.6%  22.3  546s
  2950  1161 -819.86075   13   17 -663.23998 -819.86075  23.6%  22.4  555s
  2952  1162 -819.86075   13   19 -663.23998 -819.86075  23.6%  22.5  565s
  2954  1163 -819.86075   14   16 -663.23998 -819.86075  23.6%  22.5  573s
  2958  1165 -819.86075   15   18 -663.23998 -819.86075  23.6%  22.6  580s
  2961  1165     cutoff   15      -663.23998 -819.86075  23.6%  22.7  586s
  2964  1166     cutoff   16      -663.23998 -819.86075  23.6%  22.7  592s
  2968  1168     cutoff   17      -663.23998 -819.86075  23.6%  22.8  597s
  2979  1166     cutoff   20      -663.23998 -819.86075  23.6%  22.9  601s
  2991  1168     cutoff   22      -663.23998 -819.86075  23.6%  23.0  606s
  3006  1173     cutoff   24      -663.23998 -819.86075  23.6%  23.1  610s
  3037  1174 -819.86075   29    9 -663.23998 -819.86075  23.6%  23.2  617s
  3050  1169 -819.86075   30    8 -663.23998 -819.86075  23.6%  23.2  620s
  3080  1165     cutoff   35      -663.23998 -819.86075  23.6%  23.4  627s
  3092  1167     cutoff   38      -663.23998 -819.86075  23.6%  23.5  630s
  3123  1174 -796.30349   18    2 -663.23998 -819.86075  23.6%  23.6  639s
  3131  1173 -812.46615   18    3 -663.23998 -819.86075  23.6%  23.7  640s
  3144  1173 -773.75746   22    - -663.23998 -819.86075  23.6%  23.8  645s
  3172  1179 -790.99820   24    2 -663.23998 -819.86075  23.6%  23.9  652s
  3190  1184 -756.00822   34    2 -663.23998 -819.86075  23.6%  23.9  657s
  3228  1181 -749.35808   40    2 -663.23998 -819.86075  23.6%  23.9  666s
  3259  1189 -745.81040   43    2 -663.23998 -819.86075  23.6%  23.8  677s
  3281  1195 -799.27271   20    9 -663.23998 -819.86075  23.6%  23.9  682s
  3291  1200 -691.71998   21    - -663.23998 -819.86075  23.6%  24.1  685s
  3323  1213 -774.02857   25    2 -663.23998 -819.86075  23.6%  24.3  691s
  3346  1215 -772.90962   24    2 -663.23998 -819.86075  23.6%  24.4  697s
  3365  1215 -796.56820   37    2 -663.23998 -819.86075  23.6%  24.4  700s
  3379  1219 -752.10899   30    3 -663.23998 -819.86075  23.6%  24.5  705s
  3417  1223 -747.58320   42    2 -663.23998 -819.86075  23.6%  24.6  714s
  3445  1228 -739.96323   44    2 -663.23998 -819.86075  23.6%  24.6  721s
  3462  1232     cutoff   45      -663.23998 -819.86075  23.6%  24.7  727s
  3492  1240 -707.77232   45    2 -663.23998 -819.86075  23.6%  24.8  734s
  3517  1244 -819.86075   27    3 -663.23998 -819.86075  23.6%  24.9  740s
  3538  1248 -818.27897   30    3 -663.23998 -819.86075  23.6%  25.1  745s
  3572  1258 -787.85099   32    2 -663.23998 -819.86075  23.6%  25.1  754s
  3591  1256 -787.20014   41    2 -663.23998 -819.86075  23.6%  25.1  756s
  3607  1260 -752.77862   40    2 -663.23998 -819.86075  23.6%  25.2  762s
  3649  1264 -750.89767   43    2 -663.23998 -819.86075  23.6%  25.2  771s
  3709  1275     cutoff   44      -663.23998 -819.86075  23.6%  25.2  783s
  3756  1281     cutoff   37      -663.23998 -819.86075  23.6%  25.3  790s
  3796  1284 -746.98777   42    2 -663.23998 -819.86075  23.6%  25.4  798s
  3838  1292 -779.22037   31    8 -663.23998 -819.86075  23.6%  25.5  807s
  3886  1300 -753.50644   42    2 -663.23998 -819.86075  23.6%  25.5  819s
  3905  1297     cutoff   43      -663.23998 -819.86075  23.6%  25.6  821s
  3935  1310     cutoff   45      -663.23998 -819.86075  23.6%  25.6  827s
  3978  1318 -729.95494   44    2 -663.23998 -819.86075  23.6%  25.7  836s
  4023  1318 -789.17759   24    2 -663.23998 -819.86075  23.6%  25.8  847s
  4061  1338 -796.78834   25    7 -663.23998 -819.86075  23.6%  25.9  858s
  4089  1346     cutoff   28      -663.23998 -819.86075  23.6%  26.1  865s
  4165  1349     cutoff   44      -663.23998 -819.85498  23.6%  26.1  881s
  4198  1355 -735.60099   44    2 -663.23998 -819.84169  23.6%  26.2  888s
  4232  1356     cutoff   45      -663.23998 -819.81806  23.6%  26.4  899s
  4275  1370 -790.70569   34    2 -663.23998 -819.70460  23.6%  26.5  910s
  4329  1373     cutoff   43      -663.23998 -819.66434  23.6%  26.6  922s
  4380  1387     cutoff   44      -663.23998 -819.50211  23.6%  26.8  935s
  4435  1397 -768.02741   37    2 -663.23998 -819.45565  23.6%  26.9  949s
  4496  1423     cutoff   44      -663.23998 -819.43718  23.6%  27.0  965s
  4535  1419     cutoff   44      -663.23998 -819.40093  23.5%  27.1  970s
  4579  1436 -729.18857   44    2 -663.23998 -819.24873  23.5%  27.1  979s
  4623  1432 -724.39472   44    2 -663.23998 -819.17606  23.5%  27.0  983s
  4650  1447     cutoff   45      -663.23998 -819.13717  23.5%  27.1  994s
  4698  1440 -768.68558   42    2 -663.23998 -819.08637  23.5%  27.3 1008s
  4761  1444 -791.76898   40    2 -663.23998 -818.99336  23.5%  27.4 1018s
  4812  1467     cutoff   44      -663.23998 -818.92486  23.5%  27.4 1034s
  4837  1465 -782.59452   42    2 -663.23998 -818.86108  23.5%  27.5 1036s
  4900  1464     cutoff   45      -663.23998 -818.83355  23.5%  27.4 1052s
  4968  1483 -771.43411   39    2 -663.23998 -818.78809  23.5%  27.6 1072s
  4997  1483 -769.41633   39    2 -663.23998 -818.74062  23.4%  27.6 1077s
  5049  1491 -763.75213   43    2 -663.23998 -818.64676  23.4%  27.7 1093s
  5071  1489 -817.58512   34    4 -663.23998 -818.64050  23.4%  27.7 1096s
  5099  1497     cutoff   44      -663.23998 -818.60392  23.4%  27.8 1110s
  5183  1518 -727.46007   44    2 -663.23998 -818.51786  23.4%  27.9 1132s
  5254  1546     cutoff   45      -663.23998 -818.39325  23.4%  28.0 1151s
  5356  1574 -727.87659   43    2 -663.23998 -818.29834  23.4%  28.0 1175s
  5474  1591 -721.00785   45    2 -663.23998 -818.14567  23.4%  28.0 1201s
  5571  1594     cutoff   46      -663.23998 -818.08345  23.3%  28.0 1225s
  5633  1593 -750.56978   43    2 -663.23998 -818.08303  23.3%  28.1 1234s
  5661  1608 -686.59570   46    2 -663.23998 -817.96956  23.3%  28.1 1248s
  5712  1603     cutoff   22      -663.23998 -817.94155  23.3%  28.2 1254s
  5742  1631     cutoff   44      -663.23998 -817.86171  23.3%  28.3 1271s
  5795  1625 -748.79414   33    2 -663.23998 -817.61852  23.3%  28.2 1276s
  5879  1636 -782.33869   41    2 -663.23998 -817.52457  23.3%  28.2 1300s
  5935  1631 -785.31520   40    2 -663.23998 -817.28975  23.2%  28.2 1306s
  6024  1630     cutoff   43      -663.23998 -817.17093  23.2%  28.2 1329s
  6175  1648     cutoff   44      -663.23998 -816.78680  23.2%  28.2 1363s
  6225  1648     cutoff   45      -663.23998 -816.75424  23.1%  28.3 1371s
  6298  1653 -788.30847   38    2 -663.23998 -816.68769  23.1%  28.3 1393s
  6412  1673 -779.93428   42    2 -663.23998 -815.96145  23.0%  28.3 1425s
  6469  1682     cutoff   43      -663.23998 -815.85408  23.0%  28.4 1430s
  6534  1723 -808.06123   33    4 -663.23998 -815.83695  23.0%  28.4 1456s
  6586  1733 -763.77360   31    2 -663.23998 -815.68026  23.0%  28.5 1461s
  6670  1760 -765.13996   42    2 -663.23998 -815.62487  23.0%  28.5 1487s
  6751  1785 -755.76513   43    2 -663.23998 -815.17914  22.9%  28.5 1498s
  6848  1810     cutoff   45      -663.23998 -815.04245  22.9%  28.5 1526s
  6948  1844 -764.84106   40    2 -663.23998 -814.58297  22.8%  28.6 1559s
  7035  1877 -719.92481   44    2 -663.23998 -814.44702  22.8%  28.5 1573s
  7088  1914 -729.75159   44    2 -663.23998 -814.24828  22.8%  28.5 1598s
  7154  1934     cutoff   45      -663.23998 -813.99640  22.7%  28.5 1608s
  7258  1953     cutoff   45      -663.23998 -813.84962  22.7%  28.5 1637s
  7424  1985 -693.71186   45    2 -663.23998 -811.82813  22.4%  28.6 1680s
  7494  2006     cutoff   43      -663.23998 -811.62702  22.4%  28.6 1689s
  7586  2013     cutoff   46      -663.23998 -811.03807  22.3%  28.6 1720s
  7649  2039     cutoff   44      -663.23998 -810.23063  22.2%  28.7 1730s
  7751  2055 -792.67263   19    2 -663.23998 -810.15863  22.2%  28.7 1762s
  7825  2077     cutoff   31      -663.23998 -808.69987  21.9%  28.7 1772s
  7918  2078 -697.33609   45    2 -663.23998 -808.40732  21.9%  28.7 1803s
  7969  2092 -774.40440   42    2 -663.23998 -807.50988  21.8%  28.8 1809s
  8089  2081     cutoff   34      -663.23998 -807.46624  21.7%  28.8 1846s
  8173  2106     cutoff   43      -663.23998 -804.73640  21.3%  28.9 1855s
  8251  2117     cutoff   44      -663.23998 -804.52696  21.3%  29.0 1887s
  8369  2155 -742.49136   44    2 -663.23998 -802.20088  21.0%  29.1 1924s
  8505  2205     cutoff   45      -663.23998 -800.89006  20.8%  29.1 1969s
  8562  2230     cutoff   44      -663.23998 -800.41475  20.7%  29.1 1981s
  8596  2265     cutoff   43      -663.23998 -800.40006  20.7%  29.2 2011s
  8650  2288 -774.04266   35    3 -663.23998 -800.25244  20.7%  29.2 2022s
  8716  2327 -749.70108   42    2 -663.23998 -800.19737  20.6%  29.2 2052s
  8835  2384 -743.59593   43    2 -663.23998 -800.02341  20.6%  29.3 2094s
  8905  2408     cutoff   44      -663.23998 -799.88901  20.6%  29.3 2104s
  8967  2436     cutoff   45      -663.23998 -799.87227  20.6%  29.3 2139s
  9105  2486 -791.72956   26    2 -663.23998 -799.59398  20.6%  29.3 2182s
  9231  2571 -776.59425   40    2 -663.23998 -799.44646  20.5%  29.4 2233s
* 9235  2568              43    -664.5199828 -799.44646  20.3%  29.4 2235s
* 9254  2551              35    -667.7599824 -799.44646  19.7%  29.4 2237s
  9304  2572 -713.67086   45    2 -667.75998 -799.34365  19.7%  29.4 2245s
  9376  2604 -769.98551   43    2 -667.75998 -799.33157  19.7%  29.4 2280s
  9500  2685 -791.68419   29    2 -667.75998 -799.26540  19.7%  29.4 2329s
  9572  2704     cutoff   46      -667.75998 -799.07261  19.7%  29.4 2337s
  9634  2730 -759.01149   42    2 -667.75998 -799.05171  19.7%  29.4 2371s
  9692  2752 -731.94492   43    3 -667.75998 -798.93310  19.6%  29.4 2380s
  9734  2782 -742.79686   44    2 -667.75998 -798.91744  19.6%  29.4 2414s
  9818  2814 -725.30011   45    2 -667.75998 -798.72965  19.6%  29.4 2427s
  9888  2846     cutoff   45      -667.75998 -798.65342  19.6%  29.4 2466s
  9955  2867     cutoff   46      -667.75998 -798.64626  19.6%  29.5 2475s
 10025  2902 -710.90353   45    2 -667.75998 -798.53508  19.6%  29.5 2510s
 10090  2927 -797.61513   28    2 -667.75998 -798.49208  19.6%  29.5 2520s
 10147  2929     cutoff   46      -667.75998 -798.44353  19.6%  29.5 2552s
 10274  3005 -703.75661   43    2 -667.75998 -798.21171  19.5%  29.6 2605s
 10356  3035     cutoff   45      -667.75998 -798.15541  19.5%  29.6 2618s
 10436  3078     cutoff   47      -667.75998 -798.06515  19.5%  29.6 2653s
 10524  3113     cutoff   45      -667.75998 -798.01992  19.5%  29.5 2667s
 10608  3145 -672.15948   46    2 -667.75998 -797.97512  19.5%  29.6 2703s
 10743  3202     cutoff   44      -667.75998 -797.90321  19.5%  29.6 2750s
 10876  3266     cutoff   37      -667.75998 -797.81912  19.5%  29.6 2797s
 11005  3326     cutoff   44      -667.75998 -797.78338  19.5%  29.6 2843s
 11074  3348 -757.26010   42    2 -667.75998 -797.77316  19.5%  29.6 2850s
 11130  3369 -717.47872   45    2 -667.75998 -797.71602  19.5%  29.7 2881s
 11196  3389     cutoff   44      -667.75998 -797.62840  19.4%  29.7 2888s
 11246  3417 -793.36753   22    2 -667.75998 -797.62617  19.4%  29.7 2927s
 11373  3466 -770.71538   40    2 -667.75998 -797.53851  19.4%  29.7 2970s
 11444  3489 -668.39998   44    - -667.75998 -797.52698  19.4%  29.7 2979s
 11520  3532 -764.44466   43    2 -667.75998 -797.40395  19.4%  29.7 3019s
 11587  3556     cutoff   44      -667.75998 -797.38982  19.4%  29.7 3027s
 11661  3577     cutoff   44      -667.75998 -797.33466  19.4%  29.7 3060s
 11710  3598 -778.21697   22    8 -667.75998 -797.32349  19.4%  29.7 3068s
 11759  3652     cutoff   44      -667.75998 -797.30546  19.4%  29.7 3108s
 11810  3664 -772.42470   35    2 -667.75998 -797.28790  19.4%  29.7 3112s
 11886  3691 -718.68415   45    2 -667.75998 -797.21420  19.4%  29.8 3148s
 11946  3714 -735.99262   44    2 -667.75998 -797.07616  19.4%  29.8 3154s
 12002  3750     cutoff   46      -667.75998 -797.07287  19.4%  29.8 3187s
 12043  3765     cutoff   45      -667.75998 -797.01518  19.4%  29.8 3192s
 12109  3796 -748.07065   43    2 -667.75998 -796.99402  19.4%  29.8 3232s
 12189  3820     cutoff   39      -667.75998 -796.86560  19.3%  29.7 3240s
 12259  3856 -796.54873   20    3 -667.75998 -796.84721  19.3%  29.8 3279s
 12290  3866 -765.92811   43    2 -667.75998 -796.84017  19.3%  29.8 3283s
 12357  3922 -793.87529   31    6 -667.75998 -796.83239  19.3%  29.8 3321s
 12469  3957 -735.56507   44    2 -667.75998 -796.77871  19.3%  29.8 3363s
 12588  4013     cutoff   45      -667.75998 -796.73982  19.3%  29.8 3408s
 12700  4061 -790.76518   38    2 -667.75998 -796.66023  19.3%  29.8 3455s
 12825  4113     cutoff   26      -667.75998 -796.57341  19.3%  29.9 3500s
 12893  4139 -794.53679   23    2 -667.75998 -796.53841  19.3%  29.8 3510s
 12942  4156 -768.19134   43    2 -667.75998 -796.51574  19.3%  29.9 3545s
 13030  4196     cutoff   44      -667.75998 -796.47101  19.3%  29.9 3588s
 13152  4231 -732.81515   44    2 -667.75998 -796.38893  19.3%  29.9 3630s
 13252  4281 -778.85469   30    2 -667.75998 -796.32721  19.3%  29.9 3674s
 13311  4304 -735.84864   43    2 -667.75998 -796.29902  19.2%  29.9 3683s
 13383  4334     cutoff   44      -667.75998 -796.26890  19.2%  29.9 3726s
 13434  4354     cutoff   44      -667.75998 -796.24328  19.2%  29.9 3733s
 13501  4392     cutoff   37      -667.75998 -796.20192  19.2%  29.9 3776s
 13582  4415 -787.51462   41    2 -667.75998 -796.15392  19.2%  29.9 3784s
 13654  4450 -767.82446   32    4 -667.75998 -796.12440  19.2%  29.9 3827s
 13786  4509     cutoff   44      -667.75998 -796.04305  19.2%  29.9 3875s
 13894  4552     cutoff   45      -667.75998 -795.97710  19.2%  29.9 3919s
 13968  4577 -728.39589   44    2 -667.75998 -795.85344  19.2%  29.9 3928s
 14026  4609     cutoff   44      -667.75998 -795.85098  19.2%  29.9 3977s
 14109  4636     cutoff   45      -667.75998 -795.77353  19.2%  29.8 3987s
 14181  4672 -759.67408   43    2 -667.75998 -795.76665  19.2%  29.8 4032s
 14241  4689     cutoff   44      -667.75998 -795.75232  19.2%  29.8 4039s
 14292  4713 -732.31503   44    2 -667.75998 -795.71333  19.2%  29.8 4081s
 14429  4763     cutoff   45      -667.75998 -795.64000  19.2%  29.8 4133s
 14492  4780 -668.55998   44    - -667.75998 -795.60029  19.1%  29.8 4140s
 14564  4804     cutoff   43      -667.75998 -795.58584  19.1%  29.8 4182s
 14636  4828     cutoff   44      -667.75998 -795.48062  19.1%  29.8 4191s
 14690  4856 -755.57574   43    2 -667.75998 -795.47266  19.1%  29.8 4238s
 14742  4873     cutoff   45      -667.75998 -795.43598  19.1%  29.8 4245s
 14817  4905     cutoff   44      -667.75998 -795.42973  19.1%  29.8 4290s
 14871  4927 -730.82429   44    2 -667.75998 -795.38347  19.1%  29.8 4299s
 14935  4960 -718.67911   44    2 -667.75998 -795.37845  19.1%  29.8 4346s
 15004  4986 -791.39387   25    2 -667.75998 -795.30837  19.1%  29.7 4357s
 15052  5027     cutoff   45      -667.75998 -795.30298  19.1%  29.8 4398s
 15177  5073 -762.42038   43    2 -667.75998 -795.23715  19.1%  29.7 4448s
 15300  5148     cutoff   44      -667.75998 -795.18190  19.1%  29.7 4506s
 15367  5172 -767.78535   30    3 -667.75998 -795.15849  19.1%  29.7 4515s
 15439  5197 -726.09623   44    2 -667.75998 -795.15685  19.1%  29.7 4563s
 15485  5213     cutoff   44      -667.75998 -795.08652  19.1%  29.7 4569s
 15553  5256     cutoff   45      -667.75998 -795.08278  19.1%  29.7 4608s
 15615  5268     cutoff   45      -667.75998 -795.01698  19.1%  29.7 4613s
 15695  5296 -789.14720   39    2 -667.75998 -794.97427  19.1%  29.7 4652s
 15774  5319 -792.29552   39    2 -667.75998 -794.89839  19.0%  29.7 4661s
 15843  5358 -716.45592   45    2 -667.75998 -794.89327  19.0%  29.7 4710s
 15975  5400 -770.97912   32    3 -667.75998 -794.85660  19.0%  29.7 4763s
 16086  5459     cutoff   44      -667.75998 -794.79810  19.0%  29.7 4816s
 16243  5510 -735.25390   43    2 -667.75998 -794.73139  19.0%  29.6 4867s
 16306  5529     cutoff   44      -667.75998 -794.63344  19.0%  29.6 4874s
 16396  5546 -728.25421   44    2 -667.75998 -794.63020  19.0%  29.6 4918s
 16457  5567 -714.22115   45    2 -667.75998 -794.58024  19.0%  29.6 4927s
 16527  5592     cutoff   45      -667.75998 -794.54450  19.0%  29.6 4982s
 16642  5645 -759.98454   41    2 -667.75998 -794.48719  19.0%  29.6 5039s
 16713  5661 -768.23152   30    2 -667.75998 -794.43844  19.0%  29.6 5045s
 16782  5693 -789.07688   34    2 -667.75998 -794.42249  19.0%  29.6 5093s
 16830  5706 -756.98419   43    2 -667.75998 -794.42207  19.0%  29.6 5098s
 16875  5734 -774.65954   28    2 -667.75998 -794.36024  19.0%  29.6 5147s
 16924  5750     cutoff   44      -667.75998 -794.33995  19.0%  29.6 5153s
 16971  5758     cutoff   34      -667.75998 -794.32909  19.0%  29.6 5201s
 17108  5796     cutoff   44      -667.75998 -794.29446  18.9%  29.6 5256s
 17194  5842 -729.92358   43    2 -667.75998 -794.16920  18.9%  29.7 5308s
 17261  5860 -684.53998   41    - -667.75998 -794.12915  18.9%  29.7 5316s
*17265  5826              44    -669.2199821 -794.12915  18.7%  29.7 5316s
 17309  5852 -724.49673   44    2 -669.21998 -794.12816  18.7%  29.7 5364s
 17453  5891     cutoff   45      -669.21998 -794.05119  18.7%  29.7 5420s
 17495  5907     cutoff   45      -669.21998 -793.99457  18.6%  29.7 5426s
 17561  5934 -762.23768   38    2 -669.21998 -793.99162  18.6%  29.7 5474s
 17676  5985 -751.76387   43    2 -669.21998 -793.92103  18.6%  29.7 5528s
 17729  6003 -689.85998   37    - -669.21998 -793.89291  18.6%  29.7 5536s
 17817  6025     cutoff   44      -669.21998 -793.88507  18.6%  29.7 5587s
 17912  6064 -790.37007   27    2 -669.21998 -793.80375  18.6%  29.7 5639s
 17972  6083 -720.68698   44    2 -669.21998 -793.79188  18.6%  29.7 5647s
 18014  6096     cutoff   43      -669.21998 -793.77854  18.6%  29.7 5693s
 18138  6121     cutoff   44      -669.21998 -793.71149  18.6%  29.7 5756s
 18212  6145     cutoff   43      -669.21998 -793.66322  18.6%  29.7 5766s
 18279  6186     cutoff   44      -669.21998 -793.62773  18.6%  29.7 5817s
 18399  6238 -704.24697   45    2 -669.21998 -793.58186  18.6%  29.7 5878s
 18462  6262     cutoff   44      -669.21998 -793.52099  18.6%  29.7 5887s
 18520  6281     cutoff   46      -669.21998 -793.50821  18.6%  29.7 5932s
 18567  6296 -725.99964   43    2 -669.21998 -793.49098  18.6%  29.7 5938s
 18613  6304 -756.09341   42    2 -669.21998 -793.48311  18.6%  29.7 5987s
 18729  6343     cutoff   44      -669.21998 -793.41100  18.6%  29.7 6044s
 18834  6387     cutoff   45      -669.21998 -793.29368  18.5%  29.7 6101s
 18971  6446 -725.85639   44    2 -669.21998 -793.22818  18.5%  29.7 6167s
 19041  6474 -721.27294   44    2 -669.21998 -793.17329  18.5%  29.7 6178s
 19110  6501     cutoff   45      -669.21998 -793.14376  18.5%  29.7 6233s
 19220  6544 -766.71469   41    3 -669.21998 -793.07790  18.5%  29.6 6292s
 19271  6563     cutoff   43      -669.21998 -793.04927  18.5%  29.6 6299s
 19336  6589 -758.39452   43    2 -669.21998 -793.03826  18.5%  29.6 6355s
 19508  6657 -755.06516   41    2 -669.21998 -792.95251  18.5%  29.6 6424s
 19659  6697     cutoff   44      -669.21998 -792.88165  18.5%  29.6 6486s
 19773  6734     cutoff   45      -669.21998 -792.77642  18.5%  29.6 6554s
 19848  6761 -762.84620   31    3 -669.21998 -792.74126  18.5%  29.5 6565s
 19923  6784 -784.03814   42    2 -669.21998 -792.68032  18.4%  29.5 6618s
 20037  6830     cutoff   43      -669.21998 -792.59182  18.4%  29.5 6682s
 20185  6902 -747.08996   43    2 -669.21998 -792.54614  18.4%  29.5 6746s
 20319  6945     cutoff   44      -669.21998 -792.48105  18.4%  29.5 6808s
 20373  6959 -719.54632   44    2 -669.21998 -792.43458  18.4%  29.5 6814s
 20411  6970     cutoff   44      -669.21998 -792.43419  18.4%  29.5 6861s
 20526  7023     cutoff   44      -669.21998 -792.35485  18.4%  29.5 6930s
 20646  7036     cutoff   43      -669.21998 -792.28485  18.4%  29.5 6990s
 20808  7093     cutoff   44      -669.21998 -792.11677  18.4%  29.5 7056s
 20934  7125 -759.59577   42    2 -669.21998 -792.08688  18.4%  29.5 7110s
 21065  7165 -759.84829   38    3 -669.21998 -792.02276  18.4%  29.5 7177s

Cutting planes:
  MIR: 352
  Flow cover: 98
  Lazy constraints: 272789

Explored 21211 nodes (628707 simplex iterations) in 7199.38 seconds
Thread count was 4 (of 4 available processors)

Solution count 10: -669.22 -667.76 -664.52 ... -613.46

Time limit reached
Best objective -6.692199821120e+02, best bound -7.919548110284e+02, gap 18.3400%

User-callback calls 168906, time in user-callback 2556.85 sec
