
Gurobi 8.1.1 (win64) logging started 07/06/20 06:32:00

Changed value of parameter LogFile to Results/sslp1_50_40_50_BendersBnC.log
   Prev: gurobi.log  Default: 
Changed value of parameter Heuristics to 0.0
   Prev: 0.05  Min: 0.0  Max: 1.0  Default: 0.05
Changed value of parameter lazyConstraints to 1
   Prev: 0  Min: 0  Max: 1  Default: 0
Changed value of parameter timeLimit to 7190.561226606369
   Prev: 1e+100  Min: 0.0  Max: 1e+100  Default: 1e+100
Optimize a model with 695 rows, 100 columns and 22917 nonzeros
Variable types: 50 continuous, 50 integer (50 binary)
Coefficient statistics:
  Matrix range     [2e-13, 7e+05]
  Objective range  [2e-02, 8e+01]
  Bounds range     [1e+00, 1e+00]
  RHS range        [1e-13, 8e+03]
Warning: Model contains large matrix coefficient range
         Consider reformulating model or setting NumericFocus parameter
         to avoid numerical issues.
Presolve removed 57 rows and 0 columns
Presolve time: 0.03s
Presolved: 638 rows, 100 columns, 22560 nonzeros
Variable types: 50 continuous, 50 integer (50 binary)

Root relaxation: objective -4.392087e+02, 166 iterations, 0.02 seconds

    Nodes    |    Current Node    |     Objective Bounds      |     Work
 Expl Unexpl |  Obj  Depth IntInf | Incumbent    BestBd   Gap | It/Node Time

     0     0 -439.20872    0   14          - -439.20872      -     -    0s
     0     0 -438.88253    0   15          - -438.88253      -     -    0s
     0     0 -438.63813    0   15          - -438.63813      -     -    0s
     0     0 -438.45336    0   15          - -438.45336      -     -    0s
     0     0 -438.31864    0   15          - -438.31864      -     -    0s
     0     0 -438.13596    0   15          - -438.13596      -     -    0s
     0     0 -438.06238    0   15          - -438.06238      -     -    0s
     0     0 -437.94879    0   15          - -437.94879      -     -    0s
     0     0 -437.84472    0   15          - -437.84472      -     -    0s
     0     0 -437.79531    0   16          - -437.79531      -     -    0s
     0     0 -437.72093    0   16          - -437.72093      -     -    0s
     0     0 -437.55924    0   16          - -437.55924      -     -    0s
     0     0 -437.48921    0   16          - -437.48921      -     -    0s
     0     0 -437.38372    0   16          - -437.38372      -     -    0s
     0     0 -437.32589    0   15          - -437.32589      -     -    0s
     0     0 -437.28043    0   15          - -437.28043      -     -    0s
     0     0 -437.18490    0   16          - -437.18490      -     -    0s
     0     0 -437.13398    0   14          - -437.13398      -     -    0s
     0     0 -437.12255    0   13          - -437.12255      -     -    0s
     0     0 -437.04001    0   14          - -437.04001      -     -    0s
     0     0 -436.95548    0   14          - -436.95548      -     -    0s
     0     0 -436.87966    0   15          - -436.87966      -     -    0s
     0     0 -436.77421    0   15          - -436.77421      -     -    0s
     0     0 -436.68027    0   13          - -436.68027      -     -    0s
     0     0 -436.58948    0   15          - -436.58948      -     -    0s
     0     0 -436.50531    0   13          - -436.50531      -     -    0s
     0     0 -436.46939    0   13          - -436.46939      -     -    0s
     0     0 -436.45021    0   13          - -436.45021      -     -    0s
     0     0 -436.41769    0   13          - -436.41769      -     -    0s
     0     0 -436.37897    0   13          - -436.37897      -     -    0s
     0     0 -436.31409    0   11          - -436.31409      -     -    0s
     0     0 -436.23293    0   12          - -436.23293      -     -    0s
     0     0 -436.17155    0   11          - -436.17155      -     -    0s
     0     0 -436.16539    0   11          - -436.16539      -     -    0s
     0     0 -436.10635    0   11          - -436.10635      -     -    0s
     0     0 -436.05703    0   11          - -436.05703      -     -    0s
     0     0 -436.03433    0   10          - -436.03433      -     -    0s
     0     0 -436.01400    0   11          - -436.01400      -     -    0s
     0     0 -435.95369    0   10          - -435.95369      -     -    0s
     0     0 -435.84018    0    9          - -435.84018      -     -    0s
     0     0 -435.83596    0    8          - -435.83596      -     -    0s
     0     0 -435.78198    0    8          - -435.78198      -     -    0s
     0     0 -435.73089    0    8          - -435.73089      -     -    0s
     0     0 -435.69796    0   11          - -435.69796      -     -    0s
     0     0 -435.64106    0    8          - -435.64106      -     -    0s
     0     0 -435.56973    0    9          - -435.56973      -     -    0s
     0     0 -435.56836    0    9          - -435.56836      -     -    0s
     0     0 -435.55327    0   10          - -435.55327      -     -    0s
     0     0 -435.52258    0   10          - -435.52258      -     -    0s
     0     0 -435.45025    0    9          - -435.45025      -     -    0s
     0     0 -435.44668    0   11          - -435.44668      -     -    0s
     0     0 -435.43655    0   11          - -435.43655      -     -    0s
     0     0 -435.42324    0    8          - -435.42324      -     -    0s
     0     0 -435.41759    0    9          - -435.41759      -     -    0s
     0     0 -435.39191    0   10          - -435.39191      -     -    0s
     0     0 -435.37935    0   10          - -435.37935      -     -    0s
     0     0 -435.37741    0    9          - -435.37741      -     -    0s
     0     0 -435.36689    0   12          - -435.36689      -     -    0s
     0     0 -435.34809    0   12          - -435.34809      -     -    0s
     0     0 -435.31729    0   11          - -435.31729      -     -    0s
     0     0 -435.30517    0   11          - -435.30517      -     -    0s
     0     0 -435.30281    0   12          - -435.30281      -     -    0s
     0     0 -435.30168    0   10          - -435.30168      -     -    0s
     0     0 -435.27274    0   12          - -435.27274      -     -    0s
     0     0 -435.22564    0   10          - -435.22564      -     -    0s
     0     0 -435.22531    0   11          - -435.22531      -     -    0s
     0     0 -435.21529    0   13          - -435.21529      -     -    0s
     0     0 -435.21104    0   13          - -435.21104      -     -    0s
     0     0 -435.20901    0   12          - -435.20901      -     -    0s
     0     0 -435.12807    0   10          - -435.12807      -     -    0s
     0     0 -435.12482    0   11          - -435.12482      -     -    1s
     0     0 -435.09418    0    9          - -435.09418      -     -    1s
     0     0 -435.09060    0   12          - -435.09060      -     -    1s
     0     0 -435.08683    0   11          - -435.08683      -     -    1s
     0     0 -435.08397    0   10          - -435.08397      -     -    1s
     0     0 -435.07660    0   12          - -435.07660      -     -    1s
     0     0 -435.07647    0   12          - -435.07647      -     -    1s
     0     0 -435.07589    0    9          - -435.07589      -     -    1s
     0     0 -435.07208    0   10          - -435.07208      -     -    1s
     0     0 -435.06190    0   10          - -435.06190      -     -    1s
     0     0 -435.05776    0   10          - -435.05776      -     -    1s
     0     0 -435.04893    0   11          - -435.04893      -     -    1s
     0     0 -435.04630    0   11          - -435.04630      -     -    1s
     0     0 -435.04167    0   10          - -435.04167      -     -    1s
     0     0 -435.03877    0   11          - -435.03877      -     -    1s
     0     0 -435.03840    0   11          - -435.03840      -     -    1s
     0     0 -435.03523    0   11          - -435.03523      -     -    1s
     0     0 -435.03364    0   12          - -435.03364      -     -    1s
     0     0 -435.02832    0   11          - -435.02832      -     -    1s
     0     0 -435.01985    0   11          - -435.01985      -     -    1s
     0     0 -435.01780    0   12          - -435.01780      -     -    1s
     0     0 -435.01407    0   11          - -435.01407      -     -    1s
     0     0 -435.01227    0   12          - -435.01227      -     -    1s
     0     0 -435.00887    0   12          - -435.00887      -     -    1s
     0     0 -435.00766    0   12          - -435.00766      -     -    1s
     0     0 -435.00705    0   12          - -435.00705      -     -    1s
     0     0 -435.00576    0   13          - -435.00576      -     -    1s
     0     0 -435.00539    0   12          - -435.00539      -     -    1s
     0     0 -435.00422    0   12          - -435.00422      -     -    1s
     0     0 -435.00351    0   13          - -435.00351      -     -    1s
     0     0 -434.95970    0   12          - -434.95970      -     -    1s
     0     0 -434.92136    0   11          - -434.92136      -     -    1s
     0     0 -434.90116    0   10          - -434.90116      -     -    1s
     0     0 -434.86671    0   12          - -434.86671      -     -    1s
     0     0 -434.86189    0   12          - -434.86189      -     -    1s
     0     0 -434.84750    0   12          - -434.84750      -     -    1s
     0     0 -434.84183    0    9          - -434.84183      -     -    1s
     0     0 -434.84157    0   10          - -434.84157      -     -    1s
     0     0 -434.83690    0   11          - -434.83690      -     -    1s
     0     0 -434.82879    0   11          - -434.82879      -     -    1s
     0     0 -434.82177    0   10          - -434.82177      -     -    1s
     0     0 -434.79932    0    8          - -434.79932      -     -    1s
     0     0 -434.78004    0    8          - -434.78004      -     -    1s
     0     0 -434.76456    0    9          - -434.76456      -     -    1s
     0     0 -434.76433    0    8          - -434.76433      -     -    1s
     0     0 -434.74946    0    9          - -434.74946      -     -    1s
     0     0 -434.70394    0    9          - -434.70394      -     -    1s
     0     0 -434.70036    0   11          - -434.70036      -     -    1s
     0     0 -434.69596    0   11          - -434.69596      -     -    1s
     0     0 -434.69247    0   11          - -434.69247      -     -    1s
     0     0 -434.67405    0    9          - -434.67405      -     -    1s
     0     0 -434.66351    0   10          - -434.66351      -     -    1s
     0     0 -434.66108    0   10          - -434.66108      -     -    1s
     0     0 -434.58283    0   10          - -434.58283      -     -    1s
     0     0 -434.47802    0   10          - -434.47802      -     -    1s
     0     0 -434.47161    0   10          - -434.47161      -     -    1s
     0     0 -434.46793    0   10          - -434.46793      -     -    1s
     0     0 -434.46482    0    9          - -434.46482      -     -    1s
     0     0 -434.46319    0    9          - -434.46319      -     -    1s
     0     0 -434.45987    0    9          - -434.45987      -     -    1s
     0     0 -434.44172    0    9          - -434.44172      -     -    1s
     0     0 -434.44032    0   10          - -434.44032      -     -    1s
     0     0 -434.43916    0   10          - -434.43916      -     -    1s
     0     0 -434.39363    0   10          - -434.39363      -     -    1s
     0     0 -434.37932    0   10          - -434.37932      -     -    1s
     0     0 -434.32758    0   10          - -434.32758      -     -    1s
     0     0 -434.32492    0   11          - -434.32492      -     -    1s
     0     0 -434.30991    0   10          - -434.30991      -     -    1s
     0     0 -434.30093    0   10          - -434.30093      -     -    1s
     0     0 -434.29824    0   12          - -434.29824      -     -    1s
     0     0 -434.29668    0   11          - -434.29668      -     -    1s
     0     0 -434.29599    0   12          - -434.29599      -     -    1s
     0     0 -434.24821    0    8          - -434.24821      -     -    1s
     0     0 -434.23526    0    9          - -434.23526      -     -    1s
     0     0 -434.22972    0    9          - -434.22972      -     -    1s
     0     0 -434.22481    0    9          - -434.22481      -     -    1s
     0     0 -434.21746    0   11          - -434.21746      -     -    1s
     0     0 -434.20375    0   11          - -434.20375      -     -    2s
     0     0 -434.20104    0   11          - -434.20104      -     -    2s
     0     0 -434.19166    0   10          - -434.19166      -     -    2s
     0     0 -434.12773    0    9          - -434.12773      -     -    2s
     0     0 -434.11857    0    9          - -434.11857      -     -    2s
     0     0 -434.10780    0    9          - -434.10780      -     -    2s
     0     0 -434.09862    0    8          - -434.09862      -     -    2s
     0     0 -434.09559    0    7          - -434.09559      -     -    2s
     0     0 -434.09258    0    8          - -434.09258      -     -    2s
     0     0 -434.09045    0    9          - -434.09045      -     -    2s
     0     0 -434.08499    0    8          - -434.08499      -     -    2s
     0     0 -434.08305    0   10          - -434.08305      -     -    2s
     0     0 -434.08299    0   10          - -434.08299      -     -    2s
     0     0 -434.07524    0    8          - -434.07524      -     -    2s
     0     0 -434.06826    0    7          - -434.06826      -     -    2s
     0     0 -434.05679    0    9          - -434.05679      -     -    2s
     0     0 -434.05263    0   10          - -434.05263      -     -    2s
     0     0 -434.05040    0   10          - -434.05040      -     -    2s
     0     0 -434.03049    0    9          - -434.03049      -     -    2s
     0     0 -434.02348    0    9          - -434.02348      -     -    2s
     0     0 -434.02182    0    9          - -434.02182      -     -    2s
     0     0 -434.01215    0    9          - -434.01215      -     -    2s
     0     0 -434.01028    0    8          - -434.01028      -     -    2s
     0     0 -434.00998    0    9          - -434.00998      -     -    2s
     0     0 -433.95842    0    5          - -433.95842      -     -    2s
     0     0 -433.95645    0    6          - -433.95645      -     -    2s
     0     0 -433.95607    0    6          - -433.95607      -     -    2s
     0     0 -433.94851    0    6          - -433.94851      -     -    2s
     0     0 -433.94399    0    6          - -433.94399      -     -    2s
     0     0 -433.93504    0    7          - -433.93504      -     -    2s
     0     0 -433.93448    0    8          - -433.93448      -     -    2s
     0     0 -433.92989    0    8          - -433.92989      -     -    2s
     0     0 -433.90907    0    7          - -433.90907      -     -    2s
     0     0 -433.90852    0    8          - -433.90852      -     -    2s
     0     0 -433.90110    0    6          - -433.90110      -     -    2s
     0     0 -433.89910    0    9          - -433.89910      -     -    2s
     0     0 -433.87426    0    7          - -433.87426      -     -    2s
     0     0 -433.87213    0    7          - -433.87213      -     -    2s
     0     0 -433.86808    0    7          - -433.86808      -     -    2s
     0     0 -433.86452    0    8          - -433.86452      -     -    2s
     0     0 -433.86143    0    8          - -433.86143      -     -    2s
     0     0 -433.85784    0    9          - -433.85784      -     -    2s
     0     0 -433.85672    0    8          - -433.85672      -     -    2s
     0     0 -433.82216    0    8          - -433.82216      -     -    2s
     0     0 -433.81581    0    8          - -433.81581      -     -    2s
     0     0 -433.81449    0    8          - -433.81449      -     -    2s
     0     0 -433.77890    0    8          - -433.77890      -     -    2s
     0     0 -433.77849    0    7          - -433.77849      -     -    2s
     0     0 -433.75329    0    6          - -433.75329      -     -    2s
     0     0 -433.75321    0    8          - -433.75321      -     -    2s
     0     2 -433.75321    0    8          - -433.75321      -     -    2s
    35    31 -428.93845   18   10          - -433.66328      -  24.5    5s
    85    71 -416.51415   37    7          - -433.66328      -  22.6   10s
   106    79 -411.18759   41    7          - -433.66328      -  21.6   15s
   125    92 -407.51057   44    5          - -433.66328      -  20.6   20s
*  146   104              50    -251.0999925 -433.11566  72.5%  21.2   25s
   170   107 -395.58225    7    6 -251.09999 -433.10277  72.5%  22.6   30s
   203   128 -392.86776   15    5 -251.09999 -433.10277  72.5%  21.9   35s
   236   152 -342.83503   24    1 -251.09999 -433.10277  72.5%  21.0   41s
   258   163 -324.61443   28    - -251.09999 -433.10277  72.5%  20.9   46s
   275   172 -378.49960   31    - -251.09999 -433.10277  72.5%  20.8   51s
   290   179 -376.18698   34    - -251.09999 -433.10277  72.5%  20.8   55s
   308   188 -308.68319   34    - -251.09999 -433.10277  72.5%  20.5   61s
   326   197 -312.24978   36    2 -251.09999 -433.10277  72.5%  20.3   67s
   338   203 -311.47276   37    2 -251.09999 -433.10277  72.5%  20.1   70s
   349   206 -307.37634   38    - -251.09999 -433.10277  72.5%  20.0   75s
   366   212 -309.95998   39    - -251.09999 -433.10277  72.5%  19.7   80s
   375   212 -305.02270   39    - -251.09999 -433.10277  72.5%  19.7   85s
   388   216 -302.30729   40    - -251.09999 -433.10277  72.5%  19.6   91s
   403   218 -366.99414   42    2 -251.09999 -433.10277  72.5%  19.7   95s
   420   228 -303.24588   41    - -251.09999 -433.10277  72.5%  19.5  102s
   429   230 -303.10979   44    - -251.09999 -433.10277  72.5%  19.6  105s
   459   237 -264.67819   49    1 -251.09999 -433.10277  72.5%  19.9  110s
   488   246 -427.79938    4    - -251.09999 -432.21016  72.1%  20.0  115s
   530   274 -333.12933   33    2 -251.09999 -432.21016  72.1%  19.8  120s
   545   279     cutoff   24      -251.09999 -432.21016  72.1%  19.9  127s
   558   285 -288.73134   28    - -251.09999 -432.21016  72.1%  19.7  131s
   579   290 -286.33980   34    - -251.09999 -432.21016  72.1%  19.5  138s
   591   290 -284.52577   38    - -251.09999 -432.12607  72.1%  19.3  142s
   603   297 -282.78519   38    - -251.09999 -431.36668  71.8%  19.3  146s
   625   305 -277.83409   40    - -251.09999 -431.32719  71.8%  19.4  152s
   645   310 -275.20493   45    - -251.09999 -431.32719  71.8%  19.2  155s
   665   317 -251.65889   48    2 -251.09999 -429.90975  71.2%  19.4  162s
   695   337 -395.47544   11    4 -251.09999 -429.90975  71.2%  19.4  166s
   720   353 -387.45396   23    3 -251.09999 -429.90975  71.2%  19.2  170s
   743   370 -379.00931   29    7 -251.09999 -429.90975  71.2%  19.1  177s
   757   377 -375.55087   34    6 -251.09999 -429.90975  71.2%  19.2  180s
   783   384 -308.10178   40    - -251.09999 -429.50711  71.1%  19.4  186s
   811   398 -311.84140   48    - -251.09999 -429.50711  71.1%  19.6  191s
*  822   398              50    -263.2399915 -426.75099  62.1%  19.7  194s
   830   399 -293.10726   49    1 -263.23999 -426.75099  62.1%  19.8  196s
*  831   379              50    -286.7999909 -426.75099  48.8%  19.8  197s
   851   382 -384.28367   26    - -286.79999 -426.32119  48.6%  20.0  201s
   873   396 -387.35380   26    7 -286.79999 -426.14238  48.6%  19.9  207s
   891   413 -369.54063   42    6 -286.79999 -426.14238  48.6%  19.9  210s
   911   413 -295.87028   37    - -286.79999 -426.14238  48.6%  19.9  216s
   931   426 -305.34769   38    - -286.79999 -426.14238  48.6%  20.1  223s
   940   423 -372.97552   39    - -286.79999 -426.14238  48.6%  20.2  225s
   958   431 -306.68956   39    - -286.79999 -426.14238  48.6%  20.2  231s
   972   433 -304.54345   39    - -286.79999 -426.14238  48.6%  20.2  236s
   984   442 -301.97463   39    2 -286.79999 -426.14238  48.6%  20.3  241s
  1009   458 -301.90648   43    - -286.79999 -426.14238  48.6%  20.2  248s
  1020   459 -333.24601   49    - -286.79999 -423.00221  47.5%  20.2  251s
  1034   465     cutoff   49      -286.79999 -422.72809  47.4%  20.3  255s
  1063   471 -339.30501   32    3 -286.79999 -418.09846  45.8%  20.4  263s
  1075   484 -334.82906   38    - -286.79999 -415.23508  44.8%  20.5  267s
  1097   481 -345.48585   42    3 -286.79999 -413.85835  44.3%  20.4  273s
  1113   499 -304.08870   45    2 -286.79999 -413.05382  44.0%  20.4  279s
  1119   505 -333.36928   42    2 -286.79999 -413.05382  44.0%  20.4  280s
  1130   502 -312.68473   48    2 -286.79999 -410.90087  43.3%  20.4  285s
  1147   507     cutoff   49      -286.79999 -407.35290  42.0%  20.4  290s
  1178   527     cutoff   50      -286.79999 -400.84301  39.8%  20.4  296s
  1209   521     cutoff   48      -286.79999 -399.81140  39.4%  20.5  303s
  1238   537 -392.58067   18    6 -286.79999 -398.32245  38.9%  20.4  309s
  1267   570 -380.45643   26    6 -286.79999 -398.32245  38.9%  20.3  313s
  1294   578 -377.31972   32    2 -286.79999 -398.32245  38.9%  20.2  319s
  1325   596 -365.44619   45    3 -286.79999 -397.91949  38.7%  20.1  325s
  1362   606 -357.92990   47    3 -286.79999 -397.35056  38.5%  20.0  336s
  1397   621     cutoff   49      -286.79999 -397.20717  38.5%  19.9  345s
  1433   635 -289.07356   48    - -286.79999 -397.04203  38.4%  19.9  356s
  1472   659     cutoff   48      -286.79999 -396.60112  38.3%  19.7  363s
  1497   681 -352.86698   11    3 -286.79999 -396.52607  38.3%  19.7  369s
  1532   696 -337.87579   25    - -286.79999 -396.52607  38.3%  19.6  378s
  1549   714 -293.93118   34    - -286.79999 -396.52607  38.3%  19.6  381s
  1587   735 -313.86789   13    3 -286.79999 -396.09960  38.1%  19.5  390s
  1605   755 -343.37272   23    4 -286.79999 -396.09960  38.1%  19.5  395s
  1636   767     cutoff   27      -286.79999 -395.97826  38.1%  19.5  402s
  1651   781 -310.90187   35    - -286.79999 -395.97826  38.1%  19.5  406s
  1662   781     cutoff   34      -286.79999 -395.91890  38.0%  19.5  410s
  1693   793 -333.76377   36    - -286.79999 -395.87880  38.0%  19.5  417s
  1712   812     cutoff   46      -286.79999 -395.83064  38.0%  19.5  421s
  1725   801 -332.16637   36    - -286.79999 -395.76358  38.0%  19.6  425s
  1769   818 -331.32376   36    3 -286.79999 -395.37420  37.9%  19.5  437s
  1796   846 -357.06337   14    3 -286.79999 -395.37420  37.9%  19.4  442s
  1823   851 -318.47077   18    2 -286.79999 -395.37420  37.9%  19.3  452s
  1861   870 -302.14617   26    1 -286.79999 -395.20589  37.8%  19.3  461s
  1892   884     cutoff   29      -286.79999 -395.14073  37.8%  19.3  471s
  1924   891     cutoff   50      -286.79999 -394.74703  37.6%  19.3  480s
  1945   906 -324.78051   44    2 -286.79999 -394.74703  37.6%  19.3  485s
  1978   931     cutoff   47      -286.79999 -394.74703  37.6%  19.3  494s
  1994   922 -311.96478   12    3 -286.79999 -394.74703  37.6%  19.3  500s
  2036   948     cutoff   27      -286.79999 -394.74703  37.6%  19.3  511s
  2063   964     cutoff   31      -286.79999 -394.54575  37.6%  19.4  519s
  2087   977     cutoff   35      -286.79999 -394.52864  37.6%  19.3  523s
  2101   974 -330.14087   38    - -286.79999 -394.50369  37.6%  19.3  529s
  2119   988 -327.38376   38    2 -286.79999 -394.49691  37.6%  19.3  532s
  2136   990 -353.26748   17    3 -286.79999 -394.49691  37.6%  19.2  537s
  2156  1008 -324.27201   39    8 -286.79999 -394.49691  37.6%  19.3  542s
  2166  1007 -302.62681   24    1 -286.79999 -394.49691  37.6%  19.3  547s
  2184  1028     cutoff   44      -286.79999 -394.49691  37.6%  19.2  551s
  2191  1022 -294.80229   29    - -286.79999 -394.46680  37.5%  19.3  556s
  2235  1035 -292.88715   35    - -286.79999 -394.36811  37.5%  19.2  569s
  2287  1050 -289.70451   36    - -286.79999 -394.19376  37.4%  19.2  586s
  2315  1078 -299.40161   16    1 -286.79999 -394.19376  37.4%  19.1  590s
  2339  1084     cutoff   36      -286.79999 -394.13388  37.4%  19.1  599s
  2387  1112 -328.27863   36    4 -286.79999 -393.86787  37.3%  19.0  611s
  2442  1134 -325.70721   40    - -286.79999 -393.66354  37.3%  18.9  629s
  2456  1149 -325.36191   37    2 -286.79999 -393.59030  37.2%  18.9  630s
  2472  1152 -346.63765   17    - -286.79999 -393.59030  37.2%  19.0  640s
  2524  1172 -300.57156   17    2 -286.79999 -393.59030  37.2%  19.0  656s
  2563  1194     cutoff   28      -286.79999 -393.39177  37.2%  19.0  670s
  2605  1218 -388.71550   11   13 -286.79999 -393.39177  37.2%  19.0  682s
  2629  1241 -383.98537   18    7 -286.79999 -393.39177  37.2%  19.0  688s
  2651  1257 -335.82464   24    1 -286.79999 -393.39177  37.2%  19.1  693s
  2691  1272 -295.38971   25    1 -286.79999 -393.20128  37.1%  19.1  706s
  2716  1291 -326.41380   35    - -286.79999 -393.19955  37.1%  19.0  713s
  2741  1303 -327.55254   40    - -286.79999 -393.18754  37.1%  19.0  722s
  2766  1325 -325.88478   35    - -286.79999 -393.15061  37.1%  19.1  727s
  2793  1331 -325.06642   40    5 -286.79999 -393.14973  37.1%  19.1  738s
  2847  1365 -388.33531   13    9 -286.79999 -393.14156  37.1%  19.0  753s
  2886  1409 -294.74090   33    8 -286.79999 -393.14156  37.1%  19.0  787s
  2888  1410 -391.80361   18   27 -286.79999 -393.14156  37.1%  19.0  819s
  2889  1411 -383.26426   19   27 -286.79999 -393.14156  37.1%  19.0  821s
  2891  1415 -393.14156   13   26 -286.79999 -393.14156  37.1%  19.1  871s
  2893  1417 -393.14156   14   28 -286.79999 -393.14156  37.1%  19.2  879s
  2895  1418 -391.25514   14   18 -286.79999 -393.14156  37.1%  19.3  903s
  2897  1419 -393.14156   15   27 -286.79999 -393.14156  37.1%  19.3  926s
  2901  1423 -393.14156   16   25 -286.79999 -393.14156  37.1%  19.4  938s
  2904  1422 -388.60526   16   14 -286.79999 -393.14156  37.1%  19.6  943s
  2906  1422 -393.14156   17   26 -286.79999 -393.14156  37.1%  19.7  951s
  2909  1426 -393.14156   17   17 -286.79999 -393.14156  37.1%  19.8  956s
  2912  1426 -393.14156   18   27 -286.79999 -393.14156  37.1%  19.8  962s
  2915  1430 -388.76046   18   14 -286.79999 -393.14156  37.1%  20.0  967s
  2918  1430 -393.14156   19   28 -286.79999 -393.14156  37.1%  20.0  973s
  2921  1434 -390.73869   19   17 -286.79999 -393.14156  37.1%  20.2  978s
  2926  1436 -393.14156   20   26 -286.79999 -393.14156  37.1%  20.3  985s
  2936  1443 -393.14156   21   27 -286.79999 -393.14156  37.1%  20.4  994s
  2940  1445 -385.63824   21   10 -286.79999 -393.14156  37.1%  20.5 1005s
  2945  1449 -383.87639   22    6 -286.79999 -393.14156  37.1%  20.6 1010s
  2949  1452 -393.14156   23   15 -286.79999 -393.14156  37.1%  20.7 1016s
  2955  1457 -393.14156   24   16 -286.79999 -393.14156  37.1%  20.9 1021s
  2960  1460 -392.12380   25   15 -286.79999 -393.14156  37.1%  21.0 1026s
  2965  1461 -393.14156   27   21 -286.79999 -393.14156  37.1%  21.1 1031s
  2971  1464 -393.14156   28   21 -286.79999 -393.14156  37.1%  21.3 1041s
  2978  1469 -393.14156   29   20 -286.79999 -393.14156  37.1%  21.4 1048s
  2985  1470 -391.17886   30    7 -286.79999 -393.14156  37.1%  21.6 1056s
  2993  1477 -387.24113   31   15 -286.79999 -393.14156  37.1%  21.7 1065s
  3001  1476 -393.14156   33   21 -286.79999 -393.14156  37.1%  21.8 1074s
  3009  1482 -384.25338   34    8 -286.79999 -393.14156  37.1%  22.0 1082s
  3021  1480 -393.14156   36   22 -286.79999 -393.14156  37.1%  22.1 1092s
  3038  1482 -388.01789   37    - -286.79999 -393.14156  37.1%  22.2 1103s
  3058  1489 -393.14156   40   18 -286.79999 -393.14156  37.1%  22.3 1111s
  3080  1501 -383.04705   42    - -286.79999 -393.14156  37.1%  22.3 1121s
  3103  1513 -393.14156   45   15 -286.79999 -393.14156  37.1%  22.4 1130s
  3120  1524 -393.14156   47   13 -286.79999 -393.14156  37.1%  22.5 1137s
  3146  1527 -378.13108   49    9 -286.79999 -393.14156  37.1%  22.7 1148s
  3162  1542 -354.52911   52    - -286.79999 -393.14156  37.1%  22.8 1153s
  3171  1548 -383.82548   38   14 -286.79999 -393.14156  37.1%  22.9 1155s
  3187  1550 -339.00165   56    6 -286.79999 -393.14156  37.1%  22.9 1163s
  3227  1549 -390.26289   23   14 -286.79999 -393.09817  37.1%  23.1 1178s
  3263  1567 -378.19127   41    9 -286.79999 -392.56876  36.9%  23.1 1192s
  3335  1586 -332.67850   59    - -286.79999 -392.10979  36.7%  23.0 1209s
  3381  1609     cutoff   61      -286.79999 -391.72508  36.6%  23.0 1224s
  3405  1624 -334.14700   49    6 -286.79999 -391.42635  36.5%  23.0 1225s
  3442  1611     cutoff   60      -286.79999 -391.40328  36.5%  23.0 1243s
  3491  1645 -352.98251   18    4 -286.79999 -391.16500  36.4%  23.0 1257s
  3519  1657 -365.22126   45   11 -286.79999 -391.16500  36.4%  23.1 1270s
  3578  1656 -331.12654   57    - -286.79999 -390.99569  36.3%  23.1 1292s
  3666  1645     cutoff   61      -286.79999 -390.84860  36.3%  23.0 1325s
  3704  1673 -332.12296   54    2 -286.79999 -390.68526  36.2%  22.9 1331s
  3732  1692 -390.09175   17   17 -286.79999 -390.68526  36.2%  23.0 1342s
  3756  1710 -385.52425   26   13 -286.79999 -390.68526  36.2%  23.0 1355s
  3818  1723 -378.11376   38   11 -286.79999 -390.62427  36.2%  22.9 1375s
  3868  1727 -371.89949   47   10 -286.79999 -390.12749  36.0%  23.0 1398s
  3889  1740 -341.00722   44    6 -286.79999 -390.10018  36.0%  23.0 1402s
  3930  1749 -317.88524   58    2 -286.79999 -389.93812  36.0%  23.0 1422s
  4009  1778     cutoff   60      -286.79999 -389.58027  35.8%  23.0 1443s
  4055  1789 -336.81258   46    - -286.79999 -389.40189  35.8%  23.0 1465s
  4100  1804 -292.34479   46    - -286.79999 -389.21383  35.7%  23.0 1478s
  4142  1794 -342.96875   47    - -286.79999 -389.16282  35.7%  22.9 1498s
  4215  1824 -299.39770   48    - -286.79999 -389.06815  35.7%  22.9 1528s
  4305  1837 -292.00311   48    - -286.79999 -388.98578  35.6%  22.9 1561s
  4391  1867 -328.53087   49    5 -286.79999 -388.68482  35.5%  22.8 1587s
  4448  1910     cutoff   60      -286.79999 -388.55110  35.5%  22.8 1611s
  4519  1919 -384.53893   25   10 -286.79999 -388.38617  35.4%  22.8 1635s
  4580  1940 -375.35138   34    - -286.79999 -388.38617  35.4%  22.8 1659s
  4625  1958     cutoff   59      -286.79999 -388.38617  35.4%  22.8 1671s
  4676  1962     cutoff   52      -286.79999 -388.11545  35.3%  22.7 1691s
  4746  1984 -319.87500   53    - -286.79999 -388.04212  35.3%  22.7 1723s
  4876  2002 -318.45016   53    2 -286.79999 -387.72893  35.2%  22.5 1766s
  4955  2054 -317.16552   54    2 -286.79999 -387.46119  35.1%  22.5 1795s
  5016  2080 -314.79498   57    5 -286.79999 -387.15905  35.0%  22.4 1807s
  5058  2074 -315.25117   56    - -286.79999 -387.12994  35.0%  22.5 1833s
  5091  2106     cutoff   58      -286.79999 -386.94604  34.9%  22.4 1838s
  5169  2105 -312.15059   56    - -286.79999 -386.89188  34.9%  22.3 1875s
  5290  2127 -336.56306   38    - -286.79999 -386.39778  34.7%  22.3 1920s
  5339  2168 -340.07218   51    2 -286.79999 -386.16846  34.6%  22.3 1931s
  5373  2170 -312.40392   27    1 -286.79999 -386.14990  34.6%  22.3 1959s
  5437  2211 -337.46685   52    - -286.79999 -385.97902  34.6%  22.3 1972s
  5474  2192 -319.46774   45    2 -286.79999 -385.95253  34.6%  22.3 2002s
  5528  2229 -332.21061   39    3 -286.79999 -385.72313  34.5%  22.3 2015s
  5581  2205 -293.41935   48    2 -286.79999 -385.63755  34.5%  22.3 2046s
  5633  2247 -335.69108   54    8 -286.79999 -385.49156  34.4%  22.3 2056s
  5662  2246 -329.97440   54    2 -286.79999 -385.49144  34.4%  22.3 2082s
  5701  2278 -297.18149   60    - -286.79999 -385.29660  34.3%  22.3 2090s
  5757  2272 -381.84473   30    8 -286.79999 -385.29660  34.3%  22.3 2132s
  5896  2327 -308.90079   48    - -286.79999 -385.17772  34.3%  22.2 2185s
  6047  2347 -296.70584   59    3 -286.79999 -384.75418  34.2%  22.1 2242s
  6143  2410     cutoff   60      -286.79999 -384.58027  34.1%  22.1 2276s
  6222  2460     cutoff   59      -286.79999 -384.53437  34.1%  22.1 2309s
  6303  2467     cutoff   58      -286.79999 -384.45939  34.1%  22.1 2347s
  6356  2499     cutoff   61      -286.79999 -384.28409  34.0%  22.1 2357s
  6425  2483 -325.48785   47    - -286.79999 -384.19983  34.0%  22.1 2403s
  6539  2528 -328.91262   57    5 -286.79999 -383.92885  33.9%  22.1 2451s
  6661  2553 -380.60969   26    - -286.79999 -383.69484  33.8%  22.2 2506s
  6772  2584 -343.75183   26    3 -286.79999 -383.55871  33.7%  22.1 2566s
  6863  2629 -304.11774   59    - -286.79999 -383.15964  33.6%  22.1 2579s
  6961  2652     cutoff   61      -286.79999 -383.09059  33.6%  22.0 2645s
  7129  2661 -325.54243   61    - -286.79999 -382.92447  33.5%  22.0 2730s
  7299  2779     cutoff   61      -286.79999 -382.24808  33.3%  22.0 2802s
  7437  2860 -318.91868   49    2 -286.79999 -381.70674  33.1%  22.0 2880s
  7491  2922 -293.16676   47    - -286.79999 -381.24690  32.9%  22.0 2892s
  7581  2939 -325.43676   58    4 -286.79999 -381.18594  32.9%  22.0 2953s
  7653  3009 -341.08473   39    - -286.79999 -380.95461  32.8%  22.0 2970s
  7723  3040     cutoff   62      -286.79999 -380.93804  32.8%  22.0 3023s
  7791  3116 -298.21545   60    2 -286.79999 -380.43025  32.6%  22.0 3032s
  7869  3115     cutoff   61      -286.79999 -380.35562  32.6%  21.9 3106s
  7980  3210     cutoff   62      -286.79999 -380.17680  32.6%  21.9 3131s
  8046  3223     cutoff   60      -286.79999 -380.06808  32.5%  21.9 3191s
  8134  3318     cutoff   60      -286.79999 -379.73777  32.4%  21.9 3215s
  8195  3296 -305.62093   40    1 -286.79999 -379.70089  32.4%  21.9 3276s
  8350  3367 -321.70157   53    2 -286.79999 -379.23060  32.2%  21.9 3375s
  8527  3456     cutoff   62      -286.79999 -378.37047  31.9%  21.9 3469s
  8601  3535 -326.59945   58    4 -286.79999 -378.12215  31.8%  21.9 3485s
  8653  3571 -301.71397   60    2 -286.79999 -378.10911  31.8%  21.9 3546s
  8715  3637     cutoff   61      -286.79999 -377.69417  31.7%  21.9 3557s
  8808  3639 -334.02604   61    - -286.79999 -377.63262  31.7%  21.9 3621s
  8886  3709     cutoff   61      -286.79999 -377.11032  31.5%  22.0 3681s
  8955  3766 -365.65211   54    8 -286.79999 -376.76725  31.4%  21.9 3698s
  9012  3749 -319.58465   59    - -286.79999 -376.70659  31.3%  22.0 3764s
  9089  3829     cutoff   61      -286.79999 -376.03213  31.1%  22.0 3786s
  9151  3807 -305.93557   59    3 -286.79999 -375.97928  31.1%  22.0 3862s
  9208  3878     cutoff   60      -286.79999 -375.51037  30.9%  22.0 3871s
  9297  3873     cutoff   61      -286.79999 -375.43308  30.9%  22.0 3952s
  9371  3938 -292.30333   59    3 -286.79999 -374.45182  30.6%  22.0 3975s
  9451  3962 -329.75250   35    2 -286.79999 -374.45004  30.6%  22.0 4043s
  9505  4038     cutoff   62      -286.79999 -373.64831  30.3%  22.0 4058s
  9579  4022 -311.79272   54    - -286.79999 -373.58409  30.3%  22.0 4140s
  9728  4064 -312.94805   54    3 -286.79999 -373.02487  30.1%  22.0 4239s
  9787  4142     cutoff   41      -286.79999 -371.87495  29.7%  22.0 4260s
  9842  4116 -312.79272   57    - -286.79999 -371.69857  29.6%  22.0 4338s
  9921  4199 -310.56274   57    2 -286.79999 -370.96170  29.3%  22.0 4365s
  9983  4171 -307.18350   58    - -286.79999 -370.90318  29.3%  22.0 4442s
 10103  4234 -329.98721   51    - -286.79999 -370.65343  29.2%  22.0 4532s
 10152  4293 -313.35658   59    3 -286.79999 -370.65343  29.2%  22.0 4548s
 10203  4295 -303.64183   61    - -286.79999 -369.90961  29.0%  22.1 4602s
 10321  4303     cutoff   61      -286.79999 -369.43197  28.8%  22.1 4703s
 10466  4354     cutoff   61      -286.79999 -368.25042  28.4%  22.1 4806s
 10526  4421     cutoff   62      -286.79999 -368.25042  28.4%  22.1 4832s
 10589  4429     cutoff   60      -286.79999 -367.98305  28.3%  22.1 4896s
 10649  4508     cutoff   61      -286.79999 -367.05644  28.0%  22.1 4913s
 10690  4493 -317.82799   61    - -286.79999 -365.98759  27.6%  22.1 4972s
 10793  4495 -287.80497   59    - -286.79999 -365.00291  27.3%  22.1 5063s
 10890  4531     cutoff   60      -286.79999 -364.32513  27.0%  22.2 5167s
 11022  4570 -312.28346   58    - -286.79999 -363.32818  26.7%  22.1 5257s
 11139  4649     cutoff   61      -286.79999 -360.80573  25.8%  22.1 5372s
 11331  4770     cutoff   44      -286.79999 -360.03460  25.5%  22.0 5515s
 11536  4860 -318.86395   17    4 -286.79999 -358.54730  25.0%  22.0 5672s
 11585  4936 -296.16149   57    - -286.79999 -358.26957  24.9%  22.0 5683s
 11762  5001 -294.87544   52    2 -286.79999 -358.22728  24.9%  21.9 5799s
 11963  5133     cutoff   61      -286.79999 -357.94079  24.8%  21.8 5956s
 12228  5299     cutoff   60      -286.79999 -357.13838  24.5%  21.6 6117s
 12389  5463     cutoff   49      -286.79999 -357.07274  24.5%  21.6 6144s
 12479  5458     cutoff   35      -286.79999 -356.87483  24.4%  21.5 6269s
 12700  5575     cutoff   50      -286.79999 -356.59984  24.3%  21.4 6445s
 12861  5736     cutoff   61      -286.79999 -356.29089  24.2%  21.4 6480s
 12977  5734 -290.76400   52    2 -286.79999 -356.27716  24.2%  21.3 6580s
 13073  5854 -295.35282   59    - -286.79999 -355.97371  24.1%  21.3 6605s
 13131  5856 -315.21093   29    3 -286.79999 -355.96078  24.1%  21.3 6732s
 13273  6003     cutoff   61      -286.79999 -355.70428  24.0%  21.2 6756s
 13403  5997 -292.81672   54    2 -286.79999 -355.70092  24.0%  21.2 6893s
 13603  6140 -290.97034   55    - -286.79999 -355.45854  23.9%  21.1 7039s
 13831  6265     cutoff   55      -286.79999 -355.14946  23.8%  21.0 7190s
 13954  6402 -292.97244   52    2 -286.79999 -354.93903  23.8%  21.0 7219s

Cutting planes:
  Lazy constraints: 401998

Explored 14076 nodes (296244 simplex iterations) in 7244.16 seconds
Thread count was 4 (of 4 available processors)

Solution count 3: -286.8 -263.24 -251.1 

Time limit reached
Best objective -2.867999909297e+02, best bound -3.549390313201e+02, gap 23.7584%
