
Gurobi 8.1.1 (win64) logging started 07/07/20 08:00:35

Changed value of parameter LogFile to Results/sslp2_50_40_200_BendersBnC.log
   Prev: gurobi.log  Default: 
Changed value of parameter Heuristics to 0.0
   Prev: 0.05  Min: 0.0  Max: 1.0  Default: 0.05
Changed value of parameter lazyConstraints to 1
   Prev: 0  Min: 0  Max: 1  Default: 0
Changed value of parameter timeLimit to 7160.881539106369
   Prev: 1e+100  Min: 0.0  Max: 1e+100  Default: 1e+100
Optimize a model with 3589 rows, 250 columns and 120119 nonzeros
Variable types: 200 continuous, 50 integer (50 binary)
Coefficient statistics:
  Matrix range     [2e-13, 7e+05]
  Objective range  [5e-03, 8e+01]
  Bounds range     [1e+00, 1e+00]
  RHS range        [6e-14, 6e+03]
Warning: Model contains large matrix coefficient range
         Consider reformulating model or setting NumericFocus parameter
         to avoid numerical issues.
Presolve removed 293 rows and 0 columns
Presolve time: 0.12s
Presolved: 3296 rows, 250 columns, 115764 nonzeros
Variable types: 200 continuous, 50 integer (50 binary)

Root relaxation: objective -4.326178e+02, 514 iterations, 0.13 seconds

    Nodes    |    Current Node    |     Objective Bounds      |     Work
 Expl Unexpl |  Obj  Depth IntInf | Incumbent    BestBd   Gap | It/Node Time

     0     0 -432.61784    0   15          - -432.61784      -     -    0s
     0     0 -432.43613    0   15          - -432.43613      -     -    0s
     0     0 -432.30962    0   15          - -432.30962      -     -    0s
     0     0 -432.18578    0   15          - -432.18578      -     -    0s
     0     0 -432.10759    0   16          - -432.10759      -     -    0s
     0     0 -432.01162    0   16          - -432.01162      -     -    0s
     0     0 -431.94292    0   15          - -431.94292      -     -    0s
     0     0 -431.88153    0   15          - -431.88153      -     -    0s
     0     0 -431.82204    0   16          - -431.82204      -     -    0s
     0     0 -431.77313    0   15          - -431.77313      -     -    0s
     0     0 -431.73308    0   15          - -431.73308      -     -    0s
     0     0 -431.69605    0   15          - -431.69605      -     -    1s
     0     0 -431.65109    0   15          - -431.65109      -     -    1s
     0     0 -431.61752    0   15          - -431.61752      -     -    1s
     0     0 -431.55411    0   15          - -431.55411      -     -    1s
     0     0 -431.51664    0   15          - -431.51664      -     -    1s
     0     0 -431.47957    0   14          - -431.47957      -     -    1s
     0     0 -431.44518    0   14          - -431.44518      -     -    1s
     0     0 -431.40259    0   15          - -431.40259      -     -    1s
     0     0 -431.36716    0   15          - -431.36716      -     -    1s
     0     0 -431.31323    0   15          - -431.31323      -     -    1s
     0     0 -431.28135    0   14          - -431.28135      -     -    1s
     0     0 -431.23384    0   14          - -431.23384      -     -    1s
     0     0 -431.20408    0   14          - -431.20408      -     -    1s
     0     0 -431.17424    0   15          - -431.17424      -     -    1s
     0     0 -431.13029    0   16          - -431.13029      -     -    1s
     0     0 -431.09268    0   16          - -431.09268      -     -    1s
     0     0 -431.05588    0   16          - -431.05588      -     -    1s
     0     0 -431.01139    0   15          - -431.01139      -     -    1s
     0     0 -430.95758    0   15          - -430.95758      -     -    1s
     0     0 -430.92766    0   15          - -430.92766      -     -    1s
     0     0 -430.90784    0   15          - -430.90784      -     -    1s
     0     0 -430.86368    0   15          - -430.86368      -     -    1s
     0     0 -430.83058    0   15          - -430.83058      -     -    1s
     0     0 -430.79000    0   15          - -430.79000      -     -    1s
     0     0 -430.76488    0   15          - -430.76488      -     -    1s
     0     0 -430.73055    0   15          - -430.73055      -     -    1s
     0     0 -430.70291    0   15          - -430.70291      -     -    1s
     0     0 -430.67147    0   15          - -430.67147      -     -    1s
     0     0 -430.64515    0   15          - -430.64515      -     -    1s
     0     0 -430.59853    0   15          - -430.59853      -     -    1s
     0     0 -430.57901    0   14          - -430.57901      -     -    1s
     0     0 -430.55272    0   15          - -430.55272      -     -    1s
     0     0 -430.51977    0   15          - -430.51977      -     -    1s
     0     0 -430.49780    0   15          - -430.49780      -     -    1s
     0     0 -430.46793    0   15          - -430.46793      -     -    2s
     0     0 -430.44289    0   15          - -430.44289      -     -    2s
     0     0 -430.41927    0   15          - -430.41927      -     -    2s
     0     0 -430.40044    0   15          - -430.40044      -     -    2s
     0     0 -430.37235    0   15          - -430.37235      -     -    2s
     0     0 -430.33085    0   16          - -430.33085      -     -    2s
     0     0 -430.29125    0   15          - -430.29125      -     -    2s
     0     0 -430.26363    0   15          - -430.26363      -     -    2s
     0     0 -430.24232    0   15          - -430.24232      -     -    2s
     0     0 -430.19947    0   15          - -430.19947      -     -    2s
     0     0 -430.16704    0   15          - -430.16704      -     -    2s
     0     0 -430.14648    0   15          - -430.14648      -     -    2s
     0     0 -430.11504    0   15          - -430.11504      -     -    2s
     0     0 -430.09965    0   15          - -430.09965      -     -    2s
     0     0 -430.08001    0   15          - -430.08001      -     -    2s
     0     0 -430.05756    0   14          - -430.05756      -     -    2s
     0     0 -430.02782    0   14          - -430.02782      -     -    2s
     0     0 -429.99854    0   14          - -429.99854      -     -    2s
     0     0 -429.97344    0   15          - -429.97344      -     -    2s
     0     0 -429.95675    0   15          - -429.95675      -     -    2s
     0     0 -429.92476    0   16          - -429.92476      -     -    2s
     0     0 -429.91010    0   16          - -429.91010      -     -    2s
     0     0 -429.89504    0   15          - -429.89504      -     -    2s
     0     0 -429.87238    0   14          - -429.87238      -     -    2s
     0     0 -429.86003    0   13          - -429.86003      -     -    2s
     0     0 -429.82525    0   15          - -429.82525      -     -    2s
     0     0 -429.80908    0   15          - -429.80908      -     -    2s
     0     0 -429.78193    0   15          - -429.78193      -     -    2s
     0     0 -429.74927    0   14          - -429.74927      -     -    2s
     0     0 -429.72089    0   15          - -429.72089      -     -    2s
     0     0 -429.69784    0   14          - -429.69784      -     -    2s
     0     0 -429.67126    0   14          - -429.67126      -     -    2s
     0     0 -429.64547    0   14          - -429.64547      -     -    2s
     0     0 -429.62766    0   15          - -429.62766      -     -    2s
     0     0 -429.59837    0   15          - -429.59837      -     -    2s
     0     0 -429.56005    0   15          - -429.56005      -     -    2s
     0     0 -429.54928    0   15          - -429.54928      -     -    2s
     0     0 -429.52188    0   14          - -429.52188      -     -    2s
     0     0 -429.50618    0   14          - -429.50618      -     -    3s
     0     0 -429.48800    0   15          - -429.48800      -     -    3s
     0     0 -429.46537    0   15          - -429.46537      -     -    3s
     0     0 -429.44872    0   13          - -429.44872      -     -    3s
     0     0 -429.42540    0   14          - -429.42540      -     -    3s
     0     0 -429.41185    0   14          - -429.41185      -     -    3s
     0     0 -429.40027    0   13          - -429.40027      -     -    3s
     0     0 -429.36656    0   14          - -429.36656      -     -    3s
     0     0 -429.34745    0   14          - -429.34745      -     -    3s
     0     0 -429.32216    0   13          - -429.32216      -     -    3s
     0     0 -429.30155    0   14          - -429.30155      -     -    3s
     0     0 -429.28231    0   15          - -429.28231      -     -    3s
     0     0 -429.24355    0   14          - -429.24355      -     -    3s
     0     0 -429.22018    0   14          - -429.22018      -     -    3s
     0     0 -429.19852    0   14          - -429.19852      -     -    3s
     0     0 -429.17536    0   14          - -429.17536      -     -    3s
     0     0 -429.17142    0   14          - -429.17142      -     -    3s
     0     0 -429.16456    0   14          - -429.16456      -     -    3s
     0     0 -429.13968    0   14          - -429.13968      -     -    3s
     0     0 -429.12791    0   14          - -429.12791      -     -    3s
     0     0 -429.11945    0   14          - -429.11945      -     -    3s
     0     0 -429.10224    0   14          - -429.10224      -     -    3s
     0     0 -429.09013    0   15          - -429.09013      -     -    3s
     0     0 -429.05731    0   14          - -429.05731      -     -    3s
     0     0 -429.05537    0   14          - -429.05537      -     -    3s
     0     0 -429.04297    0   14          - -429.04297      -     -    3s
     0     0 -429.02982    0   14          - -429.02982      -     -    3s
     0     0 -429.00362    0   14          - -429.00362      -     -    3s
     0     0 -428.99718    0   15          - -428.99718      -     -    3s
     0     0 -428.98386    0   14          - -428.98386      -     -    3s
     0     0 -428.96275    0   14          - -428.96275      -     -    3s
     0     0 -428.94029    0   14          - -428.94029      -     -    3s
     0     0 -428.92750    0   14          - -428.92750      -     -    3s
     0     0 -428.90141    0   14          - -428.90141      -     -    3s
     0     0 -428.87653    0   14          - -428.87653      -     -    3s
     0     0 -428.85640    0   14          - -428.85640      -     -    3s
     0     0 -428.81779    0   14          - -428.81779      -     -    4s
     0     0 -428.80368    0   14          - -428.80368      -     -    4s
     0     0 -428.78817    0   13          - -428.78817      -     -    4s
     0     0 -428.77125    0   14          - -428.77125      -     -    4s
     0     0 -428.76809    0   14          - -428.76809      -     -    4s
     0     0 -428.75397    0   14          - -428.75397      -     -    4s
     0     0 -428.73735    0   14          - -428.73735      -     -    4s
     0     0 -428.72906    0   13          - -428.72906      -     -    4s
     0     0 -428.72105    0   14          - -428.72105      -     -    4s
     0     0 -428.71137    0   14          - -428.71137      -     -    4s
     0     0 -428.69621    0   14          - -428.69621      -     -    4s
     0     0 -428.68118    0   14          - -428.68118      -     -    4s
     0     0 -428.66442    0   14          - -428.66442      -     -    4s
     0     0 -428.65056    0   14          - -428.65056      -     -    4s
     0     0 -428.63768    0   14          - -428.63768      -     -    4s
     0     0 -428.62959    0   14          - -428.62959      -     -    4s
     0     0 -428.61250    0   14          - -428.61250      -     -    4s
     0     0 -428.59348    0   14          - -428.59348      -     -    4s
     0     0 -428.57304    0   14          - -428.57304      -     -    4s
     0     0 -428.55842    0   15          - -428.55842      -     -    4s
     0     0 -428.54358    0   15          - -428.54358      -     -    4s
     0     0 -428.53575    0   15          - -428.53575      -     -    4s
     0     0 -428.52049    0   15          - -428.52049      -     -    4s
     0     0 -428.51024    0   15          - -428.51024      -     -    4s
     0     0 -428.49460    0   15          - -428.49460      -     -    4s
     0     0 -428.47260    0   14          - -428.47260      -     -    4s
     0     0 -428.47190    0   15          - -428.47190      -     -    4s
     0     0 -428.46548    0   15          - -428.46548      -     -    4s
     0     0 -428.45770    0   14          - -428.45770      -     -    4s
     0     0 -428.45471    0   15          - -428.45471      -     -    4s
     0     0 -428.44139    0   15          - -428.44139      -     -    4s
     0     0 -428.43541    0   16          - -428.43541      -     -    4s
     0     0 -428.42954    0   15          - -428.42954      -     -    4s
     0     0 -428.41768    0   16          - -428.41768      -     -    4s
     0     0 -428.41327    0   13          - -428.41327      -     -    4s
     0     0 -428.39314    0   16          - -428.39314      -     -    4s
     0     0 -428.38632    0   14          - -428.38632      -     -    5s
     0     0 -428.38526    0   13          - -428.38526      -     -    5s
     0     0 -428.38140    0   13          - -428.38140      -     -    5s
     0     0 -428.37189    0   14          - -428.37189      -     -    5s
     0     0 -428.36554    0   15          - -428.36554      -     -    5s
     0     0 -428.36093    0   14          - -428.36093      -     -    5s
     0     0 -428.35541    0   14          - -428.35541      -     -    5s
     0     0 -428.34381    0   14          - -428.34381      -     -    5s
     0     0 -428.33193    0   12          - -428.33193      -     -    5s
     0     0 -428.32744    0   14          - -428.32744      -     -    5s
     0     0 -428.32596    0   13          - -428.32596      -     -    5s
     0     0 -428.32302    0   13          - -428.32302      -     -    5s
     0     0 -428.31939    0   11          - -428.31939      -     -    5s
     0     0 -428.31634    0   12          - -428.31634      -     -    5s
     0     0 -428.31184    0   13          - -428.31184      -     -    5s
     0     0 -428.30830    0   13          - -428.30830      -     -    5s
     0     0 -428.30377    0   13          - -428.30377      -     -    5s
     0     0 -428.29591    0   13          - -428.29591      -     -    5s
     0     0 -428.29583    0   14          - -428.29583      -     -    5s
     0     0 -428.28429    0   11          - -428.28429      -     -    5s
     0     0 -428.27973    0   13          - -428.27973      -     -    5s
     0     0 -428.25312    0   11          - -428.25312      -     -    5s
     0     0 -428.24024    0   12          - -428.24024      -     -    5s
     0     0 -428.22890    0   12          - -428.22890      -     -    5s
     0     0 -428.21517    0   12          - -428.21517      -     -    5s
     0     0 -428.20322    0   11          - -428.20322      -     -    5s
     0     0 -428.19514    0   11          - -428.19514      -     -    5s
     0     0 -428.18427    0   12          - -428.18427      -     -    5s
     0     0 -428.16170    0   12          - -428.16170      -     -    5s
     0     0 -428.14235    0   12          - -428.14235      -     -    5s
     0     0 -428.14056    0   12          - -428.14056      -     -    5s
     0     0 -428.12875    0   13          - -428.12875      -     -    5s
     0     0 -428.12435    0   11          - -428.12435      -     -    6s
     0     0 -428.12337    0   12          - -428.12337      -     -    6s
     0     0 -428.11792    0   12          - -428.11792      -     -    6s
     0     0 -428.10256    0   14          - -428.10256      -     -    6s
     0     0 -428.08639    0   13          - -428.08639      -     -    6s
     0     0 -428.08584    0   12          - -428.08584      -     -    6s
     0     0 -428.08464    0   12          - -428.08464      -     -    6s
     0     0 -428.07383    0   11          - -428.07383      -     -    6s
     0     0 -428.06101    0    9          - -428.06101      -     -    6s
     0     0 -428.05273    0   12          - -428.05273      -     -    6s
     0     0 -428.03855    0   12          - -428.03855      -     -    6s
     0     0 -428.03215    0   12          - -428.03215      -     -    6s
     0     0 -428.01708    0   13          - -428.01708      -     -    6s
     0     0 -428.00017    0   11          - -428.00017      -     -    6s
     0     0 -427.99538    0   12          - -427.99538      -     -    6s
     0     0 -427.99379    0   13          - -427.99379      -     -    6s
     0     0 -427.98965    0   13          - -427.98965      -     -    6s
     0     0 -427.98074    0   12          - -427.98074      -     -    6s
     0     0 -427.97617    0   13          - -427.97617      -     -    6s
     0     0 -427.96631    0   14          - -427.96631      -     -    6s
     0     0 -427.96217    0   13          - -427.96217      -     -    6s
     0     0 -427.96124    0   13          - -427.96124      -     -    6s
     0     0 -427.95426    0   13          - -427.95426      -     -    6s
     0     0 -427.95404    0   13          - -427.95404      -     -    6s
     0     0 -427.95137    0   15          - -427.95137      -     -    7s
     0     0 -427.94546    0   15          - -427.94546      -     -    7s
     0     0 -427.93785    0   14          - -427.93785      -     -    7s
     0     0 -427.93757    0   14          - -427.93757      -     -    7s
     0     0 -427.93300    0   14          - -427.93300      -     -    7s
     0     0 -427.92531    0   12          - -427.92531      -     -    7s
     0     0 -427.92342    0   13          - -427.92342      -     -    7s
     0     0 -427.90913    0   13          - -427.90913      -     -    7s
     0     0 -427.90700    0   14          - -427.90700      -     -    7s
     0     0 -427.90567    0   14          - -427.90567      -     -    7s
     0     0 -427.90353    0   14          - -427.90353      -     -    7s
     0     0 -427.90216    0   13          - -427.90216      -     -    7s
     0     0 -427.89955    0   13          - -427.89955      -     -    7s
     0     0 -427.89766    0   15          - -427.89766      -     -    7s
     0     0 -427.89570    0   11          - -427.89570      -     -    7s
     0     0 -427.89150    0   12          - -427.89150      -     -    7s
     0     0 -427.88042    0   11          - -427.88042      -     -    7s
     0     0 -427.87116    0   11          - -427.87116      -     -    7s
     0     0 -427.86261    0   12          - -427.86261      -     -    7s
     0     0 -427.85913    0   11          - -427.85913      -     -    7s
     0     0 -427.85655    0   10          - -427.85655      -     -    7s
     0     0 -427.85382    0   10          - -427.85382      -     -    7s
     0     0 -427.84830    0   10          - -427.84830      -     -    7s
     0     0 -427.84406    0   12          - -427.84406      -     -    7s
     0     0 -427.83949    0   11          - -427.83949      -     -    7s
     0     0 -427.82990    0   11          - -427.82990      -     -    7s
     0     0 -427.82951    0   12          - -427.82951      -     -    7s
     0     0 -427.82919    0   11          - -427.82919      -     -    7s
     0     0 -427.82574    0   11          - -427.82574      -     -    7s
     0     0 -427.81996    0   11          - -427.81996      -     -    8s
     0     0 -427.81956    0   11          - -427.81956      -     -    8s
     0     0 -427.81064    0   12          - -427.81064      -     -    8s
     0     0 -427.81033    0   12          - -427.81033      -     -    8s
     0     0 -427.80113    0   12          - -427.80113      -     -    8s
     0     0 -427.78878    0   12          - -427.78878      -     -    8s
     0     0 -427.78031    0   14          - -427.78031      -     -    8s
     0     0 -427.77984    0   14          - -427.77984      -     -    8s
     0     0 -427.76915    0   14          - -427.76915      -     -    8s
     0     0 -427.76864    0   13          - -427.76864      -     -    8s
     0     0 -427.76807    0   13          - -427.76807      -     -    8s
     0     0 -427.75982    0   11          - -427.75982      -     -    8s
     0     0 -427.75818    0   11          - -427.75818      -     -    8s
     0     0 -427.75797    0   11          - -427.75797      -     -    8s
     0     0 -427.75507    0   13          - -427.75507      -     -    8s
     0     0 -427.75211    0   13          - -427.75211      -     -    8s
     0     0 -427.73683    0   12          - -427.73683      -     -    8s
     0     0 -427.73318    0   12          - -427.73318      -     -    8s
     0     0 -427.72977    0   13          - -427.72977      -     -    8s
     0     0 -427.72671    0   13          - -427.72671      -     -    8s
     0     0 -427.71120    0   13          - -427.71120      -     -    8s
     0     0 -427.70664    0   12          - -427.70664      -     -    8s
     0     0 -427.69173    0   11          - -427.69173      -     -    8s
     0     0 -427.69120    0   12          - -427.69120      -     -    8s
     0     0 -427.67520    0   12          - -427.67520      -     -    9s
     0     0 -427.66592    0   12          - -427.66592      -     -    9s
     0     0 -427.66206    0   12          - -427.66206      -     -    9s
     0     0 -427.66081    0   12          - -427.66081      -     -    9s
     0     0 -427.66061    0   13          - -427.66061      -     -    9s
     0     0 -427.65981    0   12          - -427.65981      -     -    9s
     0     0 -427.64555    0   11          - -427.64555      -     -    9s
     0     0 -427.64258    0   12          - -427.64258      -     -    9s
     0     0 -427.64099    0   11          - -427.64099      -     -    9s
     0     0 -427.63940    0   12          - -427.63940      -     -    9s
     0     0 -427.63430    0   11          - -427.63430      -     -    9s
     0     0 -427.62998    0   12          - -427.62998      -     -    9s
     0     0 -427.62802    0   12          - -427.62802      -     -    9s
     0     0 -427.62380    0   12          - -427.62380      -     -    9s
     0     0 -427.62335    0   10          - -427.62335      -     -    9s
     0     0 -427.62237    0   12          - -427.62237      -     -    9s
     0     0 -427.62008    0   13          - -427.62008      -     -    9s
     0     0 -427.61740    0   13          - -427.61740      -     -    9s
     0     0 -427.61450    0   13          - -427.61450      -     -    9s
     0     0 -427.61361    0   13          - -427.61361      -     -    9s
     0     0 -427.59880    0   12          - -427.59880      -     -    9s
     0     0 -427.59742    0   13          - -427.59742      -     -    9s
     0     0 -427.58849    0   12          - -427.58849      -     -    9s
     0     0 -427.58281    0   13          - -427.58281      -     -    9s
     0     0 -427.57854    0   11          - -427.57854      -     -    9s
     0     0 -427.57791    0   12          - -427.57791      -     -    9s
     0     0 -427.57640    0   11          - -427.57640      -     -    9s
     0     0 -427.56931    0   11          - -427.56931      -     -   10s
     0     0 -427.56751    0   11          - -427.56751      -     -   10s
     0     0 -427.56141    0   13          - -427.56141      -     -   10s
     0     0 -427.55443    0   13          - -427.55443      -     -   10s
     0     0 -427.55344    0   14          - -427.55344      -     -   10s
     0     0 -427.54603    0   12          - -427.54603      -     -   10s
     0     0 -427.54552    0   11          - -427.54552      -     -   10s
     0     0 -427.54380    0   12          - -427.54380      -     -   10s
     0     0 -427.54353    0   13          - -427.54353      -     -   10s
     0     0 -427.52834    0   11          - -427.52834      -     -   10s
     0     0 -427.52779    0   11          - -427.52779      -     -   10s
     0     0 -427.52403    0   10          - -427.52403      -     -   10s
     0     0 -427.52005    0   11          - -427.52005      -     -   10s
     0     0 -427.51872    0   12          - -427.51872      -     -   10s
     0     0 -427.51820    0   13          - -427.51820      -     -   10s
     0     0 -427.51067    0   12          - -427.51067      -     -   10s
     0     0 -427.50048    0   12          - -427.50048      -     -   10s
     0     0 -427.48065    0   12          - -427.48065      -     -   10s
     0     0 -427.47870    0   14          - -427.47870      -     -   10s
     0     0 -427.47836    0   13          - -427.47836      -     -   10s
     0     0 -427.47789    0   14          - -427.47789      -     -   11s
     0     0 -427.47397    0   12          - -427.47397      -     -   11s
     0     0 -427.47231    0   13          - -427.47231      -     -   11s
     0     0 -427.47107    0   13          - -427.47107      -     -   11s
     0     0 -427.46309    0   13          - -427.46309      -     -   11s
     0     0 -427.46215    0   12          - -427.46215      -     -   11s
     0     0 -427.45206    0   11          - -427.45206      -     -   11s
     0     0 -427.45063    0   13          - -427.45063      -     -   11s
     0     0 -427.44681    0   12          - -427.44681      -     -   11s
     0     0 -427.44681    0   13          - -427.44681      -     -   11s
     0     0 -427.44565    0   12          - -427.44565      -     -   11s
     0     2 -427.44565    0   12          - -427.44565      -     -   11s
     7     7 -427.38372    4   11          - -427.43262      -  58.9   15s
    30    26 -425.63600   14   13          - -427.43262      -  53.7   20s
    40    36 -423.63748   18   16          - -427.43262      -  66.2   25s
    46    39 -423.35650   20   14          - -427.43262      -  67.9   30s
    62    53 -421.50906   25   12          - -427.43262      -  68.1   35s
    76    65 -372.20473   26    -          - -427.43262      -  68.9   40s
   107    91 -369.15062   37    4          - -427.41626      -  71.5   51s
   122   101 -367.04529   44    1          - -427.41626      -  70.9   56s
   127    99 -369.46301   46    2          - -427.41626      -  71.0   63s
   134   106 -300.33839   45    -          - -427.41626      -  71.4   73s
   138    99 -326.89617   49    1          - -427.33329      -  72.8   77s
*  140   100              50    -248.7199925 -427.33329  71.8%  73.2   82s
   144   104 -299.57336   45    - -248.71999 -427.32988  71.8%  73.3   87s
   148   107 -390.07930    3    6 -248.71999 -427.32988  71.8%  74.5   97s
   152   110 -389.71765    4    6 -248.71999 -427.32988  71.8%  73.6  106s
   155   111 -389.47885    5    6 -248.71999 -427.32988  71.8%  73.8  112s
   158   115 -388.83396    7    4 -248.71999 -427.32988  71.8%  73.7  116s
   168   123 -348.23767    9    3 -248.71999 -427.32988  71.8%  75.9  123s
   169   123 -287.31002   44    - -248.71999 -427.32988  71.8%  75.6  126s
   174   126 -384.87940   10    - -248.71999 -427.32988  71.8%  75.7  136s
   180   125 -285.64662   48    - -248.71999 -427.32988  71.8%  75.3  143s
   182   129 -338.27595   16    5 -248.71999 -427.32988  71.8%  76.2  146s
   190   131     cutoff   49      -248.71999 -427.32988  71.8%  77.4  150s
   194   131 -282.56836   47    - -248.71999 -427.32988  71.8%  77.9  158s
   197   131 -336.22058   17    4 -248.71999 -427.32988  71.8%  78.4  160s
   200   131 -380.04590   20    4 -248.71999 -427.32988  71.8%  78.3  165s
   206   138 -329.65069   21    2 -248.71999 -426.71829  71.6%  79.4  171s
   226   154 -373.54663   31    - -248.71999 -426.71829  71.6%  78.3  176s
   240   167 -371.69769   36    - -248.71999 -426.71829  71.6%  77.8  182s
   249   173 -371.34312   38    6 -248.71999 -426.71829  71.6%  78.6  186s
   265   187 -325.23242   31    6 -248.71999 -426.71829  71.6%  77.2  193s
   266   184 -301.61315   47    - -248.71999 -426.47382  71.5%  77.3  196s
   274   190 -296.05786   47    - -248.71999 -426.47382  71.5%  77.3  206s
   283   197 -264.11174   49    1 -248.71999 -426.47382  71.5%  78.2  210s
   289   191     cutoff   50      -248.71999 -426.24577  71.4%  77.5  215s
   294   195 -319.77035   43    - -248.71999 -426.24496  71.4%  77.5  225s
   301   197 -280.37984   48    - -248.71999 -426.12903  71.3%  76.7  238s
   309   200 -379.09644   14    - -248.71999 -426.12903  71.3%  77.8  248s
   312   202 -314.39832   45    - -248.71999 -426.12903  71.3%  77.5  251s
   319   202 -387.37267   16    9 -248.71999 -426.12903  71.3%  78.0  257s
   324   201 -376.56600   17    - -248.71999 -426.12903  71.3%  78.5  265s
   328   207 -347.97516   16    7 -248.71999 -426.12903  71.3%  79.9  270s
   335   208 -379.15967   18    - -248.71999 -426.12903  71.3%  80.5  276s
   346   214 -386.99897   14    7 -248.71999 -424.78453  70.8%  81.8  282s
   352   217 -340.27733   18    - -248.71999 -424.78453  70.8%  82.6  291s
   360   221 -302.67737   18    4 -248.71999 -424.78453  70.8%  82.5  297s
   367   224 -258.26497   21    3 -248.71999 -424.78453  70.8%  82.4  300s
   375   232 -385.63895   20    7 -248.71999 -424.78453  70.8%  82.2  310s
   387   233     cutoff   29      -248.71999 -424.39818  70.6%  81.8  319s
   393   239 -382.21326   17    2 -248.71999 -424.39818  70.6%  81.6  323s
   398   241 -383.72095   27    6 -248.71999 -424.39818  70.6%  81.1  328s
   401   240 -338.77922   20    4 -248.71999 -424.18654  70.5%  80.9  330s
   411   244 -336.79575   23    2 -248.71999 -423.88715  70.4%  81.1  343s
   419   248 -330.42156   25    - -248.71999 -423.71494  70.4%  81.1  357s
   424   254 -377.03339   32    8 -248.71999 -423.71494  70.4%  81.4  364s
   426   251 -327.61623   25    2 -248.71999 -423.61299  70.3%  81.6  365s
   432   258 -375.75397   34    8 -248.71999 -423.61299  70.3%  81.2  375s
   449   270 -383.80257   17    5 -248.71999 -423.61299  70.3%  80.5  380s
   456   278 -342.66453   17    4 -248.71999 -423.61299  70.3%  80.5  388s
   459   278 -370.05183   43    - -248.71999 -423.61299  70.3%  80.6  391s
   463   277 -381.90340   20    3 -248.71999 -423.61299  70.3%  80.3  395s
   467   283 -322.39278   45    - -248.71999 -423.61299  70.3%  80.3  400s
   472   281 -334.11010   21    3 -248.71999 -423.61299  70.3%  81.0  409s
   476   285 -302.93867   45    - -248.71999 -423.61299  70.3%  81.1  414s
   482   291 -325.84065   24    2 -248.71999 -423.61299  70.3%  81.6  420s
   491   299 -353.74034   47    - -248.71999 -423.61299  70.3%  81.6  426s
   500   303 -320.55576   32    6 -248.71999 -423.61299  70.3%  82.2  433s
   502   304 -264.80499   50    - -248.71999 -423.61299  70.3%  82.3  436s
   507   306 -373.09384   34    6 -248.71999 -423.61299  70.3%  82.7  441s
   520   316 -370.73679   40    4 -248.71999 -423.61299  70.3%  82.6  449s
   525   321 -375.36393   29    - -248.71999 -423.61299  70.3%  82.5  453s
   531   318 -369.04909   44    2 -248.71999 -422.03305  69.7%  82.5  459s
   541   326 -303.11597   46    - -248.71999 -422.03305  69.7%  82.3  475s
   545   331 -368.45354   36    9 -248.71999 -422.03305  69.7%  82.6  482s
   546   325 -299.36906   44    - -248.71999 -421.61759  69.5%  82.5  485s
   554   328 -354.79513   46    - -248.71999 -421.61759  69.5%  82.9  504s
   558   333 -333.17493   36    2 -248.71999 -421.61759  69.5%  82.6  511s
   563   334 -341.11611   46    4 -248.71999 -421.61759  69.5%  82.9  517s
   566   336 -329.99312   47    3 -248.71999 -421.61759  69.5%  83.1  521s
   571   334 -263.00704   48    2 -248.71999 -421.61759  69.5%  83.6  527s
   578   339 -285.25657   48    - -248.71999 -421.11288  69.3%  83.4  538s
   582   339     cutoff   48      -248.71999 -421.03977  69.3%  84.1  545s
   589   338 -282.95353   47    - -248.71999 -420.47140  69.1%  84.3  557s
   594   343 -254.08023   47    3 -248.71999 -420.47140  69.1%  84.9  566s
   599   340     cutoff   48      -248.71999 -420.43514  69.0%  84.7  576s
   605   347 -375.53775   31    5 -248.71999 -420.43514  69.0%  85.0  585s
   615   353 -303.71261   42    2 -248.71999 -420.43514  69.0%  84.6  595s
   620   348 -370.68960   37    - -248.71999 -420.27721  69.0%  84.3  604s
   626   355 -290.88998   43    - -248.71999 -420.27721  69.0%  84.4  613s
   632   351 -365.24445   37    - -248.71999 -420.12327  68.9%  84.1  626s
   639   358 -358.96275   37    6 -248.71999 -420.12327  68.9%  84.7  635s
   649   364 -353.45072   42    4 -248.71999 -420.12327  68.9%  84.4  645s
   659   367 -330.06236   45    - -248.71999 -420.12327  68.9%  84.4  662s
   664   372 -266.07610   48    2 -248.71999 -420.12327  68.9%  84.5  666s
   669   371 -302.75297   47    - -248.71999 -420.12327  68.9%  84.6  674s
   673   375     cutoff   48      -248.71999 -420.12327  68.9%  84.7  679s
   681   370 -265.12335   48    2 -248.71999 -420.12327  68.9%  85.3  690s
   692   374     cutoff   48      -248.71999 -418.80607  68.4%  85.6  700s
   697   376 -376.08612   29    - -248.71999 -418.34122  68.2%  86.3  705s
   714   376 -336.23414   31    - -248.71999 -418.34122  68.2%  85.6  727s
   720   384 -363.53863   39    - -248.71999 -418.34122  68.2%  85.6  740s
   731   386 -333.69191   31    4 -248.71999 -418.34122  68.2%  85.2  753s
   738   392 -311.38461   44    3 -248.71999 -418.34122  68.2%  84.9  760s
   743   393 -326.42408   34    - -248.71999 -418.34122  68.2%  85.1  770s
   750   401 -289.47284   46    - -248.71999 -418.34122  68.2%  84.9  777s
   753   396 -334.84841   41    - -248.71999 -418.34122  68.2%  85.1  782s
   764   400 -287.92872   41    - -248.71999 -418.34122  68.2%  84.8  801s
   770   405 -273.12678   49    - -248.71999 -418.34122  68.2%  84.7  813s
   774   402 -348.07481   42    4 -248.71999 -418.34122  68.2%  84.8  819s
   781   407     cutoff   49      -248.71999 -418.34122  68.2%  84.6  828s
   784   407 -308.52653   42    - -248.71999 -418.34122  68.2%  84.7  834s
   799   412 -287.01380   43    - -248.71999 -418.34122  68.2%  84.3  849s
   804   417 -359.56134   47    - -248.71999 -418.34122  68.2%  84.3  861s
   807   410 -299.76659   46    - -248.71999 -418.34122  68.2%  84.7  867s
   814   419     cutoff   49      -248.71999 -418.34122  68.2%  84.5  876s
   819   416 -278.22261   45    - -248.71999 -418.34122  68.2%  84.7  889s
   824   420     cutoff   49      -248.71999 -418.34122  68.2%  84.8  896s
   828   418     cutoff   49      -248.71999 -416.26991  67.4%  85.1  906s
   838   419 -380.19538   20    4 -248.71999 -415.18511  66.9%  85.4  920s
   855   431 -411.18603   41    8 -248.71999 -415.18511  66.9%  84.8  939s
   867   441 -397.57595   44    6 -248.71999 -415.18511  66.9%  84.7  947s
   880   443 -378.28726   46    2 -248.71999 -415.18511  66.9%  84.6  962s
   883   446 -332.40612   31    - -248.71999 -415.18511  66.9%  84.6  966s
   894   444 -338.74924   48    1 -248.71999 -411.94697  65.6%  84.5  983s
   914   449     cutoff   50      -248.71999 -404.48862  62.6%  85.2 1007s
   924   456 -368.70995   42    2 -248.71999 -402.58245  61.9%  85.3 1016s
   929   457     cutoff   50      -248.71999 -401.59112  61.5%  85.4 1027s
   940   459     cutoff   50      -248.71999 -397.51490  59.8%  85.4 1040s
   959   471 -356.17045   45    5 -248.71999 -397.51490  59.8%  85.1 1057s
   963   463 -277.92033   49    - -248.71999 -392.11592  57.7%  85.3 1066s
   976   469     cutoff   49      -248.71999 -391.83682  57.5%  85.7 1080s
*  977   450              50    -268.8699920 -391.83682  45.7%  85.8 1082s
  1003   449 -383.37394   30    6 -268.86999 -391.36505  45.6%  85.9 1108s
  1021   453 -382.73174   32    5 -268.86999 -391.36505  45.6%  85.5 1128s
  1032   465 -379.88091   36    5 -268.86999 -391.36505  45.6%  85.5 1140s
  1047   478 -371.43122   44    4 -268.86999 -391.36505  45.6%  85.2 1150s
  1066   478 -345.55718   48    2 -268.86999 -390.23864  45.1%  85.0 1167s
  1088   487     cutoff   50      -268.86999 -389.55177  44.9%  85.2 1201s
  1108   503     cutoff   47      -268.86999 -389.55177  44.9%  84.8 1225s
  1117   496     cutoff   50      -268.86999 -389.47358  44.9%  84.8 1239s
  1136   506     cutoff   49      -268.86999 -389.17047  44.7%  84.5 1262s
  1173   526 -342.14574   16    4 -268.86999 -389.17047  44.7%  84.1 1305s
  1195   547 -335.74214   26    5 -268.86999 -389.17047  44.7%  84.0 1320s
  1209   558 -331.86813   31    - -268.86999 -389.17047  44.7%  83.8 1338s
  1224   561 -331.86190   35    5 -268.86999 -389.17047  44.7%  83.7 1357s
  1249   569 -329.12113   41    3 -268.86999 -388.38690  44.5%  83.1 1384s
  1261   580 -318.28812   44    - -268.86999 -386.96185  43.9%  82.9 1401s
  1284   583 -385.13314   13    4 -268.86999 -386.96185  43.9%  82.7 1419s
  1293   596 -317.02331   44    - -268.86999 -386.96185  43.9%  82.6 1428s
  1296   600 -341.55201   16    4 -268.86999 -386.96185  43.9%  82.8 1439s
  1315   606 -327.20871   22    5 -268.86999 -386.96185  43.9%  83.0 1466s
  1321   611 -312.17488   44    - -268.86999 -386.96185  43.9%  83.1 1471s
  1326   622 -330.68598   20    2 -268.86999 -386.96185  43.9%  83.4 1486s
  1345   631 -375.30693   30    5 -268.86999 -386.96185  43.9%  83.4 1506s
  1358   644 -371.98283   35    6 -268.86999 -386.96185  43.9%  83.8 1528s
  1372   652 -370.32378   40    3 -268.86999 -386.61144  43.8%  84.1 1542s
  1388   665     cutoff   25      -268.86999 -386.61144  43.8%  83.8 1557s
  1392   654 -364.97445   44    2 -268.86999 -386.45679  43.7%  84.0 1570s
  1415   676 -338.35701   28    - -268.86999 -386.45679  43.7%  83.6 1599s
  1425   674 -359.05818   46    - -268.86999 -386.27185  43.7%  83.6 1622s
  1437   692 -283.63287   28    1 -268.86999 -386.27185  43.7%  83.7 1631s
  1447   688 -351.78907   46    4 -268.86999 -386.27185  43.7%  84.1 1646s
  1465   698 -301.26037   48    2 -268.86999 -386.16012  43.6%  83.9 1679s
  1506   699 -384.54917   10    - -268.86999 -386.08583  43.6%  83.0 1729s
  1550   728 -338.51002   20    4 -268.86999 -385.98729  43.6%  81.8 1784s
  1572   751 -324.39512   27    9 -268.86999 -385.98729  43.6%  81.7 1818s
  1585   764 -321.89549   29   11 -268.86999 -385.98729  43.6%  82.2 1839s
  1597   771 -320.83657   32   10 -268.86999 -385.98729  43.6%  82.3 1855s
  1611   778 -319.85217   36    8 -268.86999 -385.98729  43.6%  82.3 1872s
  1625   780 -316.98060   41    5 -268.86999 -385.98729  43.6%  82.3 1891s
  1658   793 -305.18482   46    4 -268.86999 -385.98729  43.6%  81.9 1929s
  1669   798 -316.83963   43    2 -268.86999 -385.98729  43.6%  81.9 1934s
  1679   808     cutoff   50      -268.86999 -385.72563  43.5%  81.9 1959s
  1687   812 -315.84808   44    - -268.86999 -385.67125  43.4%  81.8 1964s
  1697   812 -381.03268   17    7 -268.86999 -385.67125  43.4%  81.8 1979s
  1723   829 -374.08715   27    6 -268.86999 -385.67125  43.4%  81.7 2024s
  1752   845 -371.82281   32    5 -268.86999 -385.67125  43.4%  81.5 2063s
  1784   861 -368.82769   38    6 -268.86999 -385.67125  43.4%  81.4 2103s
  1794   871     cutoff   21      -268.86999 -385.67125  43.4%  81.3 2108s
  1808   878 -302.81583   46    - -268.86999 -385.61462  43.4%  81.2 2134s
  1841   878     cutoff   50      -268.86999 -385.54785  43.4%  80.9 2177s
  1879   893     cutoff   50      -268.86999 -385.30634  43.3%  80.7 2241s
  1917   924     cutoff   43      -268.86999 -385.25592  43.3%  80.1 2279s
  1943   914     cutoff   48      -268.86999 -385.25339  43.3%  79.8 2325s
  1955   937 -273.62851   43    - -268.86999 -385.22999  43.3%  79.8 2337s
  1961   948 -296.11208   30    4 -268.86999 -385.22999  43.3%  79.9 2360s
  1999   956 -288.82717   34    4 -268.86999 -385.22999  43.3%  79.9 2410s
  2028   977 -331.04127   42    3 -268.86999 -385.13949  43.2%  80.1 2458s
  2061  1000 -323.15921   46    3 -268.86999 -385.03829  43.2%  79.8 2500s
  2087  1024 -316.51894   47    2 -268.86999 -385.00822  43.2%  79.9 2535s
  2099  1031 -283.43940   32    4 -268.86999 -385.00822  43.2%  79.9 2542s
  2107  1032     cutoff   48      -268.86999 -384.91490  43.2%  80.1 2564s
  2147  1051 -323.24959   28    - -268.86999 -384.91315  43.2%  79.7 2614s
  2169  1067 -324.46531   33    5 -268.86999 -384.80599  43.1%  79.8 2639s
  2187  1084 -321.27479   46    - -268.86999 -384.77831  43.1%  79.6 2655s
  2201  1088 -316.36238   44    - -268.86999 -384.77183  43.1%  79.4 2679s
  2223  1100 -315.04235   44    - -268.86999 -384.75010  43.1%  79.6 2718s
  2256  1126 -347.84199   10    3 -268.86999 -384.75010  43.1%  79.4 2744s
  2275  1141 -374.19177   39   12 -268.86999 -384.75010  43.1%  79.3 2874s
  2277  1142 -343.32311   26   29 -268.86999 -384.75010  43.1%  79.3 3022s
  2278  1143 -317.74015   37   29 -268.86999 -384.75010  43.1%  79.2 3031s
  2280  1147 -384.75010   10   29 -268.86999 -384.75010  43.1%  79.8 3251s
  2282  1149 -384.75010   11   30 -268.86999 -384.75010  43.1%  80.1 3335s
  2284  1150 -384.75010   11   17 -268.86999 -384.75010  43.1%  80.4 3422s
  2286  1151 -384.75010   12   31 -268.86999 -384.75010  43.1%  80.5 3528s
  2288  1153 -384.75010   12   17 -268.86999 -384.75010  43.1%  80.7 3591s
  2290  1154 -384.75010   13   30 -268.86999 -384.75010  43.1%  80.9 3765s
  2292  1154 -384.75010   13   23 -268.86999 -384.75010  43.1%  81.3 3907s
  2295  1152 -384.75010   14   28 -268.86999 -384.75010  43.1%  81.5 3958s
  2298  1157 -384.75010   14   19 -268.86999 -384.75010  43.1%  81.8 4029s
  2301  1158 -384.75010   15   30 -268.86999 -384.75010  43.1%  82.1 4117s
  2304  1160 -382.71449   15   15 -268.86999 -384.75010  43.1%  82.4 4145s
  2308  1162 -384.75010   16   29 -268.86999 -384.75010  43.1%  82.6 4199s
  2313  1164 -384.75010   17   27 -268.86999 -384.75010  43.1%  83.0 4236s
  2316  1168 -384.52150   17   15 -268.86999 -384.75010  43.1%  83.3 4301s
  2321  1169 -382.10322   18    3 -268.86999 -384.75010  43.1%  83.7 4331s
  2327  1174 -383.45250   19    2 -268.86999 -384.75010  43.1%  84.0 4380s
  2332  1176 -384.75010   20   17 -268.86999 -384.75010  43.1%  84.5 4407s
  2337  1179 -384.75010   21   24 -268.86999 -384.75010  43.1%  84.7 4453s
  2344  1179 -384.75010   22   24 -268.86999 -384.75010  43.1%  85.0 4496s
  2353  1185 -384.75010   23   24 -268.86999 -384.75010  43.1%  85.2 4564s
  2359  1188 -384.75010   24   24 -268.86999 -384.75010  43.1%  85.5 4608s
  2362  1188 -378.85468   24    7 -268.86999 -384.75010  43.1%  85.8 4660s
  2368  1192 -380.75731   25    6 -268.86999 -384.75010  43.1%  86.0 4726s
  2375  1197 -384.75010   27   25 -268.86999 -384.75010  43.1%  86.3 4775s
  2386  1196 -384.75010   28   23 -268.86999 -384.75010  43.1%  86.7 4815s
  2395  1203 -384.75010   29   23 -268.86999 -384.75010  43.1%  87.3 4857s
  2410  1202 -377.16227   30    3 -268.86999 -384.75010  43.1%  87.7 4920s
  2427  1209 -380.45690   32   16 -268.86999 -384.75010  43.1%  88.2 4979s
  2443  1213 -384.75010   34   19 -268.86999 -384.75010  43.1%  88.6 5031s
  2466  1223 -384.75010   37   17 -268.86999 -384.75010  43.1%  88.7 5074s
  2490  1236 -369.16671   39    1 -268.86999 -384.75010  43.1%  88.7 5122s
  2509  1237 -360.49502   41    2 -268.86999 -384.75010  43.1%  88.9 5187s
  2514  1239 -329.12718   52    - -268.86999 -384.75010  43.1%  89.0 5192s
  2526  1242 -384.75010   44   13 -268.86999 -384.75010  43.1%  89.1 5239s
  2542  1260 -358.98421   47    3 -268.86999 -384.75010  43.1%  89.4 5289s
  2565  1259 -384.75010   51    8 -268.86999 -384.75010  43.1%  89.8 5352s
  2579  1270 -331.68859   45    2 -268.86999 -384.75010  43.1%  90.1 5356s
  2599  1271 -269.45246   57    2 -268.86999 -384.75010  43.1%  90.2 5420s
  2619  1282 -384.75010   19   20 -268.86999 -384.75010  43.1%  90.3 5471s
  2636  1296 -383.93586   26   19 -268.86999 -384.75010  43.1%  90.4 5518s
  2666  1309 -379.63041   37   14 -268.86999 -384.75010  43.1%  90.6 5583s
  2714  1303 -366.94109   52    6 -268.86999 -384.75010  43.1%  90.8 5693s
* 2731  1246              59    -269.3699916 -384.75010  42.8%  90.7 5713s
  2775  1251 -303.48283   16    2 -269.36999 -384.75010  42.8%  90.8 5829s
  2799  1263 -281.38008   37    7 -269.36999 -384.75010  42.8%  90.8 5839s
  2832  1283     cutoff   58      -269.36999 -384.75010  42.8%  90.4 5922s
  2853  1290     cutoff   51      -269.36999 -384.75010  42.8%  90.6 5943s
  2882  1294     cutoff   57      -269.36999 -384.75010  42.8%  90.4 6013s
  2895  1306     cutoff   53      -269.36999 -384.75010  42.8%  90.5 6023s
  2943  1318 -337.96093   31    - -269.36999 -384.75010  42.8%  90.0 6110s
  2988  1333 -334.64565   31    - -269.36999 -384.75010  42.8%  89.8 6195s
  3000  1343 -322.34259   53    - -269.36999 -384.62163  42.8%  89.9 6205s
  3047  1355 -332.32891   31    2 -269.36999 -384.54991  42.8%  89.6 6307s
  3076  1370 -317.02850   55    - -269.36999 -384.50276  42.7%  89.5 6340s
  3093  1356 -329.71314   32    2 -269.36999 -384.30925  42.7%  89.6 6423s
  3138  1374 -339.35520   38    8 -269.36999 -383.92057  42.5%  89.6 6523s
  3206  1409     cutoff   59      -269.36999 -383.82455  42.5%  89.4 6627s
  3251  1423 -376.71897   41   16 -269.36999 -383.60288  42.4%  89.5 6710s
  3285  1435 -355.81442   54    5 -269.36999 -383.55272  42.4%  89.5 6807s
  3320  1453 -318.43079   55    4 -269.36999 -383.53811  42.4%  89.4 6813s
  3348  1458     cutoff   58      -269.36999 -383.43333  42.3%  89.5 6909s
  3412  1465 -323.84422   50    4 -269.36999 -383.23377  42.3%  89.4 7036s
  3496  1473 -316.51916   55    - -269.36999 -382.89026  42.1%  89.1 7163s
  3515  1493     cutoff   59      -269.36999 -382.81084  42.1%  89.1 7169s

Cutting planes:
  Lazy constraints: 109594

Explored 3528 nodes (318676 simplex iterations) in 7170.63 seconds
Thread count was 4 (of 4 available processors)

Solution count 3: -269.37 -268.87 -248.72 

Time limit reached
Best objective -2.693699915875e+02, best bound -3.828108440861e+02, gap 42.1134%
