
Gurobi 8.1.1 (win64) logging started 07/06/20 17:11:11

Changed value of parameter LogFile to Results/sslp2_30_70_50_BendersBnC.log
   Prev: gurobi.log  Default: 
Changed value of parameter Heuristics to 0.0
   Prev: 0.05  Min: 0.0  Max: 1.0  Default: 0.05
Changed value of parameter lazyConstraints to 1
   Prev: 0  Min: 0  Max: 1  Default: 0
Changed value of parameter timeLimit to 7191.888712882996
   Prev: 1e+100  Min: 0.0  Max: 1e+100  Default: 1e+100
Optimize a model with 721 rows, 80 columns and 12628 nonzeros
Variable types: 50 continuous, 30 integer (30 binary)
Coefficient statistics:
  Matrix range     [3e-13, 1e+06]
  Objective range  [2e-02, 8e+01]
  Bounds range     [1e+00, 1e+00]
  RHS range        [3e-13, 3e+04]
Warning: Model contains large matrix coefficient range
         Consider reformulating model or setting NumericFocus parameter
         to avoid numerical issues.
Presolve removed 64 rows and 0 columns
Presolve time: 0.02s
Presolved: 657 rows, 80 columns, 12355 nonzeros
Variable types: 50 continuous, 30 integer (30 binary)

Root relaxation: objective -7.813984e+02, 110 iterations, 0.02 seconds

    Nodes    |    Current Node    |     Objective Bounds      |     Work
 Expl Unexpl |  Obj  Depth IntInf | Incumbent    BestBd   Gap | It/Node Time

     0     0 -781.39845    0   16          - -781.39845      -     -    0s
     0     0 -780.56040    0   14          - -780.56040      -     -    0s
     0     0 -780.07786    0   15          - -780.07786      -     -    0s
     0     0 -779.77008    0   12          - -779.77008      -     -    0s
     0     0 -779.62087    0   12          - -779.62087      -     -    0s
     0     0 -779.52511    0   12          - -779.52511      -     -    0s
     0     0 -779.42258    0   12          - -779.42258      -     -    0s
     0     0 -779.32064    0   12          - -779.32064      -     -    0s
     0     0 -779.21669    0   10          - -779.21669      -     -    0s
     0     0 -779.12248    0   12          - -779.12248      -     -    0s
     0     0 -778.91690    0   14          - -778.91690      -     -    0s
     0     0 -778.89112    0   12          - -778.89112      -     -    0s
     0     0 -778.81237    0   13          - -778.81237      -     -    0s
     0     0 -778.68366    0   13          - -778.68366      -     -    0s
     0     0 -778.65284    0   14          - -778.65284      -     -    0s
     0     0 -778.57706    0   12          - -778.57706      -     -    0s
     0     0 -778.52594    0   11          - -778.52594      -     -    0s
     0     0 -778.51390    0   12          - -778.51390      -     -    0s
     0     0 -778.34796    0   13          - -778.34796      -     -    0s
     0     0 -778.28445    0   12          - -778.28445      -     -    0s
     0     0 -778.25411    0   11          - -778.25411      -     -    0s
     0     0 -778.18010    0   12          - -778.18010      -     -    0s
     0     0 -778.16452    0   12          - -778.16452      -     -    0s
     0     0 -778.05989    0   10          - -778.05989      -     -    0s
     0     0 -778.05157    0   12          - -778.05157      -     -    0s
     0     0 -778.01037    0   10          - -778.01037      -     -    0s
     0     0 -777.98865    0   10          - -777.98865      -     -    0s
     0     0 -777.95580    0   12          - -777.95580      -     -    0s
     0     0 -777.93088    0   13          - -777.93088      -     -    0s
     0     0 -777.90059    0   12          - -777.90059      -     -    0s
     0     0 -777.86997    0   13          - -777.86997      -     -    0s
     0     0 -777.86618    0   11          - -777.86618      -     -    0s
     0     0 -777.85636    0   13          - -777.85636      -     -    0s
     0     0 -777.83070    0   12          - -777.83070      -     -    0s
     0     0 -777.79106    0   12          - -777.79106      -     -    0s
     0     0 -777.79026    0   12          - -777.79026      -     -    0s
     0     0 -777.76535    0   11          - -777.76535      -     -    0s
     0     0 -777.75174    0   12          - -777.75174      -     -    0s
     0     0 -777.75054    0   11          - -777.75054      -     -    0s
     0     0 -777.74067    0   10          - -777.74067      -     -    0s
     0     0 -777.73886    0   12          - -777.73886      -     -    0s
     0     0 -777.73852    0   11          - -777.73852      -     -    0s
     0     0 -777.73566    0   11          - -777.73566      -     -    0s
     0     0 -777.73393    0   10          - -777.73393      -     -    0s
     0     0 -777.73095    0    9          - -777.73095      -     -    0s
     0     0 -777.72904    0   11          - -777.72904      -     -    0s
     0     0 -777.72615    0   10          - -777.72615      -     -    0s
     0     0 -777.72380    0   10          - -777.72380      -     -    0s
     0     0 -777.72283    0   10          - -777.72283      -     -    0s
     0     0 -777.71878    0   11          - -777.71878      -     -    0s
     0     0 -777.71676    0   11          - -777.71676      -     -    0s
     0     0 -777.71373    0   12          - -777.71373      -     -    0s
     0     0 -777.70582    0   11          - -777.70582      -     -    0s
     0     0 -777.70553    0   12          - -777.70553      -     -    0s
     0     0 -777.69019    0   11          - -777.69019      -     -    1s
     0     0 -777.68821    0   12          - -777.68821      -     -    1s
     0     0 -777.68802    0   13          - -777.68802      -     -    1s
     0     0 -777.55378    0   12          - -777.55378      -     -    1s
     0     0 -777.42023    0    9          - -777.42023      -     -    1s
     0     0 -777.35430    0    7          - -777.35430      -     -    1s
     0     0 -777.29679    0   10          - -777.29679      -     -    1s
     0     0 -777.26126    0    9          - -777.26126      -     -    1s
     0     0 -777.21966    0    9          - -777.21966      -     -    1s
     0     0 -777.15269    0    8          - -777.15269      -     -    1s
     0     0 -777.09018    0    9          - -777.09018      -     -    1s
     0     0 -777.06622    0    8          - -777.06622      -     -    1s
     0     0 -777.03188    0    7          - -777.03188      -     -    1s
     0     0 -777.01638    0    9          - -777.01638      -     -    1s
     0     0 -776.98009    0    8          - -776.98009      -     -    1s
     0     0 -776.94220    0    8          - -776.94220      -     -    1s
     0     0 -776.91124    0    9          - -776.91124      -     -    1s
     0     0 -776.90765    0   10          - -776.90765      -     -    1s
     0     0 -776.89151    0    9          - -776.89151      -     -    1s
     0     0 -776.88631    0    9          - -776.88631      -     -    1s
     0     0 -776.82693    0    9          - -776.82693      -     -    1s
     0     0 -776.81837    0   10          - -776.81837      -     -    1s
     0     0 -776.79674    0    9          - -776.79674      -     -    1s
     0     0 -776.79242    0    9          - -776.79242      -     -    1s
     0     0 -776.77233    0    9          - -776.77233      -     -    1s
     0     0 -776.76229    0    8          - -776.76229      -     -    1s
     0     0 -776.74181    0   10          - -776.74181      -     -    1s
     0     0 -776.71479    0    9          - -776.71479      -     -    1s
     0     0 -776.69320    0    8          - -776.69320      -     -    1s
     0     0 -776.69164    0    9          - -776.69164      -     -    1s
     0     0 -776.68912    0   10          - -776.68912      -     -    1s
     0     0 -776.67255    0    9          - -776.67255      -     -    1s
     0     0 -776.67171    0    8          - -776.67171      -     -    1s
     0     0 -776.65530    0    9          - -776.65530      -     -    1s
     0     0 -776.65103    0    9          - -776.65103      -     -    1s
     0     0 -776.63603    0    9          - -776.63603      -     -    1s
     0     0 -776.60111    0   10          - -776.60111      -     -    1s
     0     0 -776.59168    0   10          - -776.59168      -     -    1s
     0     0 -776.57462    0   11          - -776.57462      -     -    1s
     0     0 -776.55844    0    9          - -776.55844      -     -    1s
     0     0 -776.54900    0    9          - -776.54900      -     -    1s
     0     0 -776.54852    0   11          - -776.54852      -     -    1s
     0     0 -776.53017    0   11          - -776.53017      -     -    1s
     0     0 -776.49316    0    8          - -776.49316      -     -    1s
     0     0 -776.48004    0   11          - -776.48004      -     -    1s
     0     0 -776.46956    0    9          - -776.46956      -     -    1s
     0     0 -776.45798    0    8          - -776.45798      -     -    1s
     0     0 -776.45424    0    9          - -776.45424      -     -    1s
     0     0 -776.44378    0    9          - -776.44378      -     -    1s
     0     0 -776.44154    0    9          - -776.44154      -     -    1s
     0     0 -776.43588    0   10          - -776.43588      -     -    1s
     0     0 -776.42942    0    9          - -776.42942      -     -    1s
     0     0 -776.42764    0   10          - -776.42764      -     -    1s
     0     0 -776.42279    0   10          - -776.42279      -     -    1s
     0     0 -776.41933    0    9          - -776.41933      -     -    1s
     0     0 -776.41095    0   10          - -776.41095      -     -    1s
     0     0 -776.40242    0    9          - -776.40242      -     -    1s
     0     0 -776.40063    0   11          - -776.40063      -     -    1s
     0     0 -776.40031    0   10          - -776.40031      -     -    1s
     0     0 -776.32171    0    8          - -776.32171      -     -    2s
     0     0 -776.29019    0    8          - -776.29019      -     -    2s
     0     0 -776.28329    0    9          - -776.28329      -     -    2s
     0     0 -776.27221    0    8          - -776.27221      -     -    2s
     0     0 -776.27190    0    9          - -776.27190      -     -    2s
     0     0 -776.19167    0    6          - -776.19167      -     -    2s
     0     0 -776.18799    0    8          - -776.18799      -     -    2s
     0     0 -776.15195    0    7          - -776.15195      -     -    2s
     0     0 -776.14976    0    9          - -776.14976      -     -    2s
     0     0 -776.12324    0    8          - -776.12324      -     -    2s
     0     0 -776.12184    0    8          - -776.12184      -     -    2s
     0     0 -776.10289    0    8          - -776.10289      -     -    2s
     0     0 -776.09833    0    8          - -776.09833      -     -    2s
     0     0 -776.09317    0    8          - -776.09317      -     -    2s
     0     0 -776.08649    0    8          - -776.08649      -     -    2s
     0     0 -776.07882    0    9          - -776.07882      -     -    2s
     0     0 -776.06088    0    9          - -776.06088      -     -    2s
     0     0 -776.06038    0    9          - -776.06038      -     -    2s
     0     0 -776.05650    0    9          - -776.05650      -     -    2s
     0     0 -776.04051    0    8          - -776.04051      -     -    2s
     0     0 -776.03705    0    7          - -776.03705      -     -    2s
     0     0 -776.02927    0    6          - -776.02927      -     -    2s
     0     0 -776.02426    0    8          - -776.02426      -     -    2s
     0     0 -776.01752    0    8          - -776.01752      -     -    2s
     0     0 -776.01734    0    8          - -776.01734      -     -    2s
     0     0 -776.01075    0    6          - -776.01075      -     -    2s
     0     0 -776.00831    0    7          - -776.00831      -     -    2s
     0     0 -775.98405    0    7          - -775.98405      -     -    2s
     0     0 -775.98189    0    6          - -775.98189      -     -    2s
     0     0 -775.98167    0    7          - -775.98167      -     -    2s
     0     0 -775.98127    0    7          - -775.98127      -     -    2s
     0     0 -775.98071    0    7          - -775.98071      -     -    2s
     0     0 -775.97965    0    8          - -775.97965      -     -    2s
     0     0 -775.96697    0    7          - -775.96697      -     -    2s
     0     0 -775.95975    0    5          - -775.95975      -     -    2s
     0     0 -775.95742    0    7          - -775.95742      -     -    2s
     0     0 -775.94896    0    8          - -775.94896      -     -    2s
     0     0 -775.94660    0    7          - -775.94660      -     -    2s
     0     0 -775.93621    0    8          - -775.93621      -     -    2s
     0     0 -775.93621    0    8          - -775.93621      -     -    2s
     0     0 -775.92968    0    9          - -775.92968      -     -    2s
     0     0 -775.92550    0    9          - -775.92550      -     -    2s
     0     0 -775.92147    0    9          - -775.92147      -     -    2s
     0     0 -775.91095    0    9          - -775.91095      -     -    2s
     0     0 -775.90258    0    8          - -775.90258      -     -    2s
     0     0 -775.90222    0    8          - -775.90222      -     -    2s
     0     0 -775.88298    0    7          - -775.88298      -     -    2s
     0     0 -775.87672    0    7          - -775.87672      -     -    2s
     0     0 -775.86389    0    8          - -775.86389      -     -    2s
     0     0 -775.85324    0    9          - -775.85324      -     -    2s
     0     0 -775.85130    0    8          - -775.85130      -     -    2s
     0     0 -775.84506    0    7          - -775.84506      -     -    2s
     0     0 -775.83812    0    8          - -775.83812      -     -    2s
     0     0 -775.83501    0    9          - -775.83501      -     -    2s
     0     0 -775.83148    0    9          - -775.83148      -     -    2s
     0     0 -775.82966    0    9          - -775.82966      -     -    2s
     0     0 -775.82753    0    8          - -775.82753      -     -    2s
     0     0 -775.82406    0    8          - -775.82406      -     -    2s
     0     0 -775.82296    0    8          - -775.82296      -     -    3s
     0     0 -775.82156    0    8          - -775.82156      -     -    3s
     0     0 -775.81779    0    8          - -775.81779      -     -    3s
     0     0 -775.81327    0    7          - -775.81327      -     -    3s
     0     0 -775.81296    0    8          - -775.81296      -     -    3s
     0     0 -775.81258    0    8          - -775.81258      -     -    3s
     0     0 -775.81145    0    8          - -775.81145      -     -    3s
     0     0 -775.81142    0    9          - -775.81142      -     -    3s
     0     2 -775.81142    0    9          - -775.81142      -     -    3s
    19    11 -773.57411   10    5          - -775.68789      -  12.8    6s
    39    25 -686.80676    6    -          - -775.68789      -  13.1   12s
    53    27 -684.14051   16    3          - -775.68789      -  13.3   16s
    73    36 -674.19889   21    2          - -775.68789      -  13.2   23s
    82    44 -672.33456   23    1          - -775.68789      -  12.7   26s
    97    52 -656.03185   29    -          - -775.68789      -  12.7   31s
*  105    51              30    -513.6399861 -775.68789  51.0%  13.8   33s
   112    55 -732.11532    2    4 -513.63999 -775.53322  51.0%  14.7   35s
   142    73 -680.91955   10    4 -513.63999 -775.53322  51.0%  14.1   41s
   151    74 -678.32661    9    2 -513.63999 -775.53322  51.0%  14.1   45s
   164    82 -722.26153   15    3 -513.63999 -775.53322  51.0%  14.0   50s
   175    86 -721.55759   17    - -513.63999 -775.53322  51.0%  14.0   55s
*  192    94              30    -526.9399848 -775.53322  47.2%  15.0   59s
   194    88 -676.99173   20    - -526.93998 -775.53322  47.2%  15.2   60s
   210    89 -715.30096   22    - -526.93998 -775.53322  47.2%  15.3   65s
   218    98 -711.09365   22    - -526.93998 -775.53322  47.2%  15.2   70s
   238   102 -653.95454   21    - -526.93998 -775.53322  47.2%  15.0   77s
   245   108 -649.95429   21    - -526.93998 -775.53322  47.2%  14.9   80s
   268   116 -706.63144   26    4 -526.93998 -775.53322  47.2%  14.6   86s
   278   121 -682.64797   29    - -526.93998 -775.53322  47.2%  14.6   91s
   290   121 -673.30096   27    - -526.93998 -775.53322  47.2%  15.1   95s
   309   126 -730.41088    3    4 -526.93998 -775.16022  47.1%  15.0  102s
   319   129 -728.75342    7    3 -526.93998 -775.16022  47.1%  14.9  105s
   330   132 -685.82446   10    - -526.93998 -775.09322  47.1%  14.8  110s
   342   138 -657.94471   21    - -526.93998 -775.09322  47.1%  14.9  116s
   350   142 -680.73205   11    - -526.93998 -775.09322  47.1%  14.9  120s
   361   144 -672.83325   11    2 -526.93998 -775.09322  47.1%  14.8  125s
   376   147 -669.27437   12    - -526.93998 -775.09322  47.1%  14.5  132s
   384   146 -668.24261   13    - -526.93998 -775.09322  47.1%  14.5  135s
   403   158 -672.12838   19    - -526.93998 -775.09322  47.1%  14.4  141s
   413   168 -606.99939   28    2 -526.93998 -775.09322  47.1%  14.5  145s
   430   167 -699.68562   27    - -526.93998 -775.09322  47.1%  14.9  150s
   444   174 -724.87197   10    - -526.93998 -775.09322  47.1%  15.2  155s
   457   177 -721.41562   13    - -526.93998 -775.09322  47.1%  15.6  160s
   474   175 -543.36834   28    - -526.93998 -773.08762  46.7%  15.8  166s
   484   181 -717.77055   17    - -526.93998 -773.08762  46.7%  15.8  170s
   498   183 -728.23206   11    5 -526.93998 -772.72900  46.6%  16.1  175s
   518   193 -683.06412   17    3 -526.93998 -772.72900  46.6%  16.2  180s
   527   193 -719.62783   19    - -526.93998 -772.72900  46.6%  16.2  185s
   537   201 -677.62783   19    - -526.93998 -772.72900  46.6%  16.2  190s
   549   205 -669.21668   19    2 -526.93998 -772.72900  46.6%  16.3  195s
   566   215 -705.42833   26    - -526.93998 -772.72900  46.6%  16.3  201s
   580   221 -658.36800   26    - -526.93998 -772.72900  46.6%  16.3  206s
   596   230 -636.52962   26    4 -526.93998 -772.72900  46.6%  16.5  214s
   606   234 -649.49827   27    3 -526.93998 -772.72900  46.6%  16.5  217s
   615   234 -634.95720   29    - -526.93998 -772.72900  46.6%  16.5  220s
   633   245 -711.08496   20    6 -526.93998 -772.72900  46.6%  16.8  226s
   650   235     cutoff   28      -526.93998 -768.84481  45.9%  16.9  231s
   667   238 -729.55829    8    - -526.93998 -768.84481  45.9%  16.7  239s
   673   244 -667.12564   24    - -526.93998 -768.84481  45.9%  16.6  241s
   680   244 -685.25632   11    - -526.93998 -768.24506  45.8%  16.7  245s
   698   259 -767.79784   15   13 -526.93998 -767.79784  45.7%  16.7  251s
   718   261 -758.95447   19   10 -526.93998 -767.60359  45.7%  16.9  257s
   728   270 -742.43863   21    9 -526.93998 -767.60359  45.7%  17.1  261s
   750   274 -732.85330   23    7 -526.93998 -767.60359  45.7%  16.9  270s
   766   285 -681.96550   26    4 -526.93998 -767.60359  45.7%  17.2  276s
   775   286 -664.29180   27    3 -526.93998 -767.60359  45.7%  17.3  280s
   790   295 -596.96240   28    - -526.93998 -767.60359  45.7%  17.5  287s
   808   289 -548.19999   30    - -526.93998 -758.55161  44.0%  17.8  295s
   828   296 -718.73350   22    - -526.93998 -734.56270  39.4%  18.2  300s
   849   300 -685.37029   26    1 -526.93998 -731.05389  38.7%  18.2  305s
   875   293     cutoff   30      -526.93998 -730.72633  38.7%  18.3  312s
   906   294     cutoff   30      -526.93998 -730.31310  38.6%  18.2  323s
   930   303 -685.34128    9    4 -526.93998 -729.43359  38.4%  18.1  332s
   960   320 -678.88673   13    3 -526.93998 -728.23525  38.2%  17.9  344s
   975   337 -627.34471   28    1 -526.93998 -728.23525  38.2%  17.8  348s
   986   332 -725.23207   17    2 -526.93998 -728.12936  38.2%  17.8  352s
  1002   341 -719.79767   22    7 -526.93998 -728.01004  38.2%  18.0  358s
  1019   348 -702.27075   26    4 -526.93998 -728.01004  38.2%  18.0  364s
  1034   355 -543.53999   30    - -526.93998 -728.01004  38.2%  18.0  368s
  1046   362 -631.22320   20    1 -526.93998 -728.01004  38.2%  18.1  370s
  1062   358 -551.83998   30    - -526.93998 -727.70202  38.1%  18.1  376s
  1087   360     cutoff   30      -526.93998 -727.47911  38.1%  18.1  386s
  1106   369     cutoff   30      -526.93998 -727.22603  38.0%  18.1  397s
  1123   376 -675.13135   25    3 -526.93998 -726.84821  37.9%  18.1  402s
  1134   394 -554.11118   28    - -526.93998 -726.84821  37.9%  18.1  408s
  1137   382 -681.92611    9    - -526.93998 -726.73676  37.9%  18.1  410s
  1153   398     cutoff   28      -526.93998 -726.45053  37.9%  18.1  415s
* 1174   400              30    -533.1799846 -726.45053  36.2%  18.1  424s
  1186   388 -627.17684   28    1 -533.17998 -726.34378  36.2%  18.1  426s
  1214   392     cutoff   30      -533.17998 -725.77625  36.1%  17.9  437s
  1233   406 -674.00693   17    3 -533.17998 -725.34224  36.0%  17.9  443s
  1251   406     cutoff   30      -533.17998 -725.24253  36.0%  17.8  452s
  1260   416 -681.72864   20    1 -533.17998 -725.17555  36.0%  17.8  455s
  1282   428 -717.34340   22    8 -533.17998 -725.17555  36.0%  17.7  462s
  1313   439     cutoff   30      -533.17998 -724.87197  36.0%  17.8  471s
  1338   446     cutoff   30      -533.17998 -724.43459  35.9%  17.9  478s
  1366   454     cutoff   30      -533.17998 -724.22993  35.8%  17.8  487s
  1387   468 -673.44553   21    2 -533.17998 -724.18374  35.8%  17.7  492s
  1411   452     cutoff   30      -533.17998 -723.96877  35.8%  17.6  503s
  1455   472     cutoff   30      -533.17998 -723.65192  35.7%  17.4  520s
  1475   489     cutoff   30      -533.17998 -723.57770  35.7%  17.4  525s
  1493   487     cutoff   30      -533.17998 -722.70242  35.5%  17.4  532s
  1520   502 -670.74850   20    - -533.17998 -722.26638  35.5%  17.4  540s
  1544   510 -650.57370   28    - -533.17998 -721.72403  35.4%  17.3  549s
  1564   529 -717.76101   18    7 -533.17998 -721.72403  35.4%  17.2  556s
  1592   543 -683.20598   25    - -533.17998 -721.47506  35.3%  17.2  564s
  1601   534 -640.15311   22    1 -533.17998 -721.45212  35.3%  17.2  569s
  1615   551 -663.45849   26    - -533.17998 -721.45212  35.3%  17.2  575s
  1632   555 -557.08566   29    1 -533.17998 -721.39128  35.3%  17.3  580s
  1645   554     cutoff   30      -533.17998 -721.19537  35.3%  17.4  585s
* 1654   552              30    -539.9399844 -721.16618  33.6%  17.4  586s
  1670   550 -695.92541   27    3 -539.93998 -721.16618  33.6%  17.4  592s
  1697   557     cutoff   30      -539.93998 -720.52690  33.4%  17.5  599s
  1726   558     cutoff   30      -539.93998 -720.00016  33.3%  17.5  612s
  1755   566 -677.84278   24    - -539.93998 -719.81618  33.3%  17.6  625s
  1791   576     cutoff   30      -539.93998 -719.03105  33.2%  17.5  635s
  1818   587 -685.95087   28    1 -539.93998 -718.84629  33.1%  17.5  642s
  1849   595 -638.63330   29    1 -539.93998 -718.56882  33.1%  17.6  653s
  1867   605     cutoff   30      -539.93998 -718.52046  33.1%  17.6  657s
  1883   607     cutoff   30      -539.93998 -718.42799  33.1%  17.6  664s
  1897   618 -707.48060   23    6 -539.93998 -718.42799  33.1%  17.6  668s
  1914   627 -667.30198   29    - -539.93998 -718.19844  33.0%  17.7  673s
  1929   624 -572.21724   29    1 -539.93998 -718.11629  33.0%  17.8  679s
  1969   623     cutoff   30      -539.93998 -717.92353  33.0%  17.8  691s
  2005   631 -557.11999   30    - -539.93998 -717.87795  33.0%  17.8  704s
  2026   649     cutoff   30      -539.93998 -717.87795  33.0%  17.8  711s
  2040   647     cutoff   30      -539.93998 -717.52555  32.9%  17.8  718s
  2074   664     cutoff   30      -539.93998 -716.81746  32.8%  17.8  728s
  2085   672 -629.66628   27    1 -539.93998 -716.69122  32.7%  17.8  731s
  2100   674 -624.97365   30    - -539.93998 -716.40950  32.7%  17.9  738s
  2140   680     cutoff   30      -539.93998 -716.25705  32.7%  17.9  749s
  2155   692     cutoff   30      -539.93998 -715.85784  32.6%  17.9  752s
  2166   691 -545.21999   30    - -539.93998 -715.81933  32.6%  18.0  758s
  2196   692 -636.37598   24    2 -539.93998 -715.70722  32.6%  18.0  771s
  2229   693 -589.40243   26    2 -539.93998 -715.57640  32.5%  18.1  784s
  2243   702     cutoff   30      -539.93998 -715.08438  32.4%  18.2  788s
  2260   694     cutoff   29      -539.93998 -715.08438  32.4%  18.2  798s
  2280   707 -667.06639   23    2 -539.93998 -715.08438  32.4%  18.2  805s
  2295   702     cutoff   30      -539.93998 -714.19991  32.3%  18.2  816s
  2336   716     cutoff   30      -539.93998 -712.74877  32.0%  18.1  834s
  2365   726 -625.04835   30    - -539.93998 -712.07674  31.9%  18.2  847s
  2387   747     cutoff   30      -539.93998 -711.97749  31.9%  18.3  855s
  2416   745     cutoff   30      -539.93998 -711.86138  31.8%  18.3  863s
  2435   751 -623.95620   28    2 -539.93998 -711.67969  31.8%  18.4  871s
  2466   762 -645.17868   27    3 -539.93998 -711.12183  31.7%  18.6  880s
  2499   769 -591.99361   28    2 -539.93998 -709.86641  31.5%  18.7  889s
  2514   783     cutoff   30      -539.93998 -709.55028  31.4%  18.7  895s
  2563   781     cutoff   30      -539.93998 -707.73707  31.1%  18.8  912s
  2581   798 -634.59265   29    - -539.93998 -707.62384  31.1%  18.8  917s
  2595   785 -621.34714   30    - -539.93998 -707.40026  31.0%  18.9  923s
  2610   801     cutoff   30      -539.93998 -705.86232  30.7%  18.9  926s
  2627   784     cutoff   30      -539.93998 -705.83245  30.7%  19.0  935s
  2669   792     cutoff   30      -539.93998 -705.38235  30.6%  19.0  951s
  2716   799 -658.96977   26    - -539.93998 -700.97192  29.8%  19.0  969s
  2749   815     cutoff   30      -539.93998 -697.59822  29.2%  19.1  982s
  2768   828     cutoff   30      -539.93998 -697.59822  29.2%  19.1  986s
  2784   817     cutoff   30      -539.93998 -694.97548  28.7%  19.2  992s
  2840   805 -610.53874   27    - -539.93998 -689.16452  27.6%  19.1 1017s
  2872   834     cutoff   30      -539.93998 -689.16452  27.6%  19.0 1030s
  2914   822 -681.12220    9    2 -539.93998 -689.09499  27.6%  18.9 1052s
  2986   864 -641.20086   17    2 -539.93998 -688.04913  27.4%  18.7 1081s
  3050   901 -621.22133   28    - -539.93998 -686.67833  27.2%  18.6 1106s
  3084   934     cutoff   29      -539.93998 -686.54187  27.2%  18.5 1119s
  3119   923 -614.11118   28    - -539.93998 -686.16047  27.1%  18.5 1135s
  3160   939     cutoff   29      -539.93998 -685.70314  27.0%  18.5 1155s
  3191   965 -629.31603   28    - -539.93998 -685.53574  27.0%  18.4 1166s
  3219   929 -634.90025   20    - -539.93998 -685.32502  26.9%  18.4 1186s
  3253   971     cutoff   29      -539.93998 -685.04529  26.9%  18.3 1201s
  3290   963 -623.98998   28    - -539.93998 -685.04529  26.9%  18.2 1224s
  3319   998 -656.95526   27    3 -539.93998 -685.04529  26.9%  18.3 1234s
  3355   998 -557.55398   28    2 -539.93998 -684.65219  26.8%  18.2 1250s
  3418  1022 -551.64732   29    1 -539.93998 -684.21987  26.7%  18.1 1278s
  3475  1047     cutoff   30      -539.93998 -684.09251  26.7%  18.1 1302s
  3532  1054     cutoff   30      -539.93998 -684.01007  26.7%  18.2 1328s
  3612  1064 -679.69949    9    3 -539.93998 -683.52792  26.6%  18.0 1369s
  3693  1100 -662.25840   23    7 -539.93998 -683.33322  26.6%  17.9 1407s
  3748  1138     cutoff   29      -539.93998 -683.00804  26.5%  17.8 1434s
  3788  1169     cutoff   30      -539.93998 -682.91614  26.5%  17.7 1449s
  3822  1155 -578.55507   28    - -539.93998 -682.91614  26.5%  17.7 1467s
  3877  1202 -621.11118   28    - -539.93998 -682.56530  26.4%  17.7 1490s
  3927  1205 -573.36604   29    - -539.93998 -682.52145  26.4%  17.7 1518s
  3999  1213     cutoff   30      -539.93998 -682.30168  26.4%  17.6 1550s
  4076  1244 -670.45641   22    - -539.93998 -681.97901  26.3%  17.5 1590s
  4112  1287 -550.07433   29    - -539.93998 -681.95654  26.3%  17.5 1603s
* 4114  1270              30    -552.6999844 -681.95654  23.4%  17.5 1603s
  4153  1246 -678.27823   14    4 -552.69998 -681.69694  23.3%  17.5 1626s
  4190  1291 -555.53853   29    1 -552.69998 -681.44343  23.3%  17.4 1642s
  4226  1263     cutoff   30      -552.69998 -681.43429  23.3%  17.4 1666s
  4250  1297     cutoff   30      -552.69998 -681.25632  23.3%  17.5 1673s
  4296  1293     cutoff   30      -552.69998 -681.23131  23.3%  17.4 1699s
  4372  1308 -596.12366   29    1 -552.69998 -681.03829  23.2%  17.4 1734s
  4413  1356 -626.05258   28    1 -552.69998 -680.88838  23.2%  17.4 1748s
  4446  1317     cutoff   30      -552.69998 -680.86556  23.2%  17.4 1770s
  4539  1340 -618.99795   28    - -552.69998 -680.64233  23.1%  17.2 1819s
  4579  1389     cutoff   30      -552.69998 -680.45701  23.1%  17.2 1834s
  4605  1383 -553.42555   28    2 -552.69998 -680.43729  23.1%  17.3 1854s
  4680  1394 -672.50156   12    - -552.69998 -680.33845  23.1%  17.2 1891s
  4713  1437 -630.18501   12    - -552.69998 -680.10643  23.1%  17.2 1909s
  4733  1410 -611.78941   27    - -552.69998 -680.07722  23.0%  17.2 1933s
  4779  1466 -635.37310   11    - -552.69998 -680.06033  23.0%  17.1 1949s
  4827  1452 -676.92460   11    - -552.69998 -679.72990  23.0%  17.1 1980s
  4871  1503     cutoff   30      -552.69998 -679.60285  23.0%  17.0 1994s
  4908  1492     cutoff   30      -552.69998 -679.59301  23.0%  17.0 2015s
  4945  1536     cutoff   30      -552.69998 -679.48341  22.9%  17.0 2030s
  4981  1511     cutoff   30      -552.69998 -679.46276  22.9%  17.0 2052s
  5025  1555     cutoff   30      -552.69998 -679.35020  22.9%  17.0 2068s
  5065  1528 -582.53045   28    1 -552.69998 -679.33593  22.9%  17.0 2093s
  5096  1571     cutoff   30      -552.69998 -679.13182  22.9%  17.0 2108s
  5150  1546     cutoff   29      -552.69998 -679.10837  22.9%  17.0 2141s
  5244  1578 -613.11118   28    - -552.69998 -678.99532  22.9%  16.9 2189s
  5309  1608     cutoff   30      -552.69998 -678.93049  22.8%  17.0 2221s
  5344  1644 -573.93952   29    1 -552.69998 -678.82723  22.8%  17.0 2233s
  5389  1612     cutoff   29      -552.69998 -678.81925  22.8%  17.0 2264s
  5434  1657     cutoff   30      -552.69998 -678.54341  22.8%  16.9 2283s
  5467  1632 -672.32570   14    2 -552.69998 -678.52690  22.8%  16.9 2312s
  5545  1660     cutoff   30      -552.69998 -678.35159  22.7%  16.9 2360s
  5629  1684     cutoff   29      -552.69998 -678.15244  22.7%  16.8 2406s
  5719  1715 -674.78380   18    - -552.69998 -677.99163  22.7%  16.8 2457s
  5802  1747     cutoff   30      -552.69998 -677.81046  22.6%  16.7 2505s
  5877  1784 -619.06455   28    - -552.69998 -677.76515  22.6%  16.8 2545s
  5919  1831     cutoff   30      -552.69998 -677.76515  22.6%  16.8 2561s
  5955  1804 -569.65103   29    - -552.69998 -677.39905  22.6%  16.7 2591s
  5983  1846     cutoff   30      -552.69998 -677.38617  22.6%  16.7 2599s
  6024  1817     cutoff   29      -552.69998 -677.38617  22.6%  16.7 2631s
  6055  1859 -668.02356   15    6 -552.69998 -677.38617  22.6%  16.7 2647s
  6091  1850 -661.12579   24    4 -552.69998 -677.04481  22.5%  16.6 2675s
  6137  1886 -568.80909   29    - -552.69998 -677.00719  22.5%  16.7 2708s
  6201  1890     cutoff   29      -552.69998 -676.83010  22.5%  16.7 2744s
  6295  1900     cutoff   30      -552.69998 -676.69630  22.4%  16.6 2792s
  6344  1948     cutoff   30      -552.69998 -676.51021  22.4%  16.6 2811s
  6374  1931     cutoff   30      -552.69998 -676.50268  22.4%  16.6 2837s
  6462  1946     cutoff   30      -552.69998 -676.37168  22.4%  16.6 2885s
  6504  1992     cutoff   30      -552.69998 -676.14989  22.3%  16.6 2898s
  6542  1976     cutoff   30      -552.69998 -676.14056  22.3%  16.6 2930s
  6604  2001     cutoff   30      -552.69998 -675.98836  22.3%  16.6 2963s
  6633  2033 -556.45998   30    - -552.69998 -675.89946  22.3%  16.6 2974s
  6664  2015     cutoff   28      -552.69998 -675.88335  22.3%  16.6 3001s
  6740  2026 -566.46627   29    - -552.69998 -675.71730  22.3%  16.6 3047s
  6799  2041     cutoff   30      -552.69998 -675.61966  22.2%  16.6 3087s
  6839  2085     cutoff   30      -552.69998 -675.43510  22.2%  16.6 3103s
  6873  2054     cutoff   30      -552.69998 -675.41416  22.2%  16.6 3135s
  6953  2082     cutoff   30      -552.69998 -675.26000  22.2%  16.5 3183s
  7024  2111     cutoff   30      -552.69998 -675.10269  22.1%  16.5 3227s
  7063  2153 -562.84546   29    - -552.69998 -675.08537  22.1%  16.5 3240s
  7091  2123     cutoff   30      -552.69998 -674.95715  22.1%  16.5 3270s
  7126  2162     cutoff   29      -552.69998 -674.73860  22.1%  16.5 3283s
  7153  2144     cutoff   30      -552.69998 -674.73860  22.1%  16.5 3311s
  7183  2181 -600.56129   25    - -552.69998 -674.73860  22.1%  16.5 3323s
  7212  2153 -605.13325   28    - -552.69998 -674.62720  22.1%  16.5 3357s
  7240  2188 -561.91427   29    - -552.69998 -674.44812  22.0%  16.5 3372s
  7267  2162 -565.16617   28    2 -552.69998 -674.44466  22.0%  16.5 3401s
  7296  2207     cutoff   29      -552.69998 -674.35203  22.0%  16.5 3411s
  7327  2183     cutoff   29      -552.69998 -674.28721  22.0%  16.5 3442s
  7362  2218 -658.32525   26    4 -552.69998 -674.20619  22.0%  16.5 3456s
  7393  2208 -608.11118   28    - -552.69998 -674.12032  22.0%  16.5 3487s
  7426  2245     cutoff   30      -552.69998 -674.12032  22.0%  16.5 3497s
  7459  2217     cutoff   30      -552.69998 -674.07110  22.0%  16.5 3528s
  7533  2231     cutoff   30      -552.69998 -673.82827  21.9%  16.4 3577s
  7582  2259 -612.84859   25    2 -552.69998 -673.72908  21.9%  16.5 3614s
  7649  2269     cutoff   30      -552.69998 -673.61818  21.9%  16.4 3655s
  7670  2297 -616.63759   22    - -552.69998 -673.60265  21.9%  16.5 3663s
  7699  2287     cutoff   30      -552.69998 -673.53584  21.9%  16.5 3693s
  7739  2316     cutoff   30      -552.69998 -673.38006  21.8%  16.5 3703s
  7784  2307     cutoff   30      -552.69998 -673.37709  21.8%  16.4 3740s
  7846  2328     cutoff   30      -552.69998 -673.29437  21.8%  16.5 3778s
  7914  2342     cutoff   30      -552.69998 -673.19844  21.8%  16.4 3820s
  7949  2380 -563.28544   29    - -552.69998 -673.02317  21.8%  16.4 3834s
  7978  2363 -617.33219   28    - -552.69998 -672.99568  21.8%  16.4 3867s
  8048  2387 -562.38377   29    - -552.69998 -672.88672  21.7%  16.4 3912s
  8081  2423     cutoff   30      -552.69998 -672.74354  21.7%  16.4 3924s
  8105  2407     cutoff   29      -552.69998 -672.72025  21.7%  16.4 3953s
  8166  2417 -623.74552   25    2 -552.69998 -672.56955  21.7%  16.4 3996s
  8198  2457 -574.29994   30    - -552.69998 -672.56955  21.7%  16.4 4007s
  8234  2447 -650.00183   27    3 -552.69998 -672.44224  21.7%  16.4 4037s
  8255  2477 -649.40964   24    - -552.69998 -672.39461  21.7%  16.4 4049s
  8280  2468     cutoff   29      -552.69998 -672.38737  21.7%  16.4 4076s
  8337  2480 -570.65305   28    2 -552.69998 -672.27146  21.6%  16.4 4119s
  8362  2507     cutoff   30      -552.69998 -672.27146  21.6%  16.4 4128s
  8393  2493     cutoff   30      -552.69998 -672.12975  21.6%  16.4 4162s
  8439  2509     cutoff   28      -552.69998 -671.96745  21.6%  16.4 4203s
  8501  2526 -567.20897   27    1 -552.69998 -671.90592  21.6%  16.4 4245s
  8553  2544     cutoff   28      -552.69998 -671.76288  21.5%  16.4 4286s
  8575  2574     cutoff   28      -552.69998 -671.74980  21.5%  16.4 4291s
  8600  2567     cutoff   28      -552.69998 -671.71994  21.5%  16.4 4320s
  8643  2567 -595.78803   28    2 -552.69998 -671.63414  21.5%  16.4 4356s
  8688  2575 -588.90870   26    4 -552.69998 -671.46189  21.5%  16.4 4391s
  8739  2597     cutoff   29      -552.69998 -671.41130  21.5%  16.4 4437s
  8764  2620 -663.84299   19    8 -552.69998 -671.30700  21.5%  16.4 4446s
  8803  2613 -562.07137   29    - -552.69998 -671.26123  21.5%  16.4 4483s
  8856  2632     cutoff   29      -552.69998 -671.11507  21.4%  16.5 4523s
  8916  2646 -664.05869   19    - -552.69998 -670.94089  21.4%  16.5 4564s
  8972  2659 -559.14197   29    - -552.69998 -670.84772  21.4%  16.5 4601s
  9006  2691     cutoff   30      -552.69998 -670.78255  21.4%  16.5 4610s
  9030  2680     cutoff   30      -552.69998 -670.77327  21.4%  16.5 4641s
  9075  2694     cutoff   30      -552.69998 -670.65437  21.3%  16.5 4676s
  9123  2694 -649.35846   27    3 -552.69998 -670.59620  21.3%  16.6 4715s
  9188  2704     cutoff   30      -552.69998 -670.40877  21.3%  16.6 4761s
  9245  2735     cutoff   30      -552.69998 -670.31958  21.3%  16.6 4800s
  9266  2756     cutoff   30      -552.69998 -670.27977  21.3%  16.6 4806s
  9293  2741 -585.86081   22    - -552.69998 -670.26085  21.3%  16.6 4841s
  9354  2764 -629.38268   25    - -552.69998 -670.12445  21.2%  16.6 4886s
  9381  2794 -608.11118   28    - -552.69998 -670.10344  21.2%  16.5 4893s
  9407  2776 -611.88851   26    - -552.69998 -670.09911  21.2%  16.6 4928s
  9474  2801 -648.32534   26    4 -552.69998 -669.99505  21.2%  16.5 4975s
  9533  2816 -618.17666   20    - -552.69998 -669.88322  21.2%  16.5 5025s
  9558  2852     cutoff   30      -552.69998 -669.79573  21.2%  16.5 5032s
  9590  2837 -645.66535   27    3 -552.69998 -669.79131  21.2%  16.5 5069s
  9618  2869     cutoff   30      -552.69998 -669.59184  21.1%  16.5 5079s
  9653  2855     cutoff   29      -552.69998 -669.53908  21.1%  16.5 5116s
  9702  2885     cutoff   29      -552.69998 -669.46080  21.1%  16.5 5164s
  9752  2902     cutoff   30      -552.69998 -669.35747  21.1%  16.6 5200s
  9801  2918 -625.34904   22    2 -552.69998 -669.29745  21.1%  16.6 5239s
  9825  2943     cutoff   29      -552.69998 -669.23902  21.1%  16.6 5249s
  9848  2912     cutoff   29      -552.69998 -669.23646  21.1%  16.6 5284s
  9901  2921 -571.26811   28    2 -552.69998 -669.09572  21.1%  16.6 5334s
  9926  2957     cutoff   28      -552.69998 -669.09572  21.1%  16.6 5341s
  9945  2951     cutoff   29      -552.69998 -669.02171  21.0%  16.6 5371s
  9992  2953     cutoff   30      -552.69998 -668.96683  21.0%  16.6 5412s
 10021  2981     cutoff   29      -552.69998 -668.83509  21.0%  16.6 5421s
 10054  2966     cutoff   30      -552.69998 -668.82277  21.0%  16.6 5463s
 10114  2978     cutoff   30      -552.69998 -668.71331  21.0%  16.7 5506s
 10136  3000     cutoff   30      -552.69998 -668.56366  21.0%  16.7 5517s
 10170  2972     cutoff   30      -552.69998 -668.55806  21.0%  16.7 5554s
 10194  3005 -557.19998   30    - -552.69998 -668.50296  21.0%  16.7 5565s
 10225  2982 -652.22643   23    - -552.69998 -668.47533  20.9%  16.7 5605s
 10244  3010     cutoff   30      -552.69998 -668.42999  20.9%  16.7 5615s
 10270  3005 -623.33691   14    - -552.69998 -668.30556  20.9%  16.7 5651s
 10332  3000 -567.70716   29    1 -552.69998 -668.20160  20.9%  16.7 5704s
 10366  3042     cutoff   28      -552.69998 -668.00716  20.9%  16.7 5720s
 10390  3015     cutoff   30      -552.69998 -667.98946  20.9%  16.7 5757s
 10411  3051 -623.16680   19    - -552.69998 -667.91747  20.8%  16.7 5768s
 10449  3044 -659.00173   23    - -552.69998 -667.83398  20.8%  16.6 5807s
 10516  3064 -659.92540   25    - -552.69998 -667.71959  20.8%  16.6 5854s
 10545  3105     cutoff   30      -552.69998 -667.56176  20.8%  16.6 5865s
 10572  3083 -645.62395   27    3 -552.69998 -667.54818  20.8%  16.6 5901s
 10628  3099     cutoff   29      -552.69998 -667.36682  20.7%  16.6 5949s
 10679  3118     cutoff   29      -552.69998 -667.31408  20.7%  16.6 5995s
 10726  3127 -624.40869   30    - -552.69998 -667.21341  20.7%  16.7 6040s
 10764  3150     cutoff   30      -552.69998 -667.02560  20.7%  16.7 6051s
 10782  3116     cutoff   30      -552.69998 -667.01051  20.7%  16.7 6085s
 10835  3125 -618.11118   22    - -552.69998 -666.74438  20.6%  16.7 6137s
 10886  3148 -626.06131   26    2 -552.69998 -666.60589  20.6%  16.7 6187s
 10936  3165 -630.24632   28    - -552.69998 -666.44297  20.6%  16.7 6236s
 10971  3203 -622.66586   20    - -552.69998 -666.40979  20.6%  16.7 6250s
 10997  3172 -590.61655   28    2 -552.69998 -666.40979  20.6%  16.7 6291s
 11049  3193     cutoff   30      -552.69998 -666.30558  20.6%  16.7 6340s
 11125  3202     cutoff   30      -552.69998 -665.95855  20.5%  16.7 6396s
 11164  3242     cutoff   30      -552.69998 -665.87207  20.5%  16.7 6407s
 11194  3229     cutoff   30      -552.69998 -665.83802  20.5%  16.6 6446s
 11250  3252     cutoff   29      -552.69998 -665.76712  20.5%  16.6 6495s
 11275  3281     cutoff   29      -552.69998 -665.67803  20.4%  16.6 6504s
 11310  3268     cutoff   29      -552.69998 -665.62665  20.4%  16.6 6545s
 11343  3301 -563.54898   28    2 -552.69998 -665.48304  20.4%  16.6 6562s
 11375  3281     cutoff   30      -552.69998 -665.47495  20.4%  16.6 6598s
 11432  3307     cutoff   30      -552.69998 -665.32753  20.4%  16.6 6648s
 11463  3337 -617.69194   27    - -552.69998 -665.32753  20.4%  16.6 6659s
 11489  3322     cutoff   30      -552.69998 -665.20323  20.4%  16.6 6698s
 11552  3339     cutoff   29      -552.69998 -665.00090  20.3%  16.6 6751s
 11618  3355 -602.58401   27    - -552.69998 -664.82598  20.3%  16.6 6802s
 11644  3384     cutoff   30      -552.69998 -664.76598  20.3%  16.6 6810s
 11678  3376 -622.10032   24    - -552.69998 -664.76598  20.3%  16.6 6849s
 11694  3398 -609.40861   26    - -552.69998 -664.76598  20.3%  16.6 6858s
 11717  3386 -589.54008   28    2 -552.69998 -664.61350  20.2%  16.6 6899s
 11745  3417 -607.69386   28    - -552.69998 -664.61350  20.2%  16.6 6909s
 11771  3404 -610.21469   26    - -552.69998 -664.46924  20.2%  16.6 6955s
 11796  3432 -583.58169   29    1 -552.69998 -664.29355  20.2%  16.7 6968s
 11825  3408 -609.64566   29    - -552.69998 -664.27755  20.2%  16.7 7006s
 11856  3448     cutoff   30      -552.69998 -664.10007  20.2%  16.7 7018s
 11893  3422 -619.46146   19    - -552.69998 -664.07528  20.2%  16.6 7063s
 11956  3434 -654.60404   26    - -552.69998 -664.02131  20.1%  16.6 7118s
 12003  3449 -650.20291   27    3 -552.69998 -663.92026  20.1%  16.7 7168s

Cutting planes:
  MIR: 57
  Lazy constraints: 632896

Explored 12073 nodes (202271 simplex iterations) in 7197.24 seconds
Thread count was 4 (of 4 available processors)

Solution count 5: -552.7 -539.94 -533.18 ... -513.64

Time limit reached
Best objective -5.526999844499e+02, best bound -6.635260683933e+02, gap 20.0518%
