
Gurobi 8.1.1 (win64) logging started 07/07/20 05:10:35

Changed value of parameter LogFile to Results/sslp2_40_50_200_BnC.log
   Prev: gurobi.log  Default: 
Changed value of parameter Heuristics to 0.0
   Prev: 0.05  Min: 0.0  Max: 1.0  Default: 0.05
Changed value of parameter lazyConstraints to 1
   Prev: 0  Min: 0  Max: 1  Default: 0
Changed value of parameter timeLimit to 1488.7146711349487
   Prev: 1e+100  Min: 0.0  Max: 1e+100  Default: 1e+100
Optimize a model with 8441 rows, 240 columns and 261714 nonzeros
Variable types: 200 continuous, 40 integer (40 binary)
Coefficient statistics:
  Matrix range     [2e-13, 9e+05]
  Objective range  [5e-03, 8e+01]
  Bounds range     [1e+00, 1e+00]
  RHS range        [1e-13, 2e+04]
Warning: Model contains large matrix coefficient range
         Consider reformulating model or setting NumericFocus parameter
         to avoid numerical issues.
Presolve removed 440 rows and 0 columns
Presolve time: 0.24s
Presolved: 8001 rows, 240 columns, 253535 nonzeros
Variable types: 200 continuous, 40 integer (40 binary)

Root relaxation: objective -3.894643e+02, 947 iterations, 0.59 seconds

    Nodes    |    Current Node    |     Objective Bounds      |     Work
 Expl Unexpl |  Obj  Depth IntInf | Incumbent    BestBd   Gap | It/Node Time

     0     0 -389.46431    0   24          - -389.46431      -     -    0s
     0     0 -389.45646    0   24          - -389.45646      -     -    1s
     0     0 -389.44949    0   24          - -389.44949      -     -    1s
     0     0 -389.44630    0   24          - -389.44630      -     -    2s
     0     0 -389.44239    0   23          - -389.44239      -     -    2s
     0     0 -389.43820    0   24          - -389.43820      -     -    2s
     0     0 -389.43484    0   24          - -389.43484      -     -    2s
     0     0 -389.43209    0   24          - -389.43209      -     -    3s
     0     0 -389.43113    0   24          - -389.43113      -     -    3s
     0     0 -389.42809    0   24          - -389.42809      -     -    4s
     0     0 -389.42587    0   24          - -389.42587      -     -    4s
     0     0 -389.41124    0   23          - -389.41124      -     -    4s
     0     0 -389.40998    0   23          - -389.40998      -     -    4s
     0     0 -389.40998    0   23          - -389.40998      -     -    5s
     0     2 -389.40998    0   23          - -389.40998      -     -    5s
    57    57 -384.34897   22    8          - -389.27895      -  63.4   10s
*   67    59              40    -380.1649898 -389.27895  2.40%  65.2   13s
    89    72 -381.36663   35    1 -380.16499 -388.36403  2.16%  67.8   15s
   126   104 -385.80283   12   12 -380.16499 -388.36403  2.16%  67.4   24s
   140   112 -384.23990   16    9 -380.16499 -388.36403  2.16%  69.1   25s
   197   150 -385.39852   10    9 -380.16499 -387.91574  2.04%  65.3   30s
   256   185     cutoff   34      -380.16499 -387.79781  2.01%  63.0   35s
   284   198     cutoff    9      -380.16499 -387.79781  2.01%  62.0   40s
   382   245 -386.59390    9   13 -380.16499 -387.64686  1.97%  57.2   45s
   482   302     cutoff   36      -380.16499 -387.35815  1.89%  54.0   54s
   503   319 -382.41336    6    6 -380.16499 -387.35815  1.89%  54.1   56s
   562   340 -380.74796   16    4 -380.16499 -387.25669  1.87%  52.1   61s
   623   361 -384.12556   23    9 -380.16499 -387.21164  1.85%  51.1   65s
   687   401 -384.51529   15   12 -380.16499 -387.11639  1.83%  50.5   71s
   723   427 -384.25293   14   23 -380.16499 -387.04875  1.81%  50.9   78s
   725   428 -386.05419   17   24 -380.16499 -387.04875  1.81%  50.8   82s
   728   433 -387.04875   12   23 -380.16499 -387.04875  1.81%  52.7   87s
   730   435 -387.04875   13   20 -380.16499 -387.04875  1.81%  53.1   91s
   734   437 -387.04875   14   19 -380.16499 -387.04875  1.81%  53.7   95s
   754   447 -387.04875   18   18 -380.16499 -387.04875  1.81%  56.9  100s
   796   465 -385.84879   25   12 -380.16499 -387.04875  1.81%  60.7  105s
   826   465 -382.06797   28    7 -380.16499 -387.04875  1.81%  60.9  110s
   907   477 -386.72881   29   12 -380.16499 -387.04875  1.81%  62.7  115s
   966   480 -380.89076   25    5 -380.16499 -387.04875  1.81%  62.4  120s
  1065   501 -383.98711   32    6 -380.16499 -387.04875  1.81%  61.7  126s
  1126   519 -385.99307   20   12 -380.16499 -387.04875  1.81%  61.4  130s
  1151   509 -385.97104   21   12 -380.16499 -387.04875  1.81%  61.5  135s
  1232   500     cutoff   38      -380.16499 -387.04875  1.81%  60.5  141s
  1297   521 -380.43461   42    1 -380.16499 -386.94485  1.78%  60.1  147s
  1316   521 -381.54605   32    6 -380.16499 -386.92328  1.78%  60.2  150s
  1376   531 -385.85665   26   10 -380.16499 -386.85811  1.76%  60.8  155s
  1458   550 -385.38827   38    4 -380.16499 -386.75154  1.73%  60.5  162s
  1496   557     cutoff   30      -380.16499 -386.68989  1.72%  60.3  167s
  1545   557     cutoff   43      -380.16499 -386.64539  1.70%  59.9  172s
  1585   553 -381.23186   28    7 -380.16499 -386.60432  1.69%  59.8  178s
  1630   549 -382.03271   37    6 -380.16499 -386.52202  1.67%  59.5  182s
  1652   549     cutoff   44      -380.16499 -386.47999  1.66%  59.6  185s
  1729   551 -380.32414   23    8 -380.16499 -386.34936  1.63%  59.4  192s
  1749   552 -382.91461   26    1 -380.16499 -386.33650  1.62%  59.3  196s
  1780   550     cutoff   37      -380.16499 -386.28625  1.61%  58.7  201s
  1819   554 -383.42535   31    9 -380.16499 -386.21956  1.59%  58.4  207s
  1865   542     cutoff   43      -380.16499 -386.14715  1.57%  57.9  219s
  1896   542 -380.50050   28    5 -380.16499 -386.14124  1.57%  57.7  226s
  1909   538 -380.73490   34    4 -380.16499 -386.11560  1.57%  57.8  230s
  1955   548 -384.89515   31    7 -380.16499 -386.06557  1.55%  57.5  237s
  2029   565 -384.07093   23    8 -380.16499 -385.96369  1.53%  56.9  241s
  2057   575 -381.13103   33    4 -380.16499 -385.95129  1.52%  56.7  245s
  2093   579     cutoff   32      -380.16499 -385.88451  1.50%  56.8  255s
  2123   588 -383.78597   35    6 -380.16499 -385.85441  1.50%  56.6  260s
  2181   620     cutoff   44      -380.16499 -385.83040  1.49%  56.3  267s
* 2216   541              44    -381.4599892 -385.81981  1.14%  56.4  271s
  2263   559     cutoff   20      -381.45999 -385.79537  1.14%  56.1  278s
  2297   569 -385.02431   37    6 -381.45999 -385.69839  1.11%  56.0  282s
  2336   576     cutoff   44      -381.45999 -385.56548  1.08%  55.8  289s
  2369   581 -381.96850   37    3 -381.45999 -385.52108  1.06%  55.6  291s
  2423   584 -382.63914   27    4 -381.45999 -385.44016  1.04%  55.5  298s
  2449   604     cutoff   41      -381.45999 -385.42631  1.04%  55.3  300s
  2488   599 -382.58847   42    2 -381.45999 -385.39959  1.03%  55.0  306s
  2524   608     cutoff   44      -381.45999 -385.36667  1.02%  54.9  312s
  2574   637     cutoff   43      -381.45999 -385.31697  1.01%  54.6  316s
  2611   652     cutoff   44      -381.45999 -385.26580  1.00%  54.6  321s
  2650   665     cutoff   22      -381.45999 -385.18166  0.98%  54.6  327s
  2683   676 -382.64991   33    9 -381.45999 -385.15422  0.97%  54.6  330s
  2726   687 -381.52639   28    5 -381.45999 -385.11741  0.96%  54.4  335s
  2771   698 -381.58466   40    1 -381.45999 -385.05707  0.94%  54.3  341s
  2827   727 -383.70366   36    6 -381.45999 -385.02548  0.93%  54.0  347s
  2889   750     cutoff   44      -381.45999 -384.98690  0.92%  53.8  357s
  2976   750     cutoff   39      -381.45999 -384.96796  0.92%  53.2  363s
  3041   756     cutoff   26      -381.45999 -384.87864  0.90%  53.0  369s
  3124   755 -383.46497   37    6 -381.45999 -384.82617  0.88%  52.5  380s
  3215   761 -383.98828   27    5 -381.45999 -384.75139  0.86%  52.2  391s
  3294   769 -384.15128   24    3 -381.45999 -384.68132  0.84%  51.9  400s
  3378   791 -383.34443   33    3 -381.45999 -384.60932  0.83%  51.5  411s
  3463   801 -381.60639   33    1 -381.45999 -384.51698  0.80%  51.2  420s
  3504   812 -384.32400   35    6 -381.45999 -384.46721  0.79%  51.1  426s
  3557   811     cutoff   41      -381.45999 -384.43989  0.78%  50.9  435s
  3626   826     cutoff   30      -381.45999 -384.37190  0.76%  50.8  444s
  3683   817 -382.26489   26    6 -381.45999 -384.27752  0.74%  50.9  453s
  3784   825 -382.10903   36    1 -381.45999 -384.23590  0.73%  50.4  468s
  3839   838 -382.86915   40    3 -381.45999 -384.14803  0.70%  50.1  474s
  3902   833     cutoff   36      -381.45999 -384.14134  0.70%  49.8  486s
  4013   825     cutoff   39      -381.45999 -384.08609  0.69%  49.4  496s
  4060   842     cutoff   33      -381.45999 -384.02036  0.67%  49.2  500s
  4120   833     cutoff   40      -381.45999 -383.98374  0.66%  48.9  508s
  4205   830 -381.82396   27    7 -381.45999 -383.93471  0.65%  48.8  518s
  4287   816     cutoff   27      -381.45999 -383.89517  0.64%  48.6  525s
  4337   786     cutoff   26      -381.45999 -383.80042  0.61%  48.5  532s
  4423   763 -381.97084   35    5 -381.45999 -383.72190  0.59%  48.4  538s
  4493   734     cutoff   28      -381.45999 -383.65559  0.58%  48.1  546s
  4611   712     cutoff   33      -381.45999 -383.58204  0.56%  47.7  555s
  4686   693     cutoff   43      -381.45999 -383.52530  0.54%  47.3  563s
  4756   667     cutoff   37      -381.45999 -383.45498  0.52%  47.1  572s
  4824   641     cutoff   28      -381.45999 -383.36703  0.50%  47.0  580s
  4910   622     cutoff   25      -381.45999 -383.27552  0.48%  46.7  588s
  4974   582     cutoff   31      -381.45999 -383.20463  0.46%  46.7  594s
  5016   592     cutoff   30      -381.45999 -383.10840  0.43%  46.5  596s
  5073   571     cutoff   35      -381.45999 -383.10760  0.43%  46.3  603s
  5096   572     cutoff   37      -381.45999 -383.03306  0.41%  46.2  605s
  5138   540 -382.11263   36    4 -381.45999 -383.03035  0.41%  46.1  611s
  5205   503 -381.80597   28    3 -381.45999 -382.95682  0.39%  45.9  618s
  5283   471     cutoff   29      -381.45999 -382.88768  0.37%  45.6  626s
  5351   438     cutoff   24      -381.45999 -382.79455  0.35%  45.3  633s
  5382   439     cutoff   31      -381.45999 -382.73224  0.33%  45.2  635s
  5442   405     cutoff   32      -381.45999 -382.61011  0.30%  45.0  641s
  5536   328     cutoff   31      -381.45999 -382.52501  0.28%  44.6  654s
  5587   345     cutoff   40      -381.45999 -382.45050  0.26%  44.3  659s
  5616   303     cutoff   38      -381.45999 -382.44952  0.26%  44.2  664s
  5637   305     cutoff   28      -381.45999 -382.42562  0.25%  44.1  666s
  5727   229     cutoff   22      -381.45999 -382.30655  0.22%  43.8  672s
  5777   187     cutoff   35      -381.45999 -382.20843  0.20%  43.6  675s
  5814   193     cutoff   40      -381.45999 -382.10357  0.17%  43.4  680s
  5891   110     cutoff   28      -381.45999 -381.98768  0.14%  43.1  685s
  5963    72     cutoff   41      -381.45999 -381.86468  0.11%  42.8  692s
  6032    32     cutoff   21      -381.45999 -381.62407  0.04%  42.4  695s
  6062     0     cutoff   31      -381.45999 -381.59491  0.04%  42.3  701s

Cutting planes:
  Lazy constraints: 58750

Explored 6097 nodes (257661 simplex iterations) in 701.15 seconds
Thread count was 4 (of 4 available processors)

Solution count 3: -381.46 -380.165 -380.165 

Optimal solution found (tolerance 1.00e-04)
Warning: max constraint violation (1.1060e-06) exceeds tolerance
Best objective -3.814599892148e+02, best bound -3.814599892148e+02, gap 0.0000%
