
Gurobi 9.0.3 (win64) logging started Sat Jan  1 12:05:38 2022

Changed value of parameter LogFile to Results/sslp1_30_70_200_var_BnC.log
   Prev:   Default: 
Changed value of parameter Heuristics to 0.0
   Prev: 0.05  Min: 0.0  Max: 1.0  Default: 0.05
Changed value of parameter lazyConstraints to 1
   Prev: 0  Min: 0  Max: 1  Default: 0
Changed value of parameter timeLimit to 2419.711733818054
   Prev: inf  Min: 0.0  Max: inf  Default: inf
Gurobi Optimizer version 9.0.3 build v9.0.3rc0 (win64)
Optimize a model with 8201 rows, 260 columns and 373723 nonzeros
Model fingerprint: 0xaf8854d3
Variable types: 230 continuous, 30 integer (30 binary)
Coefficient statistics:
  Matrix range     [1e-13, 6e+05]
  Objective range  [5e-03, 4e+01]
  Bounds range     [1e+00, 1e+00]
  RHS range        [4e-15, 2e+04]
Warning: Model contains large matrix coefficient range
         Consider reformulating model or setting NumericFocus parameter
         to avoid numerical issues.
Presolve added 0 rows and 151 columns
Presolve removed 739 rows and 0 columns
Presolve time: 0.32s
Presolved: 7462 rows, 411 columns, 303976 nonzeros
Variable types: 380 continuous, 31 integer (30 binary)

Root relaxation: objective -6.834521e+02, 994 iterations, 0.77 seconds

    Nodes    |    Current Node    |     Objective Bounds      |     Work
 Expl Unexpl |  Obj  Depth IntInf | Incumbent    BestBd   Gap | It/Node Time

     0     0 -683.45206    0   21          - -683.45206      -     -    1s
     0     0 -683.43706    0   21          - -683.43706      -     -    1s
     0     0 -683.43706    0   21          - -683.43706      -     -    2s
     0     0 -683.43706    0   21          - -683.43706      -     -    2s
     0     0 -683.43706    0   21          - -683.43706      -     -    2s
     0     0 -683.43581    0   21          - -683.43581      -     -    3s
     0     0 -683.43581    0   21          - -683.43581      -     -    3s
     0     0 -683.43581    0   21          - -683.43581      -     -    4s
     0     0 -683.42081    0   22          - -683.42081      -     -    4s
     0     0 -683.42038    0   22          - -683.42038      -     -    4s
     0     0 -683.42003    0   22          - -683.42003      -     -    4s
     0     0 -683.41929    0   22          - -683.41929      -     -    5s
     0     0 -683.41695    0   22          - -683.41695      -     -    6s
     0     0 -683.41695    0   22          - -683.41695      -     -    6s
     0     2 -683.41695    0   22          - -683.41695      -     -    6s
    51    54 -679.97480   21    6          - -683.09717      -  82.4   11s
*   56    54              30    -644.6049841 -683.09717  5.97%  81.5   12s
*   66    59              30    -653.7549831 -683.09717  4.49%  82.4   17s
    69    58 -661.45078   30    - -653.75498 -683.07716  4.49%  87.9   20s
*   70    59              30    -654.8349840 -683.07716  4.31%  88.4   21s
*  121    95              30    -666.6799830 -682.89319  2.43%  80.4   28s
   134    99 -681.19552   14   10 -666.67998 -682.89319  2.43%  79.4   32s
*  161   110              30    -671.2999831 -682.89319  1.73%  75.4   35s
   195   136 -679.19416   10    7 -671.29998 -682.63169  1.69%  75.5   40s
   245   154 -671.48860   27    2 -671.29998 -682.50796  1.67%  71.3   48s
   254   158 -682.10738    8   16 -671.29998 -682.50796  1.67%  71.4   52s
   267   162 -680.37712   10   12 -671.29998 -682.50796  1.67%  70.5   56s
   339   200 -678.40234   16   10 -671.29998 -682.39446  1.65%  65.9   60s
   385   230 -681.81965    7   13 -671.29998 -682.37044  1.65%  64.7   67s
   437   263 -680.84339   28    2 -671.29998 -682.20837  1.62%  63.7   71s
   461   274 -679.38714    9   12 -671.29998 -682.19030  1.62%  65.3   75s
   506   293 -675.37366   15    2 -671.29998 -682.15812  1.62%  63.6   80s
   565   329 -680.75767   24    2 -671.29998 -682.10588  1.61%  62.1   88s
   588   331 -673.41094   27    - -671.29998 -682.10112  1.61%  62.1   92s
   640   363 -680.25834   19    6 -671.29998 -682.09101  1.61%  61.1   98s
*  651   363              30    -671.6299832 -682.04862  1.55%  61.0  101s
   697   389 -676.25816   11    - -671.62998 -681.97507  1.54%  61.1  109s
   722   410 -679.78474   13    2 -671.62998 -681.94847  1.54%  61.0  115s
*  744   410              30    -671.9149849 -681.94802  1.49%  60.2  118s
*  750   413              28    -673.1949824 -681.94762  1.30%  60.4  120s
   797   440 -679.24049   17    9 -673.19498 -681.87324  1.29%  59.6  125s
   862   477 -679.75943   12    8 -673.19498 -681.85322  1.29%  58.3  134s
   899   496 -678.31503   23    2 -673.19498 -681.82343  1.28%  57.3  136s
   932   509 -680.23792   10   11 -673.19498 -681.81894  1.28%  56.5  140s
*  954   479              30    -676.3399826 -681.81894  0.81%  56.0  142s
   984   491 -679.40148   14    8 -676.33998 -681.76733  0.80%  55.9  145s
  1039   524 -678.99014   14    8 -676.33998 -681.75194  0.80%  55.0  152s
  1078   536     cutoff   24      -676.33998 -681.72108  0.80%  54.3  158s
  1093   540 -677.63842   11   11 -676.33998 -681.71289  0.79%  54.7  160s
  1170   556     cutoff   23      -676.33998 -681.67835  0.79%  53.7  172s
  1205   562 -678.03546   23    2 -676.33998 -681.63750  0.78%  53.1  177s
  1237   574 -678.37873   14   10 -676.33998 -681.61414  0.78%  53.1  184s
  1275   591     cutoff   25      -676.33998 -681.59102  0.78%  52.6  193s
  1286   593 -679.41234   19    3 -676.33998 -681.58795  0.78%  52.7  195s
  1344   641 -679.45787   16    9 -676.33998 -681.56722  0.77%  52.2  201s
  1384   658     cutoff   26      -676.33998 -681.56228  0.77%  51.7  207s
  1417   677 -678.56729   13    2 -676.33998 -681.55546  0.77%  51.8  213s
  1467   680 -679.30491   16   22 -676.33998 -681.54566  0.77%  51.3  225s
  1469   681 -680.47176   19   22 -676.33998 -681.54566  0.77%  51.2  233s
  1471   683 -680.74216   11   21 -676.33998 -681.54566  0.77%  51.1  235s
  1473   686 -681.54566   11   20 -676.33998 -681.54566  0.77%  52.4  244s
  1475   687 -681.54566   12   21 -676.33998 -681.54566  0.77%  52.5  249s
  1477   688 -681.54566   12   14 -676.33998 -681.54566  0.77%  52.7  254s
  1479   689 -681.54566   13   20 -676.33998 -681.54566  0.77%  52.8  260s
  1483   692 -681.54566   14   19 -676.33998 -681.54566  0.77%  53.1  266s
  1491   697 -681.54566   16   17 -676.33998 -681.54566  0.77%  54.0  270s
  1511   711 -681.54566   21   10 -676.33998 -681.54566  0.77%  55.1  275s
  1555   718 -680.45981   37    2 -676.33998 -681.54566  0.77%  56.1  281s
  1578   714 -681.23066   16   11 -676.33998 -681.54566  0.77%  56.4  285s
  1614   729 -680.12394   26    8 -676.33998 -681.54566  0.77%  56.4  291s
  1641   731 -681.03271   19   14 -676.33998 -681.54566  0.77%  56.2  295s
  1681   751 -678.73280   35    3 -676.33998 -681.54566  0.77%  56.7  300s
  1727   758 -681.00416   32    5 -676.33998 -681.54566  0.77%  56.8  307s
  1761   767     cutoff   21      -676.33998 -681.54566  0.77%  56.9  315s
  1805   772 -680.78938   26   10 -676.33998 -681.54566  0.77%  56.9  320s
  1835   780 -679.68763   25    9 -676.33998 -681.54566  0.77%  57.1  326s
  1870   797     cutoff   37      -676.33998 -681.54566  0.77%  57.6  333s
  1892   801 -680.77127   26    4 -676.33998 -681.54566  0.77%  57.7  336s
  1935   806     cutoff   36      -676.33998 -681.54566  0.77%  57.2  342s
  1953   802 -681.54566   21    9 -676.33998 -681.54566  0.77%  57.0  345s
  1997   809 -678.76738   20    9 -676.33998 -681.54566  0.77%  56.9  351s
  2039   812 -678.13369   25    7 -676.33998 -681.54566  0.77%  56.6  359s
  2084   817 -679.90723   25    9 -676.33998 -681.54566  0.77%  56.3  366s
  2152   841 -680.22200   22   10 -676.33998 -681.54566  0.77%  56.0  374s
  2179   834 -681.00337   28    5 -676.33998 -681.54566  0.77%  55.7  377s
  2212   837     cutoff   36      -676.33998 -681.54566  0.77%  55.3  382s
  2229   854 -679.33856   23    8 -676.33998 -681.54566  0.77%  55.6  387s
  2273   856     cutoff   35      -676.33998 -681.54566  0.77%  55.2  391s
  2319   872 -678.15740   29    2 -676.33998 -681.54566  0.77%  54.9  397s
* 2370   820              37    -676.4149826 -681.54566  0.76%  54.5  400s
  2401   839 -678.02084   29    5 -676.41498 -681.54566  0.76%  54.6  410s
  2449   845 -677.57385   24    2 -676.41498 -681.54566  0.76%  54.4  417s
  2511   845 -677.15656   23    8 -676.41498 -681.53196  0.76%  54.3  425s
  2592   837     cutoff   31      -676.41498 -681.49878  0.75%  53.5  437s
  2647   847 -678.84683   28    2 -676.41498 -681.48072  0.75%  53.4  448s
  2725   841     cutoff   35      -676.41498 -681.42766  0.74%  52.9  457s
  2775   842 -680.92059   27    5 -676.41498 -681.39002  0.74%  52.8  465s
  2810   838     cutoff   33      -676.41498 -681.37506  0.73%  52.8  474s
  2832   846 -679.76366   33    2 -676.41498 -681.37494  0.73%  52.9  483s
  2908   841     cutoff   37      -676.41498 -681.34718  0.73%  52.7  499s
  2946   849     cutoff   33      -676.41498 -681.32376  0.73%  52.8  508s
  2980   841 -678.92891   35    2 -676.41498 -681.31151  0.72%  52.7  510s
  3027   854 -678.97404   27    2 -676.41498 -681.30296  0.72%  52.5  521s
  3108   858 -677.66572   29    2 -676.41498 -681.27317  0.72%  52.1  532s
  3199   846     cutoff   37      -676.41498 -681.23957  0.71%  51.7  545s
  3293   833     cutoff   36      -676.41498 -681.20868  0.71%  51.5  562s
  3376   827     cutoff   37      -676.41498 -681.18227  0.70%  51.3  575s
  3470   825     cutoff   33      -676.41498 -681.16135  0.70%  51.1  588s
  3542   851 -677.75996   31    2 -676.41498 -681.13052  0.70%  51.0  606s
  3578   854 -677.89902   32    2 -676.41498 -681.07611  0.69%  51.0  610s
  3623   867 -678.49402   34    2 -676.41498 -681.07209  0.69%  50.9  624s
  3652   871     cutoff   32      -676.41498 -681.07055  0.69%  51.0  630s
  3709   881     cutoff   26      -676.41498 -681.06388  0.69%  50.7  642s
  3804   922     cutoff   37      -676.41498 -680.99585  0.68%  50.6  669s
  3879   934     cutoff   36      -676.41498 -680.97076  0.67%  50.7  683s
  3985   966 -677.70039   33    2 -676.41498 -680.93725  0.67%  50.3  708s
  4133  1005 -679.68414   32    3 -676.41498 -680.89966  0.66%  49.6  734s
  4247  1019     cutoff   38      -676.41498 -680.87017  0.66%  49.5  756s
  4295  1026     cutoff   37      -676.41498 -680.84571  0.66%  49.6  766s
  4341  1046     cutoff   35      -676.41498 -680.84461  0.65%  49.5  781s
  4414  1052 -679.13260   33    2 -676.41498 -680.81962  0.65%  49.2  786s
  4486  1061     cutoff   33      -676.41498 -680.81006  0.65%  49.0  805s
  4581  1082     cutoff   37      -676.41498 -680.77266  0.64%  49.0  832s
  4680  1108 -678.61032   33    2 -676.41498 -680.74914  0.64%  49.0  850s
  4751  1114 -677.71331   29    2 -676.41498 -680.69248  0.63%  48.8  855s
  4822  1145     cutoff   33      -676.41498 -680.69138  0.63%  48.6  870s
  4901  1150     cutoff   37      -676.41498 -680.67688  0.63%  48.3  877s
  4965  1169     cutoff   38      -676.41498 -680.65684  0.63%  48.2  898s
  5032  1177     cutoff   32      -676.41498 -680.63284  0.62%  48.2  906s
  5098  1194     cutoff   36      -676.41498 -680.63227  0.62%  48.0  926s
  5200  1231     cutoff   31      -676.41498 -680.60052  0.62%  48.0  954s
  5309  1240 -679.27881   35    2 -676.41498 -680.53192  0.61%  47.8  973s
  5428  1286 -676.70778   34    - -676.41498 -680.50426  0.60%  47.8 1007s
  5533  1296 -679.19680   27    2 -676.41498 -680.46593  0.60%  47.5 1015s
  5633  1340     cutoff   36      -676.41498 -680.46109  0.60%  47.2 1042s
  5800  1375     cutoff   34      -676.41498 -680.42284  0.59%  46.8 1074s
  5935  1404     cutoff   35      -676.41498 -680.40129  0.59%  46.7 1106s
  6100  1430     cutoff   30      -676.41498 -680.38049  0.59%  46.6 1143s
  6165  1438 -679.53862   35    2 -676.41498 -680.37332  0.59%  46.6 1153s
  6252  1478     cutoff   38      -676.41498 -680.35012  0.58%  46.5 1183s
  6397  1506     cutoff   36      -676.41498 -680.32607  0.58%  46.3 1218s
  6529  1550 -676.57894   31    2 -676.41498 -680.28449  0.57%  46.3 1255s
  6629  1556 -678.95037   23    5 -676.41498 -680.26509  0.57%  46.1 1261s
  6707  1611     cutoff   37      -676.41498 -680.26180  0.57%  46.1 1293s
  6897  1637     cutoff   37      -676.41498 -680.23537  0.56%  45.8 1333s
  6974  1643     cutoff   35      -676.41498 -680.22152  0.56%  45.7 1340s
  7052  1671     cutoff   38      -676.41498 -680.21938  0.56%  45.6 1369s
  7177  1695 -678.09969   33    3 -676.41498 -680.20469  0.56%  45.5 1395s
  7321  1722 -677.94691   30    5 -676.41498 -680.18419  0.56%  45.4 1428s
  7400  1728     cutoff   37      -676.41498 -680.15152  0.55%  45.3 1436s
  7516  1749     cutoff   33      -676.41498 -680.15148  0.55%  45.1 1473s
  7599  1755     cutoff   33      -676.41498 -680.12887  0.55%  45.0 1478s
  7673  1758     cutoff   35      -676.41498 -680.12095  0.55%  45.0 1507s
  7756  1764     cutoff   34      -676.41498 -680.10169  0.55%  44.9 1512s
  7828  1792 -677.31181   35    - -676.41498 -680.10097  0.54%  45.0 1549s
  8026  1826     cutoff   35      -676.41498 -680.06292  0.54%  44.8 1599s
  8183  1845     cutoff   38      -676.41498 -680.04989  0.54%  44.8 1643s
  8260  1848 -678.76191   32    2 -676.41498 -680.04338  0.54%  44.7 1647s
  8323  1885 -676.94194   28    2 -676.41498 -680.02011  0.53%  44.7 1681s
  8491  1917     cutoff   38      -676.41498 -680.00619  0.53%  44.5 1724s
  8578  1922     cutoff   35      -676.41498 -679.99414  0.53%  44.4 1728s
  8639  1933     cutoff   35      -676.41498 -679.98981  0.53%  44.4 1756s
  8780  1936     cutoff   33      -676.41498 -679.97882  0.53%  44.3 1794s
  8947  1971     cutoff   31      -676.41498 -679.94257  0.52%  44.2 1835s
  9125  1980     cutoff   35      -676.41498 -679.90327  0.52%  44.0 1870s
  9202  1987 -677.30479   32    2 -676.41498 -679.88973  0.51%  44.0 1879s
  9275  2002     cutoff   37      -676.41498 -679.88833  0.51%  44.0 1909s
  9366  2007     cutoff   29      -676.41498 -679.86082  0.51%  43.8 1916s
  9435  2022     cutoff   36      -676.41498 -679.85935  0.51%  43.8 1952s
  9605  2042 -676.63571   27    2 -676.41498 -679.83810  0.51%  43.7 1991s
  9768  2055     cutoff   35      -676.41498 -679.80474  0.50%  43.5 2029s
  9864  2058     cutoff   34      -676.41498 -679.79385  0.50%  43.4 2034s
  9946  2071     cutoff   31      -676.41498 -679.77780  0.50%  43.3 2066s
 10116  2078 -676.88340   30    2 -676.41498 -679.74225  0.49%  43.2 2103s
 10260  2073     cutoff   28      -676.41498 -679.71706  0.49%  43.1 2145s
 10353  2082     cutoff   31      -676.41498 -679.68954  0.48%  43.1 2155s
 10425  2097     cutoff   37      -676.41498 -679.68622  0.48%  43.1 2196s
 10617  2129     cutoff   35      -676.41498 -679.66872  0.48%  42.9 2248s
 10766  2151     cutoff   34      -676.41498 -679.63690  0.48%  42.9 2287s
 10929  2151     cutoff   38      -676.41498 -679.61948  0.47%  42.8 2327s
 11020  2157     cutoff   27      -676.41498 -679.60818  0.47%  42.7 2337s
 11098  2171 -676.67222   34    2 -676.41498 -679.60681  0.47%  42.7 2377s
 11271  2186     cutoff   36      -676.41498 -679.58194  0.47%  42.5 2419s
 11351  2194     cutoff   36      -676.41498 -679.56390  0.47%  42.5 2427s

Cutting planes:
  Lazy constraints: 127662

Explored 11429 nodes (487016 simplex iterations) in 2433.47 seconds
Thread count was 4 (of 4 available processors)

Solution count 10: -676.415 -676.34 -673.195 ... -644.605

Time limit reached
Warning: max constraint violation (1.8081e-06) exceeds tolerance
Best objective -6.764149826004e+02, best bound -6.795638970349e+02, gap 0.4655%

User-callback calls 47735, time in user-callback 1002.03 sec
