
Gurobi 9.0.3 (win64) logging started Sat Jan  1 06:21:12 2022

Changed value of parameter LogFile to Results/sslp1_30_70_50_var_BendersBnC.log
   Prev:   Default: 
Changed value of parameter Heuristics to 0.0
   Prev: 0.05  Min: 0.0  Max: 1.0  Default: 0.05
Changed value of parameter lazyConstraints to 1
   Prev: 0  Min: 0  Max: 1  Default: 0
Changed value of parameter timeLimit to 7192.389917373657
   Prev: inf  Min: 0.0  Max: inf  Default: inf
Gurobi Optimizer version 9.0.3 build v9.0.3rc0 (win64)
Optimize a model with 916 rows, 110 columns and 34302 nonzeros
Model fingerprint: 0xe6c04eb2
Variable types: 80 continuous, 30 integer (30 binary)
Coefficient statistics:
  Matrix range     [1e-13, 6e+05]
  Objective range  [2e-02, 4e+01]
  Bounds range     [1e+00, 1e+00]
  RHS range        [4e-15, 2e+04]
Warning: Model contains large matrix coefficient range
         Consider reformulating model or setting NumericFocus parameter
         to avoid numerical issues.
Presolve added 0 rows and 3 columns
Presolve removed 188 rows and 0 columns
Presolve time: 0.02s
Presolved: 728 rows, 113 columns, 17479 nonzeros
Variable types: 82 continuous, 31 integer (30 binary)

Root relaxation: objective -8.091505e+02, 217 iterations, 0.02 seconds

    Nodes    |    Current Node    |     Objective Bounds      |     Work
 Expl Unexpl |  Obj  Depth IntInf | Incumbent    BestBd   Gap | It/Node Time

     0     0 -809.15049    0   24          - -809.15049      -     -    0s
     0     0 -806.88863    0   13          - -806.88863      -     -    0s
     0     0 -806.68292    0   12          - -806.68292      -     -    0s
     0     0 -806.68231    0   11          - -806.68231      -     -    0s
     0     0 -805.59693    0   13          - -805.59693      -     -    0s
     0     0 -804.93370    0   12          - -804.93370      -     -    0s
     0     0 -804.77858    0   12          - -804.77858      -     -    0s
     0     0 -804.66360    0   12          - -804.66360      -     -    0s
     0     0 -804.64006    0   13          - -804.64006      -     -    0s
     0     0 -804.63492    0   15          - -804.63492      -     -    0s
     0     0 -804.60670    0   14          - -804.60670      -     -    0s
     0     0 -804.60261    0   14          - -804.60261      -     -    0s
     0     0 -804.60073    0   14          - -804.60073      -     -    0s
     0     0 -804.59848    0   15          - -804.59848      -     -    0s
     0     0 -804.59253    0   14          - -804.59253      -     -    0s
     0     0 -804.59249    0   14          - -804.59249      -     -    0s
     0     0 -804.32975    0   16          - -804.32975      -     -    0s
     0     0 -804.19239    0   13          - -804.19239      -     -    0s
     0     0 -804.16206    0   13          - -804.16206      -     -    0s
     0     0 -804.15000    0   14          - -804.15000      -     -    0s
     0     0 -804.14571    0   14          - -804.14571      -     -    0s
     0     0 -804.14356    0   14          - -804.14356      -     -    0s
     0     0 -804.14096    0   14          - -804.14096      -     -    0s
     0     0 -804.14029    0   14          - -804.14029      -     -    0s
     0     0 -804.04887    0   14          - -804.04887      -     -    0s
     0     0 -804.01356    0   13          - -804.01356      -     -    0s
     0     0 -803.96240    0   13          - -803.96240      -     -    0s
     0     0 -803.94846    0   15          - -803.94846      -     -    0s
     0     0 -803.93791    0   15          - -803.93791      -     -    0s
     0     0 -803.92708    0   15          - -803.92708      -     -    0s
     0     0 -803.92279    0   15          - -803.92279      -     -    0s
     0     0 -803.91581    0   15          - -803.91581      -     -    0s
     0     0 -803.91173    0   15          - -803.91173      -     -    0s
     0     0 -803.91081    0   15          - -803.91081      -     -    0s
     0     0 -803.79110    0   18          - -803.79110      -     -    0s
     0     0 -803.73666    0   16          - -803.73666      -     -    0s
     0     0 -803.72723    0   18          - -803.72723      -     -    0s
     0     0 -803.72346    0   19          - -803.72346      -     -    0s
     0     0 -803.71653    0   17          - -803.71653      -     -    0s
     0     0 -803.71559    0   18          - -803.71559      -     -    0s
     0     0 -803.66858    0   16          - -803.66858      -     -    0s
     0     0 -803.65778    0   17          - -803.65778      -     -    0s
     0     0 -803.65274    0   15          - -803.65274      -     -    0s
     0     0 -803.65246    0   16          - -803.65246      -     -    0s
     0     0 -803.59901    0   16          - -803.59901      -     -    0s
     0     0 -803.57753    0   15          - -803.57753      -     -    0s
     0     0 -803.57251    0   15          - -803.57251      -     -    0s
     0     0 -803.56949    0   15          - -803.56949      -     -    0s
     0     0 -803.56778    0   17          - -803.56778      -     -    0s
     0     0 -803.53444    0   14          - -803.53444      -     -    0s
     0     0 -803.52170    0   15          - -803.52170      -     -    0s
     0     0 -803.52033    0   16          - -803.52033      -     -    0s
     0     0 -803.51391    0   16          - -803.51391      -     -    0s
     0     0 -803.49950    0   12          - -803.49950      -     -    0s
     0     0 -803.49041    0   13          - -803.49041      -     -    0s
     0     0 -803.48969    0   14          - -803.48969      -     -    0s
     0     0 -803.47148    0   14          - -803.47148      -     -    0s
     0     0 -803.46813    0   14          - -803.46813      -     -    0s
     0     0 -803.46229    0   14          - -803.46229      -     -    0s
     0     0 -803.45542    0   16          - -803.45542      -     -    0s
     0     0 -803.45450    0   15          - -803.45450      -     -    0s
     0     0 -803.45299    0   14          - -803.45299      -     -    0s
     0     0 -803.45265    0   14          - -803.45265      -     -    0s
     0     0 -803.44201    0   13          - -803.44201      -     -    0s
     0     0 -803.44201    0   13          - -803.44201      -     -    0s
     0     2 -803.44201    0   13          - -803.44201      -     -    0s
*   65    53              30    -443.4799896 -803.43176  81.2%  22.3    2s
*   70    55              30    -480.6399876 -803.43176  67.2%  23.0    3s
*   71    55              30    -482.4599875 -803.43176  66.5%  23.4    4s
*   74    54              30    -494.3599877 -803.27216  62.5%  24.4    5s
*   76    54              30    -518.6799871 -803.27216  54.9%  24.8    5s
*  119    90              30    -541.4399869 -803.26536  48.4%  24.5    7s
*  129    94              30    -606.8399845 -803.26536  32.4%  25.0    8s
   179   134 -776.08530   29    2 -606.83998 -803.26536  32.4%  26.1   10s
   227   139     cutoff   30      -606.83998 -802.63198  32.3%  26.9   15s
*  303   179              30    -616.0199848 -802.20377  30.2%  25.3   20s
*  318   188              30    -629.7199839 -802.20377  27.4%  25.3   22s
*  322   189              30    -636.2999839 -802.20377  26.1%  25.2   22s
*  330   190              30    -641.1199833 -802.20377  25.1%  25.1   23s
*  333   190              30    -642.9399832 -802.20377  24.8%  25.2   24s
   370   217     cutoff   30      -642.93998 -801.93884  24.7%  25.7   25s
   442   242 -799.31862   11    8 -642.93998 -801.57546  24.7%  25.6   31s
   526   294 -793.64143    5    2 -642.93998 -801.33332  24.6%  25.3   35s
   591   329     cutoff   30      -642.93998 -801.04710  24.6%  24.9   40s
   644   342 -792.91394   17    6 -642.93998 -800.84109  24.6%  25.2   45s
   702   353 -699.27997   30    - -642.93998 -800.29350  24.5%  25.2   50s
   792   405 -755.72254   27    2 -642.93998 -800.10749  24.4%  24.6   56s
*  820   400              30    -650.2599835 -799.92373  23.0%  24.7   59s
   826   398     cutoff   30      -650.25998 -799.92233  23.0%  24.7   60s
   884   428 -755.10610   27    2 -650.25998 -799.81278  23.0%  24.2   65s
   935   446     cutoff   30      -650.25998 -799.53621  23.0%  24.2   71s
   982   474 -793.17170   19    3 -650.25998 -799.52699  23.0%  24.2   75s
  1046   499     cutoff   30      -650.25998 -799.33503  22.9%  23.8   82s
  1069   506     cutoff   30      -650.25998 -799.01683  22.9%  23.8   85s
  1160   550     cutoff   30      -650.25998 -798.74896  22.8%  23.5   91s
  1206   580 -770.69597   12    2 -650.25998 -798.59195  22.8%  23.5   95s
  1303   618 -720.07288   30    - -650.25998 -798.42369  22.8%  23.2  101s
  1347   621     cutoff   30      -650.25998 -798.08247  22.7%  23.2  106s
  1394   648 -797.86808   23    2 -650.25998 -797.86808  22.7%  23.1  110s
  1451   665     cutoff   30      -650.25998 -797.79977  22.7%  23.1  116s
  1489   672     cutoff   30      -650.25998 -797.56052  22.7%  23.2  121s
  1528   696     cutoff   30      -650.25998 -797.45800  22.6%  23.3  127s
  1563   701     cutoff   30      -650.25998 -797.38169  22.6%  23.4  131s
  1601   713     cutoff   30      -650.25998 -797.31741  22.6%  23.4  135s
  1665   745 -737.44808   29    2 -650.25998 -797.23222  22.6%  23.4  141s
  1712   769 -771.50958   11    2 -650.25998 -797.20340  22.6%  23.4  146s
  1753   788     cutoff   30      -650.25998 -797.20340  22.6%  23.4  150s
  1822   818     cutoff   30      -650.25998 -797.09220  22.6%  23.1  158s
  1835   824 -728.00721   25    - -650.25998 -797.03770  22.6%  23.1  160s
  1910   874     cutoff   30      -650.25998 -796.92842  22.6%  23.0  167s
  1977   892 -739.58339   29    2 -650.25998 -796.88297  22.5%  22.8  172s
  1999   892 -761.46973   28    2 -650.25998 -796.84837  22.5%  22.9  175s
  2044   907     cutoff   30      -650.25998 -796.68098  22.5%  22.8  180s
  2101   935 -689.90453   29    2 -650.25998 -796.56262  22.5%  22.7  187s
  2134   970 -689.33980   30    - -650.25998 -796.53568  22.5%  22.7  191s
* 2171   973              30    -653.7199827 -796.51648  21.8%  22.6  192s
  2191   974     cutoff   30      -653.71998 -796.51302  21.8%  22.5  195s
  2250   981     cutoff   30      -653.71998 -796.45387  21.8%  22.6  205s
  2317  1012     cutoff   30      -653.71998 -796.40161  21.8%  22.5  212s
  2348  1021     cutoff   30      -653.71998 -796.38726  21.8%  22.5  217s
  2374  1025     cutoff   30      -653.71998 -796.28780  21.8%  22.5  221s
  2407  1051 -707.73434   21    2 -653.71998 -796.23594  21.8%  22.5  227s
  2442  1073     cutoff   33      -653.71998 -796.21402  21.8%  22.5  231s
  2494  1095     cutoff   30      -653.71998 -796.14623  21.8%  22.3  236s
  2553  1109 -752.57357   28    3 -653.71998 -796.02030  21.8%  22.3  241s
  2617  1151     cutoff   30      -653.71998 -795.91971  21.8%  22.3  247s
  2656  1151 -654.30353   29    2 -653.71998 -795.90896  21.8%  22.2  250s
  2684  1160 -766.53900   26    2 -653.71998 -795.80025  21.7%  22.2  255s
  2733  1197 -732.40918   26    - -653.71998 -795.70948  21.7%  22.1  260s
  2797  1233     cutoff   30      -653.71998 -795.61224  21.7%  22.0  266s
  2863  1255     cutoff   30      -653.71998 -795.50784  21.7%  22.0  274s
  2899  1264 -787.06057   16   13 -653.71998 -795.46328  21.7%  22.0  284s
  2901  1265 -780.60579   25   24 -653.71998 -795.46328  21.7%  21.9  310s
  2904  1267 -788.32463   13   13 -653.71998 -795.46328  21.7%  21.9  315s
  2910  1271 -788.97230   17   12 -653.71998 -795.46328  21.7%  21.9  321s
  2913  1273 -773.07198   21   18 -653.71998 -795.46328  21.7%  21.9  325s
  2915  1275 -789.38724   10   17 -653.71998 -795.46328  21.7%  21.8  330s
  2917  1276 -788.97230   17   16 -653.71998 -795.46328  21.7%  21.8  335s
  2919  1277 -788.96688   18   16 -653.71998 -795.46328  21.7%  21.8  340s
  2921  1279 -707.66035   23   17 -653.71998 -795.46328  21.7%  21.8  345s
  2923  1280 -772.87107   17   14 -653.71998 -795.46328  21.7%  21.8  350s
  2925  1281 -672.71671   18   15 -653.71998 -795.46328  21.7%  21.8  355s
  2926  1282 -743.13256   16   13 -653.71998 -795.46328  21.7%  21.8  361s
  2929  1287 -795.46328   16   12 -653.71998 -795.46328  21.7%  22.2  372s
  2931  1288 -795.46328   17   10 -653.71998 -795.46328  21.7%  22.3  378s
  2933  1288 -795.46328   17   10 -653.71998 -795.46328  21.7%  22.4  383s
  2935  1289 -795.46328   18   16 -653.71998 -795.46328  21.7%  22.4  390s
  2939  1289 -795.46328   19   15 -653.71998 -795.46328  21.7%  22.5  397s
  2941  1289     cutoff   19      -653.71998 -795.46328  21.7%  22.5  401s
  2945  1289     cutoff   20      -653.71998 -795.46328  21.7%  22.6  407s
  2949  1288     cutoff   21      -653.71998 -795.46328  21.7%  22.6  412s
  2954  1290     cutoff   23      -653.71998 -795.46328  21.7%  22.7  415s
  2970  1288     cutoff   25      -653.71998 -795.46328  21.7%  22.8  421s
  2996  1293 -795.46328   30   11 -653.71998 -795.46328  21.7%  22.9  426s
  3018  1286     cutoff   33      -653.71998 -795.46328  21.7%  23.0  430s
  3044  1287     cutoff   38      -653.71998 -795.46328  21.7%  23.0  437s
  3061  1287     cutoff   41      -653.71998 -795.46328  21.7%  23.0  441s
  3078  1297 -795.23807   20    3 -653.71998 -795.46328  21.7%  23.3  445s
  3112  1297     cutoff   22      -653.71998 -795.46328  21.7%  23.3  453s
  3131  1313 -753.51827   31    2 -653.71998 -795.46328  21.7%  23.4  455s
  3191  1308     cutoff   48      -653.71998 -795.46328  21.7%  23.4  462s
  3209  1309 -705.91053   48    2 -653.71998 -795.46328  21.7%  23.5  466s
  3242  1329 -795.46328   31    5 -653.71998 -795.46328  21.7%  23.7  471s
  3286  1325 -766.81294   45    2 -653.71998 -795.46328  21.7%  23.9  476s
  3316  1332 -750.50931   46    2 -653.71998 -795.46328  21.7%  23.9  482s
  3346  1335     cutoff   47      -653.71998 -795.46328  21.7%  23.8  487s
  3367  1348 -777.63222   32    4 -653.71998 -795.46328  21.7%  23.9  490s
  3439  1369 -737.39418   47    - -653.71998 -795.46328  21.7%  23.8  497s
  3471  1375     cutoff   47      -653.71998 -795.46328  21.7%  23.9  501s
  3507  1378 -723.96115   47    2 -653.71998 -795.46328  21.7%  23.9  505s
  3544  1387     cutoff   48      -653.71998 -795.46328  21.7%  24.0  510s
  3611  1408 -756.47802   46    2 -653.71998 -795.46328  21.7%  24.0  519s
  3653  1416     cutoff   47      -653.71998 -795.25480  21.7%  24.0  525s
  3689  1431 -778.19724   29    6 -653.71998 -795.25480  21.7%  24.1  530s
  3735  1434     cutoff   34      -653.71998 -795.25480  21.7%  24.1  536s
  3788  1437 -740.59118   40    2 -653.71998 -795.06687  21.6%  24.1  545s
  3870  1445     cutoff   49      -653.71998 -794.77686  21.6%  24.2  556s
  3897  1455 -774.10418   27    - -653.71998 -794.66753  21.6%  24.3  561s
* 3901  1392              29    -657.9799834 -794.66753  20.8%  24.3  562s
  3946  1400 -774.48239   24    2 -657.97998 -794.66753  20.8%  24.4  569s
  3990  1428 -772.06782   25    2 -657.97998 -794.66753  20.8%  24.5  576s
  4049  1422 -724.97170   45    2 -657.97998 -794.35219  20.7%  24.5  584s
  4100  1426     cutoff   47      -657.97998 -794.12593  20.7%  24.7  593s
  4148  1449 -694.05875   48    2 -657.97998 -794.08056  20.7%  24.7  602s
  4198  1447     cutoff   49      -657.97998 -794.01232  20.7%  24.8  609s
  4244  1451 -712.24815   36    2 -657.97998 -793.89650  20.7%  24.9  618s
  4266  1452     cutoff   47      -657.97998 -793.85822  20.7%  24.9  621s
  4300  1468     cutoff   40      -657.97998 -793.83455  20.6%  24.9  630s
  4376  1462 -675.52138   48    2 -657.97998 -793.46650  20.6%  24.9  642s
  4438  1472     cutoff   50      -657.97998 -793.23971  20.6%  25.0  653s
  4510  1491 -720.83962   43    2 -657.97998 -792.96588  20.5%  25.0  665s
  4571  1500 -709.06050   48    2 -657.97998 -792.88666  20.5%  25.0  675s
  4652  1499     cutoff   49      -657.97998 -792.87546  20.5%  25.0  689s
  4743  1530 -675.18629   49    2 -657.97998 -792.68303  20.5%  24.9  704s
  4845  1539     cutoff   47      -657.97998 -792.61155  20.5%  24.9  717s
  4912  1554     cutoff   48      -657.97998 -792.35819  20.4%  24.9  727s
  4997  1564 -772.04711   29    2 -657.97998 -792.19346  20.4%  25.0  740s
  5048  1568     cutoff   48      -657.97998 -792.00618  20.4%  24.9  746s
  5087  1597     cutoff   41      -657.97998 -792.00551  20.4%  24.9  756s
  5169  1601     cutoff   46      -657.97998 -791.89063  20.4%  25.0  770s
  5264  1613     cutoff   48      -657.97998 -791.72229  20.3%  25.0  785s
  5355  1631     cutoff   47      -657.97998 -791.56286  20.3%  25.0  800s
  5463  1644     cutoff   48      -657.97998 -791.27951  20.3%  25.0  817s
  5561  1659     cutoff   48      -657.97998 -791.13444  20.2%  25.1  831s
  5716  1674 -713.04597   46    2 -657.97998 -790.75222  20.2%  25.1  852s
  5851  1698 -713.38031   47    2 -657.97998 -790.62316  20.2%  25.0  873s
  6004  1691     cutoff   48      -657.97998 -790.16228  20.1%  25.0  891s
  6131  1698     cutoff   47      -657.97998 -789.62769  20.0%  25.1  910s
  6246  1710     cutoff   47      -657.97998 -789.24244  19.9%  25.2  931s
  6312  1702 -693.72706   48    2 -657.97998 -788.96980  19.9%  25.2  935s
  6371  1730     cutoff   48      -657.97998 -788.93701  19.9%  25.3  951s
  6460  1729     cutoff   49      -657.97998 -788.59260  19.9%  25.2  958s
  6525  1758     cutoff   47      -657.97998 -788.30420  19.8%  25.3  974s
  6609  1760     cutoff   49      -657.97998 -788.00418  19.8%  25.3  981s
  6687  1825 -770.59884   29    2 -657.97998 -787.88592  19.7%  25.3  998s
  6835  1877     cutoff   47      -657.97998 -787.53760  19.7%  25.3 1019s
  7021  1928     cutoff   48      -657.97998 -786.68574  19.6%  25.3 1044s
  7207  1987     cutoff   48      -657.97998 -785.64709  19.4%  25.3 1072s
  7384  2023     cutoff   48      -657.97998 -784.88043  19.3%  25.4 1096s
  7530  2052 -780.86996   38    2 -657.97998 -784.23828  19.2%  25.5 1123s
  7667  2111     cutoff   48      -657.97998 -783.70583  19.1%  25.6 1149s
  7831  2151 -717.65537   35    2 -657.97998 -782.33894  18.9%  25.6 1176s
  7993  2198 -717.74319   48    2 -657.97998 -780.03687  18.6%  25.7 1204s
  8131  2266     cutoff   49      -657.97998 -780.02734  18.5%  25.7 1233s
  8247  2318 -680.23285   49    2 -657.97998 -779.25164  18.4%  25.8 1263s
  8328  2352 -669.85998   25    - -657.97998 -778.55225  18.3%  25.9 1288s
  8374  2370 -729.26133   37    2 -657.97998 -778.50187  18.3%  25.9 1294s
  8426  2389 -756.04258   30    2 -657.97998 -778.36931  18.3%  25.9 1321s
  8493  2418 -725.23175   39    2 -657.97998 -778.33958  18.3%  25.9 1329s
  8542  2470 -718.64112   48    2 -657.97998 -778.33907  18.3%  26.0 1354s
  8630  2501     cutoff   29      -657.97998 -778.33683  18.3%  26.1 1377s
  8697  2514     cutoff   28      -657.97998 -778.13368  18.3%  26.1 1381s
  8729  2527     cutoff   48      -657.97998 -778.10454  18.3%  26.2 1405s
  8788  2544     cutoff   50      -657.97998 -778.04124  18.2%  26.2 1410s
  8824  2568     cutoff   47      -657.97998 -777.97431  18.2%  26.3 1437s
  8925  2635 -758.28606   30    4 -657.97998 -777.81926  18.2%  26.3 1469s
  9002  2653     cutoff   49      -657.97998 -777.64545  18.2%  26.3 1474s
  9082  2686     cutoff   47      -657.97998 -777.64541  18.2%  26.3 1500s
  9208  2752     cutoff   48      -657.97998 -777.50750  18.2%  26.3 1539s
  9276  2769 -749.14952   41    2 -657.97998 -777.50074  18.2%  26.4 1547s
  9339  2823     cutoff   27      -657.97998 -777.42005  18.2%  26.3 1575s
  9464  2865     cutoff   50      -657.97998 -777.38462  18.1%  26.4 1603s
  9562  2896     cutoff   50      -657.97998 -777.25657  18.1%  26.4 1629s
  9612  2914     cutoff   50      -657.97998 -777.25041  18.1%  26.5 1635s
  9643  2918 -693.68039   44    2 -657.97998 -777.24096  18.1%  26.5 1659s
  9762  2977 -682.00200   49    2 -657.97998 -776.99876  18.1%  26.6 1693s
  9855  3011 -773.14725   27    2 -657.97998 -776.81851  18.1%  26.6 1721s
  9900  3028 -692.89652   48    2 -657.97998 -776.75663  18.1%  26.6 1726s
  9935  3076 -750.57632   45    3 -657.97998 -776.74960  18.1%  26.7 1751s
  9989  3091     cutoff   49      -657.97998 -776.73083  18.0%  26.7 1755s
 10072  3126     cutoff   49      -657.97998 -776.72737  18.0%  26.7 1787s
 10160  3191     cutoff   48      -657.97998 -776.59802  18.0%  26.7 1819s
 10290  3231 -683.50547   49    2 -657.97998 -776.56784  18.0%  26.7 1851s
 10379  3276     cutoff   50      -657.97998 -776.52120  18.0%  26.8 1885s
 10453  3316 -748.96361   39    2 -657.97998 -776.43432  18.0%  26.9 1914s
 10580  3368     cutoff   38      -657.97998 -776.35161  18.0%  26.9 1948s
 10711  3407 -735.64309   47    2 -657.97998 -776.23234  18.0%  26.9 1984s
 10767  3431     cutoff   49      -657.97998 -776.07350  17.9%  26.9 1991s
 10821  3468     cutoff   48      -657.97998 -776.07080  17.9%  26.9 2017s
 10913  3495 -697.41012   48    2 -657.97998 -775.96246  17.9%  27.0 2052s
 10964  3510     cutoff   50      -657.97998 -775.89079  17.9%  27.0 2056s
 11004  3570     cutoff   49      -657.97998 -775.88134  17.9%  27.1 2087s
 11154  3624     cutoff   48      -657.97998 -775.78133  17.9%  27.0 2122s
 11261  3669 -702.39910   48    2 -657.97998 -775.70999  17.9%  27.0 2157s
 11394  3746 -766.96831   37    2 -657.97998 -775.60128  17.9%  27.0 2196s
 11519  3817 -695.01185   48    2 -657.97998 -775.55635  17.9%  27.0 2233s
 11578  3827     cutoff   48      -657.97998 -775.51584  17.9%  27.0 2236s
 11641  3864 -748.29786   35    2 -657.97998 -775.47714  17.9%  27.0 2266s
 11696  3875     cutoff   48      -657.97998 -775.38988  17.8%  27.1 2270s
 11763  3909     cutoff   48      -657.97998 -775.38936  17.8%  27.1 2301s
 11871  3940     cutoff   42      -657.97998 -775.33107  17.8%  27.1 2341s
 11932  3962     cutoff   34      -657.97998 -775.31972  17.8%  27.1 2348s
 11995  4012     cutoff   48      -657.97998 -775.26291  17.8%  27.1 2383s
 12070  4036     cutoff   48      -657.97998 -775.11363  17.8%  27.1 2389s
 12133  4064     cutoff   49      -657.97998 -775.09987  17.8%  27.1 2426s
 12241  4133 -688.93695   48    2 -657.97998 -774.98040  17.8%  27.1 2466s
 12385  4177 -677.40279   49    2 -657.97998 -774.88412  17.8%  27.1 2502s
 12512  4231 -710.19771   48    - -657.97998 -774.76386  17.7%  27.1 2539s
 12584  4256     cutoff   50      -657.97998 -774.69725  17.7%  27.1 2546s
 12655  4295 -745.93799   37    2 -657.97998 -774.66112  17.7%  27.1 2576s
 12770  4364 -735.58883   47    2 -657.97998 -774.57046  17.7%  27.1 2611s
 12832  4376     cutoff   47      -657.97998 -774.51628  17.7%  27.1 2615s
 12888  4386     cutoff   49      -657.97998 -774.50185  17.7%  27.1 2645s
 12944  4408     cutoff   48      -657.97998 -774.50166  17.7%  27.1 2651s
 13000  4430 -770.51596   38    2 -657.97998 -774.41232  17.7%  27.1 2684s
 13116  4491 -708.97371   48    2 -657.97998 -774.22776  17.7%  27.2 2719s
 13169  4505 -692.55394   48    2 -657.97998 -774.21909  17.7%  27.2 2723s
 13222  4536 -769.83787   41    2 -657.97998 -774.17844  17.7%  27.2 2755s
 13354  4603     cutoff   49      -657.97998 -774.10258  17.6%  27.2 2798s
 13494  4660     cutoff   49      -657.97998 -774.07120  17.6%  27.2 2840s
 13564  4678 -716.17088   48    2 -657.97998 -774.02501  17.6%  27.2 2846s
 13624  4717 -727.80654   47    2 -657.97998 -773.97160  17.6%  27.1 2877s
 13674  4732     cutoff   49      -657.97998 -773.95786  17.6%  27.2 2882s
 13745  4752     cutoff   48      -657.97998 -773.95536  17.6%  27.2 2915s
 13804  4770 -684.95619   49    2 -657.97998 -773.92230  17.6%  27.2 2920s
 13850  4801     cutoff   48      -657.97998 -773.87779  17.6%  27.2 2950s
 14006  4877 -769.36646   38    4 -657.97998 -773.78482  17.6%  27.2 2992s
 14067  4887     cutoff   48      -657.97998 -773.78043  17.6%  27.2 2995s
 14141  4916 -735.77130   33    2 -657.97998 -773.77484  17.6%  27.2 3031s
 14265  4956 -710.35326   48    2 -657.97998 -773.67721  17.6%  27.2 3067s
 14305  4973     cutoff   48      -657.97998 -773.52344  17.6%  27.2 3072s
 14378  5017     cutoff   49      -657.97998 -773.51201  17.6%  27.2 3111s
 14508  5075 -768.90610   38    2 -657.97998 -773.45500  17.5%  27.2 3155s
 14654  5118 -737.67591   47    2 -657.97998 -773.41915  17.5%  27.2 3198s
 14792  5171     cutoff   49      -657.97998 -773.29497  17.5%  27.2 3242s
 14864  5191 -732.27836   32    2 -657.97998 -773.24325  17.5%  27.2 3247s
 14916  5248 -702.73344   48    - -657.97998 -773.23971  17.5%  27.2 3282s
 14985  5262 -722.59153   47    2 -657.97998 -773.12611  17.5%  27.2 3286s
 15061  5297     cutoff   49      -657.97998 -773.12561  17.5%  27.1 3319s
 15123  5317     cutoff   49      -657.97998 -773.08593  17.5%  27.1 3325s
 15177  5334 -768.33482   42    2 -657.97998 -773.06805  17.5%  27.2 3360s
 15259  5361 -711.97068   47    2 -657.97998 -772.98010  17.5%  27.1 3368s
 15320  5399     cutoff   49      -657.97998 -772.97477  17.5%  27.1 3410s
 15452  5446 -718.55195   40    2 -657.97998 -772.89142  17.5%  27.1 3448s
 15558  5483 -703.84496   48    2 -657.97998 -772.84616  17.5%  27.1 3496s
 15625  5502 -736.23556   46    2 -657.97998 -772.74639  17.4%  27.1 3502s
 15680  5551     cutoff   49      -657.97998 -772.73001  17.4%  27.1 3539s
 15762  5573     cutoff   48      -657.97998 -772.68681  17.4%  27.0 3545s
 15830  5602     cutoff   49      -657.97998 -772.67688  17.4%  27.0 3580s
 15885  5620     cutoff   50      -657.97998 -772.57093  17.4%  27.1 3586s
 15939  5680 -697.78280   42    2 -657.97998 -772.56895  17.4%  27.1 3621s
 16027  5698     cutoff   36      -657.97998 -772.54327  17.4%  27.0 3627s
 16101  5758 -748.18705   34    2 -657.97998 -772.51705  17.4%  27.0 3661s
 16185  5774 -723.87541   47    2 -657.97998 -772.44474  17.4%  27.0 3667s
 16275  5796     cutoff   48      -657.97998 -772.43822  17.4%  26.9 3702s
 16397  5844     cutoff   49      -657.97998 -772.34130  17.4%  26.9 3742s
 16471  5863     cutoff   47      -657.97998 -772.24348  17.4%  26.9 3747s
 16539  5887     cutoff   50      -657.97998 -772.22097  17.4%  26.9 3783s
 16599  5897     cutoff   48      -657.97998 -772.12048  17.3%  26.9 3786s
 16637  5934     cutoff   48      -657.97998 -772.12040  17.3%  26.9 3822s
 16797  5979     cutoff   48      -657.97998 -772.06543  17.3%  26.9 3867s
 16857  5996     cutoff   49      -657.97998 -772.00190  17.3%  26.9 3873s
 16911  6014     cutoff   47      -657.97998 -771.99170  17.3%  26.9 3914s
 17053  6073 -751.94933   30    2 -657.97998 -771.94224  17.3%  26.8 3964s
 17100  6091     cutoff   49      -657.97998 -771.87299  17.3%  26.9 3969s
 17166  6136 -722.92488   36    3 -657.97998 -771.86822  17.3%  26.8 4012s
 17350  6184 -711.52264   48    2 -657.97998 -771.81513  17.3%  26.8 4065s
 17459  6231     cutoff   38      -657.97998 -771.72286  17.3%  26.8 4111s
 17594  6280 -746.76437   39    5 -657.97998 -771.68205  17.3%  26.7 4157s
 17720  6329     cutoff   48      -657.97998 -771.63752  17.3%  26.7 4199s
 17829  6363 -692.51754   48    2 -657.97998 -771.55754  17.3%  26.7 4242s
 17969  6419     cutoff   49      -657.97998 -771.48671  17.3%  26.7 4289s
 18097  6462 -735.08912   44    3 -657.97998 -771.34961  17.2%  26.7 4332s
 18174  6484 -699.97576   48    2 -657.97998 -771.30596  17.2%  26.7 4339s
 18224  6509     cutoff   47      -657.97998 -771.29548  17.2%  26.7 4381s
 18362  6566     cutoff   48      -657.97998 -771.18755  17.2%  26.7 4428s
 18503  6600 -699.39105   47    2 -657.97998 -771.13664  17.2%  26.7 4478s
 18575  6620     cutoff   33      -657.97998 -771.05229  17.2%  26.7 4485s
 18638  6652     cutoff   49      -657.97998 -771.01953  17.2%  26.7 4529s
 18811  6690 -685.88390   48    2 -657.97998 -770.92410  17.2%  26.7 4583s
 18879  6714     cutoff   48      -657.97998 -770.84065  17.2%  26.7 4591s
 18948  6740 -767.12452   34    2 -657.97998 -770.81953  17.1%  26.7 4633s
 19053  6797 -703.09080   48    - -657.97998 -770.71051  17.1%  26.7 4682s
 19195  6835     cutoff   48      -657.97998 -770.63023  17.1%  26.6 4729s
 19262  6852     cutoff   48      -657.97998 -770.61415  17.1%  26.6 4735s
 19324  6883 -703.18019   48    2 -657.97998 -770.51098  17.1%  26.6 4778s
 19395  6898     cutoff   27      -657.97998 -770.48763  17.1%  26.6 4784s
 19479  6931     cutoff   49      -657.97998 -770.40281  17.1%  26.6 4828s
 19552  6949     cutoff   48      -657.97998 -770.29143  17.1%  26.6 4834s
 19645  6994     cutoff   49      -657.97998 -770.24783  17.1%  26.6 4882s
 19788  7053     cutoff   49      -657.97998 -770.09676  17.0%  26.6 4931s
 19943  7105     cutoff   49      -657.97998 -770.02464  17.0%  26.5 4981s
 20102  7149     cutoff   50      -657.97998 -769.93587  17.0%  26.5 5031s
 20172  7175     cutoff   49      -657.97998 -769.90386  17.0%  26.5 5040s
 20235  7211     cutoff   49      -657.97998 -769.83781  17.0%  26.5 5083s
 20306  7228     cutoff   48      -657.97998 -769.76463  17.0%  26.5 5089s
 20378  7253 -705.56292   48    2 -657.97998 -769.76440  17.0%  26.5 5136s
 20533  7299 -723.42087   47    2 -657.97998 -769.69279  17.0%  26.4 5193s
 20617  7319     cutoff   48      -657.97998 -769.63384  17.0%  26.4 5200s
 20716  7352     cutoff   48      -657.97998 -769.63099  17.0%  26.4 5246s
 20797  7372     cutoff   49      -657.97998 -769.53372  17.0%  26.4 5253s
 20837  7394     cutoff   48      -657.97998 -769.51370  17.0%  26.4 5294s
 20920  7417 -705.22364   47    2 -657.97998 -769.45281  16.9%  26.4 5302s
 20989  7427 -763.78019   39    2 -657.97998 -769.37557  16.9%  26.4 5346s
 21049  7442     cutoff   48      -657.97998 -769.30745  16.9%  26.4 5351s
 21136  7483 -703.14144   48    2 -657.97998 -769.29326  16.9%  26.4 5398s
 21197  7499     cutoff   49      -657.97998 -769.28456  16.9%  26.4 5404s
 21269  7555     cutoff   49      -657.97998 -769.08409  16.9%  26.4 5449s
 21371  7576 -744.01192   32    2 -657.97998 -768.96940  16.9%  26.4 5457s
 21438  7601 -758.72774   37    2 -657.97998 -768.96120  16.9%  26.4 5502s
 21599  7679     cutoff   48      -657.97998 -768.86218  16.9%  26.3 5552s
 21717  7722 -687.27303   48    2 -657.97998 -768.75092  16.8%  26.3 5603s
 21905  7809 -766.46834   36    3 -657.97998 -768.64372  16.8%  26.3 5663s
 21955  7817     cutoff   48      -657.97998 -768.57205  16.8%  26.3 5666s
 22039  7851     cutoff   47      -657.97998 -768.52575  16.8%  26.3 5717s
 22213  7923     cutoff   49      -657.97998 -768.36689  16.8%  26.2 5774s
 22375  7972 -705.63895   48    2 -657.97998 -768.26348  16.8%  26.2 5828s
 22464  7992     cutoff   48      -657.97998 -768.16711  16.7%  26.2 5835s
 22526  8009     cutoff   49      -657.97998 -768.14765  16.7%  26.2 5883s
 22594  8030     cutoff   48      -657.97998 -768.11600  16.7%  26.2 5891s
 22680  8069 -676.50208   49    2 -657.97998 -768.03821  16.7%  26.2 5941s
 22748  8087     cutoff   49      -657.97998 -768.01825  16.7%  26.2 5947s
 22833  8123 -723.54970   47    - -657.97998 -767.88365  16.7%  26.1 5993s
 23006  8172     cutoff   47      -657.97998 -767.78776  16.7%  26.1 6045s
 23099  8191     cutoff   49      -657.97998 -767.68557  16.7%  26.1 6055s
 23181  8242     cutoff   49      -657.97998 -767.57045  16.7%  26.1 6118s
 23336  8295     cutoff   49      -657.97998 -767.52156  16.6%  26.0 6173s
 23416  8315 -727.04113   47    2 -657.97998 -767.44633  16.6%  26.0 6180s
 23494  8359 -681.98210   48    2 -657.97998 -767.43953  16.6%  26.0 6233s
 23662  8405 -762.62638   43    2 -657.97998 -767.32511  16.6%  26.0 6288s
 23812  8437 -730.93053   46    2 -657.97998 -767.24992  16.6%  26.0 6346s
 23898  8463     cutoff   49      -657.97998 -767.23310  16.6%  26.0 6355s
 23970  8492 -738.99473   44    2 -657.97998 -767.07318  16.6%  26.0 6401s
 24088  8530     cutoff   48      -657.97998 -767.01772  16.6%  26.0 6451s
 24162  8547     cutoff   48      -657.97998 -766.80987  16.5%  25.9 6457s
 24246  8572 -760.98489   40    3 -657.97998 -766.79788  16.5%  25.9 6508s
 24399  8634     cutoff   47      -657.97998 -766.69713  16.5%  25.9 6564s
 24554  8674     cutoff   48      -657.97998 -766.53753  16.5%  25.9 6620s
 24749  8726     cutoff   49      -657.97998 -766.39556  16.5%  25.8 6683s
 24887  8778     cutoff   48      -657.97998 -766.25149  16.5%  25.8 6742s
 25045  8813 -759.30929   37    2 -657.97998 -766.18883  16.4%  25.8 6798s
 25116  8837     cutoff   48      -657.97998 -766.12313  16.4%  25.8 6807s
 25194  8833 -728.53426   39    2 -657.97998 -766.05848  16.4%  25.7 6858s
 25335  8865 -724.21853   47    2 -657.97998 -765.85663  16.4%  25.7 6917s
 25402  8882     cutoff   49      -657.97998 -765.77218  16.4%  25.7 6924s
 25475  8903     cutoff   49      -657.97998 -765.66305  16.4%  25.7 6975s
 25628  8960     cutoff   49      -657.97998 -765.46605  16.3%  25.7 7040s
 25690  8980     cutoff   49      -657.97998 -765.44906  16.3%  25.7 7048s
 25764  8993 -715.57944   47    2 -657.97998 -765.27192  16.3%  25.7 7096s
 25834  9013     cutoff   48      -657.97998 -765.27186  16.3%  25.7 7104s
 25918  9032 -729.94054   42    2 -657.97998 -765.05611  16.3%  25.7 7154s
 25985  9057     cutoff   49      -657.97998 -765.04351  16.3%  25.7 7162s
 26052  9059     cutoff   48      -657.97998 -764.92768  16.3%  25.7 7192s
 26088  9072 -681.30526   48    2 -657.97998 -764.89243  16.2%  25.7 7197s

Cutting planes:
  Gomory: 1
  MIR: 203
  Flow cover: 116
  Lazy constraints: 288182

Explored 26128 nodes (671963 simplex iterations) in 7201.73 seconds
Thread count was 4 (of 4 available processors)

Solution count 10: -657.98 -653.72 -650.26 ... -541.44

Time limit reached
Best objective -6.579799834258e+02, best bound -7.648520452030e+02, gap 16.2424%

User-callback calls 182374, time in user-callback 2159.84 sec
