
Gurobi 9.0.3 (win64) logging started Sun Jan  2 20:18:19 2022

Changed value of parameter LogFile to Results/sslp2_50_40_50_var_BendersBnC.log
   Prev:   Default: 
Changed value of parameter Heuristics to 0.0
   Prev: 0.05  Min: 0.0  Max: 1.0  Default: 0.05
Changed value of parameter lazyConstraints to 1
   Prev: 0  Min: 0  Max: 1  Default: 0
Changed value of parameter timeLimit to 7184.399153470993
   Prev: inf  Min: 0.0  Max: inf  Default: inf
Gurobi Optimizer version 9.0.3 build v9.0.3rc0 (win64)
Optimize a model with 919 rows, 150 columns and 60465 nonzeros
Model fingerprint: 0x4785033d
Variable types: 100 continuous, 50 integer (50 binary)
Coefficient statistics:
  Matrix range     [6e-02, 4e+05]
  Objective range  [2e-02, 4e+01]
  Bounds range     [1e+00, 1e+00]
  RHS range        [9e-16, 6e+03]
Presolve added 0 rows and 10 columns
Presolve removed 171 rows and 0 columns
Presolve time: 0.07s
Presolved: 748 rows, 160 columns, 34521 nonzeros
Variable types: 109 continuous, 51 integer (50 binary)

Root relaxation: objective -4.465034e+02, 288 iterations, 0.03 seconds

    Nodes    |    Current Node    |     Objective Bounds      |     Work
 Expl Unexpl |  Obj  Depth IntInf | Incumbent    BestBd   Gap | It/Node Time

     0     0 -446.50341    0   30          - -446.50341      -     -    0s
     0     0 -445.06978    0   24          - -445.06978      -     -    0s
     0     0 -444.61832    0   22          - -444.61832      -     -    0s
     0     0 -444.60114    0   24          - -444.60114      -     -    0s
     0     0 -444.23037    0   22          - -444.23037      -     -    0s
     0     0 -444.12585    0   24          - -444.12585      -     -    0s
     0     0 -444.07321    0   23          - -444.07321      -     -    0s
     0     0 -444.02457    0   24          - -444.02457      -     -    0s
     0     0 -444.01521    0   23          - -444.01521      -     -    0s
     0     0 -444.00898    0   24          - -444.00898      -     -    0s
     0     0 -444.00054    0   23          - -444.00054      -     -    0s
     0     0 -443.99393    0   23          - -443.99393      -     -    0s
     0     0 -443.99134    0   22          - -443.99134      -     -    0s
     0     0 -443.98947    0   23          - -443.98947      -     -    0s
     0     0 -443.98938    0   22          - -443.98938      -     -    0s
     0     0 -443.74168    0   23          - -443.74168      -     -    0s
     0     0 -443.64922    0   23          - -443.64922      -     -    0s
     0     0 -443.59493    0   23          - -443.59493      -     -    0s
     0     0 -443.58459    0   24          - -443.58459      -     -    0s
     0     0 -443.57665    0   26          - -443.57665      -     -    0s
     0     0 -443.57401    0   26          - -443.57401      -     -    0s
     0     0 -443.54674    0   24          - -443.54674      -     -    0s
     0     0 -443.53913    0   23          - -443.53913      -     -    1s
     0     0 -443.53635    0   23          - -443.53635      -     -    1s
     0     0 -443.53618    0   23          - -443.53618      -     -    1s
     0     0 -443.43566    0   26          - -443.43566      -     -    1s
     0     0 -443.36722    0   23          - -443.36722      -     -    1s
     0     0 -443.34407    0   27          - -443.34407      -     -    1s
     0     0 -443.33131    0   26          - -443.33131      -     -    1s
     0     0 -443.32526    0   26          - -443.32526      -     -    1s
     0     0 -443.32378    0   26          - -443.32378      -     -    1s
     0     0 -443.32378    0   26          - -443.32378      -     -    1s
     0     0 -443.26372    0   25          - -443.26372      -     -    1s
     0     0 -443.22254    0   26          - -443.22254      -     -    1s
     0     0 -443.20358    0   27          - -443.20358      -     -    1s
     0     0 -443.18941    0   25          - -443.18941      -     -    1s
     0     0 -443.18496    0   25          - -443.18496      -     -    1s
     0     0 -443.17950    0   26          - -443.17950      -     -    1s
     0     0 -443.17432    0   26          - -443.17432      -     -    1s
     0     0 -443.16961    0   29          - -443.16961      -     -    1s
     0     0 -443.16925    0   28          - -443.16925      -     -    1s
     0     0 -443.12940    0   26          - -443.12940      -     -    1s
     0     0 -443.12723    0   27          - -443.12723      -     -    1s
     0     0 -443.12501    0   27          - -443.12501      -     -    1s
     0     0 -443.12435    0   27          - -443.12435      -     -    1s
     0     0 -443.08750    0   25          - -443.08750      -     -    1s
     0     0 -443.07740    0   25          - -443.07740      -     -    1s
     0     0 -443.07550    0   27          - -443.07550      -     -    1s
     0     0 -443.07280    0   26          - -443.07280      -     -    2s
     0     0 -443.07148    0   26          - -443.07148      -     -    2s
     0     0 -443.07042    0   26          - -443.07042      -     -    2s
     0     0 -443.06985    0   27          - -443.06985      -     -    2s
     0     0 -443.03841    0   24          - -443.03841      -     -    2s
     0     0 -443.02392    0   25          - -443.02392      -     -    2s
     0     0 -443.01189    0   27          - -443.01189      -     -    2s
     0     0 -443.00946    0   29          - -443.00946      -     -    2s
     0     0 -443.00765    0   28          - -443.00765      -     -    2s
     0     0 -443.00713    0   29          - -443.00713      -     -    2s
     0     0 -442.99785    0   23          - -442.99785      -     -    2s
     0     0 -442.99240    0   24          - -442.99240      -     -    2s
     0     0 -442.99170    0   24          - -442.99170      -     -    2s
     0     0 -442.99053    0   24          - -442.99053      -     -    2s
     0     0 -442.98972    0   24          - -442.98972      -     -    2s
     0     0 -442.96280    0   22          - -442.96280      -     -    2s
     0     0 -442.95037    0   25          - -442.95037      -     -    2s
     0     0 -442.94574    0   24          - -442.94574      -     -    2s
     0     0 -442.94269    0   25          - -442.94269      -     -    2s
     0     0 -442.93679    0   25          - -442.93679      -     -    2s
     0     0 -442.93591    0   26          - -442.93591      -     -    2s
     0     0 -442.92834    0   24          - -442.92834      -     -    2s
     0     0 -442.91833    0   23          - -442.91833      -     -    2s
     0     0 -442.91590    0   25          - -442.91590      -     -    2s
     0     0 -442.91539    0   25          - -442.91539      -     -    2s
     0     0 -442.90825    0   24          - -442.90825      -     -    3s
     0     0 -442.90616    0   26          - -442.90616      -     -    3s
     0     0 -442.90354    0   25          - -442.90354      -     -    3s
     0     0 -442.90309    0   25          - -442.90309      -     -    3s
     0     0 -442.86668    0   26          - -442.86668      -     -    3s
     0     0 -442.83607    0   26          - -442.83607      -     -    3s
     0     0 -442.82453    0   25          - -442.82453      -     -    3s
     0     0 -442.82043    0   25          - -442.82043      -     -    3s
     0     0 -442.81266    0   26          - -442.81266      -     -    3s
     0     0 -442.81083    0   26          - -442.81083      -     -    3s
     0     0 -442.81020    0   25          - -442.81020      -     -    3s
     0     0 -442.78970    0   24          - -442.78970      -     -    3s
     0     0 -442.77463    0   24          - -442.77463      -     -    3s
     0     0 -442.76872    0   26          - -442.76872      -     -    3s
     0     0 -442.76609    0   25          - -442.76609      -     -    3s
     0     0 -442.76363    0   25          - -442.76363      -     -    3s
     0     0 -442.76159    0   28          - -442.76159      -     -    3s
     0     0 -442.76140    0   28          - -442.76140      -     -    3s
     0     0 -442.74143    0   27          - -442.74143      -     -    3s
     0     0 -442.73208    0   25          - -442.73208      -     -    3s
     0     0 -442.72624    0   26          - -442.72624      -     -    3s
     0     0 -442.72247    0   25          - -442.72247      -     -    3s
     0     0 -442.72105    0   26          - -442.72105      -     -    3s
     0     0 -442.71857    0   27          - -442.71857      -     -    3s
     0     0 -442.71746    0   27          - -442.71746      -     -    3s
     0     0 -442.63853    0   23          - -442.63853      -     -    3s
     0     0 -442.60189    0   28          - -442.60189      -     -    3s
     0     0 -442.59433    0   28          - -442.59433      -     -    4s
     0     0 -442.58304    0   28          - -442.58304      -     -    4s
     0     0 -442.58053    0   28          - -442.58053      -     -    4s
     0     0 -442.57914    0   28          - -442.57914      -     -    4s
     0     0 -442.57722    0   26          - -442.57722      -     -    4s
     0     0 -442.57703    0   26          - -442.57703      -     -    4s
     0     0 -442.52952    0   29          - -442.52952      -     -    4s
     0     0 -442.52307    0   29          - -442.52307      -     -    4s
     0     0 -442.51969    0   29          - -442.51969      -     -    4s
     0     0 -442.51853    0   28          - -442.51853      -     -    4s
     0     0 -442.48986    0   28          - -442.48986      -     -    4s
     0     0 -442.47305    0   28          - -442.47305      -     -    4s
     0     0 -442.46730    0   29          - -442.46730      -     -    4s
     0     0 -442.46381    0   28          - -442.46381      -     -    4s
     0     0 -442.45944    0   28          - -442.45944      -     -    4s
     0     0 -442.45914    0   28          - -442.45914      -     -    4s
     0     0 -442.45146    0   28          - -442.45146      -     -    4s
     0     0 -442.44731    0   28          - -442.44731      -     -    4s
     0     0 -442.44365    0   28          - -442.44365      -     -    4s
     0     0 -442.44320    0   28          - -442.44320      -     -    4s
     0     0 -442.42430    0   26          - -442.42430      -     -    4s
     0     0 -442.41824    0   27          - -442.41824      -     -    4s
     0     0 -442.41437    0   27          - -442.41437      -     -    4s
     0     0 -442.41089    0   28          - -442.41089      -     -    4s
     0     0 -442.40754    0   29          - -442.40754      -     -    4s
     0     0 -442.40313    0   27          - -442.40313      -     -    4s
     0     0 -442.40244    0   27          - -442.40244      -     -    4s
     0     0 -442.39926    0   26          - -442.39926      -     -    5s
     0     0 -442.39698    0   26          - -442.39698      -     -    5s
     0     0 -442.39466    0   28          - -442.39466      -     -    5s
     0     0 -442.39349    0   29          - -442.39349      -     -    5s
     0     0 -442.38005    0   26          - -442.38005      -     -    5s
     0     0 -442.37381    0   26          - -442.37381      -     -    5s
     0     0 -442.36575    0   29          - -442.36575      -     -    5s
     0     0 -442.36459    0   27          - -442.36459      -     -    5s
     0     0 -442.33928    0   28          - -442.33928      -     -    5s
     0     0 -442.33548    0   27          - -442.33548      -     -    5s
     0     0 -442.33254    0   28          - -442.33254      -     -    5s
     0     0 -442.33225    0   27          - -442.33225      -     -    5s
     0     0 -442.33123    0   27          - -442.33123      -     -    5s
     0     0 -442.33123    0   27          - -442.33123      -     -    5s
     0     2 -442.33123    0   27          - -442.33123      -     -    5s
*  100    98              50    -211.0599948 -442.22438   110%  26.9    7s
*  108    99              50    -229.8599943 -442.22438  92.4%  25.9    7s
*  111    97              50    -263.2799929 -442.17349  67.9%  26.0    8s
*  116    99              50    -287.4799924 -442.15137  53.8%  27.6    9s
   121   107 -438.08739    4    9 -287.47999 -442.15137  53.8%  29.4   10s
*  228   189              50    -304.1399921 -442.15137  45.4%  24.0   14s
   235   186     cutoff   50      -304.13999 -442.15137  45.4%  24.2   15s
   344   267 -430.11449   34    5 -304.13999 -442.07818  45.4%  26.0   20s
*  386   286              50    -306.6566904 -441.84192  44.1%  26.4   23s
   402   294 -433.20698   13    - -306.65669 -441.79560  44.1%  27.3   25s
   467   327 -395.15567   18    2 -306.65669 -441.79560  44.1%  27.5   30s
   535   376 -395.26196   24    2 -306.65669 -441.79560  44.1%  26.6   35s
   571   392 -318.47770   26    - -306.65669 -441.79560  44.1%  26.8   40s
   666   468 -435.96535   17    2 -306.65669 -440.36643  43.6%  25.4   46s
   724   483 -430.26807   36   27 -306.65669 -440.25865  43.6%  24.9   50s
   735   490 -317.35086   27   27 -306.65669 -440.25865  43.6%  24.5   55s
   753   502 -433.14260   16   27 -306.65669 -440.25865  43.6%  23.9   60s
   761   508 -431.91176   47   27 -306.65669 -440.25865  43.6%  23.7   65s
   768   512 -439.27053   14   22 -306.65669 -440.25865  43.6%  23.5   70s
   772   518 -440.25865   13   22 -306.65669 -440.25865  43.6%  26.2   75s
   782   521 -439.21727   16   18 -306.65669 -440.25865  43.6%  27.2   80s
   812   528     cutoff   21      -306.65669 -440.25865  43.6%  28.1   85s
   843   529     cutoff   25      -306.65669 -440.25865  43.6%  28.7   90s
   882   531     cutoff   31      -306.65669 -439.89908  43.5%  29.2   95s
   905   531     cutoff   34      -306.65669 -439.20951  43.2%  29.3  100s
   939   530     cutoff   39      -306.65669 -439.20951  43.2%  29.6  106s
   994   553     cutoff   48      -306.65669 -439.20951  43.2%  30.1  110s
  1064   543 -435.36040   57    2 -306.65669 -439.20951  43.2%  29.9  116s
  1098   536 -317.65174   62    - -306.65669 -439.03474  43.2%  30.2  120s
  1193   579 -427.40163   50    - -306.65669 -438.82248  43.1%  30.2  126s
  1219   584     cutoff   63      -306.65669 -438.65527  43.0%  30.1  130s
* 1221   550              64    -319.9599910 -438.65527  37.1%  30.1  130s
  1264   570 -432.19677   34    7 -319.95999 -437.99051  36.9%  30.1  135s
  1339   605 -428.44562   30    8 -319.95999 -437.57677  36.8%  29.9  141s
  1399   618 -419.26558   58    2 -319.95999 -437.53396  36.7%  29.6  146s
  1425   624     cutoff   63      -319.95999 -437.12532  36.6%  29.8  151s
  1465   630 -416.49561   30    2 -319.95999 -437.03985  36.6%  29.7  155s
  1520   655     cutoff   52      -319.95999 -436.93459  36.6%  29.8  163s
  1544   655 -351.41428   40    4 -319.95999 -436.67881  36.5%  29.8  166s
  1571   657     cutoff   65      -319.95999 -436.58145  36.4%  29.6  170s
  1623   668 -323.88353   64    2 -319.95999 -436.48897  36.4%  29.8  175s
  1654   678 -419.90739   58    2 -319.95999 -436.45523  36.4%  29.9  181s
  1699   694 -393.04689   35    2 -319.95999 -436.01938  36.3%  29.9  188s
  1741   713 -389.07843   46    5 -319.95999 -435.94029  36.2%  29.7  193s
  1792   710 -384.17671   61    2 -319.95999 -435.91712  36.2%  29.4  199s
  1829   711 -382.08618   63    2 -319.95999 -435.85135  36.2%  29.2  206s
  1856   715     cutoff   65      -319.95999 -435.82322  36.2%  29.3  211s
  1902   741 -416.27336   40    6 -319.95999 -435.72652  36.2%  29.6  217s
  1944   749     cutoff   63      -319.95999 -435.62491  36.1%  29.4  222s
  1983   747     cutoff   64      -319.95999 -435.61696  36.1%  29.3  227s
  2010   755     cutoff   65      -319.95999 -435.54345  36.1%  29.5  232s
  2037   795 -417.18821   25    6 -319.95999 -435.53011  36.1%  29.5  236s
  2092   794 -410.21621   53    5 -319.95999 -435.51813  36.1%  29.3  240s
  2148   797 -404.51983   62    2 -319.95999 -435.49383  36.1%  29.2  249s
  2165   795 -344.05754   60    3 -319.95999 -435.47937  36.1%  29.2  250s
  2207   828 -412.43590   38    2 -319.95999 -435.47865  36.1%  29.5  258s
* 2209   816              39    -321.2199911 -435.47865  35.6%  29.5  259s
  2239   824 -414.91219   41    2 -321.21999 -435.47865  35.6%  29.3  261s
  2274   838 -383.69521   46    2 -321.21999 -435.43291  35.6%  29.2  269s
  2315   868 -378.07341   62    2 -321.21999 -435.35035  35.5%  29.2  275s
  2356   883     cutoff   65      -321.21999 -435.31637  35.5%  29.2  281s
* 2375   876              19    -325.5599917 -435.29650  33.7%  29.3  283s
  2385   880 -338.43296   64    2 -325.55999 -435.19031  33.7%  29.4  287s
  2414   907     cutoff   65      -325.55999 -435.13586  33.7%  29.5  293s
  2438   913 -389.63734   40    3 -325.55999 -435.10619  33.6%  29.5  295s
  2470   936 -412.27290   34    2 -325.55999 -435.09587  33.6%  29.5  302s
  2513   958 -432.82442   22    2 -325.55999 -435.06826  33.6%  29.4  309s
  2538   987 -417.99206   26    5 -325.55999 -435.06826  33.6%  29.6  314s
  2599  1023 -414.82982   38    2 -325.55999 -435.06826  33.6%  29.4  323s
  2630  1029 -326.37999   43    - -325.55999 -435.06826  33.6%  29.4  325s
  2657  1048 -404.68895   56    2 -325.55999 -434.97986  33.6%  29.4  332s
  2692  1061 -376.91681   55    2 -325.55999 -434.96038  33.6%  29.3  337s
  2723  1082 -376.64734   63    2 -325.55999 -434.89734  33.6%  29.3  344s
  2775  1100 -372.36142   64    2 -325.55999 -434.84310  33.6%  29.3  354s
  2795  1106     cutoff   65      -325.55999 -434.82790  33.6%  29.3  356s
  2814  1150     cutoff   65      -325.55999 -434.82159  33.6%  29.3  363s
  2860  1181 -409.13401   53    3 -325.55999 -434.80802  33.6%  29.3  368s
  2890  1187 -423.12092   48    3 -325.55999 -434.80546  33.6%  29.2  370s
  2917  1195 -406.46550   61    2 -325.55999 -434.77532  33.5%  29.2  377s
  2963  1237 -431.89041   31    2 -325.55999 -434.75017  33.5%  29.3  388s
  3007  1268 -416.10979   41    3 -325.55999 -434.62006  33.5%  29.3  395s
  3068  1305 -407.47383   61    2 -325.55999 -434.61015  33.5%  29.2  406s
  3126  1331 -365.66840   64    - -325.55999 -434.52141  33.5%  29.2  415s
  3190  1370     cutoff   64      -325.55999 -434.43958  33.4%  29.2  428s
  3239  1386 -365.28126   63    2 -325.55999 -434.41056  33.4%  29.2  437s
  3276  1418     cutoff   65      -325.55999 -434.34255  33.4%  29.3  445s
  3324  1448 -369.46840   52    2 -325.55999 -434.33607  33.4%  29.3  453s
  3352  1458     cutoff   65      -325.55999 -434.29463  33.4%  29.3  457s
  3371  1470     cutoff   65      -325.55999 -434.25912  33.4%  29.3  462s
  3425  1502 -414.00196   39    3 -325.55999 -434.16969  33.4%  29.4  474s
  3459  1513     cutoff   63      -325.55999 -434.10284  33.3%  29.3  478s
  3490  1528 -385.83795   55    2 -325.55999 -434.08865  33.3%  29.4  488s
  3539  1572     cutoff   63      -325.55999 -434.02853  33.3%  29.5  500s
  3591  1602     cutoff   65      -325.55999 -433.97258  33.3%  29.4  509s
  3645  1639 -412.18933   47    6 -325.55999 -433.95618  33.3%  29.5  520s
  3705  1682 -408.53215   60    2 -325.55999 -433.78115  33.2%  29.4  532s
  3733  1690 -385.95978   63    2 -325.55999 -433.75479  33.2%  29.5  535s
  3779  1710     cutoff   64      -325.55999 -433.75326  33.2%  29.4  546s
  3849  1735 -410.38410   33    - -325.55999 -433.64809  33.2%  29.4  564s
  3873  1747 -412.98528   34    5 -325.55999 -433.61401  33.2%  29.5  567s
  3926  1787 -409.02024   41    2 -325.55999 -433.60201  33.2%  29.3  584s
* 3934  1771              49    -333.8199907 -433.60201  29.9%  29.3  584s
  3945  1774 -403.40662   61    2 -333.81999 -433.60063  29.9%  29.3  586s
  3982  1817 -379.54212   51    3 -333.81999 -433.54392  29.9%  29.3  598s
  4024  1827     cutoff   64      -333.81999 -433.48082  29.9%  29.2  601s
  4065  1868 -342.23819   63    2 -333.81999 -433.39503  29.8%  29.2  614s
  4101  1875 -431.40784   35    2 -333.81999 -433.35579  29.8%  29.2  617s
  4145  1925     cutoff   65      -333.81999 -433.34951  29.8%  29.1  631s
  4215  1975 -371.23508   63    2 -333.81999 -433.28982  29.8%  29.1  643s
  4297  2031 -414.56395   35    3 -333.81999 -433.27060  29.8%  29.0  659s
  4347  2041 -363.95781   63    2 -333.81999 -433.25832  29.8%  29.0  663s
  4394  2099 -378.80307   60    2 -333.81999 -433.17287  29.8%  29.0  675s
  4481  2138     cutoff   64      -333.81999 -433.08771  29.7%  28.9  689s
  4595  2224     cutoff   65      -333.81999 -433.03959  29.7%  28.9  713s
  4675  2272 -408.20141   59    3 -333.81999 -433.01465  29.7%  28.8  729s
  4715  2287     cutoff   64      -333.81999 -433.00096  29.7%  28.8  735s
  4772  2340 -407.90523   61    2 -333.81999 -432.96372  29.7%  28.7  751s
  4881  2382     cutoff   64      -333.81999 -432.92382  29.7%  28.7  770s
  4943  2414 -373.23435   64    2 -333.81999 -432.84575  29.7%  28.7  788s
  5042  2492     cutoff   65      -333.81999 -432.70290  29.6%  28.6  811s
  5145  2536 -403.68297   62    2 -333.81999 -432.62420  29.6%  28.5  832s
  5191  2551 -401.05580   59    - -333.81999 -432.54168  29.6%  28.5  837s
  5227  2587     cutoff   64      -333.81999 -432.53102  29.6%  28.5  853s
  5326  2671 -411.45730   50    2 -333.81999 -432.45494  29.5%  28.5  875s
  5444  2714 -404.11482   63    2 -333.81999 -432.34781  29.5%  28.4  896s
  5493  2729     cutoff   64      -333.81999 -432.30083  29.5%  28.4  901s
  5508  2772 -404.27778   46    5 -333.81999 -432.29201  29.5%  28.5  918s
  5560  2789 -407.84415   40    2 -333.81999 -432.28603  29.5%  28.5  923s
  5620  2803 -414.92402   37   27 -333.81999 -432.28603  29.5%  28.4  955s
  5622  2804 -413.81893   36   30 -333.81999 -432.28603  29.5%  28.4 1060s
  5623  2805 -356.17379   33   22 -333.81999 -432.28603  29.5%  28.4 1071s
  5625  2806 -412.86589   35   23 -333.81999 -432.28603  29.5%  28.4 1077s
  5627  2808 -415.41091   35   26 -333.81999 -432.28603  29.5%  28.4 1081s
  5629  2809 -404.79005   44   24 -333.81999 -432.28603  29.5%  28.3 1085s
  5631  2810 -362.03999   31   22 -333.81999 -432.28603  29.5%  28.3 1091s
  5633  2812 -409.65975   41   25 -333.81999 -432.28603  29.5%  28.3 1097s
  5635  2813 -419.05826   54   26 -333.81999 -432.28603  29.5%  28.3 1101s
  5637  2814 -411.63354   40   26 -333.81999 -432.28603  29.5%  28.3 1106s
  5638  2815 -419.50577   36   25 -333.81999 -432.28603  29.5%  28.3 1113s
  5639  2816 -415.15415   35   24 -333.81999 -432.28603  29.5%  28.3 1123s
  5640  2816 -411.91984   33   23 -333.81999 -432.28603  29.5%  28.3 1125s
  5643  2818 -409.09343   48   22 -333.81999 -432.28603  29.5%  28.3 1131s
  5644  2819 -409.59888   36   23 -333.81999 -432.28603  29.5%  28.3 1139s
  5645  2820 -406.78919   55   22 -333.81999 -432.28603  29.5%  28.3 1149s
  5646  2820 -415.07304   30   23 -333.81999 -432.28603  29.5%  28.3 1157s
  5647  2821 -413.18931   36   25 -333.81999 -432.28603  29.5%  28.3 1166s
  5648  2822 -413.64065   36   24 -333.81999 -432.28603  29.5%  28.2 1175s
  5649  2822 -412.99586   37   26 -333.81999 -432.28603  29.5%  28.2 1184s
  5650  2823 -410.07402   57   22 -333.81999 -432.28603  29.5%  28.2 1191s
  5651  2824 -379.60234   55   21 -333.81999 -432.28603  29.5%  28.2 1200s
  5652  2824 -415.02195   38   22 -333.81999 -432.28603  29.5%  28.2 1207s
  5653  2825 -407.00192   43   23 -333.81999 -432.28603  29.5%  28.2 1216s
  5654  2826 -364.02010   64   21 -333.81999 -432.28603  29.5%  28.2 1224s
  5655  2826 -426.22684   43   22 -333.81999 -432.28603  29.5%  28.2 1232s
  5656  2827 -411.08663   34   23 -333.81999 -432.28603  29.5%  28.2 1240s
  5657  2828 -431.89009   32   22 -333.81999 -432.28603  29.5%  28.2 1249s
  5658  2828 -421.83506   46   21 -333.81999 -432.28603  29.5%  28.2 1256s
  5659  2829 -411.46088   47   23 -333.81999 -432.28603  29.5%  28.2 1284s
  5660  2830 -427.38805   34   23 -333.81999 -432.28603  29.5%  28.2 1292s
  5662  2834 -432.28603   25   17 -333.81999 -432.28603  29.5%  28.6 1349s
  5664  2835 -432.28603   26   19 -333.81999 -432.28603  29.5%  28.6 1375s
  5666  2835 -432.28603   26   11 -333.81999 -432.28603  29.5%  28.7 1387s
  5668  2836 -432.28603   27   18 -333.81999 -432.28603  29.5%  28.7 1409s
  5670  2836 -432.28603   27   11 -333.81999 -432.28603  29.5%  28.7 1423s
  5672  2838 -432.28603   28   16 -333.81999 -432.28603  29.5%  28.7 1435s
  5674  2840 -432.28603   28   19 -333.81999 -432.28603  29.5%  28.8 1460s
  5677  2842 -432.28603   29   16 -333.81999 -432.28603  29.5%  28.9 1470s
  5680  2843     cutoff   29      -333.81999 -432.28603  29.5%  28.9 1482s
  5684  2845     cutoff   30      -333.81999 -432.28603  29.5%  28.9 1491s
  5689  2846     cutoff   31      -333.81999 -432.28603  29.5%  28.9 1500s
  5694  2848     cutoff   32      -333.81999 -432.28603  29.5%  29.0 1508s
  5700  2850     cutoff   33      -333.81999 -432.28603  29.5%  29.0 1518s
  5706  2852     cutoff   34      -333.81999 -432.28603  29.5%  29.0 1526s
  5712  2853     cutoff   35      -333.81999 -432.28603  29.5%  29.0 1534s
  5717  2854     cutoff   36      -333.81999 -432.28603  29.5%  29.1 1543s
  5723  2856 -432.28603   38   16 -333.81999 -432.28603  29.5%  29.1 1550s
  5729  2862 -432.28603   39   18 -333.81999 -432.28603  29.5%  29.1 1557s
  5737  2863     cutoff   39      -333.81999 -432.28603  29.5%  29.1 1563s
  5745  2866     cutoff   40      -333.81999 -432.28603  29.5%  29.2 1572s
  5754  2867     cutoff   41      -333.81999 -432.28603  29.5%  29.2 1581s
  5761  2873 -432.28603   43   13 -333.81999 -432.28603  29.5%  29.2 1588s
  5771  2873 -432.28603   44   13 -333.81999 -432.28603  29.5%  29.2 1596s
  5780  2879 -432.28603   46   12 -333.81999 -432.28603  29.5%  29.3 1605s
  5795  2878 -432.28603   50    8 -333.81999 -432.28603  29.5%  29.3 1610s
  5817  2878     cutoff   54      -333.81999 -432.28603  29.5%  29.4 1619s
  5837  2879 -432.28603   57    8 -333.81999 -432.28603  29.5%  29.4 1625s
  5861  2884 -428.19619   63    5 -333.81999 -432.28603  29.5%  29.5 1631s
  5888  2895 -427.45201   72    4 -333.81999 -432.28603  29.5%  29.5 1639s
  5919  2904 -432.28603   34   13 -333.81999 -432.28603  29.5%  29.5 1647s
  5956  2925 -432.28603   45    9 -333.81999 -432.28603  29.5%  29.6 1656s
  5991  2926 -418.61277   73    2 -333.81999 -432.28603  29.5%  29.6 1663s
  6014  2925     cutoff   75      -333.81999 -432.28603  29.5%  29.6 1674s
  6039  2927 -431.03932   44    2 -333.81999 -432.28603  29.5%  29.7 1680s
  6053  2951     cutoff   76      -333.81999 -432.28603  29.5%  29.7 1690s
  6096  2983 -432.28603   47   10 -333.81999 -432.28603  29.5%  29.7 1699s
  6129  2973 -432.28603   41    8 -333.81999 -432.28603  29.5%  29.6 1700s
  6144  2971 -407.08181   72    2 -333.81999 -432.28603  29.5%  29.7 1708s
  6175  2975 -422.76213   35   10 -333.81999 -432.28603  29.5%  29.8 1721s
  6211  3012 -419.38479   39    2 -333.81999 -432.28603  29.5%  29.8 1738s
  6279  3014 -416.08395   51    2 -333.81999 -432.28603  29.5%  29.7 1751s
  6327  3026 -420.95616   66    2 -333.81999 -432.28603  29.5%  29.7 1765s
  6368  3035     cutoff   76      -333.81999 -432.28603  29.5%  29.7 1777s
  6400  3051 -391.07269   75    2 -333.81999 -432.28603  29.5%  29.8 1786s
  6427  3059 -371.28119   76    2 -333.81999 -432.28603  29.5%  29.9 1794s
  6433  3058 -428.75968   52    5 -333.81999 -432.28603  29.5%  29.9 1795s
  6463  3069     cutoff   77      -333.81999 -432.28603  29.5%  29.9 1805s
  6507  3094 -410.82031   47    2 -333.81999 -432.28603  29.5%  29.9 1820s
  6573  3095     cutoff   76      -333.81999 -432.28603  29.5%  29.9 1836s
  6610  3117 -380.15016   75    2 -333.81999 -432.28603  29.5%  30.0 1847s
  6667  3126 -360.61971   76    2 -333.81999 -432.28603  29.5%  30.0 1859s
  6686  3122     cutoff   75      -333.81999 -432.28603  29.5%  30.0 1860s
  6701  3122     cutoff   77      -333.81999 -432.28603  29.5%  30.0 1874s
  6715  3121 -398.62086   74    2 -333.81999 -432.28603  29.5%  30.1 1875s
  6744  3155 -413.97970   43    6 -333.81999 -432.28603  29.5%  30.1 1892s
  6802  3207 -380.48476   69    3 -333.81999 -432.28603  29.5%  30.2 1908s
  6880  3229 -431.58890   52    7 -333.81999 -432.28603  29.5%  30.1 1925s
  6978  3253     cutoff   76      -333.81999 -432.28603  29.5%  30.1 1944s
  7026  3243 -359.09136   76    - -333.81999 -432.28603  29.5%  30.0 1947s
  7051  3243 -371.58428   75    2 -333.81999 -432.28603  29.5%  30.1 1967s
  7096  3254 -397.01706   38    2 -333.81999 -432.28603  29.5%  30.2 1992s
  7133  3255 -415.35369   44    - -333.81999 -432.28603  29.5%  30.2 1997s
  7166  3307 -349.49770   48    2 -333.81999 -432.28603  29.5%  30.2 2016s
  7269  3332 -417.79628   43    2 -333.81999 -432.28603  29.5%  30.1 2044s
  7368  3358 -410.09857   72    2 -333.81999 -432.28603  29.5%  30.0 2067s
  7433  3385 -403.63219   75    2 -333.81999 -432.28603  29.5%  30.1 2087s
  7464  3382     cutoff   76      -333.81999 -432.28603  29.5%  30.1 2090s
  7510  3388     cutoff   76      -333.81999 -432.28603  29.5%  30.1 2113s
  7573  3444     cutoff   77      -333.81999 -432.28603  29.5%  30.2 2138s
  7624  3435 -378.05343   56    3 -333.81999 -432.28603  29.5%  30.1 2142s
  7674  3455 -401.47087   75    2 -333.81999 -432.28603  29.5%  30.1 2174s
  7716  3457 -384.48606   62    6 -333.81999 -432.28603  29.5%  30.1 2181s
  7762  3450     cutoff   76      -333.81999 -432.28603  29.5%  30.2 2204s
  7822  3471 -369.46889   76    2 -333.81999 -432.28603  29.5%  30.3 2235s
  7898  3530     cutoff   77      -333.81999 -432.28603  29.5%  30.3 2267s
  7947  3523 -392.66567   54    2 -333.81999 -432.28603  29.5%  30.3 2271s
  8007  3601 -394.65529   74    2 -333.81999 -432.28603  29.5%  30.3 2298s
  8165  3620     cutoff   76      -333.81999 -432.28603  29.5%  30.1 2333s
  8213  3620     cutoff   75      -333.81999 -432.28603  29.5%  30.1 2340s
  8267  3644 -411.59557   49    2 -333.81999 -432.28603  29.5%  30.1 2369s
  8329  3648     cutoff   76      -333.81999 -432.28603  29.5%  30.1 2379s
  8382  3658 -363.20587   75    2 -333.81999 -432.28603  29.5%  30.1 2409s
  8427  3652 -403.27181   57    2 -333.81999 -432.28603  29.5%  30.2 2413s
  8466  3688 -363.88577   76    2 -333.81999 -432.28603  29.5%  30.3 2444s
  8526  3673 -401.45069   75    2 -333.81999 -432.28603  29.5%  30.2 2446s
  8567  3725     cutoff   77      -333.81999 -432.28603  29.5%  30.3 2479s
  8616  3721     cutoff   76      -333.81999 -432.28603  29.5%  30.4 2485s
  8675  3774 -416.52474   47    2 -333.81999 -432.28603  29.5%  30.4 2520s
  8758  3760 -368.85842   76    2 -333.81999 -432.28603  29.5%  30.3 2525s
  8801  3847     cutoff   76      -333.81999 -432.28603  29.5%  30.4 2561s
  8885  3832     cutoff   77      -333.81999 -432.28603  29.5%  30.3 2566s
  8959  3866     cutoff   75      -333.81999 -432.28603  29.5%  30.3 2600s
  9023  3860 -403.44251   73    2 -333.81999 -432.28603  29.5%  30.3 2606s
  9068  3890     cutoff   76      -333.81999 -432.28603  29.5%  30.3 2638s
  9137  3885     cutoff   76      -333.81999 -432.28603  29.5%  30.3 2647s
  9179  3915 -372.95877   76    2 -333.81999 -432.28603  29.5%  30.4 2691s
  9319  3963     cutoff   77      -333.81999 -432.28603  29.5%  30.4 2741s
  9428  3997 -405.02593   68    2 -333.81999 -432.28603  29.5%  30.4 2788s
  9501  3992 -405.66710   63    3 -333.81999 -432.28603  29.5%  30.5 2796s
  9590  4076     cutoff   76      -333.81999 -432.28603  29.5%  30.4 2841s
  9707  4056 -398.77851   74    2 -333.81999 -432.28603  29.5%  30.3 2849s
  9765  4096     cutoff   77      -333.81999 -432.28603  29.5%  30.3 2890s
  9840  4090 -361.09876   76    2 -333.81999 -432.28603  29.5%  30.3 2898s
  9923  4160     cutoff   77      -333.81999 -432.28603  29.5%  30.4 2941s
 10034  4143 -389.73456   74    2 -333.81999 -432.28603  29.5%  30.3 2950s
 10085  4201     cutoff   76      -333.81999 -432.28603  29.5%  30.3 2995s
 10264  4244 -351.34331   75    2 -333.81999 -432.28603  29.5%  30.3 3057s
 10418  4283     cutoff   77      -333.81999 -432.28603  29.5%  30.4 3114s
 10546  4342     cutoff   46      -333.81999 -432.28603  29.5%  30.5 3170s
 10743  4420 -414.18225   48    2 -333.81999 -432.28603  29.5%  30.5 3233s
 10944  4495 -411.45981   54    2 -333.81999 -432.28603  29.5%  30.4 3298s
 11171  4566     cutoff   76      -333.81999 -432.28603  29.5%  30.2 3361s
 11274  4558 -401.25539   74    2 -333.81999 -432.28603  29.5%  30.2 3372s
 11406  4615 -376.34520   75    2 -333.81999 -432.28603  29.5%  30.1 3428s
 11499  4604     cutoff   76      -333.81999 -432.28603  29.5%  30.1 3436s
 11591  4665 -358.53690   76    2 -333.81999 -432.28603  29.5%  30.1 3493s
 11774  4696     cutoff   77      -333.81999 -432.28603  29.5%  30.1 3561s
 11949  4730 -405.15073   72    2 -333.81999 -432.28603  29.5%  30.1 3631s
 12162  4769     cutoff   56      -333.81999 -432.28603  29.5%  30.1 3708s
 12387  4805 -373.26932   73    2 -333.81999 -432.19585  29.5%  30.0 3785s
 12458  4803 -391.10401   74    2 -333.81999 -432.05751  29.4%  30.0 3793s
 12523  4851 -368.07224   76    2 -333.81999 -432.05003  29.4%  30.0 3852s
 12634  4846     cutoff   76      -333.81999 -431.93963  29.4%  30.0 3865s
 12714  4905     cutoff   77      -333.81999 -431.92481  29.4%  30.0 3921s
 12898  4956 -401.30084   71    2 -333.81999 -431.67878  29.3%  30.0 3995s
 13105  5009 -399.25737   75    2 -333.81999 -431.54379  29.3%  29.9 4071s
 13311  5064     cutoff   76      -333.81999 -431.20689  29.2%  29.8 4137s
 13400  5051 -405.07843   73    2 -333.81999 -431.09442  29.1%  29.8 4143s
 13483  5109 -367.86071   76    2 -333.81999 -431.06575  29.1%  29.8 4197s
 13684  5134     cutoff   77      -333.81999 -430.91023  29.1%  29.7 4262s
 13839  5151     cutoff   76      -333.81999 -430.61914  29.0%  29.7 4328s
 14021  5183 -377.39723   75    2 -333.81999 -430.44014  28.9%  29.7 4394s
 14195  5207 -354.94837   76    2 -333.81999 -430.18217  28.9%  29.7 4465s
 14363  5310     cutoff   77      -333.81999 -429.97875  28.8%  29.7 4535s
 14436  5327 -403.92749   74    2 -333.81999 -429.82385  28.8%  29.7 4541s
 14526  5402 -396.31067   71    2 -333.81999 -429.82380  28.8%  29.7 4612s
 14644  5439 -361.37879   76    2 -333.81999 -429.77459  28.7%  29.6 4625s
 14737  5530     cutoff   75      -333.81999 -429.77119  28.7%  29.6 4687s
 14834  5551 -412.07004   47    - -333.81999 -429.61445  28.7%  29.6 4695s
 14910  5643 -417.43559   58    3 -333.81999 -429.59220  28.7%  29.6 4758s
 15018  5674 -377.47463   74    2 -333.81999 -429.49482  28.7%  29.5 4768s
 15109  5723     cutoff   76      -333.81999 -429.46279  28.7%  29.5 4828s
 15172  5735 -375.50451   76    2 -333.81999 -429.39759  28.6%  29.5 4833s
 15229  5802     cutoff   46      -333.81999 -429.38213  28.6%  29.6 4891s
 15370  5898 -370.91216   76    2 -333.81999 -429.28441  28.6%  29.6 4959s
 15454  5916     cutoff   77      -333.81999 -429.13726  28.6%  29.6 4965s
 15544  5963     cutoff   77      -333.81999 -429.12769  28.6%  29.5 5028s
 15682  6032 -413.09540   51    3 -333.81999 -428.95991  28.5%  29.6 5103s
 15815  6097 -400.31187   72    2 -333.81999 -428.88226  28.5%  29.6 5177s
 15900  6128     cutoff   77      -333.81999 -428.78821  28.4%  29.5 5188s
 15954  6164     cutoff   76      -333.81999 -428.75890  28.4%  29.6 5247s
 16010  6173 -399.04575   68    2 -333.81999 -428.72552  28.4%  29.6 5252s
 16092  6235 -411.22804   52    3 -333.81999 -428.72073  28.4%  29.6 5321s
 16269  6325 -401.54755   65    2 -333.81999 -428.54079  28.4%  29.6 5400s
 16354  6356     cutoff   76      -333.81999 -428.40851  28.3%  29.5 5410s
 16441  6423     cutoff   77      -333.81999 -428.35433  28.3%  29.5 5475s
 16615  6510 -366.76054   73    2 -333.81999 -428.24563  28.3%  29.5 5547s
 16802  6619     cutoff   76      -333.81999 -428.16484  28.3%  29.4 5624s
 16887  6635 -367.34564   76    2 -333.81999 -428.00827  28.2%  29.4 5629s
 16989  6686 -404.29894   72    2 -333.81999 -427.91034  28.2%  29.4 5692s
 17120  6727     cutoff   77      -333.81999 -427.83536  28.2%  29.3 5706s
 17186  6785     cutoff   76      -333.81999 -427.81762  28.2%  29.3 5766s
 17294  6816     cutoff   77      -333.81999 -427.64200  28.1%  29.3 5776s
 17357  6842     cutoff   76      -333.81999 -427.62803  28.1%  29.3 5834s
 17513  6882     cutoff   77      -333.81999 -427.52791  28.1%  29.3 5904s
 17574  6902 -389.77217   68    2 -333.81999 -427.44153  28.0%  29.3 5910s
 17645  6963 -404.42211   55    2 -333.81999 -427.43716  28.0%  29.3 5977s
 17705  6980     cutoff   76      -333.81999 -427.28506  28.0%  29.3 5982s
 17802  7034 -406.78659   47    2 -333.81999 -427.21774  28.0%  29.3 6053s
 18000  7128 -382.72238   74    2 -333.81999 -427.07723  27.9%  29.2 6130s
 18173  7194     cutoff   76      -333.81999 -426.98335  27.9%  29.2 6206s
 18271  7220 -357.14858   76    - -333.81999 -426.87776  27.9%  29.2 6216s
 18357  7281 -412.62007   50    2 -333.81999 -426.84800  27.9%  29.2 6290s
 18453  7315     cutoff   76      -333.81999 -426.74585  27.8%  29.1 6303s
 18540  7361 -388.56369   75    2 -333.81999 -426.72951  27.8%  29.1 6368s
 18623  7384     cutoff   77      -333.81999 -426.60755  27.8%  29.1 6376s
 18704  7435 -384.42169   76    2 -333.81999 -426.60040  27.8%  29.1 6439s
 18871  7522     cutoff   77      -333.81999 -426.45346  27.7%  29.0 6516s
 18962  7540 -401.08516   67    2 -333.81999 -426.24838  27.7%  29.0 6523s
 19052  7600 -396.32147   75    2 -333.81999 -426.23938  27.7%  29.0 6583s
 19263  7682     cutoff   76      -333.81999 -425.97566  27.6%  28.9 6658s
 19432  7760 -355.06393   76    2 -333.81999 -425.83291  27.6%  28.9 6738s
 19513  7784 -393.35326   75    2 -333.81999 -425.75005  27.5%  28.8 6747s
 19606  7812     cutoff   62      -333.81999 -425.71906  27.5%  28.8 6821s
 19689  7838     cutoff   76      -333.81999 -425.43743  27.4%  28.8 6831s
 19781  7899     cutoff   77      -333.81999 -425.39293  27.4%  28.8 6899s
 19931  7934     cutoff   75      -333.81999 -424.98259  27.3%  28.8 6970s
 20028  7961 -375.44823   75    2 -333.81999 -424.85973  27.3%  28.8 6980s
 20082  7996     cutoff   76      -333.81999 -424.77651  27.2%  28.8 7053s
 20238  8066 -402.68709   58    2 -333.81999 -424.68900  27.2%  28.7 7141s
 20309  8081 -401.42772   64    2 -333.81999 -424.43452  27.1%  28.7 7147s
 20398  8111 -397.82510   75    2 -333.81999 -424.42457  27.1%  28.7 7184s
 20442  8123 -359.39880   76    2 -333.81999 -424.35833  27.1%  28.7 7189s

Cutting planes:
  MIR: 74
  Flow cover: 8
  Lazy constraints: 184643

Explored 20497 nodes (592470 simplex iterations) in 7195.88 seconds
Thread count was 4 (of 4 available processors)

Solution count 10: -333.82 -325.56 -321.22 ... -211.06

Time limit reached
Best objective -3.338199906947e+02, best bound -4.243583317615e+02, gap 27.1219%

User-callback calls 218809, time in user-callback 1899.36 sec
