
Gurobi 9.0.3 (win64) logging started Sun Jan  2 13:19:15 2022

Changed value of parameter LogFile to Results/sslp2_30_70_200_var_BnC.log
   Prev:   Default: 
Changed value of parameter Heuristics to 0.0
   Prev: 0.05  Min: 0.0  Max: 1.0  Default: 0.05
Changed value of parameter lazyConstraints to 1
   Prev: 0  Min: 0  Max: 1  Default: 0
Changed value of parameter timeLimit to 1445.5451092720032
   Prev: inf  Min: 0.0  Max: inf  Default: inf
Gurobi Optimizer version 9.0.3 build v9.0.3rc0 (win64)
Optimize a model with 7772 rows, 260 columns and 364448 nonzeros
Model fingerprint: 0x32334317
Variable types: 230 continuous, 30 integer (30 binary)
Coefficient statistics:
  Matrix range     [1e-13, 7e+05]
  Objective range  [5e-03, 4e+01]
  Bounds range     [1e+00, 1e+00]
  RHS range        [4e-15, 3e+04]
Warning: Model contains large matrix coefficient range
         Consider reformulating model or setting NumericFocus parameter
         to avoid numerical issues.
Presolve added 0 rows and 128 columns
Presolve removed 798 rows and 0 columns
Presolve time: 0.30s
Presolved: 6974 rows, 388 columns, 290599 nonzeros
Variable types: 357 continuous, 31 integer (30 binary)

Root relaxation: objective -6.671336e+02, 1081 iterations, 0.75 seconds

    Nodes    |    Current Node    |     Objective Bounds      |     Work
 Expl Unexpl |  Obj  Depth IntInf | Incumbent    BestBd   Gap | It/Node Time

     0     0 -667.13363    0   24          - -667.13363      -     -    1s
     0     0 -667.13363    0   24          - -667.13363      -     -    1s
     0     0 -667.13363    0   24          - -667.13363      -     -    1s
     0     0 -667.12897    0   22          - -667.12897      -     -    2s
     0     0 -667.12767    0   23          - -667.12767      -     -    2s
     0     0 -667.12767    0   23          - -667.12767      -     -    3s
     0     2 -667.12767    0   23          - -667.12767      -     -    3s
    53    57 -662.64773   25    4          - -666.78587      -  75.8    6s
*   59    57              30    -633.5799837 -666.78587  5.24%  72.8    7s
    61    55 -662.23062   28    - -633.57998 -666.78587  5.24%  73.2   10s
    70    59 -661.52854   28    2 -633.57998 -666.78587  5.24%  74.0   15s
   108    87 -664.41539   13   15 -633.57998 -666.32728  5.17%  87.0   20s
*  134   103              30    -635.6299840 -666.32728  4.83%  80.2   25s
   150   111 -662.93426   24    3 -635.62998 -666.32728  4.83%  82.4   33s
   168   117 -665.85006    5   16 -635.62998 -666.32728  4.83%  79.6   37s
   199   157 -663.97545    9    2 -635.62998 -666.16913  4.80%  83.2   42s
*  228   157              30    -656.2549824 -666.16913  1.51%  76.7   47s
   258   169 -661.81034   24    2 -656.25498 -665.96093  1.48%  76.2   55s
   306   197 -663.57542   16   10 -656.25498 -665.84851  1.46%  74.9   62s
   326   205 -662.86737   20    7 -656.25498 -665.84851  1.46%  73.1   71s
   361   218 -665.13676    7   14 -656.25498 -665.80843  1.46%  70.0   77s
   415   253 -661.54558   29    2 -656.25498 -665.68761  1.44%  66.7   81s
   431   262 -657.79865   28    2 -656.25498 -665.60961  1.43%  66.4   88s
   464   282 -661.55473   14    - -656.25498 -665.60919  1.43%  67.4   93s
   478   299 -660.90723   17    6 -656.25498 -665.60919  1.43%  66.8   98s
   494   302 -662.16617   22    2 -656.25498 -665.60919  1.43%  65.9  101s
   539   337 -663.03034   16    6 -656.25498 -665.56560  1.42%  65.0  107s
   579   343 -664.30582    6    5 -656.25498 -665.47371  1.40%  62.5  111s
   588   360     cutoff   28      -656.25498 -665.46881  1.40%  62.7  117s
   623   360 -656.34350   27    2 -656.25498 -665.40467  1.39%  60.9  121s
   676   399 -661.83059   21    5 -656.25498 -665.39580  1.39%  59.7  127s
   699   413 -660.83599   26    2 -656.25498 -665.32705  1.38%  58.9  134s
   716   439 -663.44806    7    7 -656.25498 -665.32506  1.38%  58.6  135s
   764   451 -663.03787   10    6 -656.25498 -665.32506  1.38%  57.5  140s
   789   474 -662.70403   13    5 -656.25498 -665.32506  1.38%  57.8  150s
   823   485 -656.33934   25    2 -656.25498 -665.32506  1.38%  57.0  156s
   856   508 -660.51069   17    2 -656.25498 -665.25061  1.37%  56.5  161s
   886   540 -662.93839   11    2 -656.25498 -665.24136  1.37%  56.1  168s
   911   541 -661.43046   19    2 -656.25498 -665.23681  1.37%  55.2  170s
   967   582 -663.70536   24    3 -656.25498 -665.22855  1.37%  54.6  180s
  1002   604 -657.39193   28    2 -656.25498 -665.20730  1.36%  54.1  188s
  1043   620 -663.57102   10   10 -656.25498 -665.20482  1.36%  53.0  192s
  1067   645 -662.46760   18    7 -656.25498 -665.20482  1.36%  52.8  199s
  1084   648 -664.83309   14    2 -656.25498 -665.20482  1.36%  52.7  201s
* 1100   646              30    -656.8049826 -665.20482  1.28%  52.2  203s
  1124   669 -663.47836   11   12 -656.80498 -665.13809  1.27%  52.9  209s
  1149   682 -662.49095   18    6 -656.80498 -665.12958  1.27%  52.5  213s
  1183   703 -662.20047   26    2 -656.80498 -665.11076  1.26%  52.3  224s
  1193   704 -660.47354   19    2 -656.80498 -665.11064  1.26%  52.4  225s
  1258   747     cutoff   29      -656.80498 -665.09363  1.26%  51.6  238s
  1281   761 -663.06059   15    7 -656.80498 -665.08333  1.26%  51.3  240s
  1311   777 -662.56018   25    2 -656.80498 -665.07286  1.26%  51.3  250s
  1368   806 -663.40945   20    4 -656.80498 -665.04927  1.26%  51.5  264s
  1380   819 -663.31958   24    2 -656.80498 -665.01996  1.25%  51.6  272s
  1413   844     cutoff   29      -656.80498 -665.01691  1.25%  51.9  283s
  1428   845 -658.71336   28    2 -656.80498 -665.01409  1.25%  51.8  285s
  1453   847 -663.03867   10   23 -656.80498 -665.01409  1.25%  51.5  299s
  1455   848 -662.81749   20   24 -656.80498 -665.01409  1.25%  51.4  311s
  1458   853 -665.01409   13   22 -656.80498 -665.01409  1.25%  52.6  326s
  1460   855 -665.01409   14   21 -656.80498 -665.01409  1.25%  52.8  336s
  1462   856 -665.01409   14   20 -656.80498 -665.01409  1.25%  53.0  346s
  1464   857 -665.01409   15   19 -656.80498 -665.01409  1.25%  53.1  355s
  1468   862 -665.01409   16   18 -656.80498 -665.01409  1.25%  53.4  360s
  1478   870 -665.01409   18   17 -656.80498 -665.01409  1.25%  54.1  365s
  1496   881 -665.01409   22   14 -656.80498 -665.01409  1.25%  55.1  371s
  1510   894 -664.98204   26   11 -656.80498 -665.01409  1.25%  55.5  376s
  1536   910 -663.15292   32    5 -656.80498 -665.01409  1.25%  56.2  380s
  1564   916 -658.90752   39    2 -656.80498 -665.01409  1.25%  56.5  390s
  1588   931 -664.05978   20    8 -656.80498 -665.01409  1.25%  57.1  395s
  1617   939 -663.78905   28    7 -656.80498 -665.01409  1.25%  57.4  404s
  1628   941 -664.29253   26    5 -656.80498 -665.01409  1.25%  57.5  411s
  1637   939 -661.90973   33    - -656.80498 -665.01409  1.25%  57.6  421s
  1662   943 infeasible   41      -656.80498 -665.01409  1.25%  57.7  440s
  1681   949 -665.01409   16   17 -656.80498 -665.01409  1.25%  57.9  449s
  1687   954 -665.01409   17   17 -656.80498 -665.01409  1.25%  58.0  451s
  1716   975 -664.95100   24   12 -656.80498 -665.01409  1.25%  58.1  456s
  1734   974 -664.52816   35    4 -656.80498 -665.01409  1.25%  58.1  460s
  1755   973 -662.57286   39    2 -656.80498 -665.01409  1.25%  58.1  465s
  1789   996 -662.93720   30   10 -656.80498 -665.01409  1.25%  58.2  472s
  1821   990 -664.90509   18   14 -656.80498 -665.01409  1.25%  58.3  476s
  1845  1007 -663.81292   23   11 -656.80498 -665.01409  1.25%  58.3  481s
  1859  1020 -663.54398   24    9 -656.80498 -665.01409  1.25%  58.6  490s
  1882  1039 -662.23977   29    2 -656.80498 -665.01409  1.25%  58.7  497s
  1911  1038 -660.15456   39    2 -656.80498 -665.01409  1.25%  58.6  506s
  1965  1047 -660.66312   40    2 -656.80498 -665.01409  1.25%  58.2  514s
  1995  1054 -664.03962   19   13 -656.80498 -665.01409  1.25%  58.3  524s
  2015  1071 -663.92298   22   10 -656.80498 -665.01409  1.25%  58.5  526s
  2046  1083 -663.71294   25    9 -656.80498 -665.01409  1.25%  58.4  531s
  2076  1088 -660.03374   28    4 -656.80498 -665.01409  1.25%  58.5  537s
  2093  1104 -663.36064   33    3 -656.80498 -665.01409  1.25%  58.8  540s
  2128  1105     cutoff   40      -656.80498 -665.01409  1.25%  58.9  547s
  2148  1115 -662.93860   21    5 -656.80498 -665.01409  1.25%  59.3  554s
  2193  1130 -662.33810   33    2 -656.80498 -665.01409  1.25%  59.7  576s
  2230  1153 -662.63573   28   10 -656.80498 -665.01409  1.25%  59.9  588s
  2295  1161 -657.97692   37    2 -656.80498 -665.01409  1.25%  59.4  598s
  2328  1154 -658.29734   27    2 -656.80498 -665.01409  1.25%  59.1  602s
  2346  1180     cutoff   42      -656.80498 -665.01409  1.25%  59.2  607s
  2404  1179     cutoff   41      -656.80498 -665.01409  1.25%  58.8  618s
  2421  1191 -661.40398   21    5 -656.80498 -665.01409  1.25%  59.4  626s
  2456  1231 -658.66859   24    - -656.80498 -665.01409  1.25%  59.8  645s
  2546  1225 -663.00627   30    6 -656.80498 -665.01409  1.25%  59.2  661s
  2599  1245     cutoff   40      -656.80498 -665.01409  1.25%  59.1  674s
  2641  1256 -659.80766   39    4 -656.80498 -665.01409  1.25%  59.1  679s
  2702  1257     cutoff   41      -656.80498 -665.01409  1.25%  59.1  695s
  2765  1277 -659.56349   39    2 -656.80498 -665.01409  1.25%  59.2  717s
  2818  1281     cutoff   40      -656.80498 -665.01409  1.25%  59.3  729s
  2842  1277 -658.03043   38    2 -656.80498 -665.01409  1.25%  59.4  735s
  2876  1285     cutoff   39      -656.80498 -665.01409  1.25%  59.3  745s
  2922  1293 -658.37236   38    2 -656.80498 -664.98479  1.25%  59.6  758s
  2962  1324 -658.99200   34    5 -656.80498 -664.97725  1.24%  59.8  770s
  3047  1335     cutoff   38      -656.80498 -664.95869  1.24%  59.7  791s
  3112  1331     cutoff   39      -656.80498 -664.94976  1.24%  59.8  815s
  3167  1364 -660.52311   40    2 -656.80498 -664.93613  1.24%  60.0  847s
  3215  1353 -660.23056   31    7 -656.80498 -664.92039  1.24%  59.8  853s
  3248  1382 -660.40496   36    3 -656.80498 -664.90269  1.23%  59.8  871s
  3300  1373     cutoff   39      -656.80498 -664.89535  1.23%  59.6  880s
  3335  1396 -659.31641   41    2 -656.80498 -664.89061  1.23%  59.4  898s
  3396  1408     cutoff   38      -656.80498 -664.87819  1.23%  59.2  909s
  3460  1433     cutoff   40      -656.80498 -664.86348  1.23%  59.3  931s
  3534  1442     cutoff   41      -656.80498 -664.86028  1.23%  59.2  952s
  3600  1456     cutoff   39      -656.80498 -664.84799  1.22%  59.2  971s
  3680  1461     cutoff   40      -656.80498 -664.82787  1.22%  59.3 1006s
  3766  1495 -660.74168   39    2 -656.80498 -664.77900  1.21%  59.4 1046s
  3861  1495 -659.51189   38    2 -656.80498 -664.77099  1.21%  59.3 1078s
  3949  1515     cutoff   28      -656.80498 -664.75793  1.21%  59.4 1122s
  3991  1509 -661.43592   29    2 -656.80498 -664.75037  1.21%  59.5 1132s
  4036  1535 -660.60976   40    2 -656.80498 -664.74676  1.21%  59.3 1157s
  4085  1545     cutoff   38      -656.80498 -664.73921  1.21%  59.3 1170s
  4125  1577 -658.73081   36    2 -656.80498 -664.73921  1.21%  59.4 1193s
  4215  1596 -659.67598   39    2 -656.80498 -664.72464  1.21%  59.3 1221s
  4301  1665 -660.81675   40    2 -656.80498 -664.71259  1.20%  59.4 1270s
  4395  1703     cutoff   42      -656.80498 -664.70469  1.20%  59.1 1297s
  4465  1746 -661.72534   31    4 -656.80498 -664.68197  1.20%  59.2 1328s
  4543  1791     cutoff   41      -656.80498 -664.67425  1.20%  59.1 1361s
  4620  1815 -662.67358   25    9 -656.80498 -664.64056  1.19%  59.2 1392s
  4674  1834     cutoff   32      -656.80498 -664.63607  1.19%  59.3 1418s
  4710  1877 -659.05384   38    2 -656.80498 -664.63369  1.19%  59.3 1445s

Cutting planes:
  Lazy constraints: 84228

Explored 4797 nodes (285389 simplex iterations) in 1455.28 seconds
Thread count was 4 (of 4 available processors)

Solution count 4: -656.805 -656.255 -635.63 -633.58 

Time limit reached
Best objective -6.568049825655e+02, best bound -6.646237800000e+02, gap 1.1904%

User-callback calls 29758, time in user-callback 792.61 sec
