
Gurobi 9.0.3 (win64) logging started Mon Jan  3 16:10:32 2022

Changed value of parameter LogFile to Results/sslp3_40_50_50_var_BendersBnC.log
   Prev:   Default: 
Changed value of parameter Heuristics to 0.0
   Prev: 0.05  Min: 0.0  Max: 1.0  Default: 0.05
Changed value of parameter lazyConstraints to 1
   Prev: 0  Min: 0  Max: 1  Default: 0
Changed value of parameter timeLimit to 7188.557309389114
   Prev: inf  Min: 0.0  Max: inf  Default: inf
Gurobi Optimizer version 9.0.3 build v9.0.3rc0 (win64)
Optimize a model with 784 rows, 130 columns and 42900 nonzeros
Model fingerprint: 0x856be73f
Variable types: 90 continuous, 40 integer (40 binary)
Coefficient statistics:
  Matrix range     [1e-13, 5e+05]
  Objective range  [2e-02, 4e+01]
  Bounds range     [1e+00, 1e+00]
  RHS range        [2e-15, 1e+04]
Warning: Model contains large matrix coefficient range
         Consider reformulating model or setting NumericFocus parameter
         to avoid numerical issues.
Presolve added 0 rows and 4 columns
Presolve removed 166 rows and 0 columns
Presolve time: 0.08s
Presolved: 618 rows, 134 columns, 21588 nonzeros
Variable types: 93 continuous, 41 integer (40 binary)

Root relaxation: objective -5.885453e+02, 234 iterations, 0.03 seconds

    Nodes    |    Current Node    |     Objective Bounds      |     Work
 Expl Unexpl |  Obj  Depth IntInf | Incumbent    BestBd   Gap | It/Node Time

     0     0 -588.54530    0   26          - -588.54530      -     -    0s
     0     0 -586.85992    0   19          - -586.85992      -     -    0s
     0     0 -586.75575    0   19          - -586.75575      -     -    0s
     0     0 -586.72859    0   19          - -586.72859      -     -    0s
     0     0 -586.72704    0   19          - -586.72704      -     -    0s
     0     0 -586.72682    0   18          - -586.72682      -     -    0s
     0     0 -585.98553    0   18          - -585.98553      -     -    0s
     0     0 -585.85046    0   18          - -585.85046      -     -    0s
     0     0 -585.63013    0   19          - -585.63013      -     -    0s
     0     0 -585.54519    0   19          - -585.54519      -     -    0s
     0     0 -585.50298    0   18          - -585.50298      -     -    0s
     0     0 -585.47703    0   16          - -585.47703      -     -    0s
     0     0 -585.46560    0   17          - -585.46560      -     -    0s
     0     0 -585.46155    0   18          - -585.46155      -     -    0s
     0     0 -585.41196    0   19          - -585.41196      -     -    0s
     0     0 -585.39826    0   21          - -585.39826      -     -    0s
     0     0 -585.39153    0   20          - -585.39153      -     -    0s
     0     0 -585.38920    0   20          - -585.38920      -     -    0s
     0     0 -585.38447    0   22          - -585.38447      -     -    0s
     0     0 -585.38398    0   23          - -585.38398      -     -    0s
     0     0 -584.95857    0   17          - -584.95857      -     -    1s
     0     0 -584.66103    0   15          - -584.66103      -     -    1s
     0     0 -584.61157    0   19          - -584.61157      -     -    1s
     0     0 -584.57017    0   15          - -584.57017      -     -    1s
     0     0 -584.53172    0   19          - -584.53172      -     -    1s
     0     0 -584.50729    0   20          - -584.50729      -     -    1s
     0     0 -584.48975    0   19          - -584.48975      -     -    1s
     0     0 -584.47792    0   17          - -584.47792      -     -    1s
     0     0 -584.47399    0   19          - -584.47399      -     -    1s
     0     0 -584.46702    0   17          - -584.46702      -     -    1s
     0     0 -584.45496    0   18          - -584.45496      -     -    1s
     0     0 -584.44910    0   17          - -584.44910      -     -    1s
     0     0 -584.44422    0   17          - -584.44422      -     -    1s
     0     0 -584.43211    0   19          - -584.43211      -     -    1s
     0     0 -584.42995    0   19          - -584.42995      -     -    1s
     0     0 -584.42940    0   18          - -584.42940      -     -    1s
     0     0 -584.01747    0   20          - -584.01747      -     -    1s
     0     0 -583.91404    0   20          - -583.91404      -     -    1s
     0     0 -583.84756    0   19          - -583.84756      -     -    1s
     0     0 -583.77280    0   19          - -583.77280      -     -    1s
     0     0 -583.76116    0   18          - -583.76116      -     -    1s
     0     0 -583.73982    0   19          - -583.73982      -     -    1s
     0     0 -583.71859    0   21          - -583.71859      -     -    1s
     0     0 -583.70699    0   20          - -583.70699      -     -    1s
     0     0 -583.69146    0   21          - -583.69146      -     -    2s
     0     0 -583.69122    0   21          - -583.69122      -     -    2s
     0     0 -583.61290    0   19          - -583.61290      -     -    2s
     0     0 -583.54818    0   19          - -583.54818      -     -    2s
     0     0 -583.52789    0   19          - -583.52789      -     -    2s
     0     0 -583.51841    0   20          - -583.51841      -     -    2s
     0     0 -583.51127    0   22          - -583.51127      -     -    2s
     0     0 -583.50571    0   21          - -583.50571      -     -    2s
     0     0 -583.49826    0   20          - -583.49826      -     -    2s
     0     0 -583.49551    0   20          - -583.49551      -     -    2s
     0     0 -583.49343    0   21          - -583.49343      -     -    2s
     0     0 -583.49236    0   22          - -583.49236      -     -    2s
     0     0 -583.47136    0   16          - -583.47136      -     -    2s
     0     0 -583.45553    0   21          - -583.45553      -     -    2s
     0     0 -583.44754    0   21          - -583.44754      -     -    2s
     0     0 -583.44255    0   21          - -583.44255      -     -    2s
     0     0 -583.43877    0   21          - -583.43877      -     -    2s
     0     0 -583.43724    0   19          - -583.43724      -     -    2s
     0     0 -583.40308    0   21          - -583.40308      -     -    2s
     0     0 -583.39563    0   22          - -583.39563      -     -    2s
     0     0 -583.38885    0   20          - -583.38885      -     -    2s
     0     0 -583.38435    0   21          - -583.38435      -     -    2s
     0     0 -583.38181    0   21          - -583.38181      -     -    2s
     0     0 -583.38019    0   21          - -583.38019      -     -    2s
     0     0 -583.33786    0   21          - -583.33786      -     -    2s
     0     0 -583.30134    0   23          - -583.30134      -     -    2s
     0     0 -583.28745    0   21          - -583.28745      -     -    2s
     0     0 -583.28426    0   24          - -583.28426      -     -    3s
     0     0 -583.28183    0   23          - -583.28183      -     -    3s
     0     0 -583.27966    0   20          - -583.27966      -     -    3s
     0     0 -583.27757    0   22          - -583.27757      -     -    3s
     0     0 -583.27660    0   22          - -583.27660      -     -    3s
     0     0 -583.26861    0   21          - -583.26861      -     -    3s
     0     0 -583.26152    0   21          - -583.26152      -     -    3s
     0     0 -583.25452    0   21          - -583.25452      -     -    3s
     0     0 -583.25299    0   22          - -583.25299      -     -    3s
     0     0 -583.24129    0   22          - -583.24129      -     -    3s
     0     0 -583.23758    0   22          - -583.23758      -     -    3s
     0     0 -583.23350    0   21          - -583.23350      -     -    3s
     0     0 -583.23063    0   22          - -583.23063      -     -    3s
     0     0 -583.22887    0   23          - -583.22887      -     -    3s
     0     0 -583.22115    0   22          - -583.22115      -     -    3s
     0     0 -583.21532    0   21          - -583.21532      -     -    3s
     0     0 -583.21143    0   21          - -583.21143      -     -    3s
     0     0 -583.21017    0   20          - -583.21017      -     -    3s
     0     0 -583.20081    0   21          - -583.20081      -     -    3s
     0     0 -583.20081    0   21          - -583.20081      -     -    3s
     0     2 -583.20081    0   21          - -583.20081      -     -    3s
    78    75 -567.56238   38    2          - -583.18681      -  23.4    5s
*   87    78              40    -315.8399923 -583.18681  84.6%  23.3    7s
*   93    77              40    -371.2799904 -583.15911  57.1%  24.3    8s
*   98    78              40    -375.6799901 -583.15001  55.2%  26.6    8s
*   99    78              40    -398.5599896 -583.15001  46.3%  26.9    9s
   155   137 -574.05758   29    3 -398.55999 -583.15001  46.3%  25.6   10s
   206   151     cutoff   40      -398.55999 -583.15001  46.3%  24.0   15s
   301   212 -488.32621   40    - -398.55999 -583.07444  46.3%  24.6   20s
   369   248 -580.48506   22    8 -398.55999 -582.42115  46.1%  25.4   25s
*  375   248              40    -405.7999889 -582.42115  43.5%  25.5   25s
*  385   253              40    -406.4999888 -582.42115  43.3%  25.6   28s
*  387   253              40    -408.7199887 -582.42115  42.5%  25.6   28s
   412   266 -561.61151   39    2 -408.71999 -581.99969  42.4%  25.9   30s
   472   299 -580.50717   18    6 -408.71999 -581.92355  42.4%  26.1   36s
   547   344     cutoff   40      -408.71999 -581.80463  42.3%  24.5   41s
*  559   347              40    -420.0799888 -581.80463  38.5%  24.6   42s
   578   341     cutoff   40      -420.07999 -581.68796  38.5%  24.9   45s
   624   373 -545.19639   40    - -420.07999 -581.56128  38.4%  24.7   50s
*  631   377              40    -434.4199886 -581.56128  33.9%  24.9   52s
   651   376     cutoff   40      -434.41999 -581.52849  33.9%  24.8   55s
   711   413 -506.82320   40    - -434.41999 -581.52849  33.9%  24.3   60s
   743   424 -496.26512   11    2 -434.41999 -581.52849  33.9%  24.1   65s
   783   430     cutoff   40      -434.41999 -581.52849  33.9%  23.9   71s
   826   440     cutoff   40      -434.41999 -581.52849  33.9%  23.5   76s
   850   447 -467.60232   19    2 -434.41999 -581.52849  33.9%  23.2   80s
   891   451     cutoff   40      -434.41999 -581.52849  33.9%  22.8   85s
   951   457     cutoff   40      -434.41999 -581.33902  33.8%  22.0   90s
* 1035   503              40    -439.1199883 -581.33091  32.4%  21.2   95s
* 1039   503              40    -439.3999883 -581.33091  32.3%  21.2   95s
  1062   505     cutoff   40      -439.39999 -581.20199  32.3%  21.4  100s
  1129   545 -572.60518   35    2 -439.39999 -581.20199  32.3%  21.4  105s
* 1156   546              40    -443.4999887 -581.05076  31.0%  21.5  109s
  1161   548     cutoff   40      -443.49999 -581.04628  31.0%  21.5  110s
  1246   599 -543.32736   36    2 -443.49999 -580.98439  31.0%  21.1  116s
  1275   620     cutoff   40      -443.49999 -580.91305  31.0%  21.2  121s
  1318   623 -549.43849   12    2 -443.49999 -580.91305  31.0%  21.1  125s
  1348   659 -501.82376   20    - -443.49999 -580.91305  31.0%  21.2  130s
  1409   670 -472.16884   31    2 -443.49999 -580.77422  31.0%  20.8  135s
  1480   717     cutoff   40      -443.49999 -580.69075  30.9%  20.6  141s
  1511   725     cutoff   40      -443.49999 -580.62293  30.9%  20.5  145s
  1574   754     cutoff   40      -443.49999 -580.56228  30.9%  20.2  150s
  1610   762     cutoff   40      -443.49999 -580.50593  30.9%  20.4  155s
  1685   855 -572.14586   12    2 -443.49999 -580.48139  30.9%  20.2  161s
  1741   864 -572.96499   33   21 -443.49999 -580.48046  30.9%  19.9  169s
  1743   865 -577.39590   31   26 -443.49999 -580.48046  30.9%  19.9  181s
  1746   867 -576.18885   22   15 -443.49999 -580.48046  30.9%  19.8  185s
  1754   873 -529.14556   16   21 -443.49999 -580.48046  30.9%  19.7  190s
  1758   875 -488.32621   40   15 -443.49999 -580.48046  30.9%  19.7  198s
  1759   876 -576.14164   24   18 -443.49999 -580.48046  30.9%  19.7  200s
  1763   879 -566.22841   24   17 -443.49999 -580.48046  30.9%  19.6  206s
  1767   881 -573.51075   13   16 -443.49999 -580.48046  30.9%  19.6  211s
  1770   883 -574.91462   31   17 -443.49999 -580.48046  30.9%  19.6  215s
  1774   886 -529.25999   36   16 -443.49999 -580.48046  30.9%  19.5  220s
  1777   888 -544.81300   33   16 -443.49999 -580.48046  30.9%  19.5  228s
  1778   889 -551.18742   37   16 -443.49999 -580.48046  30.9%  19.5  230s
  1780   893 -580.48046   16   15 -443.49999 -580.48046  30.9%  20.3  235s
  1784   894 -580.48046   17   17 -443.49999 -580.48046  30.9%  20.5  242s
  1786   895 -580.48046   18   14 -443.49999 -580.48046  30.9%  20.5  245s
  1800   895 -580.48046   21   15 -443.49999 -580.48046  30.9%  20.9  250s
  1817   899 -580.48046   25   16 -443.49999 -580.48046  30.9%  21.3  255s
  1847   900     cutoff   29      -443.49999 -580.48046  30.9%  21.8  260s
  1866   903 -580.48046   32   12 -443.49999 -580.48046  30.9%  21.9  265s
  1891   905 -525.26007   47    - -443.49999 -580.48046  30.9%  22.0  270s
  1912   912     cutoff   37      -443.49999 -580.44379  30.9%  22.2  275s
  1953   914     cutoff   42      -443.49999 -580.44379  30.9%  22.4  280s
  1986   915     cutoff   47      -443.49999 -580.44379  30.9%  22.4  286s
  2012   919     cutoff   52      -443.49999 -580.42075  30.9%  22.4  291s
  2030   927 -510.39999   26    - -443.49999 -580.42003  30.9%  22.8  295s
* 2061   890              31    -465.3199882 -580.42003  24.7%  23.1  301s
  2084   901     cutoff   33      -465.31999 -580.42003  24.7%  23.2  305s
  2117   899 -556.07431   45    3 -465.31999 -580.24597  24.7%  23.1  311s
  2141   915 -556.01959   46    2 -465.31999 -580.06403  24.7%  23.1  317s
  2179   921 -544.80895   55    2 -465.31999 -580.05271  24.7%  23.0  322s
  2206   922 -510.04605   57    2 -465.31999 -579.92869  24.6%  23.0  326s
  2237   936     cutoff   58      -465.31999 -579.55324  24.5%  23.2  331s
  2287   954 -548.48253   42    2 -465.31999 -579.15204  24.5%  23.3  340s
  2335   958 -542.18779   53    2 -465.31999 -578.47491  24.3%  23.2  348s
  2345   958 -539.43949   50    3 -465.31999 -578.47491  24.3%  23.2  350s
  2385   960     cutoff   57      -465.31999 -578.31997  24.3%  23.3  357s
  2412   971     cutoff   58      -465.31999 -578.03322  24.2%  23.6  363s
  2434   975 -554.54379   24    2 -465.31999 -578.03322  24.2%  23.7  367s
  2463   993 -531.99452   36    3 -465.31999 -577.96190  24.2%  23.7  372s
  2501   994 -530.14840   41    2 -465.31999 -577.95434  24.2%  23.7  378s
  2514   993 -554.35174   43    2 -465.31999 -577.92397  24.2%  23.8  380s
  2530  1000 -500.85328   47    2 -465.31999 -577.88635  24.2%  23.8  385s
  2559  1005 -498.49485   51    3 -465.31999 -577.85988  24.2%  23.9  391s
  2592  1003 -554.89794   33    - -465.31999 -577.85515  24.2%  24.0  398s
  2613  1016 -556.69445   34    6 -465.31999 -577.85515  24.2%  24.3  403s
  2637  1021 -573.24270   36    2 -465.31999 -577.75195  24.2%  24.4  408s
  2657  1021 -473.85999   34    - -465.31999 -577.74055  24.2%  24.5  410s
  2681  1026 -550.43417   44    3 -465.31999 -577.73443  24.2%  24.5  416s
  2723  1050 -541.88050   50    2 -465.31999 -577.60300  24.1%  24.7  426s
  2770  1040 -537.93829   56    2 -465.31999 -577.56302  24.1%  24.7  432s
  2798  1047 -554.36757   31    2 -465.31999 -577.56211  24.1%  24.9  440s
  2847  1067 -552.81218   38    2 -465.31999 -577.54632  24.1%  24.9  451s
  2897  1102 -569.30873   39    2 -465.31999 -577.40611  24.1%  25.0  460s
  2963  1090 -527.76278   54    2 -465.31999 -577.36646  24.1%  25.0  466s
  3002  1097     cutoff   57      -465.31999 -577.26295  24.1%  25.2  475s
  3046  1109 -550.07419   37    3 -465.31999 -577.15761  24.0%  25.3  483s
  3065  1107     cutoff   58      -465.31999 -577.13900  24.0%  25.4  485s
  3077  1114 -548.53141   43    3 -465.31999 -577.11576  24.0%  25.4  490s
  3117  1130 -518.86272   48    2 -465.31999 -577.06668  24.0%  25.7  499s
  3145  1129 -528.22955   43    3 -465.31999 -576.94154  24.0%  25.7  502s
  3176  1130 -513.69606   57    2 -465.31999 -576.90032  24.0%  25.6  511s
  3212  1133 -493.23759   54    3 -465.31999 -576.87381  24.0%  25.6  517s
  3226  1142     cutoff   58      -465.31999 -576.83322  24.0%  25.6  524s
  3252  1144 -478.95999   27    - -465.31999 -576.83191  24.0%  25.9  530s
  3299  1152 -538.51486   35    2 -465.31999 -576.80530  24.0%  25.9  543s
  3326  1154 -548.96363   37    4 -465.31999 -576.77795  24.0%  26.0  547s
  3352  1174 -533.10272   50    3 -465.31999 -576.73535  23.9%  26.1  556s
  3381  1172 -545.86712   43    3 -465.31999 -576.65630  23.9%  26.1  560s
  3409  1197 -497.97680   54    2 -465.31999 -576.63328  23.9%  26.1  569s
  3473  1193     cutoff   58      -465.31999 -576.57769  23.9%  26.1  579s
  3503  1191 -567.08206   54    2 -465.31999 -576.47482  23.9%  26.2  583s
  3530  1207 -551.41831   42    3 -465.31999 -576.36772  23.9%  26.2  591s
  3587  1212 -551.40893   43    3 -465.31999 -576.12063  23.8%  26.2  606s
  3635  1233 -519.72813   49    2 -465.31999 -576.00619  23.8%  26.5  618s
  3712  1255     cutoff   57      -465.31999 -575.88997  23.8%  26.4  633s
  3738  1254 -550.90899   49    2 -465.31999 -575.84851  23.8%  26.5  637s
  3777  1257     cutoff   58      -465.31999 -575.82562  23.7%  26.4  645s
  3856  1264 -550.34267   47    3 -465.31999 -575.76721  23.7%  26.4  665s
  3924  1285 -515.79761   57    2 -465.31999 -575.59422  23.7%  26.6  680s
  3990  1305     cutoff   58      -465.31999 -575.45667  23.7%  26.7  695s
  4064  1305     cutoff   38      -465.31999 -575.39881  23.7%  26.8  710s
  4101  1307     cutoff   57      -465.31999 -575.21935  23.6%  26.8  716s
  4149  1326 -522.84500   46    2 -465.31999 -575.20920  23.6%  26.8  729s
  4204  1322     cutoff   57      -465.31999 -575.19387  23.6%  26.8  735s
  4235  1327     cutoff   47      -465.31999 -575.08830  23.6%  26.8  749s
  4294  1358 -529.98181   56    2 -465.31999 -575.06229  23.6%  26.9  766s
  4388  1403     cutoff   57      -465.31999 -574.95328  23.6%  27.0  785s
  4477  1455 -495.28950   57    2 -465.31999 -574.84117  23.5%  27.0  802s
  4547  1471     cutoff   58      -465.31999 -574.73129  23.5%  27.0  819s
  4602  1513 -550.58511   43    3 -465.31999 -574.51542  23.5%  27.2  837s
  4683  1561 -521.26352   49    2 -465.31999 -574.39766  23.4%  27.3  854s
  4723  1572 -548.12457   44    2 -465.31999 -574.32380  23.4%  27.3  858s
  4776  1597     cutoff   58      -465.31999 -574.25377  23.4%  27.2  873s
  4857  1638 -541.06489   50    2 -465.31999 -574.11660  23.4%  27.2  896s
  4946  1692 -547.61930   38    2 -465.31999 -573.98589  23.4%  27.2  918s
  5041  1729 -544.21986   45    3 -465.31999 -573.84833  23.3%  27.3  942s
  5087  1744     cutoff   58      -465.31999 -573.71468  23.3%  27.3  948s
  5126  1772 -508.45379   55    2 -465.31999 -573.63844  23.3%  27.4  967s
  5215  1819     cutoff   29      -465.31999 -573.59433  23.3%  27.5  990s
  5299  1867 -539.96866   50    3 -465.31999 -573.43305  23.2%  27.5 1018s
  5435  1920 -529.82897   56    2 -465.31999 -573.13826  23.2%  27.4 1053s
  5560  1955     cutoff   57      -465.31999 -573.00503  23.1%  27.3 1085s
  5606  1973     cutoff   58      -465.31999 -572.66178  23.1%  27.4 1092s
  5663  2000 -550.37013   46    4 -465.31999 -572.65958  23.1%  27.5 1118s
  5700  2015 -535.33354   55    2 -465.31999 -572.53821  23.0%  27.5 1123s
  5750  2056 -519.02434   51    2 -465.31999 -572.52331  23.0%  27.5 1147s
  5868  2125     cutoff   58      -465.31999 -572.36017  23.0%  27.5 1177s
  5983  2187 -481.68163   57    2 -465.31999 -572.21648  23.0%  27.5 1206s
  6134  2226     cutoff   58      -465.31999 -572.07030  22.9%  27.5 1240s
  6202  2255 -502.82401   57    2 -465.31999 -571.73012  22.9%  27.5 1250s
  6277  2292 -516.16176   55    2 -465.31999 -571.72331  22.9%  27.5 1280s
  6380  2361 -545.69446   38    2 -465.31999 -571.52214  22.8%  27.6 1310s
  6458  2390 -540.09463   48    2 -465.31999 -571.43949  22.8%  27.5 1321s
  6537  2450 -533.97857   56    2 -465.31999 -571.43677  22.8%  27.5 1350s
  6660  2480     cutoff   57      -465.31999 -571.27015  22.8%  27.5 1381s
  6835  2535     cutoff   57      -465.31999 -571.09515  22.7%  27.5 1422s
  6896  2555     cutoff   58      -465.31999 -570.94642  22.7%  27.5 1430s
  6956  2597     cutoff   57      -465.31999 -570.86850  22.7%  27.5 1462s
  6999  2613 -529.26617   51    2 -465.31999 -570.66399  22.6%  27.6 1468s
  7100  2649 -540.57267   50    - -465.31999 -570.65074  22.6%  27.5 1500s
  7158  2665     cutoff   57      -465.31999 -570.34042  22.6%  27.5 1506s
  7220  2703 -536.87524   56    2 -465.31999 -570.29611  22.6%  27.5 1535s
  7350  2775 -497.71116   57    - -465.31999 -570.18279  22.5%  27.5 1571s
  7497  2809     cutoff   57      -465.31999 -569.91884  22.5%  27.4 1607s
  7649  2860     cutoff   57      -465.31999 -569.69997  22.4%  27.5 1645s
  7727  2886     cutoff   57      -465.31999 -569.59814  22.4%  27.5 1655s
  7798  2925     cutoff   58      -465.31999 -569.42448  22.4%  27.4 1684s
  7866  2942 -502.91577   53    2 -465.31999 -569.25390  22.3%  27.4 1690s
  7958  2980     cutoff   57      -465.31999 -569.24601  22.3%  27.4 1719s
  8113  3032     cutoff   57      -465.31999 -568.93143  22.3%  27.4 1759s
  8294  3084 -512.68074   44    2 -465.31999 -568.36924  22.1%  27.3 1802s
  8375  3117 -534.50810   52    2 -465.31999 -568.22574  22.1%  27.3 1814s
  8460  3140     cutoff   58      -465.31999 -568.07327  22.1%  27.2 1842s
  8529  3161 -532.05063   56    2 -465.31999 -567.75006  22.0%  27.2 1850s
  8620  3183     cutoff   57      -465.31999 -567.73860  22.0%  27.2 1884s
  8707  3208     cutoff   57      -465.31999 -567.40194  21.9%  27.2 1893s
  8795  3227 -548.87305   38    2 -465.31999 -567.24771  21.9%  27.2 1927s
  8972  3287 -536.69299   45    2 -465.31999 -566.93981  21.8%  27.1 1970s
  9055  3315     cutoff   58      -465.31999 -566.22520  21.7%  27.1 1979s
  9160  3326     cutoff   57      -465.31999 -566.21715  21.7%  27.1 2010s
  9250  3352     cutoff   57      -465.31999 -565.95656  21.6%  27.0 2020s
  9359  3384     cutoff   57      -465.31999 -565.86585  21.6%  27.0 2056s
  9576  3426     cutoff   57      -465.31999 -565.41390  21.5%  26.9 2106s
  9770  3473     cutoff   57      -465.31999 -564.23708  21.3%  26.8 2146s
  9934  3493     cutoff   57      -465.31999 -563.54291  21.1%  26.8 2183s
 10026  3519 -533.71431   48    2 -465.31999 -563.03873  21.0%  26.7 2192s
 10057  3525     cutoff   57      -465.31999 -562.92776  21.0%  26.8 2219s
 10118  3544     cutoff   57      -465.31999 -562.66786  20.9%  26.8 2225s
 10208  3582 -508.37050   57    2 -465.31999 -560.84315  20.5%  26.7 2257s
 10268  3609     cutoff   58      -465.31999 -560.81688  20.5%  26.8 2293s
 10310  3621 -467.01999   26    - -465.31999 -560.51392  20.5%  26.8 2298s
 10354  3653 -558.48723   28    3 -465.31999 -560.48426  20.5%  26.8 2334s
 10431  3687     cutoff   52      -465.31999 -560.33929  20.4%  26.8 2373s
 10475  3699     cutoff   57      -465.31999 -560.22103  20.4%  26.9 2378s
 10510  3760 -522.16223   56    2 -465.31999 -560.21594  20.4%  26.9 2412s
 10558  3775 -534.77427   41    3 -465.31999 -560.10100  20.4%  26.9 2417s
 10626  3803     cutoff   57      -465.31999 -560.07404  20.4%  26.8 2451s
 10703  3826     cutoff   57      -465.31999 -559.93327  20.3%  26.9 2480s
 10742  3848 -537.75876   32    - -465.31999 -559.91332  20.3%  27.0 2522s
 10852  3911     cutoff   57      -465.31999 -559.84254  20.3%  27.0 2567s
 10936  3945 -517.55078   50    2 -465.31999 -559.77909  20.3%  27.0 2602s
 10977  3953 -486.96597   56    2 -465.31999 -559.71546  20.3%  27.0 2605s
 11018  3971     cutoff   57      -465.31999 -559.57915  20.3%  27.1 2638s
 11116  4015     cutoff   58      -465.31999 -559.44984  20.2%  27.1 2683s
 11155  4025 -532.75269   40    2 -465.31999 -559.36568  20.2%  27.1 2687s
 11219  4062 -520.65153   56    2 -465.31999 -559.33897  20.2%  27.1 2728s
 11296  4109     cutoff   57      -465.31999 -559.28285  20.2%  27.2 2769s
 11315  4116     cutoff   58      -465.31999 -559.22091  20.2%  27.2 2772s
 11355  4146 -535.87123   37    2 -465.31999 -559.20287  20.2%  27.2 2803s
 11420  4164 -556.61251   30    4 -465.31999 -559.16696  20.2%  27.2 2810s
 11477  4195 -522.74903   57    2 -465.31999 -559.09560  20.2%  27.2 2845s
 11537  4244     cutoff   31      -465.31999 -559.04281  20.1%  27.2 2893s
 11645  4327 -534.03492   42    3 -465.31999 -558.97029  20.1%  27.2 2935s
 11765  4374     cutoff   57      -465.31999 -558.90870  20.1%  27.2 2985s
 11853  4444     cutoff   58      -465.31999 -558.87964  20.1%  27.2 3027s
 11916  4455 -484.96028   58    2 -465.31999 -558.86548  20.1%  27.2 3032s
 11967  4490 -501.74529   58    2 -465.31999 -558.77249  20.1%  27.2 3071s
 12043  4546     cutoff   59      -465.31999 -558.75272  20.1%  27.2 3111s
 12103  4555 -487.45175   58    2 -465.31999 -558.71373  20.1%  27.2 3115s
 12141  4597 -545.12431   55    2 -465.31999 -558.68669  20.1%  27.3 3154s
 12190  4608 -480.40270   47    2 -465.31999 -558.63470  20.1%  27.2 3158s
 12239  4617     cutoff   56      -465.31999 -558.62996  20.1%  27.2 3195s
 12339  4671 -493.18063   58    2 -465.31999 -558.59387  20.0%  27.3 3245s
 12416  4719     cutoff   59      -465.31999 -558.57297  20.0%  27.3 3286s
 12497  4766 -537.39852   37    2 -465.31999 -558.53781  20.0%  27.3 3329s
 12582  4800 -531.38797   40    2 -465.31999 -558.49791  20.0%  27.4 3372s
 12669  4847     cutoff   57      -465.31999 -558.46646  20.0%  27.4 3421s
 12724  4858 -538.04760   26    2 -465.31999 -558.43334  20.0%  27.4 3425s
 12762  4881     cutoff   57      -465.31999 -558.41384  20.0%  27.4 3466s
 12825  4955     cutoff   33      -465.31999 -558.39788  20.0%  27.5 3512s
 12926  4994 -522.82617   37    2 -465.31999 -558.37587  20.0%  27.4 3557s
 12989  5020 -501.79965   58    2 -465.31999 -558.34280  20.0%  27.4 3570s
 13050  5034 -543.04581   56    2 -465.31999 -558.34270  20.0%  27.4 3617s
 13103  5106 -535.91554   36    2 -465.31999 -558.31920  20.0%  27.5 3660s
 13175  5125 -533.75492   39    3 -465.31999 -558.31124  20.0%  27.5 3667s
 13239  5180 -522.73114   57    2 -465.31999 -558.30568  20.0%  27.4 3706s
 13307  5191 -523.41606   57    2 -465.31999 -558.29305  20.0%  27.4 3711s
 13349  5215     cutoff   58      -465.31999 -558.28985  20.0%  27.4 3762s
 13392  5228     cutoff   58      -465.31999 -558.23314  20.0%  27.4 3767s
 13452  5285 -487.94980   58    2 -465.31999 -558.22054  20.0%  27.4 3815s
 13551  5344 -535.17450   40    2 -465.31999 -558.16887  20.0%  27.5 3868s
 13609  5355     cutoff   56      -465.31999 -558.13875  19.9%  27.4 3873s
 13662  5415 -524.41228   57    2 -465.31999 -558.11516  19.9%  27.4 3913s
 13765  5456     cutoff   58      -465.31999 -558.07222  19.9%  27.4 3961s
 13820  5465 -519.16275   57    2 -465.31999 -558.04139  19.9%  27.4 3965s
 13850  5497 -496.64660   57    2 -465.31999 -558.02902  19.9%  27.5 4011s
 13945  5551 -484.89601   58    2 -465.31999 -557.97116  19.9%  27.5 4064s
 14020  5612 -535.11057   40    3 -465.31999 -557.94246  19.9%  27.5 4110s
 14079  5627 -524.64754   56    2 -465.31999 -557.93310  19.9%  27.5 4117s
 14136  5664 -524.95944   57    2 -465.31999 -557.91908  19.9%  27.5 4159s
 14192  5670 -511.89217   57    2 -465.31999 -557.86177  19.9%  27.5 4162s
 14235  5727     cutoff   58      -465.31999 -557.83625  19.9%  27.5 4205s
 14290  5742     cutoff   58      -465.31999 -557.80654  19.9%  27.5 4211s
 14356  5799 -490.38748   58    2 -465.31999 -557.80582  19.9%  27.5 4251s
 14464  5854     cutoff   57      -465.31999 -557.76286  19.9%  27.4 4305s
 14522  5869     cutoff   58      -465.31999 -557.71963  19.9%  27.4 4310s
 14579  5898     cutoff   58      -465.31999 -557.70975  19.9%  27.4 4355s
 14641  5914 -520.91545   57    2 -465.31999 -557.66843  19.8%  27.4 4361s
 14678  5939 -487.29404   58    2 -465.31999 -557.61822  19.8%  27.4 4407s
 14713  5952     cutoff   58      -465.31999 -557.56290  19.8%  27.5 4412s
 14770  6019 -532.20084   43    3 -465.31999 -557.55865  19.8%  27.5 4452s
 14890  6043 -519.22306   57    2 -465.31999 -557.52433  19.8%  27.4 4508s
 14927  6053     cutoff   58      -465.31999 -557.52050  19.8%  27.4 4513s
 14979  6097 -524.41360   39    4 -465.31999 -557.52050  19.8%  27.5 4562s
 15067  6115     cutoff   57      -465.31999 -557.50091  19.8%  27.5 4608s
 15147  6171 -504.97239   57    2 -465.31999 -557.46277  19.8%  27.5 4660s
 15223  6230     cutoff   32      -465.31999 -557.41199  19.8%  27.5 4711s
 15299  6253     cutoff   58      -465.31999 -557.39430  19.8%  27.5 4719s
 15357  6268 -557.13901   47   21 -465.31999 -557.39430  19.8%  27.5 4793s
 15359  6269 -522.69591   38   26 -465.31999 -557.39430  19.8%  27.5 5528s
 15360  6270 -543.23708   43   18 -465.31999 -557.39430  19.8%  27.5 5555s
 15361  6271 -536.88101   32   17 -465.31999 -557.39430  19.8%  27.5 5565s
 15362  6271 -547.21413   40   14 -465.31999 -557.39430  19.8%  27.5 5570s
 15363  6272 -502.62401   42   13 -465.31999 -557.39430  19.8%  27.5 5575s
 15364  6273 -527.73583   48   12 -465.31999 -557.39430  19.8%  27.4 5580s
 15366  6274 -552.10316   38   15 -465.31999 -557.39430  19.8%  27.4 5588s
 15367  6275 -535.05910   50   16 -465.31999 -557.39430  19.8%  27.4 5592s
 15368  6275 -539.95718   43   16 -465.31999 -557.39430  19.8%  27.4 5596s
 15369  6276 -534.88457   47   13 -465.31999 -557.39430  19.8%  27.4 5601s
 15370  6277 -524.47292   54   14 -465.31999 -557.39430  19.8%  27.4 5605s
 15372  6278 -491.70936   54   16 -465.31999 -557.39430  19.8%  27.4 5614s
 15373  6279 -539.53797   29   16 -465.31999 -557.39430  19.8%  27.4 5628s
 15374  6279 -530.18709   53   13 -465.31999 -557.39430  19.8%  27.4 5644s
 15375  6280 -540.70845   49   14 -465.31999 -557.39430  19.8%  27.4 5658s
 15376  6281 -535.21695   49   14 -465.31999 -557.39430  19.8%  27.4 5674s
 15377  6281 -527.76256   50   13 -465.31999 -557.39430  19.8%  27.4 5691s
 15378  6282 -520.74190   40   16 -465.31999 -557.39430  19.8%  27.4 5713s
 15379  6283 -537.79285   38   17 -465.31999 -557.39430  19.8%  27.4 5728s
 15380  6283 -535.29071   36   17 -465.31999 -557.39430  19.8%  27.4 5747s
 15381  6284 -501.71319   49   16 -465.31999 -557.39430  19.8%  27.4 5763s
 15382  6285 -514.02656   42   17 -465.31999 -557.39430  19.8%  27.4 5782s
 15383  6285 -549.66356   40   16 -465.31999 -557.39430  19.8%  27.4 5797s
 15384  6286 -516.31859   56   16 -465.31999 -557.39430  19.8%  27.4 5815s
 15385  6287 -514.19380   40   15 -465.31999 -557.39430  19.8%  27.4 5830s
 15386  6287 -535.43007   30   17 -465.31999 -557.39430  19.8%  27.4 5850s
 15387  6288 -537.88252   32   16 -465.31999 -557.39430  19.8%  27.4 5866s
 15388  6289 -521.28274   45   16 -465.31999 -557.39430  19.8%  27.4 5884s
 15389  6289 -537.71479   40   18 -465.31999 -557.39430  19.8%  27.4 5900s
 15390  6290 -538.57922   33   17 -465.31999 -557.39430  19.8%  27.4 5950s
 15391  6291 -538.87322   25   17 -465.31999 -557.39430  19.8%  27.4 5969s
 15393  6295 -557.39430   31   14 -465.31999 -557.39430  19.8%  27.5 6077s
 15395  6296 -557.39430   32   18 -465.31999 -557.39430  19.8%  27.5 6137s
 15397  6296 -557.39430   32    9 -465.31999 -557.39430  19.8%  27.5 6165s
 15399  6297 -557.39430   33   14 -465.31999 -557.39430  19.8%  27.5 6204s
 15401  6298 -557.39430   33   19 -465.31999 -557.39430  19.8%  27.5 6261s
 15403  6300 -557.39430   34   17 -465.31999 -557.39430  19.8%  27.5 6296s
 15405  6298     cutoff   34      -465.31999 -557.39430  19.8%  27.5 6305s
 15408  6300 -557.39430   35   16 -465.31999 -557.39430  19.8%  27.6 6327s
 15411  6302 -557.39430   36   16 -465.31999 -557.39430  19.8%  27.6 6339s
 15414  6303     cutoff   36      -465.31999 -557.39430  19.8%  27.6 6368s
 15418  6304     cutoff   37      -465.31999 -557.39430  19.8%  27.6 6384s
 15422  6304     cutoff   38      -465.31999 -557.39430  19.8%  27.6 6405s
 15426  6306     cutoff   39      -465.31999 -557.39430  19.8%  27.6 6433s
 15431  6306     cutoff   40      -465.31999 -557.39430  19.8%  27.6 6461s
 15437  6309 -557.39430   42   15 -465.31999 -557.39430  19.8%  27.6 6479s
 15442  6313     cutoff   42      -465.31999 -557.39430  19.8%  27.7 6505s
 15449  6315     cutoff   43      -465.31999 -557.39430  19.8%  27.7 6526s
 15456  6320     cutoff   44      -465.31999 -557.39430  19.8%  27.7 6545s
 15465  6324     cutoff   45      -465.31999 -557.39430  19.8%  27.7 6566s
 15474  6324     cutoff   46      -465.31999 -557.39430  19.8%  27.7 6584s
 15481  6327 -557.39430   48   12 -465.31999 -557.39430  19.8%  27.7 6608s
 15488  6328     cutoff   49      -465.31999 -557.39430  19.8%  27.7 6631s
 15496  6331     cutoff   51      -465.31999 -557.39430  19.8%  27.7 6648s
 15511  6330     cutoff   56      -465.31999 -557.39430  19.8%  27.8 6661s
 15528  6324     cutoff   60      -465.31999 -557.39430  19.8%  27.8 6676s
 15548  6336 infeasible   70      -465.31999 -557.39430  19.8%  27.8 6696s
 15570  6351 -557.39430   49    7 -465.31999 -557.39430  19.8%  27.8 6714s
 15592  6362 -557.39430   65    6 -465.31999 -557.39430  19.8%  27.8 6734s
 15622  6377 -557.39430   36   15 -465.31999 -557.39430  19.8%  27.9 6752s
 15645  6397 -557.39430   47   10 -465.31999 -557.39430  19.8%  27.9 6766s
 15673  6405 -557.39430   61    5 -465.31999 -557.39430  19.8%  27.9 6784s
 15696  6399 -557.39430   62    2 -465.31999 -557.39430  19.8%  27.9 6785s
 15718  6395 -517.37685   71    2 -465.31999 -557.39430  19.8%  27.9 6802s
 15747  6419     cutoff   72      -465.31999 -557.39430  19.8%  27.9 6821s
 15782  6439 -557.39430   59    3 -465.31999 -557.39430  19.8%  27.9 6841s
 15836  6446 -557.39430   42    3 -465.31999 -557.39430  19.8%  27.9 6864s
 15869  6450     cutoff   49      -465.31999 -557.39430  19.8%  28.0 6885s
 15905  6453 -553.16518   55    3 -465.31999 -557.39430  19.8%  28.0 6906s
 15966  6447 -524.63820   59    2 -465.31999 -557.39430  19.8%  28.0 6927s
 16001  6446     cutoff   72      -465.31999 -557.39430  19.8%  28.0 6952s
 16020  6466 -500.77574   72    2 -465.31999 -557.39430  19.8%  28.0 6978s
 16067  6469     cutoff   73      -465.31999 -557.39430  19.8%  28.0 7004s
 16112  6499 -557.39430   48    3 -465.31999 -557.39430  19.8%  28.0 7034s
 16170  6511 -518.52911   70    2 -465.31999 -557.39430  19.8%  28.0 7059s
 16210  6504 -521.59865   72    2 -465.31999 -557.39430  19.8%  28.0 7061s
 16221  6515 -518.67925   72    - -465.31999 -557.39430  19.8%  28.0 7086s
 16256  6556 -518.66644   72    2 -465.31999 -557.39430  19.8%  28.1 7110s
 16331  6539     cutoff   73      -465.31999 -557.39430  19.8%  28.0 7138s
 16354  6568 -555.39808   39    3 -465.31999 -557.39430  19.8%  28.1 7173s
 16382  6565     cutoff   44      -465.31999 -557.39430  19.8%  28.1 7175s
 16419  6560 -533.89371   43    2 -465.31999 -557.39430  19.8%  28.1 7188s

Cutting planes:
  MIR: 61
  Flow cover: 19
  Lazy constraints: 6100

Explored 16437 nodes (464472 simplex iterations) in 7190.84 seconds
Thread count was 4 (of 4 available processors)

Solution count 10: -465.32 -443.5 -439.4 ... -398.56

Time limit reached
Best objective -4.653199882023e+02, best bound -5.573942999123e+02, gap 19.7873%

User-callback calls 284332, time in user-callback 1621.27 sec
