
Gurobi 8.1.1 (win64) logging started 07/07/20 05:22:40

Changed value of parameter LogFile to Results/sslp2_50_40_50_BendersBnC.log
   Prev: gurobi.log  Default: 
Changed value of parameter Heuristics to 0.0
   Prev: 0.05  Min: 0.0  Max: 1.0  Default: 0.05
Changed value of parameter lazyConstraints to 1
   Prev: 0  Min: 0  Max: 1  Default: 0
Changed value of parameter timeLimit to 7187.066509962082
   Prev: 1e+100  Min: 0.0  Max: 1e+100  Default: 1e+100
Optimize a model with 741 rows, 100 columns and 23412 nonzeros
Variable types: 50 continuous, 50 integer (50 binary)
Coefficient statistics:
  Matrix range     [2e-13, 7e+05]
  Objective range  [2e-02, 8e+01]
  Bounds range     [1e+00, 1e+00]
  RHS range        [1e-13, 6e+03]
Warning: Model contains large matrix coefficient range
         Consider reformulating model or setting NumericFocus parameter
         to avoid numerical issues.
Presolve removed 53 rows and 0 columns
Presolve time: 0.08s
Presolved: 688 rows, 100 columns, 23302 nonzeros
Variable types: 50 continuous, 50 integer (50 binary)

Root relaxation: objective -4.330274e+02, 149 iterations, 0.03 seconds

    Nodes    |    Current Node    |     Objective Bounds      |     Work
 Expl Unexpl |  Obj  Depth IntInf | Incumbent    BestBd   Gap | It/Node Time

     0     0 -433.02740    0   16          - -433.02740      -     -    0s
     0     0 -432.52484    0   16          - -432.52484      -     -    0s
     0     0 -432.18774    0   15          - -432.18774      -     -    0s
     0     0 -431.81443    0   13          - -431.81443      -     -    0s
     0     0 -431.64098    0   15          - -431.64098      -     -    0s
     0     0 -431.48571    0   13          - -431.48571      -     -    0s
     0     0 -431.33274    0   13          - -431.33274      -     -    0s
     0     0 -431.16181    0   14          - -431.16181      -     -    0s
     0     0 -431.02031    0   15          - -431.02031      -     -    0s
     0     0 -430.97694    0   14          - -430.97694      -     -    0s
     0     0 -430.86980    0   12          - -430.86980      -     -    0s
     0     0 -430.76063    0   11          - -430.76063      -     -    0s
     0     0 -430.67343    0   12          - -430.67343      -     -    0s
     0     0 -430.55800    0   11          - -430.55800      -     -    0s
     0     0 -430.46267    0   12          - -430.46267      -     -    0s
     0     0 -430.39180    0   12          - -430.39180      -     -    0s
     0     0 -430.29842    0   12          - -430.29842      -     -    0s
     0     0 -430.24065    0   11          - -430.24065      -     -    0s
     0     0 -430.11353    0   11          - -430.11353      -     -    0s
     0     0 -430.00770    0   11          - -430.00770      -     -    0s
     0     0 -429.89657    0   10          - -429.89657      -     -    0s
     0     0 -429.82229    0   10          - -429.82229      -     -    0s
     0     0 -429.77071    0   10          - -429.77071      -     -    0s
     0     0 -429.67141    0   11          - -429.67141      -     -    0s
     0     0 -429.58125    0    9          - -429.58125      -     -    0s
     0     0 -429.51062    0   11          - -429.51062      -     -    0s
     0     0 -429.46220    0   11          - -429.46220      -     -    0s
     0     0 -429.45843    0   11          - -429.45843      -     -    0s
     0     0 -429.42428    0   12          - -429.42428      -     -    0s
     0     0 -429.39469    0   10          - -429.39469      -     -    0s
     0     0 -429.38363    0   10          - -429.38363      -     -    1s
     0     0 -429.37672    0   11          - -429.37672      -     -    1s
     0     0 -429.35491    0   11          - -429.35491      -     -    1s
     0     0 -429.27924    0   10          - -429.27924      -     -    1s
     0     0 -429.21930    0   10          - -429.21930      -     -    1s
     0     0 -429.17043    0   10          - -429.17043      -     -    1s
     0     0 -429.12158    0   11          - -429.12158      -     -    1s
     0     0 -429.08854    0   10          - -429.08854      -     -    1s
     0     0 -429.08684    0    8          - -429.08684      -     -    1s
     0     0 -429.03910    0    9          - -429.03910      -     -    1s
     0     0 -429.02134    0    9          - -429.02134      -     -    1s
     0     0 -428.94968    0    9          - -428.94968      -     -    1s
     0     0 -428.87568    0    7          - -428.87568      -     -    1s
     0     0 -428.86937    0    9          - -428.86937      -     -    1s
     0     0 -428.85954    0    8          - -428.85954      -     -    1s
     0     0 -428.81883    0    7          - -428.81883      -     -    1s
     0     0 -428.80918    0    7          - -428.80918      -     -    1s
     0     0 -428.72591    0    6          - -428.72591      -     -    1s
     0     0 -428.72208    0    7          - -428.72208      -     -    1s
     0     0 -428.70307    0    7          - -428.70307      -     -    1s
     0     0 -428.66034    0    7          - -428.66034      -     -    1s
     0     0 -428.65478    0    7          - -428.65478      -     -    1s
     0     0 -428.61166    0    7          - -428.61166      -     -    1s
     0     0 -428.60398    0    8          - -428.60398      -     -    1s
     0     0 -428.60320    0    7          - -428.60320      -     -    1s
     0     0 -428.58558    0    7          - -428.58558      -     -    1s
     0     0 -428.58181    0    8          - -428.58181      -     -    1s
     0     0 -428.57983    0    8          - -428.57983      -     -    1s
     0     0 -428.57672    0    8          - -428.57672      -     -    1s
     0     0 -428.56708    0    8          - -428.56708      -     -    1s
     0     0 -428.56487    0    7          - -428.56487      -     -    1s
     0     0 -428.55961    0    8          - -428.55961      -     -    1s
     0     0 -428.55951    0    8          - -428.55951      -     -    1s
     0     0 -428.48534    0    7          - -428.48534      -     -    1s
     0     0 -428.43759    0    9          - -428.43759      -     -    1s
     0     0 -428.40282    0    8          - -428.40282      -     -    1s
     0     0 -428.34095    0    9          - -428.34095      -     -    1s
     0     0 -428.30412    0    9          - -428.30412      -     -    1s
     0     0 -428.27263    0    9          - -428.27263      -     -    2s
     0     0 -428.25356    0   10          - -428.25356      -     -    2s
     0     0 -428.21657    0    8          - -428.21657      -     -    2s
     0     0 -428.18349    0    9          - -428.18349      -     -    2s
     0     0 -428.16850    0    9          - -428.16850      -     -    2s
     0     0 -428.16545    0    9          - -428.16545      -     -    2s
     0     0 -428.12672    0    8          - -428.12672      -     -    2s
     0     0 -428.12627    0    8          - -428.12627      -     -    2s
     0     0 -428.11471    0    6          - -428.11471      -     -    2s
     0     0 -428.08049    0    7          - -428.08049      -     -    2s
     0     0 -428.04273    0    6          - -428.04273      -     -    2s
     0     0 -428.03126    0    8          - -428.03126      -     -    2s
     0     0 -428.01073    0    8          - -428.01073      -     -    2s
     0     0 -428.00167    0    8          - -428.00167      -     -    2s
     0     0 -427.99895    0   10          - -427.99895      -     -    2s
     0     0 -427.98188    0    6          - -427.98188      -     -    2s
     0     0 -427.96156    0    7          - -427.96156      -     -    2s
     0     0 -427.95463    0    8          - -427.95463      -     -    2s
     0     0 -427.92765    0    9          - -427.92765      -     -    2s
     0     0 -427.91916    0    9          - -427.91916      -     -    2s
     0     0 -427.91538    0   10          - -427.91538      -     -    2s
     0     0 -427.87887    0    8          - -427.87887      -     -    2s
     0     0 -427.87345    0    9          - -427.87345      -     -    2s
     0     0 -427.86694    0    9          - -427.86694      -     -    2s
     0     0 -427.83068    0    8          - -427.83068      -     -    2s
     0     0 -427.81754    0    7          - -427.81754      -     -    2s
     0     0 -427.81543    0    7          - -427.81543      -     -    2s
     0     0 -427.80997    0    9          - -427.80997      -     -    2s
     0     0 -427.79951    0    7          - -427.79951      -     -    2s
     0     0 -427.79858    0   10          - -427.79858      -     -    2s
     0     0 -427.74186    0    7          - -427.74186      -     -    2s
     0     0 -427.72798    0    7          - -427.72798      -     -    2s
     0     0 -427.70385    0    7          - -427.70385      -     -    2s
     0     0 -427.67240    0    7          - -427.67240      -     -    2s
     0     0 -427.66108    0    7          - -427.66108      -     -    2s
     0     0 -427.64106    0    6          - -427.64106      -     -    2s
     0     0 -427.60675    0    6          - -427.60675      -     -    2s
     0     0 -427.58965    0    6          - -427.58965      -     -    3s
     0     0 -427.58545    0    7          - -427.58545      -     -    3s
     0     0 -427.56300    0    8          - -427.56300      -     -    3s
     0     0 -427.55930    0    8          - -427.55930      -     -    3s
     0     0 -427.55825    0    8          - -427.55825      -     -    3s
     0     0 -427.53303    0    7          - -427.53303      -     -    3s
     0     0 -427.53261    0    8          - -427.53261      -     -    3s
     0     0 -427.49059    0    6          - -427.49059      -     -    3s
     0     0 -427.48922    0    7          - -427.48922      -     -    3s
     0     0 -427.47164    0    6          - -427.47164      -     -    3s
     0     0 -427.44430    0    6          - -427.44430      -     -    3s
     0     0 -427.42448    0    8          - -427.42448      -     -    3s
     0     0 -427.42263    0    8          - -427.42263      -     -    3s
     0     0 -427.39541    0    8          - -427.39541      -     -    3s
     0     0 -427.38880    0    8          - -427.38880      -     -    3s
     0     0 -427.37326    0    9          - -427.37326      -     -    3s
     0     0 -427.37055    0    9          - -427.37055      -     -    3s
     0     0 -427.37028    0    9          - -427.37028      -     -    3s
     0     0 -427.31912    0    6          - -427.31912      -     -    3s
     0     0 -427.26857    0    7          - -427.26857      -     -    3s
     0     0 -427.25611    0    5          - -427.25611      -     -    3s
     0     0 -427.25060    0    6          - -427.25060      -     -    3s
     0     0 -427.24161    0    8          - -427.24161      -     -    3s
     0     0 -427.24003    0    8          - -427.24003      -     -    3s
     0     0 -427.23983    0    8          - -427.23983      -     -    3s
     0     0 -427.23462    0    8          - -427.23462      -     -    3s
     0     0 -427.21784    0    7          - -427.21784      -     -    3s
     0     0 -427.21168    0    6          - -427.21168      -     -    3s
     0     0 -427.21161    0    7          - -427.21161      -     -    3s
     0     0 -427.20144    0    8          - -427.20144      -     -    3s
     0     0 -427.19454    0    7          - -427.19454      -     -    3s
     0     0 -427.19222    0    8          - -427.19222      -     -    3s
     0     0 -427.19218    0    8          - -427.19218      -     -    3s
     0     0 -427.17595    0    7          - -427.17595      -     -    4s
     0     0 -427.16938    0    7          - -427.16938      -     -    4s
     0     0 -427.16688    0    8          - -427.16688      -     -    4s
     0     0 -427.16347    0    8          - -427.16347      -     -    4s
     0     0 -427.15689    0    8          - -427.15689      -     -    4s
     0     0 -427.15452    0    9          - -427.15452      -     -    4s
     0     0 -427.14597    0    9          - -427.14597      -     -    4s
     0     0 -427.12869    0    9          - -427.12869      -     -    4s
     0     0 -427.12018    0    9          - -427.12018      -     -    4s
     0     0 -427.11401    0    8          - -427.11401      -     -    4s
     0     0 -427.09504    0    7          - -427.09504      -     -    4s
     0     0 -427.07413    0    7          - -427.07413      -     -    4s
     0     0 -427.06943    0    7          - -427.06943      -     -    4s
     0     0 -427.06389    0    7          - -427.06389      -     -    4s
     0     0 -427.06162    0    8          - -427.06162      -     -    4s
     0     0 -427.06107    0    9          - -427.06107      -     -    4s
     0     0 -427.02293    0    9          - -427.02293      -     -    4s
     0     0 -427.01340    0    7          - -427.01340      -     -    4s
     0     0 -427.00897    0    5          - -427.00897      -     -    4s
     0     0 -427.00500    0    4          - -427.00500      -     -    4s
     0     0 -427.00387    0    4          - -427.00387      -     -    4s
     0     0 -427.00272    0    5          - -427.00272      -     -    4s
     0     0 -426.99637    0    5          - -426.99637      -     -    4s
     0     0 -426.99403    0    5          - -426.99403      -     -    4s
     0     0 -426.99372    0    5          - -426.99372      -     -    4s
     0     0 -426.99372    0    5          - -426.99372      -     -    4s
     0     2 -426.99372    0    5          - -426.99372      -     -    4s
     5     4 -388.38272    2    5          - -426.92931      -  34.4    6s
    35    28 -424.71682   14   10          - -426.87018      -  24.7   10s
   111    93 -366.44303   46    -          - -426.87018      -  23.9   16s
*  123    95              50    -246.3999926 -426.76920  73.2%  23.3   20s
   138   107 -388.54111    7    3 -246.39999 -426.46331  73.1%  24.8   25s
   154   112 -343.13139   12    3 -246.39999 -426.46331  73.1%  24.5   30s
   171   124 -349.61953   48    - -246.39999 -426.46331  73.1%  24.4   35s
   193   135 -333.73037   21    2 -246.39999 -426.46331  73.1%  24.6   40s
   223   157 -317.44440   29    6 -246.39999 -426.46331  73.1%  24.8   45s
   268   189 -364.93288   46    - -246.39999 -426.46331  73.1%  24.7   51s
   280   198 -277.19080   34    4 -246.39999 -426.46331  73.1%  24.8   55s
   308   204 -384.91001    6    2 -246.39999 -426.20060  73.0%  24.8   60s
   324   210 -382.68497   10    - -246.39999 -426.20060  73.0%  24.6   66s
   339   220 -339.60162   12    5 -246.39999 -426.20060  73.0%  24.7   70s
   365   229 -371.79797   19    4 -246.39999 -426.02504  72.9%  24.5   80s
   408   248 -361.80653   36    3 -246.39999 -426.02504  72.9%  23.7   89s
   420   251 -358.19980   42    - -246.39999 -425.37864  72.6%  23.5   92s
   434   255 -313.33658   42    - -246.39999 -425.37864  72.6%  23.4   99s
   440   260 -309.62518   42    - -246.39999 -425.37864  72.6%  23.5  102s
   449   265 -302.46949   44    - -246.39999 -425.37864  72.6%  23.4  106s
   462   270 -297.99850   45    - -246.39999 -425.37864  72.6%  23.5  113s
   467   269 -298.90813   46    - -246.39999 -425.37864  72.6%  23.5  115s
   484   279 -269.18468   48    2 -246.39999 -425.37864  72.6%  23.6  122s
   488   279 -268.69226   49    - -246.39999 -425.37864  72.6%  23.6  125s
   513   281 -380.90185   13    - -246.39999 -424.95698  72.5%  23.6  130s
   531   293     cutoff   48      -246.39999 -424.95698  72.5%  23.4  136s
   556   309 -324.56655   30    - -246.39999 -424.95698  72.5%  23.5  142s
   572   321 -323.92353   34    4 -246.39999 -424.95698  72.5%  23.5  145s
   598   334 -319.96501   43    2 -246.39999 -424.95698  72.5%  23.4  150s
   626   341 -382.36171   14    4 -246.39999 -424.34041  72.2%  23.5  157s
   635   349 -276.90962   31    - -246.39999 -424.34041  72.2%  23.4  161s
   653   351 -378.41877   19    2 -246.39999 -424.34041  72.2%  23.4  166s
   669   354 -372.15805   20    - -246.39999 -424.34041  72.2%  23.2  173s
   685   356 -328.50380   23    2 -246.39999 -424.34041  72.2%  23.1  177s
   692   363 -271.94783   41    - -246.39999 -424.34041  72.2%  23.0  181s
   703   360 -283.41003   25    - -246.39999 -424.34041  72.2%  23.0  186s
   719   363 -326.19987   28    - -246.39999 -424.34041  72.2%  22.9  191s
*  727   369              50    -252.0199911 -424.34041  68.4%  22.8  196s
   749   375 -383.69255   19    7 -252.01999 -424.34041  68.4%  22.8  202s
   760   375 -381.13454   21    6 -252.01999 -424.34041  68.4%  22.7  205s
   783   377     cutoff   40      -252.01999 -423.92927  68.2%  22.6  213s
   797   385     cutoff   42      -252.01999 -423.29240  68.0%  22.6  216s
   826   400 -368.90924   26    - -252.01999 -423.21457  67.9%  22.6  222s
   838   405 -327.68064   28    4 -252.01999 -422.38004  67.6%  22.7  226s
   850   412 -325.70456   31    - -252.01999 -421.60958  67.3%  22.8  230s
   873   428 -338.85782   20    5 -252.01999 -421.60958  67.3%  22.9  238s
   890   444 -324.44360   27    3 -252.01999 -421.60958  67.3%  23.0  240s
   922   460 -360.72512   35    7 -252.01999 -421.60958  67.3%  23.2  246s
*  934   467              50    -252.8599911 -421.60958  66.7%  23.2  248s
   952   473     cutoff   50      -252.85999 -421.60958  66.7%  23.2  253s
   965   475 -374.50092   26    3 -252.85999 -421.60958  66.7%  23.4  256s
   974   474     cutoff   47      -252.85999 -419.59807  65.9%  23.4  260s
   989   480     cutoff   50      -252.85999 -419.56164  65.9%  23.4  265s
  1012   489 -367.96202   30    5 -252.85999 -418.87320  65.7%  23.5  272s
  1026   498 -357.16294   35    - -252.85999 -418.87320  65.7%  23.4  278s
  1036   499 -353.99501   39    - -252.85999 -414.63393  64.0%  23.5  282s
  1050   506 -308.83483   42    2 -252.85999 -414.12779  63.8%  23.5  289s
  1060   514 -368.56712   36    5 -252.85999 -414.12779  63.8%  23.6  294s
  1068   520 -328.75655   38    3 -252.85999 -414.12779  63.8%  23.7  296s
  1082   523 -330.29749   36    3 -252.85999 -414.12779  63.8%  23.8  300s
  1104   534 -286.89139   45    1 -252.85999 -414.12779  63.8%  24.0  305s
  1125   537 -300.52620   47    2 -252.85999 -412.62709  63.2%  24.0  311s
  1145   544     cutoff   50      -252.85999 -411.39124  62.7%  24.2  316s
  1160   548     cutoff   50      -252.85999 -396.94634  57.0%  24.3  321s
  1181   556 -365.05268   47    3 -252.85999 -396.92300  57.0%  24.5  325s
  1215   551     cutoff   50      -252.85999 -390.50618  54.4%  24.6  332s
  1225   560 -323.17356   47    2 -252.85999 -388.74869  53.7%  24.6  338s
  1239   551     cutoff   50      -252.85999 -388.74869  53.7%  24.5  345s
  1261   560 -383.11897   13    - -252.85999 -388.74869  53.7%  24.5  354s
  1274   569     cutoff   50      -252.85999 -388.74869  53.7%  24.5  356s
  1290   575 -377.81624   22    7 -252.85999 -388.74869  53.7%  24.4  364s
  1312   592 -376.80677   25    8 -252.85999 -388.74869  53.7%  24.3  370s
  1351   628 -311.73090   44    - -252.85999 -388.74869  53.7%  24.4  376s
  1372   641 -294.63904   50    - -252.85999 -387.74919  53.3%  24.3  384s
  1391   653 -254.95530   45    1 -252.85999 -387.74919  53.3%  24.3  388s
  1400   647     cutoff   50      -252.85999 -387.53897  53.3%  24.3  391s
  1427   658 -384.57756   16    4 -252.85999 -387.47289  53.2%  24.2  397s
  1446   672 -377.80762   23    7 -252.85999 -387.47289  53.2%  24.3  406s
  1468   694 -375.65736   29    6 -252.85999 -387.47289  53.2%  24.2  410s
  1495   713 -369.16585   41    3 -252.85999 -387.47289  53.2%  24.2  415s
  1512   726 -330.58178   42    3 -252.85999 -387.47289  53.2%  24.1  421s
  1524   725     cutoff   50      -252.85999 -387.39495  53.2%  24.1  426s
* 1536   735              50    -253.0599924 -387.06075  53.0%  24.1  430s
  1564   735     cutoff   50      -253.05999 -386.94435  52.9%  24.0  441s
  1583   750     cutoff   50      -253.05999 -386.89061  52.9%  24.0  445s
  1623   787 -343.27422   20    3 -253.05999 -386.74676  52.8%  23.8  451s
  1646   804 -336.77385   28    6 -253.05999 -386.74676  52.8%  23.8  456s
  1672   811 -334.96714   34    4 -253.05999 -386.74676  52.8%  23.7  465s
* 1688   791              50    -280.0599917 -386.74676  38.1%  23.7  469s
  1699   793 -327.72507   45    1 -280.05999 -386.59269  38.0%  23.7  475s
  1738   808     cutoff   46      -280.05999 -386.55949  38.0%  23.6  490s
  1769   828 -337.37222   19    1 -280.05999 -386.55949  38.0%  23.6  497s
  1798   839 -323.13651   31    6 -280.05999 -386.55949  38.0%  23.5  506s
  1831   856 -316.83006   42    2 -280.05999 -386.41823  38.0%  23.4  517s
  1855   874     cutoff   38      -280.05999 -386.39019  38.0%  23.3  525s
  1871   868     cutoff   45      -280.05999 -386.34401  38.0%  23.3  530s
  1903   882     cutoff   47      -280.05999 -386.16228  37.9%  23.3  544s
  1914   893     cutoff   47      -280.05999 -386.02678  37.8%  23.3  547s
  1927   896     cutoff   48      -280.05999 -385.89620  37.8%  23.3  553s
  1958   919     cutoff   48      -280.05999 -385.85842  37.8%  23.2  561s
  2003   959 -323.58042   44    1 -280.05999 -385.81993  37.8%  23.1  568s
  2023   975 -374.58431   38    7 -280.05999 -385.81993  37.8%  23.1  572s
  2032   971     cutoff   50      -280.05999 -385.80735  37.8%  23.1  575s
  2069   990 -337.03482   21    4 -280.05999 -385.80627  37.8%  23.1  584s
  2106  1019 -331.74351   33    5 -280.05999 -385.80627  37.8%  23.1  590s
  2130  1037 -322.02627   45    - -280.05999 -385.73473  37.7%  23.1  595s
  2151  1051 -333.47930   31    5 -280.05999 -385.73473  37.7%  23.1  601s
  2164  1066 -338.43905   19    5 -280.05999 -385.73473  37.7%  23.1  619s
  2166  1067 -332.41556   38   27 -280.05999 -385.73473  37.7%  23.1  639s
  2167  1068 -336.87109   15   27 -280.05999 -385.73473  37.7%  23.0  640s
  2169  1072 -385.73473   13   27 -280.05999 -385.73473  37.7%  23.2  672s
  2171  1074 -385.73473   14   30 -280.05999 -385.73473  37.7%  23.3  682s
  2175  1076 -385.73473   15   30 -280.05999 -385.73473  37.7%  23.4  699s
  2177  1078 -384.27931   15   17 -280.05999 -385.73473  37.7%  23.5  706s
  2179  1080 -385.73473   16   29 -280.05999 -385.73473  37.7%  23.6  714s
  2182  1078 -385.47451   16   14 -280.05999 -385.73473  37.7%  23.7  716s
  2185  1079 -385.73473   17   30 -280.05999 -385.73473  37.7%  23.8  722s
  2191  1079 -385.73473   18   28 -280.05999 -385.73473  37.7%  23.9  728s
  2195  1085 -384.68147   18   15 -280.05999 -385.73473  37.7%  24.0  733s
  2199  1085 -385.73473   19   28 -280.05999 -385.73473  37.7%  24.1  739s
  2204  1090 -385.73473   19   19 -280.05999 -385.73473  37.7%  24.2  743s
  2209  1089 -385.73473   20   27 -280.05999 -385.73473  37.7%  24.3  749s
  2214  1093 -384.11015   20   18 -280.05999 -385.73473  37.7%  24.4  753s
  2220  1095 -385.73473   21   25 -280.05999 -385.73473  37.7%  24.4  758s
  2226  1096 -385.73473   22   26 -280.05999 -385.73473  37.7%  24.5  762s
  2229  1100 -384.58117   22   15 -280.05999 -385.73473  37.7%  24.6  766s
  2235  1099 -385.73473   23   26 -280.05999 -385.73473  37.7%  24.7  771s
  2241  1102 -385.73473   24   27 -280.05999 -385.73473  37.7%  24.8  776s
  2244  1106 -384.59850   24   18 -280.05999 -385.73473  37.7%  24.9  780s
  2249  1106 -385.73473   25   26 -280.05999 -385.73473  37.7%  25.0  786s
  2254  1110 -375.68651   25    9 -280.05999 -385.73473  37.7%  25.1  790s
  2258  1110 -385.73473   26   18 -280.05999 -385.73473  37.7%  25.2  795s
  2264  1114 -384.76238   27    8 -280.05999 -385.73473  37.7%  25.3  800s
  2273  1118 -376.75670   28   12 -280.05999 -385.73473  37.7%  25.4  807s
  2285  1127 -380.39797   29    5 -280.05999 -385.73473  37.7%  25.6  812s
  2295  1127 -385.73473   31   24 -280.05999 -385.73473  37.7%  25.7  818s
  2311  1132 -367.61485   32    8 -280.05999 -385.73473  37.7%  25.9  825s
  2329  1132 -385.73473   34   22 -280.05999 -385.73473  37.7%  26.0  833s
  2341  1142 -370.89486   35    3 -280.05999 -385.73473  37.7%  26.1  836s
  2366  1151 -366.37765   38    - -280.05999 -385.73473  37.7%  26.3  843s
  2389  1162 -385.73473   40   17 -280.05999 -385.73473  37.7%  26.4  853s
  2417  1171 -371.95098   42    9 -280.05999 -385.73473  37.7%  26.6  860s
  2463  1188 -365.68721   47    5 -280.05999 -385.73473  37.7%  26.8  873s
  2500  1184 -385.73473   51   10 -280.05999 -385.73473  37.7%  26.8  890s
  2538  1197 -380.46455   54    - -280.05999 -385.73473  37.7%  26.9  908s
  2576  1200 -356.44458   60    2 -280.05999 -385.73473  37.7%  27.0  922s
  2631  1213     cutoff   62      -280.05999 -385.73473  37.7%  26.9  943s
  2692  1225 -325.39851   41    5 -280.05999 -385.33704  37.6%  26.8  962s
  2755  1230     cutoff   62      -280.05999 -385.18845  37.5%  26.7  984s
  2803  1271 -324.68615   56    4 -280.05999 -385.18845  37.5%  26.5  992s
  2836  1268 -318.47225   59    - -280.05999 -385.18845  37.5%  26.5 1005s
  2860  1278     cutoff   62      -280.05999 -385.18845  37.5%  26.4 1012s
  2874  1279 -299.19641   26    1 -280.05999 -385.18845  37.5%  26.4 1020s
  2905  1296 -335.52006   35    6 -280.05999 -385.18845  37.5%  26.4 1030s
  2923  1283 -297.86412   29    1 -280.05999 -384.57872  37.3%  26.4 1041s
  2957  1306 -331.81295   44    6 -280.05999 -384.54367  37.3%  26.4 1052s
  2978  1296 -326.25179   47    7 -280.05999 -384.47241  37.3%  26.4 1061s
  3001  1320 -316.69739   58    4 -280.05999 -384.10848  37.2%  26.4 1065s
  3021  1314     cutoff   61      -280.05999 -384.05953  37.1%  26.4 1078s
  3056  1318 -345.11825   24    8 -280.05999 -383.94779  37.1%  26.4 1092s
  3082  1325 -334.63110   27    2 -280.05999 -383.94779  37.1%  26.5 1103s
  3130  1346 -338.15624   31    4 -280.05999 -383.94779  37.1%  26.5 1116s
  3158  1366 -332.47485   34    2 -280.05999 -383.94779  37.1%  26.5 1125s
  3187  1376 -376.88129   38   14 -280.05999 -383.94779  37.1%  26.6 1133s
  3221  1393 -329.23376   41    1 -280.05999 -383.94779  37.1%  26.7 1144s
  3249  1405 -327.98181   45    2 -280.05999 -383.94779  37.1%  26.7 1151s
  3287  1420 -324.75623   51    2 -280.05999 -383.94779  37.1%  26.8 1165s
  3356  1409 -352.90984   58    4 -280.05999 -383.55954  37.0%  26.8 1194s
  3381  1418 -285.37444   30    1 -280.05999 -383.55954  37.0%  26.8 1195s
  3414  1431     cutoff   61      -280.05999 -383.37256  36.9%  26.8 1214s
  3506  1454 -338.01554   48    6 -280.05999 -383.20809  36.8%  26.6 1244s
  3542  1479     cutoff   55      -280.05999 -383.04698  36.8%  26.6 1249s
  3604  1499     cutoff   62      -280.05999 -383.02203  36.8%  26.5 1268s
  3659  1533 -322.64880   58    2 -280.05999 -382.99048  36.8%  26.4 1280s
  3733  1550 -376.23582   41   11 -280.05999 -382.96943  36.7%  26.3 1309s
  3763  1531     cutoff   42      -280.05999 -382.96443  36.7%  26.3 1322s
  3858  1596     cutoff   62      -280.05999 -382.91522  36.7%  26.1 1336s
  3911  1619 -333.65770   55    3 -280.05999 -382.84468  36.7%  26.1 1352s
  3979  1652     cutoff   62      -280.05999 -382.71532  36.7%  26.0 1361s
  3996  1644     cutoff   62      -280.05999 -382.70345  36.7%  26.0 1372s
  4036  1661     cutoff   62      -280.05999 -382.70072  36.6%  26.0 1387s
  4054  1657 -288.74175   45    1 -280.05999 -382.66159  36.6%  26.0 1396s
  4113  1694 -319.44624   57    4 -280.05999 -382.64055  36.6%  26.0 1411s
  4148  1717 -315.93130   58    2 -280.05999 -382.47193  36.6%  26.0 1416s
  4198  1718     cutoff   60      -280.05999 -382.41975  36.5%  26.0 1432s
  4269  1761 -334.40694   52    5 -280.05999 -382.22758  36.5%  25.9 1446s
  4294  1771     cutoff   62      -280.05999 -382.21985  36.5%  25.9 1450s
  4324  1775     cutoff   62      -280.05999 -382.21751  36.5%  25.9 1464s
  4427  1804     cutoff   57      -280.05999 -382.12168  36.4%  25.9 1498s
  4561  1835     cutoff   61      -280.05999 -381.95475  36.4%  25.6 1537s
  4697  1892     cutoff   62      -280.05999 -381.71983  36.3%  25.4 1574s
  4766  1939 -321.56681   58    3 -280.05999 -381.57601  36.2%  25.3 1582s
  4852  1957 -323.87507   59    2 -280.05999 -381.51098  36.2%  25.2 1613s
  4944  2009     cutoff   62      -280.05999 -381.36108  36.2%  25.1 1625s
  5027  2013 -303.36410   18    3 -280.05999 -381.32506  36.2%  25.0 1654s
  5071  2044     cutoff   61      -280.05999 -381.24991  36.1%  25.1 1661s
  5113  2063     cutoff   61      -280.05999 -381.24220  36.1%  25.1 1683s
  5291  2121 -343.64010   36    - -280.05999 -380.96169  36.0%  24.8 1729s
  5368  2160     cutoff   62      -280.05999 -380.83839  36.0%  24.8 1748s
  5470  2191 -301.98960   62    - -280.05999 -380.80176  36.0%  24.7 1783s
  5559  2271     cutoff   62      -280.05999 -380.67248  35.9%  24.7 1825s
  5665  2352 -372.48498   42   13 -280.05999 -380.60826  35.9%  24.7 1854s
  5717  2389     cutoff   62      -280.05999 -380.46455  35.9%  24.6 1861s
  5754  2419     cutoff   62      -280.05999 -380.37648  35.8%  24.6 1891s
  5849  2480 -319.55203   57    5 -280.05999 -380.25893  35.8%  24.6 1925s
  5911  2463 -362.22221   55    - -280.05999 -380.23047  35.8%  24.5 1956s
  6034  2569     cutoff   61      -280.05999 -380.16110  35.7%  24.5 1998s
  6129  2647     cutoff   62      -280.05999 -380.09127  35.7%  24.5 2038s
  6316  2748 -280.43125   35    2 -280.05999 -379.86157  35.6%  24.4 2106s
  6506  2855 -318.08272   56    - -280.05999 -379.61611  35.5%  24.2 2168s
  6631  2951     cutoff   62      -280.05999 -379.42072  35.5%  24.2 2224s
  6734  3038 -332.99842   44    - -280.05999 -379.31134  35.4%  24.1 2236s
  6781  3069     cutoff   62      -280.05999 -379.26427  35.4%  24.1 2268s
  6858  3145     cutoff   57      -280.05999 -379.06924  35.4%  24.1 2281s
  6917  3158 -335.18290   28    - -280.05999 -379.06483  35.4%  24.1 2317s
  6996  3242     cutoff   60      -280.05999 -378.96591  35.3%  24.1 2322s
  7071  3298     cutoff   61      -280.05999 -378.90223  35.3%  24.1 2357s
  7138  3350     cutoff   62      -280.05999 -378.68459  35.2%  24.1 2365s
  7212  3365     cutoff   62      -280.05999 -378.66312  35.2%  24.1 2405s
  7288  3434     cutoff   62      -280.05999 -378.29182  35.1%  24.1 2420s
  7336  3434 -292.04349   37    2 -280.05999 -378.27165  35.1%  24.1 2464s
  7506  3543     cutoff   62      -280.05999 -377.84525  34.9%  24.0 2529s
  7594  3609     cutoff   60      -280.05999 -377.70429  34.9%  24.0 2555s
  7671  3632 -303.18038   57    2 -280.05999 -377.53553  34.8%  24.0 2600s
  7752  3729     cutoff   62      -280.05999 -377.26026  34.7%  24.0 2615s
  7841  3752     cutoff   61      -280.05999 -377.21520  34.7%  23.9 2662s
  7911  3831     cutoff   62      -280.05999 -376.82424  34.6%  23.9 2668s
  7967  3865     cutoff   62      -280.05999 -376.75355  34.5%  23.9 2714s
  8049  3943     cutoff   62      -280.05999 -376.62604  34.5%  23.9 2722s
  8143  3963 -307.40064   57    3 -280.05999 -376.56231  34.5%  23.8 2790s
  8244  4054 -314.67005   50    4 -280.05999 -376.27202  34.4%  23.8 2809s
  8381  4145     cutoff   61      -280.05999 -376.26790  34.4%  23.7 2857s
  8481  4194     cutoff   60      -280.05999 -376.21337  34.3%  23.7 2918s
  8572  4280     cutoff   61      -280.05999 -375.89769  34.2%  23.7 2938s
  8660  4289 -314.19658   56    2 -280.05999 -375.85812  34.2%  23.7 2988s
  8741  4368     cutoff   61      -280.05999 -375.80542  34.2%  23.7 3015s
  8787  4372     cutoff   50      -280.05999 -375.68538  34.1%  23.7 3054s
  8923  4443     cutoff   62      -280.05999 -375.52483  34.1%  23.7 3126s
  9033  4543     cutoff   62      -280.05999 -375.29131  34.0%  23.6 3153s
  9135  4538 -293.51413   33    3 -280.05999 -375.23416  34.0%  23.5 3215s
  9237  4646     cutoff   62      -280.05999 -375.04942  33.9%  23.5 3233s
  9294  4668     cutoff   62      -280.05999 -375.01836  33.9%  23.5 3275s
  9425  4752     cutoff   62      -280.05999 -374.87719  33.9%  23.5 3338s
  9558  4792     cutoff   56      -280.05999 -374.54473  33.7%  23.5 3410s
  9609  4852 -305.05838   58    2 -280.05999 -374.17976  33.6%  23.5 3415s
  9676  4884     cutoff   61      -280.05999 -374.10383  33.6%  23.5 3465s
  9753  4941     cutoff   61      -280.05999 -373.81031  33.5%  23.5 3485s
  9822  4942     cutoff   62      -280.05999 -373.74948  33.5%  23.5 3543s
  9977  5021     cutoff   62      -280.05999 -373.24127  33.3%  23.4 3626s
 10065  5106     cutoff   62      -280.05999 -372.77950  33.1%  23.4 3645s
 10118  5114 -302.92898   59    - -280.05999 -372.67911  33.1%  23.4 3690s
 10225  5172     cutoff   62      -280.05999 -372.44320  33.0%  23.4 3760s
 10299  5233 -329.96211   45    1 -280.05999 -372.11035  32.9%  23.4 3781s
 10368  5256     cutoff   62      -280.05999 -372.09108  32.9%  23.4 3832s
 10470  5302 -301.86750   59    - -280.05999 -371.67772  32.7%  23.4 3910s
 10633  5396 -294.96748   59    3 -280.05999 -371.15407  32.5%  23.3 3991s
 10688  5455 -301.79434   57    3 -280.05999 -371.00789  32.5%  23.3 4007s
 10762  5496 -300.96454   60    2 -280.05999 -370.96840  32.5%  23.3 4051s
 10873  5556     cutoff   62      -280.05999 -370.83554  32.4%  23.3 4118s
 10973  5613 -310.19501   59    - -280.05999 -370.60279  32.3%  23.4 4179s
 11046  5681     cutoff   61      -280.05999 -370.26362  32.2%  23.4 4195s
 11086  5662     cutoff   60      -280.05999 -370.19968  32.2%  23.4 4242s
 11202  5719 -316.06013   56    3 -280.05999 -369.45387  31.9%  23.4 4308s
 11273  5783 -291.06239   60    2 -280.05999 -369.45387  31.9%  23.4 4328s
 11309  5787 -340.97297   51    - -280.05999 -369.27151  31.9%  23.4 4374s
 11364  5848     cutoff   62      -280.05999 -368.98271  31.8%  23.4 4397s
 11417  5823 -297.08892   56    - -280.05999 -368.96735  31.7%  23.4 4455s
 11477  5886 -287.35278   60    2 -280.05999 -368.96735  31.7%  23.4 4474s
 11546  5886 -308.95207   58    3 -280.05999 -368.36826  31.5%  23.4 4536s
 11603  5948     cutoff   61      -280.05999 -368.07594  31.4%  23.4 4550s
 11665  5971     cutoff   62      -280.05999 -367.99027  31.4%  23.4 4607s
 11767  6016     cutoff   62      -280.05999 -367.70487  31.3%  23.4 4675s
 11829  6074     cutoff   59      -280.05999 -367.28144  31.1%  23.4 4691s
 11894  6056     cutoff   61      -280.05999 -367.22655  31.1%  23.4 4753s
 11998  6108     cutoff   61      -280.05999 -366.41958  30.8%  23.4 4829s
 12074  6151     cutoff   62      -280.05999 -366.04256  30.7%  23.5 4895s
 12184  6204     cutoff   62      -280.05999 -365.34668  30.5%  23.5 4961s
 12256  6248 -333.41144   58    4 -280.05999 -365.19402  30.4%  23.5 5027s
 12381  6282 -282.17741   61    - -280.05999 -364.65082  30.2%  23.5 5111s
 12529  6361     cutoff   62      -280.05999 -364.34619  30.1%  23.5 5186s
 12566  6420     cutoff   62      -280.05999 -364.34619  30.1%  23.5 5190s
 12611  6447     cutoff   61      -280.05999 -364.08194  30.0%  23.5 5233s
 12645  6473     cutoff   62      -280.05999 -363.71140  29.9%  23.5 5236s
 12690  6471 -314.36033   61    - -280.05999 -363.63003  29.8%  23.5 5296s
 12746  6502 -293.97295   60    2 -280.05999 -363.07185  29.6%  23.5 5315s
 12796  6503     cutoff   61      -280.05999 -363.05601  29.6%  23.5 5364s
 12833  6550     cutoff   61      -280.05999 -362.88083  29.6%  23.5 5370s
 12886  6557     cutoff   48      -280.05999 -362.83069  29.6%  23.5 5421s
 12966  6591     cutoff   61      -280.05999 -362.19483  29.3%  23.5 5486s
 13026  6643     cutoff   61      -280.05999 -361.65740  29.1%  23.5 5501s
 13066  6622 -315.06416   38    - -280.05999 -361.49851  29.1%  23.6 5558s
 13169  6657     cutoff   62      -280.05999 -360.40599  28.7%  23.6 5632s
 13218  6712     cutoff   62      -280.05999 -360.20293  28.6%  23.6 5646s
 13268  6693     cutoff   61      -280.05999 -360.09019  28.6%  23.6 5700s
 13304  6729 -315.80733   57    - -280.05999 -359.48802  28.4%  23.6 5716s
 13343  6716 -316.17459   49    - -280.05999 -359.48802  28.4%  23.6 5776s
 13389  6767 -329.23120   59    - -280.05999 -359.48802  28.4%  23.6 5788s
 13440  6756     cutoff   62      -280.05999 -358.11335  27.9%  23.6 5856s
 13554  6821 -327.83507   51    2 -280.05999 -357.67844  27.7%  23.6 5923s
 13634  6864     cutoff   61      -280.05999 -357.06272  27.5%  23.6 5985s
 13682  6891     cutoff   42      -280.05999 -356.36222  27.2%  23.6 5997s
 13726  6866 -300.35785   59    1 -280.05999 -356.33608  27.2%  23.6 6056s
 13824  6889 -310.29595   52    - -280.05999 -354.61805  26.6%  23.7 6145s
 13925  6920     cutoff   62      -280.05999 -353.52342  26.2%  23.7 6227s
 14026  6951     cutoff   61      -280.05999 -352.07964  25.7%  23.7 6307s
 14110  6993 -346.83725   17    - -280.05999 -351.57446  25.5%  23.7 6401s
 14234  7028     cutoff   61      -280.05999 -349.83898  24.9%  23.7 6482s
 14283  7107     cutoff   62      -280.05999 -348.62977  24.5%  23.7 6494s
 14324  7084 -309.71882   21    1 -280.05999 -348.57260  24.5%  23.7 6565s
 14447  7131 -330.08278   59    3 -280.05999 -347.70255  24.2%  23.7 6668s
 14574  7186     cutoff   62      -280.05999 -347.11888  23.9%  23.7 6773s
 14656  7263 -288.68566   41    - -280.05999 -346.82204  23.8%  23.7 6789s
 14721  7297     cutoff   33      -280.05999 -346.79210  23.8%  23.7 6873s
 14878  7402     cutoff   59      -280.05999 -346.76711  23.8%  23.6 6952s
 14981  7497 -308.09960   15    4 -280.05999 -346.59319  23.8%  23.6 7034s
 15151  7614     cutoff   61      -280.05999 -346.38832  23.7%  23.5 7119s
 15258  7661     cutoff   61      -280.05999 -346.24346  23.6%  23.5 7187s
 15291  7679     cutoff   59      -280.05999 -346.21640  23.6%  23.6 7197s

Cutting planes:
  Lazy constraints: 386700

Explored 15324 nodes (362192 simplex iterations) in 7198.72 seconds
Thread count was 4 (of 4 available processors)

Solution count 5: -280.06 -253.06 -252.86 ... -246.4

Time limit reached
Best objective -2.800599917062e+02, best bound -3.462164011862e+02, gap 23.6222%
