
Gurobi 8.1.1 (win64) logging started 07/07/20 22:21:10

Changed value of parameter LogFile to Results/sslp3_40_50_50_BendersBnC.log
   Prev: gurobi.log  Default: 
Changed value of parameter Heuristics to 0.0
   Prev: 0.05  Min: 0.0  Max: 1.0  Default: 0.05
Changed value of parameter lazyConstraints to 1
   Prev: 0  Min: 0  Max: 1  Default: 0
Changed value of parameter timeLimit to 7183.857124567032
   Prev: 1e+100  Min: 0.0  Max: 1e+100  Default: 1e+100
Optimize a model with 930 rows, 90 columns and 24021 nonzeros
Variable types: 50 continuous, 40 integer (40 binary)
Coefficient statistics:
  Matrix range     [1e-13, 9e+05]
  Objective range  [2e-02, 8e+01]
  Bounds range     [1e+00, 1e+00]
  RHS range        [1e-13, 1e+04]
Warning: Model contains large matrix coefficient range
         Consider reformulating model or setting NumericFocus parameter
         to avoid numerical issues.
Presolve removed 115 rows and 0 columns
Presolve time: 0.07s
Presolved: 815 rows, 90 columns, 21470 nonzeros
Variable types: 50 continuous, 40 integer (40 binary)

Root relaxation: objective -5.728980e+02, 141 iterations, 0.04 seconds

    Nodes    |    Current Node    |     Objective Bounds      |     Work
 Expl Unexpl |  Obj  Depth IntInf | Incumbent    BestBd   Gap | It/Node Time

     0     0 -572.89798    0   15          - -572.89798      -     -    0s
     0     0 -572.53204    0   15          - -572.53204      -     -    0s
     0     0 -572.27359    0   14          - -572.27359      -     -    0s
     0     0 -572.09505    0   14          - -572.09505      -     -    0s
     0     0 -571.84851    0   14          - -571.84851      -     -    0s
     0     0 -571.69007    0   13          - -571.69007      -     -    0s
     0     0 -571.54280    0   13          - -571.54280      -     -    0s
     0     0 -571.35182    0   12          - -571.35182      -     -    0s
     0     0 -571.27267    0   14          - -571.27267      -     -    0s
     0     0 -571.12235    0   14          - -571.12235      -     -    0s
     0     0 -571.01094    0   12          - -571.01094      -     -    0s
     0     0 -570.87150    0   13          - -570.87150      -     -    0s
     0     0 -570.67759    0   14          - -570.67759      -     -    0s
     0     0 -570.62490    0   13          - -570.62490      -     -    0s
     0     0 -570.49045    0   12          - -570.49045      -     -    0s
     0     0 -570.44341    0   12          - -570.44341      -     -    0s
     0     0 -570.31972    0   11          - -570.31972      -     -    0s
     0     0 -570.19599    0    9          - -570.19599      -     -    0s
     0     0 -570.10351    0    9          - -570.10351      -     -    0s
     0     0 -570.00648    0   10          - -570.00648      -     -    0s
     0     0 -569.90332    0   11          - -569.90332      -     -    0s
     0     0 -569.82832    0   10          - -569.82832      -     -    0s
     0     0 -569.66030    0   10          - -569.66030      -     -    0s
     0     0 -569.56312    0    9          - -569.56312      -     -    0s
     0     0 -569.47648    0   10          - -569.47648      -     -    0s
     0     0 -569.38580    0   10          - -569.38580      -     -    1s
     0     0 -569.37575    0   11          - -569.37575      -     -    1s
     0     0 -569.31442    0   10          - -569.31442      -     -    1s
     0     0 -569.26699    0   11          - -569.26699      -     -    1s
     0     0 -569.15058    0   10          - -569.15058      -     -    1s
     0     0 -569.11094    0    9          - -569.11094      -     -    1s
     0     0 -569.04287    0   10          - -569.04287      -     -    1s
     0     0 -568.93661    0   11          - -568.93661      -     -    1s
     0     0 -568.86355    0    8          - -568.86355      -     -    1s
     0     0 -568.84276    0    7          - -568.84276      -     -    1s
     0     0 -568.82292    0   10          - -568.82292      -     -    1s
     0     0 -568.73004    0   11          - -568.73004      -     -    1s
     0     0 -568.72433    0   11          - -568.72433      -     -    1s
     0     0 -568.71207    0   11          - -568.71207      -     -    1s
     0     0 -568.65871    0   10          - -568.65871      -     -    1s
     0     0 -568.64637    0    9          - -568.64637      -     -    1s
     0     0 -568.56609    0   11          - -568.56609      -     -    1s
     0     0 -568.55710    0    9          - -568.55710      -     -    1s
     0     0 -568.53037    0   10          - -568.53037      -     -    1s
     0     0 -568.48468    0    9          - -568.48468      -     -    1s
     0     0 -568.45872    0   10          - -568.45872      -     -    1s
     0     0 -568.41867    0    9          - -568.41867      -     -    1s
     0     0 -568.39036    0   10          - -568.39036      -     -    1s
     0     0 -568.33861    0   10          - -568.33861      -     -    1s
     0     0 -568.32469    0   10          - -568.32469      -     -    1s
     0     0 -568.31263    0   11          - -568.31263      -     -    1s
     0     0 -568.28001    0    9          - -568.28001      -     -    1s
     0     0 -568.26718    0   11          - -568.26718      -     -    1s
     0     0 -568.25611    0   10          - -568.25611      -     -    2s
     0     0 -568.25453    0   11          - -568.25453      -     -    2s
     0     0 -568.25315    0   10          - -568.25315      -     -    2s
     0     0 -568.25084    0   10          - -568.25084      -     -    2s
     0     0 -568.24401    0   11          - -568.24401      -     -    2s
     0     0 -568.23438    0   10          - -568.23438      -     -    2s
     0     0 -568.21360    0    9          - -568.21360      -     -    2s
     0     0 -568.20466    0    9          - -568.20466      -     -    2s
     0     0 -568.20024    0    9          - -568.20024      -     -    2s
     0     0 -568.15215    0    9          - -568.15215      -     -    2s
     0     0 -568.15077    0    9          - -568.15077      -     -    2s
     0     0 -568.14743    0   10          - -568.14743      -     -    2s
     0     0 -568.12392    0    9          - -568.12392      -     -    2s
     0     0 -568.12360    0    9          - -568.12360      -     -    2s
     0     0 -568.11866    0    9          - -568.11866      -     -    2s
     0     0 -568.10265    0   10          - -568.10265      -     -    2s
     0     0 -568.09992    0    9          - -568.09992      -     -    2s
     0     0 -568.05595    0    9          - -568.05595      -     -    2s
     0     0 -568.05559    0    9          - -568.05559      -     -    2s
     0     0 -568.05525    0    9          - -568.05525      -     -    2s
     0     0 -568.05238    0    9          - -568.05238      -     -    2s
     0     0 -568.05004    0    9          - -568.05004      -     -    2s
     0     0 -568.04972    0   10          - -568.04972      -     -    2s
     0     0 -568.04884    0   10          - -568.04884      -     -    2s
     0     0 -568.04836    0   10          - -568.04836      -     -    2s
     0     0 -568.04804    0   11          - -568.04804      -     -    2s
     0     0 -568.04468    0   10          - -568.04468      -     -    3s
     0     0 -568.04388    0   10          - -568.04388      -     -    3s
     0     0 -568.04011    0   11          - -568.04011      -     -    3s
     0     0 -568.03568    0   10          - -568.03568      -     -    3s
     0     0 -568.03274    0    9          - -568.03274      -     -    3s
     0     0 -568.03224    0   10          - -568.03224      -     -    3s
     0     0 -568.02706    0   10          - -568.02706      -     -    3s
     0     0 -568.01972    0   10          - -568.01972      -     -    3s
     0     0 -568.01968    0   11          - -568.01968      -     -    3s
     0     0 -567.98878    0   10          - -567.98878      -     -    3s
     0     0 -567.97928    0    9          - -567.97928      -     -    3s
     0     0 -567.90521    0    9          - -567.90521      -     -    3s
     0     0 -567.89305    0   10          - -567.89305      -     -    3s
     0     0 -567.85287    0    9          - -567.85287      -     -    3s
     0     0 -567.81167    0   11          - -567.81167      -     -    3s
     0     0 -567.80702    0   10          - -567.80702      -     -    3s
     0     0 -567.80116    0   10          - -567.80116      -     -    3s
     0     0 -567.79240    0   11          - -567.79240      -     -    3s
     0     0 -567.78953    0   10          - -567.78953      -     -    3s
     0     0 -567.76193    0    9          - -567.76193      -     -    3s
     0     0 -567.71861    0    9          - -567.71861      -     -    3s
     0     0 -567.71107    0    9          - -567.71107      -     -    3s
     0     0 -567.70693    0    9          - -567.70693      -     -    3s
     0     0 -567.64716    0    9          - -567.64716      -     -    3s
     0     0 -567.64227    0   11          - -567.64227      -     -    3s
     0     0 -567.62683    0   10          - -567.62683      -     -    4s
     0     0 -567.62329    0   10          - -567.62329      -     -    4s
     0     0 -567.58218    0    9          - -567.58218      -     -    4s
     0     0 -567.55663    0    8          - -567.55663      -     -    4s
     0     0 -567.52962    0    8          - -567.52962      -     -    4s
     0     0 -567.52451    0   10          - -567.52451      -     -    4s
     0     0 -567.51824    0    9          - -567.51824      -     -    4s
     0     0 -567.51359    0   10          - -567.51359      -     -    4s
     0     0 -567.48554    0   10          - -567.48554      -     -    4s
     0     0 -567.47555    0    9          - -567.47555      -     -    4s
     0     0 -567.47448    0    9          - -567.47448      -     -    4s
     0     0 -567.41540    0   10          - -567.41540      -     -    4s
     0     0 -567.41243    0   10          - -567.41243      -     -    4s
     0     0 -567.36116    0    9          - -567.36116      -     -    4s
     0     0 -567.32423    0    9          - -567.32423      -     -    4s
     0     0 -567.31630    0    8          - -567.31630      -     -    4s
     0     0 -567.31136    0    9          - -567.31136      -     -    4s
     0     0 -567.28818    0    8          - -567.28818      -     -    4s
     0     0 -567.26498    0    8          - -567.26498      -     -    4s
     0     0 -567.24478    0    9          - -567.24478      -     -    4s
     0     0 -567.22650    0    8          - -567.22650      -     -    4s
     0     0 -567.22203    0    8          - -567.22203      -     -    4s
     0     0 -567.22106    0   10          - -567.22106      -     -    4s
     0     0 -567.20810    0    9          - -567.20810      -     -    5s
     0     0 -567.20588    0   10          - -567.20588      -     -    5s
     0     0 -567.19996    0    9          - -567.19996      -     -    5s
     0     0 -567.16308    0    8          - -567.16308      -     -    5s
     0     0 -567.14916    0   11          - -567.14916      -     -    5s
     0     0 -567.13568    0    9          - -567.13568      -     -    5s
     0     0 -567.12612    0    9          - -567.12612      -     -    5s
     0     0 -567.10009    0    8          - -567.10009      -     -    5s
     0     0 -567.09281    0   10          - -567.09281      -     -    5s
     0     0 -567.08486    0   10          - -567.08486      -     -    5s
     0     0 -567.01775    0    8          - -567.01775      -     -    5s
     0     0 -567.00506    0    9          - -567.00506      -     -    5s
     0     0 -566.99488    0    9          - -566.99488      -     -    5s
     0     0 -566.98259    0    9          - -566.98259      -     -    5s
     0     0 -566.97477    0    9          - -566.97477      -     -    5s
     0     0 -566.94030    0    8          - -566.94030      -     -    5s
     0     0 -566.93867    0    8          - -566.93867      -     -    5s
     0     0 -566.92998    0    9          - -566.92998      -     -    5s
     0     0 -566.92976    0    9          - -566.92976      -     -    5s
     0     0 -566.91885    0    9          - -566.91885      -     -    5s
     0     0 -566.91499    0    9          - -566.91499      -     -    5s
     0     0 -566.90482    0    9          - -566.90482      -     -    5s
     0     0 -566.89361    0    9          - -566.89361      -     -    5s
     0     0 -566.87623    0    8          - -566.87623      -     -    5s
     0     0 -566.86853    0    8          - -566.86853      -     -    6s
     0     0 -566.86692    0    8          - -566.86692      -     -    6s
     0     0 -566.86439    0    8          - -566.86439      -     -    6s
     0     0 -566.85960    0    8          - -566.85960      -     -    6s
     0     0 -566.85606    0    8          - -566.85606      -     -    6s
     0     0 -566.85535    0    8          - -566.85535      -     -    6s
     0     0 -566.81326    0    6          - -566.81326      -     -    6s
     0     0 -566.80621    0    6          - -566.80621      -     -    6s
     0     0 -566.79894    0    7          - -566.79894      -     -    6s
     0     0 -566.79594    0    8          - -566.79594      -     -    6s
     0     0 -566.76377    0    8          - -566.76377      -     -    6s
     0     0 -566.76238    0    8          - -566.76238      -     -    6s
     0     0 -566.72805    0    5          - -566.72805      -     -    6s
     0     0 -566.72437    0    6          - -566.72437      -     -    6s
     0     0 -566.65672    0    6          - -566.65672      -     -    6s
     0     0 -566.65011    0    6          - -566.65011      -     -    6s
     0     0 -566.64926    0    7          - -566.64926      -     -    6s
     0     0 -566.64376    0    8          - -566.64376      -     -    6s
     0     0 -566.63806    0    7          - -566.63806      -     -    6s
     0     0 -566.63567    0    7          - -566.63567      -     -    6s
     0     0 -566.63563    0    8          - -566.63563      -     -    6s
     0     0 -566.63245    0    9          - -566.63245      -     -    6s
     0     0 -566.63159    0    8          - -566.63159      -     -    6s
     0     0 -566.62967    0    8          - -566.62967      -     -    7s
     0     0 -566.62967    0    8          - -566.62967      -     -    7s
     0     2 -566.62967    0    8          - -566.62967      -     -    7s
    19    15 -564.09195   10   11          - -566.60516      -  18.5   10s
    51    40 -555.79198   25    7          - -566.60516      -  18.4   15s
    90    70 -514.28834   38    2          - -566.60516      -  18.9   21s
*  102    78              40    -348.9999904 -566.50832  62.3%  19.3   24s
   111    86 -530.67818    2    5 -348.99999 -566.50832  62.3%  20.3   25s
   138    98 -484.56375    9    4 -348.99999 -566.50832  62.3%  20.6   31s
   159   109 -476.05074   13    4 -348.99999 -566.50832  62.3%  20.5   35s
   184   128 -516.75351   18    6 -348.99999 -566.50832  62.3%  20.6   41s
   196   141 -515.73090   21    4 -348.99999 -566.50832  62.3%  20.6   45s
   214   148 -511.32830   26    - -348.99999 -566.50832  62.3%  20.9   51s
   221   151 -449.01406   26    - -348.99999 -566.50832  62.3%  21.1   55s
   247   170 -440.03100   31    - -348.99999 -566.50832  62.3%  21.5   62s
   255   177 -433.29443   31    - -348.99999 -566.50832  62.3%  21.4   67s
   265   183 -501.72147   35    5 -348.99999 -566.50832  62.3%  21.7   70s
   278   183 -435.66036   38    1 -348.99999 -566.50832  62.3%  22.1   75s
   292   185     cutoff   40      -348.99999 -566.50832  62.3%  22.0   80s
*  298   188              40    -367.3799898 -566.50832  54.2%  22.3   82s
   317   185 -521.65262   10    - -367.37999 -564.40701  53.6%  22.7   86s
   340   196 -435.47296   16    2 -367.37999 -564.40701  53.6%  22.3   95s
   352   203 -421.69057   21    - -367.37999 -564.40701  53.6%  22.4  101s
   371   213     cutoff   25      -367.37999 -564.40701  53.6%  22.5  105s
   384   219 -463.26243   29    - -367.37999 -564.40701  53.6%  22.7  111s
   395   224 -463.13097   33    5 -367.37999 -564.40701  53.6%  22.7  115s
   408   227 -406.47991   34    - -367.37999 -564.40701  53.6%  22.6  120s
   422   233     cutoff   39      -367.37999 -564.40701  53.6%  22.5  126s
   432   232 -519.96260   12    4 -367.37999 -564.40701  53.6%  22.6  130s
   451   238 -521.60464   11    4 -367.37999 -562.36927  53.1%  22.5  138s
   465   248 -474.08316   18    - -367.37999 -562.36927  53.1%  22.2  144s
   469   252 -502.46420   20    6 -367.37999 -562.36927  53.1%  22.2  145s
   489   260 -498.48456   25    3 -367.37999 -562.35481  53.1%  22.2  150s
   496   266 -457.75460   26    - -367.37999 -562.35481  53.1%  22.1  156s
   505   272 -441.55153   25    - -367.37999 -562.35481  53.1%  22.1  162s
   511   270 -437.58674   26    - -367.37999 -562.35481  53.1%  22.0  165s
   517   270 -449.10720   29    - -367.37999 -562.35481  53.1%  22.0  170s
   528   275 -438.60068   28    - -367.37999 -562.35481  53.1%  21.8  178s
   536   279 -429.06949   28    5 -367.37999 -562.35481  53.1%  21.8  182s
   543   282 -455.05056   32    - -367.37999 -562.35481  53.1%  21.9  186s
   553   283 -491.95708   34    3 -367.37999 -562.35481  53.1%  21.9  192s
*  561   288              40    -369.2799885 -562.35481  52.3%  22.0  194s
   563   284 -446.06446   33    - -369.27999 -560.84858  51.9%  22.1  195s
   577   289 -521.66565    9    - -369.27999 -560.60232  51.8%  22.2  200s
   590   295 -460.84802   38    - -369.27999 -560.60232  51.8%  22.3  207s
   605   298     cutoff   40      -369.27999 -558.51105  51.2%  22.4  211s
   636   312 -511.78002   22    2 -369.27999 -557.42310  50.9%  22.3  219s
   645   314 -515.43191   23    - -369.27999 -557.40697  50.9%  22.3  224s
   662   314 -503.74739   25    - -369.27999 -556.05909  50.6%  22.2  234s
   678   323 -465.92685   26    - -369.27999 -556.04102  50.6%  22.4  238s
   687   325 -469.25824   29    - -369.27999 -554.35629  50.1%  22.3  242s
   700   328 -463.01392   29    - -369.27999 -554.35629  50.1%  22.3  249s
   707   336 -503.86447   32    - -369.27999 -554.35629  50.1%  22.2  252s
   711   336 -440.51857   30    - -369.27999 -554.35629  50.1%  22.2  255s
   725   346 -481.61702   36    - -369.27999 -554.35629  50.1%  22.2  262s
   740   349 -447.45625   37    2 -369.27999 -554.35629  50.1%  22.3  265s
   754   350 -465.76437   38    - -369.27999 -552.32449  49.6%  22.3  271s
   777   354     cutoff   40      -369.27999 -547.02288  48.1%  22.7  277s
   791   360 -502.06739   33    5 -369.27999 -545.55214  47.7%  22.6  281s
   815   366     cutoff   40      -369.27999 -544.29211  47.4%  22.7  287s
   834   372     cutoff   40      -369.27999 -541.62787  46.7%  22.8  293s
*  847   379              40    -373.1199887 -536.53703  43.8%  22.9  299s
   852   372     cutoff   40      -373.11999 -530.39214  42.2%  22.9  301s
   869   373 -431.17434   39    1 -373.11999 -529.93294  42.0%  23.0  305s
*  870   370              40    -389.5999885 -529.93294  36.0%  23.0  306s
   887   377     cutoff   40      -389.59999 -528.42193  35.6%  23.3  311s
   909   384     cutoff   40      -389.59999 -527.82270  35.5%  23.1  317s
   928   405 -512.51185   21    7 -389.59999 -527.82270  35.5%  22.9  320s
   963   427 -510.06599   28    5 -389.59999 -527.82270  35.5%  22.9  325s
   974   431 -507.61463   31    4 -389.59999 -527.82270  35.5%  23.0  331s
   990   424 -504.02428   36    4 -389.59999 -527.13924  35.3%  23.0  336s
  1008   438     cutoff   40      -389.59999 -526.29240  35.1%  22.9  347s
  1031   448 -522.50578   10    - -389.59999 -526.16990  35.1%  22.8  356s
  1049   463 -481.07926   12    1 -389.59999 -526.16990  35.1%  22.7  362s
  1062   475 -433.81864   22    5 -389.59999 -526.16990  35.1%  22.7  365s
  1084   484 -413.03568   18    3 -389.59999 -526.16990  35.1%  22.8  374s
  1097   490     cutoff   21      -389.59999 -526.12215  35.0%  22.7  378s
  1128   496     cutoff   24      -389.59999 -525.51502  34.9%  22.6  393s
  1156   522 -398.98065   29    3 -389.59999 -525.51502  34.9%  22.4  398s
  1165   531 -479.32900   20    4 -389.59999 -525.51502  34.9%  22.4  400s
  1184   540 -474.95912   23    3 -389.59999 -525.42669  34.9%  22.3  408s
  1193   542     cutoff   36      -389.59999 -525.14094  34.8%  22.3  411s
  1214   557 -467.72446   30    - -389.59999 -525.14094  34.8%  22.1  418s
  1246   566 -440.43505   16    1 -389.59999 -525.13566  34.8%  22.1  430s
  1273   573 -399.18242   16    1 -389.59999 -525.13566  34.8%  22.0  439s
  1292   587 -415.17352   21    3 -389.59999 -525.13566  34.8%  22.1  449s
  1317   600 -407.96652   25    - -389.59999 -525.13566  34.8%  22.0  459s
  1341   614 -402.79068   28    2 -389.59999 -525.13566  34.8%  22.0  467s
  1365   624 -398.47367   27    - -389.59999 -524.53097  34.6%  21.9  478s
  1379   635 -459.05612   26    5 -389.59999 -524.53097  34.6%  21.9  482s
  1390   640     cutoff   40      -389.59999 -524.52303  34.6%  21.9  486s
  1422   649 -474.18660   15    3 -389.59999 -524.50312  34.6%  21.8  501s
  1434   663 -392.81359   35    - -389.59999 -524.50312  34.6%  21.7  505s
  1444   668 -467.64476   24    3 -389.59999 -524.08759  34.5%  21.7  510s
  1454   679 -462.96509   26    - -389.59999 -524.08759  34.5%  21.8  516s
  1479   687 -392.36146   37    2 -389.59999 -523.99744  34.5%  21.8  523s
  1520   696     cutoff   39      -389.59999 -523.77147  34.4%  21.5  541s
  1558   721 -483.35045   16    4 -389.59999 -523.77147  34.4%  21.4  553s
  1576   739 -457.22482   32    5 -389.59999 -523.77147  34.4%  21.3  558s
  1589   745 -459.51446   29    3 -389.59999 -523.77147  34.4%  21.3  562s
  1619   760 -452.12582   39    1 -389.59999 -523.12460  34.3%  21.3  572s
  1640   776     cutoff   40      -389.59999 -523.07358  34.3%  21.3  579s
  1679   792 -470.30879   23    3 -389.59999 -523.07358  34.3%  21.2  592s
  1708   807 -461.54239   30    7 -389.59999 -523.07358  34.3%  21.2  605s
  1750   825 -457.35052   39    - -389.59999 -522.89957  34.2%  20.9  622s
  1795   843     cutoff   40      -389.59999 -522.80035  34.2%  20.8  642s
  1826   878 -468.14675   29    - -389.59999 -522.80035  34.2%  20.8  651s
  1850   888 -464.99398   35    5 -389.59999 -522.50578  34.1%  20.8  657s
  1876   908     cutoff   40      -389.59999 -522.49634  34.1%  20.8  668s
  1904   913     cutoff   38      -389.59999 -522.43975  34.1%  20.8  675s
  1935   923 -470.65426   24    2 -389.59999 -522.39730  34.1%  20.8  684s
  1962   937 -461.23997   32    7 -389.59999 -522.39730  34.1%  20.8  698s
  2001   956 -457.57667   38    2 -389.59999 -521.71416  33.9%  20.7  711s
  2035   976     cutoff   39      -389.59999 -521.65262  33.9%  20.6  728s
  2078   997 -466.99472   22    4 -389.59999 -521.51149  33.9%  20.5  742s
  2107  1019 -455.94909   34    - -389.59999 -521.43490  33.8%  20.5  750s
  2127  1032     cutoff   40      -389.59999 -521.18252  33.8%  20.5  758s
  2137  1039 -447.12590   33    - -389.59999 -521.18252  33.8%  20.6  760s
  2157  1050 -401.24950   25    - -389.59999 -521.18252  33.8%  20.6  768s
  2185  1061 -452.82404   38    2 -389.59999 -520.93943  33.7%  20.7  776s
  2222  1071 -393.05777   26    1 -389.59999 -520.93943  33.7%  20.7  793s
  2261  1089     cutoff   29      -389.59999 -520.70566  33.7%  20.7  812s
  2290  1108 -511.28794   16    9 -389.59999 -520.70566  33.7%  20.7  824s
  2308  1123 -507.45540   21    5 -389.59999 -520.70566  33.7%  20.8  833s
  2341  1131 -422.44692   26    2 -389.59999 -520.70566  33.7%  20.8  845s
  2365  1148     cutoff   36      -389.59999 -520.33817  33.6%  20.9  854s
  2392  1167     cutoff   37      -389.59999 -520.33715  33.6%  20.8  865s
  2402  1158 -449.78191   38    2 -389.59999 -520.22832  33.5%  20.9  872s
  2425  1174     cutoff   39      -389.59999 -520.16596  33.5%  20.9  882s
  2438  1185 -447.20985   29    7 -389.59999 -520.16596  33.5%  20.9  886s
  2443  1178 -455.78784   26    2 -389.59999 -520.15368  33.5%  21.0  890s
  2466  1201 -444.56968   32    7 -389.59999 -520.10534  33.5%  21.0  897s
  2475  1200     cutoff   40      -389.59999 -519.86989  33.4%  21.0  904s
  2496  1215 -481.67995   18    - -389.59999 -519.86989  33.4%  20.9  911s
  2520  1211 -455.56809   28    4 -389.59999 -519.84144  33.4%  20.9  923s
  2544  1234 -435.28041   23    1 -389.59999 -519.84144  33.4%  20.9  931s
  2561  1246 -392.41650   39    1 -389.59999 -519.81678  33.4%  20.9  939s
  2589  1265 -453.99990   38    - -389.59999 -519.69153  33.4%  20.9  951s
  2602  1257     cutoff   40      -389.59999 -519.68077  33.4%  20.9  956s
  2629  1286 -450.72358   38    2 -389.59999 -519.54988  33.4%  20.9  966s
  2651  1285 -399.11431   24    2 -389.59999 -519.46804  33.3%  20.9  973s
  2688  1307     cutoff   34      -389.59999 -518.93275  33.2%  20.8  987s
  2720  1318 -460.59679   23    3 -389.59999 -518.93275  33.2%  20.9 1003s
  2747  1333 -449.76274   31    - -389.59999 -518.93275  33.2%  20.9 1019s
  2788  1353     cutoff   31      -389.59999 -517.89528  32.9%  20.9 1039s
  2839  1369 -462.73950   23    - -389.59999 -517.85476  32.9%  20.9 1057s
  2856  1388 -460.56845   31    5 -389.59999 -517.85476  32.9%  20.9 1062s
  2871  1394 -452.89035   34    3 -389.59999 -517.70456  32.9%  20.9 1069s
  2904  1421 -456.26761   27    8 -389.59999 -517.54576  32.8%  20.9 1100s
  2906  1422 -447.97390   28   27 -389.59999 -517.54576  32.8%  20.9 1130s
  2909  1427 -517.54576   10   26 -389.59999 -517.54576  32.8%  21.0 1179s
  2911  1429 -517.54576   11   25 -389.59999 -517.54576  32.8%  21.1 1200s
  2913  1430 -517.54576   11   15 -389.59999 -517.54576  32.8%  21.2 1218s
  2915  1431 -517.54576   12   24 -389.59999 -517.54576  32.8%  21.3 1228s
  2917  1433 -513.87426   12   14 -389.59999 -517.54576  32.8%  21.3 1231s
  2919  1434 -517.54576   13   25 -389.59999 -517.54576  32.8%  21.4 1241s
  2921  1434 -515.98133   13   14 -389.59999 -517.54576  32.8%  21.5 1247s
  2924  1434 -517.54576   14   24 -389.59999 -517.54576  32.8%  21.6 1253s
  2927  1438 -517.20873   14   12 -389.59999 -517.54576  32.8%  21.7 1256s
  2930  1438 -517.54576   15   25 -389.59999 -517.54576  32.8%  21.7 1262s
  2933  1441 -513.80430   15   12 -389.59999 -517.54576  32.8%  21.8 1265s
  2937  1441 -517.54576   16   26 -389.59999 -517.54576  32.8%  21.9 1275s
  2941  1446 -513.25321   16   13 -389.59999 -517.54576  32.8%  22.0 1280s
  2945  1446 -517.54576   17   25 -389.59999 -517.54576  32.8%  22.1 1285s
  2950  1452 -511.79357   17   13 -389.59999 -517.54576  32.8%  22.2 1297s
  2957  1454 -513.00711   18   11 -389.59999 -517.54576  32.8%  22.3 1303s
  2962  1459 -517.54576   19   17 -389.59999 -517.54576  32.8%  22.4 1310s
  2966  1461 -517.54576   20   15 -389.59999 -517.54576  32.8%  22.5 1319s
  2972  1463 -517.54576   21   15 -389.59999 -517.54576  32.8%  22.6 1327s
  2976  1468 -517.54576   22   14 -389.59999 -517.54576  32.8%  22.7 1335s
  2981  1471 -517.54576   23   14 -389.59999 -517.54576  32.8%  22.8 1341s
  2987  1471 -517.54576   24   13 -389.59999 -517.54576  32.8%  23.0 1346s
  2994  1479 -511.08112   25   12 -389.59999 -517.54576  32.8%  23.1 1356s
  3006  1484 -517.54576   27   22 -389.59999 -517.54576  32.8%  23.3 1363s
  3018  1486 -517.54576   28   21 -389.59999 -517.54576  32.8%  23.4 1368s
  3032  1489 -507.35230   29    - -389.59999 -517.54576  32.8%  23.5 1378s
  3046  1496 -517.54576   32   17 -389.59999 -517.54576  32.8%  23.7 1383s
  3059  1506 -517.54576   34   15 -389.59999 -517.54576  32.8%  23.8 1387s
  3072  1505 -517.54576   36   13 -389.59999 -517.54576  32.8%  24.1 1392s
  3093  1507 -491.55169   37    8 -389.59999 -517.54576  32.8%  24.2 1404s
  3119  1521 -480.22921   40    9 -389.59999 -517.54576  32.8%  24.3 1416s
  3148  1527 -493.41393   44    5 -389.59999 -517.54576  32.8%  24.4 1427s
  3165  1532 -456.68941   45    - -389.59999 -517.54576  32.8%  24.5 1430s
  3188  1526     cutoff   49      -389.59999 -517.54576  32.8%  24.4 1442s
  3227  1526     cutoff   49      -389.59999 -517.54576  32.8%  24.5 1460s
  3257  1537 -517.54576   26   17 -389.59999 -517.54576  32.8%  24.6 1471s
  3271  1547 -516.20401   32   16 -389.59999 -517.54576  32.8%  24.7 1476s
  3300  1564 -473.78398   45    1 -389.59999 -517.54576  32.8%  24.7 1481s
  3326  1572 -395.51181   48    1 -389.59999 -517.54576  32.8%  24.7 1487s
  3345  1558     cutoff   49      -389.59999 -517.54576  32.8%  24.8 1495s
  3387  1563     cutoff   49      -389.59999 -517.54576  32.8%  24.8 1514s
  3406  1572     cutoff   49      -389.59999 -517.54576  32.8%  24.8 1521s
  3414  1575 -429.01369   36    1 -389.59999 -517.54576  32.8%  24.9 1526s
  3438  1590 -515.77039   32   16 -389.59999 -517.54576  32.8%  24.9 1533s
  3447  1581     cutoff   48      -389.59999 -517.54576  32.8%  24.9 1540s
  3489  1588     cutoff   48      -389.59999 -517.54576  32.8%  25.1 1563s
  3517  1607 -394.81999   49    - -389.59999 -517.54576  32.8%  25.1 1565s
  3556  1600 -467.07316   36    8 -389.59999 -517.54576  32.8%  25.0 1589s
  3587  1614     cutoff   49      -389.59999 -517.54576  32.8%  25.0 1593s
  3597  1618     cutoff   49      -389.59999 -517.54576  32.8%  25.1 1602s
  3644  1641 -513.46724   29   17 -389.59999 -517.54576  32.8%  25.0 1615s
  3652  1634     cutoff   49      -389.59999 -517.54576  32.8%  25.1 1622s
  3689  1639 -461.29518   37    - -389.59999 -517.54576  32.8%  25.2 1640s
  3710  1652 -442.47896   43    - -389.59999 -517.54576  32.8%  25.2 1649s
  3733  1639 -418.54186   44    2 -389.59999 -517.54576  32.8%  25.2 1666s
  3763  1661     cutoff   48      -389.59999 -517.54576  32.8%  25.2 1672s
  3788  1652     cutoff   47      -389.59999 -517.54576  32.8%  25.3 1686s
  3827  1666 -465.37553   40    7 -389.59999 -517.54576  32.8%  25.4 1701s
  3876  1677     cutoff   47      -389.59999 -517.54576  32.8%  25.4 1718s
  3911  1687     cutoff   48      -389.59999 -517.54576  32.8%  25.5 1731s
  3940  1665     cutoff   49      -389.59999 -517.54576  32.8%  25.5 1752s
  3971  1687 -404.59934   37    1 -389.59999 -517.54576  32.8%  25.5 1760s
  4000  1685 -444.29010   43    5 -389.59999 -517.54576  32.8%  25.6 1779s
  4047  1701 -419.64148   45    3 -389.59999 -517.54576  32.8%  25.6 1800s
  4082  1715 -458.07689   35   12 -389.59999 -517.39175  32.8%  25.6 1808s
  4114  1713 -390.34708   46    2 -389.59999 -517.34045  32.8%  25.6 1823s
  4147  1734     cutoff   48      -389.59999 -517.18820  32.7%  25.7 1835s
  4172  1723     cutoff   47      -389.59999 -516.99111  32.7%  25.7 1856s
  4240  1730 -501.67366   32   11 -389.59999 -516.88942  32.7%  25.7 1894s
  4340  1759 -418.20133   25    3 -389.59999 -516.63276  32.6%  25.7 1930s
  4369  1782     cutoff   47      -389.59999 -516.33513  32.5%  25.7 1936s
  4394  1790     cutoff   49      -389.59999 -516.20467  32.5%  25.7 1955s
  4449  1817 -447.70702   46    3 -389.59999 -515.93362  32.4%  25.7 1966s
  4481  1797 -511.49076   19   12 -389.59999 -515.93362  32.4%  25.7 1988s
  4536  1832 -497.57821   36   13 -389.59999 -515.70696  32.4%  25.8 2009s
  4625  1844     cutoff   47      -389.59999 -515.16591  32.2%  25.8 2045s
  4694  1857 -396.05989   47    - -389.59999 -514.74558  32.1%  25.8 2085s
  4837  1896 -433.21544   48    1 -389.59999 -514.49166  32.1%  25.6 2138s
  4887  1917     cutoff   48      -389.59999 -514.36483  32.0%  25.6 2157s
  4903  1925 -412.12296   30    2 -389.59999 -514.21179  32.0%  25.6 2174s
  4939  1962 -486.78133   43    5 -389.59999 -513.83547  31.9%  25.7 2184s
  4965  1942     cutoff   48      -389.59999 -513.75351  31.9%  25.7 2205s
  5022  1975     cutoff   48      -389.59999 -513.44812  31.8%  25.7 2219s
  5055  1960     cutoff   45      -389.59999 -513.42819  31.8%  25.7 2245s
  5120  1998 -395.58063   47    1 -389.59999 -513.05225  31.7%  25.7 2260s
  5169  1977     cutoff   49      -389.59999 -512.98940  31.7%  25.7 2299s
  5221  2016 -392.83999   49    - -389.59999 -512.87684  31.6%  25.7 2306s
  5284  2019     cutoff   49      -389.59999 -512.85819  31.6%  25.7 2345s
  5389  2057 -435.53472   46    3 -389.59999 -512.65557  31.6%  25.7 2390s
  5494  2067     cutoff   49      -389.59999 -512.28926  31.5%  25.7 2443s
  5605  2103     cutoff   49      -389.59999 -511.91495  31.4%  25.7 2491s
  5701  2151     cutoff   49      -389.59999 -511.61321  31.3%  25.7 2525s
  5743  2167     cutoff   49      -389.59999 -511.36640  31.3%  25.7 2539s
  5796  2148 -473.43464   43    - -389.59999 -511.34175  31.2%  25.7 2586s
  5917  2160 -399.06929   44    5 -389.59999 -511.00432  31.2%  25.7 2657s
  6056  2180 -397.43443   45    4 -389.59999 -510.91267  31.1%  25.6 2733s
  6113  2235 -402.87283   47    2 -389.59999 -510.56283  31.0%  25.6 2748s
  6170  2216 -427.04790   21    1 -389.59999 -510.52530  31.0%  25.6 2796s
  6238  2261     cutoff   48      -389.59999 -510.18146  31.0%  25.5 2812s
  6273  2265 -476.82477   22    4 -389.59999 -510.05261  30.9%  25.6 2843s
  6335  2299     cutoff   48      -389.59999 -509.58964  30.8%  25.6 2861s
  6390  2288     cutoff   49      -389.59999 -509.50605  30.8%  25.6 2905s
  6534  2307 -506.21338   31   13 -389.59999 -508.86573  30.6%  25.6 2977s
  6575  2354 -458.02263   44    - -389.59999 -508.73987  30.6%  25.6 2987s
  6654  2350 -397.63269   47    2 -389.59999 -508.55277  30.5%  25.6 3039s
  6721  2389     cutoff   49      -389.59999 -507.89011  30.4%  25.6 3054s
  6777  2367 -427.61030   26    1 -389.59999 -507.64692  30.3%  25.7 3114s
  6886  2417     cutoff   49      -389.59999 -507.11675  30.2%  25.6 3152s
  6957  2381     cutoff   48      -389.59999 -507.03736  30.1%  25.6 3211s
  7020  2445 -410.98211   45    4 -389.59999 -506.61243  30.0%  25.6 3236s
  7055  2442 -404.65771   46    - -389.59999 -506.55854  30.0%  25.6 3279s
  7228  2466     cutoff   49      -389.59999 -505.25818  29.7%  25.6 3366s
  7322  2561 -439.91265   45    1 -389.59999 -504.41329  29.5%  25.6 3432s
  7436  2651     cutoff   48      -389.59999 -503.72442  29.3%  25.6 3477s
  7510  2618     cutoff   38      -389.59999 -503.62079  29.3%  25.6 3537s
  7604  2718     cutoff   48      -389.59999 -502.71742  29.0%  25.6 3571s
  7658  2693     cutoff   49      -389.59999 -502.53665  29.0%  25.6 3628s
  7801  2747     cutoff   49      -389.59999 -501.51343  28.7%  25.6 3732s
  7868  2818     cutoff   49      -389.59999 -500.21702  28.4%  25.7 3761s
  7961  2822     cutoff   48      -389.59999 -500.13275  28.4%  25.7 3837s
  8019  2884     cutoff   49      -389.59999 -499.61247  28.2%  25.7 3853s
  8056  2897 -456.97923   29    - -389.59999 -499.45739  28.2%  25.7 3906s
  8200  2963 -421.79422   45    4 -389.59999 -498.11450  27.9%  25.7 4000s
  8324  3040     cutoff   48      -389.59999 -497.41015  27.7%  25.7 4079s
  8465  3070 -432.66927   46    2 -389.59999 -495.57241  27.2%  25.8 4174s
  8525  3143     cutoff   49      -389.59999 -494.34718  26.9%  25.8 4197s
* 8526  3132              49    -393.9599883 -494.34718  25.5%  25.8 4198s
  8611  3115     cutoff   48      -393.95999 -493.55156  25.3%  25.8 4281s
  8741  3164 infeasible   48      -393.95999 -490.98548  24.6%  25.8 4380s
  8799  3222 -489.28360   32    9 -393.95999 -489.28360  24.2%  25.9 4398s
  8888  3220     cutoff   49      -393.95999 -489.20681  24.2%  25.9 4502s
  9002  3324     cutoff   48      -393.95999 -489.20681  24.2%  25.8 4544s
  9107  3320     cutoff   49      -393.95999 -488.89260  24.1%  25.8 4663s
  9275  3502 -419.67334   39    1 -393.95999 -487.75432  23.8%  25.7 4693s
  9387  3556     cutoff   48      -393.95999 -485.98772  23.4%  25.6 4776s
  9511  3670 -414.51999   48    1 -393.95999 -485.50948  23.2%  25.6 4820s
  9619  3657     cutoff   49      -393.95999 -485.50948  23.2%  25.5 4914s
  9866  3825 -434.55496   36    - -393.95999 -485.18556  23.2%  25.4 5064s
 10170  4004 -409.26901   46    3 -393.95999 -483.66901  22.8%  25.2 5222s
 10259  4114 -434.34806   40    - -393.95999 -483.34443  22.7%  25.2 5244s
 10400  4180 -414.21519   48    - -393.95999 -483.34443  22.7%  25.1 5369s
 10557  4319     cutoff   48      -393.95999 -483.34443  22.7%  25.0 5419s
 10696  4327     cutoff   49      -393.95999 -482.76971  22.5%  24.9 5546s
 10973  4478     cutoff   48      -393.95999 -482.28991  22.4%  24.7 5728s
 11094  4611 -405.36023   47    - -393.95999 -482.04676  22.4%  24.7 5762s
 11226  4677     cutoff   49      -393.95999 -482.01839  22.4%  24.6 5871s
 11446  4829     cutoff   49      -393.95999 -481.81870  22.3%  24.5 6000s
 11616  4970     cutoff   49      -393.95999 -481.61408  22.2%  24.5 6111s
 11866  5092     cutoff   49      -393.95999 -481.47365  22.2%  24.3 6253s
 12044  5221     cutoff   49      -393.95999 -481.32393  22.2%  24.3 6376s
 12240  5334 -454.77654   44    5 -393.95999 -481.12022  22.1%  24.2 6511s
 12372  5451 -416.63348   44    - -393.95999 -481.01588  22.1%  24.1 6545s
 12464  5487     cutoff   49      -393.95999 -480.85744  22.1%  24.1 6643s
 12662  5576 -412.09216   47    - -393.95999 -480.59038  22.0%  24.1 6803s
 12781  5685     cutoff   47      -393.95999 -480.39602  21.9%  24.0 6839s
 12896  5730 -435.31417   39    - -393.95999 -480.36250  21.9%  24.0 6958s
 13125  5870 -413.11553   47    - -393.95999 -480.23956  21.9%  23.9 7097s
 13316  6005     cutoff   48      -393.95999 -479.80080  21.8%  23.8 7183s

Cutting planes:
  Lazy constraints: 337298

Explored 13382 nodes (319611 simplex iterations) in 7196.53 seconds
Thread count was 4 (of 4 available processors)

Solution count 6: -393.96 -389.6 -373.12 ... -349

Time limit reached
Best objective -3.939599882886e+02, best bound -4.797710299409e+02, gap 21.7817%
