
Gurobi 9.0.3 (win64) logging started Mon Jan  3 22:45:02 2022

Changed value of parameter LogFile to Results/sslp3_40_50_200_var_BnC.log
   Prev:   Default: 
Changed value of parameter Heuristics to 0.0
   Prev: 0.05  Min: 0.0  Max: 1.0  Default: 0.05
Changed value of parameter lazyConstraints to 1
   Prev: 0  Min: 0  Max: 1  Default: 0
Changed value of parameter timeLimit to 2225.024133205414
   Prev: inf  Min: 0.0  Max: inf  Default: inf
Gurobi Optimizer version 9.0.3 build v9.0.3rc0 (win64)
Optimize a model with 6925 rows, 280 columns and 448841 nonzeros
Model fingerprint: 0x585ca1c4
Variable types: 240 continuous, 40 integer (40 binary)
Coefficient statistics:
  Matrix range     [1e-13, 5e+05]
  Objective range  [5e-03, 4e+01]
  Bounds range     [1e+00, 1e+00]
  RHS range        [2e-15, 1e+04]
Warning: Model contains large matrix coefficient range
         Consider reformulating model or setting NumericFocus parameter
         to avoid numerical issues.
Presolve added 0 rows and 223 columns
Presolve removed 674 rows and 0 columns
Presolve time: 0.38s
Presolved: 6251 rows, 503 columns, 354654 nonzeros
Variable types: 462 continuous, 41 integer (40 binary)

Root relaxation: objective -4.582773e+02, 1140 iterations, 0.75 seconds

    Nodes    |    Current Node    |     Objective Bounds      |     Work
 Expl Unexpl |  Obj  Depth IntInf | Incumbent    BestBd   Gap | It/Node Time

     0     0 -458.27731    0   29          - -458.27731      -     -    1s
     0     0 -458.27656    0   29          - -458.27656      -     -    2s
     0     0 -458.27653    0   29          - -458.27653      -     -    3s
     0     0 -458.27626    0   29          - -458.27626      -     -    3s
     0     0 -458.27619    0   29          - -458.27619      -     -    4s
     0     0 -458.27492    0   29          - -458.27492      -     -    4s
     0     0 -458.27489    0   29          - -458.27489      -     -    4s
     0     0 -458.27483    0   29          - -458.27483      -     -    5s
     0     0 -458.26675    0   29          - -458.26675      -     -    5s
     0     0 -458.26675    0   29          - -458.26675      -     -    6s
     0     2 -458.26675    0   29          - -458.26675      -     -    6s
*   65    64              40    -447.6949880 -458.12601  2.33%  66.6   10s
    98    84     cutoff   39      -447.69499 -457.83902  2.27%  67.5   15s
   150   125 -455.65978   19   12 -447.69499 -457.83519  2.26%  66.3   21s
   197   161 -457.17894    6   15 -447.69499 -457.56947  2.21%  67.4   25s
   241   196 -456.29343   22   11 -447.69499 -457.56947  2.21%  66.3   30s
   271   211     cutoff   40      -447.69499 -457.46687  2.18%  64.7   35s
   321   250 -455.11688   11    9 -447.69499 -457.46687  2.18%  64.3   40s
*  328   248              39    -450.3049889 -457.46687  1.59%  64.3   41s
   356   271 -452.89963   11    4 -450.30499 -457.29822  1.55%  66.3   45s
   453   334 -455.46568   21    8 -450.30499 -457.23738  1.54%  61.2   50s
   512   371 -454.73586   12   13 -450.30499 -457.17778  1.53%  60.9   56s
   569   401 -456.31850    9    8 -450.30499 -457.12564  1.51%  59.3   60s
   632   429     cutoff   38      -450.30499 -457.10739  1.51%  57.9   69s
   662   447 -454.85608   17    5 -450.30499 -457.08863  1.51%  57.4   71s
   681   469 -454.19613   24    2 -450.30499 -457.06480  1.50%  56.9   75s
   754   500 -454.46931   13   29 -450.30499 -457.05471  1.50%  53.7   84s
   756   501 -453.44953   31   29 -450.30499 -457.05471  1.50%  53.6   91s
   759   506 -457.05471   13   25 -450.30499 -457.05471  1.50%  55.6   98s
   761   508 -457.05471   14   26 -450.30499 -457.05471  1.50%  55.9  102s
   765   510 -457.05471   15   19 -450.30499 -457.05471  1.50%  56.9  105s
   791   529 -456.90487   22   16 -450.30499 -457.05471  1.50%  61.3  110s
   819   545 -456.08131   29   11 -450.30499 -457.05471  1.50%  64.4  115s
   861   577 -455.53213   38    8 -450.30499 -457.05471  1.50%  67.1  120s
   922   585 -457.05471   18   13 -450.30499 -457.05471  1.50%  68.9  126s
   967   617 -456.16320   43    4 -450.30499 -457.05471  1.50%  69.5  130s
  1046   647 -457.05471   19   16 -450.30499 -457.05471  1.50%  68.4  137s
  1067   651 -456.50181   20   16 -450.30499 -457.05471  1.50%  68.7  140s
  1131   679 -455.12113   34    9 -450.30499 -457.05471  1.50%  67.8  147s
  1155   673 -451.12689   47    - -450.30499 -457.05471  1.50%  67.5  150s
  1187   676 -452.90350   19    - -450.30499 -457.05471  1.50%  67.7  156s
  1217   703 -452.64297   32    8 -450.30499 -457.05471  1.50%  67.8  160s
  1263   712 -456.27240   23   15 -450.30499 -457.05471  1.50%  67.3  165s
  1348   736     cutoff   50      -450.30499 -457.05471  1.50%  66.0  172s
  1369   735 -455.71834   26   13 -450.30499 -457.05471  1.50%  66.1  175s
  1411   771 -454.71009   29   11 -450.30499 -457.05471  1.50%  66.4  181s
  1454   764 -451.74820   46    2 -450.30499 -457.05471  1.50%  65.8  186s
  1471   776     cutoff   47      -450.30499 -457.05471  1.50%  66.0  191s
  1532   798     cutoff   49      -450.30499 -457.05471  1.50%  65.8  199s
  1545   794 -453.42444   47    3 -450.30499 -457.05471  1.50%  66.0  200s
  1560   809 -451.69627   31   10 -450.30499 -457.05471  1.50%  66.2  207s
  1595   826 -456.87368   26   14 -450.30499 -457.05471  1.50%  65.9  210s
  1660   844 -455.97449   25   12 -450.30499 -457.05471  1.50%  65.9  215s
  1692   855 -454.29226   38    8 -450.30499 -457.05471  1.50%  65.9  220s
  1748   862     cutoff   25      -450.30499 -457.05471  1.50%  66.5  231s
  1758   862 -452.51487   46    4 -450.30499 -457.05471  1.50%  66.7  236s
  1778   870     cutoff   33      -450.30499 -457.05471  1.50%  66.7  242s
  1790   870     cutoff   50      -450.30499 -457.05471  1.50%  66.8  247s
  1845   881     cutoff   39      -450.30499 -457.05471  1.50%  66.9  262s
  1873   890     cutoff   50      -450.30499 -457.02887  1.49%  66.9  267s
  1908   903 -453.87710   33   10 -450.30499 -457.00893  1.49%  66.9  271s
  1944   915     cutoff   49      -450.30499 -456.98805  1.48%  66.9  275s
  1977   927 -454.04329   26   13 -450.30499 -456.98170  1.48%  67.0  280s
  2037   953     cutoff   30      -450.30499 -456.95698  1.48%  67.3  289s
  2062   946 -451.68965   30    2 -450.30499 -456.95698  1.48%  67.0  291s
  2152   957 -450.46440   31    8 -450.30499 -456.89611  1.46%  66.2  301s
  2197   951 -450.75194   35    6 -450.30499 -456.88900  1.46%  65.9  306s
  2232   971     cutoff   37      -450.30499 -456.87511  1.46%  66.0  313s
  2276   994 -453.04620   28   10 -450.30499 -456.86160  1.46%  65.9  319s
  2327  1023 -456.10075   22   14 -450.30499 -456.85882  1.46%  65.7  328s
  2370  1032     cutoff   21      -450.30499 -456.85882  1.46%  65.5  336s
  2407  1055     cutoff   32      -450.30499 -456.83638  1.45%  65.7  351s
  2456  1064     cutoff   45      -450.30499 -456.78776  1.44%  65.6  358s
  2493  1078     cutoff   25      -450.30499 -456.76171  1.43%  65.9  372s
  2517  1095     cutoff   32      -450.30499 -456.76171  1.43%  66.3  383s
  2546  1104 -455.93750   33    9 -450.30499 -456.76171  1.43%  66.4  394s
  2568  1127 -455.09853   47    2 -450.30499 -456.75189  1.43%  66.5  401s
  2607  1163     cutoff   50      -450.30499 -456.72469  1.43%  66.5  407s
  2654  1191 -451.22902   44    3 -450.30499 -456.70217  1.42%  66.2  413s
  2672  1192     cutoff   48      -450.30499 -456.69567  1.42%  66.3  415s
  2701  1214     cutoff   47      -450.30499 -456.68994  1.42%  66.2  422s
  2747  1245 -451.33695   35    4 -450.30499 -456.67259  1.41%  66.1  432s
  2805  1295 -451.21647   37    2 -450.30499 -456.64554  1.41%  65.9  441s
  2872  1326     cutoff   48      -450.30499 -456.60000  1.40%  65.4  449s
  2933  1335     cutoff   33      -450.30499 -456.58872  1.40%  65.1  465s
  2968  1344 -455.83346   48    2 -450.30499 -456.57605  1.39%  65.1  476s
  3008  1386     cutoff   39      -450.30499 -456.57239  1.39%  65.1  489s
  3067  1423 -452.40108   38    5 -450.30499 -456.55527  1.39%  64.8  498s
  3104  1426     cutoff   40      -450.30499 -456.54338  1.39%  64.6  502s
  3136  1441     cutoff   47      -450.30499 -456.54338  1.39%  64.5  512s
  3159  1448 -453.60589   26    - -450.30499 -456.53795  1.38%  64.9  522s
  3190  1458 -451.71826   32    7 -450.30499 -456.53184  1.38%  65.1  542s
  3214  1461     cutoff   27      -450.30499 -456.53137  1.38%  65.0  546s
  3247  1490     cutoff   37      -450.30499 -456.52754  1.38%  65.0  562s
  3276  1493     cutoff   49      -450.30499 -456.52716  1.38%  64.8  566s
  3289  1491     cutoff   35      -450.30499 -456.52470  1.38%  64.9  575s
  3351  1526     cutoff   49      -450.30499 -456.50635  1.38%  65.1  598s
  3408  1563 -453.91959   32    9 -450.30499 -456.48432  1.37%  65.0  614s
  3458  1585     cutoff   48      -450.30499 -456.47255  1.37%  65.0  628s
  3498  1617 -452.91967   35   10 -450.30499 -456.46820  1.37%  65.1  641s
  3564  1643     cutoff   47      -450.30499 -456.46232  1.37%  65.0  657s
  3608  1688     cutoff   27      -450.30499 -456.44638  1.36%  65.1  673s
  3634  1690 -454.51084   32    9 -450.30499 -456.44261  1.36%  65.0  676s
  3662  1730 -453.99300   41    6 -450.30499 -456.43706  1.36%  65.0  686s
  3704  1737 -453.23255   25   11 -450.30499 -456.43572  1.36%  64.9  694s
  3746  1780     cutoff   50      -450.30499 -456.42753  1.36%  64.6  708s
  3810  1800     cutoff   48      -450.30499 -456.41340  1.36%  64.5  724s
  3824  1803 -452.72343   47    3 -450.30499 -456.41191  1.36%  64.6  728s
  3871  1825     cutoff   25      -450.30499 -456.40944  1.36%  64.5  749s
  3946  1857     cutoff   42      -450.30499 -456.39721  1.35%  64.3  774s
  4005  1891     cutoff   34      -450.30499 -456.37724  1.35%  64.1  788s
  4039  1893 -455.04528   32   11 -450.30499 -456.36325  1.35%  64.1  790s
  4088  1923 -450.67170   37    5 -450.30499 -456.35594  1.34%  64.0  808s
  4133  1928 -454.35385   35    - -450.30499 -456.33267  1.34%  63.8  816s
  4168  1946 -451.72987   36    2 -450.30499 -456.32581  1.34%  63.8  833s
  4232  1977     cutoff   32      -450.30499 -456.29659  1.33%  63.7  849s
  4262  1979 -456.14965   30   11 -450.30499 -456.28344  1.33%  63.6  851s
  4292  2013 -455.03197   30   10 -450.30499 -456.27780  1.33%  63.7  873s
  4364  2036     cutoff   50      -450.30499 -456.26411  1.32%  63.6  898s
  4394  2041 -452.36301   43    6 -450.30499 -456.25283  1.32%  63.7  904s
  4426  2047     cutoff   33      -450.30499 -456.24783  1.32%  63.8  926s
  4464  2054 -452.55409   29    - -450.30499 -456.23899  1.32%  63.8  936s
  4510  2108     cutoff   42      -450.30499 -456.23820  1.32%  63.7  963s
  4589  2125     cutoff   47      -450.30499 -456.22230  1.31%  63.4  985s
  4655  2138     cutoff   31      -450.30499 -456.19728  1.31%  63.4 1008s
  4722  2192     cutoff   34      -450.30499 -456.18104  1.30%  63.5 1037s
  4806  2213     cutoff   48      -450.30499 -456.17168  1.30%  63.3 1063s
  4841  2220     cutoff   48      -450.30499 -456.14152  1.30%  63.3 1072s
  4885  2251 -452.51050   29    8 -450.30499 -456.13784  1.30%  63.5 1097s
  4962  2305 -453.08676   33    7 -450.30499 -456.13137  1.29%  63.3 1125s
  5057  2329     cutoff   46      -450.30499 -456.12238  1.29%  63.1 1158s
  5078  2331     cutoff   34      -450.30499 -456.11539  1.29%  63.1 1161s
  5135  2360 -454.73550   32   10 -450.30499 -456.11395  1.29%  63.0 1187s
  5208  2367 -453.70655   25   12 -450.30499 -456.10768  1.29%  63.0 1211s
  5263  2404 -454.96978   28   13 -450.30499 -456.09274  1.29%  63.1 1237s
  5332  2436 -452.22996   48    2 -450.30499 -456.08882  1.28%  63.0 1264s
* 5387  2380              20    -450.6599883 -456.08882  1.20%  62.9 1270s
  5428  2437     cutoff   47      -450.65999 -456.07857  1.20%  62.9 1291s
  5476  2442 -453.74110   29   10 -450.65999 -456.07565  1.20%  62.9 1297s
  5525  2483     cutoff   46      -450.65999 -456.07088  1.20%  62.8 1327s
  5605  2522     cutoff   37      -450.65999 -456.05911  1.20%  62.8 1359s
  5632  2527     cutoff   47      -450.65999 -456.04209  1.19%  63.0 1365s
  5680  2555     cutoff   29      -450.65999 -456.03836  1.19%  62.8 1393s
  5715  2559     cutoff   47      -450.65999 -456.00981  1.19%  62.9 1398s
  5771  2568     cutoff   43      -450.65999 -455.99635  1.18%  62.7 1422s
  5834  2608 -454.02699   27   12 -450.65999 -455.97286  1.18%  62.9 1455s
  5912  2645     cutoff   47      -450.65999 -455.95352  1.17%  62.9 1489s
  6007  2699     cutoff   41      -450.65999 -455.93393  1.17%  62.7 1529s
  6085  2736 -451.88926   32    7 -450.65999 -455.92744  1.17%  62.7 1558s
  6195  2766     cutoff   38      -450.65999 -455.92069  1.17%  62.4 1594s
  6282  2827     cutoff   40      -450.65999 -455.90138  1.16%  62.4 1633s
  6377  2891 -451.95348   49    2 -450.65999 -455.87811  1.16%  62.3 1670s
  6478  2936 -454.32931   37    7 -450.65999 -455.85943  1.15%  62.1 1700s
  6539  2940     cutoff   42      -450.65999 -455.84653  1.15%  61.9 1705s
  6590  2989     cutoff   46      -450.65999 -455.84000  1.15%  61.9 1737s
  6709  3050 -452.75014   49    2 -450.65999 -455.80771  1.14%  61.6 1783s
  6815  3109     cutoff   47      -450.65999 -455.79509  1.14%  61.4 1822s
  6918  3149 -452.65791   47    2 -450.65999 -455.78294  1.14%  61.2 1857s
  6967  3155     cutoff   49      -450.65999 -455.77802  1.14%  61.2 1864s
  7024  3211     cutoff   30      -450.65999 -455.77765  1.14%  61.2 1899s
  7074  3213     cutoff   48      -450.65999 -455.75972  1.13%  61.1 1901s
  7110  3241     cutoff   46      -450.65999 -455.74812  1.13%  61.1 1930s
  7221  3300     cutoff   33      -450.65999 -455.71850  1.12%  61.0 1969s
  7341  3333     cutoff   48      -450.65999 -455.69070  1.12%  60.7 2012s
  7388  3346     cutoff   48      -450.65999 -455.68159  1.11%  60.7 2028s
  7448  3389     cutoff   45      -450.65999 -455.67587  1.11%  60.7 2064s
  7522  3457     cutoff   31      -450.65999 -455.66273  1.11%  60.6 2102s
  7636  3503     cutoff   44      -450.65999 -455.64988  1.11%  60.4 2139s
  7729  3554     cutoff   27      -450.65999 -455.64473  1.11%  60.4 2188s
  7810  3587 -453.14177   40    5 -450.65999 -455.62839  1.10%  60.4 2224s

Cutting planes:
  Lazy constraints: 115847

Explored 7893 nodes (478085 simplex iterations) in 2242.95 seconds
Thread count was 4 (of 4 available processors)

Solution count 3: -450.66 -450.305 -447.695 

Time limit reached
Warning: max constraint violation (3.9917e-06) exceeds tolerance
Best objective -4.506599882812e+02, best bound -4.556283881609e+02, gap 1.1025%

User-callback calls 57213, time in user-callback 786.90 sec
