
Gurobi 9.0.3 (win64) logging started Sat Jan  1 03:42:01 2022

Changed value of parameter LogFile to Results/sslp1_20_100_50_var_BnC.log
   Prev:   Default: 
Changed value of parameter Heuristics to 0.0
   Prev: 0.05  Min: 0.0  Max: 1.0  Default: 0.05
Changed value of parameter lazyConstraints to 1
   Prev: 0  Min: 0  Max: 1  Default: 0
Changed value of parameter timeLimit to 6239.165403604507
   Prev: inf  Min: 0.0  Max: inf  Default: inf
Gurobi Optimizer version 9.0.3 build v9.0.3rc0 (win64)
Optimize a model with 2091 rows, 90 columns and 66597 nonzeros
Model fingerprint: 0x445ae8b6
Variable types: 70 continuous, 20 integer (20 binary)
Coefficient statistics:
  Matrix range     [2e-13, 9e+05]
  Objective range  [2e-02, 4e+01]
  Bounds range     [1e+00, 1e+00]
  RHS range        [7e-15, 6e+04]
Warning: Model contains large matrix coefficient range
         Consider reformulating model or setting NumericFocus parameter
         to avoid numerical issues.
Presolve added 0 rows and 21 columns
Presolve removed 221 rows and 0 columns
Presolve time: 0.05s
Presolved: 1870 rows, 111 columns, 53758 nonzeros
Variable types: 90 continuous, 21 integer (20 binary)

Root relaxation: objective -9.949801e+02, 354 iterations, 0.06 seconds

    Nodes    |    Current Node    |     Objective Bounds      |     Work
 Expl Unexpl |  Obj  Depth IntInf | Incumbent    BestBd   Gap | It/Node Time

     0     0 -994.98011    0   14          - -994.98011      -     -    0s
     0     0 -994.98011    0   14          - -994.98011      -     -    0s
     0     0 -994.96808    0   14          - -994.96808      -     -    0s
     0     0 -994.95706    0   14          - -994.95706      -     -    0s
     0     0 -994.94994    0   13          - -994.94994      -     -    0s
     0     0 -994.94733    0   13          - -994.94733      -     -    0s
     0     0 -994.94733    0   13          - -994.94733      -     -    0s
     0     0 -994.94733    0   13          - -994.94733      -     -    0s
     0     0 -994.94733    0   13          - -994.94733      -     -    0s
     0     0 -994.94733    0   13          - -994.94733      -     -    0s
     0     2 -994.94733    0   13          - -994.94733      -     -    0s
*   44    39              20    -994.1799754 -994.85079  0.07%  27.3    2s

Cutting planes:
  Gomory: 3
  MIR: 1
  Lazy constraints: 150

Explored 66 nodes (1911 simplex iterations) in 2.13 seconds
Thread count was 4 (of 4 available processors)

Solution count 1: -994.18 
No other solutions better than -994.18

Optimal solution found (tolerance 1.00e-04)
Warning: max constraint violation (6.4471e-06) exceeds tolerance
Best objective -9.941799754490e+02, best bound -9.941799754490e+02, gap 0.0000%

User-callback calls 545, time in user-callback 1.22 sec
