
Gurobi 8.1.1 (win64) logging started 07/07/20 11:14:40

Changed value of parameter LogFile to Results/sslp3_20_100_50_BendersBnC.log
   Prev: gurobi.log  Default: 
Changed value of parameter Heuristics to 0.0
   Prev: 0.05  Min: 0.0  Max: 1.0  Default: 0.05
Changed value of parameter lazyConstraints to 1
   Prev: 0  Min: 0  Max: 1  Default: 0
Changed value of parameter timeLimit to 7192.461180448532
   Prev: 1e+100  Min: 0.0  Max: 1e+100  Default: 1e+100
Optimize a model with 661 rows, 70 columns and 8374 nonzeros
Variable types: 50 continuous, 20 integer (20 binary)
Coefficient statistics:
  Matrix range     [4e-13, 2e+06]
  Objective range  [2e-02, 8e+01]
  Bounds range     [1e+00, 1e+00]
  RHS range        [2e-13, 5e+04]
Warning: Model contains large matrix coefficient range
         Consider reformulating model or setting NumericFocus parameter
         to avoid numerical issues.
Presolve removed 64 rows and 0 columns
Presolve time: 0.02s
Presolved: 597 rows, 70 columns, 8138 nonzeros
Variable types: 50 continuous, 20 integer (20 binary)

Root relaxation: objective -1.157159e+03, 81 iterations, 0.03 seconds

    Nodes    |    Current Node    |     Objective Bounds      |     Work
 Expl Unexpl |  Obj  Depth IntInf | Incumbent    BestBd   Gap | It/Node Time

     0     0 -1157.1594    0   13          - -1157.1594      -     -    0s
     0     0 -1156.5459    0   12          - -1156.5459      -     -    0s
     0     0 -1156.0916    0   11          - -1156.0916      -     -    0s
     0     0 -1155.7608    0   10          - -1155.7608      -     -    0s
     0     0 -1155.5163    0   11          - -1155.5163      -     -    0s
     0     0 -1155.1927    0   10          - -1155.1927      -     -    0s
     0     0 -1154.8143    0   11          - -1154.8143      -     -    0s
     0     0 -1154.5559    0   12          - -1154.5559      -     -    0s
     0     0 -1154.3880    0   12          - -1154.3880      -     -    0s
     0     0 -1154.1512    0   11          - -1154.1512      -     -    0s
     0     0 -1153.9792    0   12          - -1153.9792      -     -    0s
     0     0 -1153.8376    0   11          - -1153.8376      -     -    0s
     0     0 -1153.6393    0   12          - -1153.6393      -     -    0s
     0     0 -1153.4651    0    9          - -1153.4651      -     -    0s
     0     0 -1153.2527    0    8          - -1153.2527      -     -    0s
     0     0 -1153.2089    0    9          - -1153.2089      -     -    0s
     0     0 -1153.1029    0    8          - -1153.1029      -     -    0s
     0     0 -1153.0570    0    9          - -1153.0570      -     -    0s
     0     0 -1153.0138    0   10          - -1153.0138      -     -    0s
     0     0 -1152.9044    0   10          - -1152.9044      -     -    0s
     0     0 -1152.8481    0    9          - -1152.8481      -     -    0s
     0     0 -1152.7744    0    8          - -1152.7744      -     -    0s
     0     0 -1152.6099    0    9          - -1152.6099      -     -    0s
     0     0 -1152.5989    0   10          - -1152.5989      -     -    0s
     0     0 -1152.5171    0    9          - -1152.5171      -     -    0s
     0     0 -1152.4986    0    9          - -1152.4986      -     -    0s
     0     0 -1152.4335    0    9          - -1152.4335      -     -    0s
     0     0 -1152.4187    0   10          - -1152.4187      -     -    0s
     0     0 -1152.3544    0    8          - -1152.3544      -     -    0s
     0     0 -1152.2655    0    8          - -1152.2655      -     -    0s
     0     0 -1152.2623    0    9          - -1152.2623      -     -    0s
     0     0 -1152.2464    0   10          - -1152.2464      -     -    0s
     0     0 -1152.2260    0    9          - -1152.2260      -     -    0s
     0     0 -1152.2150    0    9          - -1152.2150      -     -    0s
     0     0 -1152.1974    0    9          - -1152.1974      -     -    0s
     0     0 -1152.1866    0   10          - -1152.1866      -     -    0s
     0     0 -1152.1848    0   11          - -1152.1848      -     -    0s
     0     0 -1152.1498    0   11          - -1152.1498      -     -    0s
     0     0 -1152.1454    0   11          - -1152.1454      -     -    0s
     0     0 -1152.1454    0   11          - -1152.1454      -     -    0s
     0     0 -1152.0024    0    8          - -1152.0024      -     -    0s
     0     0 -1151.8598    0    9          - -1151.8598      -     -    0s
     0     0 -1151.7781    0    9          - -1151.7781      -     -    0s
     0     0 -1151.6963    0   10          - -1151.6963      -     -    0s
     0     0 -1151.6559    0   11          - -1151.6559      -     -    0s
     0     0 -1151.6083    0   10          - -1151.6083      -     -    1s
     0     0 -1151.5701    0   10          - -1151.5701      -     -    1s
     0     0 -1151.5311    0   11          - -1151.5311      -     -    1s
     0     0 -1151.5057    0   11          - -1151.5057      -     -    1s
     0     0 -1151.4466    0   11          - -1151.4466      -     -    1s
     0     0 -1151.4064    0    9          - -1151.4064      -     -    1s
     0     0 -1151.4017    0    9          - -1151.4017      -     -    1s
     0     0 -1151.3429    0   10          - -1151.3429      -     -    1s
     0     0 -1151.3058    0    9          - -1151.3058      -     -    1s
     0     0 -1151.2717    0   10          - -1151.2717      -     -    1s
     0     0 -1151.2684    0   10          - -1151.2684      -     -    1s
     0     0 -1151.2386    0    9          - -1151.2386      -     -    1s
     0     0 -1151.2320    0    9          - -1151.2320      -     -    1s
     0     0 -1151.2160    0    9          - -1151.2160      -     -    1s
     0     0 -1151.2090    0    9          - -1151.2090      -     -    1s
     0     0 -1151.1586    0   11          - -1151.1586      -     -    1s
     0     0 -1151.1330    0    9          - -1151.1330      -     -    1s
     0     0 -1151.1283    0   10          - -1151.1283      -     -    1s
     0     0 -1151.1260    0   10          - -1151.1260      -     -    1s
     0     0 -1151.1078    0   10          - -1151.1078      -     -    1s
     0     0 -1151.0794    0   10          - -1151.0794      -     -    1s
     0     0 -1151.0761    0   10          - -1151.0761      -     -    1s
     0     0 -1151.0730    0   10          - -1151.0730      -     -    1s
     0     0 -1151.0599    0   10          - -1151.0599      -     -    1s
     0     0 -1151.0587    0   10          - -1151.0587      -     -    1s
     0     0 -1150.9005    0    9          - -1150.9005      -     -    1s
     0     0 -1150.8799    0   10          - -1150.8799      -     -    1s
     0     0 -1150.8662    0   10          - -1150.8662      -     -    1s
     0     0 -1150.8102    0   11          - -1150.8102      -     -    1s
     0     0 -1150.7817    0   10          - -1150.7817      -     -    1s
     0     0 -1150.7711    0   10          - -1150.7711      -     -    1s
     0     0 -1150.7533    0    9          - -1150.7533      -     -    1s
     0     0 -1150.7507    0    9          - -1150.7507      -     -    1s
     0     0 -1150.7399    0   10          - -1150.7399      -     -    1s
     0     0 -1150.7250    0   10          - -1150.7250      -     -    1s
     0     0 -1150.7191    0   11          - -1150.7191      -     -    1s
     0     0 -1150.7170    0   11          - -1150.7170      -     -    1s
     0     0 -1150.7128    0   10          - -1150.7128      -     -    1s
     0     0 -1150.6939    0   10          - -1150.6939      -     -    1s
     0     0 -1150.6935    0   10          - -1150.6935      -     -    1s
     0     0 -1150.6904    0    9          - -1150.6904      -     -    1s
     0     0 -1150.6783    0   10          - -1150.6783      -     -    1s
     0     0 -1150.6579    0   10          - -1150.6579      -     -    1s
     0     0 -1150.6501    0   10          - -1150.6501      -     -    1s
     0     0 -1150.6489    0   10          - -1150.6489      -     -    1s
     0     0 -1150.6432    0   10          - -1150.6432      -     -    1s
     0     0 -1150.6327    0   10          - -1150.6327      -     -    1s
     0     0 -1150.6316    0   10          - -1150.6316      -     -    1s
     0     0 -1150.6305    0   11          - -1150.6305      -     -    1s
     0     0 -1150.6299    0   11          - -1150.6299      -     -    1s
     0     0 -1150.6202    0   11          - -1150.6202      -     -    2s
     0     2 -1150.6202    0   11          - -1150.6202      -     -    2s
    15    13 -1147.9676    8    7          - -1150.4483      -  16.0    6s
    29    15 -1094.5552   11    2          - -1150.4483      -  16.0   10s
    48    29 -1090.9446    9    3          - -1150.4483      -  13.8   17s
    59    31 -1089.4736   12    2          - -1150.4483      -  12.5   20s
*   65    33              20    -602.7199853 -1150.3314  90.9%  13.3   25s
*   72    33              20    -760.3799804 -1150.1413  51.3%  13.9   28s
    82    40 -1111.9891    5    - -760.37998 -1150.1413  51.3%  14.3   32s
    89    37 -1069.9053    6    - -760.37998 -1150.1413  51.3%  14.3   36s
    98    37 -1067.0837    6    - -760.37998 -1150.1413  51.3%  14.3   40s
   112    48 -1066.2340    5    - -760.37998 -1150.1413  51.3%  14.3   48s
   118    49 -1062.4226    5    - -760.37998 -1150.1413  51.3%  14.2   51s
   127    51 -1095.5198   12    - -760.37998 -1150.1413  51.3%  14.5   55s
   139    58 -1045.6469   12    - -760.37998 -1150.1413  51.3%  14.3   61s
   147    63 -1050.2635   10    - -760.37998 -1150.1413  51.3%  14.1   65s
*  158    63              20    -806.9599785 -1150.1413  42.5%  15.1   67s
   162    59 -1092.3412   13    - -806.95998 -1150.1413  42.5%  14.9   70s
*  172    68              20    -829.2199769 -1150.1413  38.7%  15.0   76s
   186    65 -1037.6110   14    - -829.21998 -1150.1413  38.7%  15.0   83s
   190    64 -1025.4135   14    - -829.21998 -1150.1413  38.7%  15.0   86s
   200    70 -1041.9664   16    - -829.21998 -1150.1413  38.7%  15.1   91s
   215    71 -1058.2329   19    - -829.21998 -1150.1413  38.7%  15.2   95s
   234    77 -1038.1615   18    - -829.21998 -1150.1413  38.7%  15.8  101s
   244    80 -998.16149   19    - -829.21998 -1150.1413  38.7%  16.0  105s
   259    86 -868.93975   18    2 -829.21998 -1150.1413  38.7%  16.9  110s
*  263    74              20    -829.2199779 -1150.1413  38.7%  16.9  111s
*  267    77              20    -842.2999767 -1150.1413  36.5%  17.0  114s
   270    79 -1102.9778    6    - -842.29998 -1150.1413  36.5%  16.9  115s
   283    86 -1108.6830    6    - -842.29998 -1142.7333  35.7%  16.9  120s
   297    81 -1105.3674    9    - -842.29998 -1126.1228  33.7%  16.7  127s
   306    84 -1063.6849    7    - -842.29998 -1126.1139  33.7%  16.6  133s
   311    91 -1122.9152   13    7 -842.29998 -1122.9152  33.3%  16.7  136s
   326    94 -1085.4475   16    - -842.29998 -1111.8345  32.0%  16.4  143s
   336   101 -1045.4475   16    - -842.29998 -1110.8693  31.9%  16.5  148s
   344   104 -1091.6903   16    3 -842.29998 -1108.6830  31.6%  16.4  151s
   350   107 -1089.9796   16    - -842.29998 -1108.6830  31.6%  16.4  156s
   365   109 -1052.5134   16    1 -842.29998 -1108.6830  31.6%  16.5  162s
   374   113 -857.53998   20    - -842.29998 -1108.6830  31.6%  16.4  167s
   392   108     cutoff   20      -842.29998 -1105.3674  31.2%  16.8  170s
   401   108 -1062.7323    7    - -842.29998 -1103.8566  31.1%  16.7  175s
   420   113 -1095.7255   13    6 -842.29998 -1103.1862  31.0%  16.5  185s
   428   114 -1059.7828   15    - -842.29998 -1103.1862  31.0%  16.4  190s
   446   119     cutoff   20      -842.29998 -1100.6478  30.7%  16.2  199s
   456   123 -1059.9707   18    - -842.29998 -1099.5934  30.5%  16.2  204s
   461   126 -1019.9707   18    - -842.29998 -1099.1010  30.5%  16.2  206s
   468   127 -863.94991   18    2 -842.29998 -1098.6783  30.4%  16.3  210s
   479   133 -1053.3812   16    - -842.29998 -1097.7593  30.3%  16.2  215s
   487   133 -1054.7559   17    - -842.29998 -1097.5951  30.3%  16.2  222s
   495   133 -1091.5046   14    - -842.29998 -1097.5951  30.3%  16.4  225s
   520   135 -1044.3446   18    - -842.29998 -1097.5951  30.3%  16.4  235s
   540   139 -1052.2970    8    2 -842.29998 -1094.5591  29.9%  16.4  240s
   552   145 -1082.1136   14    6 -842.29998 -1094.5591  29.9%  16.3  245s
   574   145 -864.79662   19    1 -842.29998 -1094.4508  29.9%  16.4  251s
   584   145     cutoff   20      -842.29998 -1093.8988  29.9%  16.4  256s
   594   142 -859.07846   19    1 -842.29998 -1093.0335  29.8%  16.4  260s
   604   141 -1050.1835   13    - -842.29998 -1092.2315  29.7%  16.4  267s
   609   146 -1041.0601   15    - -842.29998 -1092.2315  29.7%  16.3  270s
   624   149 -1039.5668   15    4 -842.29998 -1091.5083  29.6%  16.2  277s
   631   148 -1049.6035   12    - -842.29998 -1091.3819  29.6%  16.2  281s
   641   156 -1043.7247   12    - -842.29998 -1090.9431  29.5%  16.2  285s
*  654   160              20    -851.5199764 -1090.0832  28.0%  16.3  290s
   680   153 -1047.2608   11    - -851.51998 -1089.7916  28.0%  16.2  301s
   695   154 -1047.2438   13    - -851.51998 -1089.3730  27.9%  16.2  307s
   706   163 -1042.2922   13    - -851.51998 -1089.0664  27.9%  16.2  313s
   715   162 -1045.8098   11    - -851.51998 -1088.0039  27.8%  16.2  315s
   722   163 -1027.0874   13    5 -851.51998 -1088.0039  27.8%  16.2  321s
   733   167 -999.66422   16    - -851.51998 -1087.9913  27.8%  16.1  328s
   743   172 -984.99370   14    - -851.51998 -1087.7822  27.7%  16.1  334s
   747   177 -1050.1594   14    - -851.51998 -1087.7822  27.7%  16.1  336s
   753   176 -1012.7057   16    - -851.51998 -1087.7822  27.7%  16.1  341s
   763   181 -1054.9049   15    - -851.51998 -1087.7822  27.7%  16.1  346s
   772   182 -1029.6857   17    - -851.51998 -1087.7822  27.7%  16.2  350s
   779   186 -989.68574   17    - -851.51998 -1087.5972  27.7%  16.2  356s
   791   177     cutoff   18      -851.51998 -1087.5972  27.7%  16.5  360s
   804   176     cutoff   18      -851.51998 -1087.0806  27.7%  16.6  366s
   815   171     cutoff   18      -851.51998 -1086.6934  27.6%  16.5  372s
   820   177 -1042.4316   13    - -851.51998 -1085.8648  27.5%  16.5  376s
   842   176 -1041.4039   16    - -851.51998 -1085.8138  27.5%  16.3  386s
   856   186 -1028.3897   16    - -851.51998 -1085.7109  27.5%  16.3  391s
   877   187 -1022.7777   16    - -851.51998 -1085.0836  27.4%  16.3  399s
   883   195     cutoff   20      -851.51998 -1085.0836  27.4%  16.3  402s
   906   193 -979.77771   18    - -851.51998 -1084.2900  27.3%  16.4  410s
   924   192 -1043.5893   12    - -851.51998 -1083.1859  27.2%  16.5  418s
   931   199     cutoff   20      -851.51998 -1083.1859  27.2%  16.4  421s
   943   194 -1075.4493   15    2 -851.51998 -1082.4046  27.1%  16.5  425s
   962   195 -871.11753   19    1 -851.51998 -1080.6970  26.9%  16.5  433s
   982   201 -1051.3668   19    1 -851.51998 -1075.3627  26.3%  16.6  437s
   991   207     cutoff   20      -851.51998 -1070.5216  25.7%  16.6  440s
  1024   201 -875.71998   20    - -851.51998 -1069.0549  25.5%  17.1  450s
* 1050   180              20    -858.8599766 -1067.4897  24.3%  17.0  463s
  1065   198 -1056.8733   17    - -858.85998 -1067.4897  24.3%  17.0  471s
  1081   196     cutoff   20      -858.85998 -1065.8199  24.1%  16.9  482s
  1094   209 -1030.9387   16    2 -858.85998 -1064.4897  23.9%  16.9  486s
  1102   217     cutoff   20      -858.85998 -1064.4897  23.9%  16.9  490s
  1113   206 -1025.5439   17    3 -858.85998 -1061.2732  23.6%  16.8  495s
  1131   209 -987.10054   18    - -858.85998 -1060.4536  23.5%  16.8  505s
  1148   206 -947.10054   18    - -858.85998 -1060.0966  23.4%  16.8  513s
  1163   210     cutoff   18      -858.85998 -1059.2473  23.3%  16.8  524s
  1170   220 -1027.7945   17    3 -858.85998 -1059.2473  23.3%  16.8  528s
  1178   216 -912.59511   18    - -858.85998 -1057.4415  23.1%  16.7  534s
  1194   212 -1053.5957   10    - -858.85998 -1057.0180  23.1%  16.8  542s
  1213   213 -1024.8854   17    3 -858.85998 -1056.5004  23.0%  16.7  553s
  1221   230 -1014.0180    8    - -858.85998 -1055.5856  22.9%  16.7  559s
  1229   218 -993.08190   18    - -858.85998 -1055.5856  22.9%  16.7  565s
  1253   226 -870.23998   20    - -858.85998 -1054.8962  22.8%  16.6  575s
  1268   229     cutoff   20      -858.85998 -1054.8250  22.8%  16.7  581s
  1278   239 -1015.6988    9    - -858.85998 -1054.8250  22.8%  16.7  586s
  1284   232 -1003.4024   15    1 -858.85998 -1054.7557  22.8%  16.7  590s
  1309   232     cutoff   20      -858.85998 -1054.2600  22.8%  16.6  602s
  1330   234     cutoff   20      -858.85998 -1053.7213  22.7%  16.6  612s
  1342   247 -1023.5693   15    - -858.85998 -1053.3457  22.6%  16.6  618s
  1352   237     cutoff   20      -858.85998 -1053.0992  22.6%  16.6  625s
* 1368   252              20    -859.9399774 -1053.0992  22.5%  16.6  631s
* 1382   252              20    -870.8999762 -1052.8200  20.9%  16.6  636s
  1400   246 -871.84936   19    1 -870.89998 -1052.8200  20.9%  16.5  645s
  1417   257     cutoff   20      -870.89998 -1052.8200  20.9%  16.5  652s
  1431   241     cutoff   20      -870.89998 -1052.8200  20.9%  16.5  658s
  1461   239     cutoff   20      -870.89998 -1051.7646  20.8%  16.5  673s
  1490   241     cutoff   20      -870.89998 -1051.2606  20.7%  16.4  689s
  1501   262 -1045.1606   12    3 -870.89998 -1051.2606  20.7%  16.3  697s
  1511   255 -1046.9314   13    - -870.89998 -1050.9559  20.7%  16.3  704s
  1531   256 -1012.0267   17    - -870.89998 -1050.8977  20.7%  16.3  714s
  1544   274 -882.67419   19    1 -870.89998 -1050.0041  20.6%  16.2  722s
  1557   260 -984.87402   18    - -870.89998 -1049.9139  20.6%  16.2  731s
  1569   275 -965.33792   18    2 -870.89998 -1049.9139  20.6%  16.2  736s
  1577   269 -944.87402   18    - -870.89998 -1049.5557  20.5%  16.2  740s
  1602   267     cutoff   19      -870.89998 -1049.4589  20.5%  16.2  751s
  1625   270 -899.12531   18    2 -870.89998 -1049.0355  20.5%  16.3  763s
  1633   280     cutoff   20      -870.89998 -1048.8994  20.4%  16.3  766s
  1647   271     cutoff   19      -870.89998 -1048.7730  20.4%  16.2  774s
  1670   288 -1031.8733   17    3 -870.89998 -1048.6105  20.4%  16.2  785s
  1692   287 -888.74587   19    1 -870.89998 -1048.5782  20.4%  16.2  794s
  1702   294 -1043.9233   11    - -870.89998 -1048.5782  20.4%  16.2  798s
  1715   300 -1016.6024   18    2 -870.89998 -1048.1856  20.4%  16.1  806s
  1728   310 -1035.3037   14    5 -870.89998 -1048.1676  20.4%  16.2  810s
  1765   302     cutoff   20      -870.89998 -1047.9796  20.3%  16.2  825s
  1791   309 -1034.6794   13    5 -870.89998 -1047.7567  20.3%  16.3  837s
  1802   322     cutoff   20      -870.89998 -1047.6857  20.3%  16.3  841s
  1811   314 -1030.3830   15    4 -870.89998 -1047.6047  20.3%  16.3  847s
  1823   330 -1004.8952   17    - -870.89998 -1047.6047  20.3%  16.2  856s
  1843   334     cutoff   20      -870.89998 -1047.3134  20.3%  16.3  864s
  1861   321 -1004.9767   14    - -870.89998 -1047.1975  20.2%  16.3  873s
  1889   335 -1035.6520    6    - -870.89998 -1046.9796  20.2%  16.2  888s
  1901   352 -997.72241   17    - -870.89998 -1046.7790  20.2%  16.2  892s
  1910   341 -1035.6648   17    - -870.89998 -1046.7229  20.2%  16.2  900s
  1924   356 -904.35044   19    1 -870.89998 -1046.6318  20.2%  16.2  907s
  1941   346 -1025.3316   17    3 -870.89998 -1046.5379  20.2%  16.2  915s
  1971   351 -887.04454   19    1 -870.89998 -1046.3111  20.1%  16.2  926s
  2000   355 -965.67596   18    2 -870.89998 -1046.0720  20.1%  16.1  943s
  2029   365 -873.25066   19    1 -870.89998 -1045.6694  20.1%  16.1  959s
  2061   372     cutoff   20      -870.89998 -1045.1551  20.0%  16.0  974s
  2080   390 -1002.4675   19    - -870.89998 -1044.7925  20.0%  16.1  984s
  2095   380     cutoff   20      -870.89998 -1044.7127  20.0%  16.1  989s
  2130   393 -1038.1981    9    6 -870.89998 -1044.4300  19.9%  16.1 1004s
  2159   393 -1041.1476    4    - -870.89998 -1044.2302  19.9%  16.1 1018s
  2172   408     cutoff   20      -870.89998 -1044.2302  19.9%  16.0 1026s
  2189   393 -1005.6974   16    - -870.89998 -1044.0680  19.9%  16.0 1037s
  2205   411     cutoff   20      -870.89998 -1044.0680  19.9%  16.0 1044s
  2225   393     cutoff   20      -870.89998 -1043.7208  19.8%  16.0 1057s
  2255   408     cutoff   20      -870.89998 -1043.6572  19.8%  16.0 1073s
* 2287   429              20    -871.7999772 -1043.6572  19.7%  16.0 1088s
  2292   415     cutoff   20      -871.79998 -1043.2960  19.7%  16.0 1092s
  2323   405     cutoff   20      -871.79998 -1042.8125  19.6%  16.0 1107s
  2339   426     cutoff   20      -871.79998 -1042.2614  19.6%  16.0 1116s
  2359   415 -998.17270   13    - -871.79998 -1042.2614  19.6%  16.0 1130s
  2395   437 -999.20919   10    - -871.79998 -1041.9796  19.5%  15.9 1151s
  2421   439 -1035.9637   15    - -871.79998 -1041.9308  19.5%  15.9 1165s
  2441   462     cutoff   20      -871.79998 -1041.6074  19.5%  15.9 1173s
  2459   439 -933.48974   19    1 -871.79998 -1041.4930  19.5%  15.9 1185s
  2480   464 -900.99961   19    1 -871.79998 -1041.3837  19.5%  15.8 1197s
  2499   445     cutoff   20      -871.79998 -1041.3652  19.5%  15.8 1205s
  2534   460     cutoff   20      -871.79998 -1041.1732  19.4%  15.8 1224s
  2571   472     cutoff   20      -871.79998 -1040.3733  19.3%  15.8 1240s
  2605   466 -1030.3995   17    3 -871.79998 -1040.1877  19.3%  15.9 1252s
  2621   489     cutoff   20      -871.79998 -1039.9888  19.3%  15.8 1264s
  2639   465 -878.06723   18    2 -871.79998 -1039.6262  19.3%  15.9 1272s
  2657   486     cutoff   19      -871.79998 -1039.3133  19.2%  15.9 1279s
  2675   468 -964.35948   18    2 -871.79998 -1039.2906  19.2%  15.8 1293s
  2695   490 -996.57642   18    - -871.79998 -1039.1664  19.2%  15.8 1305s
  2712   472     cutoff   20      -871.79998 -1039.1579  19.2%  15.8 1316s
  2735   496 -1034.5813   10    - -871.79998 -1038.6287  19.1%  15.7 1326s
  2749   488     cutoff   20      -871.79998 -1038.6287  19.1%  15.7 1339s
  2781   500 -1007.2635   17    - -871.79998 -1038.2945  19.1%  15.8 1357s
  2798   518 -992.53596   17    - -871.79998 -1037.7904  19.0%  15.7 1367s
  2814   513 -1025.5624   16    - -871.79998 -1037.6970  19.0%  15.7 1375s
  2851   511     cutoff   20      -871.79998 -1037.2552  19.0%  15.7 1391s
  2875   533 -960.85772   18    - -871.79998 -1036.9325  18.9%  15.8 1403s
  2887   515     cutoff   20      -871.79998 -1036.8275  18.9%  15.8 1410s
  2926   527 -995.29510   15    - -871.79998 -1036.2582  18.9%  15.8 1433s
  2964   531     cutoff   20      -871.79998 -1036.1154  18.8%  15.8 1453s
  3002   543 -1002.9656   17    3 -871.79998 -1035.4967  18.8%  15.7 1476s
  3044   547 -1000.4495   18    - -871.79998 -1034.4778  18.7%  15.6 1501s
  3081   562     cutoff   19      -871.79998 -1034.3180  18.6%  15.6 1524s
  3100   585 -997.79206   18    - -871.79998 -1033.9477  18.6%  15.6 1535s
  3121   571     cutoff   19      -871.79998 -1033.7581  18.6%  15.6 1549s
  3162   580 -990.32531   18    - -871.79998 -1033.4226  18.5%  15.5 1574s
  3203   588 -993.04763   18    - -871.79998 -1032.9217  18.5%  15.5 1599s
  3223   611 -990.42289   16    - -871.79998 -1032.9165  18.5%  15.5 1610s
  3241   596 -953.04763   18    - -871.79998 -1032.7429  18.5%  15.5 1626s
  3290   605     cutoff   20      -871.79998 -1032.4623  18.4%  15.4 1649s
  3333   612     cutoff   20      -871.79998 -1031.6800  18.3%  15.4 1677s
  3385   620 -988.30780   16    - -871.79998 -1031.3829  18.3%  15.4 1704s
  3425   629 -954.99939   18    2 -871.79998 -1030.8654  18.2%  15.4 1728s
  3450   651 -986.89086   18    - -871.79998 -1030.3907  18.2%  15.5 1736s
  3471   645 -987.69911   18    - -871.79998 -1029.9615  18.1%  15.5 1751s
  3519   647 -947.69911   18    - -871.79998 -1029.2415  18.1%  15.5 1776s
  3545   679 -1027.3856   13    6 -871.79998 -1028.8019  18.0%  15.4 1788s
  3571   666 -901.17278   18    2 -871.79998 -1028.6592  18.0%  15.4 1806s
  3608   681 -946.36245   18    - -871.79998 -1027.9264  17.9%  15.4 1829s
  3631   707 -882.54555   18    2 -871.79998 -1027.5857  17.9%  15.4 1842s
  3651   686 -873.91026   18    2 -871.79998 -1027.4275  17.9%  15.4 1852s
  3704   683 -1002.0087   18    - -871.79998 -1026.6771  17.8%  15.4 1879s
  3728   715     cutoff   20      -871.79998 -1026.6771  17.8%  15.4 1890s
  3755   698     cutoff   19      -871.79998 -1026.6286  17.8%  15.4 1909s
  3809   718 -959.80110   18    2 -871.79998 -1024.5907  17.5%  15.4 1939s
  3854   733     cutoff   19      -871.79998 -1024.2495  17.5%  15.4 1960s
  3902   740     cutoff   19      -871.79998 -1024.0480  17.5%  15.4 1987s
  3962   742     cutoff   20      -871.79998 -1023.8946  17.4%  15.3 2019s
  3982   772 -985.29854   18    - -871.79998 -1022.5588  17.3%  15.3 2030s
  4008   759     cutoff   19      -871.79998 -1022.5482  17.3%  15.3 2046s
  4032   784 -945.29854   18    - -871.79998 -1022.3173  17.3%  15.3 2058s
  4057   759 -972.74167   17    - -871.79998 -1020.8644  17.1%  15.3 2077s
  4108   757 -989.33398   18    - -871.79998 -1020.4658  17.1%  15.3 2110s
  4135   792 -983.47260   18    - -871.79998 -1018.9995  16.9%  15.3 2127s
  4165   766 -949.33398   18    - -871.79998 -1018.9995  16.9%  15.3 2149s
  4189   799 -951.42355   18    - -871.79998 -1018.9995  16.9%  15.3 2159s
  4212   775     cutoff   20      -871.79998 -1018.4437  16.8%  15.3 2176s
  4267   777     cutoff   19      -871.79998 -1017.3684  16.7%  15.3 2209s
  4288   806 -908.83635   18    - -871.79998 -1015.6703  16.5%  15.3 2218s
  4315   792 -1004.3724    8    - -871.79998 -1014.7715  16.4%  15.3 2238s
  4342   819     cutoff   18      -871.79998 -1014.7085  16.4%  15.3 2250s
  4371   786 -884.27396   19    1 -871.79998 -1013.6639  16.3%  15.4 2270s
  4436   785     cutoff   19      -871.79998 -1012.6029  16.2%  15.3 2309s
  4468   828 -976.05286   18    - -871.79998 -1012.6029  16.2%  15.3 2326s
  4491   785     cutoff   18      -871.79998 -1011.6404  16.0%  15.3 2343s
  4558   775 -928.72998   18    - -871.79998 -1010.0460  15.9%  15.3 2389s
  4618   780     cutoff   18      -871.79998 -1009.4238  15.8%  15.2 2430s
  4676   782 -985.74439   14    4 -871.79998 -1007.7971  15.6%  15.2 2467s
  4728   793 -974.76248   17    3 -871.79998 -1006.7610  15.5%  15.2 2508s
  4789   817     cutoff   19      -871.79998 -1006.5696  15.5%  15.1 2548s
  4848   814 -927.27991   18    2 -871.79998 -1005.8885  15.4%  15.1 2590s
  4915   819     cutoff   19      -871.79998 -1005.0854  15.3%  15.1 2638s
  4941   863     cutoff   19      -871.79998 -1004.4171  15.2%  15.1 2652s
  4976   835 -971.25387   17    3 -871.79998 -1004.3761  15.2%  15.1 2680s
  5036   829 -933.86143   18    - -871.79998 -1003.8781  15.2%  15.1 2728s
  5109   840 -893.86143   18    - -871.79998 -1003.1246  15.1%  15.0 2780s
  5136   888     cutoff   20      -871.79998 -1002.5799  15.0%  15.0 2795s
  5169   844     cutoff   18      -871.79998 -1002.5690  15.0%  15.0 2820s
  5226   851 -990.17064   14    4 -871.79998 -1001.8641  14.9%  15.0 2867s
  5255   891 -968.37612   17    3 -871.79998 -1001.8641  14.9%  15.0 2881s
  5285   858     cutoff   19      -871.79998 -1001.2322  14.8%  15.0 2913s
  5347   863 -920.71429   18    2 -871.79998 -1000.7216  14.8%  14.9 2962s
  5411   886     cutoff   20      -871.79998 -1000.2804  14.7%  14.9 3011s
  5454   936 -970.13395   16    4 -871.79998 -1000.0738  14.7%  14.9 3031s
  5477   898     cutoff   20      -871.79998 -1000.0230  14.7%  14.9 3054s
  5547   893     cutoff   20      -871.79998 -999.47195  14.6%  14.9 3106s
  5587   945 -966.69865   17    3 -871.79998 -998.97958  14.6%  14.9 3127s
  5614   913     cutoff   20      -871.79998 -998.86151  14.6%  14.9 3157s
  5659   962 -986.77608   12    - -871.79998 -998.54725  14.5%  14.9 3179s
  5693   939     cutoff   20      -871.79998 -998.54152  14.5%  14.9 3207s
  5727   987 -972.84205   17    3 -871.79998 -998.32550  14.5%  14.9 3225s
  5751   965     cutoff   20      -871.79998 -998.31267  14.5%  14.9 3249s
  5781  1000     cutoff   20      -871.79998 -998.09097  14.5%  14.9 3255s
  5813   980     cutoff   20      -871.79998 -998.07467  14.5%  14.9 3283s
  5842  1006     cutoff   18      -871.79998 -997.83928  14.5%  14.9 3299s
  5868   971 -987.80483   14    - -871.79998 -997.80485  14.5%  14.9 3319s
  5928   974     cutoff   20      -871.79998 -997.33738  14.4%  14.9 3367s
  5991   979     cutoff   20      -871.79998 -996.93250  14.4%  14.9 3411s
  6056   989     cutoff   20      -871.79998 -996.40047  14.3%  14.9 3458s
  6086  1027 -902.65240   19    1 -871.79998 -996.37502  14.3%  14.9 3468s
  6121  1015 -884.60699   19    1 -871.79998 -996.37502  14.3%  14.9 3502s
  6189  1025 -917.46525   18    2 -871.79998 -995.96362  14.2%  14.9 3545s
  6214  1065     cutoff   20      -871.79998 -995.66481  14.2%  14.9 3556s
  6245  1029     cutoff   19      -871.79998 -995.65205  14.2%  14.9 3588s
  6302  1045 -961.04861   17    - -871.79998 -995.23060  14.2%  14.9 3637s
  6326  1082 -907.10702   18    2 -871.79998 -994.92868  14.1%  14.9 3649s
  6358  1060 -957.09529   17    3 -871.79998 -994.90607  14.1%  14.8 3678s
  6422  1074 -951.61860   18    - -871.79998 -994.44704  14.1%  14.8 3727s
  6482  1093     cutoff   20      -871.79998 -994.24879  14.0%  14.8 3771s
  6542  1104     cutoff   20      -871.79998 -993.94772  14.0%  14.8 3814s
  6563  1138 -912.33402   18    2 -871.79998 -993.65825  14.0%  14.8 3823s
  6596  1114 -985.10744    6    5 -871.79998 -993.64959  14.0%  14.8 3855s
  6660  1126 -978.01911   17    3 -871.79998 -993.33566  13.9%  14.8 3903s
  6720  1127 -975.81647   10    5 -871.79998 -992.91177  13.9%  14.8 3954s
  6753  1176 -957.61368   17    - -871.79998 -992.64292  13.9%  14.7 3976s
  6785  1147 -957.25852   17    3 -871.79998 -992.61904  13.9%  14.7 4007s
  6812  1196 -956.46367   18    - -871.79998 -992.44486  13.8%  14.7 4026s
  6839  1177 -949.73775   18    - -871.79998 -992.44069  13.8%  14.7 4053s
  6865  1218     cutoff   19      -871.79998 -992.13981  13.8%  14.7 4066s
  6891  1187     cutoff   19      -871.79998 -992.09291  13.8%  14.7 4094s
  6953  1198 -910.39284   18    2 -871.79998 -991.78861  13.8%  14.7 4144s
  7013  1206 -873.07998   19    1 -871.79998 -991.45714  13.7%  14.7 4191s
  7071  1224 -949.05328   18    - -871.79998 -991.39068  13.7%  14.7 4240s
  7096  1262 -885.11795   19    1 -871.79998 -991.39068  13.7%  14.8 4249s
  7127  1240 -987.80081   13    5 -871.79998 -990.97424  13.7%  14.7 4280s
  7195  1255 -980.10845   14    - -871.79998 -990.75514  13.6%  14.7 4327s
  7254  1263 -976.15894   17    - -871.79998 -990.63394  13.6%  14.7 4375s
  7303  1281 -973.06640   11    5 -871.79998 -990.11635  13.6%  14.7 4420s
  7330  1316     cutoff   19      -871.79998 -989.96157  13.6%  14.7 4433s
  7362  1292 -955.77667   18    2 -871.79998 -989.95755  13.6%  14.7 4466s
  7426  1305 -876.87550   19    1 -871.79998 -989.72058  13.5%  14.7 4514s
  7459  1346 -947.41998   18    - -871.79998 -989.42203  13.5%  14.7 4531s
  7481  1312 -959.72670   18    - -871.79998 -989.41274  13.5%  14.7 4557s
  7516  1359     cutoff   19      -871.79998 -989.27356  13.5%  14.7 4577s
  7543  1306     cutoff   18      -871.79998 -989.27356  13.5%  14.7 4610s
  7573  1356 -907.64046   18    2 -871.79998 -989.27356  13.5%  14.7 4629s
  7600  1334 -984.03086   17    3 -871.79998 -989.16638  13.5%  14.7 4662s
  7623  1369     cutoff   19      -871.79998 -988.65968  13.4%  14.7 4673s
  7645  1346     cutoff   19      -871.79998 -988.65348  13.4%  14.7 4701s
  7709  1351 -906.12464   18    2 -871.79998 -988.41710  13.4%  14.7 4755s
  7770  1369     cutoff   19      -871.79998 -988.11156  13.3%  14.7 4804s
  7803  1411 -945.22294   18    - -871.79998 -987.97958  13.3%  14.7 4824s
  7830  1395     cutoff   19      -871.79998 -987.96366  13.3%  14.7 4850s
  7860  1433 -884.25222   19    1 -871.79998 -987.71500  13.3%  14.7 4862s
  7889  1403     cutoff   19      -871.79998 -987.70678  13.3%  14.7 4891s
  7920  1439     cutoff   19      -871.79998 -987.43196  13.3%  14.7 4907s
  7951  1413 -944.85384   18    - -871.79998 -987.43196  13.3%  14.7 4942s
  8013  1433     cutoff   18      -871.79998 -987.22403  13.2%  14.6 4985s
  8034  1474     cutoff   19      -871.79998 -987.00241  13.2%  14.7 5001s
  8057  1441 -971.19382    8    - -871.79998 -986.98017  13.2%  14.7 5029s
  8084  1483 -946.13063   18    - -871.79998 -986.77608  13.2%  14.7 5047s
  8107  1448 -943.68925   17    - -871.79998 -986.75834  13.2%  14.7 5073s
  8135  1489     cutoff   19      -871.79998 -986.55100  13.2%  14.7 5087s
  8168  1459     cutoff   19      -871.79998 -986.54169  13.2%  14.7 5122s
  8233  1467 -903.74307   18    - -871.79998 -986.37481  13.1%  14.7 5175s
  8268  1514 -951.57882   16    - -871.79998 -986.13739  13.1%  14.7 5196s
  8292  1472     cutoff   18      -871.79998 -986.12881  13.1%  14.7 5226s
  8319  1522     cutoff   19      -871.79998 -985.72537  13.1%  14.7 5244s
  8343  1497 -943.05258   18    - -871.79998 -985.68810  13.1%  14.7 5276s
  8403  1510 -903.17210   18    2 -871.79998 -985.51961  13.0%  14.7 5320s
  8457  1525     cutoff   19      -871.79998 -985.38966  13.0%  14.7 5370s
* 8469  1524              20    -876.4399757 -985.38966  12.4%  14.7 5374s
  8506  1533 -884.68780   19    1 -876.43998 -985.06714  12.4%  14.7 5413s
  8563  1529 -905.62631   18    2 -876.43998 -984.93304  12.4%  14.7 5461s
  8595  1573 -881.23998   20    - -876.43998 -984.74651  12.4%  14.7 5481s
  8627  1554     cutoff   19      -876.43998 -984.56490  12.3%  14.7 5513s
  8654  1594 -959.23926   14    - -876.43998 -984.36671  12.3%  14.7 5526s
  8683  1565 -955.76863   15    - -876.43998 -984.33403  12.3%  14.7 5559s
  8747  1563     cutoff   18      -876.43998 -984.02811  12.3%  14.7 5616s
  8813  1586 -941.39232   18    - -876.43998 -983.81952  12.3%  14.7 5671s
  8867  1614     cutoff   19      -876.43998 -983.54996  12.2%  14.7 5717s
  8926  1620 -901.43056   18    2 -876.43998 -983.25696  12.2%  14.7 5767s
  8989  1635     cutoff   19      -876.43998 -983.06027  12.2%  14.7 5822s
  9017  1672     cutoff   18      -876.43998 -983.06027  12.2%  14.7 5834s
  9049  1649     cutoff   19      -876.43998 -982.95667  12.2%  14.6 5870s
  9071  1684 -965.09350   10    4 -876.43998 -982.67508  12.1%  14.6 5886s
  9094  1666     cutoff   18      -876.43998 -982.66078  12.1%  14.7 5918s
  9155  1679     cutoff   19      -876.43998 -982.41964  12.1%  14.7 5965s
  9185  1709     cutoff   18      -876.43998 -982.30739  12.1%  14.7 5980s
  9216  1683     cutoff   19      -876.43998 -982.30739  12.1%  14.6 6015s
  9272  1692 -899.29874   18    2 -876.43998 -982.03044  12.0%  14.6 6069s
  9296  1727 -907.82495   17    - -876.43998 -982.03044  12.0%  14.7 6081s
  9327  1713     cutoff   19      -876.43998 -981.87919  12.0%  14.6 6120s
  9366  1751 -947.12095   17    - -876.43998 -981.87919  12.0%  14.6 6140s
  9392  1718 -909.69745   18    2 -876.43998 -981.70587  12.0%  14.6 6177s
  9423  1763 -951.98731   18    - -876.43998 -981.36936  12.0%  14.6 6194s
  9452  1729     cutoff   20      -876.43998 -981.36699  12.0%  14.6 6234s
  9477  1768 -939.02083   18    - -876.43998 -981.32989  12.0%  14.6 6250s
  9503  1751     cutoff   18      -876.43998 -981.14246  11.9%  14.6 6286s
  9534  1788     cutoff   18      -876.43998 -981.13981  11.9%  14.6 6300s
  9559  1766 -938.14486   18    - -876.43998 -980.92208  11.9%  14.6 6336s
  9589  1805 -938.09737   15    - -876.43998 -980.66447  11.9%  14.6 6352s
  9617  1780 -898.14486   18    - -876.43998 -980.64789  11.9%  14.6 6385s
  9675  1785 -943.67352   18    - -876.43998 -980.56401  11.9%  14.6 6434s
  9700  1826     cutoff   19      -876.43998 -980.56401  11.9%  14.6 6454s
  9731  1793     cutoff   18      -876.43998 -980.25929  11.8%  14.6 6494s
  9785  1819     cutoff   18      -876.43998 -979.81558  11.8%  14.6 6545s
  9820  1862     cutoff   19      -876.43998 -979.66732  11.8%  14.6 6563s
  9851  1837 -938.74707   17    3 -876.43998 -979.65788  11.8%  14.6 6598s
  9905  1849 -936.78908   18    - -876.43998 -979.47846  11.8%  14.6 6648s
  9929  1883 -948.21251   16    - -876.43998 -979.32386  11.7%  14.6 6662s
  9959  1871     cutoff   19      -876.43998 -979.26279  11.7%  14.6 6697s
 10011  1884 -936.13195   10    - -876.43998 -979.07793  11.7%  14.6 6747s
 10043  1925     cutoff   19      -876.43998 -978.89855  11.7%  14.6 6760s
 10072  1895 -935.97863   18    - -876.43998 -978.87549  11.7%  14.6 6797s
 10133  1918     cutoff   19      -876.43998 -978.67525  11.7%  14.6 6850s
 10196  1946 -912.03350   18    2 -876.43998 -978.54934  11.7%  14.6 6901s
 10265  1953 -920.61262   11    - -876.43998 -978.37967  11.6%  14.6 6956s
 10329  1963 -880.55270   19    1 -876.43998 -978.12227  11.6%  14.6 7012s
 10393  1979 -973.07639   13    - -876.43998 -977.90398  11.6%  14.6 7071s
 10422  2022 -952.44946   18    - -876.43998 -977.90398  11.6%  14.6 7088s
 10456  1999 -935.30451   18    - -876.43998 -977.55144  11.5%  14.6 7129s
 10484  2041 -934.51597   18    - -876.43998 -977.33854  11.5%  14.6 7143s
 10513  2027     cutoff   18      -876.43998 -977.32898  11.5%  14.6 7180s

Cutting planes:
  MIR: 59
  Lazy constraints: 656900

Explored 10570 nodes (154663 simplex iterations) in 7217.81 seconds
Thread count was 4 (of 4 available processors)

Solution count 10: -876.44 -871.8 -870.9 ... -806.96

Time limit reached
Best objective -8.764399756715e+02, best bound -9.773229432441e+02, gap 11.5105%
