
Gurobi 9.0.3 (win64) logging started Sun Jan  2 02:57:43 2022

Changed value of parameter LogFile to Results/sslp2_20_100_50_var_BnC.log
   Prev:   Default: 
Changed value of parameter Heuristics to 0.0
   Prev: 0.05  Min: 0.0  Max: 1.0  Default: 0.05
Changed value of parameter lazyConstraints to 1
   Prev: 0  Min: 0  Max: 1  Default: 0
Changed value of parameter timeLimit to 6346.20324754715
   Prev: inf  Min: 0.0  Max: inf  Default: inf
Gurobi Optimizer version 9.0.3 build v9.0.3rc0 (win64)
Optimize a model with 1775 rows, 90 columns and 55557 nonzeros
Model fingerprint: 0x231909b6
Variable types: 70 continuous, 20 integer (20 binary)
Coefficient statistics:
  Matrix range     [2e-13, 9e+05]
  Objective range  [2e-02, 4e+01]
  Bounds range     [1e+00, 1e+00]
  RHS range        [7e-15, 7e+04]
Warning: Model contains large matrix coefficient range
         Consider reformulating model or setting NumericFocus parameter
         to avoid numerical issues.
Presolve added 0 rows and 14 columns
Presolve removed 213 rows and 0 columns
Presolve time: 0.04s
Presolved: 1562 rows, 104 columns, 43042 nonzeros
Variable types: 83 continuous, 21 integer (20 binary)

Root relaxation: objective -1.001045e+03, 348 iterations, 0.06 seconds

    Nodes    |    Current Node    |     Objective Bounds      |     Work
 Expl Unexpl |  Obj  Depth IntInf | Incumbent    BestBd   Gap | It/Node Time

     0     0 -1001.0452    0   17          - -1001.0452      -     -    0s
     0     0 -1000.9905    0   16          - -1000.9905      -     -    0s
     0     0 -1000.9527    0   17          - -1000.9527      -     -    0s
     0     0 -1000.9527    0   18          - -1000.9527      -     -    0s
     0     0 -1000.9527    0   17          - -1000.9527      -     -    0s
     0     2 -1000.9527    0   17          - -1000.9527      -     -    0s
*   45    41              20    -997.5799750 -1000.6664  0.31%  26.7    2s
   396    31     cutoff    6      -997.57998 -998.08728  0.05%  21.8    5s

Cutting planes:
  Gomory: 2
  MIR: 1
  Lazy constraints: 503

Explored 449 nodes (9577 simplex iterations) in 5.29 seconds
Thread count was 4 (of 4 available processors)

Solution count 1: -997.58 
No other solutions better than -997.58

Optimal solution found (tolerance 1.00e-04)
Best objective -9.975799750026e+02, best bound -9.975799750026e+02, gap 0.0000%

User-callback calls 1277, time in user-callback 3.94 sec
