
Gurobi 9.0.3 (win64) logging started Sun Jan  2 13:43:55 2022

Changed value of parameter LogFile to Results/sslp2_40_50_50_var_BendersBnC.log
   Prev:   Default: 
Changed value of parameter Heuristics to 0.0
   Prev: 0.05  Min: 0.0  Max: 1.0  Default: 0.05
Changed value of parameter lazyConstraints to 1
   Prev: 0  Min: 0  Max: 1  Default: 0
Changed value of parameter timeLimit to 7189.022804021835
   Prev: inf  Min: 0.0  Max: inf  Default: inf
Gurobi Optimizer version 9.0.3 build v9.0.3rc0 (win64)
Optimize a model with 869 rows, 130 columns and 46063 nonzeros
Model fingerprint: 0x98073f85
Variable types: 90 continuous, 40 integer (40 binary)
Coefficient statistics:
  Matrix range     [1e-13, 5e+05]
  Objective range  [2e-02, 4e+01]
  Bounds range     [1e+00, 1e+00]
  RHS range        [4e-15, 2e+04]
Warning: Model contains large matrix coefficient range
         Consider reformulating model or setting NumericFocus parameter
         to avoid numerical issues.
Presolve added 0 rows and 6 columns
Presolve removed 179 rows and 0 columns
Presolve time: 0.05s
Presolved: 690 rows, 136 columns, 23579 nonzeros
Variable types: 95 continuous, 41 integer (40 binary)

Root relaxation: objective -5.697383e+02, 309 iterations, 0.04 seconds

    Nodes    |    Current Node    |     Objective Bounds      |     Work
 Expl Unexpl |  Obj  Depth IntInf | Incumbent    BestBd   Gap | It/Node Time

     0     0 -569.73827    0   30          - -569.73827      -     -    0s
     0     0 -568.00345    0   22          - -568.00345      -     -    0s
     0     0 -567.91915    0   19          - -567.91915      -     -    0s
     0     0 -567.91460    0   20          - -567.91460      -     -    0s
     0     0 -567.91328    0   20          - -567.91328      -     -    0s
     0     0 -567.91195    0   19          - -567.91195      -     -    0s
     0     0 -567.91163    0   19          - -567.91163      -     -    0s
     0     0 -567.20751    0   25          - -567.20751      -     -    0s
     0     0 -566.90485    0   24          - -566.90485      -     -    0s
     0     0 -566.80344    0   23          - -566.80344      -     -    0s
     0     0 -566.75831    0   23          - -566.75831      -     -    0s
     0     0 -566.74191    0   23          - -566.74191      -     -    0s
     0     0 -566.73833    0   23          - -566.73833      -     -    0s
     0     0 -566.73811    0   26          - -566.73811      -     -    0s
     0     0 -566.45913    0   19          - -566.45913      -     -    0s
     0     0 -566.40262    0   20          - -566.40262      -     -    0s
     0     0 -566.34161    0   22          - -566.34161      -     -    0s
     0     0 -566.31157    0   19          - -566.31157      -     -    0s
     0     0 -566.29902    0   20          - -566.29902      -     -    0s
     0     0 -566.29435    0   21          - -566.29435      -     -    0s
     0     0 -566.29065    0   22          - -566.29065      -     -    0s
     0     0 -566.28455    0   21          - -566.28455      -     -    0s
     0     0 -566.28003    0   21          - -566.28003      -     -    0s
     0     0 -566.27838    0   21          - -566.27838      -     -    0s
     0     0 -566.27503    0   20          - -566.27503      -     -    0s
     0     0 -566.27300    0   20          - -566.27300      -     -    0s
     0     0 -566.27217    0   21          - -566.27217      -     -    0s
     0     0 -566.11902    0   22          - -566.11902      -     -    0s
     0     0 -566.05182    0   21          - -566.05182      -     -    1s
     0     0 -566.02082    0   21          - -566.02082      -     -    1s
     0     0 -566.00791    0   22          - -566.00791      -     -    1s
     0     0 -565.99087    0   23          - -565.99087      -     -    1s
     0     0 -565.98137    0   21          - -565.98137      -     -    1s
     0     0 -565.97446    0   20          - -565.97446      -     -    1s
     0     0 -565.96818    0   18          - -565.96818      -     -    1s
     0     0 -565.96647    0   23          - -565.96647      -     -    1s
     0     0 -565.96594    0   19          - -565.96594      -     -    1s
     0     0 -565.95344    0   21          - -565.95344      -     -    1s
     0     0 -565.94328    0   22          - -565.94328      -     -    1s
     0     0 -565.92612    0   24          - -565.92612      -     -    1s
     0     0 -565.92269    0   26          - -565.92269      -     -    1s
     0     0 -565.91949    0   26          - -565.91949      -     -    1s
     0     0 -565.91637    0   25          - -565.91637      -     -    1s
     0     0 -565.91523    0   25          - -565.91523      -     -    1s
     0     0 -565.90783    0   23          - -565.90783      -     -    1s
     0     0 -565.89409    0   21          - -565.89409      -     -    1s
     0     0 -565.88844    0   18          - -565.88844      -     -    1s
     0     0 -565.88275    0   22          - -565.88275      -     -    1s
     0     0 -565.88095    0   22          - -565.88095      -     -    1s
     0     0 -565.87776    0   23          - -565.87776      -     -    1s
     0     0 -565.87706    0   22          - -565.87706      -     -    1s
     0     0 -565.87093    0   23          - -565.87093      -     -    1s
     0     0 -565.85976    0   23          - -565.85976      -     -    1s
     0     0 -565.85034    0   23          - -565.85034      -     -    1s
     0     0 -565.84634    0   26          - -565.84634      -     -    1s
     0     0 -565.84361    0   25          - -565.84361      -     -    1s
     0     0 -565.84324    0   26          - -565.84324      -     -    1s
     0     0 -565.82722    0   25          - -565.82722      -     -    1s
     0     0 -565.81644    0   23          - -565.81644      -     -    1s
     0     0 -565.81314    0   24          - -565.81314      -     -    1s
     0     0 -565.81215    0   27          - -565.81215      -     -    1s
     0     0 -565.79721    0   20          - -565.79721      -     -    1s
     0     0 -565.79265    0   24          - -565.79265      -     -    1s
     0     0 -565.78669    0   24          - -565.78669      -     -    1s
     0     0 -565.78548    0   22          - -565.78548      -     -    1s
     0     0 -565.75100    0   22          - -565.75100      -     -    1s
     0     0 -565.73796    0   21          - -565.73796      -     -    2s
     0     0 -565.72908    0   23          - -565.72908      -     -    2s
     0     0 -565.72794    0   23          - -565.72794      -     -    2s
     0     0 -565.72387    0   23          - -565.72387      -     -    2s
     0     0 -565.72362    0   23          - -565.72362      -     -    2s
     0     0 -565.71688    0   21          - -565.71688      -     -    2s
     0     0 -565.70422    0   18          - -565.70422      -     -    2s
     0     0 -565.69997    0   20          - -565.69997      -     -    2s
     0     0 -565.69887    0   22          - -565.69887      -     -    2s
     0     0 -565.68828    0   20          - -565.68828      -     -    2s
     0     0 -565.68306    0   20          - -565.68306      -     -    2s
     0     0 -565.67830    0   18          - -565.67830      -     -    2s
     0     0 -565.66989    0   20          - -565.66989      -     -    2s
     0     0 -565.65414    0   21          - -565.65414      -     -    2s
     0     0 -565.64539    0   20          - -565.64539      -     -    2s
     0     0 -565.64179    0   22          - -565.64179      -     -    2s
     0     0 -565.63909    0   23          - -565.63909      -     -    2s
     0     0 -565.63834    0   23          - -565.63834      -     -    2s
     0     0 -565.62165    0   20          - -565.62165      -     -    2s
     0     0 -565.61513    0   23          - -565.61513      -     -    2s
     0     0 -565.60985    0   23          - -565.60985      -     -    2s
     0     0 -565.60624    0   25          - -565.60624      -     -    2s
     0     0 -565.60505    0   25          - -565.60505      -     -    2s
     0     0 -565.58353    0   21          - -565.58353      -     -    2s
     0     0 -565.55934    0   24          - -565.55934      -     -    2s
     0     0 -565.54627    0   26          - -565.54627      -     -    2s
     0     0 -565.54119    0   25          - -565.54119      -     -    2s
     0     0 -565.53935    0   29          - -565.53935      -     -    2s
     0     0 -565.53485    0   26          - -565.53485      -     -    2s
     0     0 -565.53368    0   28          - -565.53368      -     -    2s
     0     0 -565.50769    0   26          - -565.50769      -     -    2s
     0     0 -565.49839    0   26          - -565.49839      -     -    2s
     0     0 -565.49328    0   23          - -565.49328      -     -    2s
     0     0 -565.49251    0   25          - -565.49251      -     -    2s
     0     0 -565.48789    0   27          - -565.48789      -     -    3s
     0     0 -565.47139    0   27          - -565.47139      -     -    3s
     0     0 -565.46645    0   28          - -565.46645      -     -    3s
     0     0 -565.46591    0   30          - -565.46591      -     -    3s
     0     0 -565.45702    0   27          - -565.45702      -     -    3s
     0     0 -565.45298    0   26          - -565.45298      -     -    3s
     0     0 -565.45074    0   28          - -565.45074      -     -    3s
     0     0 -565.44719    0   29          - -565.44719      -     -    3s
     0     0 -565.44628    0   27          - -565.44628      -     -    3s
     0     0 -565.43323    0   28          - -565.43323      -     -    3s
     0     0 -565.41841    0   26          - -565.41841      -     -    3s
     0     0 -565.41060    0   25          - -565.41060      -     -    3s
     0     0 -565.40806    0   26          - -565.40806      -     -    3s
     0     0 -565.40741    0   27          - -565.40741      -     -    3s
     0     0 -565.39409    0   25          - -565.39409      -     -    3s
     0     0 -565.38379    0   27          - -565.38379      -     -    3s
     0     0 -565.37392    0   26          - -565.37392      -     -    3s
     0     0 -565.37295    0   24          - -565.37295      -     -    3s
     0     0 -565.36374    0   26          - -565.36374      -     -    3s
     0     0 -565.36321    0   27          - -565.36321      -     -    3s
     0     0 -565.35723    0   25          - -565.35723      -     -    3s
     0     0 -565.35723    0   25          - -565.35723      -     -    3s
     0     2 -565.35723    0   25          - -565.35723      -     -    3s
    73    78 -547.14112   36    3          - -565.31347      -  36.8    5s
*   88    81              40    -282.0199931 -565.31347   100%  35.6    6s
*   99    84              40    -345.8199908 -565.31347  63.5%  34.6    7s
*  100    84              40    -360.2599904 -565.31347  56.9%  34.8    8s
*  104    85              40    -369.6399904 -565.31347  52.9%  34.2    8s
*  113    88              40    -382.4399892 -565.31347  47.8%  33.7    9s
   116    93 -561.46441   12    9 -382.43999 -565.31347  47.8%  35.1   10s
   219   172 -559.90897   21    5 -382.43999 -565.23140  47.8%  28.4   15s
*  244   180              40    -385.6599903 -565.23140  46.6%  27.4   16s
*  251   182              40    -413.1199890 -565.23140  36.8%  28.1   17s
   273   188 -560.47589   11    7 -413.11999 -564.95044  36.8%  29.4   20s
   367   239     cutoff   40      -413.11999 -564.83895  36.7%  26.9   25s
   415   255 -561.78685   15   12 -413.11999 -564.20685  36.6%  27.7   30s
*  487   301              40    -419.1199889 -564.20685  34.6%  26.1   34s
   492   299     cutoff   40      -419.11999 -564.09294  34.6%  26.2   35s
   528   306     cutoff   40      -419.11999 -563.75252  34.5%  26.5   40s
   611   361 -561.37782   17   11 -419.11999 -563.73688  34.5%  25.0   46s
   675   403 -535.40559   20    2 -419.11999 -563.73688  34.5%  24.4   50s
   717   425 -492.30526   25    - -419.11999 -563.73688  34.5%  24.4   56s
   780   464 -444.98543   37    - -419.11999 -563.53362  34.5%  23.3   60s
   852   512     cutoff   40      -419.11999 -563.41129  34.4%  22.8   65s
   917   547     cutoff   40      -419.11999 -563.31888  34.4%  22.3   70s
   987   601 -557.75244   10    2 -419.11999 -563.16728  34.4%  22.3   75s
  1050   614     cutoff   40      -419.11999 -563.02408  34.3%  22.2   80s
  1100   644 -556.18623   23    4 -419.11999 -563.02216  34.3%  22.0   85s
* 1125   648              40    -419.1999892 -563.02216  34.3%  21.8   86s
  1171   667     cutoff   40      -419.19999 -563.02216  34.3%  21.4   92s
  1197   666     cutoff   40      -419.19999 -563.02216  34.3%  21.4   95s
  1239   674     cutoff   40      -419.19999 -563.02216  34.3%  21.4  100s
  1297   688     cutoff   40      -419.19999 -562.75537  34.2%  21.3  105s
  1333   697     cutoff   40      -419.19999 -562.65700  34.2%  21.5  110s
  1369   725 -550.29455   33    4 -419.19999 -562.65700  34.2%  21.7  115s
  1398   735 -488.52851   25    - -419.19999 -562.65700  34.2%  21.8  122s
  1423   744     cutoff   40      -419.19999 -562.65700  34.2%  21.8  125s
  1458   767 -482.29437   29    2 -419.19999 -562.65700  34.2%  21.6  130s
  1481   769 -466.48870   40    - -419.19999 -562.52581  34.2%  21.5  136s
  1501   775     cutoff   40      -419.19999 -562.47938  34.2%  21.5  141s
  1527   791 -556.77084   27    5 -419.19999 -562.41082  34.2%  21.6  145s
  1559   811 -559.70890   21   10 -419.19999 -562.41082  34.2%  21.5  150s
  1601   823 -555.17881   17    3 -419.19999 -562.39503  34.2%  21.6  155s
  1649   843     cutoff   40      -419.19999 -562.30063  34.1%  21.6  161s
  1672   873 -555.39748   18    2 -419.19999 -562.11035  34.1%  21.8  165s
  1729   886     cutoff   40      -419.19999 -562.06176  34.1%  21.6  170s
  1757   897 -556.62770   10    2 -419.19999 -561.99462  34.1%  21.8  175s
  1841   933     cutoff   40      -419.19999 -561.91650  34.0%  21.7  181s
  1863   976 -556.82048   19    4 -419.19999 -561.87764  34.0%  21.7  187s
  1911   974 -557.10628   11    2 -419.19999 -561.87764  34.0%  21.5  190s
  1962   991 -512.35966   17    3 -419.19999 -561.87764  34.0%  21.5  199s
  1986   979 -509.34848   20    3 -419.19999 -561.87764  34.0%  21.5  201s
  2020   996 -481.41872   24    2 -419.19999 -561.87764  34.0%  21.3  210s
  2075   995 -446.93984   39    2 -419.19999 -561.87764  34.0%  21.1  215s
  2095  1013     cutoff   40      -419.19999 -561.83545  34.0%  21.1  220s
  2172  1045     cutoff   40      -419.19999 -561.75261  34.0%  21.0  227s
  2192  1079     cutoff   40      -419.19999 -561.70878  34.0%  21.1  230s
  2283  1116 -491.20208   39    2 -419.19999 -561.69253  34.0%  20.8  237s
  2309  1129 -437.61999   40    - -419.19999 -561.65913  34.0%  20.8  241s
* 2312  1127              40    -427.2399884 -561.65913  31.5%  20.9  242s
  2344  1135 -560.83773   16   11 -427.23999 -561.65671  31.5%  20.8  246s
  2378  1160 -559.22020   22    6 -427.23999 -561.65671  31.5%  20.9  252s
  2401  1164 -533.51592   24    2 -427.23999 -561.65671  31.5%  21.0  255s
  2432  1182 -509.32673   28    2 -427.23999 -561.58266  31.4%  20.9  262s
  2452  1191     cutoff   40      -427.23999 -561.57808  31.4%  20.9  265s
  2504  1218     cutoff   40      -427.23999 -561.54699  31.4%  20.9  272s
  2546  1225 -464.60924   38    3 -427.23999 -561.52422  31.4%  20.9  275s
  2611  1262 -554.35662   19   25 -427.23999 -561.49479  31.4%  20.8  291s
  2613  1263 -557.81705   16   30 -427.23999 -561.49479  31.4%  20.8  314s
  2614  1264 -543.70017   27   22 -427.23999 -561.49479  31.4%  20.8  319s
  2615  1265 -555.47702   24   22 -427.23999 -561.49479  31.4%  20.8  321s
  2619  1267 -560.02592   22   21 -427.23999 -561.49479  31.4%  20.7  325s
  2622  1269 -555.31012   34   20 -427.23999 -561.49479  31.4%  20.7  330s
  2624  1271 -538.19501   29   22 -427.23999 -561.49479  31.4%  20.7  337s
  2625  1271 -437.37999   40   21 -427.23999 -561.49479  31.4%  20.7  341s
  2627  1273 -536.88120   19   18 -427.23999 -561.49479  31.4%  20.7  345s
  2629  1274 -493.28016   25   23 -427.23999 -561.49479  31.4%  20.7  350s
  2631  1275 -550.19191   26   23 -427.23999 -561.49479  31.4%  20.6  357s
  2632  1276 -550.13231   34   19 -427.23999 -561.49479  31.4%  20.6  360s
  2633  1277 -557.52200    8   21 -427.23999 -561.49479  31.4%  20.6  365s
  2635  1278 -561.45513   22   26 -427.23999 -561.49479  31.4%  20.6  374s
  2636  1279 -545.18647   33   23 -427.23999 -561.49479  31.4%  20.6  377s
  2637  1279 -547.43660   33   26 -427.23999 -561.49479  31.4%  20.6  382s
  2638  1280 -523.78224   36   27 -427.23999 -561.49479  31.4%  20.6  387s
  2639  1281 -555.75023   29   23 -427.23999 -561.49479  31.4%  20.6  391s
  2640  1281 -557.96689   33   23 -427.23999 -561.49479  31.4%  20.6  395s
  2641  1282 -557.62637   15   20 -427.23999 -561.49479  31.4%  20.6  405s
  2644  1287 -561.49479   15   22 -427.23999 -561.49479  31.4%  21.4  424s
  2646  1288 -561.49479   16   15 -427.23999 -561.49479  31.4%  21.5  434s
  2648  1288 -561.49479   16   20 -427.23999 -561.49479  31.4%  21.6  444s
  2650  1289 -561.49479   17   15 -427.23999 -561.49479  31.4%  21.6  450s
  2656  1290     cutoff   18      -427.23999 -561.49479  31.4%  21.8  460s
  2664  1292     cutoff   20      -427.23999 -561.49479  31.4%  22.0  467s
  2669  1293     cutoff   21      -427.23999 -561.49479  31.4%  22.1  470s
  2684  1296     cutoff   24      -427.23999 -561.49479  31.4%  22.3  476s
  2698  1298     cutoff   26      -427.23999 -561.49479  31.4%  22.4  480s
  2720  1305 -561.49479   29   17 -427.23999 -561.49479  31.4%  22.6  487s
  2739  1310 -561.49479   32   13 -427.23999 -561.49479  31.4%  22.7  491s
  2763  1308     cutoff   34      -427.23999 -561.49479  31.4%  22.9  496s
  2780  1307 -561.49479   38    9 -427.23999 -561.49479  31.4%  23.1  500s
  2796  1316 -561.31499   39    8 -427.23999 -561.49479  31.4%  23.1  505s
  2824  1312     cutoff   43      -427.23999 -561.49479  31.4%  23.3  512s
  2861  1320 -560.00724   52    3 -427.23999 -561.49479  31.4%  23.5  519s
  2884  1325 -558.18175   19    6 -427.23999 -561.49479  31.4%  23.6  523s
  2897  1328 -539.25781   21    7 -427.23999 -561.49479  31.4%  23.9  527s
  2928  1350 -555.54405   25    2 -427.23999 -561.49479  31.4%  24.2  534s
  2940  1350 -534.96864   36    2 -427.23999 -561.49479  31.4%  24.2  535s
* 2960  1280              55    -431.3799887 -561.49479  30.2%  24.1  536s
  2972  1281 -518.37181   55    2 -431.37999 -561.49479  30.2%  24.2  540s
  2988  1304 -535.40465   29    2 -431.37999 -561.49479  30.2%  24.2  546s
  3030  1315 -536.72238   36    2 -431.37999 -561.49479  30.2%  24.1  552s
  3071  1309 -556.96309   21   12 -431.37999 -561.49479  30.2%  24.1  558s
  3084  1309 -535.57957   51    2 -431.37999 -561.49479  30.2%  24.1  560s
  3100  1316 -538.22740   29    4 -431.37999 -561.49479  30.2%  24.1  567s
  3125  1322 -536.67380   31    2 -431.37999 -561.49479  30.2%  24.2  572s
  3170  1332 -533.05925   38    - -431.37999 -561.49479  30.2%  24.1  582s
  3194  1347 -531.21670   44    - -431.37999 -561.49479  30.2%  24.2  587s
  3222  1365 -538.18347   54    2 -431.37999 -561.49479  30.2%  24.1  592s
  3254  1366     cutoff   56      -431.37999 -561.23275  30.1%  24.2  596s
  3286  1361     cutoff   57      -431.37999 -561.05751  30.1%  24.2  602s
  3305  1365 -542.10140   28    3 -431.37999 -560.78164  30.0%  24.4  608s
  3325  1388 -521.09952   32    4 -431.37999 -560.77888  30.0%  24.6  614s
* 3351  1319              56    -435.0199882 -560.77888  28.9%  24.4  615s
  3370  1321 -503.32786   56    2 -435.01999 -560.74146  28.9%  24.5  620s
  3399  1328     cutoff   57      -435.01999 -560.73306  28.9%  24.6  626s
  3436  1343 -558.20351   35    6 -435.01999 -560.65811  28.9%  24.6  633s
  3468  1336     cutoff   45      -435.01999 -560.60793  28.9%  24.6  635s
  3496  1335     cutoff   55      -435.01999 -560.48936  28.8%  24.6  642s
  3523  1323 -509.44336   55    2 -435.01999 -560.22300  28.8%  24.7  649s
  3539  1325     cutoff   56      -435.01999 -560.16492  28.8%  24.8  652s
  3564  1333 -538.85830   37    4 -435.01999 -560.15634  28.8%  24.8  660s
  3607  1339 -519.27259   55    2 -435.01999 -559.94841  28.7%  24.9  669s
  3650  1365     cutoff   56      -435.01999 -559.73583  28.7%  25.0  676s
  3715  1359 -487.18092   56    2 -435.01999 -559.59167  28.6%  24.9  684s
  3731  1356     cutoff   56      -435.01999 -559.42161  28.6%  24.9  685s
  3744  1390     cutoff   57      -435.01999 -559.33784  28.6%  25.0  693s
  3809  1399 -440.15369   54    2 -435.01999 -559.27771  28.6%  25.0  703s
  3830  1397 -514.94266   55    2 -435.01999 -559.13481  28.5%  25.0  705s
  3864  1384 -491.29964   55    2 -435.01999 -559.13309  28.5%  25.0  713s
  3902  1393 -487.45030   56    2 -435.01999 -559.02288  28.5%  25.1  724s
  3948  1427     cutoff   57      -435.01999 -558.97454  28.5%  25.3  734s
  3991  1418     cutoff   57      -435.01999 -558.97230  28.5%  25.2  736s
  4021  1419 -520.74394   55    2 -435.01999 -558.96600  28.5%  25.3  742s
  4075  1418 -556.35590   41    2 -435.01999 -558.69297  28.4%  25.4  753s
  4136  1427 -520.75799   55    2 -435.01999 -558.58395  28.4%  25.6  768s
  4167  1428 -554.76505   38    2 -435.01999 -558.53257  28.4%  25.6  772s
  4211  1444 -505.01576   55    2 -435.01999 -558.45822  28.4%  25.7  785s
  4282  1451 -488.44319   56    2 -435.01999 -558.31834  28.3%  25.7  801s
  4345  1465     cutoff   57      -435.01999 -558.25642  28.3%  25.8  817s
  4410  1466 -507.72059   44    - -435.01999 -558.12431  28.3%  25.9  833s
  4508  1497 -503.51404   52    2 -435.01999 -557.98977  28.3%  25.9  856s
  4578  1496 -492.29309   56    2 -435.01999 -557.88535  28.2%  25.9  871s
  4650  1500 -555.58610   35    2 -435.01999 -557.81239  28.2%  25.9  887s
  4723  1522 -498.11859   56    2 -435.01999 -557.72922  28.2%  26.0  906s
  4782  1520 -538.19826   46    2 -435.01999 -557.66364  28.2%  26.0  913s
  4836  1521     cutoff   57      -435.01999 -557.65554  28.2%  26.1  930s
  4872  1523 -516.39350   55    2 -435.01999 -557.37790  28.1%  26.1  935s
  4920  1537 -557.37187   37    2 -435.01999 -557.37187  28.1%  26.2  951s
  4966  1536     cutoff   39      -435.01999 -557.36577  28.1%  26.4  966s
  5045  1559 -485.17475   52    2 -435.01999 -557.21969  28.1%  26.5  991s
  5093  1560     cutoff   57      -435.01999 -557.18531  28.1%  26.5  997s
  5146  1556 -524.37010   54    2 -435.01999 -557.18061  28.1%  26.5 1013s
  5232  1584 -551.01800   49    2 -435.01999 -556.89371  28.0%  26.5 1038s
  5261  1582 -551.45642   31    3 -435.01999 -556.89231  28.0%  26.6 1041s
  5313  1595 -507.58446   55    2 -435.01999 -556.85746  28.0%  26.6 1062s
  5371  1606     cutoff   25      -435.01999 -556.66286  28.0%  26.7 1084s
  5489  1620 -506.45082   51    2 -435.01999 -556.59496  27.9%  26.6 1116s
  5532  1657 -537.21416   34    6 -435.01999 -556.54697  27.9%  26.8 1136s
  5572  1656 -540.04376   33    3 -435.01999 -556.54697  27.9%  26.9 1140s
  5640  1657 -536.02411   40    2 -435.01999 -556.44108  27.9%  26.9 1162s
  5766  1676     cutoff   55      -435.01999 -556.13710  27.8%  27.0 1192s
  5857  1694 -499.11107   55    2 -435.01999 -555.92501  27.8%  27.1 1221s
  5899  1693 -513.98255   55    2 -435.01999 -555.83091  27.8%  27.1 1226s
  5942  1715     cutoff   56      -435.01999 -555.78920  27.8%  27.2 1249s
  6014  1752 -518.50148   55    2 -435.01999 -555.67450  27.7%  27.3 1278s
  6165  1770 -503.22788   55    2 -435.01999 -555.53070  27.7%  27.4 1307s
  6231  1797 -486.83787   56    2 -435.01999 -555.45357  27.7%  27.5 1334s
  6259  1806     cutoff   56      -435.01999 -555.31433  27.7%  27.6 1337s
  6339  1854     cutoff   57      -435.01999 -555.25576  27.6%  27.5 1368s
  6450  1893     cutoff   31      -435.01999 -555.20891  27.6%  27.6 1402s
  6562  1956 -532.07105   37    5 -435.01999 -555.17193  27.6%  27.7 1442s
  6609  1972 -505.86393   55    2 -435.01999 -555.08591  27.6%  27.8 1447s
  6653  2009 -532.68787   34    2 -435.01999 -554.96027  27.6%  27.8 1474s
  6715  2030 -530.08756   32    2 -435.01999 -554.91542  27.6%  27.9 1482s
  6757  2065     cutoff   51      -435.01999 -554.82606  27.5%  27.9 1510s
  6824  2083 -509.68423   40    2 -435.01999 -554.69635  27.5%  27.9 1517s
  6868  2136 -528.16900   38    2 -435.01999 -554.68410  27.5%  27.9 1549s
  6975  2177 -506.74747   51    2 -435.01999 -554.37465  27.4%  27.9 1567s
  7038  2227 -511.50603   55    2 -435.01999 -554.37402  27.4%  27.9 1599s
  7213  2283     cutoff   56      -435.01999 -554.29194  27.4%  27.9 1643s
  7309  2338 -483.55170   56    2 -435.01999 -554.00267  27.4%  28.1 1685s
  7376  2360 -461.46543   57    2 -435.01999 -553.69818  27.3%  28.0 1693s
  7442  2393     cutoff   57      -435.01999 -553.64308  27.3%  28.1 1731s
  7510  2418     cutoff   42      -435.01999 -553.45140  27.2%  28.1 1741s
  7608  2482 -528.70525   50    2 -435.01999 -553.30282  27.2%  28.1 1785s
  7728  2561 -514.35418   55    2 -435.01999 -553.15482  27.2%  28.2 1829s
  7808  2581     cutoff   57      -435.01999 -552.84476  27.1%  28.2 1837s
  7928  2651     cutoff   56      -435.01999 -552.83156  27.1%  28.1 1881s
  8123  2711 -484.72986   56    2 -435.01999 -552.51345  27.0%  28.1 1929s
  8198  2740     cutoff   58      -435.01999 -552.36774  27.0%  28.1 1940s
  8260  2760     cutoff   57      -435.01999 -552.35101  27.0%  28.1 1981s
  8398  2825 -532.27667   50    2 -435.01999 -551.83441  26.9%  28.1 2031s
  8555  2898 -499.39009   55    2 -435.01999 -551.57817  26.8%  28.1 2079s
  8638  2914     cutoff   56      -435.01999 -551.45453  26.8%  28.1 2084s
  8715  2970     cutoff   56      -435.01999 -551.44847  26.8%  28.1 2124s
  8788  2990 -485.96944   56    2 -435.01999 -551.11392  26.7%  28.1 2132s
  8855  3025 -469.67170   56    2 -435.01999 -551.09417  26.7%  28.2 2173s
  8954  3056 -542.97719   51    2 -435.01999 -550.87420  26.6%  28.1 2185s
  9042  3115     cutoff   57      -435.01999 -550.86093  26.6%  28.1 2227s
  9231  3183     cutoff   55      -435.01999 -550.57706  26.6%  28.0 2278s
  9378  3224     cutoff   56      -435.01999 -550.20447  26.5%  28.0 2329s
  9447  3251     cutoff   57      -435.01999 -550.19896  26.5%  28.0 2340s
  9532  3283 -480.62361   56    2 -435.01999 -550.08532  26.5%  28.0 2381s
  9695  3344     cutoff   57      -435.01999 -549.44899  26.3%  28.0 2427s
  9855  3407 -517.54771   53    2 -435.01999 -548.81132  26.2%  28.0 2478s
  9961  3432 -503.50866   45    4 -435.01999 -548.49397  26.1%  28.0 2488s
 10048  3443     cutoff   57      -435.01999 -548.07680  26.0%  28.0 2525s
 10123  3465     cutoff   56      -435.01999 -547.67581  25.9%  28.0 2533s
 10230  3493 -463.40543   57    2 -435.01999 -547.52854  25.9%  28.0 2576s
 10342  3524 -486.02159   56    2 -435.01999 -546.87833  25.7%  28.0 2588s
 10416  3544     cutoff   58      -435.01999 -546.81500  25.7%  28.0 2628s
 10631  3604 -438.11999   56    - -435.01999 -545.95214  25.5%  28.0 2687s
 10662  3614     cutoff   41      -435.01999 -545.81192  25.5%  28.1 2690s
 10749  3659 -537.05099   29    6 -435.01999 -545.60006  25.4%  28.1 2734s
 10821  3683 -502.15686   54    2 -435.01999 -544.69874  25.2%  28.1 2743s
 10923  3696 -507.54025   55    2 -435.01999 -544.39469  25.1%  28.0 2791s
 11014  3738     cutoff   56      -435.01999 -543.63048  25.0%  28.1 2838s
 11082  3757 -496.15731   55    2 -435.01999 -543.60884  25.0%  28.1 2845s
 11155  3782     cutoff   56      -435.01999 -542.26083  24.7%  28.0 2890s
 11193  3794     cutoff   56      -435.01999 -542.25544  24.7%  28.1 2895s
 11230  3841 -487.12403   55    2 -435.01999 -542.10969  24.6%  28.1 2931s
 11320  3887 -474.87653   56    2 -435.01999 -541.69963  24.5%  28.2 2977s
 11418  3950     cutoff   57      -435.01999 -541.59586  24.5%  28.2 3027s
 11457  3960     cutoff   57      -435.01999 -541.53499  24.5%  28.2 3031s
 11507  3978 -499.04226   53    2 -435.01999 -541.47624  24.5%  28.2 3076s
 11616  4022     cutoff   57      -435.01999 -541.33627  24.4%  28.2 3128s
 11685  4060 -523.88991   51    2 -435.01999 -540.94569  24.3%  28.3 3177s
 11766  4091 -502.16786   55    2 -435.01999 -540.78503  24.3%  28.3 3228s
 11822  4116 -536.51866   30    2 -435.01999 -540.65603  24.3%  28.3 3238s
 11882  4151     cutoff   56      -435.01999 -540.64713  24.3%  28.3 3288s
 11959  4210 -539.82657   27    2 -435.01999 -540.59891  24.3%  28.3 3339s
 12010  4226 -539.24883   34    7 -435.01999 -540.56276  24.3%  28.3 3345s
 12042  4249 -516.50329   37    2 -435.01999 -540.55556  24.3%  28.3 3395s
 12098  4269 -511.17929   47    3 -435.01999 -540.43793  24.2%  28.3 3403s
 12136  4309 -510.55771   51    2 -435.01999 -540.43789  24.2%  28.4 3457s
 12258  4366 -534.80188   20    - -435.01999 -540.38083  24.2%  28.4 3524s
 12328  4396 -539.78342   29    3 -435.01999 -540.37064  24.2%  28.3 3535s
*12330  4382              30    -436.8599886 -540.37064  23.7%  28.4 3535s
 12371  4426 -505.67246   51    2 -436.85999 -540.25069  23.7%  28.4 3580s
 12499  4476 -492.20174   56    2 -436.85999 -540.17426  23.6%  28.3 3640s
 12591  4516     cutoff   57      -436.85999 -540.13061  23.6%  28.3 3699s
 12680  4579 -537.97642   35    2 -436.85999 -539.96768  23.6%  28.4 3762s
 12771  4637 -539.28228   34    4 -436.85999 -539.89692  23.6%  28.4 3813s
 12795  4641 -534.32972   46    5 -436.85999 -539.89692  23.6%  28.4 3815s
 12850  4683     cutoff   39      -436.85999 -539.88717  23.6%  28.4 3872s
 12974  4740 -539.55791   33    6 -436.85999 -539.79267  23.6%  28.4 3927s
 13004  4752     cutoff   57      -436.85999 -539.73973  23.5%  28.4 3932s
 13054  4789 -515.39120   39    6 -436.85999 -539.72827  23.5%  28.4 3982s
 13099  4804 -508.62842   51    2 -436.85999 -539.68146  23.5%  28.4 3988s
 13152  4843 -484.97996   49    2 -436.85999 -539.67601  23.5%  28.4 4034s
 13235  4899 -475.87803   57    2 -436.85999 -539.63446  23.5%  28.5 4089s
 13284  4910     cutoff   57      -436.85999 -539.60712  23.5%  28.5 4094s
 13334  4929     cutoff   58      -436.85999 -539.57306  23.5%  28.5 4147s
 13362  4938 -471.22602   57    2 -436.85999 -539.55003  23.5%  28.5 4151s
 13400  4966     cutoff   58      -436.85999 -539.52238  23.5%  28.5 4198s
 13439  4978     cutoff   58      -436.85999 -539.50139  23.5%  28.5 4203s
 13465  5006 -537.41972   26    3 -436.85999 -539.48518  23.5%  28.6 4256s
 13528  5032 -511.71685   43    2 -436.85999 -539.43361  23.5%  28.5 4268s
 13589  5084 -510.33137   45    5 -436.85999 -539.41708  23.5%  28.5 4326s
 13707  5134 -498.48909   56    2 -436.85999 -539.37978  23.5%  28.5 4388s
 13791  5176     cutoff   57      -436.85999 -539.36283  23.5%  28.5 4450s
 13874  5228 -537.00441   26    3 -436.85999 -539.33514  23.5%  28.5 4508s
 13932  5249 -516.91376   40    3 -436.85999 -539.33101  23.5%  28.5 4517s
 13997  5296 -514.14193   46    4 -436.85999 -539.32261  23.5%  28.5 4588s
 14040  5308     cutoff   52      -436.85999 -539.30020  23.4%  28.6 4592s
 14093  5325 -501.06583   56    2 -436.85999 -539.29828  23.4%  28.6 4646s
 14135  5343 -498.24986   56    2 -436.85999 -539.28693  23.4%  28.6 4654s
 14167  5360     cutoff   28      -436.85999 -539.28378  23.4%  28.6 4704s
 14194  5371 -515.47974   35    2 -436.85999 -539.26276  23.4%  28.7 4709s
 14249  5423 -512.35615   39    3 -436.85999 -539.25832  23.4%  28.6 4770s
 14378  5475 -496.77483   56    2 -436.85999 -539.20752  23.4%  28.7 4847s
 14475  5523     cutoff   57      -436.85999 -539.18611  23.4%  28.7 4909s
 14576  5569 -518.56558   31    2 -436.85999 -539.16140  23.4%  28.7 4979s
 14643  5611 -517.65755   40    8 -436.85999 -539.13088  23.4%  28.7 5036s
 14702  5635 -463.67233   40    4 -436.85999 -539.11256  23.4%  28.7 5046s
 14757  5654 -516.78718   28    2 -436.85999 -539.10782  23.4%  28.7 5101s
 14793  5667     cutoff   38      -436.85999 -539.05253  23.4%  28.7 5106s
 14811  5691 -486.51264   45    4 -436.85999 -539.04472  23.4%  28.7 5166s
 14942  5772 -484.82378   50    3 -436.85999 -539.00912  23.4%  28.7 5246s
 15067  5848 -475.69687   57    2 -436.85999 -538.98616  23.4%  28.7 5315s
 15172  5908     cutoff   58      -436.85999 -538.95447  23.4%  28.7 5378s
 15275  5953     cutoff   58      -436.85999 -538.92918  23.4%  28.7 5455s
 15329  5973     cutoff   57      -436.85999 -538.91005  23.4%  28.7 5463s
 15380  6034 -511.95382   48    2 -436.85999 -538.90171  23.4%  28.7 5520s
 15458  6053 -499.77339   56    2 -436.85999 -538.87480  23.4%  28.7 5569s
 15545  6114     cutoff   57      -436.85999 -538.85705  23.3%  28.7 5638s
 15636  6162 -466.92196   57    2 -436.85999 -538.82879  23.3%  28.7 5715s
 15749  6207     cutoff   58      -436.85999 -538.79493  23.3%  28.7 5784s
 15827  6258 -511.33655   38    3 -436.85999 -538.74356  23.3%  28.8 5843s
 15876  6271 -458.35864   57    2 -436.85999 -538.69865  23.3%  28.7 5849s
 15907  6324 -507.37098   50    3 -436.85999 -538.69861  23.3%  28.8 5910s
 16033  6366 -497.59539   56    2 -436.85999 -538.67367  23.3%  28.7 5982s
 16083  6388 -477.39913   57    2 -436.85999 -538.63373  23.3%  28.7 5991s
 16141  6451     cutoff   57      -436.85999 -538.62539  23.3%  28.7 6053s
 16240  6481 -462.63946   57    2 -436.85999 -538.58344  23.3%  28.7 6128s
 16268  6487     cutoff   58      -436.85999 -538.56766  23.3%  28.7 6131s
 16303  6527 -533.28464   38    2 -436.85999 -538.55831  23.3%  28.8 6190s
 16386  6583 -514.71423   43    3 -436.85999 -538.54131  23.3%  28.8 6262s
 16490  6624 -500.10265   56    2 -436.85999 -538.52450  23.3%  28.8 6338s
 16528  6639 -496.87826   56    2 -436.85999 -538.51432  23.3%  28.8 6343s
 16581  6655 -517.97386   35    3 -436.85999 -538.51098  23.3%  28.8 6416s
 16618  6669     cutoff   57      -436.85999 -538.47538  23.3%  28.8 6422s
 16677  6729 -488.02768   46    2 -436.85999 -538.47281  23.3%  28.8 6491s
 16745  6744 -463.63704   57    2 -436.85999 -538.43910  23.3%  28.8 6497s
 16795  6772 -475.86456   57    2 -436.85999 -538.43516  23.3%  28.8 6562s
 16906  6834 -507.28554   50    2 -436.85999 -538.39976  23.2%  28.8 6631s
 16971  6850 -504.00974   55    2 -436.85999 -538.37879  23.2%  28.8 6638s
 17011  6892     cutoff   56      -436.85999 -538.35752  23.2%  28.8 6709s
 17059  6903     cutoff   57      -436.85999 -538.35146  23.2%  28.8 6714s
 17106  6920     cutoff   57      -436.85999 -538.33799  23.2%  28.8 6783s
 17221  6980 -521.19052   55    2 -436.85999 -538.30459  23.2%  28.8 6857s
 17270  6993 -514.81718   42    2 -436.85999 -538.28344  23.2%  28.8 6862s
 17310  7040     cutoff   56      -436.85999 -538.28037  23.2%  28.8 6929s
 17385  7063 -510.11548   49    2 -436.85999 -538.25294  23.2%  28.8 6939s
 17454  7096 -488.85779   56    2 -436.85999 -538.24970  23.2%  28.8 7005s
 17564  7159 -525.38409   54    2 -436.85999 -538.22514  23.2%  28.8 7082s
 17661  7189     cutoff   57      -436.85999 -538.18101  23.2%  28.8 7095s
 17710  7222     cutoff   56      -436.85999 -538.16972  23.2%  28.8 7161s
 17749  7234 -470.54146   57    2 -436.85999 -538.14278  23.2%  28.8 7166s
 17796  7246 -487.24234   56    2 -436.85999 -538.13820  23.2%  28.8 7189s

Cutting planes:
  MIR: 313
  Flow cover: 51
  Lazy constraints: 226631

Explored 17808 nodes (517796 simplex iterations) in 7191.22 seconds
Thread count was 4 (of 4 available processors)

Solution count 10: -436.86 -435.02 -431.38 ... -369.64

Time limit reached
Best objective -4.368599886493e+02, best bound -5.381353032412e+02, gap 23.1826%

User-callback calls 171209, time in user-callback 1995.55 sec
