
Gurobi 9.0.3 (win64) logging started Mon Jan  3 18:57:44 2022

Changed value of parameter LogFile to Results/sslp3_40_50_50_var_BnC.log
   Prev:   Default: 
Changed value of parameter Heuristics to 0.0
   Prev: 0.05  Min: 0.0  Max: 1.0  Default: 0.05
Changed value of parameter lazyConstraints to 1
   Prev: 0  Min: 0  Max: 1  Default: 0
Changed value of parameter timeLimit to 4370.256737709045
   Prev: inf  Min: 0.0  Max: inf  Default: inf
Gurobi Optimizer version 9.0.3 build v9.0.3rc0 (win64)
Optimize a model with 2303 rows, 130 columns and 151761 nonzeros
Model fingerprint: 0x1fbed89f
Variable types: 90 continuous, 40 integer (40 binary)
Coefficient statistics:
  Matrix range     [1e-13, 5e+05]
  Objective range  [2e-02, 4e+01]
  Bounds range     [1e+00, 1e+00]
  RHS range        [2e-15, 1e+04]
Warning: Model contains large matrix coefficient range
         Consider reformulating model or setting NumericFocus parameter
         to avoid numerical issues.
Presolve added 0 rows and 62 columns
Presolve removed 159 rows and 0 columns
Presolve time: 0.17s
Presolved: 2144 rows, 192 columns, 123242 nonzeros
Variable types: 149 continuous, 43 integer (40 binary)

Root relaxation: objective -4.736003e+02, 508 iterations, 0.14 seconds

    Nodes    |    Current Node    |     Objective Bounds      |     Work
 Expl Unexpl |  Obj  Depth IntInf | Incumbent    BestBd   Gap | It/Node Time

     0     0 -473.60033    0   25          - -473.60033      -     -    0s
     0     0 -473.60033    0   25          - -473.60033      -     -    0s
     0     0 -473.60033    0   25          - -473.60033      -     -    0s
     0     2 -473.60033    0   25          - -473.60033      -     -    1s
*   73    72              40    -465.0200114 -473.29129  1.78%  34.7    2s
*  160   139              37    -465.3199882 -473.27632  1.71%  29.7    4s
   170   138     cutoff   28      -465.31999 -472.90073  1.63%  28.9    5s
   420   294 -469.71781   26    4 -465.31999 -472.39057  1.52%  26.4   10s
*  431   282              36    -466.2999879 -472.39057  1.31%  26.0   10s
   670   433 -468.29076   11    - -466.29999 -472.19961  1.27%  25.8   15s
   738   453 -472.19961   11   23 -466.29999 -472.19961  1.27%  26.3   20s
   900   493 -472.19961   15   22 -466.29999 -472.19961  1.27%  27.9   25s
  1143   535 -468.49117   24    9 -466.29999 -472.11451  1.25%  27.4   30s
  1448   554 -467.24952   32   11 -466.29999 -471.80858  1.18%  26.7   35s
  1713   592 -466.94992   36    6 -466.29999 -471.61287  1.14%  25.9   40s
  1887   627 -467.87505   30    4 -466.29999 -471.45665  1.11%  25.5   45s
  2116   670     cutoff   36      -466.29999 -471.36480  1.09%  24.6   50s
  2401   775     cutoff   45      -466.29999 -471.27881  1.07%  23.6   55s
  2627   858     cutoff   35      -466.29999 -471.21006  1.05%  23.1   62s
  2709   887 -468.95537   42    3 -466.29999 -471.20835  1.05%  22.9   67s
  2852   928 -467.46759   32    3 -466.29999 -471.14215  1.04%  22.7   72s
  2943   961 -466.92506   20    3 -466.29999 -471.12242  1.03%  22.5   75s
  3192  1031     cutoff   34      -466.29999 -471.03505  1.02%  22.0   81s
  3362  1079 -467.70462   27    3 -466.29999 -470.97621  1.00%  21.7   86s
  3501  1087     cutoff   25      -466.29999 -470.94562  1.00%  21.6   90s
  3635  1100     cutoff   30      -466.29999 -470.90317  0.99%  21.6   96s
  3698  1127 -466.66873   33    - -466.29999 -470.88713  0.98%  21.6  100s
  3779  1155     cutoff   42      -466.29999 -470.86931  0.98%  21.6  106s
  3876  1166     cutoff   37      -466.29999 -470.85466  0.98%  21.5  111s
  3951  1180     cutoff   30      -466.29999 -470.82978  0.97%  21.5  115s
  4027  1194 -467.82552   30    9 -466.29999 -470.82355  0.97%  21.4  120s
  4161  1222     cutoff   43      -466.29999 -470.77513  0.96%  21.4  125s
  4336  1238 -468.38611   32   11 -466.29999 -470.74833  0.95%  21.3  132s
  4408  1241     cutoff   38      -466.29999 -470.73729  0.95%  21.3  138s
  4477  1244     cutoff   41      -466.29999 -470.69713  0.94%  21.2  140s
  4625  1272 -466.71238   32    4 -466.29999 -470.62761  0.93%  21.2  146s
  4777  1283     cutoff   41      -466.29999 -470.57588  0.92%  21.2  152s
  4844  1286     cutoff   29      -466.29999 -470.54622  0.91%  21.2  156s
  4922  1296     cutoff   37      -466.29999 -470.50625  0.90%  21.2  160s
  5034  1310     cutoff   42      -466.29999 -470.46562  0.89%  21.3  165s
  5151  1314     cutoff   43      -466.29999 -470.44234  0.89%  21.2  171s
  5233  1331     cutoff   34      -466.29999 -470.40748  0.88%  21.3  176s
  5320  1341 -467.21028   32    8 -466.29999 -470.38271  0.88%  21.3  180s
  5515  1387     cutoff   34      -466.29999 -470.36159  0.87%  21.2  188s
  5599  1392 -469.48577   33    8 -466.29999 -470.32964  0.86%  21.2  191s
  5710  1408     cutoff   42      -466.29999 -470.30939  0.86%  21.1  197s
  5828  1439 -470.17565   33   10 -466.29999 -470.29114  0.86%  21.1  203s
  5945  1484     cutoff   44      -466.29999 -470.27059  0.85%  21.0  209s
  6044  1502     cutoff   33      -466.29999 -470.25165  0.85%  20.9  213s
  6148  1517     cutoff   33      -466.29999 -470.23470  0.84%  20.9  218s
  6261  1526     cutoff   40      -466.29999 -470.21232  0.84%  20.9  222s
  6378  1551     cutoff   29      -466.29999 -470.19271  0.83%  20.8  228s
  6492  1557     cutoff   37      -466.29999 -470.17565  0.83%  20.8  233s
  6619  1564     cutoff   38      -466.29999 -470.14763  0.83%  20.7  238s
  6703  1583     cutoff   37      -466.29999 -470.13822  0.82%  20.7  242s
  6821  1602 -466.33905   38    4 -466.29999 -470.11822  0.82%  20.7  248s
  6931  1606     cutoff   39      -466.29999 -470.09388  0.81%  20.6  253s
  7022  1620     cutoff   35      -466.29999 -470.07603  0.81%  20.7  258s
  7123  1638     cutoff   36      -466.29999 -470.05825  0.81%  20.7  264s
  7183  1646 -466.47438   36    4 -466.29999 -470.04836  0.80%  20.6  267s
  7248  1657     cutoff   43      -466.29999 -470.04682  0.80%  20.6  272s
  7364  1670     cutoff   30      -466.29999 -470.02299  0.80%  20.6  278s
  7445  1689     cutoff   22      -466.29999 -470.01724  0.80%  20.6  282s
  7546  1702 -467.36737   35    3 -466.29999 -470.00104  0.79%  20.5  287s
  7649  1709     cutoff   35      -466.29999 -469.98296  0.79%  20.5  293s
  7740  1712     cutoff   35      -466.29999 -469.97523  0.79%  20.5  298s
  7845  1729     cutoff   42      -466.29999 -469.95607  0.78%  20.5  305s
  7941  1733     cutoff   34      -466.29999 -469.91688  0.78%  20.5  310s
  8022  1745     cutoff   30      -466.29999 -469.89581  0.77%  20.5  315s
  8216  1763     cutoff   35      -466.29999 -469.86465  0.76%  20.5  324s
  8333  1771     cutoff   41      -466.29999 -469.84766  0.76%  20.4  329s
  8408  1801     cutoff   25      -466.29999 -469.82134  0.76%  20.4  333s
  8504  1809     cutoff   41      -466.29999 -469.80181  0.75%  20.4  338s
  8621  1825     cutoff   40      -466.29999 -469.76810  0.74%  20.4  345s
  8730  1841     cutoff   37      -466.29999 -469.75357  0.74%  20.3  351s
  8841  1862     cutoff   42      -466.29999 -469.73687  0.74%  20.3  357s
  8954  1876     cutoff   43      -466.29999 -469.72480  0.73%  20.3  362s
  9041  1886 -466.87188   43    4 -466.29999 -469.71414  0.73%  20.3  368s
  9123  1899     cutoff   36      -466.29999 -469.69977  0.73%  20.3  373s
  9217  1915     cutoff   33      -466.29999 -469.69151  0.73%  20.3  378s
  9313  1931     cutoff   40      -466.29999 -469.68189  0.73%  20.2  384s
  9426  1934     cutoff   43      -466.29999 -469.64991  0.72%  20.2  390s
  9507  1948     cutoff   43      -466.29999 -469.62695  0.71%  20.2  396s
  9602  1952     cutoff   39      -466.29999 -469.60572  0.71%  20.2  401s
  9698  1950     cutoff   37      -466.29999 -469.58348  0.70%  20.2  407s
  9795  1974     cutoff   33      -466.29999 -469.56912  0.70%  20.2  413s
  9910  1976     cutoff   35      -466.29999 -469.55428  0.70%  20.2  419s
  9982  1992 -468.45146   25    6 -466.29999 -469.52929  0.69%  20.2  423s
 10069  1994 -468.46214   25   11 -466.29999 -469.52134  0.69%  20.2  427s
 10173  2007 -466.52529   35    3 -466.29999 -469.48886  0.68%  20.2  434s
 10232  2011     cutoff   32      -466.29999 -469.47445  0.68%  20.2  435s
 10298  2027     cutoff   40      -466.29999 -469.47268  0.68%  20.1  440s
 10401  2021 -466.41401   31    3 -466.29999 -469.45057  0.68%  20.1  446s
 10507  2041     cutoff   30      -466.29999 -469.44054  0.67%  20.1  451s
 10627  2059     cutoff   35      -466.29999 -469.41847  0.67%  20.1  457s
 10729  2071     cutoff   34      -466.29999 -469.40165  0.67%  20.1  463s
 10835  2082     cutoff   28      -466.29999 -469.38544  0.66%  20.0  469s
 10944  2080     cutoff   42      -466.29999 -469.35734  0.66%  20.0  476s
 11025  2082     cutoff   40      -466.29999 -469.34284  0.65%  20.0  481s
 11127  2083     cutoff   43      -466.29999 -469.31502  0.65%  20.0  489s
 11213  2089 -466.57896   34    4 -466.29999 -469.29233  0.64%  20.0  496s
 11311  2105     cutoff   24      -466.29999 -469.28458  0.64%  20.0  502s
 11398  2127     cutoff   22      -466.29999 -469.26958  0.64%  20.0  507s
 11536  2150     cutoff   27      -466.29999 -469.25739  0.63%  20.0  515s
 11651  2160     cutoff   28      -466.29999 -469.23634  0.63%  19.9  521s
 11761  2164     cutoff   36      -466.29999 -469.20933  0.62%  19.9  526s
 11859  2167     cutoff   28      -466.29999 -469.19619  0.62%  19.9  533s
 11932  2172     cutoff   24      -466.29999 -469.18856  0.62%  19.9  538s
 12055  2189     cutoff   39      -466.29999 -469.16554  0.61%  19.9  546s
 12158  2207     cutoff   34      -466.29999 -469.15110  0.61%  19.9  552s
 12259  2232     cutoff   31      -466.29999 -469.14827  0.61%  19.9  558s
 12392  2243     cutoff   35      -466.29999 -469.13479  0.61%  19.9  565s
 12507  2235 -467.78214   38    4 -466.29999 -469.12355  0.61%  19.8  571s
 12633  2238     cutoff   40      -466.29999 -469.09896  0.60%  19.8  579s
 12683  2240     cutoff   41      -466.29999 -469.08032  0.60%  19.8  580s
 12731  2247     cutoff   27      -466.29999 -469.07979  0.60%  19.8  586s
 12858  2245     cutoff   38      -466.29999 -469.05673  0.59%  19.8  594s
 12909  2247     cutoff   40      -466.29999 -469.03063  0.59%  19.8  595s
 12966  2262     cutoff   35      -466.29999 -469.02446  0.58%  19.8  601s
 13095  2274     cutoff   42      -466.29999 -469.00235  0.58%  19.8  610s
 13182  2292     cutoff   26      -466.29999 -468.98901  0.58%  19.8  618s
 13309  2303 -467.64310   36    6 -466.29999 -468.98060  0.57%  19.8  624s
 13449  2327     cutoff   42      -466.29999 -468.96307  0.57%  19.7  633s
 13582  2336 -466.82833   24    7 -466.29999 -468.95341  0.57%  19.7  641s
 13706  2323 -466.52364   28    3 -466.29999 -468.93076  0.56%  19.7  649s
 13829  2334     cutoff   37      -466.29999 -468.90874  0.56%  19.7  659s
 13950  2342     cutoff   33      -466.29999 -468.88774  0.55%  19.7  666s
 14089  2352     cutoff   38      -466.29999 -468.87431  0.55%  19.6  673s
 14220  2361     cutoff   34      -466.29999 -468.85562  0.55%  19.6  682s
 14355  2375     cutoff   42      -466.29999 -468.84799  0.55%  19.6  691s
 14494  2383     cutoff   31      -466.29999 -468.82631  0.54%  19.6  699s
 14577  2382 -466.32015   36    4 -466.29999 -468.82107  0.54%  19.6  705s
 14696  2371     cutoff   40      -466.29999 -468.80998  0.54%  19.6  713s
 14809  2380     cutoff   38      -466.29999 -468.78666  0.53%  19.6  721s
 14931  2381     cutoff   41      -466.29999 -468.76055  0.53%  19.6  729s
 15022  2381 -468.46317   24   16 -466.29999 -468.74439  0.52%  19.6  736s
 15115  2368     cutoff   26      -466.29999 -468.73458  0.52%  19.6  743s
 15230  2377     cutoff   38      -466.29999 -468.72063  0.52%  19.6  750s
 15329  2371 -467.86421   29   11 -466.29999 -468.71280  0.52%  19.6  757s
 15436  2381     cutoff   39      -466.29999 -468.69587  0.51%  19.6  764s
 15547  2380 -468.29045   20   11 -466.29999 -468.67412  0.51%  19.6  772s
 15673  2357     cutoff   38      -466.29999 -468.66448  0.51%  19.6  780s
 15798  2362     cutoff   40      -466.29999 -468.62725  0.50%  19.6  791s
 15950  2352 -466.60091   34    5 -466.29999 -468.59862  0.49%  19.6  800s
 16075  2350 -466.43651   24    2 -466.29999 -468.57197  0.49%  19.5  810s
 16202  2330     cutoff   38      -466.29999 -468.55054  0.48%  19.5  819s
 16257  2334     cutoff   32      -466.29999 -468.54566  0.48%  19.5  821s
 16331  2330 -466.52373   29    3 -466.29999 -468.50230  0.47%  19.5  828s
 16468  2335     cutoff   37      -466.29999 -468.48584  0.47%  19.5  837s
 16604  2328 -467.33567   35    4 -466.29999 -468.46901  0.47%  19.5  846s
 16749  2313     cutoff   38      -466.29999 -468.45369  0.46%  19.4  857s
 16896  2323     cutoff   36      -466.29999 -468.42675  0.46%  19.4  868s
 17012  2316 -467.42405   25   12 -466.29999 -468.39884  0.45%  19.4  877s
 17138  2307     cutoff   39      -466.29999 -468.37723  0.45%  19.4  886s
 17284  2309 -467.08348   34    4 -466.29999 -468.33989  0.44%  19.4  897s
 17395  2283     cutoff   39      -466.29999 -468.31444  0.43%  19.4  906s
 17518  2280     cutoff   27      -466.29999 -468.28107  0.42%  19.4  914s
 17639  2294     cutoff   33      -466.29999 -468.27233  0.42%  19.4  922s
 17776  2280     cutoff   38      -466.29999 -468.24115  0.42%  19.4  931s
 17881  2272     cutoff   40      -466.29999 -468.18098  0.40%  19.4  940s
 18016  2285     cutoff   34      -466.29999 -468.15879  0.40%  19.3  950s
 18161  2274     cutoff   41      -466.29999 -468.14030  0.39%  19.3  961s
 18282  2273 -467.03834   32    8 -466.29999 -468.10904  0.39%  19.3  970s
 18422  2280     cutoff   39      -466.29999 -468.09018  0.38%  19.3  981s
 18581  2273     cutoff   41      -466.29999 -468.06670  0.38%  19.2  992s
 18745  2267     cutoff   37      -466.29999 -468.03224  0.37%  19.2 1004s
 18896  2283 -467.06386   33    9 -466.29999 -468.00607  0.37%  19.2 1016s
 19042  2243 -467.19485   29    9 -466.29999 -467.98426  0.36%  19.2 1026s
 19182  2211     cutoff   35      -466.29999 -467.95178  0.35%  19.1 1037s
 19290  2165 -466.67584   34    - -466.29999 -467.92693  0.35%  19.1 1047s
 19443  2153     cutoff   28      -466.29999 -467.88463  0.34%  19.1 1058s
 19600  2139     cutoff   34      -466.29999 -467.84235  0.33%  19.1 1070s
 19769  2121     cutoff   39      -466.29999 -467.80334  0.32%  19.1 1082s
 19903  2105     cutoff   28      -466.29999 -467.77644  0.32%  19.1 1094s
 20067  2083     cutoff   36      -466.29999 -467.75222  0.31%  19.0 1106s
 20220  2034     cutoff   32      -466.29999 -467.71655  0.30%  19.0 1117s
 20410  1993     cutoff   36      -466.29999 -467.68568  0.30%  19.0 1130s
 20573  1930     cutoff   36      -466.29999 -467.64724  0.29%  18.9 1143s
 20737  1854     cutoff   31      -466.29999 -467.60527  0.28%  18.9 1154s
 20893  1785     cutoff   34      -466.29999 -467.55314  0.27%  18.9 1165s
 21062  1718     cutoff   29      -466.29999 -467.50857  0.26%  18.9 1178s
 21184  1724     cutoff   40      -466.29999 -467.48987  0.26%  18.8 1181s
 21272  1671     cutoff   33      -466.29999 -467.46246  0.25%  18.8 1190s
 21425  1593     cutoff   35      -466.29999 -467.40951  0.24%  18.8 1203s
 21624  1525     cutoff   32      -466.29999 -467.36516  0.23%  18.8 1218s
 21849  1433     cutoff   31      -466.29999 -467.32212  0.22%  18.7 1231s
 22037  1343     cutoff   38      -466.29999 -467.27963  0.21%  18.6 1243s
 22217  1263     cutoff   37      -466.29999 -467.22024  0.20%  18.6 1256s
 22398  1157     cutoff   33      -466.29999 -467.16620  0.19%  18.6 1270s
 22618  1035     cutoff   43      -466.29999 -467.10208  0.17%  18.5 1282s
 22801   911     cutoff   30      -466.29999 -467.04327  0.16%  18.5 1294s
 22898   918     cutoff   32      -466.29999 -467.03497  0.16%  18.4 1297s
 22993   795     cutoff   42      -466.29999 -466.96983  0.14%  18.4 1308s
 23185   650     cutoff   29      -466.29999 -466.88861  0.13%  18.3 1319s
 23394   509     cutoff   32      -466.29999 -466.79090  0.11%  18.3 1333s
 23632   348     cutoff   36      -466.29999 -466.68604  0.08%  18.2 1343s
 23864   172     cutoff   32      -466.29999 -466.57742  0.06%  18.1 1354s
 24084     0     cutoff   24      -466.29999 -466.44362  0.03%  18.0 1360s

Cutting planes:
  Lazy constraints: 52213

Explored 24268 nodes (435035 simplex iterations) in 1361.89 seconds
Thread count was 4 (of 4 available processors)

Solution count 3: -466.3 -465.32 -465.02 
No other solutions better than -466.3

Optimal solution found (tolerance 1.00e-04)
Warning: max constraint violation (4.4562e-06) exceeds tolerance
Best objective -4.662999878842e+02, best bound -4.662999878842e+02, gap 0.0000%

User-callback calls 66117, time in user-callback 445.32 sec
