
Gurobi 8.1.1 (win64) logging started 07/06/20 23:05:06

Changed value of parameter LogFile to Results/sslp2_40_50_50_BendersBnC.log
   Prev: gurobi.log  Default: 
Changed value of parameter Heuristics to 0.0
   Prev: 0.05  Min: 0.0  Max: 1.0  Default: 0.05
Changed value of parameter lazyConstraints to 1
   Prev: 0  Min: 0  Max: 1  Default: 0
Changed value of parameter timeLimit to 7188.306198596954
   Prev: 1e+100  Min: 0.0  Max: 1e+100  Default: 1e+100
Optimize a model with 820 rows, 90 columns and 18464 nonzeros
Variable types: 50 continuous, 40 integer (40 binary)
Coefficient statistics:
  Matrix range     [2e-13, 9e+05]
  Objective range  [2e-02, 8e+01]
  Bounds range     [1e+00, 1e+00]
  RHS range        [1e-13, 2e+04]
Warning: Model contains large matrix coefficient range
         Consider reformulating model or setting NumericFocus parameter
         to avoid numerical issues.
Presolve removed 80 rows and 0 columns
Presolve time: 0.04s
Presolved: 740 rows, 90 columns, 17721 nonzeros
Variable types: 50 continuous, 40 integer (40 binary)

Root relaxation: objective -5.564011e+02, 143 iterations, 0.03 seconds

    Nodes    |    Current Node    |     Objective Bounds      |     Work
 Expl Unexpl |  Obj  Depth IntInf | Incumbent    BestBd   Gap | It/Node Time

     0     0 -556.40113    0   16          - -556.40113      -     -    0s
     0     0 -555.81190    0   16          - -555.81190      -     -    0s
     0     0 -555.26432    0   14          - -555.26432      -     -    0s
     0     0 -554.79959    0   13          - -554.79959      -     -    0s
     0     0 -554.48668    0   15          - -554.48668      -     -    0s
     0     0 -554.24493    0   14          - -554.24493      -     -    0s
     0     0 -553.93830    0   14          - -553.93830      -     -    0s
     0     0 -553.76151    0   14          - -553.76151      -     -    0s
     0     0 -553.52052    0   11          - -553.52052      -     -    0s
     0     0 -553.44558    0   12          - -553.44558      -     -    0s
     0     0 -553.31247    0   11          - -553.31247      -     -    0s
     0     0 -553.17375    0   12          - -553.17375      -     -    0s
     0     0 -553.05089    0   12          - -553.05089      -     -    0s
     0     0 -552.90864    0   12          - -552.90864      -     -    0s
     0     0 -552.87619    0   13          - -552.87619      -     -    0s
     0     0 -552.80510    0   12          - -552.80510      -     -    0s
     0     0 -552.74074    0   12          - -552.74074      -     -    0s
     0     0 -552.68538    0   10          - -552.68538      -     -    0s
     0     0 -552.60699    0   11          - -552.60699      -     -    0s
     0     0 -552.51267    0   12          - -552.51267      -     -    0s
     0     0 -552.40055    0   12          - -552.40055      -     -    0s
     0     0 -552.30147    0   12          - -552.30147      -     -    0s
     0     0 -552.17511    0   11          - -552.17511      -     -    0s
     0     0 -552.12332    0   12          - -552.12332      -     -    0s
     0     0 -552.04766    0   14          - -552.04766      -     -    0s
     0     0 -552.02643    0   14          - -552.02643      -     -    0s
     0     0 -551.98050    0   13          - -551.98050      -     -    0s
     0     0 -551.94405    0   11          - -551.94405      -     -    0s
     0     0 -551.90779    0   13          - -551.90779      -     -    0s
     0     0 -551.85488    0   13          - -551.85488      -     -    0s
     0     0 -551.78314    0   10          - -551.78314      -     -    0s
     0     0 -551.73711    0   10          - -551.73711      -     -    0s
     0     0 -551.69587    0   11          - -551.69587      -     -    0s
     0     0 -551.69307    0   12          - -551.69307      -     -    0s
     0     0 -551.65026    0   11          - -551.65026      -     -    0s
     0     0 -551.64154    0   12          - -551.64154      -     -    0s
     0     0 -551.57843    0   12          - -551.57843      -     -    1s
     0     0 -551.54955    0   12          - -551.54955      -     -    1s
     0     0 -551.54074    0   13          - -551.54074      -     -    1s
     0     0 -551.53465    0   14          - -551.53465      -     -    1s
     0     0 -551.47035    0   12          - -551.47035      -     -    1s
     0     0 -551.46234    0   11          - -551.46234      -     -    1s
     0     0 -551.45713    0   12          - -551.45713      -     -    1s
     0     0 -551.45210    0   12          - -551.45210      -     -    1s
     0     0 -551.44555    0   11          - -551.44555      -     -    1s
     0     0 -551.43332    0   10          - -551.43332      -     -    1s
     0     0 -551.39822    0   10          - -551.39822      -     -    1s
     0     0 -551.39677    0   10          - -551.39677      -     -    1s
     0     0 -551.39537    0   10          - -551.39537      -     -    1s
     0     0 -551.39345    0   11          - -551.39345      -     -    1s
     0     0 -551.38668    0   11          - -551.38668      -     -    1s
     0     0 -551.38317    0   11          - -551.38317      -     -    1s
     0     0 -551.37722    0   12          - -551.37722      -     -    1s
     0     0 -551.37402    0   12          - -551.37402      -     -    1s
     0     0 -551.36995    0   13          - -551.36995      -     -    1s
     0     0 -551.36665    0   11          - -551.36665      -     -    1s
     0     0 -551.36539    0   12          - -551.36539      -     -    1s
     0     0 -551.36339    0   12          - -551.36339      -     -    1s
     0     0 -551.36057    0   12          - -551.36057      -     -    1s
     0     0 -551.35627    0   12          - -551.35627      -     -    1s
     0     0 -551.35279    0   13          - -551.35279      -     -    1s
     0     0 -551.35134    0   11          - -551.35134      -     -    1s
     0     0 -551.35124    0   13          - -551.35124      -     -    1s
     0     0 -551.27481    0   10          - -551.27481      -     -    1s
     0     0 -551.23705    0    7          - -551.23705      -     -    1s
     0     0 -551.19836    0   10          - -551.19836      -     -    1s
     0     0 -551.15499    0    8          - -551.15499      -     -    1s
     0     0 -551.13908    0   10          - -551.13908      -     -    1s
     0     0 -551.12503    0    9          - -551.12503      -     -    1s
     0     0 -551.10933    0    9          - -551.10933      -     -    1s
     0     0 -551.09543    0    7          - -551.09543      -     -    1s
     0     0 -551.05672    0    9          - -551.05672      -     -    1s
     0     0 -551.04904    0   10          - -551.04904      -     -    1s
     0     0 -551.03056    0   11          - -551.03056      -     -    1s
     0     0 -551.02903    0   10          - -551.02903      -     -    1s
     0     0 -551.02551    0   11          - -551.02551      -     -    1s
     0     0 -551.02012    0   12          - -551.02012      -     -    1s
     0     0 -551.01378    0   12          - -551.01378      -     -    1s
     0     0 -551.00451    0   11          - -551.00451      -     -    2s
     0     0 -550.99624    0   11          - -550.99624      -     -    2s
     0     0 -550.97647    0   13          - -550.97647      -     -    2s
     0     0 -550.96166    0   13          - -550.96166      -     -    2s
     0     0 -550.93499    0   12          - -550.93499      -     -    2s
     0     0 -550.92600    0   14          - -550.92600      -     -    2s
     0     0 -550.90822    0   12          - -550.90822      -     -    2s
     0     0 -550.90014    0   13          - -550.90014      -     -    2s
     0     0 -550.87445    0   12          - -550.87445      -     -    2s
     0     0 -550.86662    0   13          - -550.86662      -     -    2s
     0     0 -550.86344    0   13          - -550.86344      -     -    2s
     0     0 -550.85856    0   14          - -550.85856      -     -    2s
     0     0 -550.85184    0   12          - -550.85184      -     -    2s
     0     0 -550.84664    0   14          - -550.84664      -     -    2s
     0     0 -550.82948    0   14          - -550.82948      -     -    2s
     0     0 -550.82173    0   13          - -550.82173      -     -    2s
     0     0 -550.81617    0   14          - -550.81617      -     -    2s
     0     0 -550.81280    0   11          - -550.81280      -     -    2s
     0     0 -550.81237    0   11          - -550.81237      -     -    2s
     0     0 -550.72226    0   12          - -550.72226      -     -    2s
     0     0 -550.70505    0   12          - -550.70505      -     -    2s
     0     0 -550.64306    0   12          - -550.64306      -     -    2s
     0     0 -550.62331    0   11          - -550.62331      -     -    2s
     0     0 -550.58190    0   11          - -550.58190      -     -    2s
     0     0 -550.57492    0   12          - -550.57492      -     -    2s
     0     0 -550.54252    0   11          - -550.54252      -     -    2s
     0     0 -550.53164    0   10          - -550.53164      -     -    2s
     0     0 -550.51372    0   11          - -550.51372      -     -    2s
     0     0 -550.50011    0   11          - -550.50011      -     -    2s
     0     0 -550.48251    0   11          - -550.48251      -     -    2s
     0     0 -550.47034    0   11          - -550.47034      -     -    2s
     0     0 -550.46162    0   10          - -550.46162      -     -    2s
     0     0 -550.45824    0   10          - -550.45824      -     -    2s
     0     0 -550.45668    0   10          - -550.45668      -     -    2s
     0     0 -550.40393    0   10          - -550.40393      -     -    2s
     0     0 -550.39363    0   11          - -550.39363      -     -    2s
     0     0 -550.36818    0   10          - -550.36818      -     -    2s
     0     0 -550.34945    0   10          - -550.34945      -     -    2s
     0     0 -550.32043    0    9          - -550.32043      -     -    2s
     0     0 -550.31421    0   10          - -550.31421      -     -    2s
     0     0 -550.30203    0   10          - -550.30203      -     -    2s
     0     0 -550.29476    0   10          - -550.29476      -     -    3s
     0     0 -550.26772    0    9          - -550.26772      -     -    3s
     0     0 -550.25846    0   10          - -550.25846      -     -    3s
     0     0 -550.25827    0   10          - -550.25827      -     -    3s
     0     0 -550.25323    0   10          - -550.25323      -     -    3s
     0     0 -550.25046    0   10          - -550.25046      -     -    3s
     0     0 -550.24407    0   10          - -550.24407      -     -    3s
     0     0 -550.23891    0   10          - -550.23891      -     -    3s
     0     0 -550.22788    0   10          - -550.22788      -     -    3s
     0     0 -550.21736    0   11          - -550.21736      -     -    3s
     0     0 -550.18612    0    9          - -550.18612      -     -    3s
     0     0 -550.17932    0    9          - -550.17932      -     -    3s
     0     0 -550.17605    0    9          - -550.17605      -     -    3s
     0     0 -550.17490    0    9          - -550.17490      -     -    3s
     0     0 -550.16387    0   11          - -550.16387      -     -    3s
     0     0 -550.15845    0    9          - -550.15845      -     -    3s
     0     0 -550.14101    0   11          - -550.14101      -     -    3s
     0     0 -550.13851    0   10          - -550.13851      -     -    3s
     0     0 -550.12315    0   10          - -550.12315      -     -    3s
     0     0 -550.12062    0   10          - -550.12062      -     -    3s
     0     0 -550.10784    0    8          - -550.10784      -     -    3s
     0     0 -550.10781    0    6          - -550.10781      -     -    3s
     0     0 -550.10697    0    9          - -550.10697      -     -    3s
     0     0 -550.10581    0   10          - -550.10581      -     -    3s
     0     0 -550.10351    0   10          - -550.10351      -     -    3s
     0     0 -550.09848    0   10          - -550.09848      -     -    3s
     0     0 -550.09370    0   10          - -550.09370      -     -    3s
     0     0 -550.09292    0   10          - -550.09292      -     -    3s
     0     0 -550.09187    0    9          - -550.09187      -     -    3s
     0     2 -550.09187    0    9          - -550.09187      -     -    3s
     7     6 -550.02940    2    7          - -550.02940      -  24.1    5s
    71    62 -529.79200   33    5          - -550.01454      -  23.4   10s
*   99    75              40    -318.1999909 -549.92479  72.8%  23.5   17s
*  108    77              40    -326.9799897 -549.79682  68.1%  24.0   20s
   137    93 -464.03835   13    4 -326.97999 -549.79682  68.1%  23.8   25s
   157   108 -504.84480   16    5 -326.97999 -549.79682  68.1%  23.5   30s
   185   125 -502.06944   22    3 -326.97999 -549.79682  68.1%  22.6   35s
   200   137 -500.38276   21    - -326.97999 -549.79682  68.1%  22.8   40s
   220   151 -438.48243   27    - -326.97999 -549.79682  68.1%  23.2   45s
   231   156 -496.12932   29    - -326.97999 -549.79682  68.1%  23.0   50s
   250   165 -490.90833   34    - -326.97999 -549.79682  68.1%  22.8   56s
   257   168 -428.21104   30    - -326.97999 -549.79682  68.1%  22.8   60s
   272   178 -419.67741   36    2 -326.97999 -549.79682  68.1%  23.1   65s
   289   180 -425.92731   38    - -326.97999 -549.79682  68.1%  23.4   72s
   296   184 -406.88875   38    2 -326.97999 -549.79682  68.1%  23.6   75s
   306   183 -406.32817   39    - -326.97999 -549.79682  68.1%  23.7   80s
   316   188 -345.96734   39    - -326.97999 -549.79682  68.1%  23.7   85s
   344   192 -465.52427    9    3 -326.97999 -549.67589  68.1%  23.6   92s
   363   200 -459.32817   15    3 -326.97999 -549.67589  68.1%  23.4   95s
   385   213 -493.46465   22    2 -326.97999 -549.01524  67.9%  22.9  100s
   396   221 -447.19116   24    - -326.97999 -549.01524  67.9%  22.9  105s
   413   234 -446.96963   30    4 -326.97999 -549.01524  67.9%  22.6  110s
   430   237 -479.36838   31    - -326.97999 -548.85051  67.9%  22.5  117s
   439   242 -478.04477   32    2 -326.97999 -548.85051  67.9%  22.6  120s
   460   253 -459.56883   37    3 -326.97999 -548.85051  67.9%  22.5  125s
*  470   253              40    -337.3799901 -548.85051  62.7%  22.5  128s
   479   260 -340.37917   39    1 -337.37999 -547.65361  62.3%  22.5  130s
   503   268 -501.47438   17    3 -337.37999 -546.18445  61.9%  22.6  136s
   513   273 -500.54619   19    - -337.37999 -545.41154  61.7%  22.5  140s
   538   281 -496.01769   20    - -337.37999 -544.10930  61.3%  22.3  149s
   552   286 -489.22587   20    6 -337.37999 -543.80180  61.2%  22.4  154s
   557   294     cutoff   39      -337.37999 -543.80180  61.2%  22.3  155s
   583   301 -458.99409   32    - -337.37999 -541.42481  60.5%  22.0  162s
   596   307 -500.89084   18    3 -337.37999 -540.64140  60.2%  22.0  168s
   604   315 -492.06118   30    - -337.37999 -540.64140  60.2%  21.8  171s
   613   313 -458.76186   21    3 -337.37999 -540.64140  60.2%  21.7  175s
   635   336 -450.31225   36    - -337.37999 -540.64140  60.2%  21.4  180s
   650   340 -450.94387   28    1 -337.37999 -540.64140  60.2%  21.4  187s
   661   345 -439.52532   30    - -337.37999 -540.64140  60.2%  21.3  193s
   670   344 -423.10055   30    - -337.37999 -540.64140  60.2%  21.3  197s
   679   349 -474.90218   35    - -337.37999 -540.64140  60.2%  21.3  202s
   688   351 -431.98450   35    1 -337.37999 -540.64140  60.2%  21.5  205s
   707   358 -427.10554   38    1 -337.37999 -540.64140  60.2%  21.6  210s
   727   360 -419.41801   39    - -337.37999 -540.64140  60.2%  21.4  217s
   736   365 -474.78878   39    - -337.37999 -540.64140  60.2%  21.4  220s
*  756   366              40    -341.1399900 -535.88882  57.1%  21.6  225s
   796   379     cutoff   40      -341.13999 -533.60445  56.4%  22.1  230s
*  813   389              40    -343.9599905 -533.60445  55.1%  22.3  236s
   835   385     cutoff   40      -343.95999 -533.60445  55.1%  22.5  243s
   859   389     cutoff   40      -343.95999 -533.60445  55.1%  22.5  249s
   880   397 -442.72733   34    2 -343.95999 -533.60445  55.1%  22.3  255s
   901   395 -442.92041   36    - -343.95999 -533.60445  55.1%  22.2  260s
   926   401 -378.20945   38    - -343.95999 -533.60445  55.1%  22.1  267s
   946   402 -368.43045   38    2 -343.95999 -533.60445  55.1%  22.3  272s
   952   397 -391.58986   40    - -343.95999 -533.60445  55.1%  22.4  276s
   974   398     cutoff   40      -343.95999 -533.60445  55.1%  22.5  280s
  1002   401     cutoff   40      -343.95999 -511.98108  48.8%  22.4  286s
  1025   403     cutoff   40      -343.95999 -511.68413  48.8%  22.4  290s
  1036   412 -468.81509   12    4 -343.95999 -511.68413  48.8%  22.5  296s
  1056   432 -495.32184   28    - -343.95999 -511.68413  48.8%  22.5  300s
  1078   439 -392.26386   33    - -343.95999 -511.68413  48.8%  22.6  306s
  1097   439 -381.66373   39    - -343.95999 -511.42535  48.7%  22.6  314s
  1120   447     cutoff   40      -343.95999 -510.08315  48.3%  22.6  324s
  1148   461 -467.44967   13    3 -343.95999 -509.92219  48.3%  22.5  330s
  1177   489 -460.18484   24    4 -343.95999 -509.92219  48.3%  22.5  335s
  1226   521     cutoff   40      -343.95999 -509.56258  48.1%  22.6  344s
  1264   532     cutoff   40      -343.95999 -509.47437  48.1%  22.5  356s
  1300   549 -463.57421   19    3 -343.95999 -509.47437  48.1%  22.4  363s
  1307   558     cutoff   40      -343.95999 -509.47437  48.1%  22.4  365s
  1335   582 -457.03286   27    - -343.95999 -509.47437  48.1%  22.4  370s
  1361   593 -442.71362   38    - -343.95999 -508.95337  48.0%  22.5  378s
  1397   600     cutoff   40      -343.95999 -508.78723  47.9%  22.4  389s
  1430   608     cutoff   40      -343.95999 -508.44632  47.8%  22.4  400s
  1453   626     cutoff   40      -343.95999 -508.34060  47.8%  22.3  405s
  1493   640 -403.59876   29    - -343.95999 -508.34060  47.8%  22.3  417s
  1510   657     cutoff   37      -343.95999 -508.27376  47.8%  22.3  420s
* 1516   646              40    -368.1199885 -508.27376  38.1%  22.3  422s
  1529   657 -455.95436   25    6 -368.11999 -508.27376  38.1%  22.3  427s
  1559   670 -420.61128   16    3 -368.11999 -508.27376  38.1%  22.3  436s
  1586   691 -405.14837   22    2 -368.11999 -508.27376  38.1%  22.3  444s
  1599   703     cutoff   24      -368.11999 -508.27376  38.1%  22.4  445s
  1617   711 -380.47103   35    1 -368.11999 -508.09757  38.0%  22.4  451s
  1634   719     cutoff   39      -368.11999 -508.04550  38.0%  22.5  456s
  1659   736 -463.64037   12    4 -368.11999 -508.04550  38.0%  22.4  463s
  1663   731 -458.29282   16    - -368.11999 -508.04550  38.0%  22.4  465s
  1685   749 -453.45370   24    5 -368.11999 -508.04550  38.0%  22.3  471s
  1720   771 -429.67047   40    - -368.11999 -507.81530  37.9%  22.3  480s
  1764   783     cutoff   40      -368.11999 -507.68534  37.9%  22.2  492s
  1798   809 -456.25081   25    4 -368.11999 -507.63081  37.9%  22.2  501s
  1828   824 -452.65937   28    5 -368.11999 -507.56820  37.9%  22.1  509s
  1842   838 -441.13604   37    2 -368.11999 -507.54141  37.9%  22.2  511s
  1864   853 -450.61606   28    3 -368.11999 -507.54141  37.9%  22.1  518s
  1872   850 -376.94042   39    - -368.11999 -507.48236  37.9%  22.2  522s
  1892   858     cutoff   39      -368.11999 -507.28581  37.8%  22.2  529s
  1910   872 -386.25239   38    1 -368.11999 -507.27318  37.8%  22.2  534s
  1930   874     cutoff   38      -368.11999 -507.18497  37.8%  22.1  540s
  1954   890 -469.93768   38    2 -368.11999 -507.17208  37.8%  22.2  547s
  1983   906 -409.49242   21    - -368.11999 -507.17208  37.8%  22.1  555s
  1994   900     cutoff   40      -368.11999 -507.17180  37.8%  22.1  560s
  2015   918 -406.46542   29    - -368.11999 -507.17180  37.8%  22.1  565s
  2030   912     cutoff   40      -368.11999 -507.17132  37.8%  22.1  571s
  2071   933 -453.72413   22    - -368.11999 -507.06876  37.7%  22.0  585s
  2101   956 -392.34122   27    - -368.11999 -507.06876  37.7%  22.0  594s
  2113   966 -457.49215   22    3 -368.11999 -507.06876  37.7%  22.0  596s
  2121   967 -440.64692   35    - -368.11999 -506.76078  37.7%  22.0  600s
  2160   973 -384.78502   35    - -368.11999 -506.76078  37.7%  21.9  615s
  2181   992     cutoff   39      -368.11999 -506.65072  37.6%  22.0  625s
  2228  1001     cutoff   38      -368.11999 -506.20505  37.5%  21.9  640s
  2265  1032 -454.30782   24    5 -368.11999 -506.11767  37.5%  21.9  650s
  2288  1051 -390.85582   28    - -368.11999 -506.11767  37.5%  21.8  658s
  2301  1053 -449.82863   28    5 -368.11999 -506.11767  37.5%  21.8  663s
  2331  1067 -440.06734   36    3 -368.11999 -506.02316  37.5%  21.8  675s
  2351  1082 -463.83748   12    3 -368.11999 -505.96014  37.4%  21.8  681s
  2380  1082 -410.11272   21    1 -368.11999 -505.96014  37.4%  21.7  695s
  2415  1117 -398.73595   24    - -368.11999 -505.85627  37.4%  21.7  707s
  2436  1137 -452.29311   27    4 -368.11999 -505.85627  37.4%  21.7  710s
  2477  1157 -438.64730   37    2 -368.11999 -505.78839  37.4%  21.7  721s
  2502  1175     cutoff   40      -368.11999 -505.74323  37.4%  21.7  729s
  2523  1174 -374.90859   39    - -368.11999 -505.72745  37.4%  21.6  738s
  2556  1197     cutoff   39      -368.11999 -505.66418  37.4%  21.7  749s
  2574  1214 -454.36769   28    - -368.11999 -505.66418  37.4%  21.6  751s
  2580  1219 -450.84088   23    5 -368.11999 -505.66418  37.4%  21.7  755s
  2600  1237 -382.59862   34    - -368.11999 -505.66418  37.4%  21.8  760s
  2636  1242 -428.37741   38    2 -368.11999 -505.61150  37.3%  21.7  773s
  2690  1266 -420.49856   19    4 -368.11999 -505.60769  37.3%  21.7  791s
  2722  1308 -450.92958   30    9 -368.11999 -505.60769  37.3%  21.7  816s
  2724  1309 -462.75133   13   28 -368.11999 -505.60769  37.3%  21.7  847s
  2727  1314 -505.60769   10   29 -368.11999 -505.60769  37.3%  21.8  901s
  2729  1316 -505.60769   11   29 -368.11999 -505.60769  37.3%  21.9  914s
  2731  1317 -504.94923   11   22 -368.11999 -505.60769  37.3%  22.0  935s
  2733  1318 -505.60769   12   28 -368.11999 -505.60769  37.3%  22.0  956s
  2735  1320 -504.43671   12   18 -368.11999 -505.60769  37.3%  22.1  962s
  2737  1322 -505.60769   13   27 -368.11999 -505.60769  37.3%  22.2  967s
  2740  1322 -505.60769   13   18 -368.11999 -505.60769  37.3%  22.3  971s
  2743  1322 -505.60769   14   26 -368.11999 -505.60769  37.3%  22.4  977s
  2746  1326 -502.71733   14   16 -368.11999 -505.60769  37.3%  22.4  980s
  2749  1325 -505.60769   15   27 -368.11999 -505.60769  37.3%  22.5  987s
  2753  1332 -505.60769   15   18 -368.11999 -505.60769  37.3%  22.6  991s
  2757  1330 -505.60769   16   26 -368.11999 -505.60769  37.3%  22.7  996s
  2759  1335 -505.60769   16   20 -368.11999 -505.60769  37.3%  22.8 1000s
  2764  1334 -505.60769   17   25 -368.11999 -505.60769  37.3%  22.9 1005s
  2769  1342 -505.60769   17   18 -368.11999 -505.60769  37.3%  22.9 1010s
  2778  1345 -504.34622   18   13 -368.11999 -505.60769  37.3%  23.1 1017s
  2782  1347 -505.60769   19   23 -368.11999 -505.60769  37.3%  23.2 1021s
  2789  1350 -505.60769   20   23 -368.11999 -505.60769  37.3%  23.3 1027s
  2795  1353 -501.26111   20    - -368.11999 -505.60769  37.3%  23.3 1032s
  2801  1354 -505.60769   21   12 -368.11999 -505.60769  37.3%  23.5 1038s
  2809  1358 -502.06242   22   10 -368.11999 -505.60769  37.3%  23.6 1046s
  2817  1363 -504.13229   23   14 -368.11999 -505.60769  37.3%  23.7 1052s
  2829  1363 -494.14566   24    7 -368.11999 -505.60769  37.3%  23.8 1058s
  2843  1369 -505.60769   26   18 -368.11999 -505.60769  37.3%  23.9 1066s
  2852  1374 -493.97868   27    2 -368.11999 -505.60769  37.3%  24.0 1071s
  2871  1383 -505.60769   30   17 -368.11999 -505.60769  37.3%  24.2 1078s
  2883  1391 -490.89463   31    7 -368.11999 -505.60769  37.3%  24.3 1085s
  2904  1395 -505.60769   34   14 -368.11999 -505.60769  37.3%  24.5 1093s
  2926  1395 -505.60769   36   12 -368.11999 -505.60769  37.3%  24.6 1104s
  2951  1395 -494.25430   38    5 -368.11999 -505.60769  37.3%  24.7 1112s
  2968  1399 -473.34009   40    7 -368.11999 -505.60769  37.3%  24.7 1121s
  2996  1395 -505.60769   43    6 -368.11999 -505.60769  37.3%  24.8 1134s
  3011  1401 -505.60769   22   17 -368.11999 -505.60769  37.3%  24.9 1136s
  3020  1412 -448.42845   46    - -368.11999 -505.60769  37.3%  24.9 1144s
  3050  1419 -502.51716   31   12 -368.11999 -505.60769  37.3%  24.9 1153s
  3063  1412 -426.80996   46    - -368.11999 -505.60769  37.3%  24.9 1159s
  3073  1426 -462.66730   42    3 -368.11999 -505.60769  37.3%  25.0 1160s
  3092  1426 -390.55337   47    - -368.11999 -505.60769  37.3%  25.0 1170s
  3120  1438     cutoff   47      -368.11999 -505.60769  37.3%  25.0 1177s
  3141  1443 -504.03883   23   16 -368.11999 -505.60769  37.3%  25.1 1183s
  3178  1458 -499.99166   31   11 -368.11999 -505.60769  37.3%  25.1 1196s
  3235  1462 -391.68289   47    2 -368.11999 -505.60769  37.3%  25.0 1214s
  3271  1471     cutoff   49      -368.11999 -505.60769  37.3%  25.0 1223s
  3299  1464     cutoff   49      -368.11999 -505.60769  37.3%  25.0 1241s
  3357  1490     cutoff   49      -368.11999 -505.60769  37.3%  25.0 1259s
  3400  1504 -448.63543   33    5 -368.11999 -505.60769  37.3%  25.0 1274s
  3436  1520     cutoff   48      -368.11999 -505.60769  37.3%  25.0 1282s
  3450  1514 -424.90964   20    3 -368.11999 -505.60769  37.3%  25.0 1293s
  3476  1539     cutoff   47      -368.11999 -505.60769  37.3%  25.0 1297s
  3501  1531 -374.61909   43    - -368.11999 -505.60769  37.3%  25.0 1312s
  3533  1549 -419.45599   24    5 -368.11999 -505.60769  37.3%  25.0 1321s
  3555  1531 -459.20289   21    2 -368.11999 -505.60769  37.3%  25.0 1336s
  3608  1554 -443.96596   36    5 -368.11999 -505.51776  37.3%  25.0 1359s
  3659  1583 -425.39386   46    3 -368.11999 -505.33430  37.3%  25.0 1377s
  3730  1581     cutoff   48      -368.11999 -505.20199  37.2%  24.9 1405s
  3774  1605 -445.87531   41    - -368.11999 -504.71373  37.1%  24.9 1422s
  3827  1618 -443.72040   41    4 -368.11999 -504.43683  37.0%  24.9 1441s
  3848  1633 -384.32687   40    2 -368.11999 -504.38603  37.0%  24.9 1447s
  3866  1631 -429.74807   45    4 -368.11999 -504.36926  37.0%  25.0 1460s
  3918  1656     cutoff   48      -368.11999 -504.34010  37.0%  25.0 1475s
  3954  1674     cutoff   48      -368.11999 -504.25744  37.0%  25.0 1481s
  3972  1668     cutoff   47      -368.11999 -504.18418  37.0%  25.0 1490s
  4032  1695 -465.51060   14    9 -368.11999 -504.17301  37.0%  25.0 1508s
  4072  1716 -424.12940   19    1 -368.11999 -504.04851  36.9%  25.0 1521s
  4146  1721     cutoff   49      -368.11999 -503.91116  36.9%  25.0 1544s
  4178  1738 -462.55513   24    1 -368.11999 -503.79991  36.9%  25.0 1550s
  4218  1735     cutoff   49      -368.11999 -503.56693  36.8%  24.9 1571s
  4271  1777     cutoff   49      -368.11999 -503.40976  36.8%  25.0 1590s
  4338  1805 -450.06832   48    - -368.11999 -503.38202  36.7%  24.9 1600s
  4350  1789     cutoff   48      -368.11999 -503.28894  36.7%  24.9 1614s
  4396  1826 -435.90027   47    - -368.11999 -503.20252  36.7%  24.9 1620s
  4421  1819     cutoff   48      -368.11999 -503.16382  36.7%  24.9 1634s
  4482  1838     cutoff   49      -368.11999 -502.67483  36.6%  25.0 1654s
  4533  1866     cutoff   49      -368.11999 -502.52617  36.5%  25.0 1675s
  4607  1883 -452.49512   36    9 -368.11999 -502.39968  36.5%  25.0 1697s
  4636  1852 -382.39615   48    - -368.11999 -502.38660  36.5%  25.0 1718s
  4732  1902 -459.98075   32    - -368.11999 -502.24558  36.4%  25.0 1747s
  4792  1929 -436.90129   47    1 -368.11999 -502.07018  36.4%  24.9 1759s
  4845  1911 -448.41935   42    6 -368.11999 -502.00224  36.4%  24.9 1793s
  4917  1944 -415.51193   35    2 -368.11999 -501.95945  36.4%  25.0 1828s
  5107  1987 -427.64577   46    1 -368.11999 -501.73773  36.3%  24.8 1879s
  5155  2024 -419.70845   22    1 -368.11999 -501.59067  36.3%  24.8 1891s
  5200  2032     cutoff   48      -368.11999 -501.30762  36.2%  24.8 1916s
  5297  2041 -400.10097   43    - -368.11999 -500.93603  36.1%  24.8 1958s
  5328  2078     cutoff   49      -368.11999 -500.82748  36.1%  24.8 1964s
  5388  2088 -423.01231   21    3 -368.11999 -500.82748  36.1%  24.8 1993s
  5431  2112     cutoff   49      -368.11999 -500.82748  36.1%  24.8 2001s
  5485  2105 -409.38759   30    - -368.11999 -500.68421  36.0%  24.8 2031s
  5580  2117     cutoff   49      -368.11999 -500.14503  35.9%  24.9 2082s
  5671  2170 -409.53492   37    - -368.11999 -499.83879  35.8%  24.8 2100s
  5757  2131 -439.18868   44    - -368.11999 -499.83351  35.8%  24.7 2148s
  5834  2181     cutoff   47      -368.11999 -499.49686  35.7%  24.7 2192s
  5939  2194 -429.00740   44    - -368.11999 -499.24963  35.6%  24.7 2241s
  6045  2206 -457.33944   17    2 -368.11999 -499.04945  35.6%  24.6 2299s
  6104  2251     cutoff   49      -368.11999 -498.24215  35.3%  24.6 2322s
  6180  2227 -375.38828   45    1 -368.11999 -498.22801  35.3%  24.6 2363s
  6241  2278 -369.99999   49    - -368.11999 -497.78796  35.2%  24.6 2376s
  6288  2279     cutoff   49      -368.11999 -497.74825  35.2%  24.6 2409s
  6346  2313     cutoff   49      -368.11999 -497.35809  35.1%  24.6 2420s
  6403  2292     cutoff   49      -368.11999 -497.31911  35.1%  24.6 2462s
  6537  2328     cutoff   49      -368.11999 -497.00510  35.0%  24.6 2513s
  6639  2360     cutoff   46      -368.11999 -496.56096  34.9%  24.6 2560s
  6768  2403     cutoff   49      -368.11999 -496.18384  34.8%  24.6 2619s
  6823  2452     cutoff   48      -368.11999 -495.85347  34.7%  24.7 2629s
  6895  2469     cutoff   49      -368.11999 -495.73672  34.7%  24.7 2681s
  7035  2534     cutoff   49      -368.11999 -495.51023  34.6%  24.7 2748s
  7083  2595     cutoff   49      -368.11999 -495.13594  34.5%  24.7 2752s
  7162  2615     cutoff   48      -368.11999 -494.71467  34.4%  24.7 2805s
  7321  2659 -397.75873   40    1 -368.11999 -493.97489  34.2%  24.7 2887s
  7501  2726 -387.52074   46    - -368.11999 -493.26057  34.0%  24.6 2980s
  7582  2812     cutoff   49      -368.11999 -493.12730  34.0%  24.6 3004s
  7651  2827     cutoff   48      -368.11999 -492.68803  33.8%  24.6 3059s
  7792  2895 -406.57075   48    - -368.11999 -491.42134  33.5%  24.7 3132s
  7923  2940     cutoff   48      -368.11999 -490.60652  33.3%  24.7 3213s
  8009  3032     cutoff   48      -368.11999 -488.73375  32.8%  24.7 3243s
  8085  2990 -411.73660   47    2 -368.11999 -488.73375  32.8%  24.7 3313s
  8156  3076 -448.37832   28    - -368.11999 -488.73375  32.8%  24.7 3339s
  8242  3050     cutoff   48      -368.11999 -486.62850  32.2%  24.7 3409s
  8311  3118     cutoff   49      -368.11999 -485.59471  31.9%  24.7 3435s
  8382  3099 -442.97870   34    - -368.11999 -485.59471  31.9%  24.7 3497s
  8439  3175 -374.30871   47    2 -368.11999 -485.59471  31.9%  24.7 3524s
  8515  3138     cutoff   48      -368.11999 -484.71319  31.7%  24.7 3585s
  8639  3187     cutoff   48      -368.11999 -483.03868  31.2%  24.7 3679s
  8693  3253     cutoff   48      -368.11999 -479.73699  30.3%  24.8 3696s
  8755  3242 -419.74239   48    - -368.11999 -477.55271  29.7%  24.8 3755s
  8819  3308     cutoff   49      -368.11999 -473.45267  28.6%  24.8 3779s
  8868  3285     cutoff   49      -368.11999 -473.36732  28.6%  24.9 3830s
  8929  3363     cutoff   49      -368.11999 -472.27386  28.3%  24.9 3852s
  8965  3341 -422.38584   47    1 -368.11999 -471.71030  28.1%  24.9 3910s
  9073  3455     cutoff   49      -368.11999 -471.15984  28.0%  24.8 3941s
  9116  3432     cutoff   49      -368.11999 -471.11264  28.0%  24.9 3998s
  9258  3523 -432.01930   46    - -368.11999 -470.05099  27.7%  24.8 4072s
  9322  3600     cutoff   48      -368.11999 -469.09448  27.4%  24.8 4096s
  9377  3577 -383.61262   47    2 -368.11999 -469.01859  27.4%  24.9 4181s
  9556  3682     cutoff   49      -368.11999 -468.46137  27.3%  24.8 4303s
  9653  3784     cutoff   49      -368.11999 -468.03347  27.1%  24.8 4333s
  9795  3792 -425.28623   31    1 -368.11999 -468.00119  27.1%  24.7 4449s
 10056  3970     cutoff   49      -368.11999 -467.55293  27.0%  24.6 4598s
 10326  4126     cutoff   49      -368.11999 -467.17709  26.9%  24.5 4737s
 10557  4306     cutoff   49      -368.11999 -466.80337  26.8%  24.4 4859s
 10669  4406 -397.10005   47    2 -368.11999 -466.45721  26.7%  24.4 4882s
*10671  4405              49    -368.7799887 -466.45721  26.5%  24.4 4883s
 10787  4458     cutoff   49      -368.77999 -466.44539  26.5%  24.3 4974s
 10964  4594     cutoff   49      -368.77999 -466.31363  26.4%  24.3 5081s
 11185  4739     cutoff   49      -368.77999 -466.30350  26.4%  24.2 5181s
 11331  4833     cutoff   49      -368.77999 -465.93803  26.3%  24.2 5270s
 11449  4940     cutoff   49      -368.77999 -465.88425  26.3%  24.2 5347s
 11496  4991     cutoff   48      -368.77999 -465.83693  26.3%  24.2 5351s
 11592  5026 -436.39784   46    3 -368.77999 -465.82489  26.3%  24.2 5438s
 11690  5112     cutoff   47      -368.77999 -465.65480  26.3%  24.2 5454s
 11790  5134     cutoff   49      -368.77999 -465.64629  26.3%  24.1 5564s
 11900  5228     cutoff   49      -368.77999 -465.50905  26.2%  24.1 5588s
 12009  5269     cutoff   48      -368.77999 -465.49282  26.2%  24.0 5679s
 12200  5418 -396.49866   47    2 -368.77999 -465.25056  26.2%  24.0 5794s
 12315  5530     cutoff   48      -368.77999 -465.11349  26.1%  23.9 5811s
 12413  5520     cutoff   49      -368.77999 -465.09953  26.1%  23.9 5908s
 12502  5620     cutoff   49      -368.77999 -464.99796  26.1%  23.9 5925s
 12584  5676 -423.73632   28    1 -368.77999 -464.99196  26.1%  23.9 6007s
 12749  5769     cutoff   49      -368.77999 -464.91037  26.1%  23.8 6121s
 12855  5875 -391.19592   47    2 -368.77999 -464.85551  26.1%  23.8 6143s
*12935  5888              49    -369.0399888 -464.85551  26.0%  23.8 6154s
 12957  5907     cutoff   43      -369.03999 -464.84424  26.0%  23.8 6226s
 13051  6003     cutoff   49      -369.03999 -464.72899  25.9%  23.8 6241s
 13093  6025     cutoff   49      -369.03999 -464.71707  25.9%  23.8 6326s
 13285  6127     cutoff   34      -369.03999 -464.69913  25.9%  23.7 6419s
 13428  6214     cutoff   49      -369.03999 -464.58615  25.9%  23.7 6522s
 13519  6289 -398.89659   47    1 -369.03999 -464.51298  25.9%  23.6 6553s
 13596  6272     cutoff   49      -369.03999 -464.50798  25.9%  23.6 6646s
 13741  6389 -386.94991   47    1 -369.03999 -464.40113  25.8%  23.6 6750s
 13905  6487     cutoff   49      -369.03999 -464.33626  25.8%  23.6 6867s
 14005  6583     cutoff   48      -369.03999 -464.22887  25.8%  23.6 6883s
 14077  6605 -419.33792   21    3 -369.03999 -464.20254  25.8%  23.6 6964s
 14131  6669     cutoff   37      -369.03999 -464.19864  25.8%  23.6 6973s
 14204  6701 -430.14239   44    5 -369.03999 -464.19338  25.8%  23.6 7069s
 14369  6773     cutoff   49      -369.03999 -464.05490  25.7%  23.6 7187s

Cutting planes:
  Lazy constraints: 372500

Explored 14556 nodes (343601 simplex iterations) in 7232.41 seconds
Thread count was 4 (of 4 available processors)

Solution count 8: -369.04 -368.78 -368.12 ... -318.2

Time limit reached
Best objective -3.690399888232e+02, best bound -4.639013405176e+02, gap 25.7049%
