
Gurobi 8.1.1 (win64) logging started 07/06/20 12:17:58

Changed value of parameter LogFile to Results/sslp2_20_100_50_BendersBnC.log
   Prev: gurobi.log  Default: 
Changed value of parameter Heuristics to 0.0
   Prev: 0.05  Min: 0.0  Max: 1.0  Default: 0.05
Changed value of parameter lazyConstraints to 1
   Prev: 0  Min: 0  Max: 1  Default: 0
Changed value of parameter timeLimit to 7194.199531793594
   Prev: 1e+100  Min: 0.0  Max: 1e+100  Default: 1e+100
Optimize a model with 582 rows, 70 columns and 6464 nonzeros
Variable types: 50 continuous, 20 integer (20 binary)
Coefficient statistics:
  Matrix range     [4e-13, 2e+06]
  Objective range  [2e-02, 8e+01]
  Bounds range     [1e+00, 1e+00]
  RHS range        [2e-13, 7e+04]
Warning: Model contains large matrix coefficient range
         Consider reformulating model or setting NumericFocus parameter
         to avoid numerical issues.
Presolve removed 70 rows and 0 columns
Presolve time: 0.01s
Presolved: 512 rows, 70 columns, 6195 nonzeros
Variable types: 50 continuous, 20 integer (20 binary)

Root relaxation: objective -1.156454e+03, 90 iterations, 0.01 seconds

    Nodes    |    Current Node    |     Objective Bounds      |     Work
 Expl Unexpl |  Obj  Depth IntInf | Incumbent    BestBd   Gap | It/Node Time

     0     0 -1156.4539    0   12          - -1156.4539      -     -    0s
     0     0 -1155.5423    0   13          - -1155.5423      -     -    0s
     0     0 -1154.7690    0   13          - -1154.7690      -     -    0s
     0     0 -1154.4114    0   10          - -1154.4114      -     -    0s
     0     0 -1154.1784    0   11          - -1154.1784      -     -    0s
     0     0 -1154.0635    0    8          - -1154.0635      -     -    0s
     0     0 -1153.8697    0   10          - -1153.8697      -     -    0s
     0     0 -1153.6976    0    8          - -1153.6976      -     -    0s
     0     0 -1153.6279    0   11          - -1153.6279      -     -    0s
     0     0 -1153.5094    0    8          - -1153.5094      -     -    0s
     0     0 -1153.4367    0    8          - -1153.4367      -     -    0s
     0     0 -1153.3480    0    9          - -1153.3480      -     -    0s
     0     0 -1153.2959    0    8          - -1153.2959      -     -    0s
     0     0 -1153.2573    0    9          - -1153.2573      -     -    0s
     0     0 -1152.2710    0   11          - -1152.2710      -     -    0s
     0     0 -1152.0075    0   11          - -1152.0075      -     -    0s
     0     0 -1151.8597    0   10          - -1151.8597      -     -    0s
     0     0 -1151.7657    0   10          - -1151.7657      -     -    0s
     0     0 -1151.6915    0   11          - -1151.6915      -     -    0s
     0     0 -1151.6272    0   10          - -1151.6272      -     -    0s
     0     0 -1151.5751    0   10          - -1151.5751      -     -    0s
     0     0 -1151.5137    0   10          - -1151.5137      -     -    0s
     0     0 -1151.4281    0   10          - -1151.4281      -     -    0s
     0     0 -1151.4036    0    9          - -1151.4036      -     -    0s
     0     0 -1151.3076    0    9          - -1151.3076      -     -    0s
     0     0 -1151.2925    0   10          - -1151.2925      -     -    0s
     0     0 -1151.2458    0    9          - -1151.2458      -     -    0s
     0     0 -1151.1712    0    9          - -1151.1712      -     -    0s
     0     0 -1151.0640    0    9          - -1151.0640      -     -    0s
     0     0 -1151.0355    0    8          - -1151.0355      -     -    0s
     0     0 -1151.0225    0    9          - -1151.0225      -     -    0s
     0     0 -1150.9519    0   11          - -1150.9519      -     -    0s
     0     0 -1150.9454    0   11          - -1150.9454      -     -    0s
     0     0 -1150.9249    0   10          - -1150.9249      -     -    0s
     0     0 -1150.9110    0   11          - -1150.9110      -     -    0s
     0     0 -1150.9094    0    9          - -1150.9094      -     -    0s
     0     0 -1150.8998    0   10          - -1150.8998      -     -    0s
     0     0 -1150.8826    0   10          - -1150.8826      -     -    0s
     0     0 -1150.8767    0   10          - -1150.8767      -     -    0s
     0     0 -1150.8748    0   10          - -1150.8748      -     -    0s
     0     0 -1150.8698    0    9          - -1150.8698      -     -    0s
     0     0 -1150.8669    0    9          - -1150.8669      -     -    0s
     0     0 -1150.8667    0   10          - -1150.8667      -     -    0s
     0     0 -1150.6310    0   10          - -1150.6310      -     -    0s
     0     0 -1150.4464    0    9          - -1150.4464      -     -    0s
     0     0 -1150.2966    0   10          - -1150.2966      -     -    0s
     0     0 -1150.2258    0    8          - -1150.2258      -     -    0s
     0     0 -1150.1444    0    9          - -1150.1444      -     -    0s
     0     0 -1150.0716    0    8          - -1150.0716      -     -    0s
     0     0 -1150.0107    0    8          - -1150.0107      -     -    1s
     0     0 -1149.9517    0    8          - -1149.9517      -     -    1s
     0     0 -1149.8720    0    9          - -1149.8720      -     -    1s
     0     0 -1149.8256    0    7          - -1149.8256      -     -    1s
     0     0 -1149.8255    0    7          - -1149.8255      -     -    1s
     0     0 -1149.7516    0    7          - -1149.7516      -     -    1s
     0     0 -1149.5682    0    8          - -1149.5682      -     -    1s
     0     0 -1149.4588    0    9          - -1149.4588      -     -    1s
     0     0 -1149.4277    0    8          - -1149.4277      -     -    1s
     0     0 -1149.4168    0    8          - -1149.4168      -     -    1s
     0     0 -1149.3834    0    8          - -1149.3834      -     -    1s
     0     0 -1149.3639    0    7          - -1149.3639      -     -    1s
     0     0 -1149.3214    0    8          - -1149.3214      -     -    1s
     0     0 -1149.3058    0    8          - -1149.3058      -     -    1s
     0     0 -1149.2829    0    9          - -1149.2829      -     -    1s
     0     0 -1149.2314    0    9          - -1149.2314      -     -    1s
     0     0 -1149.2201    0    8          - -1149.2201      -     -    1s
     0     0 -1149.2112    0    9          - -1149.2112      -     -    1s
     0     0 -1149.2080    0    9          - -1149.2080      -     -    1s
     0     0 -1149.1147    0    8          - -1149.1147      -     -    1s
     0     0 -1149.0855    0    9          - -1149.0855      -     -    1s
     0     0 -1149.0494    0    9          - -1149.0494      -     -    1s
     0     0 -1149.0151    0    8          - -1149.0151      -     -    1s
     0     0 -1149.0013    0    8          - -1149.0013      -     -    1s
     0     0 -1148.9913    0    8          - -1148.9913      -     -    1s
     0     0 -1148.9787    0    9          - -1148.9787      -     -    1s
     0     0 -1148.9769    0    9          - -1148.9769      -     -    1s
     0     0 -1148.9195    0    8          - -1148.9195      -     -    1s
     0     0 -1148.8948    0    6          - -1148.8948      -     -    1s
     0     0 -1148.8798    0    7          - -1148.8798      -     -    1s
     0     0 -1148.8738    0    7          - -1148.8738      -     -    1s
     0     0 -1148.8565    0    7          - -1148.8565      -     -    1s
     0     0 -1148.7993    0    8          - -1148.7993      -     -    1s
     0     0 -1148.7862    0    8          - -1148.7862      -     -    1s
     0     0 -1148.7683    0    7          - -1148.7683      -     -    1s
     0     0 -1148.7603    0    9          - -1148.7603      -     -    1s
     0     0 -1148.7571    0    7          - -1148.7571      -     -    1s
     0     0 -1148.7301    0    7          - -1148.7301      -     -    1s
     0     0 -1148.6950    0    7          - -1148.6950      -     -    1s
     0     0 -1148.6500    0    7          - -1148.6500      -     -    1s
     0     0 -1148.6396    0    8          - -1148.6396      -     -    1s
     0     0 -1148.6313    0    8          - -1148.6313      -     -    1s
     0     0 -1148.6301    0    7          - -1148.6301      -     -    1s
     0     0 -1148.5006    0    7          - -1148.5006      -     -    1s
     0     0 -1148.4766    0    7          - -1148.4766      -     -    1s
     0     0 -1148.4654    0    8          - -1148.4654      -     -    1s
     0     0 -1148.4297    0    6          - -1148.4297      -     -    1s
     0     0 -1148.4242    0    7          - -1148.4242      -     -    1s
     0     0 -1148.4202    0    7          - -1148.4202      -     -    1s
     0     0 -1148.4039    0    8          - -1148.4039      -     -    1s
     0     0 -1148.4029    0    7          - -1148.4029      -     -    1s
     0     0 -1148.3695    0    8          - -1148.3695      -     -    1s
     0     2 -1148.3695    0    8          - -1148.3695      -     -    1s
    35    22 -1103.6426   14    3          - -1148.2586      -  20.9    5s
    48    32 -1094.5124   11    4          - -1148.2586      -  18.7   10s
    63    29 -1063.8985   18    -          - -1147.0510      -  17.7   16s
    73    36 -1022.3087   18    2          - -1147.0510      -  18.1   20s
    86    44 -847.34529   19    1          - -1147.0510      -  18.6   26s
*  101    46              20    -833.1999778 -1147.0510  37.7%  20.4   30s
*  104    38              20    -844.9799766 -1147.0510  35.7%  21.2   30s
   127    42 -1061.1690    4    4 -844.97998 -1144.3267  35.4%  21.7   35s
   145    48 -1100.3154    8    - -844.97998 -1144.3267  35.4%  21.2   40s
   170    53 -1092.3742   11    - -844.97998 -1144.3267  35.4%  19.3   46s
   188    62 -1046.2098   11    2 -844.97998 -1144.3267  35.4%  19.5   50s
   210    74 -1054.6397   17    - -844.97998 -1144.3267  35.4%  18.5   55s
   232    84 -1047.8309   16    - -844.97998 -1144.3267  35.4%  17.9   60s
   244    90 -1032.1733   20    - -844.97998 -1144.3267  35.4%  17.5   65s
   270    93 -987.97806   17    - -844.97998 -1144.3267  35.4%  18.2   71s
   288    93     cutoff   19      -844.97998 -1144.3267  35.4%  18.4   76s
   297    98 -1044.8191   15    - -844.97998 -1144.3267  35.4%  18.3   80s
   319   108 -1101.6826    9    - -844.97998 -1137.8886  34.7%  18.6   86s
   339   118     cutoff   19      -844.97998 -1137.8886  34.7%  18.6   90s
   365   123 -1034.4220   18    2 -844.97998 -1137.8886  34.7%  19.0   97s
   375   125 -1096.8082   10    4 -844.97998 -1137.8886  34.7%  19.0  100s
   402   136 -1074.2924   16    4 -844.97998 -1110.0923  31.4%  19.3  105s
*  425   135              20    -852.7599777 -1110.0923  30.2%  19.3  110s
   452   138 -872.43998   20    - -852.75998 -1105.9043  29.7%  19.3  116s
   468   144 -1098.9991   11    4 -852.75998 -1105.2564  29.6%  19.2  120s
   485   145 -1053.2733   14    - -852.75998 -1105.2564  29.6%  18.8  125s
   497   154 -986.80712   16    - -852.75998 -1105.2564  29.6%  18.7  130s
   511   161 -1012.2339   17    3 -852.75998 -1105.2564  29.6%  18.8  135s
   530   161     cutoff   19      -852.75998 -1105.2564  29.6%  18.9  142s
   540   162 -912.07457   18    - -852.75998 -1105.2564  29.6%  18.9  145s
   553   161 -908.11684   18    - -852.75998 -1105.2564  29.6%  19.0  150s
   571   162     cutoff   19      -852.75998 -1105.2564  29.6%  19.1  156s
   594   155     cutoff   19      -852.75998 -1105.2564  29.6%  19.2  163s
   601   155     cutoff   18      -852.75998 -1105.2564  29.6%  19.2  166s
   615   167 -995.00884   17    2 -852.75998 -1105.2564  29.6%  19.3  170s
   632   164 -924.64635   19    - -852.75998 -1105.2564  29.6%  19.3  177s
   652   166     cutoff   19      -852.75998 -1101.9584  29.2%  19.5  181s
   666   159 -935.88745   16    - -852.75998 -1101.4138  29.2%  19.4  187s
   673   168     cutoff   19      -852.75998 -1101.4138  29.2%  19.4  190s
   686   165 -872.34117   18    2 -852.75998 -1101.4138  29.2%  19.4  195s
   698   163     cutoff   19      -852.75998 -1100.2767  29.0%  19.2  200s
   714   167     cutoff   18      -852.75998 -1098.9372  28.9%  19.0  208s
   726   176 -1054.4622    9    2 -852.75998 -1098.8328  28.9%  19.0  213s
   735   183 -1056.0336   11    2 -852.75998 -1098.8328  28.9%  19.0  216s
   746   188 -1071.7027   15    5 -852.75998 -1098.8328  28.9%  19.1  220s
   781   182     cutoff   20      -852.75998 -1096.9898  28.6%  19.2  226s
   802   185     cutoff   20      -852.75998 -1096.2379  28.6%  19.2  234s
   815   196 -1053.3190    9    - -852.75998 -1094.4142  28.3%  19.1  239s
   821   200 -1032.7327   15    - -852.75998 -1094.4142  28.3%  19.1  240s
   849   204 -1041.7983   16    - -852.75998 -1093.3029  28.2%  18.8  252s
   864   211 -894.25998   20    - -852.75998 -1092.8959  28.2%  18.8  256s
   889   212     cutoff   20      -852.75998 -1091.7507  28.0%  18.7  264s
   902   224     cutoff   20      -852.75998 -1090.9185  27.9%  18.8  266s
   928   227 -1049.5541   15    - -852.75998 -1090.8395  27.9%  18.8  272s
*  936   231              20    -856.8799762 -1090.8395  27.3%  18.9  274s
   951   225 -1048.4421   16    - -856.87998 -1090.8395  27.3%  18.8  278s
   965   236 -1038.1449   17    - -856.87998 -1090.8395  27.3%  18.8  283s
   976   233 -894.01728   18    2 -856.87998 -1090.8395  27.3%  18.9  285s
* 1013   236              20    -881.8399771 -1087.0436  23.3%  18.9  295s
  1033   236 -921.66936   18    2 -881.83998 -1085.0646  23.0%  19.0  301s
  1068   239 -995.32957   19    1 -881.83998 -1082.1171  22.7%  18.8  309s
  1093   250     cutoff   20      -881.83998 -1079.4920  22.4%  18.7  315s
  1126   253     cutoff   20      -881.83998 -1078.3178  22.3%  18.9  321s
  1142   252 -1005.0553   19    1 -881.83998 -1076.9163  22.1%  18.9  325s
  1165   257 -1002.1741   18    1 -881.83998 -1073.9049  21.8%  19.1  332s
  1187   261     cutoff   20      -881.83998 -1071.5847  21.5%  19.1  337s
  1200   266     cutoff   20      -881.83998 -1068.4695  21.2%  19.2  340s
  1234   265 -916.95998   20    - -881.83998 -1065.1777  20.8%  19.2  349s
  1244   271 -1045.2156   17    3 -881.83998 -1063.4710  20.6%  19.2  352s
  1251   270     cutoff   20      -881.83998 -1062.7247  20.5%  19.2  356s
  1269   285     cutoff   19      -881.83998 -1062.6312  20.5%  19.1  361s
  1294   282 -952.03346   13    - -881.83998 -1062.6312  20.5%  19.1  370s
  1322   278 -938.65600   18    2 -881.83998 -1061.7430  20.4%  19.0  379s
  1348   286     cutoff   19      -881.83998 -1060.9122  20.3%  18.9  389s
  1370   293 -927.75223   18    2 -881.83998 -1060.3663  20.2%  18.8  398s
  1383   303 -1016.9998   14    - -881.83998 -1059.8229  20.2%  18.7  403s
  1399   297     cutoff   19      -881.83998 -1059.7031  20.2%  18.6  410s
  1426   313 -1038.3822   17    3 -881.83998 -1059.1952  20.1%  18.5  420s
  1444   323 -1055.8792    9    - -881.83998 -1058.8315  20.1%  18.4  427s
  1469   329 -1014.5278   17    - -881.83998 -1058.5227  20.0%  18.3  437s
  1482   347 -1008.2084    6    8 -881.83998 -1058.1777  20.0%  18.3  440s
  1504   348 -929.01257   17    - -881.83998 -1058.0671  20.0%  18.3  446s
  1523   342 -1013.7701   14    - -881.83998 -1057.8430  20.0%  18.4  452s
  1539   357     cutoff   18      -881.83998 -1057.5790  19.9%  18.3  458s
  1544   343 -1048.6640   16    - -881.83998 -1057.5275  19.9%  18.4  461s
  1557   362     cutoff   19      -881.83998 -1057.5168  19.9%  18.3  466s
  1579   359 -1052.1655    9    5 -881.83998 -1057.5168  19.9%  18.3  470s
  1592   348     cutoff   19      -881.83998 -1057.1507  19.9%  18.3  477s
  1615   357 -963.71359   18    2 -881.83998 -1056.9607  19.9%  18.3  486s
  1638   362     cutoff   19      -881.83998 -1056.8388  19.8%  18.3  494s
  1671   363 -918.79617   18    2 -881.83998 -1056.5197  19.8%  18.3  504s
  1697   370     cutoff   19      -881.83998 -1056.5197  19.8%  18.2  513s
  1708   381 -1013.4042   15    2 -881.83998 -1056.5197  19.8%  18.3  516s
  1725   380 -992.01364   20    - -881.83998 -1056.3176  19.8%  18.2  524s
  1739   392 -970.46755   16    - -881.83998 -1055.7398  19.7%  18.2  529s
  1749   376     cutoff   20      -881.83998 -1055.5155  19.7%  18.2  533s
  1764   395 -1012.3575   15    - -881.83998 -1054.9388  19.6%  18.1  539s
  1779   395     cutoff   19      -881.83998 -1054.9150  19.6%  18.1  546s
  1802   414 -1013.9350   18    1 -881.83998 -1054.7123  19.6%  18.1  552s
  1833   413     cutoff   20      -881.83998 -1054.6302  19.6%  18.1  561s
  1852   428 -1042.0008   17    - -881.83998 -1054.5337  19.6%  18.0  568s
  1866   417     cutoff   20      -881.83998 -1054.4686  19.6%  18.1  572s
  1882   438     cutoff   20      -881.83998 -1054.2520  19.6%  18.0  577s
  1899   422 -1009.5661   16    - -881.83998 -1054.2520  19.6%  17.9  585s
  1926   439 -991.20085   16    3 -881.83998 -1053.9983  19.5%  17.9  597s
  1947   442     cutoff   19      -881.83998 -1053.8347  19.5%  17.9  603s
  1962   455     cutoff   20      -881.83998 -1052.9494  19.4%  17.9  610s
  1978   454 -932.59116   18    - -881.83998 -1052.8883  19.4%  17.8  618s
  1998   466     cutoff   19      -881.83998 -1052.8285  19.4%  17.9  624s
  2010   478 -917.94271   18    2 -881.83998 -1052.5759  19.4%  17.9  628s
  2021   467     cutoff   19      -881.83998 -1052.5759  19.4%  17.9  631s
  2044   466     cutoff   18      -881.83998 -1052.3808  19.3%  17.8  641s
  2068   467 -1049.6772   13    - -881.83998 -1051.9789  19.3%  17.8  652s
  2076   482 -1009.6815   13    - -881.83998 -1051.8747  19.3%  17.8  656s
  2091   476 -1005.3847   13    - -881.83998 -1051.8178  19.3%  17.8  664s
  2107   494 -1035.4522   16    4 -881.83998 -1051.6950  19.3%  17.8  670s
  2122   489 -1035.6403   15    4 -881.83998 -1051.5941  19.2%  17.8  675s
  2153   503     cutoff   20      -881.83998 -1051.5149  19.2%  17.7  685s
  2169   514 -1015.7873   18    - -881.83998 -1051.2876  19.2%  17.7  691s
  2186   499     cutoff   19      -881.83998 -1051.2430  19.2%  17.7  699s
  2201   516 -973.88889   18    2 -881.83998 -1051.0119  19.2%  17.7  704s
  2211   516 -1038.8292   14    - -881.83998 -1050.9899  19.2%  17.7  711s
  2222   531     cutoff   19      -881.83998 -1050.8585  19.2%  17.7  715s
  2255   522 -1012.0404   18    - -881.83998 -1050.7226  19.2%  17.7  730s
  2270   534 -935.71779   18    2 -881.83998 -1050.5203  19.1%  17.7  736s
  2285   530 -1006.7379   19    1 -881.83998 -1050.4554  19.1%  17.7  743s
  2310   552     cutoff   19      -881.83998 -1050.3776  19.1%  17.6  750s
  2359   533     cutoff   20      -881.83998 -1049.9540  19.1%  17.6  767s
  2389   541 -1005.2771   16    1 -881.83998 -1049.7184  19.0%  17.6  779s
  2419   549     cutoff   20      -881.83998 -1049.4057  19.0%  17.6  794s
  2439   571 -955.94599   18    2 -881.83998 -1049.3905  19.0%  17.6  799s
  2455   558 -883.47998   20    - -881.83998 -1049.1037  19.0%  17.7  806s
  2478   579     cutoff   20      -881.83998 -1048.9006  18.9%  17.6  814s
  2498   567     cutoff   20      -881.83998 -1048.8687  18.9%  17.6  824s
  2533   575     cutoff   20      -881.83998 -1048.8147  18.9%  17.6  835s
  2559   602 -919.44569   19    - -881.83998 -1048.8147  18.9%  17.6  847s
  2574   579     cutoff   20      -881.83998 -1048.6255  18.9%  17.6  853s
  2608   601     cutoff   20      -881.83998 -1048.3809  18.9%  17.6  868s
  2620   619 -893.75998   20    - -881.83998 -1048.1680  18.9%  17.6  872s
  2635   602 -1013.6239   17    - -881.83998 -1048.1192  18.9%  17.6  879s
  2655   619     cutoff   20      -881.83998 -1047.5919  18.8%  17.6  886s
  2682   611     cutoff   20      -881.83998 -1047.5862  18.8%  17.6  899s
  2706   635     cutoff   20      -881.83998 -1047.4487  18.8%  17.6  907s
  2713   632     cutoff   20      -881.83998 -1047.3401  18.8%  17.6  911s
  2741   635     cutoff   20      -881.83998 -1047.0161  18.7%  17.7  921s
  2757   651 -1036.6964   15    4 -881.83998 -1046.9703  18.7%  17.7  925s
  2772   644     cutoff   19      -881.83998 -1046.9703  18.7%  17.7  935s
  2811   646 -974.24595   18    1 -881.83998 -1046.8257  18.7%  17.6  950s
  2831   663     cutoff   20      -881.83998 -1046.4571  18.7%  17.7  957s
  2856   653     cutoff   20      -881.83998 -1046.4353  18.7%  17.7  967s
  2892   658 -1002.3582   15    - -881.83998 -1045.9437  18.6%  17.7  983s
  2940   667     cutoff   20      -881.83998 -1045.8499  18.6%  17.7 1000s
  2984   686     cutoff   20      -881.83998 -1045.7695  18.6%  17.7 1017s
  3004   704 -1044.6228   13    - -881.83998 -1045.7695  18.6%  17.7 1023s
  3016   691     cutoff   20      -881.83998 -1045.5503  18.6%  17.7 1028s
  3059   699 -1039.3840   13    6 -881.83998 -1045.1660  18.5%  17.7 1048s
  3094   715 -1021.6980   17    3 -881.83998 -1045.0538  18.5%  17.7 1063s
  3117   737 -997.33534   12    - -881.83998 -1045.0538  18.5%  17.7 1071s
  3130   727     cutoff   20      -881.83998 -1044.9856  18.5%  17.7 1079s
  3163   753 -989.27852   12    - -881.83998 -1044.5300  18.4%  17.7 1090s
  3178   732     cutoff   20      -881.83998 -1044.4309  18.4%  17.7 1098s
  3222   726     cutoff   20      -881.83998 -1044.2309  18.4%  17.8 1111s
  3247   751     cutoff   20      -881.83998 -1043.7007  18.4%  17.8 1121s
  3269   722     cutoff   20      -881.83998 -1043.6120  18.3%  17.8 1131s
  3286   751 -992.78011   17    - -881.83998 -1043.6120  18.3%  17.8 1139s
  3305   735 -894.09998   20    - -881.83998 -1043.3917  18.3%  17.8 1151s
  3355   742     cutoff   20      -881.83998 -1042.8187  18.3%  17.8 1175s
  3404   747     cutoff   20      -881.83998 -1042.2278  18.2%  17.8 1196s
  3431   773     cutoff   20      -881.83998 -1042.0771  18.2%  17.8 1203s
  3458   762 -996.56752   15    2 -881.83998 -1041.7989  18.1%  17.8 1215s
  3480   788 -952.09357   19    1 -881.83998 -1041.3893  18.1%  17.7 1223s
  3504   781 -1008.1028   17    - -881.83998 -1041.3750  18.1%  17.7 1236s
  3534   794     cutoff   19      -881.83998 -1041.1107  18.1%  17.8 1247s
  3548   809     cutoff   20      -881.83998 -1040.8644  18.0%  17.8 1251s
  3567   803 -998.59079   19    - -881.83998 -1040.7077  18.0%  17.8 1263s
  3606   807     cutoff   20      -881.83998 -1040.0892  17.9%  17.9 1280s
  3657   807     cutoff   20      -881.83998 -1039.5740  17.9%  17.9 1300s
  3707   825 -1025.1043   15    5 -881.83998 -1039.1948  17.8%  17.9 1322s
  3730   853     cutoff   20      -881.83998 -1039.1256  17.8%  17.9 1330s
  3749   834     cutoff   19      -881.83998 -1038.7233  17.8%  17.9 1341s
  3799   847     cutoff   20      -881.83998 -1038.4120  17.8%  17.9 1361s
  3835   858     cutoff   19      -881.83998 -1038.1486  17.7%  18.0 1377s
  3857   877     cutoff   20      -881.83998 -1037.9000  17.7%  18.0 1382s
  3872   860     cutoff   20      -881.83998 -1037.8299  17.7%  18.0 1390s
  3918   855 -1022.2600   17    3 -881.83998 -1037.4513  17.6%  18.1 1411s
  3966   866     cutoff   19      -881.83998 -1036.3586  17.5%  18.0 1433s
  4001   889 -970.85987   18    - -881.83998 -1035.3548  17.4%  18.1 1452s
  4020   906 -1032.0434   13    6 -881.83998 -1034.7901  17.3%  18.1 1457s
  4039   900     cutoff   20      -881.83998 -1034.6844  17.3%  18.1 1469s
  4057   918 -1027.7530   13    6 -881.83998 -1034.4232  17.3%  18.2 1474s
  4075   909     cutoff   20      -881.83998 -1034.2923  17.3%  18.2 1485s
  4104   930 -974.72316   17    - -881.83998 -1033.9810  17.3%  18.2 1494s
  4126   917     cutoff   20      -881.83998 -1033.9810  17.3%  18.2 1505s
  4165   923     cutoff   20      -881.83998 -1033.0010  17.1%  18.3 1520s
  4212   928 -930.03962   19    - -881.83998 -1031.8502  17.0%  18.3 1542s
  4238   954     cutoff   20      -881.83998 -1031.1813  16.9%  18.4 1549s
  4261   939 -1003.4529   16    - -881.83998 -1031.1635  16.9%  18.4 1560s
  4287   962     cutoff   20      -881.83998 -1030.4077  16.8%  18.4 1567s
  4311   932     cutoff   20      -881.83998 -1030.3012  16.8%  18.5 1577s
  4361   940     cutoff   19      -881.83998 -1029.4574  16.7%  18.5 1601s
  4387   964     cutoff   19      -881.83998 -1029.4574  16.7%  18.5 1608s
  4411   956     cutoff   19      -881.83998 -1028.7882  16.7%  18.5 1620s
  4432   976     cutoff   20      -881.83998 -1028.3900  16.6%  18.5 1625s
  4456   968 -1020.8843   14    - -881.83998 -1027.3353  16.5%  18.5 1640s
  4480   992     cutoff   19      -881.83998 -1026.5131  16.4%  18.5 1648s
  4499   976 -999.67237   18    - -881.83998 -1026.4212  16.4%  18.6 1661s
  4525  1004     cutoff   19      -881.83998 -1025.8368  16.3%  18.6 1668s
  4545   983     cutoff   19      -881.83998 -1025.3806  16.3%  18.6 1679s
  4576  1013     cutoff   19      -881.83998 -1024.7995  16.2%  18.6 1690s
  4601   986     cutoff   20      -881.83998 -1023.9374  16.1%  18.6 1704s
  4656   993     cutoff   20      -881.83998 -1021.2706  15.8%  18.6 1730s
  4696  1029     cutoff   19      -881.83998 -1018.5340  15.5%  18.6 1745s
  4733  1007     cutoff   20      -881.83998 -1017.9122  15.4%  18.6 1766s
  4813  1023 -1013.9296   16    - -881.83998 -1016.0064  15.2%  18.5 1804s
  4893  1046     cutoff   20      -881.83998 -1015.1894  15.1%  18.5 1840s
  4972  1062     cutoff   20      -881.83998 -1014.9032  15.1%  18.4 1879s
  5011  1106     cutoff   20      -881.83998 -1014.9032  15.1%  18.4 1892s
  5053  1093 -971.82563   14    - -881.83998 -1013.9926  15.0%  18.4 1918s
  5144  1115     cutoff   19      -881.83998 -1013.9926  15.0%  18.4 1961s
  5191  1164     cutoff   20      -881.83998 -1013.9926  15.0%  18.3 1973s
  5232  1143     cutoff   20      -881.83998 -1012.6799  14.8%  18.3 2001s
  5270  1187     cutoff   20      -881.83998 -1012.5957  14.8%  18.3 2015s
  5315  1164     cutoff   19      -881.83998 -1012.1326  14.8%  18.3 2042s
  5343  1205     cutoff   20      -881.83998 -1012.1326  14.8%  18.3 2051s
  5382  1199 -1007.0366   12    6 -881.83998 -1011.5853  14.7%  18.3 2076s
  5418  1239     cutoff   20      -881.83998 -1011.2043  14.7%  18.3 2087s
  5444  1222 -1006.1896    8    - -881.83998 -1011.1722  14.7%  18.3 2107s
  5505  1248     cutoff   20      -881.83998 -1010.9766  14.6%  18.3 2136s
  5537  1274     cutoff   20      -881.83998 -1010.6223  14.6%  18.3 2147s
  5558  1256     cutoff   20      -881.83998 -1010.5976  14.6%  18.4 2163s
  5629  1257     cutoff   20      -881.83998 -1010.4561  14.6%  18.4 2193s
  5651  1278     cutoff   20      -881.83998 -1010.4561  14.6%  18.4 2200s
  5686  1257     cutoff   18      -881.83998 -1010.0759  14.5%  18.4 2228s
  5734  1299 -961.43055   18    2 -881.83998 -1009.6137  14.5%  18.4 2246s
  5785  1269     cutoff   20      -881.83998 -1009.6137  14.5%  18.3 2277s
  5813  1314     cutoff   20      -881.83998 -1009.6137  14.5%  18.4 2284s
  5845  1309 -998.10941   12    6 -881.83998 -1009.1697  14.4%  18.4 2310s
  5916  1311     cutoff   20      -881.83998 -1008.7834  14.4%  18.4 2345s
  5943  1350     cutoff   20      -881.83998 -1008.7834  14.4%  18.4 2359s
  5976  1334     cutoff   18      -881.83998 -1008.1320  14.3%  18.3 2381s
  6036  1355     cutoff   19      -881.83998 -1007.7241  14.3%  18.3 2412s
  6115  1347 -998.53019   12    - -881.83998 -1007.5098  14.3%  18.3 2456s
  6148  1401 -965.89077   10    1 -881.83998 -1007.3166  14.2%  18.3 2472s
  6184  1368 -996.18977   12    6 -881.83998 -1007.0906  14.2%  18.3 2499s
  6262  1403 -909.22564   18    1 -881.83998 -1006.8840  14.2%  18.2 2542s
  6287  1443     cutoff   20      -881.83998 -1006.8840  14.2%  18.2 2550s
  6321  1415     cutoff   20      -881.83998 -1006.6744  14.2%  18.2 2576s
  6364  1456     cutoff   20      -881.83998 -1006.0790  14.1%  18.2 2593s
  6407  1429     cutoff   19      -881.83998 -1006.0690  14.1%  18.2 2622s
  6450  1460 -897.75835   19    1 -881.83998 -1005.8932  14.1%  18.2 2645s
  6479  1482     cutoff   20      -881.83998 -1005.5540  14.0%  18.2 2658s
  6507  1456     cutoff   19      -881.83998 -1005.5181  14.0%  18.2 2690s
  6575  1463 -890.10035   19    - -881.83998 -1005.2784  14.0%  18.2 2739s
  6607  1505     cutoff   20      -881.83998 -1005.2784  14.0%  18.2 2749s
  6647  1470     cutoff   20      -881.83998 -1004.8846  14.0%  18.2 2777s
  6724  1483     cutoff   20      -881.83998 -1004.6279  13.9%  18.2 2818s
  6788  1506     cutoff   20      -881.83998 -1004.4249  13.9%  18.1 2859s
  6819  1547 -999.57761    9    - -881.83998 -1004.3678  13.9%  18.1 2873s
  6853  1528     cutoff   19      -881.83998 -1004.3506  13.9%  18.1 2897s
  6901  1580     cutoff   20      -881.83998 -1004.2010  13.9%  18.1 2915s
  6929  1557     cutoff   20      -881.83998 -1004.1547  13.9%  18.1 2935s
  6968  1606     cutoff   20      -881.83998 -1003.9498  13.8%  18.1 2948s
  6987  1573     cutoff   20      -881.83998 -1003.9216  13.8%  18.1 2967s
  7021  1610 -997.44641   11    - -881.83998 -1003.8451  13.8%  18.1 2979s
  7046  1578     cutoff   20      -881.83998 -1003.7805  13.8%  18.1 3003s
  7077  1615     cutoff   20      -881.83998 -1003.5584  13.8%  18.1 3013s
  7103  1593 -996.60237   16    - -881.83998 -1003.5385  13.8%  18.1 3038s
  7122  1619     cutoff   20      -881.83998 -1003.4260  13.8%  18.1 3043s
  7155  1604     cutoff   20      -881.83998 -1003.4219  13.8%  18.2 3069s
  7182  1626     cutoff   19      -881.83998 -1003.1689  13.8%  18.2 3078s
  7211  1614 -991.05750   13    - -881.83998 -1003.1676  13.8%  18.2 3104s
  7242  1655     cutoff   19      -881.83998 -1003.1358  13.8%  18.2 3115s
  7262  1634 -983.39094   13    5 -881.83998 -1003.1235  13.8%  18.2 3135s
  7282  1667     cutoff   20      -881.83998 -1002.8333  13.7%  18.2 3144s
  7310  1637 -997.06243   11    - -881.83998 -1002.8158  13.7%  18.2 3171s
  7338  1665     cutoff   20      -881.83998 -1002.5066  13.7%  18.2 3178s
  7371  1652 -910.52166   20    - -881.83998 -1002.4592  13.7%  18.2 3206s
* 7374  1650              20    -883.2399762 -1002.4592  13.5%  18.2 3207s
  7422  1662     cutoff   20      -883.23998 -1002.2758  13.5%  18.2 3240s
  7462  1698 -979.13907   17    3 -883.23998 -1002.1166  13.5%  18.2 3254s
  7495  1666     cutoff   20      -883.23998 -1002.1031  13.5%  18.2 3280s
  7560  1684     cutoff   20      -883.23998 -1001.9526  13.4%  18.2 3320s
  7600  1724     cutoff   20      -883.23998 -1001.9040  13.4%  18.2 3334s
  7637  1680     cutoff   20      -883.23998 -1001.8813  13.4%  18.2 3362s
  7675  1725     cutoff   20      -883.23998 -1001.5468  13.4%  18.2 3377s
  7723  1698     cutoff   20      -883.23998 -1001.5398  13.4%  18.2 3409s
  7782  1729     cutoff   20      -883.23998 -1001.4208  13.4%  18.2 3445s
  7817  1768 -997.44561   12    - -883.23998 -1001.3669  13.4%  18.2 3459s
  7843  1746 -893.37153   11    3 -883.23998 -1001.3204  13.4%  18.3 3485s
  7873  1785     cutoff   20      -883.23998 -1001.1546  13.4%  18.2 3498s
  7908  1768 -962.49019   18    - -883.23998 -1001.1450  13.3%  18.2 3523s
  7949  1791 -944.88749   18    2 -883.23998 -1001.1211  13.3%  18.3 3550s
  7979  1815     cutoff   20      -883.23998 -1000.9192  13.3%  18.3 3561s
  8018  1777 -883.45511   19    - -883.23998 -1000.9167  13.3%  18.3 3596s
  8044  1808 -903.11071   19    1 -883.23998 -1000.6827  13.3%  18.3 3606s
  8085  1794     cutoff   20      -883.23998 -1000.6466  13.3%  18.3 3637s
  8136  1802 -925.32745   18    1 -883.23998 -1000.5456  13.3%  18.3 3675s
  8185  1841 -954.05835   17    3 -883.23998 -1000.1429  13.2%  18.3 3694s
  8216  1802 -945.22764   20    - -883.23998 -1000.1346  13.2%  18.2 3729s
  8281  1836 -954.88012   14    - -883.23998 -999.87236  13.2%  18.3 3773s
  8320  1874     cutoff   20      -883.23998 -999.65283  13.2%  18.2 3786s
  8347  1843     cutoff   20      -883.23998 -999.64236  13.2%  18.2 3817s
  8409  1863     cutoff   19      -883.23998 -999.53758  13.2%  18.2 3859s
  8463  1891 -960.40831   16    - -883.23998 -999.32089  13.1%  18.2 3901s
  8490  1922     cutoff   19      -883.23998 -999.26289  13.1%  18.2 3909s
  8517  1906     cutoff   19      -883.23998 -999.25085  13.1%  18.3 3937s
  8571  1905     cutoff   19      -883.23998 -999.18119  13.1%  18.3 3975s
  8632  1917     cutoff   19      -883.23998 -998.97045  13.1%  18.3 4012s
  8658  1950     cutoff   20      -883.23998 -998.78259  13.1%  18.3 4022s
  8683  1940 -949.11260   18    2 -883.23998 -998.77691  13.1%  18.3 4048s
  8740  1957     cutoff   20      -883.23998 -998.71844  13.1%  18.3 4083s
  8801  1944     cutoff   20      -883.23998 -998.59317  13.1%  18.3 4123s
  8869  1938     cutoff   20      -883.23998 -998.34918  13.0%  18.3 4169s
  8941  1955     cutoff   20      -883.23998 -998.05244  13.0%  18.3 4219s
  9004  1966     cutoff   20      -883.23998 -998.01726  13.0%  18.3 4264s
  9041  2006     cutoff   20      -883.23998 -998.01726  13.0%  18.3 4278s
  9086  1988     cutoff   20      -883.23998 -997.70780  13.0%  18.3 4312s
  9111  2027     cutoff   20      -883.23998 -997.62192  13.0%  18.3 4323s
  9144  2015 -926.62374   18    - -883.23998 -997.61457  12.9%  18.3 4353s
  9203  2021     cutoff   20      -883.23998 -997.48511  12.9%  18.3 4394s
  9258  2027     cutoff   20      -883.23998 -997.39258  12.9%  18.3 4437s
  9291  2060 -944.20485   18    - -883.23998 -997.30283  12.9%  18.3 4449s
  9318  2031 -968.86684   17    3 -883.23998 -997.10757  12.9%  18.3 4484s
  9381  2055     cutoff   19      -883.23998 -996.83004  12.9%  18.3 4532s
  9432  2070     cutoff   19      -883.23998 -996.69914  12.8%  18.3 4571s
  9458  2110     cutoff   20      -883.23998 -996.53751  12.8%  18.3 4584s
  9496  2079 -970.23743   17    3 -883.23998 -996.51088  12.8%  18.3 4619s
  9532  2121     cutoff   20      -883.23998 -996.36114  12.8%  18.3 4634s
  9562  2098     cutoff   19      -883.23998 -996.36114  12.8%  18.3 4662s
  9588  2139 -988.98902   15    4 -883.23998 -996.36114  12.8%  18.3 4670s
  9616  2123     cutoff   19      -883.23998 -996.17377  12.8%  18.3 4700s
  9679  2134     cutoff   20      -883.23998 -996.08954  12.8%  18.3 4742s
  9735  2148     cutoff   20      -883.23998 -995.88266  12.8%  18.3 4783s
  9769  2177 -981.18259   16    - -883.23998 -995.75010  12.7%  18.3 4792s
  9799  2159     cutoff   20      -883.23998 -995.74335  12.7%  18.3 4825s
  9830  2194     cutoff   20      -883.23998 -995.60921  12.7%  18.3 4839s
  9859  2175 -950.99526   17    3 -883.23998 -995.59603  12.7%  18.3 4866s
  9916  2186 -945.35253   18    - -883.23998 -995.37750  12.7%  18.3 4909s
  9968  2203     cutoff   19      -883.23998 -995.24116  12.7%  18.4 4949s
  9995  2230 -990.23191   13    2 -883.23998 -995.11067  12.7%  18.4 4958s
 10018  2223 -928.45813   18    - -883.23998 -995.07405  12.7%  18.4 4991s
 10068  2227     cutoff   19      -883.23998 -994.93216  12.6%  18.4 5030s
 10094  2260     cutoff   19      -883.23998 -994.75856  12.6%  18.4 5041s
 10131  2254 -980.78242   14    6 -883.23998 -994.75578  12.6%  18.4 5072s
 10181  2256 -945.87527   17    - -883.23998 -994.66095  12.6%  18.4 5113s
 10223  2292     cutoff   20      -883.23998 -994.43847  12.6%  18.4 5128s
 10255  2252     cutoff   20      -883.23998 -994.43251  12.6%  18.4 5172s
 10286  2295     cutoff   19      -883.23998 -994.19479  12.6%  18.4 5183s
 10313  2274     cutoff   20      -883.23998 -994.17048  12.6%  18.4 5225s
 10375  2277 -962.74724   17    - -883.23998 -993.95741  12.5%  18.4 5275s
 10434  2294 -978.24136   14    - -883.23998 -993.67675  12.5%  18.4 5326s
 10493  2318     cutoff   20      -883.23998 -993.51286  12.5%  18.4 5373s
 10555  2340     cutoff   20      -883.23998 -993.30126  12.5%  18.4 5414s
 10582  2376     cutoff   20      -883.23998 -993.22897  12.5%  18.4 5424s
 10603  2359 -978.01931   17    3 -883.23998 -993.22210  12.5%  18.5 5455s
 10656  2362     cutoff   20      -883.23998 -993.12675  12.4%  18.5 5496s
 10710  2369     cutoff   20      -883.23998 -992.87852  12.4%  18.5 5536s
 10764  2361 -953.30349   17    - -883.23998 -992.79363  12.4%  18.5 5587s
 10793  2392 -912.91482   18    2 -883.23998 -992.41253  12.4%  18.5 5600s
 10824  2379     cutoff   20      -883.23998 -992.40281  12.4%  18.5 5638s
 10855  2419 -890.98799   20    - -883.23998 -992.30713  12.3%  18.5 5650s
 10879  2397     cutoff   19      -883.23998 -992.30248  12.3%  18.5 5680s
 10925  2413 -939.66162   17    - -883.23998 -992.08273  12.3%  18.5 5729s
 10985  2406     cutoff   20      -883.23998 -991.89782  12.3%  18.6 5775s
 11041  2421     cutoff   20      -883.23998 -991.71224  12.3%  18.6 5822s
 11094  2419     cutoff   19      -883.23998 -991.60095  12.3%  18.6 5873s
 11134  2463 -903.10624   18    2 -883.23998 -991.27409  12.2%  18.6 5887s
 11166  2433     cutoff   20      -883.23998 -991.25307  12.2%  18.6 5925s
 11204  2477     cutoff   20      -883.23998 -991.13055  12.2%  18.6 5941s
 11238  2437     cutoff   20      -883.23998 -991.05402  12.2%  18.6 5978s
 11264  2479     cutoff   20      -883.23998 -990.97844  12.2%  18.6 5991s
 11296  2462 -973.59888   17    3 -883.23998 -990.82554  12.2%  18.6 6029s
 11350  2480     cutoff   19      -883.23998 -990.63429  12.2%  18.6 6076s
 11399  2489 -949.78389   12    - -883.23998 -990.55049  12.1%  18.6 6123s
 11431  2524     cutoff   19      -883.23998 -990.55049  12.1%  18.6 6134s
 11462  2503     cutoff   20      -883.23998 -990.33416  12.1%  18.6 6168s
 11490  2541 -903.94120   19    - -883.23998 -990.33416  12.1%  18.6 6183s
 11507  2524 -904.80451   18    2 -883.23998 -990.14379  12.1%  18.6 6211s
 11553  2543     cutoff   19      -883.23998 -990.06014  12.1%  18.6 6245s
 11578  2563 -980.09967   14    5 -883.23998 -990.01377  12.1%  18.6 6255s
 11597  2536     cutoff   19      -883.23998 -990.00222  12.1%  18.6 6287s
 11626  2568     cutoff   19      -883.23998 -989.84269  12.1%  18.6 6300s
 11656  2538 -937.45476   18    2 -883.23998 -989.84269  12.1%  18.6 6338s
 11677  2572 -898.65102   18    2 -883.23998 -989.84269  12.1%  18.7 6347s
 11700  2562     cutoff   19      -883.23998 -989.82887  12.1%  18.7 6384s
 11725  2591     cutoff   19      -883.23998 -989.36726  12.0%  18.7 6393s
 11754  2565 -957.58274   18    2 -883.23998 -989.36428  12.0%  18.7 6435s
 11812  2586     cutoff   20      -883.23998 -989.22065  12.0%  18.7 6491s
 11828  2611 -896.26646   19    - -883.23998 -989.21307  12.0%  18.7 6496s
 11851  2615 -935.34911   15    - -883.23998 -989.19562  12.0%  18.7 6543s
 11906  2595 -943.13191   14    - -883.23998 -988.97491  12.0%  18.7 6597s
 11965  2608 -973.13894   17    3 -883.23998 -988.75856  11.9%  18.7 6651s
 11996  2645 -961.42296   19    - -883.23998 -988.75856  11.9%  18.7 6662s
 12018  2626     cutoff   20      -883.23998 -988.59725  11.9%  18.7 6700s
 12087  2629     cutoff   20      -883.23998 -988.42333  11.9%  18.7 6756s
 12152  2644     cutoff   19      -883.23998 -988.22891  11.9%  18.7 6810s
 12179  2685     cutoff   19      -883.23998 -987.93993  11.9%  18.7 6823s
 12208  2663     cutoff   19      -883.23998 -987.90952  11.9%  18.7 6864s
 12266  2690     cutoff   19      -883.23998 -987.81947  11.8%  18.7 6911s
 12290  2713     cutoff   19      -883.23998 -987.65378  11.8%  18.7 6917s
 12312  2708     cutoff   19      -883.23998 -987.64266  11.8%  18.7 6950s
 12339  2732     cutoff   19      -883.23998 -987.49122  11.8%  18.7 6961s
 12366  2703 -941.97806   16    - -883.23998 -987.40684  11.8%  18.8 7001s
 12429  2701     cutoff   19      -883.23998 -987.39833  11.8%  18.8 7055s
 12482  2715 -888.31848   18    2 -883.23998 -986.93730  11.7%  18.8 7112s
 12539  2734     cutoff   19      -883.23998 -986.69223  11.7%  18.8 7174s
 12576  2775     cutoff   19      -883.23998 -986.61851  11.7%  18.7 7191s

Cutting planes:
  MIR: 52
  Lazy constraints: 678500

Explored 12596 nodes (237114 simplex iterations) in 7198.77 seconds
Thread count was 4 (of 4 available processors)

Solution count 6: -883.24 -881.84 -856.88 ... -833.2

Time limit reached
Best objective -8.832399761677e+02, best bound -9.866185124460e+02, gap 11.7045%
