
Gurobi 8.1.1 (win64) logging started 07/06/20 22:54:27

Changed value of parameter LogFile to Results/sslp2_30_70_200_BnC.log
   Prev: gurobi.log  Default: 
Changed value of parameter Heuristics to 0.0
   Prev: 0.05  Min: 0.0  Max: 1.0  Default: 0.05
Changed value of parameter lazyConstraints to 1
   Prev: 0  Min: 0  Max: 1  Default: 0
Changed value of parameter timeLimit to 2806.982234954834
   Prev: 1e+100  Min: 0.0  Max: 1e+100  Default: 1e+100
Optimize a model with 6464 rows, 230 columns and 148685 nonzeros
Variable types: 200 continuous, 30 integer (30 binary)
Coefficient statistics:
  Matrix range     [3e-13, 1e+06]
  Objective range  [5e-03, 8e+01]
  Bounds range     [1e+00, 1e+00]
  RHS range        [1e-13, 3e+04]
Warning: Model contains large matrix coefficient range
         Consider reformulating model or setting NumericFocus parameter
         to avoid numerical issues.
Presolve removed 289 rows and 0 columns
Presolve time: 0.14s
Presolved: 6175 rows, 230 columns, 147003 nonzeros
Variable types: 200 continuous, 30 integer (30 binary)

Root relaxation: objective -5.727946e+02, 880 iterations, 0.39 seconds

    Nodes    |    Current Node    |     Objective Bounds      |     Work
 Expl Unexpl |  Obj  Depth IntInf | Incumbent    BestBd   Gap | It/Node Time

     0     0 -572.79459    0   19          - -572.79459      -     -    0s
     0     0 -572.78973    0   19          - -572.78973      -     -    0s
     0     0 -572.78612    0   19          - -572.78612      -     -    1s
     0     0 -572.78255    0   21          - -572.78255      -     -    1s
     0     0 -572.78055    0   20          - -572.78055      -     -    1s
     0     0 -572.77729    0   20          - -572.77729      -     -    1s
     0     0 -572.77406    0   20          - -572.77406      -     -    1s
     0     0 -572.77319    0   19          - -572.77319      -     -    2s
     0     0 -572.75939    0   19          - -572.75939      -     -    2s
     0     0 -572.75748    0   19          - -572.75748      -     -    2s
     0     0 -572.75748    0   19          - -572.75748      -     -    2s
     0     2 -572.75748    0   19          - -572.75748      -     -    3s
    51    52 -564.30790   27    3          - -572.25073      -  78.1    5s
*   57    54              30    -533.9599850 -572.25073  7.17%  78.8    9s
    71    54     cutoff   30      -533.95998 -571.85043  7.10%  82.2   18s
*   74    56              30    -544.6499857 -571.68501  4.96%  84.3   20s
   127   101 -559.45554   29    - -544.64999 -571.68501  4.96%  82.1   26s
   142   101 -563.67687   25    4 -544.64999 -571.68501  4.96%  81.3   31s
   157   110 -569.46404    4   14 -544.64999 -571.68501  4.96%  80.9   37s
   193   131 -567.86069   11   12 -544.64999 -571.48630  4.93%  75.7   43s
*  210   129              30    -565.6199878 -571.40867  1.02%  74.8   45s
   300   173 -569.18993    7    7 -565.61999 -571.24754  0.99%  68.7   50s
   354   208 -569.74320    4   11 -565.61999 -571.12973  0.97%  65.6   55s
   438   259 -569.84668    7    5 -565.61999 -570.85573  0.93%  62.0   61s
   486   285     cutoff   28      -565.61999 -570.79454  0.91%  59.0   65s
   528   305 -568.71445   26    1 -565.61999 -570.63984  0.89%  56.9   70s
   588   333 -568.31241   23    3 -565.61999 -570.52539  0.87%  54.8   76s
   655   367     cutoff   24      -565.61999 -570.43636  0.85%  53.4   83s
   698   385 -567.70650   22    3 -565.61999 -570.39600  0.84%  52.6   88s
   724   401 -569.19760   10   19 -565.61999 -570.38920  0.84%  51.7   94s
   726   402 -568.68446   17   19 -565.61999 -570.38920  0.84%  51.6   98s
   729   407 -570.38920   12   20 -565.61999 -570.38920  0.84%  53.3  103s
   731   409 -570.38920   13   15 -565.61999 -570.38920  0.84%  53.7  106s
   735   411 -570.38920   14   13 -565.61999 -570.38920  0.84%  54.1  110s
   760   418 -570.38920   20   13 -565.61999 -570.38920  0.84%  56.5  115s
   822   414 -569.82983   31    6 -565.61999 -570.38920  0.84%  57.4  122s
   842   417 -568.34290   39    - -565.61999 -570.38920  0.84%  57.4  125s
   915   430 -570.37509   16   12 -565.61999 -570.38920  0.84%  58.1  131s
   975   451 -567.58950   34    3 -565.61999 -570.38920  0.84%  58.1  136s
  1015   456 -567.43255   29    7 -565.61999 -570.38920  0.84%  57.9  140s
  1052   472 -568.99503   21   11 -565.61999 -570.38920  0.84%  57.6  145s
  1103   481     cutoff   35      -565.61999 -570.38920  0.84%  57.2  150s
  1154   493 -567.13033   31    6 -565.61999 -570.38920  0.84%  56.3  155s
  1218   509 -567.02695   27    9 -565.61999 -570.32045  0.83%  55.7  160s
  1286   526     cutoff   27      -565.61999 -570.27305  0.82%  54.6  168s
  1314   526 -568.03942   25    8 -565.61999 -570.22415  0.81%  54.3  171s
  1346   532 -569.85274   26    7 -565.61999 -570.18401  0.81%  53.9  175s
  1418   534     cutoff   31      -565.61999 -570.09555  0.79%  53.3  180s
  1455   524 -567.66039   35    2 -565.61999 -570.03543  0.78%  53.0  185s
  1494   527     cutoff   36      -565.61999 -569.92333  0.76%  52.6  190s
  1572   518 -566.07215   26    2 -565.61999 -569.83450  0.75%  52.0  195s
  1634   504 -568.50392   37    1 -565.61999 -569.78806  0.74%  51.1  204s
  1659   510     cutoff   20      -565.61999 -569.69741  0.72%  50.9  208s
  1677   500     cutoff   32      -565.61999 -569.63744  0.71%  51.0  214s
  1734   509 -568.51936   23    5 -565.61999 -569.60343  0.70%  50.5  220s
  1801   519     cutoff   35      -565.61999 -569.58680  0.70%  49.6  227s
  1835   516 -568.72425   22    6 -565.61999 -569.52627  0.69%  49.5  234s
  1890   495     cutoff   39      -565.61999 -569.48703  0.68%  49.1  238s
  1917   502     cutoff   29      -565.61999 -569.46951  0.68%  48.8  240s
  1949   495 -565.94551   36    1 -565.61999 -569.44296  0.68%  48.5  247s
  1976   509 -566.48563   34    1 -565.61999 -569.39901  0.67%  48.3  251s
  2019   502 -567.42142   31    3 -565.61999 -569.33622  0.66%  48.3  255s
  2099   528     cutoff   35      -565.61999 -569.27574  0.65%  47.4  267s
  2158   544     cutoff   35      -565.61999 -569.20502  0.63%  46.9  275s
  2202   554     cutoff   27      -565.61999 -569.14279  0.62%  46.7  282s
  2239   557     cutoff   36      -565.61999 -569.09401  0.61%  46.8  285s
  2374   554 -568.28194   30    4 -565.61999 -569.04211  0.61%  46.1  299s
  2443   571     cutoff   35      -565.61999 -568.98662  0.60%  45.8  306s
  2500   565 -567.89467   30    4 -565.61999 -568.94079  0.59%  45.6  312s
  2606   602     cutoff   38      -565.61999 -568.88551  0.58%  44.8  324s
  2646   626     cutoff   39      -565.61999 -568.86494  0.57%  44.6  328s
  2700   611     cutoff   36      -565.61999 -568.85745  0.57%  44.3  335s
  2766   594     cutoff   29      -565.61999 -568.79985  0.56%  44.2  346s
  2823   603     cutoff   26      -565.61999 -568.75527  0.55%  44.0  354s
  2882   598     cutoff   26      -565.61999 -568.70458  0.55%  43.8  360s
  2982   606     cutoff   39      -565.61999 -568.66448  0.54%  43.4  372s
  3074   623     cutoff   35      -565.61999 -568.61934  0.53%  42.9  380s
  3145   615     cutoff   32      -565.61999 -568.56052  0.52%  42.9  387s
  3200   633     cutoff   31      -565.61999 -568.51552  0.51%  42.7  391s
  3229   596     cutoff   36      -565.61999 -568.50500  0.51%  42.6  397s
  3299   563     cutoff   28      -565.61999 -568.37392  0.49%  42.4  405s
  3379   538     cutoff   22      -565.61999 -568.29291  0.47%  42.2  411s
  3465   529     cutoff   39      -565.61999 -568.21376  0.46%  41.8  424s
  3573   529 -566.40750   34    4 -565.61999 -568.16307  0.45%  41.4  436s
  3644   546     cutoff   36      -565.61999 -568.10483  0.44%  41.1  444s
  3683   518     cutoff   27      -565.61999 -568.10193  0.44%  41.1  452s
  3777   507     cutoff   35      -565.61999 -568.04662  0.43%  40.8  462s
  3884   495     cutoff   24      -565.61999 -567.99469  0.42%  40.5  474s
  3932   508     cutoff   38      -565.61999 -567.95234  0.41%  40.3  479s
  3972   477 -566.22486   32    2 -565.61999 -567.94953  0.41%  40.3  485s
  4048   443     cutoff   23      -565.61999 -567.86380  0.40%  40.1  490s
  4132   430     cutoff   37      -565.61999 -567.78866  0.38%  39.9  502s
  4176   434     cutoff   34      -565.61999 -567.71765  0.37%  39.8  506s
  4219   393     cutoff   32      -565.61999 -567.70892  0.37%  39.8  514s
  4313   364     cutoff   23      -565.61999 -567.58414  0.35%  39.5  525s
  4428   351     cutoff   34      -565.61999 -567.50675  0.33%  39.1  538s
  4550   354     cutoff   35      -565.61999 -567.41312  0.32%  38.8  551s
  4610   370     cutoff   34      -565.61999 -567.27776  0.29%  38.6  555s
  4674   321     cutoff   30      -565.61999 -567.25807  0.29%  38.4  565s
  4753   304     cutoff   28      -565.61999 -567.13555  0.27%  38.2  574s
  4825   267     cutoff   29      -565.61999 -566.98832  0.24%  38.0  578s
  4890   234     cutoff   25      -565.61999 -566.83378  0.21%  37.8  583s
  4947   195     cutoff   28      -565.61999 -566.70209  0.19%  37.7  585s
  5000   159     cutoff   34      -565.61999 -566.59041  0.17%  37.5  593s
  5038   162     cutoff   27      -565.61999 -566.42662  0.14%  37.4  596s
  5088   126     cutoff   38      -565.61999 -566.42160  0.14%  37.3  604s
  5149    86     cutoff   27      -565.61999 -566.31402  0.12%  37.1  607s
  5199    45     cutoff   32      -565.61999 -566.13337  0.09%  36.8  611s
  5252     5     cutoff   30      -565.61999 -565.99095  0.07%  36.6  615s

Cutting planes:
  Lazy constraints: 54140

Explored 5306 nodes (193782 simplex iterations) in 616.04 seconds
Thread count was 4 (of 4 available processors)

Solution count 3: -565.62 -544.65 -533.96 

Optimal solution found (tolerance 1.00e-04)
Warning: max constraint violation (4.3085e-06) exceeds tolerance
Best objective -5.656199877988e+02, best bound -5.656486630917e+02, gap 0.0051%
