
Gurobi 8.1.1 (win64) logging started 07/07/20 19:12:34

Changed value of parameter LogFile to Results/sslp3_30_70_200_BendersBnC.log
   Prev: gurobi.log  Default: 
Changed value of parameter Heuristics to 0.0
   Prev: 0.05  Min: 0.0  Max: 1.0  Default: 0.05
Changed value of parameter lazyConstraints to 1
   Prev: 0  Min: 0  Max: 1  Default: 0
Changed value of parameter timeLimit to 7178.029696702957
   Prev: 1e+100  Min: 0.0  Max: 1e+100  Default: 1e+100
Optimize a model with 2622 rows, 230 columns and 45473 nonzeros
Variable types: 200 continuous, 30 integer (30 binary)
Coefficient statistics:
  Matrix range     [1e-13, 1e+06]
  Objective range  [5e-03, 8e+01]
  Bounds range     [1e+00, 1e+00]
  RHS range        [1e-13, 2e+04]
Warning: Model contains large matrix coefficient range
         Consider reformulating model or setting NumericFocus parameter
         to avoid numerical issues.
Presolve removed 246 rows and 0 columns
Presolve time: 0.06s
Presolved: 2376 rows, 230 columns, 44450 nonzeros
Variable types: 200 continuous, 30 integer (30 binary)

Root relaxation: objective -7.906134e+02, 242 iterations, 0.05 seconds

    Nodes    |    Current Node    |     Objective Bounds      |     Work
 Expl Unexpl |  Obj  Depth IntInf | Incumbent    BestBd   Gap | It/Node Time

     0     0 -790.61339    0   12          - -790.61339      -     -    0s
     0     0 -790.38946    0   12          - -790.38946      -     -    0s
     0     0 -790.22663    0   12          - -790.22663      -     -    0s
     0     0 -790.10478    0   12          - -790.10478      -     -    0s
     0     0 -789.98534    0   12          - -789.98534      -     -    0s
     0     0 -789.89674    0   12          - -789.89674      -     -    0s
     0     0 -789.79927    0   12          - -789.79927      -     -    0s
     0     0 -789.72869    0   12          - -789.72869      -     -    0s
     0     0 -789.64450    0   12          - -789.64450      -     -    0s
     0     0 -789.58181    0   12          - -789.58181      -     -    0s
     0     0 -789.50414    0   12          - -789.50414      -     -    0s
     0     0 -789.41083    0   12          - -789.41083      -     -    0s
     0     0 -789.35070    0   11          - -789.35070      -     -    0s
     0     0 -789.28384    0   11          - -789.28384      -     -    0s
     0     0 -789.18219    0   13          - -789.18219      -     -    0s
     0     0 -789.14860    0   12          - -789.14860      -     -    0s
     0     0 -789.08670    0   13          - -789.08670      -     -    0s
     0     0 -789.02905    0   13          - -789.02905      -     -    0s
     0     0 -788.95450    0   13          - -788.95450      -     -    0s
     0     0 -788.90463    0   13          - -788.90463      -     -    0s
     0     0 -788.84880    0   13          - -788.84880      -     -    0s
     0     0 -788.78826    0   13          - -788.78826      -     -    0s
     0     0 -788.73976    0   13          - -788.73976      -     -    0s
     0     0 -788.68848    0   13          - -788.68848      -     -    0s
     0     0 -788.63245    0   13          - -788.63245      -     -    0s
     0     0 -788.58630    0   14          - -788.58630      -     -    0s
     0     0 -788.54211    0   13          - -788.54211      -     -    0s
     0     0 -788.50248    0   13          - -788.50248      -     -    0s
     0     0 -788.46371    0   14          - -788.46371      -     -    0s
     0     0 -788.42799    0   14          - -788.42799      -     -    1s
     0     0 -788.37961    0   12          - -788.37961      -     -    1s
     0     0 -788.33042    0   12          - -788.33042      -     -    1s
     0     0 -788.29308    0   12          - -788.29308      -     -    1s
     0     0 -788.24312    0   14          - -788.24312      -     -    1s
     0     0 -788.18129    0   14          - -788.18129      -     -    1s
     0     0 -788.14602    0   15          - -788.14602      -     -    1s
     0     0 -788.10720    0   15          - -788.10720      -     -    1s
     0     0 -788.06854    0   14          - -788.06854      -     -    1s
     0     0 -788.03235    0   14          - -788.03235      -     -    1s
     0     0 -787.97976    0   13          - -787.97976      -     -    1s
     0     0 -787.93640    0   13          - -787.93640      -     -    1s
     0     0 -787.91127    0   14          - -787.91127      -     -    1s
     0     0 -787.85682    0   14          - -787.85682      -     -    1s
     0     0 -787.80268    0   15          - -787.80268      -     -    1s
     0     0 -787.74611    0   13          - -787.74611      -     -    1s
     0     0 -787.70226    0   14          - -787.70226      -     -    1s
     0     0 -787.64775    0   15          - -787.64775      -     -    1s
     0     0 -787.61325    0   13          - -787.61325      -     -    1s
     0     0 -787.56753    0   13          - -787.56753      -     -    1s
     0     0 -787.52036    0   13          - -787.52036      -     -    1s
     0     0 -787.47574    0   12          - -787.47574      -     -    1s
     0     0 -787.42375    0   11          - -787.42375      -     -    1s
     0     0 -787.37296    0   14          - -787.37296      -     -    1s
     0     0 -787.33542    0   13          - -787.33542      -     -    1s
     0     0 -787.30001    0   12          - -787.30001      -     -    1s
     0     0 -787.25439    0   12          - -787.25439      -     -    1s
     0     0 -787.23713    0   12          - -787.23713      -     -    1s
     0     0 -787.19380    0   11          - -787.19380      -     -    1s
     0     0 -787.17606    0   11          - -787.17606      -     -    1s
     0     0 -787.14207    0   13          - -787.14207      -     -    1s
     0     0 -787.12029    0   12          - -787.12029      -     -    1s
     0     0 -787.07744    0   13          - -787.07744      -     -    1s
     0     0 -787.06128    0   14          - -787.06128      -     -    1s
     0     0 -787.01157    0   14          - -787.01157      -     -    1s
     0     0 -786.97521    0   14          - -786.97521      -     -    1s
     0     0 -786.95631    0   13          - -786.95631      -     -    1s
     0     0 -786.93180    0   14          - -786.93180      -     -    2s
     0     0 -786.89563    0   14          - -786.89563      -     -    2s
     0     0 -786.87962    0   13          - -786.87962      -     -    2s
     0     0 -786.85254    0   12          - -786.85254      -     -    2s
     0     0 -786.83241    0   12          - -786.83241      -     -    2s
     0     0 -786.79304    0   13          - -786.79304      -     -    2s
     0     0 -786.78197    0   12          - -786.78197      -     -    2s
     0     0 -786.75300    0   12          - -786.75300      -     -    2s
     0     0 -786.72442    0   12          - -786.72442      -     -    2s
     0     0 -786.70889    0   12          - -786.70889      -     -    2s
     0     0 -786.68308    0   12          - -786.68308      -     -    2s
     0     0 -786.64534    0   12          - -786.64534      -     -    2s
     0     0 -786.61448    0   11          - -786.61448      -     -    2s
     0     0 -786.58162    0   12          - -786.58162      -     -    2s
     0     0 -786.55836    0   12          - -786.55836      -     -    2s
     0     0 -786.52581    0   12          - -786.52581      -     -    2s
     0     0 -786.50566    0   11          - -786.50566      -     -    2s
     0     0 -786.48448    0   12          - -786.48448      -     -    2s
     0     0 -786.46207    0   11          - -786.46207      -     -    2s
     0     0 -786.44422    0   12          - -786.44422      -     -    2s
     0     0 -786.40680    0   12          - -786.40680      -     -    2s
     0     0 -786.38345    0   12          - -786.38345      -     -    2s
     0     0 -786.35893    0   10          - -786.35893      -     -    2s
     0     0 -786.31929    0   10          - -786.31929      -     -    2s
     0     0 -786.28888    0   10          - -786.28888      -     -    2s
     0     0 -786.25797    0    9          - -786.25797      -     -    2s
     0     0 -786.24162    0   10          - -786.24162      -     -    2s
     0     0 -786.22154    0   12          - -786.22154      -     -    2s
     0     0 -786.20191    0    9          - -786.20191      -     -    2s
     0     0 -786.18163    0   10          - -786.18163      -     -    2s
     0     0 -786.15866    0   11          - -786.15866      -     -    2s
     0     0 -786.12656    0   11          - -786.12656      -     -    2s
     0     0 -786.10526    0   10          - -786.10526      -     -    2s
     0     0 -786.07746    0   10          - -786.07746      -     -    2s
     0     0 -786.04157    0   10          - -786.04157      -     -    2s
     0     0 -786.01400    0    9          - -786.01400      -     -    2s
     0     0 -785.99147    0    9          - -785.99147      -     -    3s
     0     0 -785.97417    0    8          - -785.97417      -     -    3s
     0     0 -785.94028    0    9          - -785.94028      -     -    3s
     0     0 -785.90310    0    9          - -785.90310      -     -    3s
     0     0 -785.88965    0    9          - -785.88965      -     -    3s
     0     0 -785.87412    0    9          - -785.87412      -     -    3s
     0     0 -785.85922    0    9          - -785.85922      -     -    3s
     0     0 -785.85710    0    9          - -785.85710      -     -    3s
     0     0 -785.82421    0    8          - -785.82421      -     -    3s
     0     0 -785.80921    0    9          - -785.80921      -     -    3s
     0     0 -785.79711    0    9          - -785.79711      -     -    3s
     0     0 -785.78615    0    8          - -785.78615      -     -    3s
     0     0 -785.76215    0    9          - -785.76215      -     -    3s
     0     0 -785.75438    0    9          - -785.75438      -     -    3s
     0     0 -785.75393    0    9          - -785.75393      -     -    3s
     0     0 -785.73550    0   10          - -785.73550      -     -    3s
     0     0 -785.72031    0    9          - -785.72031      -     -    3s
     0     0 -785.69149    0    9          - -785.69149      -     -    3s
     0     0 -785.68793    0    9          - -785.68793      -     -    3s
     0     0 -785.67560    0    9          - -785.67560      -     -    3s
     0     0 -785.66160    0    9          - -785.66160      -     -    3s
     0     0 -785.66057    0    9          - -785.66057      -     -    3s
     0     0 -785.63785    0    9          - -785.63785      -     -    3s
     0     0 -785.62959    0   10          - -785.62959      -     -    3s
     0     0 -785.62675    0    9          - -785.62675      -     -    3s
     0     0 -785.60672    0    9          - -785.60672      -     -    3s
     0     0 -785.60270    0    9          - -785.60270      -     -    3s
     0     0 -785.60016    0    9          - -785.60016      -     -    3s
     0     0 -785.59262    0   11          - -785.59262      -     -    3s
     0     0 -785.58642    0   11          - -785.58642      -     -    3s
     0     0 -785.57395    0   10          - -785.57395      -     -    3s
     0     0 -785.57121    0    9          - -785.57121      -     -    3s
     0     0 -785.56956    0    9          - -785.56956      -     -    3s
     0     0 -785.55501    0   10          - -785.55501      -     -    3s
     0     0 -785.55407    0   11          - -785.55407      -     -    3s
     0     0 -785.55362    0   10          - -785.55362      -     -    3s
     0     0 -785.54445    0   10          - -785.54445      -     -    3s
     0     0 -785.53219    0   11          - -785.53219      -     -    3s
     0     0 -785.52702    0   11          - -785.52702      -     -    3s
     0     0 -785.51388    0   11          - -785.51388      -     -    3s
     0     0 -785.49922    0   10          - -785.49922      -     -    4s
     0     0 -785.49515    0   10          - -785.49515      -     -    4s
     0     0 -785.48634    0   10          - -785.48634      -     -    4s
     0     0 -785.48408    0   10          - -785.48408      -     -    4s
     0     0 -785.48404    0   11          - -785.48404      -     -    4s
     0     0 -785.40996    0   10          - -785.40996      -     -    4s
     0     0 -785.36842    0   10          - -785.36842      -     -    4s
     0     0 -785.34014    0   10          - -785.34014      -     -    4s
     0     0 -785.31626    0    8          - -785.31626      -     -    4s
     0     0 -785.28017    0    8          - -785.28017      -     -    4s
     0     0 -785.26809    0    7          - -785.26809      -     -    4s
     0     0 -785.25911    0    9          - -785.25911      -     -    4s
     0     0 -785.24110    0    8          - -785.24110      -     -    4s
     0     0 -785.23237    0    7          - -785.23237      -     -    4s
     0     0 -785.19483    0    9          - -785.19483      -     -    4s
     0     0 -785.17901    0    9          - -785.17901      -     -    4s
     0     0 -785.16770    0    9          - -785.16770      -     -    4s
     0     0 -785.15008    0    9          - -785.15008      -     -    4s
     0     0 -785.14235    0    8          - -785.14235      -     -    4s
     0     0 -785.13662    0   10          - -785.13662      -     -    4s
     0     0 -785.13396    0    8          - -785.13396      -     -    4s
     0     0 -785.13082    0   10          - -785.13082      -     -    4s
     0     0 -785.12494    0    9          - -785.12494      -     -    4s
     0     0 -785.11830    0    8          - -785.11830      -     -    4s
     0     0 -785.11230    0   10          - -785.11230      -     -    4s
     0     0 -785.09869    0    8          - -785.09869      -     -    4s
     0     0 -785.09121    0   10          - -785.09121      -     -    4s
     0     0 -785.08452    0    9          - -785.08452      -     -    4s
     0     0 -785.06142    0   10          - -785.06142      -     -    4s
     0     0 -785.04463    0   11          - -785.04463      -     -    4s
     0     0 -785.03207    0   11          - -785.03207      -     -    4s
     0     0 -785.03004    0   10          - -785.03004      -     -    4s
     0     0 -785.02191    0   10          - -785.02191      -     -    4s
     0     0 -785.01426    0   10          - -785.01426      -     -    4s
     0     0 -785.00834    0   10          - -785.00834      -     -    4s
     0     0 -785.00575    0   10          - -785.00575      -     -    4s
     0     0 -784.99990    0   10          - -784.99990      -     -    5s
     0     0 -784.99178    0    9          - -784.99178      -     -    5s
     0     0 -784.98579    0    9          - -784.98579      -     -    5s
     0     0 -784.98395    0   10          - -784.98395      -     -    5s
     0     0 -784.98302    0   10          - -784.98302      -     -    5s
     0     0 -784.95351    0   10          - -784.95351      -     -    5s
     0     0 -784.91841    0   10          - -784.91841      -     -    5s
     0     0 -784.89451    0   10          - -784.89451      -     -    5s
     0     0 -784.87433    0    9          - -784.87433      -     -    5s
     0     0 -784.86443    0   10          - -784.86443      -     -    5s
     0     0 -784.85078    0    9          - -784.85078      -     -    5s
     0     0 -784.82779    0    9          - -784.82779      -     -    5s
     0     0 -784.81561    0   10          - -784.81561      -     -    5s
     0     0 -784.80636    0    7          - -784.80636      -     -    5s
     0     0 -784.77666    0    9          - -784.77666      -     -    5s
     0     0 -784.77014    0    9          - -784.77014      -     -    5s
     0     0 -784.74986    0    9          - -784.74986      -     -    5s
     0     0 -784.74064    0   10          - -784.74064      -     -    5s
     0     0 -784.72979    0    9          - -784.72979      -     -    5s
     0     0 -784.72471    0   10          - -784.72471      -     -    5s
     0     0 -784.71599    0    9          - -784.71599      -     -    5s
     0     0 -784.70976    0   10          - -784.70976      -     -    5s
     0     0 -784.70259    0   10          - -784.70259      -     -    5s
     0     0 -784.68812    0    8          - -784.68812      -     -    5s
     0     0 -784.68388    0    8          - -784.68388      -     -    5s
     0     0 -784.67922    0    9          - -784.67922      -     -    5s
     0     0 -784.67383    0   10          - -784.67383      -     -    5s
     0     0 -784.67012    0    8          - -784.67012      -     -    5s
     0     0 -784.65889    0   10          - -784.65889      -     -    5s
     0     0 -784.65018    0   10          - -784.65018      -     -    5s
     0     0 -784.63527    0   10          - -784.63527      -     -    5s
     0     0 -784.63204    0   11          - -784.63204      -     -    5s
     0     0 -784.63143    0   10          - -784.63143      -     -    5s
     0     0 -784.61419    0    8          - -784.61419      -     -    5s
     0     0 -784.60922    0    9          - -784.60922      -     -    5s
     0     0 -784.60186    0    8          - -784.60186      -     -    6s
     0     0 -784.59643    0    9          - -784.59643      -     -    6s
     0     0 -784.59390    0    9          - -784.59390      -     -    6s
     0     0 -784.58980    0    9          - -784.58980      -     -    6s
     0     0 -784.58615    0    9          - -784.58615      -     -    6s
     0     0 -784.58509    0    9          - -784.58509      -     -    6s
     0     0 -784.57307    0    9          - -784.57307      -     -    6s
     0     0 -784.57201    0    8          - -784.57201      -     -    6s
     0     0 -784.57087    0    8          - -784.57087      -     -    6s
     0     0 -784.56061    0    9          - -784.56061      -     -    6s
     0     0 -784.55288    0    8          - -784.55288      -     -    6s
     0     0 -784.54201    0    9          - -784.54201      -     -    6s
     0     0 -784.54040    0    8          - -784.54040      -     -    6s
     0     0 -784.53840    0    9          - -784.53840      -     -    6s
     0     0 -784.53462    0    9          - -784.53462      -     -    6s
     0     0 -784.52508    0    9          - -784.52508      -     -    6s
     0     0 -784.52202    0   10          - -784.52202      -     -    6s
     0     0 -784.51505    0    9          - -784.51505      -     -    6s
     0     0 -784.51175    0   10          - -784.51175      -     -    6s
     0     0 -784.51127    0   10          - -784.51127      -     -    6s
     0     0 -784.50967    0   10          - -784.50967      -     -    6s
     0     0 -784.49359    0    9          - -784.49359      -     -    6s
     0     0 -784.49242    0   10          - -784.49242      -     -    6s
     0     0 -784.48728    0    9          - -784.48728      -     -    6s
     0     0 -784.47609    0    9          - -784.47609      -     -    6s
     0     0 -784.46729    0    8          - -784.46729      -     -    6s
     0     0 -784.46158    0    8          - -784.46158      -     -    6s
     0     0 -784.45779    0    7          - -784.45779      -     -    6s
     0     0 -784.45625    0    8          - -784.45625      -     -    6s
     0     0 -784.45395    0    9          - -784.45395      -     -    7s
     0     0 -784.45291    0    9          - -784.45291      -     -    7s
     0     0 -784.43820    0    8          - -784.43820      -     -    7s
     0     0 -784.43630    0    8          - -784.43630      -     -    7s
     0     0 -784.43513    0    9          - -784.43513      -     -    7s
     0     0 -784.43012    0    8          - -784.43012      -     -    7s
     0     0 -784.42888    0    9          - -784.42888      -     -    7s
     0     0 -784.42298    0    8          - -784.42298      -     -    7s
     0     2 -784.42298    0    8          - -784.42298      -     -    7s
     5     4 -784.18980    3    7          - -784.23521      -  33.4   12s
    11     7 -783.81699    6    6          - -784.23521      -  31.5   16s
    16    12 -783.22416    9    7          - -784.23521      -  36.8   21s
    21    13 -782.06357   11   10          - -784.23521      -  40.5   26s
    27    14 -780.76681   13   11          - -784.23521      -  42.4   37s
    30    16 -780.02460   14   13          - -784.23521      -  43.9   42s
    34    18 -777.28521   16   13          - -784.23521      -  49.4   47s
    36    21 -776.46258   17   12          - -784.23521      -  52.7   50s
    52    35 -761.78229   23    7          - -784.23521      -  59.7   55s
    69    41 -716.68831   27    -          - -784.23521      -  60.0   65s
    76    48 -680.89089   18    -          - -784.23521      -  57.1   75s
*   80    40              30    -450.3199878 -784.11392  74.1%  58.2   80s
*   83    42              30    -514.6899865 -784.11392  52.3%  61.1   88s
    91    44     cutoff   30      -514.68999 -783.90241  52.3%  60.5  103s
*   92    44              30    -524.0999852 -783.90241  49.6%  62.0  106s
    95    49 -739.55082    4    - -524.09999 -783.80099  49.6%  63.6  111s
   100    53 -742.19857    6    2 -524.09999 -783.80099  49.6%  63.5  116s
   103    54 -741.22133    7    - -524.09999 -783.80099  49.6%  63.0  121s
   108    59 -739.53325    9    - -524.09999 -783.80099  49.6%  62.2  127s
   116    65 -738.77730    9    3 -524.09999 -783.80099  49.6%  62.5  132s
   119    56 -737.71114   10    - -524.09999 -783.80099  49.6%  62.8  135s
   126    70 -690.13848   12    2 -524.09999 -783.80099  49.6%  62.8  143s
   135    68 -732.10342   14    - -524.09999 -783.80099  49.6%  62.5  150s
   142    77 -679.94148   14    2 -524.09999 -783.80099  49.6%  62.0  158s
   147    83 -726.31001   16    - -524.09999 -783.80099  49.6%  61.8  166s
   159    87 -672.35864   16    - -524.09999 -783.80099  49.6%  63.0  177s
   166    93 -724.75892   18    4 -524.09999 -783.80099  49.6%  63.9  180s
   192   112 -715.08744   29    - -524.09999 -783.80099  49.6%  64.7  192s
   197   118 -718.73464   27    3 -524.09999 -783.80099  49.6%  65.1  202s
   198   113 -641.17113   29    - -524.09999 -783.80099  49.6%  65.2  205s
   202   117     cutoff   29      -524.09999 -783.80099  49.6%  65.7  214s
   203   117 -650.67877   28    - -524.09999 -783.80099  49.6%  65.9  216s
   208   116     cutoff   29      -524.09999 -783.80099  49.6%  67.0  220s
   210   117 -575.15432   28    - -524.09999 -783.80099  49.6%  68.0  225s
   215   119 -579.09969   28    - -524.09999 -783.80099  49.6%  69.8  231s
   222   114 -641.98427   28    - -524.09999 -783.40016  49.5%  71.2  242s
   228   116 -578.29321   28    - -524.09999 -783.19754  49.4%  71.5  251s
   233   119 -565.99298   28    - -524.09999 -782.94378  49.4%  72.9  259s
   242   121 -777.67632    9    - -524.09999 -782.05670  49.2%  73.7  270s
   253   120 -697.42550   12    2 -524.09999 -782.05670  49.2%  74.1  281s
   259   124 -572.57803   27    - -524.09999 -782.05670  49.2%  73.2  291s
   271   126 -690.41192   15    1 -524.09999 -782.05670  49.2%  72.9  300s
   277   132 -736.61102   15    6 -524.09999 -782.05670  49.2%  72.1  311s
   286   140 -683.21986   17    1 -524.09999 -782.05670  49.2%  71.9  317s
   288   140 -732.29576   15    - -524.09999 -782.05670  49.2%  72.2  320s
   297   141 -625.77845   18    4 -524.09999 -782.05670  49.2%  72.2  332s
   301   147 -720.20324   20    5 -524.09999 -782.05670  49.2%  72.5  335s
   311   152 -718.71785   23    5 -524.09999 -782.05670  49.2%  72.7  342s
   318   156 -717.76984   25    4 -524.09999 -782.05670  49.2%  73.3  348s
   321   159 -674.98653   23    - -524.09999 -782.05670  49.2%  73.2  353s
   323   157 -676.44497   26    - -524.09999 -782.05670  49.2%  73.3  356s
   327   162 -677.30666   24    6 -524.09999 -782.05670  49.2%  72.9  364s
   331   167 -691.91828   27    3 -524.09999 -782.05670  49.2%  73.8  368s
   333   161 -671.23132   27    - -524.09999 -782.05670  49.2%  74.2  371s
   339   167 -642.06153   27    - -524.09999 -782.05670  49.2%  73.9  384s
   344   165 -638.72194   27    - -524.09999 -782.05670  49.2%  74.0  392s
   347   168 -676.87174   24    - -524.09999 -782.05670  49.2%  74.2  397s
   352   171 -672.39389   27    - -524.09999 -782.05670  49.2%  74.5  403s
   355   171 -575.61951   28    - -524.09999 -782.05670  49.2%  75.2  409s
   362   177 -534.12824   28    2 -524.09999 -782.05670  49.2%  75.7  417s
   367   164 -597.45626   29    - -524.09999 -780.75933  49.0%  76.5  424s
   374   173 -600.90421   29    - -524.09999 -780.43313  48.9%  76.5  429s
   380   171     cutoff   29      -524.09999 -780.02360  48.8%  76.7  433s
   387   173     cutoff   29      -524.09999 -779.54957  48.7%  76.7  436s
   391   170 -740.47300    7    - -524.09999 -777.55505  48.4%  77.2  448s
   401   172 -735.89023   17    2 -524.09999 -777.28180  48.3%  76.8  465s
   408   180 -527.01419   28    - -524.09999 -777.28180  48.3%  76.9  475s
   414   186     cutoff   28      -524.09999 -777.28180  48.3%  76.9  482s
   416   185 -713.23724   24    - -524.09999 -777.28180  48.3%  77.5  485s
   422   188 -666.00279   25    4 -524.09999 -777.28180  48.3%  77.5  491s
   428   186 -663.73101   27    2 -524.09999 -771.99142  47.3%  77.2  496s
   445   193 -655.24042   28    2 -524.09999 -771.99142  47.3%  76.5  523s
   447   197 -530.41311   29    1 -524.09999 -771.99142  47.3%  76.7  525s
   453   203 -589.56499   29    - -524.09999 -771.99142  47.3%  76.8  534s
   459   200     cutoff   30      -524.09999 -771.47882  47.2%  76.8  536s
   480   209 -733.87463   13    4 -524.09999 -769.30297  46.8%  76.3  551s
   497   219 -726.60483   19    2 -524.09999 -762.04294  45.4%  75.3  572s
   506   223 -737.97526   23    - -524.09999 -762.04294  45.4%  75.2  586s
   512   229 -664.98663   27    - -524.09999 -762.04294  45.4%  75.0  594s
   516   230 -733.59340   26    3 -524.09999 -762.04294  45.4%  74.9  603s
   521   234 -661.68661   27    - -524.09999 -762.04294  45.4%  74.8  612s
   526   236 -690.86812   27    2 -524.09999 -762.04294  45.4%  75.0  621s
   533   241 -615.84590   27    3 -524.09999 -762.04294  45.4%  75.2  629s
   534   237 -649.50119   27    1 -524.09999 -762.04294  45.4%  75.2  630s
   544   240 -676.40598   29    - -524.09999 -757.80582  44.6%  75.8  639s
*  555   239              30    -531.9349849 -742.81460  39.6%  76.4  651s
   563   245 -731.98615   26    - -531.93498 -742.81460  39.6%  76.6  664s
   565   245     cutoff   30      -531.93498 -742.75906  39.6%  76.9  666s
   576   246 -739.33680   10    - -531.93498 -742.75906  39.6%  76.8  673s
   588   249 -739.63766   13    2 -531.93498 -742.75906  39.6%  76.7  680s
*  592   249              30    -534.9549851 -742.75906  38.8%  77.0  685s
   605   248 -728.97512   16    7 -534.95499 -742.75906  38.8%  77.3  697s
   613   258 -727.40653   18    5 -534.95499 -742.75906  38.8%  77.4  704s
   620   264 -673.50724   19    1 -534.95499 -742.75906  38.8%  77.4  714s
   627   268 -666.23884   22    6 -534.95499 -742.75906  38.8%  77.6  718s
   631   268 -665.02774   25    3 -534.95499 -742.08802  38.7%  77.8  720s
   639   277 -684.39945   20    1 -534.95499 -742.08802  38.7%  77.5  733s
   642   276 -701.30435    8    1 -534.95499 -742.08802  38.7%  77.4  738s
   654   286 -625.14391   21    6 -534.95499 -742.08802  38.7%  77.0  754s
   656   284 -661.62428    9    1 -534.95499 -742.08802  38.7%  77.0  757s
   667   292 -639.58941   15    1 -534.95499 -742.08802  38.7%  77.1  765s
   674   300 -723.60347   24    6 -534.95499 -742.08802  38.7%  76.9  773s
   677   297 -630.30780   16    6 -534.95499 -742.08802  38.7%  77.1  775s
   690   305 -682.64836   20    5 -534.95499 -742.08802  38.7%  77.2  789s
   706   308 -681.59464   21    - -534.95499 -742.08802  38.7%  77.0  811s
   724   315 -619.54214   21    2 -534.95499 -742.08802  38.7%  76.8  831s
   734   327 -679.55377   27    2 -534.95499 -740.33530  38.4%  76.6  844s
   749   338 -603.26218   14    1 -534.95499 -740.33530  38.4%  76.2  866s
   752   331 -609.09061   29    - -534.95499 -739.98353  38.3%  76.4  871s
   767   345 -621.84024   19    - -534.95499 -739.98353  38.3%  76.0  892s
   770   342 -647.01130   11    1 -534.95499 -739.98353  38.3%  76.1  895s
   781   356 -564.03799   19    4 -534.95499 -739.98353  38.3%  76.0  905s
   784   347 -634.15570   16    - -534.95499 -739.98353  38.3%  76.0  911s
   798   357 -634.48680   19    - -534.95499 -739.98353  38.3%  75.7  932s
   805   362     cutoff   21      -534.95499 -739.98353  38.3%  75.8  937s
   813   358     cutoff   19      -534.95499 -739.98353  38.3%  75.9  950s
   829   364     cutoff   21      -534.95499 -739.74320  38.3%  75.9  975s
   836   370 -614.19759   26    - -534.95499 -739.74320  38.3%  75.7  988s
   840   373 -695.97122    6    3 -534.95499 -739.74320  38.3%  75.9  996s
   856   380 -656.33066    7    1 -534.95499 -739.74320  38.3%  75.6 1015s
   864   390 -579.65296   27    3 -534.95499 -739.74320  38.3%  75.7 1020s
   870   392 -546.96904   28    2 -534.95499 -739.74320  38.3%  75.8 1025s
   874   390 -643.36804   14    1 -534.95499 -739.74320  38.3%  75.9 1034s
   890   393 -585.85293   15    1 -534.95499 -739.33680  38.2%  75.2 1059s
   903   404     cutoff   28      -534.95499 -738.41334  38.0%  74.8 1072s
   913   398 -638.82647   24    - -534.95499 -737.97526  38.0%  74.7 1083s
   937   421 -690.84452    7    3 -534.95499 -737.76381  37.9%  74.1 1120s
   948   422 -656.16324   27    3 -534.95499 -737.76381  37.9%  74.6 1134s
   952   426 -731.38629    5    - -534.95499 -737.76381  37.9%  74.7 1142s
*  958   429              30    -541.4649848 -737.76381  36.3%  74.6 1152s
   964   423 -599.57312   27    - -541.46498 -737.43065  36.2%  74.5 1160s
   976   432     cutoff   30      -541.46498 -737.36624  36.2%  74.3 1178s
   987   422 -598.79541   27    2 -541.46498 -737.36624  36.2%  74.3 1190s
   994   432     cutoff   30      -541.46498 -737.36624  36.2%  74.4 1198s
   998   434 -558.80230   28    - -541.46498 -737.11158  36.1%  74.5 1209s
  1002   437 -681.93219   28    2 -541.46498 -736.74719  36.1%  74.8 1214s
  1015   435     cutoff   28      -541.46498 -736.12258  36.0%  75.2 1222s
* 1035   443              30    -548.1149850 -735.85573  34.3%  75.0 1247s
  1043   435 -671.18814   25    - -548.11498 -735.85573  34.3%  75.1 1260s
  1064   445 -668.92865   27    - -548.11498 -735.81844  34.2%  74.9 1281s
  1073   453 -677.53051   23    6 -548.11498 -735.81844  34.2%  74.9 1291s
  1076   446     cutoff   30      -548.11498 -735.41091  34.2%  74.9 1296s
  1088   457 -675.13372   26    3 -548.11498 -735.41091  34.2%  74.7 1319s
  1105   448 -653.55077   13    2 -548.11498 -735.19672  34.1%  74.2 1348s
  1129   465     cutoff   28      -548.11498 -734.32068  34.0%  74.0 1385s
  1134   475 -689.78094   12    - -548.11498 -734.32068  34.0%  74.2 1393s
  1146   483 -716.18795   20   10 -548.11498 -734.32068  34.0%  74.4 1413s
  1156   489 -713.62400   22    8 -548.11498 -734.32068  34.0%  74.8 1419s
  1161   497 -707.54450   24    6 -548.11498 -734.32068  34.0%  75.1 1421s
  1166   496 -688.65741   27    1 -548.11498 -734.23602  34.0%  75.3 1425s
  1178   499     cutoff   30      -548.11498 -733.87663  33.9%  75.6 1442s
  1193   509 -667.14073   25    5 -548.11498 -733.87663  33.9%  75.7 1458s
  1196   506     cutoff   30      -548.11498 -733.71516  33.9%  75.8 1464s
  1213   516 -663.27302   25    - -548.11498 -733.71516  33.9%  75.7 1481s
  1220   508     cutoff   30      -548.11498 -733.54359  33.8%  75.9 1492s
  1232   520     cutoff   30      -548.11498 -733.12244  33.8%  75.8 1505s
  1251   508 -676.76324   21    5 -548.11498 -733.12244  33.8%  75.7 1528s
  1275   518 -675.13228   24    5 -548.11498 -733.12244  33.8%  75.5 1563s
  1300   528 -672.27571   29    - -548.11498 -732.04918  33.6%  75.2 1599s
  1313   538 -640.92886   22    1 -548.11498 -732.04918  33.6%  75.1 1615s
  1322   540 -602.78435   29    - -548.11498 -731.54984  33.5%  75.2 1636s
  1346   537     cutoff   29      -548.11498 -731.54984  33.5%  75.1 1670s
  1369   541     cutoff   28      -548.11498 -730.37900  33.3%  75.1 1724s
  1381   555 -727.86102   19    2 -548.11498 -730.23432  33.2%  74.9 1739s
  1395   561 -565.40341   27    3 -548.11498 -730.13133  33.2%  75.0 1767s
  1402   573 -722.56717   16    5 -548.11498 -730.13133  33.2%  75.0 1772s
  1412   582 -671.82236   24    6 -548.11498 -730.13133  33.2%  74.8 1782s
  1417   581 -707.67604   22    6 -548.11498 -730.13133  33.2%  74.8 1792s
  1427   591 -668.17623   28    - -548.11498 -730.13133  33.2%  74.6 1805s
  1440   586 -672.53336   28    - -548.11498 -729.75556  33.1%  74.6 1825s
  1471   595 -632.65227   28    - -548.11498 -729.36016  33.1%  74.3 1861s
  1485   605 -554.29140   28    2 -548.11498 -729.28258  33.1%  74.5 1883s
  1503   611 -671.65661   23    5 -548.11498 -729.21577  33.0%  74.5 1906s
  1510   620 -636.15759   26    1 -548.11498 -729.21577  33.0%  74.4 1911s
  1521   619 -659.59847   28    2 -548.11498 -728.98962  33.0%  74.4 1935s
  1527   623     cutoff   29      -548.11498 -728.91301  33.0%  74.5 1943s
  1535   619 -592.11172   29    - -548.11498 -728.88989  33.0%  74.8 1961s
  1547   629 -569.05063   28    - -548.11498 -728.73125  33.0%  74.7 1982s
  1551   624     cutoff   29      -548.11498 -728.73125  33.0%  74.7 1991s
  1559   628     cutoff   28      -548.11498 -728.49270  32.9%  75.0 2002s
  1564   630 -667.30033   21    2 -548.11498 -728.46156  32.9%  75.1 2007s
  1578   628 -607.69798   20    4 -548.11498 -728.42606  32.9%  75.2 2042s
  1608   649 -724.59379   10   12 -548.11498 -728.42606  32.9%  75.0 2085s
  1622   655 -723.32357   13   11 -548.11498 -728.42606  32.9%  75.3 2106s
  1631   662 -722.47001   15    - -548.11498 -728.42606  32.9%  75.4 2124s
  1644   668 -682.54230   15    - -548.11498 -728.42606  32.9%  75.4 2144s
  1660   681 -675.17955   15    - -548.11498 -728.42606  32.9%  75.2 2165s
  1676   684 -668.18387   15    3 -548.11498 -728.42606  32.9%  75.3 2189s
  1682   691 -699.71703   23    4 -548.11498 -728.42606  32.9%  75.5 2197s
  1689   690 -681.49049   28    2 -548.11498 -727.55710  32.7%  75.5 2213s
  1703   695 -683.20712   22    - -548.11498 -727.40056  32.7%  75.5 2226s
  1711   689 -641.24951   29    1 -548.11498 -727.34540  32.7%  75.5 2249s
  1727   696     cutoff   30      -548.11498 -726.89076  32.6%  75.6 2276s
  1751   696 -684.70498   26    - -548.11498 -726.67574  32.6%  75.4 2311s
  1758   702 -615.05704   28    - -548.11498 -726.67574  32.6%  75.4 2322s
  1767   705 -677.97431   27    - -548.11498 -726.31667  32.5%  75.4 2353s
  1776   714 -575.05704   28    - -548.11498 -725.90461  32.4%  75.5 2371s
  1780   706 -559.85904   28    2 -548.11498 -725.88160  32.4%  75.8 2380s
  1801   715     cutoff   28      -548.11498 -725.20375  32.3%  75.8 2417s
  1820   726     cutoff   29      -548.11498 -725.09812  32.3%  75.8 2447s
  1830   730 -658.35286   28    - -548.11498 -725.07525  32.3%  75.9 2452s
  1840   713     cutoff   29      -548.11498 -725.06785  32.3%  75.9 2477s
  1850   726 -650.88515   28    1 -548.11498 -724.59956  32.2%  75.9 2496s
  1861   716 -682.59267   20    - -548.11498 -724.59956  32.2%  75.9 2529s
  1887   726     cutoff   30      -548.11498 -724.09197  32.1%  75.9 2580s
  1910   722     cutoff   30      -548.11498 -723.62021  32.0%  76.0 2619s
  1923   738 -683.76811   27    2 -548.11498 -723.50182  32.0%  76.0 2641s
  1939   718     cutoff   30      -548.11498 -723.50182  32.0%  76.1 2675s
  1954   737 -682.93656   12    - -548.11498 -723.50182  32.0%  75.9 2703s
  1964   721 -649.63099   24    - -548.11498 -722.74922  31.9%  75.9 2741s
  1990   729 -657.00009   27    - -548.11498 -721.00808  31.5%  76.0 2799s
* 1996   746              30    -551.6649836 -721.00808  30.7%  76.1 2813s
  2019   742 -633.77769   27    3 -551.66498 -719.38808  30.4%  76.0 2853s
  2030   755     cutoff   30      -551.66498 -718.87316  30.3%  76.0 2873s
* 2032   750              30    -563.8299844 -718.87316  27.5%  76.0 2875s
  2046   744     cutoff   29      -563.82998 -718.78518  27.5%  76.0 2902s
  2061   760     cutoff   30      -563.82998 -718.53293  27.4%  75.9 2927s
  2064   757 -576.49978   28    - -563.82998 -718.42329  27.4%  76.0 2942s
  2071   769 -714.38471   22    8 -563.82998 -718.42329  27.4%  76.1 2951s
  2074   764 -574.87516   29    - -563.82998 -718.01537  27.3%  76.2 2967s
  2089   778 -701.16788   25    5 -563.82998 -717.95290  27.3%  76.0 2981s
  2093   764     cutoff   29      -563.82998 -717.57490  27.3%  76.0 2994s
  2098   771 -668.23667   29    - -563.82998 -717.19633  27.2%  76.1 3004s
  2111   771     cutoff   27      -563.82998 -717.09215  27.2%  76.3 3030s
  2122   778     cutoff   30      -563.82998 -716.84201  27.1%  76.4 3043s
  2129   775     cutoff   30      -563.82998 -716.77671  27.1%  76.5 3058s
  2167   770     cutoff   30      -563.82998 -716.54912  27.1%  76.3 3103s
  2193   772     cutoff   30      -563.82998 -716.07687  27.0%  76.4 3154s
  2230   775 -612.10754   29    - -563.82998 -715.64649  26.9%  76.5 3211s
  2245   789     cutoff   30      -563.82998 -714.41487  26.7%  76.7 3253s
  2253   795 -685.96824   26    - -563.82998 -714.13781  26.7%  76.7 3263s
  2269   788 -668.88897   25    - -563.82998 -713.67829  26.6%  76.6 3302s
  2292   796 -628.63274   27    3 -563.82998 -712.40904  26.4%  76.7 3361s
  2300   805 -670.57872   26    - -563.82998 -712.40904  26.4%  76.7 3371s
  2309   800     cutoff   30      -563.82998 -711.73462  26.2%  76.7 3396s
  2323   811 -587.83015   28    2 -563.82998 -710.84507  26.1%  76.7 3421s
  2337   808 -669.20102   22    - -563.82998 -710.59259  26.0%  76.7 3455s
  2358   806 -667.02608   27    - -563.82998 -709.97092  25.9%  76.6 3490s
  2375   826 -689.81634   29    - -563.82998 -709.81056  25.9%  76.4 3515s
  2386   807 -675.64497   25    - -563.82998 -709.32768  25.8%  76.5 3553s
  2396   824     cutoff   29      -563.82998 -706.59025  25.3%  76.6 3573s
  2409   815 -665.45953   28    - -563.82998 -705.95336  25.2%  76.5 3618s
  2439   825 -625.46301   28    - -563.82998 -704.49408  24.9%  76.4 3684s
  2448   843     cutoff   29      -563.82998 -702.89572  24.7%  76.5 3702s
  2468   842     cutoff   28      -563.82998 -702.16223  24.5%  76.5 3748s
  2508   855     cutoff   30      -563.82998 -702.00306  24.5%  76.4 3811s
  2533   875 -644.27427   19    - -563.82998 -701.61085  24.4%  76.5 3853s
  2565   877 -587.53263   19    4 -563.82998 -701.55246  24.4%  76.7 3904s
  2614   887     cutoff   30      -563.82998 -701.55246  24.4%  76.6 3989s
  2650   918 -565.63998   30    - -563.82998 -700.76565  24.3%  76.9 4051s
  2712   926 -605.54708   10    1 -563.82998 -700.47208  24.2%  76.5 4151s
  2736   955 -567.38154   26    3 -563.82998 -700.45204  24.2%  76.5 4172s
  2757   964 -576.47968   23    - -563.82998 -700.15639  24.2%  76.3 4227s
  2791   975 -575.42489   23    6 -563.82998 -700.10301  24.2%  76.3 4274s
  2817   997     cutoff   26      -563.82998 -700.01487  24.2%  76.2 4340s
  2837  1008 -603.29232   15    1 -563.82998 -700.01487  24.2%  76.2 4356s
  2847  1012     cutoff   27      -563.82998 -699.99725  24.2%  76.4 4381s
  2865  1026 -687.41681   14   10 -563.82998 -699.99725  24.2%  76.5 4421s
  2884  1038 -683.66772   20    8 -563.82998 -699.99725  24.2%  76.6 4454s
  2909  1052 -676.94547   27    3 -563.82998 -699.65677  24.1%  76.6 4502s
  2928  1061     cutoff   29      -563.82998 -699.55811  24.1%  76.7 4513s
  2958  1058     cutoff   30      -563.82998 -699.51260  24.1%  76.5 4573s
  3014  1085     cutoff   30      -563.82998 -698.80029  23.9%  76.3 4675s
  3048  1112 -686.75664   18   10 -563.82998 -698.67913  23.9%  76.2 4733s
  3068  1130 -684.48927   22    8 -563.82998 -698.67913  23.9%  76.2 4768s
  3104  1151 -651.42618   29    - -563.82998 -698.33964  23.9%  76.1 4829s
  3161  1159     cutoff   30      -563.82998 -698.29265  23.8%  76.0 4908s
  3202  1186     cutoff   30      -563.82998 -697.87793  23.8%  76.2 4973s
  3226  1207     cutoff   30      -563.82998 -697.85842  23.8%  76.2 4988s
  3254  1209 -628.85238   30    - -563.82998 -697.77375  23.8%  76.2 5066s
  3289  1234     cutoff   30      -563.82998 -697.43423  23.7%  76.0 5102s
  3300  1226 -652.63611   28    - -563.82998 -697.40084  23.7%  76.2 5156s
  3337  1265     cutoff   30      -563.82998 -697.32806  23.7%  76.0 5189s
  3375  1257     cutoff   30      -563.82998 -697.29501  23.7%  75.9 5274s
  3418  1285     cutoff   30      -563.82998 -697.10247  23.6%  75.9 5361s
  3465  1312 -637.34686   27    - -563.82998 -697.02345  23.6%  75.8 5439s
  3493  1337 -634.19624   27    3 -563.82998 -696.79152  23.6%  75.9 5500s
  3527  1369 -688.85587   15    8 -563.82998 -696.63248  23.6%  76.0 5710s
  3529  1370 -683.54340   24   28 -563.82998 -696.63248  23.6%  76.0 5963s
  3530  1371 -644.58003   19   28 -563.82998 -696.63248  23.6%  75.9 5973s
  3532  1375 -696.63248   11   28 -563.82998 -696.63248  23.6%  76.3 6463s
  3534  1377 -696.63248   12   27 -563.82998 -696.63248  23.6%  76.4 6528s
  3536  1376 -696.63248   12   17 -563.82998 -696.63248  23.6%  76.6 6667s
  3538  1378 -696.63248   13   27 -563.82998 -696.63248  23.6%  76.6 6844s
  3540  1380 -696.63248   13   18 -563.82998 -696.63248  23.6%  76.8 6994s
  3542  1380 -696.63248   14   26 -563.82998 -696.63248  23.6%  76.9 7179s

Cutting planes:
  Lazy constraints: 800

Explored 3545 nodes (275582 simplex iterations) in 7182.90 seconds
Thread count was 4 (of 4 available processors)

Solution count 9: -563.83 -551.665 -548.115 ... -450.32

Time limit reached
Best objective -5.638299844023e+02, best bound -6.966324799701e+02, gap 23.5536%
