
Gurobi 9.0.3 (win64) logging started Mon Jan  3 12:07:03 2022

Changed value of parameter LogFile to Results/sslp3_30_70_50_var_BnC.log
   Prev:   Default: 
Changed value of parameter Heuristics to 0.0
   Prev: 0.05  Min: 0.0  Max: 1.0  Default: 0.05
Changed value of parameter lazyConstraints to 1
   Prev: 0  Min: 0  Max: 1  Default: 0
Changed value of parameter timeLimit to 4886.8510222435
   Prev: inf  Min: 0.0  Max: inf  Default: inf
Gurobi Optimizer version 9.0.3 build v9.0.3rc0 (win64)
Optimize a model with 2430 rows, 110 columns and 118486 nonzeros
Model fingerprint: 0xf831dbbf
Variable types: 80 continuous, 30 integer (30 binary)
Coefficient statistics:
  Matrix range     [1e-13, 7e+05]
  Objective range  [2e-02, 4e+01]
  Bounds range     [1e+00, 1e+00]
  RHS range        [4e-15, 2e+04]
Warning: Model contains large matrix coefficient range
         Consider reformulating model or setting NumericFocus parameter
         to avoid numerical issues.
Presolve added 0 rows and 43 columns
Presolve removed 183 rows and 0 columns
Presolve time: 0.16s
Presolved: 2247 rows, 153 columns, 98193 nonzeros
Variable types: 121 continuous, 32 integer (30 binary)

Root relaxation: objective -6.853998e+02, 438 iterations, 0.12 seconds

    Nodes    |    Current Node    |     Objective Bounds      |     Work
 Expl Unexpl |  Obj  Depth IntInf | Incumbent    BestBd   Gap | It/Node Time

     0     0 -685.39985    0   23          - -685.39985      -     -    0s
     0     0 -685.39985    0   23          - -685.39985      -     -    0s
     0     0 -685.39985    0   23          - -685.39985      -     -    0s
     0     0 -685.36850    0   23          - -685.36850      -     -    0s
     0     0 -685.36850    0   23          - -685.36850      -     -    0s
     0     0 -685.36850    0   23          - -685.36850      -     -    1s
     0     2 -685.36850    0   23          - -685.36850      -     -    1s
*   63    58              30    -669.6199823 -684.91373  2.28%  25.6    3s
   112    93 -682.86919    9   15 -669.61998 -684.18999  2.18%  25.1    6s
*  118    93              30    -679.9999824 -684.18999  0.62%  24.5    6s
   391   196     cutoff   22      -679.99998 -683.39003  0.50%  21.5   10s
   679   243 -680.72349   19    8 -679.99998 -682.68047  0.39%  21.7   15s
  1130   365 -680.08941   24    3 -679.99998 -682.18288  0.32%  20.6   20s
  1529   428     cutoff   14      -679.99998 -681.61765  0.24%  19.7   25s
  2222    18     cutoff   16      -679.99998 -680.48002  0.07%  19.1   30s

Cutting planes:
  Gomory: 1
  MIR: 2
  Flow cover: 1
  Lazy constraints: 2468

Explored 2369 nodes (44367 simplex iterations) in 31.19 seconds
Thread count was 4 (of 4 available processors)

Solution count 2: -680 -669.62 
No other solutions better than -680

Optimal solution found (tolerance 1.00e-04)
Best objective -6.799999824003e+02, best bound -6.799999824003e+02, gap 0.0000%

User-callback calls 5498, time in user-callback 21.23 sec
